#    1 | steps:    31 | steps_t:     0 | t: 0.756043 | r:  -497.000000 | e:   1.000000 | Q:        nan | won: False 
#    2 | steps:    86 | steps_t:     0 | t: 0.898052 | r:  -521.000000 | e:   1.000000 | Q:        nan | won: False 
#    3 | steps:   101 | steps_t:     0 | t: 0.927053 | r:  -481.000000 | e:   1.000000 | Q:        nan | won: False 
#    4 | steps:   118 | steps_t:     0 | t: 1.014058 | r:  -505.000000 | e:   1.000000 | Q:        nan | won: False 
#    5 | steps:   144 | steps_t:     0 | t: 1.079062 | r:  -492.000000 | e:   1.000000 | Q:        nan | won: False 
#    6 | steps:   192 | steps_t:     0 | t: 1.193069 | r:  -514.000000 | e:   1.000000 | Q:        nan | won: False 
#    7 | steps:   245 | steps_t:     0 | t: 1.297075 | r:  -486.000000 | e:   1.000000 | Q:        nan | won: False 
#    8 | steps:   272 | steps_t:     0 | t: 1.352077 | r:  -526.000000 | e:   1.000000 | Q:        nan | won: False 
#    9 | steps:   285 | steps_t:     0 | t: 1.368078 | r:  -501.000000 | e:   1.000000 | Q:        nan | won: False 
#   10 | steps:   298 | steps_t:     0 | t: 1.409081 | r:  -468.000000 | e:   1.000000 | Q:        nan | won: False 
#   11 | steps:   337 | steps_t:     0 | t: 1.489085 | r:  -516.000000 | e:   1.000000 | Q:        nan | won: False 
#   12 | steps:   363 | steps_t:     0 | t: 1.554089 | r:  -481.000000 | e:   1.000000 | Q:        nan | won: False 
#   13 | steps:   384 | steps_t:     0 | t: 1.590091 | r:  -487.000000 | e:   1.000000 | Q:        nan | won: False 
#   14 | steps:   439 | steps_t:     0 | t: 1.736099 | r:  -532.000000 | e:   1.000000 | Q:        nan | won: False 
#   15 | steps:   459 | steps_t:     0 | t: 1.781102 | r:  -497.000000 | e:   1.000000 | Q:        nan | won: False 
#   16 | steps:   480 | steps_t:     0 | t: 1.815104 | r:  -487.000000 | e:   1.000000 | Q:        nan | won: False 
#   17 | steps:   518 | steps_t:     0 | t: 1.927110 | r:  -515.000000 | e:   1.000000 | Q:        nan | won: False 
#   18 | steps:   555 | steps_t:     0 | t: 2.017116 | r:  -525.000000 | e:   1.000000 | Q:        nan | won: False 
#   19 | steps:   576 | steps_t:     0 | t: 2.055118 | r:  -498.000000 | e:   1.000000 | Q:        nan | won: False 
#   20 | steps:   632 | steps_t:     0 | t: 2.205126 | r:  -511.000000 | e:   1.000000 | Q:        nan | won: False 
#   21 | steps:   684 | steps_t:     0 | t: 2.307132 | r:  -507.000000 | e:   1.000000 | Q:        nan | won: False 
#   22 | steps:   699 | steps_t:     0 | t: 2.354135 | r:  -492.000000 | e:   1.000000 | Q:        nan | won: False 
#   23 | steps:   721 | steps_t:     0 | t: 2.394137 | r:  -499.000000 | e:   1.000000 | Q:        nan | won: False 
#   24 | steps:   733 | steps_t:     0 | t: 2.421139 | r:  -511.000000 | e:   1.000000 | Q:        nan | won: False 
#   25 | steps:   770 | steps_t:     0 | t: 2.459141 | r:  -514.000000 | e:   1.000000 | Q:        nan | won: False 
#   26 | steps:   832 | steps_t:     0 | t: 2.541146 | r:  -539.000000 | e:   1.000000 | Q:        nan | won: False 
#   27 | steps:   842 | steps_t:     0 | t: 2.550146 | r:  -509.000000 | e:   1.000000 | Q:        nan | won: False 
#   28 | steps:   912 | steps_t:     0 | t: 2.633151 | r:  -514.000000 | e:   1.000000 | Q:        nan | won: False 
#   29 | steps:   927 | steps_t:     0 | t: 2.644151 | r:  -514.000000 | e:   1.000000 | Q:        nan | won: False 
#   30 | steps:   951 | steps_t:     0 | t: 2.670153 | r:  -512.000000 | e:   1.000000 | Q:        nan | won: False 
#   31 | steps:   963 | steps_t:     0 | t: 2.678153 | r:  -511.000000 | e:   1.000000 | Q:        nan | won: False 
#   32 | steps:   977 | steps_t:     0 | t: 2.700155 | r:  -513.000000 | e:   1.000000 | Q:        nan | won: False 
#   33 | steps:  1045 | steps_t:     0 | t: 2.774159 | r:  -512.000000 | e:   1.000000 | Q:        nan | won: False 
#   34 | steps:  1059 | steps_t:     0 | t: 2.792160 | r:  -491.000000 | e:   1.000000 | Q:        nan | won: False 
#   35 | steps:  1067 | steps_t:     0 | t: 2.798160 | r:  -496.000000 | e:   1.000000 | Q:        nan | won: False 
#   36 | steps:  1093 | steps_t:     0 | t: 2.828162 | r:  -492.000000 | e:   1.000000 | Q:        nan | won: False 
#   37 | steps:  1102 | steps_t:     0 | t: 2.837162 | r:  -497.000000 | e:   1.000000 | Q:        nan | won: False 
#   38 | steps:  1124 | steps_t:     0 | t: 2.862164 | r:  -499.000000 | e:   1.000000 | Q:        nan | won: False 
#   39 | steps:  1159 | steps_t:     0 | t: 2.907166 | r:  -490.000000 | e:   1.000000 | Q:        nan | won: False 
#   40 | steps:  1169 | steps_t:     0 | t: 2.913167 | r:  -498.000000 | e:   1.000000 | Q:        nan | won: False 
#   41 | steps:  1192 | steps_t:     0 | t: 3.021173 | r:  -522.000000 | e:   1.000000 | Q:        nan | won: False 
#   42 | steps:  1236 | steps_t:     0 | t: 3.055175 | r:  -521.000000 | e:   1.000000 | Q:        nan | won: False 
#   43 | steps:  1265 | steps_t:     0 | t: 3.091177 | r:  -495.000000 | e:   1.000000 | Q:        nan | won: False 
#   44 | steps:  1276 | steps_t:     0 | t: 3.102178 | r:  -499.000000 | e:   1.000000 | Q:        nan | won: False 
#   45 | steps:  1292 | steps_t:     0 | t: 3.132179 | r:  -515.000000 | e:   1.000000 | Q:        nan | won: False 
#   46 | steps:  1302 | steps_t:     0 | t: 3.142180 | r:  -509.000000 | e:   1.000000 | Q:        nan | won: False 
#   47 | steps:  1312 | steps_t:     0 | t: 3.157181 | r:  -487.000000 | e:   1.000000 | Q:        nan | won: False 
#   48 | steps:  1346 | steps_t:     0 | t: 3.191183 | r:  -489.000000 | e:   1.000000 | Q:        nan | won: False 
#   49 | steps:  1367 | steps_t:     0 | t: 3.219184 | r:  -509.000000 | e:   1.000000 | Q:        nan | won: False 
#   50 | steps:  1385 | steps_t:     0 | t: 3.236186 | r:  -506.000000 | e:   1.000000 | Q:        nan | won: False 
#   51 | steps:  1396 | steps_t:     0 | t: 3.265187 | r:  -510.000000 | e:   1.000000 | Q:        nan | won: False 
#   52 | steps:  1411 | steps_t:     0 | t: 3.285188 | r:  -481.000000 | e:   1.000000 | Q:        nan | won: False 
#   53 | steps:  1420 | steps_t:     0 | t: 3.294189 | r:  -497.000000 | e:   1.000000 | Q:        nan | won: False 
#   54 | steps:  1444 | steps_t:     0 | t: 3.323190 | r:  -523.000000 | e:   1.000000 | Q:        nan | won: False 
#   55 | steps:  1468 | steps_t:     0 | t: 3.352192 | r:  -490.000000 | e:   1.000000 | Q:        nan | won: False 
#   56 | steps:  1532 | steps_t:     0 | t: 3.413195 | r:  -486.000000 | e:   1.000000 | Q:        nan | won: False 
#   57 | steps:  1548 | steps_t:     0 | t: 3.426196 | r:  -515.000000 | e:   1.000000 | Q:        nan | won: False 
#   58 | steps:  1580 | steps_t:     0 | t: 3.457198 | r:  -509.000000 | e:   1.000000 | Q:        nan | won: False 
#   59 | steps:  1598 | steps_t:     0 | t: 3.475199 | r:  -506.000000 | e:   1.000000 | Q:        nan | won: False 
#   60 | steps:  1631 | steps_t:     0 | t: 3.509201 | r:  -510.000000 | e:   1.000000 | Q:        nan | won: False 
#   61 | steps:  1648 | steps_t:     0 | t: 3.530202 | r:  -494.000000 | e:   1.000000 | Q:        nan | won: False 
#   62 | steps:  1667 | steps_t:     0 | t: 3.543203 | r:  -507.000000 | e:   1.000000 | Q:        nan | won: False 
#   63 | steps:  1722 | steps_t:     0 | t: 3.603206 | r:  -521.000000 | e:   1.000000 | Q:        nan | won: False 
#   64 | steps:  1755 | steps_t:     0 | t: 3.634208 | r:  -488.000000 | e:   1.000000 | Q:        nan | won: False 
#   65 | steps:  1784 | steps_t:     0 | t: 3.665210 | r:  -495.000000 | e:   1.000000 | Q:        nan | won: False 
#   66 | steps:  1820 | steps_t:     0 | t: 3.705212 | r:  -513.000000 | e:   1.000000 | Q:        nan | won: False 
#   67 | steps:  1830 | steps_t:     0 | t: 3.724213 | r:  -509.000000 | e:   1.000000 | Q:        nan | won: False 
#   68 | steps:  1883 | steps_t:     0 | t: 3.790217 | r:  -486.000000 | e:   1.000000 | Q:        nan | won: False 
#   69 | steps:  1894 | steps_t:     0 | t: 3.800217 | r:  -499.000000 | e:   1.000000 | Q:        nan | won: False 
#   70 | steps:  1906 | steps_t:     0 | t: 3.820219 | r:  -489.000000 | e:   1.000000 | Q:        nan | won: False 
#   71 | steps:  1948 | steps_t:     0 | t: 3.876222 | r:  -486.000000 | e:   1.000000 | Q:        nan | won: False 
#   72 | steps:  1985 | steps_t:     0 | t: 3.915224 | r:  -514.000000 | e:   1.000000 | Q:        nan | won: False 
#   73 | steps:  2010 | steps_t:     0 | t: 3.938226 | r:  -502.000000 | e:   1.000000 | Q:        nan | won: False 
#   74 | steps:  2024 | steps_t:     0 | t: 3.948226 | r:  -513.000000 | e:   1.000000 | Q:        nan | won: False 
#   75 | steps:  2089 | steps_t:     0 | t: 4.013230 | r:  -531.000000 | e:   1.000000 | Q:        nan | won: False 
#   76 | steps:  2102 | steps_t:     0 | t: 4.029231 | r:  -512.000000 | e:   1.000000 | Q:        nan | won: False 
#   77 | steps:  2134 | steps_t:     0 | t: 4.061233 | r:  -509.000000 | e:   1.000000 | Q:        nan | won: False 
#   78 | steps:  2144 | steps_t:     0 | t: 4.068233 | r:  -498.000000 | e:   1.000000 | Q:        nan | won: False 
#   79 | steps:  2187 | steps_t:     0 | t: 4.108235 | r:  -520.000000 | e:   1.000000 | Q:        nan | won: False 
#   80 | steps:  2199 | steps_t:     0 | t: 4.124236 | r:  -500.000000 | e:   1.000000 | Q:        nan | won: False 
#   81 | steps:  2233 | steps_t:     0 | t: 4.147238 | r:  -500.000000 | e:   1.000000 | Q:        nan | won: False 
#   82 | steps:  2263 | steps_t:     0 | t: 4.175239 | r:  -496.000000 | e:   1.000000 | Q:        nan | won: False 
#   83 | steps:  2323 | steps_t:     0 | t: 4.233242 | r:  -482.000000 | e:   1.000000 | Q:        nan | won: False 
#   84 | steps:  2331 | steps_t:     0 | t: 4.240243 | r:  -507.000000 | e:   1.000000 | Q:        nan | won: False 
#   85 | steps:  2358 | steps_t:     0 | t: 4.266244 | r:  -515.000000 | e:   1.000000 | Q:        nan | won: False 
#   86 | steps:  2368 | steps_t:     0 | t: 4.280245 | r:  -509.000000 | e:   1.000000 | Q:        nan | won: False 
#   87 | steps:  2394 | steps_t:     0 | t: 4.297246 | r:  -503.000000 | e:   1.000000 | Q:        nan | won: False 
#   88 | steps:  2459 | steps_t:     0 | t: 4.360250 | r:  -498.000000 | e:   1.000000 | Q:        nan | won: False 
#   89 | steps:  2498 | steps_t:     0 | t: 4.392251 | r:  -494.000000 | e:   1.000000 | Q:        nan | won: False 
#   90 | steps:  2509 | steps_t:     0 | t: 4.409252 | r:  -510.000000 | e:   1.000000 | Q:        nan | won: False 
#   91 | steps:  2517 | steps_t:     0 | t: 4.417253 | r:  -496.000000 | e:   1.000000 | Q:        nan | won: False 
#   92 | steps:  2540 | steps_t:     0 | t: 4.436254 | r:  -511.000000 | e:   1.000000 | Q:        nan | won: False 
#   93 | steps:  2594 | steps_t:     0 | t: 4.478256 | r:  -509.000000 | e:   1.000000 | Q:        nan | won: False 
#   94 | steps:  2654 | steps_t:     0 | t: 4.538260 | r:  -548.000000 | e:   1.000000 | Q:        nan | won: False 
#   95 | steps:  2680 | steps_t:     0 | t: 4.561261 | r:  -525.000000 | e:   1.000000 | Q:        nan | won: False 
#   96 | steps:  2740 | steps_t:     0 | t: 4.612264 | r:  -526.000000 | e:   1.000000 | Q:        nan | won: False 
#   97 | steps:  2780 | steps_t:     0 | t: 4.654266 | r:  -495.000000 | e:   1.000000 | Q:        nan | won: False 
#   98 | steps:  2806 | steps_t:     0 | t: 4.671268 | r:  -492.000000 | e:   1.000000 | Q:        nan | won: False 
#   99 | steps:  2823 | steps_t:     0 | t: 4.693269 | r:  -505.000000 | e:   1.000000 | Q:        nan | won: False 
#  100 | steps:  2833 | steps_t:     0 | t: 4.701269 | r:  -509.000000 | e:   1.000000 | Q:        nan | won: False 
#  101 | steps:  2843 | steps_t:     0 | t: 4.714270 | r:  -509.000000 | e:   1.000000 | Q:        nan | won: False 
#  102 | steps:  2876 | steps_t:     0 | t: 4.737271 | r:  -510.000000 | e:   1.000000 | Q:        nan | won: False 
#  103 | steps:  2909 | steps_t:     0 | t: 4.768273 | r:  -532.000000 | e:   1.000000 | Q:        nan | won: False 
#  104 | steps:  2920 | steps_t:     0 | t: 4.781274 | r:  -510.000000 | e:   1.000000 | Q:        nan | won: False 
#  105 | steps:  2965 | steps_t:     0 | t: 4.822276 | r:  -500.000000 | e:   1.000000 | Q:        nan | won: False 
#  106 | steps:  3016 | steps_t:     0 | t: 4.868279 | r:   127.000000 | e:   1.000000 | Q:        nan | won: True 
#  107 | steps:  3034 | steps_t:     0 | t: 4.881279 | r:  -506.000000 | e:   1.000000 | Q:        nan | won: False 
#  108 | steps:  3088 | steps_t:     0 | t: 4.970285 | r:  -520.000000 | e:   1.000000 | Q:        nan | won: False 
#  109 | steps:  3097 | steps_t:     0 | t: 4.978285 | r:  -508.000000 | e:   1.000000 | Q:        nan | won: False 
#  110 | steps:  3150 | steps_t:     0 | t: 5.035288 | r:  -508.000000 | e:   1.000000 | Q:        nan | won: False 
#  111 | steps:  3204 | steps_t:     0 | t: 5.100292 | r:  -509.000000 | e:   1.000000 | Q:        nan | won: False 
#  112 | steps:  3242 | steps_t:     0 | t: 5.238300 | r:  -526.000000 | e:   1.000000 | Q:        nan | won: False 
#  113 | steps:  3266 | steps_t:     0 | t: 5.270302 | r:  -501.000000 | e:   1.000000 | Q:        nan | won: False 
#  114 | steps:  3279 | steps_t:     0 | t: 5.282302 | r:  -501.000000 | e:   1.000000 | Q:        nan | won: False 
#  115 | steps:  3296 | steps_t:     0 | t: 5.302304 | r:  -505.000000 | e:   1.000000 | Q:        nan | won: False 
#  116 | steps:  3312 | steps_t:     0 | t: 5.313304 | r:  -493.000000 | e:   1.000000 | Q:        nan | won: False 
#  117 | steps:  3329 | steps_t:     0 | t: 5.334305 | r:  -505.000000 | e:   1.000000 | Q:        nan | won: False 
#  118 | steps:  3346 | steps_t:     0 | t: 5.354306 | r:  -505.000000 | e:   1.000000 | Q:        nan | won: False 
#  119 | steps:  3380 | steps_t:     0 | t: 5.392308 | r:  -511.000000 | e:   1.000000 | Q:        nan | won: False 
#  120 | steps:  3429 | steps_t:     0 | t: 5.435311 | r:  -504.000000 | e:   1.000000 | Q:        nan | won: False 
#  121 | steps:  3467 | steps_t:     0 | t: 5.471313 | r:  -515.000000 | e:   1.000000 | Q:        nan | won: False 
#  122 | steps:  3475 | steps_t:     0 | t: 5.487314 | r:  -507.000000 | e:   1.000000 | Q:        nan | won: False 
#  123 | steps:  3484 | steps_t:     0 | t: 5.495315 | r:  -508.000000 | e:   1.000000 | Q:        nan | won: False 
#  124 | steps:  3514 | steps_t:     0 | t: 5.527316 | r:  -507.000000 | e:   1.000000 | Q:        nan | won: False 
#  125 | steps:  3541 | steps_t:     0 | t: 5.554318 | r:  -504.000000 | e:   1.000000 | Q:        nan | won: False 
#  126 | steps:  3575 | steps_t:     0 | t: 5.585320 | r:  -511.000000 | e:   1.000000 | Q:        nan | won: False 
#  127 | steps:  3615 | steps_t:     0 | t: 5.626322 | r:  -517.000000 | e:   1.000000 | Q:        nan | won: False 
#  128 | steps:  3645 | steps_t:     0 | t: 5.655324 | r:  -507.000000 | e:   1.000000 | Q:        nan | won: False 
#  129 | steps:  3695 | steps_t:     0 | t: 5.706327 | r:  -505.000000 | e:   1.000000 | Q:        nan | won: False 
#  130 | steps:  3704 | steps_t:     0 | t: 5.712327 | r:  -508.000000 | e:   1.000000 | Q:        nan | won: False 
#  131 | steps:  3753 | steps_t:     0 | t: 5.752329 | r:  -526.000000 | e:   1.000000 | Q:        nan | won: False 
#  132 | steps:  3784 | steps_t:     0 | t: 5.782331 | r:  -508.000000 | e:   1.000000 | Q:        nan | won: False 
#  133 | steps:  3803 | steps_t:     0 | t: 5.803332 | r:  -507.000000 | e:   1.000000 | Q:        nan | won: False 
#  134 | steps:  3815 | steps_t:     0 | t: 5.811333 | r:  -500.000000 | e:   1.000000 | Q:        nan | won: False 
#  135 | steps:  3826 | steps_t:     0 | t: 5.832334 | r:  -510.000000 | e:   1.000000 | Q:        nan | won: False 
#  136 | steps:  3858 | steps_t:     0 | t: 5.861336 | r:  -509.000000 | e:   1.000000 | Q:        nan | won: False 
#  137 | steps:  3879 | steps_t:     0 | t: 5.876336 | r:  -509.000000 | e:   1.000000 | Q:        nan | won: False 
#  138 | steps:  3888 | steps_t:     0 | t: 5.887337 | r:  -508.000000 | e:   1.000000 | Q:        nan | won: False 
#  139 | steps:  3899 | steps_t:     0 | t: 5.895337 | r:  -510.000000 | e:   1.000000 | Q:        nan | won: False 
#  140 | steps:  3929 | steps_t:     0 | t: 5.925339 | r:  -496.000000 | e:   1.000000 | Q:        nan | won: False 
#  141 | steps:  3943 | steps_t:     0 | t: 5.934340 | r:  -502.000000 | e:   1.000000 | Q:        nan | won: False 
#  142 | steps:  3986 | steps_t:     0 | t: 5.972342 | r:  -487.000000 | e:   1.000000 | Q:        nan | won: False 
#  143 | steps:  4001 | steps_t:     0 | t: 5.989343 | r:  -503.000000 | e:   1.000000 | Q:        nan | won: False 
#  144 | steps:  4029 | steps_t:     0 | t: 6.020344 | r:  -494.000000 | e:   1.000000 | Q:        nan | won: False 
#  145 | steps:  4057 | steps_t:     0 | t: 6.049346 | r:  -516.000000 | e:   1.000000 | Q:        nan | won: False 
#  146 | steps:  4067 | steps_t:     0 | t: 6.055346 | r:  -498.000000 | e:   1.000000 | Q:        nan | won: False 
#  147 | steps:  4113 | steps_t:     0 | t: 6.093349 | r:  -534.000000 | e:   1.000000 | Q:        nan | won: False 
#  148 | steps:  4146 | steps_t:     0 | t: 6.125350 | r:  -521.000000 | e:   1.000000 | Q:        nan | won: False 
#  149 | steps:  4188 | steps_t:     0 | t: 6.169353 | r:  -486.000000 | e:   1.000000 | Q:        nan | won: False 
#  150 | steps:  4221 | steps_t:     0 | t: 6.198355 | r:  -488.000000 | e:   1.000000 | Q:        nan | won: False 
#  151 | steps:  4243 | steps_t:     0 | t: 6.214355 | r:  -499.000000 | e:   1.000000 | Q:        nan | won: False 
#  152 | steps:  4303 | steps_t:     0 | t: 6.275359 | r:  -504.000000 | e:   1.000000 | Q:        nan | won: False 
#  153 | steps:  4320 | steps_t:     0 | t: 6.293360 | r:  -505.000000 | e:   1.000000 | Q:        nan | won: False 
#  154 | steps:  4368 | steps_t:     0 | t: 6.335363 | r:  -492.000000 | e:   1.000000 | Q:        nan | won: False 
#  155 | steps:  4396 | steps_t:     0 | t: 6.361364 | r:  -483.000000 | e:   1.000000 | Q:        nan | won: False 
#  156 | steps:  4406 | steps_t:     0 | t: 6.368364 | r:  -498.000000 | e:   1.000000 | Q:        nan | won: False 
#  157 | steps:  4417 | steps_t:     0 | t: 6.382365 | r:  -510.000000 | e:   1.000000 | Q:        nan | won: False 
#  158 | steps:  4459 | steps_t:     0 | t: 6.414367 | r:  -519.000000 | e:   1.000000 | Q:        nan | won: False 
#  159 | steps:  4567 | steps_t:     0 | t: 6.510373 | r:  -552.000000 | e:   1.000000 | Q:        nan | won: False 
#  160 | steps:  4584 | steps_t:     0 | t: 6.527373 | r:  -516.000000 | e:   1.000000 | Q:        nan | won: False 
#  161 | steps:  4602 | steps_t:     0 | t: 6.549375 | r:  -495.000000 | e:   1.000000 | Q:        nan | won: False 
#  162 | steps:  4615 | steps_t:     0 | t: 6.558375 | r:  -501.000000 | e:   1.000000 | Q:        nan | won: False 
#  163 | steps:  4658 | steps_t:     0 | t: 6.594377 | r:  -509.000000 | e:   1.000000 | Q:        nan | won: False 
#  164 | steps:  4681 | steps_t:     0 | t: 6.615379 | r:  -511.000000 | e:   1.000000 | Q:        nan | won: False 
#  165 | steps:  4709 | steps_t:     0 | t: 6.650381 | r:  -516.000000 | e:   1.000000 | Q:        nan | won: False 
#  166 | steps:  4730 | steps_t:     0 | t: 6.676382 | r:  -498.000000 | e:   1.000000 | Q:        nan | won: False 
#  167 | steps:  4741 | steps_t:     0 | t: 6.684383 | r:  -499.000000 | e:   1.000000 | Q:        nan | won: False 
#  168 | steps:  4794 | steps_t:     0 | t: 6.739386 | r:  -508.000000 | e:   1.000000 | Q:        nan | won: False 
#  169 | steps:  4806 | steps_t:     0 | t: 6.750386 | r:  -478.000000 | e:   1.000000 | Q:        nan | won: False 
#  170 | steps:  4847 | steps_t:     0 | t: 6.800389 | r:  -529.000000 | e:   1.000000 | Q:        nan | won: False 
#  171 | steps:  4859 | steps_t:     0 | t: 6.810390 | r:  -511.000000 | e:   1.000000 | Q:        nan | won: False 
#  172 | steps:  4892 | steps_t:     0 | t: 6.841392 | r:  -499.000000 | e:   1.000000 | Q:        nan | won: False 
#  173 | steps:  4924 | steps_t:     0 | t: 6.875393 | r:  -531.000000 | e:   1.000000 | Q:        nan | won: False 
#  174 | steps:  4940 | steps_t:     0 | t: 6.892394 | r:  -504.000000 | e:   1.000000 | Q:        nan | won: False 
#  175 | steps:  4984 | steps_t:     0 | t: 6.981400 | r:  -521.000000 | e:   1.000000 | Q:        nan | won: False 
#  176 | steps:  5006 | steps_t:     4 | t: 7.413424 | r:  -510.000000 | e:   0.999600 | Q:        nan | won: False 
#  177 | steps:  5034 | steps_t:    31 | t: 7.712441 | r:  -505.000000 | e:   0.996900 | Q:        nan | won: False 
#  178 | steps:  5068 | steps_t:    64 | t: 8.068462 | r:  -522.000000 | e:   0.993600 | Q:        nan | won: False 
#  179 | steps:  5140 | steps_t:   135 | t: 8.876508 | r:  -549.000000 | e:   0.986500 | Q: -11.063829 | won: False 
#  180 | steps:  5193 | steps_t:   187 | t: 9.505544 | r:  -530.000000 | e:   0.981300 | Q:        nan | won: False 
#  181 | steps:  5213 | steps_t:   206 | t: 9.716556 | r:  -497.000000 | e:   0.979400 | Q: -94.005142 | won: False 
#  182 | steps:  5233 | steps_t:   225 | t: 9.918567 | r:  -497.000000 | e:   0.977500 | Q:        nan | won: False 
#  183 | steps:  5261 | steps_t:   252 | t: 10.236586 | r:  -505.000000 | e:   0.974800 | Q:        nan | won: False 
#  184 | steps:  5281 | steps_t:   271 | t: 10.447598 | r:  -464.000000 | e:   0.972900 | Q:        nan | won: False 
#  185 | steps:  5294 | steps_t:   283 | t: 10.590606 | r:  -512.000000 | e:   0.971700 | Q:        nan | won: False 
#  186 | steps:  5349 | steps_t:   337 | t: 11.569662 | r:  -510.000000 | e:   0.966300 | Q:        nan | won: False 
#  187 | steps:  5381 | steps_t:   368 | t: 12.125694 | r:  -498.000000 | e:   0.963200 | Q:        nan | won: False 
#  188 | steps:  5391 | steps_t:   377 | t: 12.260702 | r:  -509.000000 | e:   0.962300 | Q:        nan | won: False 
#  189 | steps:  5399 | steps_t:   384 | t: 12.345706 | r:  -507.000000 | e:   0.961600 | Q:        nan | won: False 
