#    1 | steps:     9 | steps_t:     0 | t: 0.982056 | r:  -508.000000 | e:   1.000000 | Q:        nan | won: False 
#    2 | steps:    17 | steps_t:     0 | t: 0.990057 | r:  -507.000000 | e:   1.000000 | Q:        nan | won: False 
#    3 | steps:    24 | steps_t:     0 | t: 0.998057 | r:  -506.000000 | e:   1.000000 | Q:        nan | won: False 
#    4 | steps:    42 | steps_t:     0 | t: 1.544089 | r:  -517.000000 | e:   1.000000 | Q:        nan | won: False 
#    5 | steps:    51 | steps_t:     0 | t: 1.555089 | r:  -508.000000 | e:   1.000000 | Q:        nan | won: False 
#    6 | steps:    59 | steps_t:     0 | t: 1.564090 | r:  -507.000000 | e:   1.000000 | Q:        nan | won: False 
#    7 | steps:    67 | steps_t:     0 | t: 1.575090 | r:  -507.000000 | e:   1.000000 | Q:        nan | won: False 
#    8 | steps:    78 | steps_t:     0 | t: 1.582091 | r:  -510.000000 | e:   1.000000 | Q:        nan | won: False 
#    9 | steps:    91 | steps_t:     0 | t: 1.590091 | r:  -512.000000 | e:   1.000000 | Q:        nan | won: False 
#   10 | steps:   108 | steps_t:     0 | t: 1.599092 | r:  -516.000000 | e:   1.000000 | Q:        nan | won: False 
#   11 | steps:   117 | steps_t:     0 | t: 1.604092 | r:  -508.000000 | e:   1.000000 | Q:        nan | won: False 
#   12 | steps:   130 | steps_t:     0 | t: 1.611092 | r:  -512.000000 | e:   1.000000 | Q:        nan | won: False 
#   13 | steps:   144 | steps_t:     0 | t: 1.618093 | r:  -513.000000 | e:   1.000000 | Q:        nan | won: False 
#   14 | steps:   153 | steps_t:     0 | t: 1.623093 | r:  -508.000000 | e:   1.000000 | Q:        nan | won: False 
#   15 | steps:   162 | steps_t:     0 | t: 1.628093 | r:  -508.000000 | e:   1.000000 | Q:        nan | won: False 
#   16 | steps:   171 | steps_t:     0 | t: 1.633093 | r:  -508.000000 | e:   1.000000 | Q:        nan | won: False 
#   17 | steps:   179 | steps_t:     0 | t: 1.637094 | r:  -507.000000 | e:   1.000000 | Q:        nan | won: False 
#   18 | steps:   189 | steps_t:     0 | t: 1.643094 | r:  -509.000000 | e:   1.000000 | Q:        nan | won: False 
#   19 | steps:   197 | steps_t:     0 | t: 1.647094 | r:  -507.000000 | e:   1.000000 | Q:        nan | won: False 
#   20 | steps:   205 | steps_t:     0 | t: 1.651095 | r:  -507.000000 | e:   1.000000 | Q:        nan | won: False 
#   21 | steps:   211 | steps_t:     0 | t: 1.655095 | r:  -505.000000 | e:   1.000000 | Q:        nan | won: False 
#   22 | steps:   220 | steps_t:     0 | t: 1.660095 | r:  -508.000000 | e:   1.000000 | Q:        nan | won: False 
#   23 | steps:   227 | steps_t:     0 | t: 1.664095 | r:  -506.000000 | e:   1.000000 | Q:        nan | won: False 
#   24 | steps:   246 | steps_t:     0 | t: 1.674096 | r:  -518.000000 | e:   1.000000 | Q:        nan | won: False 
#   25 | steps:   253 | steps_t:     0 | t: 1.678096 | r:  -506.000000 | e:   1.000000 | Q:        nan | won: False 
#   26 | steps:   262 | steps_t:     0 | t: 1.682096 | r:  -508.000000 | e:   1.000000 | Q:        nan | won: False 
#   27 | steps:   270 | steps_t:     0 | t: 1.687097 | r:  -507.000000 | e:   1.000000 | Q:        nan | won: False 
#   28 | steps:   282 | steps_t:     0 | t: 1.693097 | r:  -511.000000 | e:   1.000000 | Q:        nan | won: False 
#   29 | steps:   292 | steps_t:     0 | t: 1.698097 | r:  -509.000000 | e:   1.000000 | Q:        nan | won: False 
#   30 | steps:   301 | steps_t:     0 | t: 1.703097 | r:  -508.000000 | e:   1.000000 | Q:        nan | won: False 
#   31 | steps:   314 | steps_t:     0 | t: 1.710098 | r:  -512.000000 | e:   1.000000 | Q:        nan | won: False 
#   32 | steps:   329 | steps_t:     0 | t: 1.719098 | r:  -514.000000 | e:   1.000000 | Q:        nan | won: False 
#   33 | steps:   335 | steps_t:     0 | t: 1.723099 | r:  -505.000000 | e:   1.000000 | Q:        nan | won: False 
#   34 | steps:   353 | steps_t:     0 | t: 1.731099 | r:  -517.000000 | e:   1.000000 | Q:        nan | won: False 
#   35 | steps:   365 | steps_t:     0 | t: 1.738100 | r:  -511.000000 | e:   1.000000 | Q:        nan | won: False 
#   36 | steps:   374 | steps_t:     0 | t: 1.742100 | r:  -508.000000 | e:   1.000000 | Q:        nan | won: False 
#   37 | steps:   380 | steps_t:     0 | t: 1.746100 | r:  -505.000000 | e:   1.000000 | Q:        nan | won: False 
#   38 | steps:   388 | steps_t:     0 | t: 1.750100 | r:  -507.000000 | e:   1.000000 | Q:        nan | won: False 
#   39 | steps:   397 | steps_t:     0 | t: 1.755100 | r:  -508.000000 | e:   1.000000 | Q:        nan | won: False 
#   40 | steps:   404 | steps_t:     0 | t: 1.759101 | r:  -506.000000 | e:   1.000000 | Q:        nan | won: False 
#   41 | steps:   422 | steps_t:     0 | t: 1.768101 | r:  -517.000000 | e:   1.000000 | Q:        nan | won: False 
#   42 | steps:   430 | steps_t:     0 | t: 1.772101 | r:  -507.000000 | e:   1.000000 | Q:        nan | won: False 
#   43 | steps:   445 | steps_t:     0 | t: 1.780102 | r:  -503.000000 | e:   1.000000 | Q:        nan | won: False 
#   44 | steps:   451 | steps_t:     0 | t: 1.784102 | r:  -505.000000 | e:   1.000000 | Q:        nan | won: False 
#   45 | steps:   469 | steps_t:     0 | t: 1.792103 | r:  -517.000000 | e:   1.000000 | Q:        nan | won: False 
#   46 | steps:   477 | steps_t:     0 | t: 1.796103 | r:  -507.000000 | e:   1.000000 | Q:        nan | won: False 
#   47 | steps:   487 | steps_t:     0 | t: 1.803103 | r:  -509.000000 | e:   1.000000 | Q:        nan | won: False 
#   48 | steps:   494 | steps_t:     0 | t: 1.807104 | r:  -506.000000 | e:   1.000000 | Q:        nan | won: False 
#   49 | steps:   502 | steps_t:     0 | t: 1.811104 | r:  -507.000000 | e:   1.000000 | Q:        nan | won: False 
#   50 | steps:   512 | steps_t:     0 | t: 1.817104 | r:  -509.000000 | e:   1.000000 | Q:        nan | won: False 
#   51 | steps:   521 | steps_t:     0 | t: 1.822104 | r:  -508.000000 | e:   1.000000 | Q:        nan | won: False 
#   52 | steps:   530 | steps_t:     0 | t: 1.826105 | r:  -508.000000 | e:   1.000000 | Q:        nan | won: False 
#   53 | steps:   539 | steps_t:     0 | t: 1.830105 | r:  -508.000000 | e:   1.000000 | Q:        nan | won: False 
#   54 | steps:   548 | steps_t:     0 | t: 1.836105 | r:  -508.000000 | e:   1.000000 | Q:        nan | won: False 
#   55 | steps:   555 | steps_t:     0 | t: 1.840106 | r:  -506.000000 | e:   1.000000 | Q:        nan | won: False 
#   56 | steps:   571 | steps_t:     0 | t: 1.847106 | r:  -515.000000 | e:   1.000000 | Q:        nan | won: False 
#   57 | steps:   580 | steps_t:     0 | t: 1.853106 | r:  -508.000000 | e:   1.000000 | Q:        nan | won: False 
#   58 | steps:   590 | steps_t:     0 | t: 1.858106 | r:  -509.000000 | e:   1.000000 | Q:        nan | won: False 
#   59 | steps:   617 | steps_t:     0 | t: 1.873107 | r:  -515.000000 | e:   1.000000 | Q:        nan | won: False 
#   60 | steps:   623 | steps_t:     0 | t: 1.876107 | r:  -505.000000 | e:   1.000000 | Q:        nan | won: False 
#   61 | steps:   635 | steps_t:     0 | t: 1.884108 | r:  -511.000000 | e:   1.000000 | Q:        nan | won: False 
#   62 | steps:   645 | steps_t:     0 | t: 1.889108 | r:  -509.000000 | e:   1.000000 | Q:        nan | won: False 
#   63 | steps:   656 | steps_t:     0 | t: 1.894109 | r:  -510.000000 | e:   1.000000 | Q:        nan | won: False 
#   64 | steps:   663 | steps_t:     0 | t: 1.898109 | r:  -506.000000 | e:   1.000000 | Q:        nan | won: False 
#   65 | steps:   672 | steps_t:     0 | t: 1.904109 | r:  -508.000000 | e:   1.000000 | Q:        nan | won: False 
#   66 | steps:   681 | steps_t:     0 | t: 1.908109 | r:  -508.000000 | e:   1.000000 | Q:        nan | won: False 
#   67 | steps:   703 | steps_t:     0 | t: 1.920110 | r:  -521.000000 | e:   1.000000 | Q:        nan | won: False 
#   68 | steps:   711 | steps_t:     0 | t: 1.924110 | r:  -507.000000 | e:   1.000000 | Q:        nan | won: False 
#   69 | steps:   719 | steps_t:     0 | t: 1.928110 | r:  -507.000000 | e:   1.000000 | Q:        nan | won: False 
#   70 | steps:   731 | steps_t:     0 | t: 1.935111 | r:  -511.000000 | e:   1.000000 | Q:        nan | won: False 
#   71 | steps:   739 | steps_t:     0 | t: 1.940111 | r:  -507.000000 | e:   1.000000 | Q:        nan | won: False 
#   72 | steps:   746 | steps_t:     0 | t: 1.944111 | r:  -506.000000 | e:   1.000000 | Q:        nan | won: False 
#   73 | steps:   755 | steps_t:     0 | t: 1.948112 | r:  -508.000000 | e:   1.000000 | Q:        nan | won: False 
#   74 | steps:   766 | steps_t:     0 | t: 1.954112 | r:  -510.000000 | e:   1.000000 | Q:        nan | won: False 
#   75 | steps:   775 | steps_t:     0 | t: 1.959112 | r:  -508.000000 | e:   1.000000 | Q:        nan | won: False 
#   76 | steps:   782 | steps_t:     0 | t: 1.963113 | r:  -506.000000 | e:   1.000000 | Q:        nan | won: False 
#   77 | steps:   788 | steps_t:     0 | t: 1.966113 | r:  -505.000000 | e:   1.000000 | Q:        nan | won: False 
#   78 | steps:   799 | steps_t:     0 | t: 1.975113 | r:  -510.000000 | e:   1.000000 | Q:        nan | won: False 
#   79 | steps:   813 | steps_t:     0 | t: 1.982114 | r:  -513.000000 | e:   1.000000 | Q:        nan | won: False 
#   80 | steps:   824 | steps_t:     0 | t: 1.988114 | r:  -510.000000 | e:   1.000000 | Q:        nan | won: False 
#   81 | steps:   829 | steps_t:     0 | t: 1.991114 | r:  -504.000000 | e:   1.000000 | Q:        nan | won: False 
#   82 | steps:   839 | steps_t:     0 | t: 1.996114 | r:  -509.000000 | e:   1.000000 | Q:        nan | won: False 
#   83 | steps:   846 | steps_t:     0 | t: 1.999115 | r:  -506.000000 | e:   1.000000 | Q:        nan | won: False 
#   84 | steps:   856 | steps_t:     0 | t: 2.005115 | r:  -509.000000 | e:   1.000000 | Q:        nan | won: False 
#   85 | steps:   865 | steps_t:     0 | t: 2.009115 | r:  -508.000000 | e:   1.000000 | Q:        nan | won: False 
#   86 | steps:   878 | steps_t:     0 | t: 2.015115 | r:  -512.000000 | e:   1.000000 | Q:        nan | won: False 
#   87 | steps:   883 | steps_t:     0 | t: 2.019116 | r:  -504.000000 | e:   1.000000 | Q:        nan | won: False 
#   88 | steps:   895 | steps_t:     0 | t: 2.027116 | r:  -511.000000 | e:   1.000000 | Q:        nan | won: False 
#   89 | steps:   913 | steps_t:     0 | t: 2.037117 | r:  -517.000000 | e:   1.000000 | Q:        nan | won: False 
#   90 | steps:   927 | steps_t:     0 | t: 2.043117 | r:  -513.000000 | e:   1.000000 | Q:        nan | won: False 
#   91 | steps:   938 | steps_t:     0 | t: 2.049117 | r:  -510.000000 | e:   1.000000 | Q:        nan | won: False 
#   92 | steps:   947 | steps_t:     0 | t: 2.054118 | r:  -508.000000 | e:   1.000000 | Q:        nan | won: False 
#   93 | steps:   962 | steps_t:     0 | t: 2.061118 | r:  -514.000000 | e:   1.000000 | Q:        nan | won: False 
#   94 | steps:   978 | steps_t:     0 | t: 2.070118 | r:  -515.000000 | e:   1.000000 | Q:        nan | won: False 
#   95 | steps:   992 | steps_t:     0 | t: 2.077119 | r:  -513.000000 | e:   1.000000 | Q:        nan | won: False 
#   96 | steps:  1008 | steps_t:     0 | t: 2.086119 | r:  -515.000000 | e:   1.000000 | Q:        nan | won: False 
#   97 | steps:  1023 | steps_t:     0 | t: 2.094120 | r:  -492.000000 | e:   1.000000 | Q:        nan | won: False 
#   98 | steps:  1034 | steps_t:     0 | t: 2.100120 | r:  -510.000000 | e:   1.000000 | Q:        nan | won: False 
#   99 | steps:  1043 | steps_t:     0 | t: 2.106121 | r:  -508.000000 | e:   1.000000 | Q:        nan | won: False 
#  100 | steps:  1054 | steps_t:     0 | t: 2.112121 | r:  -510.000000 | e:   1.000000 | Q:        nan | won: False 
#  101 | steps:  1060 | steps_t:     0 | t: 2.115121 | r:  -505.000000 | e:   1.000000 | Q:        nan | won: False 
#  102 | steps:  1067 | steps_t:     0 | t: 2.120121 | r:  -506.000000 | e:   1.000000 | Q:        nan | won: False 
#  103 | steps:  1074 | steps_t:     0 | t: 2.125122 | r:  -506.000000 | e:   1.000000 | Q:        nan | won: False 
#  104 | steps:  1090 | steps_t:     0 | t: 2.133122 | r:  -515.000000 | e:   1.000000 | Q:        nan | won: False 
#  105 | steps:  1101 | steps_t:     0 | t: 2.139122 | r:  -510.000000 | e:   1.000000 | Q:        nan | won: False 
#  106 | steps:  1114 | steps_t:     0 | t: 2.145123 | r:  -512.000000 | e:   1.000000 | Q:        nan | won: False 
#  107 | steps:  1123 | steps_t:     0 | t: 2.151123 | r:  -508.000000 | e:   1.000000 | Q:        nan | won: False 
#  108 | steps:  1132 | steps_t:     0 | t: 2.157123 | r:  -508.000000 | e:   1.000000 | Q:        nan | won: False 
#  109 | steps:  1142 | steps_t:     0 | t: 2.162124 | r:  -509.000000 | e:   1.000000 | Q:        nan | won: False 
#  110 | steps:  1152 | steps_t:     0 | t: 2.167124 | r:  -509.000000 | e:   1.000000 | Q:        nan | won: False 
#  111 | steps:  1158 | steps_t:     0 | t: 2.171124 | r:  -505.000000 | e:   1.000000 | Q:        nan | won: False 
#  112 | steps:  1167 | steps_t:     0 | t: 2.175125 | r:  -508.000000 | e:   1.000000 | Q:        nan | won: False 
#  113 | steps:  1175 | steps_t:     0 | t: 2.179125 | r:  -507.000000 | e:   1.000000 | Q:        nan | won: False 
#  114 | steps:  1185 | steps_t:     0 | t: 2.184125 | r:  -509.000000 | e:   1.000000 | Q:        nan | won: False 
#  115 | steps:  1193 | steps_t:     0 | t: 2.188125 | r:  -507.000000 | e:   1.000000 | Q:        nan | won: False 
#  116 | steps:  1206 | steps_t:     0 | t: 2.195126 | r:  -512.000000 | e:   1.000000 | Q:        nan | won: False 
#  117 | steps:  1221 | steps_t:     0 | t: 2.202126 | r:  -514.000000 | e:   1.000000 | Q:        nan | won: False 
#  118 | steps:  1226 | steps_t:     0 | t: 2.205126 | r:  -504.000000 | e:   1.000000 | Q:        nan | won: False 
#  119 | steps:  1235 | steps_t:     0 | t: 2.210126 | r:  -508.000000 | e:   1.000000 | Q:        nan | won: False 
#  120 | steps:  1244 | steps_t:     0 | t: 2.214127 | r:  -508.000000 | e:   1.000000 | Q:        nan | won: False 
#  121 | steps:  1254 | steps_t:     0 | t: 2.220127 | r:  -509.000000 | e:   1.000000 | Q:        nan | won: False 
#  122 | steps:  1260 | steps_t:     0 | t: 2.223127 | r:  -505.000000 | e:   1.000000 | Q:        nan | won: False 
#  123 | steps:  1266 | steps_t:     0 | t: 2.227128 | r:  -505.000000 | e:   1.000000 | Q:        nan | won: False 
#  124 | steps:  1281 | steps_t:     0 | t: 2.235128 | r:  -514.000000 | e:   1.000000 | Q:        nan | won: False 
#  125 | steps:  1290 | steps_t:     0 | t: 2.239128 | r:  -508.000000 | e:   1.000000 | Q:        nan | won: False 
#  126 | steps:  1310 | steps_t:     0 | t: 2.248129 | r:  -519.000000 | e:   1.000000 | Q:        nan | won: False 
#  127 | steps:  1317 | steps_t:     0 | t: 2.252129 | r:  -506.000000 | e:   1.000000 | Q:        nan | won: False 
#  128 | steps:  1327 | steps_t:     0 | t: 2.257129 | r:  -509.000000 | e:   1.000000 | Q:        nan | won: False 
#  129 | steps:  1338 | steps_t:     0 | t: 2.263130 | r:  -510.000000 | e:   1.000000 | Q:        nan | won: False 
#  130 | steps:  1347 | steps_t:     0 | t: 2.268130 | r:  -508.000000 | e:   1.000000 | Q:        nan | won: False 
#  131 | steps:  1359 | steps_t:     0 | t: 2.274130 | r:  -511.000000 | e:   1.000000 | Q:        nan | won: False 
#  132 | steps:  1366 | steps_t:     0 | t: 2.278131 | r:  -506.000000 | e:   1.000000 | Q:        nan | won: False 
#  133 | steps:  1377 | steps_t:     0 | t: 2.283131 | r:  -510.000000 | e:   1.000000 | Q:        nan | won: False 
#  134 | steps:  1388 | steps_t:     0 | t: 2.289131 | r:  -510.000000 | e:   1.000000 | Q:        nan | won: False 
#  135 | steps:  1396 | steps_t:     0 | t: 2.294132 | r:  -507.000000 | e:   1.000000 | Q:        nan | won: False 
#  136 | steps:  1409 | steps_t:     0 | t: 2.302132 | r:  -512.000000 | e:   1.000000 | Q:        nan | won: False 
#  137 | steps:  1415 | steps_t:     0 | t: 2.305132 | r:  -505.000000 | e:   1.000000 | Q:        nan | won: False 
#  138 | steps:  1434 | steps_t:     0 | t: 2.314132 | r:  -518.000000 | e:   1.000000 | Q:        nan | won: False 
#  139 | steps:  1465 | steps_t:     0 | t: 2.335134 | r:  -530.000000 | e:   1.000000 | Q:        nan | won: False 
#  140 | steps:  1475 | steps_t:     0 | t: 2.340134 | r:  -509.000000 | e:   1.000000 | Q:        nan | won: False 
#  141 | steps:  1493 | steps_t:     0 | t: 2.349134 | r:  -517.000000 | e:   1.000000 | Q:        nan | won: False 
#  142 | steps:  1505 | steps_t:     0 | t: 2.355135 | r:  -511.000000 | e:   1.000000 | Q:        nan | won: False 
#  143 | steps:  1515 | steps_t:     0 | t: 2.360135 | r:  -509.000000 | e:   1.000000 | Q:        nan | won: False 
#  144 | steps:  1523 | steps_t:     0 | t: 2.364136 | r:  -507.000000 | e:   1.000000 | Q:        nan | won: False 
#  145 | steps:  1531 | steps_t:     0 | t: 2.369136 | r:  -507.000000 | e:   1.000000 | Q:        nan | won: False 
#  146 | steps:  1542 | steps_t:     0 | t: 2.374136 | r:  -510.000000 | e:   1.000000 | Q:        nan | won: False 
#  147 | steps:  1572 | steps_t:     0 | t: 2.390137 | r:  -529.000000 | e:   1.000000 | Q:        nan | won: False 
#  148 | steps:  1580 | steps_t:     0 | t: 2.394137 | r:  -507.000000 | e:   1.000000 | Q:        nan | won: False 
#  149 | steps:  1586 | steps_t:     0 | t: 2.397137 | r:  -505.000000 | e:   1.000000 | Q:        nan | won: False 
#  150 | steps:  1593 | steps_t:     0 | t: 2.401138 | r:  -506.000000 | e:   1.000000 | Q:        nan | won: False 
#  151 | steps:  1602 | steps_t:     0 | t: 2.405138 | r:  -508.000000 | e:   1.000000 | Q:        nan | won: False 
#  152 | steps:  1620 | steps_t:     0 | t: 2.414138 | r:  -517.000000 | e:   1.000000 | Q:        nan | won: False 
#  153 | steps:  1626 | steps_t:     0 | t: 2.418139 | r:  -505.000000 | e:   1.000000 | Q:        nan | won: False 
#  154 | steps:  1635 | steps_t:     0 | t: 2.422139 | r:  -508.000000 | e:   1.000000 | Q:        nan | won: False 
#  155 | steps:  1649 | steps_t:     0 | t: 2.429139 | r:  -513.000000 | e:   1.000000 | Q:        nan | won: False 
#  156 | steps:  1656 | steps_t:     0 | t: 2.433139 | r:  -506.000000 | e:   1.000000 | Q:        nan | won: False 
#  157 | steps:  1666 | steps_t:     0 | t: 2.438140 | r:  -509.000000 | e:   1.000000 | Q:        nan | won: False 
#  158 | steps:  1682 | steps_t:     0 | t: 2.446140 | r:  -515.000000 | e:   1.000000 | Q:        nan | won: False 
#  159 | steps:  1690 | steps_t:     0 | t: 2.452140 | r:  -507.000000 | e:   1.000000 | Q:        nan | won: False 
#  160 | steps:  1698 | steps_t:     0 | t: 2.456141 | r:  -507.000000 | e:   1.000000 | Q:        nan | won: False 
#  161 | steps:  1710 | steps_t:     0 | t: 2.462141 | r:  -511.000000 | e:   1.000000 | Q:        nan | won: False 
#  162 | steps:  1730 | steps_t:     0 | t: 2.472142 | r:  -519.000000 | e:   1.000000 | Q:        nan | won: False 
#  163 | steps:  1750 | steps_t:     0 | t: 2.482142 | r:  -519.000000 | e:   1.000000 | Q:        nan | won: False 
#  164 | steps:  1766 | steps_t:     0 | t: 2.490143 | r:  -515.000000 | e:   1.000000 | Q:        nan | won: False 
#  165 | steps:  1774 | steps_t:     0 | t: 2.494143 | r:  -507.000000 | e:   1.000000 | Q:        nan | won: False 
#  166 | steps:  1791 | steps_t:     0 | t: 2.503143 | r:  -516.000000 | e:   1.000000 | Q:        nan | won: False 
#  167 | steps:  1803 | steps_t:     0 | t: 2.510144 | r:  -511.000000 | e:   1.000000 | Q:        nan | won: False 
#  168 | steps:  1816 | steps_t:     0 | t: 2.516144 | r:  -512.000000 | e:   1.000000 | Q:        nan | won: False 
#  169 | steps:  1830 | steps_t:     0 | t: 2.524144 | r:  -513.000000 | e:   1.000000 | Q:        nan | won: False 
#  170 | steps:  1848 | steps_t:     0 | t: 2.533145 | r:  -517.000000 | e:   1.000000 | Q:        nan | won: False 
#  171 | steps:  1866 | steps_t:     0 | t: 2.543146 | r:  -506.000000 | e:   1.000000 | Q:        nan | won: False 
#  172 | steps:  1879 | steps_t:     0 | t: 2.550146 | r:  -512.000000 | e:   1.000000 | Q:        nan | won: False 
#  173 | steps:  1888 | steps_t:     0 | t: 2.555146 | r:  -508.000000 | e:   1.000000 | Q:        nan | won: False 
#  174 | steps:  1897 | steps_t:     0 | t: 2.560147 | r:  -508.000000 | e:   1.000000 | Q:        nan | won: False 
#  175 | steps:  1912 | steps_t:     0 | t: 2.568147 | r:  -514.000000 | e:   1.000000 | Q:        nan | won: False 
#  176 | steps:  1919 | steps_t:     0 | t: 2.572147 | r:  -506.000000 | e:   1.000000 | Q:        nan | won: False 
#  177 | steps:  1933 | steps_t:     0 | t: 2.578148 | r:  -502.000000 | e:   1.000000 | Q:        nan | won: False 
#  178 | steps:  1941 | steps_t:     0 | t: 2.583148 | r:  -507.000000 | e:   1.000000 | Q:        nan | won: False 
#  179 | steps:  1960 | steps_t:     0 | t: 2.592148 | r:  -518.000000 | e:   1.000000 | Q:        nan | won: False 
#  180 | steps:  1966 | steps_t:     0 | t: 2.597149 | r:  -505.000000 | e:   1.000000 | Q:        nan | won: False 
#  181 | steps:  1976 | steps_t:     0 | t: 2.602149 | r:  -509.000000 | e:   1.000000 | Q:        nan | won: False 
#  182 | steps:  1986 | steps_t:     0 | t: 2.607149 | r:  -509.000000 | e:   1.000000 | Q:        nan | won: False 
#  183 | steps:  1996 | steps_t:     0 | t: 2.613149 | r:  -509.000000 | e:   1.000000 | Q:        nan | won: False 
#  184 | steps:  2015 | steps_t:     0 | t: 2.622150 | r:  -518.000000 | e:   1.000000 | Q:        nan | won: False 
#  185 | steps:  2024 | steps_t:     0 | t: 2.627150 | r:  -508.000000 | e:   1.000000 | Q:        nan | won: False 
#  186 | steps:  2044 | steps_t:     0 | t: 2.636151 | r:  -519.000000 | e:   1.000000 | Q:        nan | won: False 
#  187 | steps:  2058 | steps_t:     0 | t: 2.643152 | r:  -513.000000 | e:   1.000000 | Q:        nan | won: False 
#  188 | steps:  2069 | steps_t:     0 | t: 2.648152 | r:  -510.000000 | e:   1.000000 | Q:        nan | won: False 
#  189 | steps:  2093 | steps_t:     0 | t: 2.660152 | r:  -523.000000 | e:   1.000000 | Q:        nan | won: False 
#  190 | steps:  2136 | steps_t:     0 | t: 2.681154 | r:  -542.000000 | e:   1.000000 | Q:        nan | won: False 
#  191 | steps:  2144 | steps_t:     0 | t: 2.686154 | r:  -507.000000 | e:   1.000000 | Q:        nan | won: False 
#  192 | steps:  2152 | steps_t:     0 | t: 2.690154 | r:  -507.000000 | e:   1.000000 | Q:        nan | won: False 
#  193 | steps:  2160 | steps_t:     0 | t: 2.695154 | r:  -507.000000 | e:   1.000000 | Q:        nan | won: False 
#  194 | steps:  2180 | steps_t:     0 | t: 2.706155 | r:  -519.000000 | e:   1.000000 | Q:        nan | won: False 
#  195 | steps:  2189 | steps_t:     0 | t: 2.710155 | r:  -508.000000 | e:   1.000000 | Q:        nan | won: False 
#  196 | steps:  2200 | steps_t:     0 | t: 2.718156 | r:  -510.000000 | e:   1.000000 | Q:        nan | won: False 
#  197 | steps:  2210 | steps_t:     0 | t: 2.724156 | r:  -509.000000 | e:   1.000000 | Q:        nan | won: False 
#  198 | steps:  2225 | steps_t:     0 | t: 2.731156 | r:  -514.000000 | e:   1.000000 | Q:        nan | won: False 
#  199 | steps:  2234 | steps_t:     0 | t: 2.737157 | r:  -508.000000 | e:   1.000000 | Q:        nan | won: False 
#  200 | steps:  2242 | steps_t:     0 | t: 2.741157 | r:  -507.000000 | e:   1.000000 | Q:        nan | won: False 
#  201 | steps:  2247 | steps_t:     0 | t: 2.744157 | r:  -504.000000 | e:   1.000000 | Q:        nan | won: False 
#  202 | steps:  2255 | steps_t:     0 | t: 2.748157 | r:  -507.000000 | e:   1.000000 | Q:        nan | won: False 
#  203 | steps:  2277 | steps_t:     0 | t: 2.759158 | r:  -521.000000 | e:   1.000000 | Q:        nan | won: False 
#  204 | steps:  2285 | steps_t:     0 | t: 2.762158 | r:  -507.000000 | e:   1.000000 | Q:        nan | won: False 
#  205 | steps:  2294 | steps_t:     0 | t: 2.768158 | r:  -508.000000 | e:   1.000000 | Q:        nan | won: False 
#  206 | steps:  2301 | steps_t:     0 | t: 2.772159 | r:  -506.000000 | e:   1.000000 | Q:        nan | won: False 
#  207 | steps:  2319 | steps_t:     0 | t: 2.780159 | r:  -517.000000 | e:   1.000000 | Q:        nan | won: False 
#  208 | steps:  2324 | steps_t:     0 | t: 2.784159 | r:  -504.000000 | e:   1.000000 | Q:        nan | won: False 
#  209 | steps:  2330 | steps_t:     0 | t: 2.787160 | r:  -505.000000 | e:   1.000000 | Q:        nan | won: False 
#  210 | steps:  2338 | steps_t:     0 | t: 2.791160 | r:  -507.000000 | e:   1.000000 | Q:        nan | won: False 
#  211 | steps:  2356 | steps_t:     0 | t: 2.800160 | r:  -517.000000 | e:   1.000000 | Q:        nan | won: False 
#  212 | steps:  2373 | steps_t:     0 | t: 2.809161 | r:  -516.000000 | e:   1.000000 | Q:        nan | won: False 
#  213 | steps:  2399 | steps_t:     0 | t: 2.822162 | r:  -525.000000 | e:   1.000000 | Q:        nan | won: False 
#  214 | steps:  2413 | steps_t:     0 | t: 2.828162 | r:  -513.000000 | e:   1.000000 | Q:        nan | won: False 
#  215 | steps:  2420 | steps_t:     0 | t: 2.832162 | r:  -506.000000 | e:   1.000000 | Q:        nan | won: False 
#  216 | steps:  2434 | steps_t:     0 | t: 2.840163 | r:  -513.000000 | e:   1.000000 | Q:        nan | won: False 
#  217 | steps:  2442 | steps_t:     0 | t: 2.844163 | r:  -507.000000 | e:   1.000000 | Q:        nan | won: False 
#  218 | steps:  2450 | steps_t:     0 | t: 2.849163 | r:  -507.000000 | e:   1.000000 | Q:        nan | won: False 
#  219 | steps:  2458 | steps_t:     0 | t: 2.853163 | r:  -507.000000 | e:   1.000000 | Q:        nan | won: False 
#  220 | steps:  2472 | steps_t:     0 | t: 2.860164 | r:  -513.000000 | e:   1.000000 | Q:        nan | won: False 
#  221 | steps:  2490 | steps_t:     0 | t: 2.869164 | r:  -517.000000 | e:   1.000000 | Q:        nan | won: False 
#  222 | steps:  2498 | steps_t:     0 | t: 2.874165 | r:  -507.000000 | e:   1.000000 | Q:        nan | won: False 
#  223 | steps:  2508 | steps_t:     0 | t: 2.879165 | r:  -509.000000 | e:   1.000000 | Q:        nan | won: False 
#  224 | steps:  2522 | steps_t:     0 | t: 2.886165 | r:  -513.000000 | e:   1.000000 | Q:        nan | won: False 
#  225 | steps:  2533 | steps_t:     0 | t: 2.891165 | r:  -510.000000 | e:   1.000000 | Q:        nan | won: False 
#  226 | steps:  2545 | steps_t:     0 | t: 2.898166 | r:  -511.000000 | e:   1.000000 | Q:        nan | won: False 
#  227 | steps:  2550 | steps_t:     0 | t: 2.901166 | r:  -504.000000 | e:   1.000000 | Q:        nan | won: False 
#  228 | steps:  2558 | steps_t:     0 | t: 2.906166 | r:  -507.000000 | e:   1.000000 | Q:        nan | won: False 
#  229 | steps:  2577 | steps_t:     0 | t: 2.915167 | r:  -518.000000 | e:   1.000000 | Q:        nan | won: False 
#  230 | steps:  2585 | steps_t:     0 | t: 2.920167 | r:  -507.000000 | e:   1.000000 | Q:        nan | won: False 
#  231 | steps:  2598 | steps_t:     0 | t: 2.927168 | r:  -512.000000 | e:   1.000000 | Q:        nan | won: False 
#  232 | steps:  2606 | steps_t:     0 | t: 2.931168 | r:  -507.000000 | e:   1.000000 | Q:        nan | won: False 
#  233 | steps:  2616 | steps_t:     0 | t: 2.937168 | r:  -509.000000 | e:   1.000000 | Q:        nan | won: False 
#  234 | steps:  2634 | steps_t:     0 | t: 2.945169 | r:  -506.000000 | e:   1.000000 | Q:        nan | won: False 
#  235 | steps:  2644 | steps_t:     0 | t: 2.952169 | r:  -509.000000 | e:   1.000000 | Q:        nan | won: False 
#  236 | steps:  2652 | steps_t:     0 | t: 2.956169 | r:  -507.000000 | e:   1.000000 | Q:        nan | won: False 
#  237 | steps:  2667 | steps_t:     0 | t: 2.963170 | r:  -503.000000 | e:   1.000000 | Q:        nan | won: False 
#  238 | steps:  2678 | steps_t:     0 | t: 2.970170 | r:  -510.000000 | e:   1.000000 | Q:        nan | won: False 
#  239 | steps:  2685 | steps_t:     0 | t: 2.973170 | r:  -506.000000 | e:   1.000000 | Q:        nan | won: False 
#  240 | steps:  2693 | steps_t:     0 | t: 2.977170 | r:  -507.000000 | e:   1.000000 | Q:        nan | won: False 
#  241 | steps:  2704 | steps_t:     0 | t: 2.982171 | r:  -510.000000 | e:   1.000000 | Q:        nan | won: False 
#  242 | steps:  2720 | steps_t:     0 | t: 2.992171 | r:  -515.000000 | e:   1.000000 | Q:        nan | won: False 
#  243 | steps:  2732 | steps_t:     0 | t: 2.999172 | r:  -511.000000 | e:   1.000000 | Q:        nan | won: False 
#  244 | steps:  2742 | steps_t:     0 | t: 3.004172 | r:  -509.000000 | e:   1.000000 | Q:        nan | won: False 
#  245 | steps:  2754 | steps_t:     0 | t: 3.010172 | r:  -511.000000 | e:   1.000000 | Q:        nan | won: False 
#  246 | steps:  2761 | steps_t:     0 | t: 3.013173 | r:  -506.000000 | e:   1.000000 | Q:        nan | won: False 
#  247 | steps:  2772 | steps_t:     0 | t: 3.019173 | r:  -510.000000 | e:   1.000000 | Q:        nan | won: False 
#  248 | steps:  2794 | steps_t:     0 | t: 3.031173 | r:  -521.000000 | e:   1.000000 | Q:        nan | won: False 
#  249 | steps:  2802 | steps_t:     0 | t: 3.037174 | r:  -507.000000 | e:   1.000000 | Q:        nan | won: False 
#  250 | steps:  2813 | steps_t:     0 | t: 3.043174 | r:  -510.000000 | e:   1.000000 | Q:        nan | won: False 
#  251 | steps:  2827 | steps_t:     0 | t: 3.051175 | r:  -513.000000 | e:   1.000000 | Q:        nan | won: False 
#  252 | steps:  2838 | steps_t:     0 | t: 3.057175 | r:  -510.000000 | e:   1.000000 | Q:        nan | won: False 
#  253 | steps:  2845 | steps_t:     0 | t: 3.060175 | r:  -506.000000 | e:   1.000000 | Q:        nan | won: False 
#  254 | steps:  2854 | steps_t:     0 | t: 3.065176 | r:  -508.000000 | e:   1.000000 | Q:        nan | won: False 
#  255 | steps:  2861 | steps_t:     0 | t: 3.071176 | r:  -506.000000 | e:   1.000000 | Q:        nan | won: False 
#  256 | steps:  2868 | steps_t:     0 | t: 3.075176 | r:  -506.000000 | e:   1.000000 | Q:        nan | won: False 
#  257 | steps:  2879 | steps_t:     0 | t: 3.081176 | r:  -510.000000 | e:   1.000000 | Q:        nan | won: False 
#  258 | steps:  2903 | steps_t:     0 | t: 3.093177 | r:  -512.000000 | e:   1.000000 | Q:        nan | won: False 
#  259 | steps:  2911 | steps_t:     0 | t: 3.097178 | r:  -507.000000 | e:   1.000000 | Q:        nan | won: False 
#  260 | steps:  2926 | steps_t:     0 | t: 3.105178 | r:  -492.000000 | e:   1.000000 | Q:        nan | won: False 
#  261 | steps:  2938 | steps_t:     0 | t: 3.111178 | r:  -511.000000 | e:   1.000000 | Q:        nan | won: False 
#  262 | steps:  2954 | steps_t:     0 | t: 3.121179 | r:  -515.000000 | e:   1.000000 | Q:        nan | won: False 
#  263 | steps:  2961 | steps_t:     0 | t: 3.124179 | r:  -506.000000 | e:   1.000000 | Q:        nan | won: False 
#  264 | steps:  2973 | steps_t:     0 | t: 3.130179 | r:  -511.000000 | e:   1.000000 | Q:        nan | won: False 
#  265 | steps:  2982 | steps_t:     0 | t: 3.135180 | r:  -508.000000 | e:   1.000000 | Q:        nan | won: False 
#  266 | steps:  2994 | steps_t:     0 | t: 3.142180 | r:  -511.000000 | e:   1.000000 | Q:        nan | won: False 
#  267 | steps:  3008 | steps_t:     0 | t: 3.149180 | r:  -513.000000 | e:   1.000000 | Q:        nan | won: False 
#  268 | steps:  3018 | steps_t:     0 | t: 3.154181 | r:  -509.000000 | e:   1.000000 | Q:        nan | won: False 
#  269 | steps:  3028 | steps_t:     0 | t: 3.159181 | r:  -509.000000 | e:   1.000000 | Q:        nan | won: False 
#  270 | steps:  3043 | steps_t:     0 | t: 3.167181 | r:  -514.000000 | e:   1.000000 | Q:        nan | won: False 
#  271 | steps:  3053 | steps_t:     0 | t: 3.172182 | r:  -509.000000 | e:   1.000000 | Q:        nan | won: False 
#  272 | steps:  3060 | steps_t:     0 | t: 3.176182 | r:  -506.000000 | e:   1.000000 | Q:        nan | won: False 
#  273 | steps:  3070 | steps_t:     0 | t: 3.181182 | r:  -509.000000 | e:   1.000000 | Q:        nan | won: False 
#  274 | steps:  3084 | steps_t:     0 | t: 3.189183 | r:  -513.000000 | e:   1.000000 | Q:        nan | won: False 
#  275 | steps:  3097 | steps_t:     0 | t: 3.195183 | r:  -512.000000 | e:   1.000000 | Q:        nan | won: False 
#  276 | steps:  3102 | steps_t:     0 | t: 3.199183 | r:  -504.000000 | e:   1.000000 | Q:        nan | won: False 
#  277 | steps:  3111 | steps_t:     0 | t: 3.204183 | r:  -508.000000 | e:   1.000000 | Q:        nan | won: False 
#  278 | steps:  3126 | steps_t:     0 | t: 3.211184 | r:  -514.000000 | e:   1.000000 | Q:        nan | won: False 
#  279 | steps:  3132 | steps_t:     0 | t: 3.215184 | r:  -505.000000 | e:   1.000000 | Q:        nan | won: False 
#  280 | steps:  3160 | steps_t:     0 | t: 3.230185 | r:  -527.000000 | e:   1.000000 | Q:        nan | won: False 
#  281 | steps:  3178 | steps_t:     0 | t: 3.240185 | r:  -506.000000 | e:   1.000000 | Q:        nan | won: False 
#  282 | steps:  3194 | steps_t:     0 | t: 3.249186 | r:  -515.000000 | e:   1.000000 | Q:        nan | won: False 
#  283 | steps:  3203 | steps_t:     0 | t: 3.254186 | r:  -508.000000 | e:   1.000000 | Q:        nan | won: False 
#  284 | steps:  3217 | steps_t:     0 | t: 3.262187 | r:  -513.000000 | e:   1.000000 | Q:        nan | won: False 
#  285 | steps:  3229 | steps_t:     0 | t: 3.269187 | r:  -511.000000 | e:   1.000000 | Q:        nan | won: False 
#  286 | steps:  3248 | steps_t:     0 | t: 3.279188 | r:  -518.000000 | e:   1.000000 | Q:        nan | won: False 
#  287 | steps:  3253 | steps_t:     0 | t: 3.281188 | r:  -504.000000 | e:   1.000000 | Q:        nan | won: False 
#  288 | steps:  3262 | steps_t:     0 | t: 3.287188 | r:  -508.000000 | e:   1.000000 | Q:        nan | won: False 
#  289 | steps:  3275 | steps_t:     0 | t: 3.294188 | r:  -512.000000 | e:   1.000000 | Q:        nan | won: False 
#  290 | steps:  3286 | steps_t:     0 | t: 3.300189 | r:  -510.000000 | e:   1.000000 | Q:        nan | won: False 
#  291 | steps:  3309 | steps_t:     0 | t: 3.312190 | r:  -522.000000 | e:   1.000000 | Q:        nan | won: False 
#  292 | steps:  3314 | steps_t:     0 | t: 3.316190 | r:  -504.000000 | e:   1.000000 | Q:        nan | won: False 
#  293 | steps:  3321 | steps_t:     0 | t: 3.320190 | r:  -506.000000 | e:   1.000000 | Q:        nan | won: False 
#  294 | steps:  3334 | steps_t:     0 | t: 3.327190 | r:  -512.000000 | e:   1.000000 | Q:        nan | won: False 
#  295 | steps:  3342 | steps_t:     0 | t: 3.331191 | r:  -507.000000 | e:   1.000000 | Q:        nan | won: False 
#  296 | steps:  3358 | steps_t:     0 | t: 3.340191 | r:  -515.000000 | e:   1.000000 | Q:        nan | won: False 
#  297 | steps:  3367 | steps_t:     0 | t: 3.344191 | r:  -508.000000 | e:   1.000000 | Q:        nan | won: False 
#  298 | steps:  3388 | steps_t:     0 | t: 3.355192 | r:  -520.000000 | e:   1.000000 | Q:        nan | won: False 
#  299 | steps:  3395 | steps_t:     0 | t: 3.358192 | r:  -506.000000 | e:   1.000000 | Q:        nan | won: False 
#  300 | steps:  3413 | steps_t:     0 | t: 3.368193 | r:  -517.000000 | e:   1.000000 | Q:        nan | won: False 
#  301 | steps:  3423 | steps_t:     0 | t: 3.372193 | r:  -509.000000 | e:   1.000000 | Q:        nan | won: False 
#  302 | steps:  3428 | steps_t:     0 | t: 3.375193 | r:  -504.000000 | e:   1.000000 | Q:        nan | won: False 
#  303 | steps:  3434 | steps_t:     0 | t: 3.379193 | r:  -505.000000 | e:   1.000000 | Q:        nan | won: False 
#  304 | steps:  3443 | steps_t:     0 | t: 3.383194 | r:  -508.000000 | e:   1.000000 | Q:        nan | won: False 
#  305 | steps:  3454 | steps_t:     0 | t: 3.389194 | r:  -510.000000 | e:   1.000000 | Q:        nan | won: False 
#  306 | steps:  3461 | steps_t:     0 | t: 3.392194 | r:  -506.000000 | e:   1.000000 | Q:        nan | won: False 
#  307 | steps:  3467 | steps_t:     0 | t: 3.395195 | r:  -505.000000 | e:   1.000000 | Q:        nan | won: False 
#  308 | steps:  3479 | steps_t:     0 | t: 3.402195 | r:  -511.000000 | e:   1.000000 | Q:        nan | won: False 
#  309 | steps:  3494 | steps_t:     0 | t: 3.411195 | r:  -514.000000 | e:   1.000000 | Q:        nan | won: False 
#  310 | steps:  3517 | steps_t:     0 | t: 3.422196 | r:  -522.000000 | e:   1.000000 | Q:        nan | won: False 
#  311 | steps:  3526 | steps_t:     0 | t: 3.426196 | r:  -508.000000 | e:   1.000000 | Q:        nan | won: False 
#  312 | steps:  3540 | steps_t:     0 | t: 3.433197 | r:  -513.000000 | e:   1.000000 | Q:        nan | won: False 
#  313 | steps:  3547 | steps_t:     0 | t: 3.437197 | r:  -506.000000 | e:   1.000000 | Q:        nan | won: False 
#  314 | steps:  3557 | steps_t:     0 | t: 3.442197 | r:  -509.000000 | e:   1.000000 | Q:        nan | won: False 
#  315 | steps:  3569 | steps_t:     0 | t: 3.448197 | r:  -511.000000 | e:   1.000000 | Q:        nan | won: False 
#  316 | steps:  3581 | steps_t:     0 | t: 3.454198 | r:  -511.000000 | e:   1.000000 | Q:        nan | won: False 
#  317 | steps:  3591 | steps_t:     0 | t: 3.459198 | r:  -509.000000 | e:   1.000000 | Q:        nan | won: False 
#  318 | steps:  3600 | steps_t:     0 | t: 3.464198 | r:  -508.000000 | e:   1.000000 | Q:        nan | won: False 
#  319 | steps:  3613 | steps_t:     0 | t: 3.471199 | r:  -512.000000 | e:   1.000000 | Q:        nan | won: False 
#  320 | steps:  3619 | steps_t:     0 | t: 3.474199 | r:  -505.000000 | e:   1.000000 | Q:        nan | won: False 
#  321 | steps:  3636 | steps_t:     0 | t: 3.482199 | r:  -516.000000 | e:   1.000000 | Q:        nan | won: False 
#  322 | steps:  3642 | steps_t:     0 | t: 3.486200 | r:  -505.000000 | e:   1.000000 | Q:        nan | won: False 
#  323 | steps:  3654 | steps_t:     0 | t: 3.491200 | r:  -511.000000 | e:   1.000000 | Q:        nan | won: False 
#  324 | steps:  3665 | steps_t:     0 | t: 3.497200 | r:  -510.000000 | e:   1.000000 | Q:        nan | won: False 
#  325 | steps:  3674 | steps_t:     0 | t: 3.502201 | r:  -508.000000 | e:   1.000000 | Q:        nan | won: False 
#  326 | steps:  3679 | steps_t:     0 | t: 3.504200 | r:  -504.000000 | e:   1.000000 | Q:        nan | won: False 
#  327 | steps:  3688 | steps_t:     0 | t: 3.509201 | r:  -508.000000 | e:   1.000000 | Q:        nan | won: False 
#  328 | steps:  3695 | steps_t:     0 | t: 3.512201 | r:  -506.000000 | e:   1.000000 | Q:        nan | won: False 
#  329 | steps:  3704 | steps_t:     0 | t: 3.517201 | r:  -508.000000 | e:   1.000000 | Q:        nan | won: False 
#  330 | steps:  3713 | steps_t:     0 | t: 3.522202 | r:  -508.000000 | e:   1.000000 | Q:        nan | won: False 
#  331 | steps:  3725 | steps_t:     0 | t: 3.527202 | r:  -511.000000 | e:   1.000000 | Q:        nan | won: False 
#  332 | steps:  3733 | steps_t:     0 | t: 3.532202 | r:  -507.000000 | e:   1.000000 | Q:        nan | won: False 
#  333 | steps:  3739 | steps_t:     0 | t: 3.536202 | r:  -505.000000 | e:   1.000000 | Q:        nan | won: False 
#  334 | steps:  3748 | steps_t:     0 | t: 3.540203 | r:  -508.000000 | e:   1.000000 | Q:        nan | won: False 
#  335 | steps:  3757 | steps_t:     0 | t: 3.544203 | r:  -508.000000 | e:   1.000000 | Q:        nan | won: False 
#  336 | steps:  3778 | steps_t:     0 | t: 3.555203 | r:  -520.000000 | e:   1.000000 | Q:        nan | won: False 
#  337 | steps:  3786 | steps_t:     0 | t: 3.559204 | r:  -507.000000 | e:   1.000000 | Q:        nan | won: False 
#  338 | steps:  3798 | steps_t:     0 | t: 3.565204 | r:  -511.000000 | e:   1.000000 | Q:        nan | won: False 
#  339 | steps:  3821 | steps_t:     0 | t: 3.576205 | r:  -522.000000 | e:   1.000000 | Q:        nan | won: False 
#  340 | steps:  3826 | steps_t:     0 | t: 3.579205 | r:  -504.000000 | e:   1.000000 | Q:        nan | won: False 
#  341 | steps:  3832 | steps_t:     0 | t: 3.582205 | r:  -505.000000 | e:   1.000000 | Q:        nan | won: False 
#  342 | steps:  3840 | steps_t:     0 | t: 3.587205 | r:  -507.000000 | e:   1.000000 | Q:        nan | won: False 
#  343 | steps:  3847 | steps_t:     0 | t: 3.590205 | r:  -506.000000 | e:   1.000000 | Q:        nan | won: False 
#  344 | steps:  3854 | steps_t:     0 | t: 3.594206 | r:  -506.000000 | e:   1.000000 | Q:        nan | won: False 
#  345 | steps:  3866 | steps_t:     0 | t: 3.600206 | r:  -511.000000 | e:   1.000000 | Q:        nan | won: False 
#  346 | steps:  3884 | steps_t:     0 | t: 3.608207 | r:  -506.000000 | e:   1.000000 | Q:        nan | won: False 
#  347 | steps:  3900 | steps_t:     0 | t: 3.617207 | r:  -515.000000 | e:   1.000000 | Q:        nan | won: False 
#  348 | steps:  3909 | steps_t:     0 | t: 3.622207 | r:  -508.000000 | e:   1.000000 | Q:        nan | won: False 
#  349 | steps:  3915 | steps_t:     0 | t: 3.625208 | r:  -505.000000 | e:   1.000000 | Q:        nan | won: False 
#  350 | steps:  3928 | steps_t:     0 | t: 3.631208 | r:  -512.000000 | e:   1.000000 | Q:        nan | won: False 
#  351 | steps:  3938 | steps_t:     0 | t: 3.637208 | r:  -509.000000 | e:   1.000000 | Q:        nan | won: False 
#  352 | steps:  3950 | steps_t:     0 | t: 3.643209 | r:  -511.000000 | e:   1.000000 | Q:        nan | won: False 
#  353 | steps:  3957 | steps_t:     0 | t: 3.647209 | r:  -506.000000 | e:   1.000000 | Q:        nan | won: False 
#  354 | steps:  3970 | steps_t:     0 | t: 3.656209 | r:  -512.000000 | e:   1.000000 | Q:        nan | won: False 
#  355 | steps:  3978 | steps_t:     0 | t: 3.660209 | r:  -507.000000 | e:   1.000000 | Q:        nan | won: False 
#  356 | steps:  3987 | steps_t:     0 | t: 3.664210 | r:  -508.000000 | e:   1.000000 | Q:        nan | won: False 
#  357 | steps:  3997 | steps_t:     0 | t: 3.674210 | r:  -509.000000 | e:   1.000000 | Q:        nan | won: False 
#  358 | steps:  4005 | steps_t:     0 | t: 3.678211 | r:  -507.000000 | e:   1.000000 | Q:        nan | won: False 
#  359 | steps:  4022 | steps_t:     0 | t: 3.687211 | r:  -516.000000 | e:   1.000000 | Q:        nan | won: False 
#  360 | steps:  4032 | steps_t:     0 | t: 3.692211 | r:  -509.000000 | e:   1.000000 | Q:        nan | won: False 
#  361 | steps:  4044 | steps_t:     0 | t: 3.698212 | r:  -511.000000 | e:   1.000000 | Q:        nan | won: False 
#  362 | steps:  4051 | steps_t:     0 | t: 3.703212 | r:  -506.000000 | e:   1.000000 | Q:        nan | won: False 
#  363 | steps:  4059 | steps_t:     0 | t: 3.707212 | r:  -507.000000 | e:   1.000000 | Q:        nan | won: False 
#  364 | steps:  4071 | steps_t:     0 | t: 3.713212 | r:  -511.000000 | e:   1.000000 | Q:        nan | won: False 
#  365 | steps:  4080 | steps_t:     0 | t: 3.719213 | r:  -508.000000 | e:   1.000000 | Q:        nan | won: False 
#  366 | steps:  4090 | steps_t:     0 | t: 3.724213 | r:  -509.000000 | e:   1.000000 | Q:        nan | won: False 
#  367 | steps:  4105 | steps_t:     0 | t: 3.733214 | r:  -514.000000 | e:   1.000000 | Q:        nan | won: False 
#  368 | steps:  4118 | steps_t:     0 | t: 3.739214 | r:  -512.000000 | e:   1.000000 | Q:        nan | won: False 
#  369 | steps:  4130 | steps_t:     0 | t: 3.745214 | r:  -511.000000 | e:   1.000000 | Q:        nan | won: False 
#  370 | steps:  4138 | steps_t:     0 | t: 3.750215 | r:  -507.000000 | e:   1.000000 | Q:        nan | won: False 
#  371 | steps:  4148 | steps_t:     0 | t: 3.756215 | r:  -509.000000 | e:   1.000000 | Q:        nan | won: False 
#  372 | steps:  4157 | steps_t:     0 | t: 3.760215 | r:  -508.000000 | e:   1.000000 | Q:        nan | won: False 
#  373 | steps:  4166 | steps_t:     0 | t: 3.765216 | r:  -508.000000 | e:   1.000000 | Q:        nan | won: False 
#  374 | steps:  4175 | steps_t:     0 | t: 3.771216 | r:  -508.000000 | e:   1.000000 | Q:        nan | won: False 
#  375 | steps:  4185 | steps_t:     0 | t: 3.778216 | r:  -509.000000 | e:   1.000000 | Q:        nan | won: False 
#  376 | steps:  4192 | steps_t:     0 | t: 3.782217 | r:  -506.000000 | e:   1.000000 | Q:        nan | won: False 
#  377 | steps:  4213 | steps_t:     0 | t: 3.793217 | r:  -520.000000 | e:   1.000000 | Q:        nan | won: False 
#  378 | steps:  4228 | steps_t:     0 | t: 3.801218 | r:  -503.000000 | e:   1.000000 | Q:        nan | won: False 
#  379 | steps:  4239 | steps_t:     0 | t: 3.806218 | r:  -510.000000 | e:   1.000000 | Q:        nan | won: False 
#  380 | steps:  4252 | steps_t:     0 | t: 3.813218 | r:  -512.000000 | e:   1.000000 | Q:        nan | won: False 
#  381 | steps:  4264 | steps_t:     0 | t: 3.819218 | r:  -511.000000 | e:   1.000000 | Q:        nan | won: False 
#  382 | steps:  4274 | steps_t:     0 | t: 3.824219 | r:  -509.000000 | e:   1.000000 | Q:        nan | won: False 
#  383 | steps:  4285 | steps_t:     0 | t: 3.830219 | r:  -510.000000 | e:   1.000000 | Q:        nan | won: False 
#  384 | steps:  4300 | steps_t:     0 | t: 3.838220 | r:  -492.000000 | e:   1.000000 | Q:        nan | won: False 
#  385 | steps:  4316 | steps_t:     0 | t: 3.845220 | r:  -515.000000 | e:   1.000000 | Q:        nan | won: False 
#  386 | steps:  4324 | steps_t:     0 | t: 3.851220 | r:  -507.000000 | e:   1.000000 | Q:        nan | won: False 
#  387 | steps:  4348 | steps_t:     0 | t: 3.862221 | r:  -523.000000 | e:   1.000000 | Q:        nan | won: False 
#  388 | steps:  4359 | steps_t:     0 | t: 3.869221 | r:  -510.000000 | e:   1.000000 | Q:        nan | won: False 
#  389 | steps:  4374 | steps_t:     0 | t: 3.876222 | r:  -503.000000 | e:   1.000000 | Q:        nan | won: False 
#  390 | steps:  4382 | steps_t:     0 | t: 3.880222 | r:  -507.000000 | e:   1.000000 | Q:        nan | won: False 
#  391 | steps:  4394 | steps_t:     0 | t: 3.888222 | r:  -511.000000 | e:   1.000000 | Q:        nan | won: False 
#  392 | steps:  4412 | steps_t:     0 | t: 3.898223 | r:  -517.000000 | e:   1.000000 | Q:        nan | won: False 
#  393 | steps:  4419 | steps_t:     0 | t: 3.904223 | r:  -506.000000 | e:   1.000000 | Q:        nan | won: False 
#  394 | steps:  4430 | steps_t:     0 | t: 3.910224 | r:  -510.000000 | e:   1.000000 | Q:        nan | won: False 
#  395 | steps:  4441 | steps_t:     0 | t: 3.916224 | r:  -510.000000 | e:   1.000000 | Q:        nan | won: False 
#  396 | steps:  4451 | steps_t:     0 | t: 3.922225 | r:  -509.000000 | e:   1.000000 | Q:        nan | won: False 
#  397 | steps:  4461 | steps_t:     0 | t: 3.927225 | r:  -509.000000 | e:   1.000000 | Q:        nan | won: False 
#  398 | steps:  4478 | steps_t:     0 | t: 3.935225 | r:  -516.000000 | e:   1.000000 | Q:        nan | won: False 
#  399 | steps:  4486 | steps_t:     0 | t: 3.940226 | r:  -507.000000 | e:   1.000000 | Q:        nan | won: False 
#  400 | steps:  4493 | steps_t:     0 | t: 3.944226 | r:  -506.000000 | e:   1.000000 | Q:        nan | won: False 
#  401 | steps:  4503 | steps_t:     0 | t: 3.949226 | r:  -509.000000 | e:   1.000000 | Q:        nan | won: False 
#  402 | steps:  4509 | steps_t:     0 | t: 3.952226 | r:  -505.000000 | e:   1.000000 | Q:        nan | won: False 
#  403 | steps:  4516 | steps_t:     0 | t: 3.956226 | r:  -506.000000 | e:   1.000000 | Q:        nan | won: False 
#  404 | steps:  4527 | steps_t:     0 | t: 3.961227 | r:  -510.000000 | e:   1.000000 | Q:        nan | won: False 
#  405 | steps:  4535 | steps_t:     0 | t: 3.965227 | r:  -507.000000 | e:   1.000000 | Q:        nan | won: False 
#  406 | steps:  4540 | steps_t:     0 | t: 3.968227 | r:  -504.000000 | e:   1.000000 | Q:        nan | won: False 
#  407 | steps:  4551 | steps_t:     0 | t: 3.973227 | r:  -510.000000 | e:   1.000000 | Q:        nan | won: False 
#  408 | steps:  4570 | steps_t:     0 | t: 3.993229 | r:  -518.000000 | e:   1.000000 | Q:        nan | won: False 
#  409 | steps:  4590 | steps_t:     0 | t: 4.006229 | r:  -519.000000 | e:   1.000000 | Q:        nan | won: False 
#  410 | steps:  4598 | steps_t:     0 | t: 4.010230 | r:  -507.000000 | e:   1.000000 | Q:        nan | won: False 
#  411 | steps:  4607 | steps_t:     0 | t: 4.015230 | r:  -508.000000 | e:   1.000000 | Q:        nan | won: False 
#  412 | steps:  4613 | steps_t:     0 | t: 4.021230 | r:  -505.000000 | e:   1.000000 | Q:        nan | won: False 
#  413 | steps:  4626 | steps_t:     0 | t: 4.029231 | r:  -512.000000 | e:   1.000000 | Q:        nan | won: False 
#  414 | steps:  4637 | steps_t:     0 | t: 4.036231 | r:  -510.000000 | e:   1.000000 | Q:        nan | won: False 
#  415 | steps:  4647 | steps_t:     0 | t: 4.043231 | r:  -509.000000 | e:   1.000000 | Q:        nan | won: False 
#  416 | steps:  4655 | steps_t:     0 | t: 4.049232 | r:  -507.000000 | e:   1.000000 | Q:        nan | won: False 
#  417 | steps:  4664 | steps_t:     0 | t: 4.057232 | r:  -508.000000 | e:   1.000000 | Q:        nan | won: False 
#  418 | steps:  4676 | steps_t:     0 | t: 4.066233 | r:  -511.000000 | e:   1.000000 | Q:        nan | won: False 
#  419 | steps:  4687 | steps_t:     0 | t: 4.073233 | r:  -510.000000 | e:   1.000000 | Q:        nan | won: False 
#  420 | steps:  4701 | steps_t:     0 | t: 4.080234 | r:  -513.000000 | e:   1.000000 | Q:        nan | won: False 
#  421 | steps:  4708 | steps_t:     0 | t: 4.084234 | r:  -506.000000 | e:   1.000000 | Q:        nan | won: False 
#  422 | steps:  4717 | steps_t:     0 | t: 4.089234 | r:  -508.000000 | e:   1.000000 | Q:        nan | won: False 
#  423 | steps:  4727 | steps_t:     0 | t: 4.095234 | r:  -509.000000 | e:   1.000000 | Q:        nan | won: False 
#  424 | steps:  4746 | steps_t:     0 | t: 4.106235 | r:  -518.000000 | e:   1.000000 | Q:        nan | won: False 
#  425 | steps:  4753 | steps_t:     0 | t: 4.110235 | r:  -506.000000 | e:   1.000000 | Q:        nan | won: False 
#  426 | steps:  4760 | steps_t:     0 | t: 4.115235 | r:  -506.000000 | e:   1.000000 | Q:        nan | won: False 
#  427 | steps:  4775 | steps_t:     0 | t: 4.124236 | r:  -503.000000 | e:   1.000000 | Q:        nan | won: False 
#  428 | steps:  4793 | steps_t:     0 | t: 4.133237 | r:  -506.000000 | e:   1.000000 | Q:        nan | won: False 
#  429 | steps:  4808 | steps_t:     0 | t: 4.141237 | r:  -492.000000 | e:   1.000000 | Q:        nan | won: False 
#  430 | steps:  4817 | steps_t:     0 | t: 4.146237 | r:  -508.000000 | e:   1.000000 | Q:        nan | won: False 
#  431 | steps:  4826 | steps_t:     0 | t: 4.152238 | r:  -508.000000 | e:   1.000000 | Q:        nan | won: False 
#  432 | steps:  4837 | steps_t:     0 | t: 4.158238 | r:  -510.000000 | e:   1.000000 | Q:        nan | won: False 
#  433 | steps:  4845 | steps_t:     0 | t: 4.162238 | r:  -507.000000 | e:   1.000000 | Q:        nan | won: False 
#  434 | steps:  4852 | steps_t:     0 | t: 4.165238 | r:  -506.000000 | e:   1.000000 | Q:        nan | won: False 
#  435 | steps:  4861 | steps_t:     0 | t: 4.171239 | r:  -508.000000 | e:   1.000000 | Q:        nan | won: False 
#  436 | steps:  4871 | steps_t:     0 | t: 4.176239 | r:  -509.000000 | e:   1.000000 | Q:        nan | won: False 
#  437 | steps:  4886 | steps_t:     0 | t: 4.184239 | r:  -514.000000 | e:   1.000000 | Q:        nan | won: False 
#  438 | steps:  4894 | steps_t:     0 | t: 4.189240 | r:  -507.000000 | e:   1.000000 | Q:        nan | won: False 
#  439 | steps:  4904 | steps_t:     0 | t: 4.194240 | r:  -509.000000 | e:   1.000000 | Q:        nan | won: False 
#  440 | steps:  4918 | steps_t:     0 | t: 4.201240 | r:  -513.000000 | e:   1.000000 | Q:        nan | won: False 
#  441 | steps:  4926 | steps_t:     0 | t: 4.205241 | r:  -507.000000 | e:   1.000000 | Q:        nan | won: False 
#  442 | steps:  4946 | steps_t:     0 | t: 4.217242 | r:  -508.000000 | e:   1.000000 | Q:        nan | won: False 
#  443 | steps:  4951 | steps_t:     0 | t: 4.221242 | r:  -504.000000 | e:   1.000000 | Q:        nan | won: False 
#  444 | steps:  4967 | steps_t:     0 | t: 4.229242 | r:  -515.000000 | e:   1.000000 | Q:        nan | won: False 
#  445 | steps:  4975 | steps_t:     0 | t: 4.234242 | r:  -507.000000 | e:   1.000000 | Q:        nan | won: False 
#  446 | steps:  4983 | steps_t:     0 | t: 4.239243 | r:  -507.000000 | e:   1.000000 | Q:        nan | won: False 
#  447 | steps:  4996 | steps_t:     0 | t: 4.245243 | r:  -512.000000 | e:   1.000000 | Q:        nan | won: False 
#  448 | steps:  5008 | steps_t:     6 | t: 9.525545 | r:  -511.000000 | e:   0.999400 | Q:        nan | won: False 
#  449 | steps:  5013 | steps_t:    10 | t: 9.581548 | r:  -504.000000 | e:   0.999000 | Q:        nan | won: False 
#  450 | steps:  5024 | steps_t:    20 | t: 9.712556 | r:  -510.000000 | e:   0.998000 | Q:        nan | won: False 
#  451 | steps:  5031 | steps_t:    26 | t: 9.789560 | r:  -506.000000 | e:   0.997400 | Q:        nan | won: False 
#  452 | steps:  5037 | steps_t:    31 | t: 9.854564 | r:  -505.000000 | e:   0.996900 | Q:        nan | won: False 
#  453 | steps:  5060 | steps_t:    53 | t: 10.109578 | r:  -522.000000 | e:   0.994700 | Q:        nan | won: False 
#  454 | steps:  5067 | steps_t:    59 | t: 10.192583 | r:  -506.000000 | e:   0.994100 | Q:        nan | won: False 
#  455 | steps:  5073 | steps_t:    64 | t: 10.264587 | r:  -505.000000 | e:   0.993600 | Q:        nan | won: False 
#  456 | steps:  5081 | steps_t:    71 | t: 10.346592 | r:  -507.000000 | e:   0.992900 | Q:        nan | won: False 
#  457 | steps:  5090 | steps_t:    79 | t: 10.455598 | r:  -508.000000 | e:   0.992100 | Q:        nan | won: False 
#  458 | steps:  5102 | steps_t:    90 | t: 10.639609 | r:  -511.000000 | e:   0.991000 | Q:        nan | won: False 
#  459 | steps:  5112 | steps_t:    99 | t: 10.796618 | r:  -509.000000 | e:   0.990100 | Q:        nan | won: False 
#  460 | steps:  5124 | steps_t:   110 | t: 10.993629 | r:  -511.000000 | e:   0.989000 | Q:        nan | won: False 
#  461 | steps:  5143 | steps_t:   128 | t: 11.268645 | r:  -518.000000 | e:   0.987200 | Q:        nan | won: False 
