#    1 | steps:    20 | steps_t:     0 | t: 0.141008 | r:  -519.000000 | e:   1.000000 | Q:        nan | won: False 
#    2 | steps:    29 | steps_t:     0 | t: 0.171010 | r:  -508.000000 | e:   1.000000 | Q:        nan | won: False 
#    3 | steps:    49 | steps_t:     0 | t: 0.181010 | r:  -519.000000 | e:   1.000000 | Q:        nan | won: False 
#    4 | steps:    62 | steps_t:     0 | t: 0.259015 | r:  -512.000000 | e:   1.000000 | Q:        nan | won: False 
#    5 | steps:    75 | steps_t:     0 | t: 0.267015 | r:  -512.000000 | e:   1.000000 | Q:        nan | won: False 
#    6 | steps:    85 | steps_t:     0 | t: 0.273016 | r:  -509.000000 | e:   1.000000 | Q:        nan | won: False 
#    7 | steps:    96 | steps_t:     0 | t: 0.281016 | r:  -510.000000 | e:   1.000000 | Q:        nan | won: False 
#    8 | steps:   106 | steps_t:     0 | t: 0.288017 | r:  -509.000000 | e:   1.000000 | Q:        nan | won: False 
#    9 | steps:   117 | steps_t:     0 | t: 0.298017 | r:  -510.000000 | e:   1.000000 | Q:        nan | won: False 
#   10 | steps:   140 | steps_t:     0 | t: 0.310018 | r:  -522.000000 | e:   1.000000 | Q:        nan | won: False 
#   11 | steps:   160 | steps_t:     0 | t: 0.322018 | r:  -519.000000 | e:   1.000000 | Q:        nan | won: False 
#   12 | steps:   165 | steps_t:     0 | t: 0.325019 | r:  -504.000000 | e:   1.000000 | Q:        nan | won: False 
#   13 | steps:   173 | steps_t:     0 | t: 0.331019 | r:  -507.000000 | e:   1.000000 | Q:        nan | won: False 
#   14 | steps:   186 | steps_t:     0 | t: 0.338019 | r:  -512.000000 | e:   1.000000 | Q:        nan | won: False 
#   15 | steps:   194 | steps_t:     0 | t: 0.343020 | r:  -507.000000 | e:   1.000000 | Q:        nan | won: False 
#   16 | steps:   204 | steps_t:     0 | t: 0.351020 | r:  -509.000000 | e:   1.000000 | Q:        nan | won: False 
#   17 | steps:   212 | steps_t:     0 | t: 0.356020 | r:  -507.000000 | e:   1.000000 | Q:        nan | won: False 
#   18 | steps:   219 | steps_t:     0 | t: 0.360021 | r:  -506.000000 | e:   1.000000 | Q:        nan | won: False 
#   19 | steps:   229 | steps_t:     0 | t: 0.368021 | r:  -509.000000 | e:   1.000000 | Q:        nan | won: False 
#   20 | steps:   239 | steps_t:     0 | t: 0.373021 | r:  -509.000000 | e:   1.000000 | Q:        nan | won: False 
#   21 | steps:   249 | steps_t:     0 | t: 0.380022 | r:  -509.000000 | e:   1.000000 | Q:        nan | won: False 
#   22 | steps:   262 | steps_t:     0 | t: 0.388022 | r:  -512.000000 | e:   1.000000 | Q:        nan | won: False 
#   23 | steps:   273 | steps_t:     0 | t: 0.394022 | r:  -510.000000 | e:   1.000000 | Q:        nan | won: False 
#   24 | steps:   283 | steps_t:     0 | t: 0.399023 | r:  -509.000000 | e:   1.000000 | Q:        nan | won: False 
#   25 | steps:   293 | steps_t:     0 | t: 0.405023 | r:  -509.000000 | e:   1.000000 | Q:        nan | won: False 
#   26 | steps:   307 | steps_t:     0 | t: 0.412024 | r:  -513.000000 | e:   1.000000 | Q:        nan | won: False 
#   27 | steps:   315 | steps_t:     0 | t: 0.417024 | r:  -507.000000 | e:   1.000000 | Q:        nan | won: False 
#   28 | steps:   328 | steps_t:     0 | t: 0.423024 | r:  -512.000000 | e:   1.000000 | Q:        nan | won: False 
#   29 | steps:   335 | steps_t:     0 | t: 0.427025 | r:  -506.000000 | e:   1.000000 | Q:        nan | won: False 
#   30 | steps:   345 | steps_t:     0 | t: 0.433025 | r:  -509.000000 | e:   1.000000 | Q:        nan | won: False 
#   31 | steps:   355 | steps_t:     0 | t: 0.440025 | r:  -509.000000 | e:   1.000000 | Q:        nan | won: False 
#   32 | steps:   363 | steps_t:     0 | t: 0.444026 | r:  -507.000000 | e:   1.000000 | Q:        nan | won: False 
#   33 | steps:   374 | steps_t:     0 | t: 0.450026 | r:  -510.000000 | e:   1.000000 | Q:        nan | won: False 
#   34 | steps:   383 | steps_t:     0 | t: 0.455026 | r:  -508.000000 | e:   1.000000 | Q:        nan | won: False 
#   35 | steps:   400 | steps_t:     0 | t: 0.465027 | r:  -516.000000 | e:   1.000000 | Q:        nan | won: False 
#   36 | steps:   408 | steps_t:     0 | t: 0.469027 | r:  -507.000000 | e:   1.000000 | Q:        nan | won: False 
#   37 | steps:   418 | steps_t:     0 | t: 0.475027 | r:  -509.000000 | e:   1.000000 | Q:        nan | won: False 
#   38 | steps:   427 | steps_t:     0 | t: 0.481027 | r:  -508.000000 | e:   1.000000 | Q:        nan | won: False 
#   39 | steps:   434 | steps_t:     0 | t: 0.485028 | r:  -506.000000 | e:   1.000000 | Q:        nan | won: False 
#   40 | steps:   450 | steps_t:     0 | t: 0.493028 | r:  -515.000000 | e:   1.000000 | Q:        nan | won: False 
#   41 | steps:   464 | steps_t:     0 | t: 0.502029 | r:  -513.000000 | e:   1.000000 | Q:        nan | won: False 
#   42 | steps:   474 | steps_t:     0 | t: 0.508029 | r:  -509.000000 | e:   1.000000 | Q:        nan | won: False 
#   43 | steps:   506 | steps_t:     0 | t: 0.525030 | r:  -531.000000 | e:   1.000000 | Q:        nan | won: False 
#   44 | steps:   514 | steps_t:     0 | t: 0.532030 | r:  -507.000000 | e:   1.000000 | Q:        nan | won: False 
#   45 | steps:   526 | steps_t:     0 | t: 0.539031 | r:  -511.000000 | e:   1.000000 | Q:        nan | won: False 
#   46 | steps:   535 | steps_t:     0 | t: 0.544031 | r:  -508.000000 | e:   1.000000 | Q:        nan | won: False 
#   47 | steps:   542 | steps_t:     0 | t: 0.548031 | r:  -506.000000 | e:   1.000000 | Q:        nan | won: False 
#   48 | steps:   556 | steps_t:     0 | t: 0.556032 | r:  -513.000000 | e:   1.000000 | Q:        nan | won: False 
#   49 | steps:   579 | steps_t:     0 | t: 0.569033 | r:  -522.000000 | e:   1.000000 | Q:        nan | won: False 
#   50 | steps:   584 | steps_t:     0 | t: 0.572033 | r:  -504.000000 | e:   1.000000 | Q:        nan | won: False 
#   51 | steps:   592 | steps_t:     0 | t: 0.576033 | r:  -507.000000 | e:   1.000000 | Q:        nan | won: False 
#   52 | steps:   599 | steps_t:     0 | t: 0.581033 | r:  -506.000000 | e:   1.000000 | Q:        nan | won: False 
#   53 | steps:   607 | steps_t:     0 | t: 0.585034 | r:  -507.000000 | e:   1.000000 | Q:        nan | won: False 
#   54 | steps:   613 | steps_t:     0 | t: 0.588034 | r:  -505.000000 | e:   1.000000 | Q:        nan | won: False 
#   55 | steps:   619 | steps_t:     0 | t: 0.591034 | r:  -505.000000 | e:   1.000000 | Q:        nan | won: False 
#   56 | steps:   633 | steps_t:     0 | t: 0.599034 | r:  -513.000000 | e:   1.000000 | Q:        nan | won: False 
#   57 | steps:   640 | steps_t:     0 | t: 0.602035 | r:  -506.000000 | e:   1.000000 | Q:        nan | won: False 
#   58 | steps:   655 | steps_t:     0 | t: 0.610035 | r:  -514.000000 | e:   1.000000 | Q:        nan | won: False 
#   59 | steps:   668 | steps_t:     0 | t: 0.617035 | r:  -512.000000 | e:   1.000000 | Q:        nan | won: False 
#   60 | steps:   676 | steps_t:     0 | t: 0.621036 | r:  -507.000000 | e:   1.000000 | Q:        nan | won: False 
#   61 | steps:   686 | steps_t:     0 | t: 0.626036 | r:  -509.000000 | e:   1.000000 | Q:        nan | won: False 
#   62 | steps:   708 | steps_t:     0 | t: 0.639036 | r:  -521.000000 | e:   1.000000 | Q:        nan | won: False 
#   63 | steps:   726 | steps_t:     0 | t: 0.648037 | r:  -517.000000 | e:   1.000000 | Q:        nan | won: False 
#   64 | steps:   735 | steps_t:     0 | t: 0.653037 | r:  -508.000000 | e:   1.000000 | Q:        nan | won: False 
#   65 | steps:   744 | steps_t:     0 | t: 0.658038 | r:  -508.000000 | e:   1.000000 | Q:        nan | won: False 
#   66 | steps:   754 | steps_t:     0 | t: 0.664038 | r:  -509.000000 | e:   1.000000 | Q:        nan | won: False 
#   67 | steps:   783 | steps_t:     0 | t: 0.680039 | r:  -528.000000 | e:   1.000000 | Q:        nan | won: False 
#   68 | steps:   791 | steps_t:     0 | t: 0.685039 | r:  -507.000000 | e:   1.000000 | Q:        nan | won: False 
#   69 | steps:   797 | steps_t:     0 | t: 0.688040 | r:  -505.000000 | e:   1.000000 | Q:        nan | won: False 
#   70 | steps:   807 | steps_t:     0 | t: 0.693040 | r:  -509.000000 | e:   1.000000 | Q:        nan | won: False 
#   71 | steps:   817 | steps_t:     0 | t: 0.700040 | r:  -509.000000 | e:   1.000000 | Q:        nan | won: False 
#   72 | steps:   822 | steps_t:     0 | t: 0.703040 | r:  -504.000000 | e:   1.000000 | Q:        nan | won: False 
#   73 | steps:   831 | steps_t:     0 | t: 0.707040 | r:  -508.000000 | e:   1.000000 | Q:        nan | won: False 
#   74 | steps:   838 | steps_t:     0 | t: 0.711040 | r:  -506.000000 | e:   1.000000 | Q:        nan | won: False 
#   75 | steps:   844 | steps_t:     0 | t: 0.716041 | r:  -505.000000 | e:   1.000000 | Q:        nan | won: False 
#   76 | steps:   853 | steps_t:     0 | t: 0.722041 | r:  -508.000000 | e:   1.000000 | Q:        nan | won: False 
#   77 | steps:   863 | steps_t:     0 | t: 0.727042 | r:  -509.000000 | e:   1.000000 | Q:        nan | won: False 
#   78 | steps:   875 | steps_t:     0 | t: 0.734042 | r:  -511.000000 | e:   1.000000 | Q:        nan | won: False 
#   79 | steps:   884 | steps_t:     0 | t: 0.739043 | r:  -508.000000 | e:   1.000000 | Q:        nan | won: False 
#   80 | steps:   894 | steps_t:     0 | t: 0.746043 | r:  -509.000000 | e:   1.000000 | Q:        nan | won: False 
#   81 | steps:   905 | steps_t:     0 | t: 0.753043 | r:  -510.000000 | e:   1.000000 | Q:        nan | won: False 
#   82 | steps:   927 | steps_t:     0 | t: 0.766044 | r:  -510.000000 | e:   1.000000 | Q:        nan | won: False 
#   83 | steps:   948 | steps_t:     0 | t: 0.778044 | r:  -520.000000 | e:   1.000000 | Q:        nan | won: False 
#   84 | steps:   958 | steps_t:     0 | t: 0.785045 | r:  -509.000000 | e:   1.000000 | Q:        nan | won: False 
#   85 | steps:   964 | steps_t:     0 | t: 0.788045 | r:  -505.000000 | e:   1.000000 | Q:        nan | won: False 
#   86 | steps:   979 | steps_t:     0 | t: 0.797046 | r:  -514.000000 | e:   1.000000 | Q:        nan | won: False 
#   87 | steps:   993 | steps_t:     0 | t: 0.804046 | r:  -513.000000 | e:   1.000000 | Q:        nan | won: False 
#   88 | steps:  1003 | steps_t:     0 | t: 0.810046 | r:  -509.000000 | e:   1.000000 | Q:        nan | won: False 
#   89 | steps:  1021 | steps_t:     0 | t: 0.821047 | r:  -517.000000 | e:   1.000000 | Q:        nan | won: False 
#   90 | steps:  1028 | steps_t:     0 | t: 0.825047 | r:  -506.000000 | e:   1.000000 | Q:        nan | won: False 
#   91 | steps:  1040 | steps_t:     0 | t: 0.831048 | r:  -511.000000 | e:   1.000000 | Q:        nan | won: False 
#   92 | steps:  1047 | steps_t:     0 | t: 0.835048 | r:  -506.000000 | e:   1.000000 | Q:        nan | won: False 
#   93 | steps:  1054 | steps_t:     0 | t: 0.839048 | r:  -506.000000 | e:   1.000000 | Q:        nan | won: False 
#   94 | steps:  1064 | steps_t:     0 | t: 0.845048 | r:  -509.000000 | e:   1.000000 | Q:        nan | won: False 
#   95 | steps:  1072 | steps_t:     0 | t: 0.849049 | r:  -507.000000 | e:   1.000000 | Q:        nan | won: False 
#   96 | steps:  1088 | steps_t:     0 | t: 0.858049 | r:  -504.000000 | e:   1.000000 | Q:        nan | won: False 
#   97 | steps:  1098 | steps_t:     0 | t: 0.864049 | r:  -509.000000 | e:   1.000000 | Q:        nan | won: False 
#   98 | steps:  1104 | steps_t:     0 | t: 0.867049 | r:  -505.000000 | e:   1.000000 | Q:        nan | won: False 
#   99 | steps:  1120 | steps_t:     0 | t: 0.878050 | r:  -515.000000 | e:   1.000000 | Q:        nan | won: False 
#  100 | steps:  1132 | steps_t:     0 | t: 0.885051 | r:  -511.000000 | e:   1.000000 | Q:        nan | won: False 
#  101 | steps:  1143 | steps_t:     0 | t: 0.891051 | r:  -510.000000 | e:   1.000000 | Q:        nan | won: False 
#  102 | steps:  1155 | steps_t:     0 | t: 0.899051 | r:  -511.000000 | e:   1.000000 | Q:        nan | won: False 
#  103 | steps:  1167 | steps_t:     0 | t: 0.905052 | r:  -511.000000 | e:   1.000000 | Q:        nan | won: False 
#  104 | steps:  1184 | steps_t:     0 | t: 0.915052 | r:  -516.000000 | e:   1.000000 | Q:        nan | won: False 
#  105 | steps:  1194 | steps_t:     0 | t: 0.921053 | r:  -509.000000 | e:   1.000000 | Q:        nan | won: False 
#  106 | steps:  1208 | steps_t:     0 | t: 0.928053 | r:  -513.000000 | e:   1.000000 | Q:        nan | won: False 
#  107 | steps:  1222 | steps_t:     0 | t: 0.937053 | r:  -513.000000 | e:   1.000000 | Q:        nan | won: False 
#  108 | steps:  1235 | steps_t:     0 | t: 0.946054 | r:  -512.000000 | e:   1.000000 | Q:        nan | won: False 
#  109 | steps:  1246 | steps_t:     0 | t: 0.952055 | r:  -510.000000 | e:   1.000000 | Q:        nan | won: False 
#  110 | steps:  1256 | steps_t:     0 | t: 0.958055 | r:  -509.000000 | e:   1.000000 | Q:        nan | won: False 
#  111 | steps:  1265 | steps_t:     0 | t: 0.963055 | r:  -508.000000 | e:   1.000000 | Q:        nan | won: False 
#  112 | steps:  1274 | steps_t:     0 | t: 0.969055 | r:  -508.000000 | e:   1.000000 | Q:        nan | won: False 
#  113 | steps:  1279 | steps_t:     0 | t: 0.971056 | r:  -504.000000 | e:   1.000000 | Q:        nan | won: False 
#  114 | steps:  1291 | steps_t:     0 | t: 0.978056 | r:  -511.000000 | e:   1.000000 | Q:        nan | won: False 
#  115 | steps:  1299 | steps_t:     0 | t: 0.983056 | r:  -507.000000 | e:   1.000000 | Q:        nan | won: False 
#  116 | steps:  1311 | steps_t:     0 | t: 0.990057 | r:  -511.000000 | e:   1.000000 | Q:        nan | won: False 
#  117 | steps:  1337 | steps_t:     0 | t: 1.004057 | r:  -525.000000 | e:   1.000000 | Q:        nan | won: False 
#  118 | steps:  1345 | steps_t:     0 | t: 1.009058 | r:  -507.000000 | e:   1.000000 | Q:        nan | won: False 
#  119 | steps:  1360 | steps_t:     0 | t: 1.017058 | r:  -492.000000 | e:   1.000000 | Q:        nan | won: False 
#  120 | steps:  1370 | steps_t:     0 | t: 1.022058 | r:  -509.000000 | e:   1.000000 | Q:        nan | won: False 
#  121 | steps:  1383 | steps_t:     0 | t: 1.031059 | r:  -512.000000 | e:   1.000000 | Q:        nan | won: False 
#  122 | steps:  1393 | steps_t:     0 | t: 1.036059 | r:  -509.000000 | e:   1.000000 | Q:        nan | won: False 
#  123 | steps:  1400 | steps_t:     0 | t: 1.040060 | r:  -506.000000 | e:   1.000000 | Q:        nan | won: False 
#  124 | steps:  1405 | steps_t:     0 | t: 1.044060 | r:  -504.000000 | e:   1.000000 | Q:        nan | won: False 
#  125 | steps:  1421 | steps_t:     0 | t: 1.054060 | r:  -515.000000 | e:   1.000000 | Q:        nan | won: False 
#  126 | steps:  1427 | steps_t:     0 | t: 1.059061 | r:  -505.000000 | e:   1.000000 | Q:        nan | won: False 
#  127 | steps:  1435 | steps_t:     0 | t: 1.065061 | r:  -507.000000 | e:   1.000000 | Q:        nan | won: False 
#  128 | steps:  1449 | steps_t:     0 | t: 1.073061 | r:  -513.000000 | e:   1.000000 | Q:        nan | won: False 
#  129 | steps:  1458 | steps_t:     0 | t: 1.080062 | r:  -508.000000 | e:   1.000000 | Q:        nan | won: False 
#  130 | steps:  1468 | steps_t:     0 | t: 1.089062 | r:  -509.000000 | e:   1.000000 | Q:        nan | won: False 
#  131 | steps:  1478 | steps_t:     0 | t: 1.098063 | r:  -509.000000 | e:   1.000000 | Q:        nan | won: False 
#  132 | steps:  1487 | steps_t:     0 | t: 1.105063 | r:  -508.000000 | e:   1.000000 | Q:        nan | won: False 
#  133 | steps:  1496 | steps_t:     0 | t: 1.113064 | r:  -508.000000 | e:   1.000000 | Q:        nan | won: False 
#  134 | steps:  1518 | steps_t:     0 | t: 1.129065 | r:  -521.000000 | e:   1.000000 | Q:        nan | won: False 
#  135 | steps:  1526 | steps_t:     0 | t: 1.136065 | r:  -507.000000 | e:   1.000000 | Q:        nan | won: False 
#  136 | steps:  1534 | steps_t:     0 | t: 1.143065 | r:  -507.000000 | e:   1.000000 | Q:        nan | won: False 
#  137 | steps:  1542 | steps_t:     0 | t: 1.150066 | r:  -507.000000 | e:   1.000000 | Q:        nan | won: False 
#  138 | steps:  1551 | steps_t:     0 | t: 1.157066 | r:  -508.000000 | e:   1.000000 | Q:        nan | won: False 
#  139 | steps:  1588 | steps_t:     0 | t: 1.188068 | r:    75.000000 | e:   1.000000 | Q:        nan | won: True 
#  140 | steps:  1600 | steps_t:     0 | t: 1.194068 | r:  -511.000000 | e:   1.000000 | Q:        nan | won: False 
#  141 | steps:  1608 | steps_t:     0 | t: 1.199069 | r:  -507.000000 | e:   1.000000 | Q:        nan | won: False 
#  142 | steps:  1625 | steps_t:     0 | t: 1.211069 | r:  -516.000000 | e:   1.000000 | Q:        nan | won: False 
#  143 | steps:  1635 | steps_t:     0 | t: 1.218070 | r:  -509.000000 | e:   1.000000 | Q:        nan | won: False 
#  144 | steps:  1643 | steps_t:     0 | t: 1.224070 | r:  -507.000000 | e:   1.000000 | Q:        nan | won: False 
#  145 | steps:  1660 | steps_t:     0 | t: 1.239071 | r:  -516.000000 | e:   1.000000 | Q:        nan | won: False 
#  146 | steps:  1668 | steps_t:     0 | t: 1.244071 | r:  -507.000000 | e:   1.000000 | Q:        nan | won: False 
#  147 | steps:  1682 | steps_t:     0 | t: 1.255072 | r:  -513.000000 | e:   1.000000 | Q:        nan | won: False 
#  148 | steps:  1700 | steps_t:     0 | t: 1.269073 | r:  -517.000000 | e:   1.000000 | Q:        nan | won: False 
#  149 | steps:  1720 | steps_t:     0 | t: 1.283073 | r:  -519.000000 | e:   1.000000 | Q:        nan | won: False 
#  150 | steps:  1729 | steps_t:     0 | t: 1.290074 | r:  -508.000000 | e:   1.000000 | Q:        nan | won: False 
#  151 | steps:  1737 | steps_t:     0 | t: 1.298074 | r:  -507.000000 | e:   1.000000 | Q:        nan | won: False 
#  152 | steps:  1747 | steps_t:     0 | t: 1.304075 | r:  -509.000000 | e:   1.000000 | Q:        nan | won: False 
#  153 | steps:  1754 | steps_t:     0 | t: 1.309075 | r:  -506.000000 | e:   1.000000 | Q:        nan | won: False 
#  154 | steps:  1770 | steps_t:     0 | t: 1.319075 | r:  -515.000000 | e:   1.000000 | Q:        nan | won: False 
#  155 | steps:  1778 | steps_t:     0 | t: 1.323076 | r:  -507.000000 | e:   1.000000 | Q:        nan | won: False 
#  156 | steps:  1785 | steps_t:     0 | t: 1.328076 | r:  -506.000000 | e:   1.000000 | Q:        nan | won: False 
#  157 | steps:  1795 | steps_t:     0 | t: 1.335077 | r:  -509.000000 | e:   1.000000 | Q:        nan | won: False 
#  158 | steps:  1806 | steps_t:     0 | t: 1.341077 | r:  -510.000000 | e:   1.000000 | Q:        nan | won: False 
#  159 | steps:  1814 | steps_t:     0 | t: 1.347077 | r:  -507.000000 | e:   1.000000 | Q:        nan | won: False 
#  160 | steps:  1822 | steps_t:     0 | t: 1.351077 | r:  -507.000000 | e:   1.000000 | Q:        nan | won: False 
#  161 | steps:  1844 | steps_t:     0 | t: 1.366078 | r:  -521.000000 | e:   1.000000 | Q:        nan | won: False 
#  162 | steps:  1852 | steps_t:     0 | t: 1.370078 | r:  -507.000000 | e:   1.000000 | Q:        nan | won: False 
#  163 | steps:  1860 | steps_t:     0 | t: 1.374079 | r:  -507.000000 | e:   1.000000 | Q:        nan | won: False 
#  164 | steps:  1882 | steps_t:     0 | t: 1.388079 | r:  -521.000000 | e:   1.000000 | Q:        nan | won: False 
#  165 | steps:  1890 | steps_t:     0 | t: 1.395080 | r:  -507.000000 | e:   1.000000 | Q:        nan | won: False 
#  166 | steps:  1907 | steps_t:     0 | t: 1.407081 | r:  -516.000000 | e:   1.000000 | Q:        nan | won: False 
#  167 | steps:  1915 | steps_t:     0 | t: 1.412081 | r:  -507.000000 | e:   1.000000 | Q:        nan | won: False 
#  168 | steps:  1924 | steps_t:     0 | t: 1.417081 | r:  -508.000000 | e:   1.000000 | Q:        nan | won: False 
#  169 | steps:  1931 | steps_t:     0 | t: 1.422081 | r:  -506.000000 | e:   1.000000 | Q:        nan | won: False 
#  170 | steps:  1938 | steps_t:     0 | t: 1.426082 | r:  -506.000000 | e:   1.000000 | Q:        nan | won: False 
#  171 | steps:  1948 | steps_t:     0 | t: 1.432082 | r:  -509.000000 | e:   1.000000 | Q:        nan | won: False 
#  172 | steps:  1963 | steps_t:     0 | t: 1.441082 | r:  -492.000000 | e:   1.000000 | Q:        nan | won: False 
#  173 | steps:  1970 | steps_t:     0 | t: 1.444082 | r:  -506.000000 | e:   1.000000 | Q:        nan | won: False 
#  174 | steps:  1978 | steps_t:     0 | t: 1.450083 | r:  -507.000000 | e:   1.000000 | Q:        nan | won: False 
#  175 | steps:  1983 | steps_t:     0 | t: 1.454083 | r:  -504.000000 | e:   1.000000 | Q:        nan | won: False 
#  176 | steps:  1998 | steps_t:     0 | t: 1.461084 | r:  -492.000000 | e:   1.000000 | Q:        nan | won: False 
#  177 | steps:  2009 | steps_t:     0 | t: 1.468084 | r:  -510.000000 | e:   1.000000 | Q:        nan | won: False 
#  178 | steps:  2017 | steps_t:     0 | t: 1.472084 | r:  -507.000000 | e:   1.000000 | Q:        nan | won: False 
#  179 | steps:  2034 | steps_t:     0 | t: 1.483085 | r:  -516.000000 | e:   1.000000 | Q:        nan | won: False 
#  180 | steps:  2045 | steps_t:     0 | t: 1.492085 | r:  -510.000000 | e:   1.000000 | Q:        nan | won: False 
#  181 | steps:  2051 | steps_t:     0 | t: 1.496086 | r:  -505.000000 | e:   1.000000 | Q:        nan | won: False 
#  182 | steps:  2072 | steps_t:     0 | t: 1.508086 | r:  -520.000000 | e:   1.000000 | Q:        nan | won: False 
#  183 | steps:  2092 | steps_t:     0 | t: 1.520087 | r:  -519.000000 | e:   1.000000 | Q:        nan | won: False 
#  184 | steps:  2109 | steps_t:     0 | t: 1.531088 | r:  -516.000000 | e:   1.000000 | Q:        nan | won: False 
#  185 | steps:  2118 | steps_t:     0 | t: 1.535088 | r:  -508.000000 | e:   1.000000 | Q:        nan | won: False 
#  186 | steps:  2125 | steps_t:     0 | t: 1.540088 | r:  -506.000000 | e:   1.000000 | Q:        nan | won: False 
#  187 | steps:  2135 | steps_t:     0 | t: 1.548088 | r:  -509.000000 | e:   1.000000 | Q:        nan | won: False 
#  188 | steps:  2141 | steps_t:     0 | t: 1.552089 | r:  -505.000000 | e:   1.000000 | Q:        nan | won: False 
#  189 | steps:  2156 | steps_t:     0 | t: 1.560089 | r:  -503.000000 | e:   1.000000 | Q:        nan | won: False 
#  190 | steps:  2175 | steps_t:     0 | t: 1.571090 | r:  -518.000000 | e:   1.000000 | Q:        nan | won: False 
#  191 | steps:  2183 | steps_t:     0 | t: 1.576090 | r:  -507.000000 | e:   1.000000 | Q:        nan | won: False 
#  192 | steps:  2196 | steps_t:     0 | t: 1.585091 | r:  -512.000000 | e:   1.000000 | Q:        nan | won: False 
#  193 | steps:  2211 | steps_t:     0 | t: 1.597091 | r:  -514.000000 | e:   1.000000 | Q:        nan | won: False 
#  194 | steps:  2216 | steps_t:     0 | t: 1.600091 | r:  -504.000000 | e:   1.000000 | Q:        nan | won: False 
#  195 | steps:  2236 | steps_t:     0 | t: 1.610092 | r:  -519.000000 | e:   1.000000 | Q:        nan | won: False 
#  196 | steps:  2244 | steps_t:     0 | t: 1.616092 | r:  -507.000000 | e:   1.000000 | Q:        nan | won: False 
#  197 | steps:  2253 | steps_t:     0 | t: 1.621093 | r:  -508.000000 | e:   1.000000 | Q:        nan | won: False 
#  198 | steps:  2258 | steps_t:     0 | t: 1.624093 | r:  -504.000000 | e:   1.000000 | Q:        nan | won: False 
#  199 | steps:  2265 | steps_t:     0 | t: 1.628093 | r:  -506.000000 | e:   1.000000 | Q:        nan | won: False 
#  200 | steps:  2276 | steps_t:     0 | t: 1.634094 | r:  -510.000000 | e:   1.000000 | Q:        nan | won: False 
#  201 | steps:  2299 | steps_t:     0 | t: 1.649094 | r:  -522.000000 | e:   1.000000 | Q:        nan | won: False 
#  202 | steps:  2308 | steps_t:     0 | t: 1.654095 | r:  -508.000000 | e:   1.000000 | Q:        nan | won: False 
#  203 | steps:  2317 | steps_t:     0 | t: 1.659095 | r:  -508.000000 | e:   1.000000 | Q:        nan | won: False 
#  204 | steps:  2338 | steps_t:     0 | t: 1.670095 | r:  -520.000000 | e:   1.000000 | Q:        nan | won: False 
#  205 | steps:  2347 | steps_t:     0 | t: 1.674096 | r:  -508.000000 | e:   1.000000 | Q:        nan | won: False 
#  206 | steps:  2354 | steps_t:     0 | t: 1.679096 | r:  -506.000000 | e:   1.000000 | Q:        nan | won: False 
#  207 | steps:  2361 | steps_t:     0 | t: 1.682096 | r:  -506.000000 | e:   1.000000 | Q:        nan | won: False 
#  208 | steps:  2369 | steps_t:     0 | t: 1.687096 | r:  -507.000000 | e:   1.000000 | Q:        nan | won: False 
#  209 | steps:  2378 | steps_t:     0 | t: 1.693097 | r:  -508.000000 | e:   1.000000 | Q:        nan | won: False 
#  210 | steps:  2386 | steps_t:     0 | t: 1.698097 | r:  -507.000000 | e:   1.000000 | Q:        nan | won: False 
#  211 | steps:  2395 | steps_t:     0 | t: 1.703097 | r:  -508.000000 | e:   1.000000 | Q:        nan | won: False 
#  212 | steps:  2402 | steps_t:     0 | t: 1.707098 | r:  -506.000000 | e:   1.000000 | Q:        nan | won: False 
#  213 | steps:  2409 | steps_t:     0 | t: 1.711098 | r:  -506.000000 | e:   1.000000 | Q:        nan | won: False 
#  214 | steps:  2423 | steps_t:     0 | t: 1.720098 | r:  -513.000000 | e:   1.000000 | Q:        nan | won: False 
#  215 | steps:  2440 | steps_t:     0 | t: 1.731099 | r:  -516.000000 | e:   1.000000 | Q:        nan | won: False 
#  216 | steps:  2453 | steps_t:     0 | t: 1.739100 | r:  -512.000000 | e:   1.000000 | Q:        nan | won: False 
#  217 | steps:  2460 | steps_t:     0 | t: 1.743100 | r:  -506.000000 | e:   1.000000 | Q:        nan | won: False 
#  218 | steps:  2469 | steps_t:     0 | t: 1.751100 | r:  -508.000000 | e:   1.000000 | Q:        nan | won: False 
#  219 | steps:  2483 | steps_t:     0 | t: 1.759100 | r:  -513.000000 | e:   1.000000 | Q:        nan | won: False 
#  220 | steps:  2489 | steps_t:     0 | t: 1.766101 | r:  -505.000000 | e:   1.000000 | Q:        nan | won: False 
#  221 | steps:  2498 | steps_t:     0 | t: 1.773101 | r:  -508.000000 | e:   1.000000 | Q:        nan | won: False 
#  222 | steps:  2511 | steps_t:     0 | t: 1.782102 | r:  -512.000000 | e:   1.000000 | Q:        nan | won: False 
#  223 | steps:  2521 | steps_t:     0 | t: 1.789103 | r:  -509.000000 | e:   1.000000 | Q:        nan | won: False 
#  224 | steps:  2530 | steps_t:     0 | t: 1.797103 | r:  -508.000000 | e:   1.000000 | Q:        nan | won: False 
#  225 | steps:  2538 | steps_t:     0 | t: 1.802103 | r:  -507.000000 | e:   1.000000 | Q:        nan | won: False 
#  226 | steps:  2544 | steps_t:     0 | t: 1.806103 | r:  -505.000000 | e:   1.000000 | Q:        nan | won: False 
#  227 | steps:  2551 | steps_t:     0 | t: 1.811104 | r:  -506.000000 | e:   1.000000 | Q:        nan | won: False 
#  228 | steps:  2563 | steps_t:     0 | t: 1.819104 | r:  -511.000000 | e:   1.000000 | Q:        nan | won: False 
#  229 | steps:  2571 | steps_t:     0 | t: 1.828104 | r:  -507.000000 | e:   1.000000 | Q:        nan | won: False 
#  230 | steps:  2579 | steps_t:     0 | t: 1.834105 | r:  -507.000000 | e:   1.000000 | Q:        nan | won: False 
#  231 | steps:  2588 | steps_t:     0 | t: 1.842105 | r:  -508.000000 | e:   1.000000 | Q:        nan | won: False 
#  232 | steps:  2600 | steps_t:     0 | t: 1.848106 | r:  -511.000000 | e:   1.000000 | Q:        nan | won: False 
#  233 | steps:  2611 | steps_t:     0 | t: 1.854106 | r:  -510.000000 | e:   1.000000 | Q:        nan | won: False 
#  234 | steps:  2617 | steps_t:     0 | t: 1.858106 | r:  -505.000000 | e:   1.000000 | Q:        nan | won: False 
#  235 | steps:  2623 | steps_t:     0 | t: 1.862107 | r:  -505.000000 | e:   1.000000 | Q:        nan | won: False 
#  236 | steps:  2629 | steps_t:     0 | t: 1.866107 | r:  -505.000000 | e:   1.000000 | Q:        nan | won: False 
#  237 | steps:  2639 | steps_t:     0 | t: 1.872107 | r:  -509.000000 | e:   1.000000 | Q:        nan | won: False 
#  238 | steps:  2663 | steps_t:     0 | t: 1.888108 | r:  -523.000000 | e:   1.000000 | Q:        nan | won: False 
#  239 | steps:  2670 | steps_t:     0 | t: 1.893108 | r:  -506.000000 | e:   1.000000 | Q:        nan | won: False 
#  240 | steps:  2677 | steps_t:     0 | t: 1.897109 | r:  -506.000000 | e:   1.000000 | Q:        nan | won: False 
#  241 | steps:  2687 | steps_t:     0 | t: 1.903109 | r:  -509.000000 | e:   1.000000 | Q:        nan | won: False 
#  242 | steps:  2694 | steps_t:     0 | t: 1.907109 | r:  -506.000000 | e:   1.000000 | Q:        nan | won: False 
#  243 | steps:  2704 | steps_t:     0 | t: 1.913109 | r:  -509.000000 | e:   1.000000 | Q:        nan | won: False 
#  244 | steps:  2712 | steps_t:     0 | t: 1.919110 | r:  -507.000000 | e:   1.000000 | Q:        nan | won: False 
#  245 | steps:  2722 | steps_t:     0 | t: 1.925110 | r:  -509.000000 | e:   1.000000 | Q:        nan | won: False 
#  246 | steps:  2730 | steps_t:     0 | t: 1.931111 | r:  -507.000000 | e:   1.000000 | Q:        nan | won: False 
#  247 | steps:  2743 | steps_t:     0 | t: 1.937111 | r:  -512.000000 | e:   1.000000 | Q:        nan | won: False 
#  248 | steps:  2761 | steps_t:     0 | t: 1.950112 | r:  -506.000000 | e:   1.000000 | Q:        nan | won: False 
#  249 | steps:  2767 | steps_t:     0 | t: 1.954112 | r:  -505.000000 | e:   1.000000 | Q:        nan | won: False 
#  250 | steps:  2774 | steps_t:     0 | t: 1.958112 | r:  -506.000000 | e:   1.000000 | Q:        nan | won: False 
#  251 | steps:  2781 | steps_t:     0 | t: 1.964112 | r:  -506.000000 | e:   1.000000 | Q:        nan | won: False 
#  252 | steps:  2788 | steps_t:     0 | t: 1.968113 | r:  -506.000000 | e:   1.000000 | Q:        nan | won: False 
#  253 | steps:  2799 | steps_t:     0 | t: 1.974113 | r:  -510.000000 | e:   1.000000 | Q:        nan | won: False 
#  254 | steps:  2807 | steps_t:     0 | t: 1.981113 | r:  -507.000000 | e:   1.000000 | Q:        nan | won: False 
#  255 | steps:  2819 | steps_t:     0 | t: 1.990114 | r:  -511.000000 | e:   1.000000 | Q:        nan | won: False 
#  256 | steps:  2825 | steps_t:     0 | t: 1.998114 | r:  -505.000000 | e:   1.000000 | Q:        nan | won: False 
#  257 | steps:  2833 | steps_t:     0 | t: 2.006115 | r:  -507.000000 | e:   1.000000 | Q:        nan | won: False 
#  258 | steps:  2839 | steps_t:     0 | t: 2.011115 | r:  -505.000000 | e:   1.000000 | Q:        nan | won: False 
#  259 | steps:  2849 | steps_t:     0 | t: 2.019116 | r:  -509.000000 | e:   1.000000 | Q:        nan | won: False 
#  260 | steps:  2855 | steps_t:     0 | t: 2.022116 | r:  -505.000000 | e:   1.000000 | Q:        nan | won: False 
#  261 | steps:  2861 | steps_t:     0 | t: 2.025116 | r:  -505.000000 | e:   1.000000 | Q:        nan | won: False 
#  262 | steps:  2871 | steps_t:     0 | t: 2.032116 | r:  -509.000000 | e:   1.000000 | Q:        nan | won: False 
#  263 | steps:  2881 | steps_t:     0 | t: 2.038117 | r:  -509.000000 | e:   1.000000 | Q:        nan | won: False 
#  264 | steps:  2900 | steps_t:     0 | t: 2.051117 | r:  -518.000000 | e:   1.000000 | Q:        nan | won: False 
#  265 | steps:  2906 | steps_t:     0 | t: 2.055117 | r:  -505.000000 | e:   1.000000 | Q:        nan | won: False 
#  266 | steps:  2925 | steps_t:     0 | t: 2.067118 | r:  -518.000000 | e:   1.000000 | Q:        nan | won: False 
#  267 | steps:  2941 | steps_t:     0 | t: 2.076119 | r:  -515.000000 | e:   1.000000 | Q:        nan | won: False 
#  268 | steps:  2951 | steps_t:     0 | t: 2.082119 | r:  -509.000000 | e:   1.000000 | Q:        nan | won: False 
#  269 | steps:  2961 | steps_t:     0 | t: 2.091120 | r:  -509.000000 | e:   1.000000 | Q:        nan | won: False 
#  270 | steps:  2972 | steps_t:     0 | t: 2.099120 | r:  -510.000000 | e:   1.000000 | Q:        nan | won: False 
#  271 | steps:  2981 | steps_t:     0 | t: 2.105120 | r:  -508.000000 | e:   1.000000 | Q:        nan | won: False 
#  272 | steps:  2988 | steps_t:     0 | t: 2.110121 | r:  -506.000000 | e:   1.000000 | Q:        nan | won: False 
#  273 | steps:  2998 | steps_t:     0 | t: 2.118121 | r:  -509.000000 | e:   1.000000 | Q:        nan | won: False 
#  274 | steps:  3021 | steps_t:     0 | t: 2.132122 | r:  -522.000000 | e:   1.000000 | Q:        nan | won: False 
#  275 | steps:  3034 | steps_t:     0 | t: 2.139122 | r:  -512.000000 | e:   1.000000 | Q:        nan | won: False 
#  276 | steps:  3049 | steps_t:     0 | t: 2.148123 | r:  -503.000000 | e:   1.000000 | Q:        nan | won: False 
#  277 | steps:  3057 | steps_t:     0 | t: 2.153123 | r:  -507.000000 | e:   1.000000 | Q:        nan | won: False 
#  278 | steps:  3068 | steps_t:     0 | t: 2.161124 | r:  -510.000000 | e:   1.000000 | Q:        nan | won: False 
#  279 | steps:  3078 | steps_t:     0 | t: 2.168124 | r:  -509.000000 | e:   1.000000 | Q:        nan | won: False 
#  280 | steps:  3097 | steps_t:     0 | t: 2.179125 | r:  -518.000000 | e:   1.000000 | Q:        nan | won: False 
#  281 | steps:  3107 | steps_t:     0 | t: 2.186125 | r:  -509.000000 | e:   1.000000 | Q:        nan | won: False 
#  282 | steps:  3114 | steps_t:     0 | t: 2.190125 | r:  -506.000000 | e:   1.000000 | Q:        nan | won: False 
#  283 | steps:  3133 | steps_t:     0 | t: 2.201126 | r:  -518.000000 | e:   1.000000 | Q:        nan | won: False 
#  284 | steps:  3144 | steps_t:     0 | t: 2.207126 | r:  -510.000000 | e:   1.000000 | Q:        nan | won: False 
#  285 | steps:  3155 | steps_t:     0 | t: 2.215127 | r:  -510.000000 | e:   1.000000 | Q:        nan | won: False 
#  286 | steps:  3164 | steps_t:     0 | t: 2.220127 | r:  -508.000000 | e:   1.000000 | Q:        nan | won: False 
#  287 | steps:  3172 | steps_t:     0 | t: 2.224127 | r:  -507.000000 | e:   1.000000 | Q:        nan | won: False 
#  288 | steps:  3185 | steps_t:     0 | t: 2.232128 | r:  -512.000000 | e:   1.000000 | Q:        nan | won: False 
#  289 | steps:  3195 | steps_t:     0 | t: 2.237128 | r:  -509.000000 | e:   1.000000 | Q:        nan | won: False 
#  290 | steps:  3205 | steps_t:     0 | t: 2.243129 | r:  -509.000000 | e:   1.000000 | Q:        nan | won: False 
#  291 | steps:  3232 | steps_t:     0 | t: 2.259129 | r:  -504.000000 | e:   1.000000 | Q:        nan | won: False 
#  292 | steps:  3243 | steps_t:     0 | t: 2.265130 | r:  -510.000000 | e:   1.000000 | Q:        nan | won: False 
#  293 | steps:  3260 | steps_t:     0 | t: 2.275130 | r:  -516.000000 | e:   1.000000 | Q:        nan | won: False 
#  294 | steps:  3269 | steps_t:     0 | t: 2.281131 | r:  -508.000000 | e:   1.000000 | Q:        nan | won: False 
#  295 | steps:  3283 | steps_t:     0 | t: 2.288131 | r:  -513.000000 | e:   1.000000 | Q:        nan | won: False 
#  296 | steps:  3291 | steps_t:     0 | t: 2.294131 | r:  -507.000000 | e:   1.000000 | Q:        nan | won: False 
#  297 | steps:  3298 | steps_t:     0 | t: 2.298131 | r:  -506.000000 | e:   1.000000 | Q:        nan | won: False 
#  298 | steps:  3314 | steps_t:     0 | t: 2.308132 | r:  -515.000000 | e:   1.000000 | Q:        nan | won: False 
#  299 | steps:  3325 | steps_t:     0 | t: 2.315133 | r:  -510.000000 | e:   1.000000 | Q:        nan | won: False 
#  300 | steps:  3338 | steps_t:     0 | t: 2.322133 | r:  -512.000000 | e:   1.000000 | Q:        nan | won: False 
#  301 | steps:  3355 | steps_t:     0 | t: 2.332134 | r:  -516.000000 | e:   1.000000 | Q:        nan | won: False 
#  302 | steps:  3371 | steps_t:     0 | t: 2.342134 | r:  -515.000000 | e:   1.000000 | Q:        nan | won: False 
#  303 | steps:  3380 | steps_t:     0 | t: 2.348134 | r:  -508.000000 | e:   1.000000 | Q:        nan | won: False 
#  304 | steps:  3399 | steps_t:     0 | t: 2.359135 | r:  -518.000000 | e:   1.000000 | Q:        nan | won: False 
#  305 | steps:  3429 | steps_t:     0 | t: 2.380136 | r:  -518.000000 | e:   1.000000 | Q:        nan | won: False 
#  306 | steps:  3439 | steps_t:     0 | t: 2.386137 | r:  -509.000000 | e:   1.000000 | Q:        nan | won: False 
#  307 | steps:  3449 | steps_t:     0 | t: 2.391137 | r:  -509.000000 | e:   1.000000 | Q:        nan | won: False 
#  308 | steps:  3456 | steps_t:     0 | t: 2.395137 | r:  -506.000000 | e:   1.000000 | Q:        nan | won: False 
#  309 | steps:  3464 | steps_t:     0 | t: 2.400137 | r:  -507.000000 | e:   1.000000 | Q:        nan | won: False 
#  310 | steps:  3475 | steps_t:     0 | t: 2.406138 | r:  -510.000000 | e:   1.000000 | Q:        nan | won: False 
#  311 | steps:  3484 | steps_t:     0 | t: 2.411138 | r:  -508.000000 | e:   1.000000 | Q:        nan | won: False 
#  312 | steps:  3492 | steps_t:     0 | t: 2.416138 | r:  -507.000000 | e:   1.000000 | Q:        nan | won: False 
#  313 | steps:  3497 | steps_t:     0 | t: 2.419138 | r:  -504.000000 | e:   1.000000 | Q:        nan | won: False 
#  314 | steps:  3512 | steps_t:     0 | t: 2.426139 | r:  -514.000000 | e:   1.000000 | Q:        nan | won: False 
#  315 | steps:  3524 | steps_t:     0 | t: 2.434139 | r:  -511.000000 | e:   1.000000 | Q:        nan | won: False 
#  316 | steps:  3540 | steps_t:     0 | t: 2.442140 | r:  -515.000000 | e:   1.000000 | Q:        nan | won: False 
#  317 | steps:  3550 | steps_t:     0 | t: 2.448140 | r:  -509.000000 | e:   1.000000 | Q:        nan | won: False 
#  318 | steps:  3570 | steps_t:     0 | t: 2.458141 | r:  -519.000000 | e:   1.000000 | Q:        nan | won: False 
#  319 | steps:  3581 | steps_t:     0 | t: 2.467141 | r:  -510.000000 | e:   1.000000 | Q:        nan | won: False 
#  320 | steps:  3590 | steps_t:     0 | t: 2.471141 | r:  -508.000000 | e:   1.000000 | Q:        nan | won: False 
#  321 | steps:  3599 | steps_t:     0 | t: 2.476142 | r:  -508.000000 | e:   1.000000 | Q:        nan | won: False 
#  322 | steps:  3607 | steps_t:     0 | t: 2.481142 | r:  -507.000000 | e:   1.000000 | Q:        nan | won: False 
#  323 | steps:  3615 | steps_t:     0 | t: 2.485142 | r:  -507.000000 | e:   1.000000 | Q:        nan | won: False 
#  324 | steps:  3627 | steps_t:     0 | t: 2.493143 | r:  -511.000000 | e:   1.000000 | Q:        nan | won: False 
#  325 | steps:  3639 | steps_t:     0 | t: 2.502143 | r:  -511.000000 | e:   1.000000 | Q:        nan | won: False 
#  326 | steps:  3644 | steps_t:     0 | t: 2.505143 | r:  -504.000000 | e:   1.000000 | Q:        nan | won: False 
#  327 | steps:  3669 | steps_t:     0 | t: 2.519144 | r:  -524.000000 | e:   1.000000 | Q:        nan | won: False 
#  328 | steps:  3679 | steps_t:     0 | t: 2.525144 | r:  -509.000000 | e:   1.000000 | Q:        nan | won: False 
#  329 | steps:  3688 | steps_t:     0 | t: 2.532145 | r:  -508.000000 | e:   1.000000 | Q:        nan | won: False 
#  330 | steps:  3693 | steps_t:     0 | t: 2.535145 | r:  -504.000000 | e:   1.000000 | Q:        nan | won: False 
#  331 | steps:  3704 | steps_t:     0 | t: 2.541146 | r:  -510.000000 | e:   1.000000 | Q:        nan | won: False 
#  332 | steps:  3711 | steps_t:     0 | t: 2.547146 | r:  -506.000000 | e:   1.000000 | Q:        nan | won: False 
#  333 | steps:  3724 | steps_t:     0 | t: 2.554146 | r:  -512.000000 | e:   1.000000 | Q:        nan | won: False 
#  334 | steps:  3734 | steps_t:     0 | t: 2.561146 | r:  -509.000000 | e:   1.000000 | Q:        nan | won: False 
#  335 | steps:  3754 | steps_t:     0 | t: 2.574147 | r:  -508.000000 | e:   1.000000 | Q:        nan | won: False 
#  336 | steps:  3764 | steps_t:     0 | t: 2.580148 | r:  -509.000000 | e:   1.000000 | Q:        nan | won: False 
#  337 | steps:  3773 | steps_t:     0 | t: 2.585148 | r:  -508.000000 | e:   1.000000 | Q:        nan | won: False 
#  338 | steps:  3791 | steps_t:     0 | t: 2.597148 | r:  -517.000000 | e:   1.000000 | Q:        nan | won: False 
#  339 | steps:  3806 | steps_t:     0 | t: 2.605149 | r:  -514.000000 | e:   1.000000 | Q:        nan | won: False 
#  340 | steps:  3811 | steps_t:     0 | t: 2.608149 | r:  -504.000000 | e:   1.000000 | Q:        nan | won: False 
#  341 | steps:  3823 | steps_t:     0 | t: 2.615150 | r:  -511.000000 | e:   1.000000 | Q:        nan | won: False 
#  342 | steps:  3838 | steps_t:     0 | t: 2.623150 | r:  -514.000000 | e:   1.000000 | Q:        nan | won: False 
#  343 | steps:  3855 | steps_t:     0 | t: 2.634151 | r:  -516.000000 | e:   1.000000 | Q:        nan | won: False 
#  344 | steps:  3863 | steps_t:     0 | t: 2.639151 | r:  -507.000000 | e:   1.000000 | Q:        nan | won: False 
#  345 | steps:  3870 | steps_t:     0 | t: 2.642151 | r:  -506.000000 | e:   1.000000 | Q:        nan | won: False 
#  346 | steps:  3889 | steps_t:     0 | t: 2.653152 | r:  -518.000000 | e:   1.000000 | Q:        nan | won: False 
#  347 | steps:  3897 | steps_t:     0 | t: 2.657152 | r:  -507.000000 | e:   1.000000 | Q:        nan | won: False 
#  348 | steps:  3906 | steps_t:     0 | t: 2.662152 | r:  -508.000000 | e:   1.000000 | Q:        nan | won: False 
#  349 | steps:  3913 | steps_t:     0 | t: 2.666152 | r:  -506.000000 | e:   1.000000 | Q:        nan | won: False 
#  350 | steps:  3923 | steps_t:     0 | t: 2.672153 | r:  -509.000000 | e:   1.000000 | Q:        nan | won: False 
#  351 | steps:  3942 | steps_t:     0 | t: 2.683153 | r:  -518.000000 | e:   1.000000 | Q:        nan | won: False 
#  352 | steps:  3954 | steps_t:     0 | t: 2.689154 | r:  -511.000000 | e:   1.000000 | Q:        nan | won: False 
#  353 | steps:  3963 | steps_t:     0 | t: 2.695154 | r:  -508.000000 | e:   1.000000 | Q:        nan | won: False 
#  354 | steps:  3972 | steps_t:     0 | t: 2.702155 | r:  -508.000000 | e:   1.000000 | Q:        nan | won: False 
#  355 | steps:  3984 | steps_t:     0 | t: 2.708155 | r:  -511.000000 | e:   1.000000 | Q:        nan | won: False 
#  356 | steps:  3992 | steps_t:     0 | t: 2.713155 | r:  -507.000000 | e:   1.000000 | Q:        nan | won: False 
#  357 | steps:  4002 | steps_t:     0 | t: 2.718156 | r:  -509.000000 | e:   1.000000 | Q:        nan | won: False 
#  358 | steps:  4010 | steps_t:     0 | t: 2.723156 | r:  -507.000000 | e:   1.000000 | Q:        nan | won: False 
#  359 | steps:  4020 | steps_t:     0 | t: 2.729156 | r:  -509.000000 | e:   1.000000 | Q:        nan | won: False 
#  360 | steps:  4029 | steps_t:     0 | t: 2.735156 | r:  -508.000000 | e:   1.000000 | Q:        nan | won: False 
#  361 | steps:  4043 | steps_t:     0 | t: 2.745157 | r:  -513.000000 | e:   1.000000 | Q:        nan | won: False 
#  362 | steps:  4050 | steps_t:     0 | t: 2.750157 | r:  -506.000000 | e:   1.000000 | Q:        nan | won: False 
#  363 | steps:  4070 | steps_t:     0 | t: 2.761158 | r:  -519.000000 | e:   1.000000 | Q:        nan | won: False 
#  364 | steps:  4087 | steps_t:     0 | t: 2.771159 | r:  -516.000000 | e:   1.000000 | Q:        nan | won: False 
#  365 | steps:  4098 | steps_t:     0 | t: 2.777159 | r:  -510.000000 | e:   1.000000 | Q:        nan | won: False 
#  366 | steps:  4108 | steps_t:     0 | t: 2.784159 | r:  -509.000000 | e:   1.000000 | Q:        nan | won: False 
#  367 | steps:  4122 | steps_t:     0 | t: 2.790160 | r:  -513.000000 | e:   1.000000 | Q:        nan | won: False 
#  368 | steps:  4131 | steps_t:     0 | t: 2.797160 | r:  -508.000000 | e:   1.000000 | Q:        nan | won: False 
#  369 | steps:  4139 | steps_t:     0 | t: 2.802160 | r:  -507.000000 | e:   1.000000 | Q:        nan | won: False 
#  370 | steps:  4149 | steps_t:     0 | t: 2.808161 | r:  -509.000000 | e:   1.000000 | Q:        nan | won: False 
#  371 | steps:  4158 | steps_t:     0 | t: 2.814161 | r:  -508.000000 | e:   1.000000 | Q:        nan | won: False 
#  372 | steps:  4168 | steps_t:     0 | t: 2.819161 | r:  -509.000000 | e:   1.000000 | Q:        nan | won: False 
#  373 | steps:  4177 | steps_t:     0 | t: 2.823161 | r:  -508.000000 | e:   1.000000 | Q:        nan | won: False 
#  374 | steps:  4187 | steps_t:     0 | t: 2.829162 | r:  -509.000000 | e:   1.000000 | Q:        nan | won: False 
#  375 | steps:  4199 | steps_t:     0 | t: 2.838162 | r:  -511.000000 | e:   1.000000 | Q:        nan | won: False 
#  376 | steps:  4214 | steps_t:     0 | t: 2.847163 | r:  -514.000000 | e:   1.000000 | Q:        nan | won: False 
#  377 | steps:  4220 | steps_t:     0 | t: 2.850163 | r:  -505.000000 | e:   1.000000 | Q:        nan | won: False 
#  378 | steps:  4244 | steps_t:     0 | t: 2.863164 | r:  -523.000000 | e:   1.000000 | Q:        nan | won: False 
#  379 | steps:  4253 | steps_t:     0 | t: 2.869164 | r:  -508.000000 | e:   1.000000 | Q:        nan | won: False 
#  380 | steps:  4263 | steps_t:     0 | t: 2.876164 | r:  -509.000000 | e:   1.000000 | Q:        nan | won: False 
#  381 | steps:  4276 | steps_t:     0 | t: 2.887165 | r:  -512.000000 | e:   1.000000 | Q:        nan | won: False 
#  382 | steps:  4284 | steps_t:     0 | t: 2.891165 | r:  -507.000000 | e:   1.000000 | Q:        nan | won: False 
#  383 | steps:  4298 | steps_t:     0 | t: 2.900166 | r:  -513.000000 | e:   1.000000 | Q:        nan | won: False 
#  384 | steps:  4304 | steps_t:     0 | t: 2.904166 | r:  -505.000000 | e:   1.000000 | Q:        nan | won: False 
#  385 | steps:  4312 | steps_t:     0 | t: 2.909166 | r:  -507.000000 | e:   1.000000 | Q:        nan | won: False 
#  386 | steps:  4319 | steps_t:     0 | t: 2.914167 | r:  -506.000000 | e:   1.000000 | Q:        nan | won: False 
#  387 | steps:  4327 | steps_t:     0 | t: 2.919167 | r:  -507.000000 | e:   1.000000 | Q:        nan | won: False 
#  388 | steps:  4340 | steps_t:     0 | t: 2.925167 | r:  -512.000000 | e:   1.000000 | Q:        nan | won: False 
#  389 | steps:  4349 | steps_t:     0 | t: 2.932168 | r:  -508.000000 | e:   1.000000 | Q:        nan | won: False 
#  390 | steps:  4357 | steps_t:     0 | t: 2.939168 | r:  -507.000000 | e:   1.000000 | Q:        nan | won: False 
#  391 | steps:  4367 | steps_t:     0 | t: 2.945168 | r:  -509.000000 | e:   1.000000 | Q:        nan | won: False 
#  392 | steps:  4374 | steps_t:     0 | t: 2.949169 | r:  -506.000000 | e:   1.000000 | Q:        nan | won: False 
#  393 | steps:  4382 | steps_t:     0 | t: 2.955169 | r:  -507.000000 | e:   1.000000 | Q:        nan | won: False 
#  394 | steps:  4390 | steps_t:     0 | t: 2.959169 | r:  -507.000000 | e:   1.000000 | Q:        nan | won: False 
#  395 | steps:  4402 | steps_t:     0 | t: 2.968170 | r:  -511.000000 | e:   1.000000 | Q:        nan | won: False 
#  396 | steps:  4410 | steps_t:     0 | t: 2.972170 | r:  -507.000000 | e:   1.000000 | Q:        nan | won: False 
#  397 | steps:  4418 | steps_t:     0 | t: 2.978170 | r:  -507.000000 | e:   1.000000 | Q:        nan | won: False 
#  398 | steps:  4424 | steps_t:     0 | t: 2.982171 | r:  -505.000000 | e:   1.000000 | Q:        nan | won: False 
#  399 | steps:  4440 | steps_t:     0 | t: 2.990171 | r:  -515.000000 | e:   1.000000 | Q:        nan | won: False 
#  400 | steps:  4448 | steps_t:     0 | t: 2.997171 | r:  -507.000000 | e:   1.000000 | Q:        nan | won: False 
#  401 | steps:  4465 | steps_t:     0 | t: 3.007172 | r:  -516.000000 | e:   1.000000 | Q:        nan | won: False 
#  402 | steps:  4489 | steps_t:     0 | t: 3.021173 | r:  -523.000000 | e:   1.000000 | Q:        nan | won: False 
#  403 | steps:  4500 | steps_t:     0 | t: 3.030173 | r:  -510.000000 | e:   1.000000 | Q:        nan | won: False 
#  404 | steps:  4506 | steps_t:     0 | t: 3.034173 | r:  -505.000000 | e:   1.000000 | Q:        nan | won: False 
#  405 | steps:  4514 | steps_t:     0 | t: 3.038174 | r:  -507.000000 | e:   1.000000 | Q:        nan | won: False 
#  406 | steps:  4532 | steps_t:     0 | t: 3.049174 | r:  -517.000000 | e:   1.000000 | Q:        nan | won: False 
#  407 | steps:  4539 | steps_t:     0 | t: 3.054175 | r:  -506.000000 | e:   1.000000 | Q:        nan | won: False 
#  408 | steps:  4551 | steps_t:     0 | t: 3.063175 | r:  -511.000000 | e:   1.000000 | Q:        nan | won: False 
#  409 | steps:  4558 | steps_t:     0 | t: 3.067176 | r:  -506.000000 | e:   1.000000 | Q:        nan | won: False 
#  410 | steps:  4567 | steps_t:     0 | t: 3.071176 | r:  -508.000000 | e:   1.000000 | Q:        nan | won: False 
#  411 | steps:  4581 | steps_t:     0 | t: 3.080176 | r:  -513.000000 | e:   1.000000 | Q:        nan | won: False 
#  412 | steps:  4592 | steps_t:     0 | t: 3.087177 | r:  -510.000000 | e:   1.000000 | Q:        nan | won: False 
#  413 | steps:  4599 | steps_t:     0 | t: 3.091177 | r:  -506.000000 | e:   1.000000 | Q:        nan | won: False 
#  414 | steps:  4617 | steps_t:     0 | t: 3.104177 | r:  -506.000000 | e:   1.000000 | Q:        nan | won: False 
#  415 | steps:  4626 | steps_t:     0 | t: 3.109178 | r:  -508.000000 | e:   1.000000 | Q:        nan | won: False 
#  416 | steps:  4633 | steps_t:     0 | t: 3.114178 | r:  -506.000000 | e:   1.000000 | Q:        nan | won: False 
#  417 | steps:  4644 | steps_t:     0 | t: 3.123178 | r:  -510.000000 | e:   1.000000 | Q:        nan | won: False 
#  418 | steps:  4654 | steps_t:     0 | t: 3.131179 | r:  -509.000000 | e:   1.000000 | Q:        nan | won: False 
#  419 | steps:  4662 | steps_t:     0 | t: 3.135179 | r:  -507.000000 | e:   1.000000 | Q:        nan | won: False 
#  420 | steps:  4670 | steps_t:     0 | t: 3.141180 | r:  -507.000000 | e:   1.000000 | Q:        nan | won: False 
#  421 | steps:  4676 | steps_t:     0 | t: 3.144180 | r:  -505.000000 | e:   1.000000 | Q:        nan | won: False 
#  422 | steps:  4683 | steps_t:     0 | t: 3.150180 | r:  -506.000000 | e:   1.000000 | Q:        nan | won: False 
#  423 | steps:  4690 | steps_t:     0 | t: 3.155181 | r:  -506.000000 | e:   1.000000 | Q:        nan | won: False 
#  424 | steps:  4698 | steps_t:     0 | t: 3.159181 | r:  -507.000000 | e:   1.000000 | Q:        nan | won: False 
#  425 | steps:  4713 | steps_t:     0 | t: 3.169181 | r:  -514.000000 | e:   1.000000 | Q:        nan | won: False 
#  426 | steps:  4722 | steps_t:     0 | t: 3.175182 | r:  -508.000000 | e:   1.000000 | Q:        nan | won: False 
#  427 | steps:  4742 | steps_t:     0 | t: 3.188182 | r:  -519.000000 | e:   1.000000 | Q:        nan | won: False 
#  428 | steps:  4756 | steps_t:     0 | t: 3.196183 | r:  -513.000000 | e:   1.000000 | Q:        nan | won: False 
#  429 | steps:  4764 | steps_t:     0 | t: 3.201183 | r:  -507.000000 | e:   1.000000 | Q:        nan | won: False 
#  430 | steps:  4807 | steps_t:     0 | t: 3.227185 | r:  -531.000000 | e:   1.000000 | Q:        nan | won: False 
#  431 | steps:  4823 | steps_t:     0 | t: 3.237185 | r:  -515.000000 | e:   1.000000 | Q:        nan | won: False 
#  432 | steps:  4840 | steps_t:     0 | t: 3.247186 | r:  -505.000000 | e:   1.000000 | Q:        nan | won: False 
#  433 | steps:  4846 | steps_t:     0 | t: 3.250186 | r:  -505.000000 | e:   1.000000 | Q:        nan | won: False 
#  434 | steps:  4858 | steps_t:     0 | t: 3.257186 | r:  -511.000000 | e:   1.000000 | Q:        nan | won: False 
#  435 | steps:  4868 | steps_t:     0 | t: 3.262187 | r:  -509.000000 | e:   1.000000 | Q:        nan | won: False 
#  436 | steps:  4880 | steps_t:     0 | t: 3.269187 | r:  -511.000000 | e:   1.000000 | Q:        nan | won: False 
#  437 | steps:  4894 | steps_t:     0 | t: 3.276187 | r:  -513.000000 | e:   1.000000 | Q:        nan | won: False 
#  438 | steps:  4903 | steps_t:     0 | t: 3.282188 | r:  -508.000000 | e:   1.000000 | Q:        nan | won: False 
#  439 | steps:  4918 | steps_t:     0 | t: 3.289188 | r:  -492.000000 | e:   1.000000 | Q:        nan | won: False 
#  440 | steps:  4924 | steps_t:     0 | t: 3.293189 | r:  -505.000000 | e:   1.000000 | Q:        nan | won: False 
#  441 | steps:  4933 | steps_t:     0 | t: 3.299189 | r:  -508.000000 | e:   1.000000 | Q:        nan | won: False 
#  442 | steps:  4945 | steps_t:     0 | t: 3.308189 | r:  -511.000000 | e:   1.000000 | Q:        nan | won: False 
#  443 | steps:  4951 | steps_t:     0 | t: 3.313190 | r:  -505.000000 | e:   1.000000 | Q:        nan | won: False 
#  444 | steps:  4958 | steps_t:     0 | t: 3.318190 | r:  -506.000000 | e:   1.000000 | Q:        nan | won: False 
#  445 | steps:  4966 | steps_t:     0 | t: 3.323190 | r:  -507.000000 | e:   1.000000 | Q:        nan | won: False 
#  446 | steps:  4975 | steps_t:     0 | t: 3.327190 | r:  -508.000000 | e:   1.000000 | Q:        nan | won: False 
#  447 | steps:  4981 | steps_t:     0 | t: 3.332191 | r:  -505.000000 | e:   1.000000 | Q:        nan | won: False 
#  448 | steps:  4993 | steps_t:     0 | t: 3.339191 | r:  -511.000000 | e:   1.000000 | Q:        nan | won: False 
#  449 | steps:  5001 | steps_t:     0 | t: 3.346191 | r:  -507.000000 | e:   1.000000 | Q:        nan | won: False 
#  450 | steps:  5020 | steps_t:    17 | t: 4.984285 | r:  -518.000000 | e:   0.998300 | Q:        nan | won: False 
#  451 | steps:  5026 | steps_t:    22 | t: 5.125293 | r:  -505.000000 | e:   0.997800 | Q:  -0.581590 | won: False 
#  452 | steps:  5037 | steps_t:    32 | t: 5.233299 | r:  -510.000000 | e:   0.996800 | Q:        nan | won: False 
#  453 | steps:  5044 | steps_t:    38 | t: 5.302303 | r:  -506.000000 | e:   0.996200 | Q:        nan | won: False 
#  454 | steps:  5056 | steps_t:    49 | t: 5.414310 | r:  -511.000000 | e:   0.995100 | Q:        nan | won: False 
#  455 | steps:  5065 | steps_t:    57 | t: 5.503315 | r:  -508.000000 | e:   0.994300 | Q:        nan | won: False 
#  456 | steps:  5073 | steps_t:    64 | t: 5.574319 | r:  -507.000000 | e:   0.993600 | Q:        nan | won: False 
#  457 | steps:  5079 | steps_t:    69 | t: 5.628322 | r:  -505.000000 | e:   0.993100 | Q:        nan | won: False 
#  458 | steps:  5086 | steps_t:    75 | t: 5.701326 | r:  -506.000000 | e:   0.992500 | Q:        nan | won: False 
#  459 | steps:  5094 | steps_t:    82 | t: 5.771330 | r:  -507.000000 | e:   0.991800 | Q:        nan | won: False 
#  460 | steps:  5106 | steps_t:    93 | t: 5.900337 | r:  -511.000000 | e:   0.990700 | Q:        nan | won: False 
#  461 | steps:  5128 | steps_t:   114 | t: 6.133351 | r:  -521.000000 | e:   0.988600 | Q:        nan | won: False 
#  462 | steps:  5135 | steps_t:   120 | t: 6.199355 | r:  -506.000000 | e:   0.988000 | Q:        nan | won: False 
#  463 | steps:  5147 | steps_t:   131 | t: 6.325362 | r:  -511.000000 | e:   0.986900 | Q:        nan | won: False 
#  464 | steps:  5154 | steps_t:   137 | t: 6.400366 | r:  -506.000000 | e:   0.986300 | Q:        nan | won: False 
#  465 | steps:  5167 | steps_t:   149 | t: 6.565376 | r:  -512.000000 | e:   0.985100 | Q:        nan | won: False 
#  466 | steps:  5189 | steps_t:   170 | t: 6.802389 | r:  -521.000000 | e:   0.983000 | Q:        nan | won: False 
#  467 | steps:  5204 | steps_t:   184 | t: 6.969399 | r:  -514.000000 | e:   0.981600 | Q:        nan | won: False 
#  468 | steps:  5213 | steps_t:   192 | t: 7.065404 | r:  -508.000000 | e:   0.980800 | Q:        nan | won: False 
#  469 | steps:  5219 | steps_t:   197 | t: 7.122407 | r:  -505.000000 | e:   0.980300 | Q:        nan | won: False 
