#    1 | steps:     6 | steps_t:     0 | t: 0.016001 | r:  -505.000000 | e:   1.000000 | Q:        nan | won: False 
#    2 | steps:    14 | steps_t:     0 | t: 0.022001 | r:  -507.000000 | e:   1.000000 | Q:        nan | won: False 
#    3 | steps:    25 | steps_t:     0 | t: 0.027001 | r:  -510.000000 | e:   1.000000 | Q:        nan | won: False 
#    4 | steps:    40 | steps_t:     0 | t: 0.037002 | r:  -514.000000 | e:   1.000000 | Q:        nan | won: False 
#    5 | steps:    54 | steps_t:     0 | t: 0.044003 | r:  -513.000000 | e:   1.000000 | Q:        nan | won: False 
#    6 | steps:    64 | steps_t:     0 | t: 0.051003 | r:  -509.000000 | e:   1.000000 | Q:        nan | won: False 
#    7 | steps:    71 | steps_t:     0 | t: 0.055003 | r:  -506.000000 | e:   1.000000 | Q:        nan | won: False 
#    8 | steps:    83 | steps_t:     0 | t: 0.060004 | r:  -511.000000 | e:   1.000000 | Q:        nan | won: False 
#    9 | steps:    91 | steps_t:     0 | t: 0.065004 | r:  -507.000000 | e:   1.000000 | Q:        nan | won: False 
#   10 | steps:   102 | steps_t:     0 | t: 0.072004 | r:  -510.000000 | e:   1.000000 | Q:        nan | won: False 
#   11 | steps:   118 | steps_t:     0 | t: 0.081004 | r:  -515.000000 | e:   1.000000 | Q:        nan | won: False 
#   12 | steps:   128 | steps_t:     0 | t: 0.086005 | r:  -509.000000 | e:   1.000000 | Q:        nan | won: False 
#   13 | steps:   136 | steps_t:     0 | t: 0.092005 | r:  -507.000000 | e:   1.000000 | Q:        nan | won: False 
#   14 | steps:   145 | steps_t:     0 | t: 0.098006 | r:  -508.000000 | e:   1.000000 | Q:        nan | won: False 
#   15 | steps:   153 | steps_t:     0 | t: 0.102006 | r:  -507.000000 | e:   1.000000 | Q:        nan | won: False 
#   16 | steps:   171 | steps_t:     0 | t: 0.112006 | r:  -517.000000 | e:   1.000000 | Q:        nan | won: False 
#   17 | steps:   182 | steps_t:     0 | t: 0.119007 | r:  -510.000000 | e:   1.000000 | Q:        nan | won: False 
#   18 | steps:   188 | steps_t:     0 | t: 0.123007 | r:  -505.000000 | e:   1.000000 | Q:        nan | won: False 
#   19 | steps:   194 | steps_t:     0 | t: 0.126007 | r:  -505.000000 | e:   1.000000 | Q:        nan | won: False 
#   20 | steps:   204 | steps_t:     0 | t: 0.134007 | r:  -509.000000 | e:   1.000000 | Q:        nan | won: False 
#   21 | steps:   215 | steps_t:     0 | t: 0.141008 | r:  -510.000000 | e:   1.000000 | Q:        nan | won: False 
#   22 | steps:   224 | steps_t:     0 | t: 0.147008 | r:  -508.000000 | e:   1.000000 | Q:        nan | won: False 
#   23 | steps:   243 | steps_t:     0 | t: 0.158009 | r:  -518.000000 | e:   1.000000 | Q:        nan | won: False 
#   24 | steps:   263 | steps_t:     0 | t: 0.171010 | r:  -519.000000 | e:   1.000000 | Q:        nan | won: False 
#   25 | steps:   271 | steps_t:     0 | t: 0.176010 | r:  -507.000000 | e:   1.000000 | Q:        nan | won: False 
#   26 | steps:   277 | steps_t:     0 | t: 0.179010 | r:  -505.000000 | e:   1.000000 | Q:        nan | won: False 
#   27 | steps:   298 | steps_t:     0 | t: 0.191011 | r:  -520.000000 | e:   1.000000 | Q:        nan | won: False 
#   28 | steps:   307 | steps_t:     0 | t: 0.198011 | r:  -508.000000 | e:   1.000000 | Q:        nan | won: False 
#   29 | steps:   317 | steps_t:     0 | t: 0.204012 | r:  -509.000000 | e:   1.000000 | Q:        nan | won: False 
#   30 | steps:   328 | steps_t:     0 | t: 0.211012 | r:  -510.000000 | e:   1.000000 | Q:        nan | won: False 
#   31 | steps:   351 | steps_t:     0 | t: 0.226013 | r:  -522.000000 | e:   1.000000 | Q:        nan | won: False 
#   32 | steps:   361 | steps_t:     0 | t: 0.232013 | r:  -509.000000 | e:   1.000000 | Q:        nan | won: False 
#   33 | steps:   366 | steps_t:     0 | t: 0.235013 | r:  -504.000000 | e:   1.000000 | Q:        nan | won: False 
#   34 | steps:   382 | steps_t:     0 | t: 0.243014 | r:  -515.000000 | e:   1.000000 | Q:        nan | won: False 
#   35 | steps:   395 | steps_t:     0 | t: 0.252014 | r:  -512.000000 | e:   1.000000 | Q:        nan | won: False 
#   36 | steps:   403 | steps_t:     0 | t: 0.256015 | r:  -507.000000 | e:   1.000000 | Q:        nan | won: False 
#   37 | steps:   413 | steps_t:     0 | t: 0.260015 | r:  -509.000000 | e:   1.000000 | Q:        nan | won: False 
#   38 | steps:   422 | steps_t:     0 | t: 0.265015 | r:  -508.000000 | e:   1.000000 | Q:        nan | won: False 
#   39 | steps:   433 | steps_t:     0 | t: 0.271016 | r:  -510.000000 | e:   1.000000 | Q:        nan | won: False 
#   40 | steps:   439 | steps_t:     0 | t: 0.274016 | r:  -505.000000 | e:   1.000000 | Q:        nan | won: False 
#   41 | steps:   449 | steps_t:     0 | t: 0.279016 | r:  -509.000000 | e:   1.000000 | Q:        nan | won: False 
#   42 | steps:   459 | steps_t:     0 | t: 0.285016 | r:  -509.000000 | e:   1.000000 | Q:        nan | won: False 
#   43 | steps:   473 | steps_t:     0 | t: 0.293017 | r:  -502.000000 | e:   1.000000 | Q:        nan | won: False 
#   44 | steps:   479 | steps_t:     0 | t: 0.296017 | r:  -505.000000 | e:   1.000000 | Q:        nan | won: False 
#   45 | steps:   502 | steps_t:     0 | t: 0.308017 | r:  -522.000000 | e:   1.000000 | Q:        nan | won: False 
#   46 | steps:   510 | steps_t:     0 | t: 0.312018 | r:  -507.000000 | e:   1.000000 | Q:        nan | won: False 
#   47 | steps:   524 | steps_t:     0 | t: 0.320018 | r:  -513.000000 | e:   1.000000 | Q:        nan | won: False 
#   48 | steps:   532 | steps_t:     0 | t: 0.325018 | r:  -507.000000 | e:   1.000000 | Q:        nan | won: False 
#   49 | steps:   541 | steps_t:     0 | t: 0.331019 | r:  -508.000000 | e:   1.000000 | Q:        nan | won: False 
#   50 | steps:   548 | steps_t:     0 | t: 0.335019 | r:  -506.000000 | e:   1.000000 | Q:        nan | won: False 
#   51 | steps:   556 | steps_t:     0 | t: 0.338019 | r:  -507.000000 | e:   1.000000 | Q:        nan | won: False 
#   52 | steps:   565 | steps_t:     0 | t: 0.343020 | r:  -508.000000 | e:   1.000000 | Q:        nan | won: False 
#   53 | steps:   587 | steps_t:     0 | t: 0.356020 | r:  -521.000000 | e:   1.000000 | Q:        nan | won: False 
#   54 | steps:   602 | steps_t:     0 | t: 0.366021 | r:  -514.000000 | e:   1.000000 | Q:        nan | won: False 
#   55 | steps:   612 | steps_t:     0 | t: 0.371021 | r:  -509.000000 | e:   1.000000 | Q:        nan | won: False 
#   56 | steps:   632 | steps_t:     0 | t: 0.383022 | r:  -519.000000 | e:   1.000000 | Q:        nan | won: False 
#   57 | steps:   640 | steps_t:     0 | t: 0.389022 | r:  -507.000000 | e:   1.000000 | Q:        nan | won: False 
#   58 | steps:   649 | steps_t:     0 | t: 0.394022 | r:  -508.000000 | e:   1.000000 | Q:        nan | won: False 
#   59 | steps:   659 | steps_t:     0 | t: 0.400023 | r:  -509.000000 | e:   1.000000 | Q:        nan | won: False 
#   60 | steps:   666 | steps_t:     0 | t: 0.404023 | r:  -506.000000 | e:   1.000000 | Q:        nan | won: False 
#   61 | steps:   677 | steps_t:     0 | t: 0.411023 | r:  -510.000000 | e:   1.000000 | Q:        nan | won: False 
#   62 | steps:   687 | steps_t:     0 | t: 0.419024 | r:  -509.000000 | e:   1.000000 | Q:        nan | won: False 
#   63 | steps:   695 | steps_t:     0 | t: 0.423024 | r:  -507.000000 | e:   1.000000 | Q:        nan | won: False 
#   64 | steps:   719 | steps_t:     0 | t: 0.437025 | r:  -523.000000 | e:   1.000000 | Q:        nan | won: False 
#   65 | steps:   741 | steps_t:     0 | t: 0.450026 | r:  -510.000000 | e:   1.000000 | Q:        nan | won: False 
#   66 | steps:   748 | steps_t:     0 | t: 0.454026 | r:  -506.000000 | e:   1.000000 | Q:        nan | won: False 
#   67 | steps:   757 | steps_t:     0 | t: 0.460026 | r:  -508.000000 | e:   1.000000 | Q:        nan | won: False 
#   68 | steps:   770 | steps_t:     0 | t: 0.467026 | r:  -512.000000 | e:   1.000000 | Q:        nan | won: False 
#   69 | steps:   777 | steps_t:     0 | t: 0.471027 | r:  -506.000000 | e:   1.000000 | Q:        nan | won: False 
#   70 | steps:   783 | steps_t:     0 | t: 0.473027 | r:  -505.000000 | e:   1.000000 | Q:        nan | won: False 
#   71 | steps:   802 | steps_t:     0 | t: 0.484028 | r:  -507.000000 | e:   1.000000 | Q:        nan | won: False 
#   72 | steps:   809 | steps_t:     0 | t: 0.488028 | r:  -506.000000 | e:   1.000000 | Q:        nan | won: False 
#   73 | steps:   829 | steps_t:     0 | t: 0.500029 | r:  -519.000000 | e:   1.000000 | Q:        nan | won: False 
#   74 | steps:   835 | steps_t:     0 | t: 0.504029 | r:  -505.000000 | e:   1.000000 | Q:        nan | won: False 
#   75 | steps:   849 | steps_t:     0 | t: 0.511029 | r:  -513.000000 | e:   1.000000 | Q:        nan | won: False 
#   76 | steps:   855 | steps_t:     0 | t: 0.514030 | r:  -505.000000 | e:   1.000000 | Q:        nan | won: False 
#   77 | steps:   861 | steps_t:     0 | t: 0.518029 | r:  -505.000000 | e:   1.000000 | Q:        nan | won: False 
#   78 | steps:   871 | steps_t:     0 | t: 0.524030 | r:  -509.000000 | e:   1.000000 | Q:        nan | won: False 
#   79 | steps:   885 | steps_t:     0 | t: 0.532030 | r:  -513.000000 | e:   1.000000 | Q:        nan | won: False 
#   80 | steps:   907 | steps_t:     0 | t: 0.542031 | r:  -521.000000 | e:   1.000000 | Q:        nan | won: False 
#   81 | steps:   924 | steps_t:     0 | t: 0.552031 | r:  -516.000000 | e:   1.000000 | Q:        nan | won: False 
#   82 | steps:   933 | steps_t:     0 | t: 0.557032 | r:  -508.000000 | e:   1.000000 | Q:        nan | won: False 
#   83 | steps:   947 | steps_t:     0 | t: 0.565032 | r:  -513.000000 | e:   1.000000 | Q:        nan | won: False 
#   84 | steps:   968 | steps_t:     0 | t: 0.575033 | r:  -520.000000 | e:   1.000000 | Q:        nan | won: False 
#   85 | steps:   977 | steps_t:     0 | t: 0.581033 | r:  -508.000000 | e:   1.000000 | Q:        nan | won: False 
#   86 | steps:   986 | steps_t:     0 | t: 0.587034 | r:  -508.000000 | e:   1.000000 | Q:        nan | won: False 
#   87 | steps:   993 | steps_t:     0 | t: 0.591034 | r:  -506.000000 | e:   1.000000 | Q:        nan | won: False 
#   88 | steps:  1002 | steps_t:     0 | t: 0.596034 | r:  -508.000000 | e:   1.000000 | Q:        nan | won: False 
#   89 | steps:  1011 | steps_t:     0 | t: 0.602034 | r:  -508.000000 | e:   1.000000 | Q:        nan | won: False 
#   90 | steps:  1029 | steps_t:     0 | t: 0.612035 | r:  -506.000000 | e:   1.000000 | Q:        nan | won: False 
#   91 | steps:  1041 | steps_t:     0 | t: 0.619035 | r:  -511.000000 | e:   1.000000 | Q:        nan | won: False 
#   92 | steps:  1063 | steps_t:     0 | t: 0.631036 | r:  -521.000000 | e:   1.000000 | Q:        nan | won: False 
#   93 | steps:  1071 | steps_t:     0 | t: 0.635036 | r:  -507.000000 | e:   1.000000 | Q:        nan | won: False 
#   94 | steps:  1079 | steps_t:     0 | t: 0.640037 | r:  -507.000000 | e:   1.000000 | Q:        nan | won: False 
#   95 | steps:  1086 | steps_t:     0 | t: 0.645037 | r:  -506.000000 | e:   1.000000 | Q:        nan | won: False 
#   96 | steps:  1093 | steps_t:     0 | t: 0.650037 | r:  -506.000000 | e:   1.000000 | Q:        nan | won: False 
#   97 | steps:  1107 | steps_t:     0 | t: 0.657037 | r:  -513.000000 | e:   1.000000 | Q:        nan | won: False 
#   98 | steps:  1116 | steps_t:     0 | t: 0.662038 | r:  -508.000000 | e:   1.000000 | Q:        nan | won: False 
#   99 | steps:  1124 | steps_t:     0 | t: 0.667038 | r:  -507.000000 | e:   1.000000 | Q:        nan | won: False 
#  100 | steps:  1140 | steps_t:     0 | t: 0.676039 | r:  -515.000000 | e:   1.000000 | Q:        nan | won: False 
#  101 | steps:  1150 | steps_t:     0 | t: 0.682039 | r:  -509.000000 | e:   1.000000 | Q:        nan | won: False 
#  102 | steps:  1160 | steps_t:     0 | t: 0.687039 | r:  -509.000000 | e:   1.000000 | Q:        nan | won: False 
#  103 | steps:  1168 | steps_t:     0 | t: 0.691039 | r:  -507.000000 | e:   1.000000 | Q:        nan | won: False 
#  104 | steps:  1184 | steps_t:     0 | t: 0.700040 | r:  -515.000000 | e:   1.000000 | Q:        nan | won: False 
#  105 | steps:  1199 | steps_t:     0 | t: 0.707040 | r:  -514.000000 | e:   1.000000 | Q:        nan | won: False 
#  106 | steps:  1212 | steps_t:     0 | t: 0.713041 | r:  -512.000000 | e:   1.000000 | Q:        nan | won: False 
#  107 | steps:  1218 | steps_t:     0 | t: 0.717041 | r:  -505.000000 | e:   1.000000 | Q:        nan | won: False 
#  108 | steps:  1238 | steps_t:     0 | t: 0.726042 | r:  -519.000000 | e:   1.000000 | Q:        nan | won: False 
#  109 | steps:  1250 | steps_t:     0 | t: 0.733042 | r:  -511.000000 | e:   1.000000 | Q:        nan | won: False 
#  110 | steps:  1258 | steps_t:     0 | t: 0.736042 | r:  -507.000000 | e:   1.000000 | Q:        nan | won: False 
#  111 | steps:  1265 | steps_t:     0 | t: 0.741042 | r:  -506.000000 | e:   1.000000 | Q:        nan | won: False 
#  112 | steps:  1273 | steps_t:     0 | t: 0.744042 | r:  -507.000000 | e:   1.000000 | Q:        nan | won: False 
#  113 | steps:  1284 | steps_t:     0 | t: 0.750043 | r:  -510.000000 | e:   1.000000 | Q:        nan | won: False 
#  114 | steps:  1298 | steps_t:     0 | t: 0.757043 | r:  -513.000000 | e:   1.000000 | Q:        nan | won: False 
#  115 | steps:  1310 | steps_t:     0 | t: 0.764044 | r:  -511.000000 | e:   1.000000 | Q:        nan | won: False 
#  116 | steps:  1315 | steps_t:     0 | t: 0.768044 | r:  -504.000000 | e:   1.000000 | Q:        nan | won: False 
#  117 | steps:  1327 | steps_t:     0 | t: 0.774044 | r:  -511.000000 | e:   1.000000 | Q:        nan | won: False 
#  118 | steps:  1345 | steps_t:     0 | t: 0.784045 | r:  -517.000000 | e:   1.000000 | Q:        nan | won: False 
#  119 | steps:  1361 | steps_t:     0 | t: 0.792045 | r:  -515.000000 | e:   1.000000 | Q:        nan | won: False 
#  120 | steps:  1371 | steps_t:     0 | t: 0.797046 | r:  -509.000000 | e:   1.000000 | Q:        nan | won: False 
#  121 | steps:  1382 | steps_t:     0 | t: 0.805046 | r:  -510.000000 | e:   1.000000 | Q:        nan | won: False 
#  122 | steps:  1392 | steps_t:     0 | t: 0.809046 | r:  -509.000000 | e:   1.000000 | Q:        nan | won: False 
#  123 | steps:  1401 | steps_t:     0 | t: 0.815047 | r:  -508.000000 | e:   1.000000 | Q:        nan | won: False 
#  124 | steps:  1411 | steps_t:     0 | t: 0.820047 | r:  -509.000000 | e:   1.000000 | Q:        nan | won: False 
#  125 | steps:  1418 | steps_t:     0 | t: 0.824047 | r:  -506.000000 | e:   1.000000 | Q:        nan | won: False 
#  126 | steps:  1431 | steps_t:     0 | t: 0.833047 | r:  -512.000000 | e:   1.000000 | Q:        nan | won: False 
#  127 | steps:  1442 | steps_t:     0 | t: 0.839048 | r:  -510.000000 | e:   1.000000 | Q:        nan | won: False 
#  128 | steps:  1452 | steps_t:     0 | t: 0.844048 | r:  -509.000000 | e:   1.000000 | Q:        nan | won: False 
#  129 | steps:  1473 | steps_t:     0 | t: 0.855049 | r:  -520.000000 | e:   1.000000 | Q:        nan | won: False 
#  130 | steps:  1482 | steps_t:     0 | t: 0.859049 | r:  -508.000000 | e:   1.000000 | Q:        nan | won: False 
#  131 | steps:  1490 | steps_t:     0 | t: 0.864049 | r:  -507.000000 | e:   1.000000 | Q:        nan | won: False 
#  132 | steps:  1499 | steps_t:     0 | t: 0.869050 | r:  -508.000000 | e:   1.000000 | Q:        nan | won: False 
#  133 | steps:  1507 | steps_t:     0 | t: 0.873050 | r:  -507.000000 | e:   1.000000 | Q:        nan | won: False 
#  134 | steps:  1514 | steps_t:     0 | t: 0.877050 | r:  -506.000000 | e:   1.000000 | Q:        nan | won: False 
#  135 | steps:  1524 | steps_t:     0 | t: 0.882051 | r:  -509.000000 | e:   1.000000 | Q:        nan | won: False 
#  136 | steps:  1536 | steps_t:     0 | t: 0.888051 | r:  -511.000000 | e:   1.000000 | Q:        nan | won: False 
#  137 | steps:  1545 | steps_t:     0 | t: 0.894051 | r:  -508.000000 | e:   1.000000 | Q:        nan | won: False 
#  138 | steps:  1551 | steps_t:     0 | t: 0.898051 | r:  -505.000000 | e:   1.000000 | Q:        nan | won: False 
#  139 | steps:  1567 | steps_t:     0 | t: 0.906052 | r:  -515.000000 | e:   1.000000 | Q:        nan | won: False 
#  140 | steps:  1574 | steps_t:     0 | t: 0.910052 | r:  -506.000000 | e:   1.000000 | Q:        nan | won: False 
#  141 | steps:  1585 | steps_t:     0 | t: 0.916052 | r:  -510.000000 | e:   1.000000 | Q:        nan | won: False 
#  142 | steps:  1594 | steps_t:     0 | t: 0.921052 | r:  -508.000000 | e:   1.000000 | Q:        nan | won: False 
#  143 | steps:  1607 | steps_t:     0 | t: 0.928053 | r:  -512.000000 | e:   1.000000 | Q:        nan | won: False 
#  144 | steps:  1616 | steps_t:     0 | t: 0.933053 | r:  -508.000000 | e:   1.000000 | Q:        nan | won: False 
#  145 | steps:  1630 | steps_t:     0 | t: 0.939054 | r:  -513.000000 | e:   1.000000 | Q:        nan | won: False 
#  146 | steps:  1645 | steps_t:     0 | t: 0.946054 | r:  -514.000000 | e:   1.000000 | Q:        nan | won: False 
#  147 | steps:  1653 | steps_t:     0 | t: 0.951055 | r:  -507.000000 | e:   1.000000 | Q:        nan | won: False 
#  148 | steps:  1661 | steps_t:     0 | t: 0.955055 | r:  -507.000000 | e:   1.000000 | Q:        nan | won: False 
#  149 | steps:  1670 | steps_t:     0 | t: 0.960055 | r:  -508.000000 | e:   1.000000 | Q:        nan | won: False 
#  150 | steps:  1687 | steps_t:     0 | t: 0.969055 | r:  -516.000000 | e:   1.000000 | Q:        nan | won: False 
#  151 | steps:  1696 | steps_t:     0 | t: 0.974056 | r:  -508.000000 | e:   1.000000 | Q:        nan | won: False 
#  152 | steps:  1702 | steps_t:     0 | t: 0.978056 | r:  -505.000000 | e:   1.000000 | Q:        nan | won: False 
#  153 | steps:  1710 | steps_t:     0 | t: 0.983056 | r:  -507.000000 | e:   1.000000 | Q:        nan | won: False 
#  154 | steps:  1720 | steps_t:     0 | t: 0.989056 | r:  -509.000000 | e:   1.000000 | Q:        nan | won: False 
#  155 | steps:  1725 | steps_t:     0 | t: 0.992057 | r:  -504.000000 | e:   1.000000 | Q:        nan | won: False 
#  156 | steps:  1734 | steps_t:     0 | t: 0.997057 | r:  -508.000000 | e:   1.000000 | Q:        nan | won: False 
#  157 | steps:  1744 | steps_t:     0 | t: 1.003057 | r:  -509.000000 | e:   1.000000 | Q:        nan | won: False 
#  158 | steps:  1753 | steps_t:     0 | t: 1.007057 | r:  -508.000000 | e:   1.000000 | Q:        nan | won: False 
#  159 | steps:  1759 | steps_t:     0 | t: 1.010058 | r:  -505.000000 | e:   1.000000 | Q:        nan | won: False 
#  160 | steps:  1766 | steps_t:     0 | t: 1.015058 | r:  -506.000000 | e:   1.000000 | Q:        nan | won: False 
#  161 | steps:  1777 | steps_t:     0 | t: 1.022058 | r:  -510.000000 | e:   1.000000 | Q:        nan | won: False 
#  162 | steps:  1794 | steps_t:     0 | t: 1.032059 | r:  -516.000000 | e:   1.000000 | Q:        nan | won: False 
#  163 | steps:  1801 | steps_t:     0 | t: 1.036059 | r:  -506.000000 | e:   1.000000 | Q:        nan | won: False 
#  164 | steps:  1811 | steps_t:     0 | t: 1.041059 | r:  -509.000000 | e:   1.000000 | Q:        nan | won: False 
#  165 | steps:  1819 | steps_t:     0 | t: 1.046060 | r:  -507.000000 | e:   1.000000 | Q:        nan | won: False 
#  166 | steps:  1826 | steps_t:     0 | t: 1.051060 | r:  -506.000000 | e:   1.000000 | Q:        nan | won: False 
#  167 | steps:  1838 | steps_t:     0 | t: 1.057060 | r:  -511.000000 | e:   1.000000 | Q:        nan | won: False 
#  168 | steps:  1845 | steps_t:     0 | t: 1.061061 | r:  -506.000000 | e:   1.000000 | Q:        nan | won: False 
#  169 | steps:  1858 | steps_t:     0 | t: 1.068061 | r:  -512.000000 | e:   1.000000 | Q:        nan | won: False 
#  170 | steps:  1865 | steps_t:     0 | t: 1.072061 | r:  -506.000000 | e:   1.000000 | Q:        nan | won: False 
#  171 | steps:  1872 | steps_t:     0 | t: 1.075061 | r:  -506.000000 | e:   1.000000 | Q:        nan | won: False 
#  172 | steps:  1882 | steps_t:     0 | t: 1.080062 | r:  -509.000000 | e:   1.000000 | Q:        nan | won: False 
#  173 | steps:  1892 | steps_t:     0 | t: 1.086062 | r:  -509.000000 | e:   1.000000 | Q:        nan | won: False 
#  174 | steps:  1898 | steps_t:     0 | t: 1.089062 | r:  -505.000000 | e:   1.000000 | Q:        nan | won: False 
#  175 | steps:  1907 | steps_t:     0 | t: 1.094063 | r:  -508.000000 | e:   1.000000 | Q:        nan | won: False 
#  176 | steps:  1915 | steps_t:     0 | t: 1.099063 | r:  -507.000000 | e:   1.000000 | Q:        nan | won: False 
#  177 | steps:  1924 | steps_t:     0 | t: 1.103063 | r:  -508.000000 | e:   1.000000 | Q:        nan | won: False 
#  178 | steps:  1936 | steps_t:     0 | t: 1.109063 | r:  -511.000000 | e:   1.000000 | Q:        nan | won: False 
#  179 | steps:  1952 | steps_t:     0 | t: 1.118064 | r:  -515.000000 | e:   1.000000 | Q:        nan | won: False 
#  180 | steps:  1963 | steps_t:     0 | t: 1.124064 | r:  -510.000000 | e:   1.000000 | Q:        nan | won: False 
#  181 | steps:  1971 | steps_t:     0 | t: 1.127064 | r:  -507.000000 | e:   1.000000 | Q:        nan | won: False 
#  182 | steps:  1979 | steps_t:     0 | t: 1.132065 | r:  -507.000000 | e:   1.000000 | Q:        nan | won: False 
#  183 | steps:  1988 | steps_t:     0 | t: 1.137065 | r:  -508.000000 | e:   1.000000 | Q:        nan | won: False 
#  184 | steps:  1998 | steps_t:     0 | t: 1.142065 | r:  -509.000000 | e:   1.000000 | Q:        nan | won: False 
#  185 | steps:  2003 | steps_t:     0 | t: 1.145065 | r:  -504.000000 | e:   1.000000 | Q:        nan | won: False 
#  186 | steps:  2010 | steps_t:     0 | t: 1.151066 | r:  -506.000000 | e:   1.000000 | Q:        nan | won: False 
#  187 | steps:  2026 | steps_t:     0 | t: 1.160066 | r:  -515.000000 | e:   1.000000 | Q:        nan | won: False 
#  188 | steps:  2036 | steps_t:     0 | t: 1.165067 | r:  -509.000000 | e:   1.000000 | Q:        nan | won: False 
#  189 | steps:  2047 | steps_t:     0 | t: 1.172067 | r:  -510.000000 | e:   1.000000 | Q:        nan | won: False 
#  190 | steps:  2057 | steps_t:     0 | t: 1.177067 | r:  -509.000000 | e:   1.000000 | Q:        nan | won: False 
#  191 | steps:  2063 | steps_t:     0 | t: 1.180068 | r:  -505.000000 | e:   1.000000 | Q:        nan | won: False 
#  192 | steps:  2070 | steps_t:     0 | t: 1.184068 | r:  -506.000000 | e:   1.000000 | Q:        nan | won: False 
#  193 | steps:  2110 | steps_t:     0 | t: 1.205069 | r:  -528.000000 | e:   1.000000 | Q:        nan | won: False 
#  194 | steps:  2123 | steps_t:     0 | t: 1.212069 | r:  -512.000000 | e:   1.000000 | Q:        nan | won: False 
#  195 | steps:  2147 | steps_t:     0 | t: 1.226070 | r:  -523.000000 | e:   1.000000 | Q:        nan | won: False 
#  196 | steps:  2157 | steps_t:     0 | t: 1.232070 | r:  -509.000000 | e:   1.000000 | Q:        nan | won: False 
#  197 | steps:  2164 | steps_t:     0 | t: 1.236071 | r:  -506.000000 | e:   1.000000 | Q:        nan | won: False 
#  198 | steps:  2180 | steps_t:     0 | t: 1.244071 | r:  -515.000000 | e:   1.000000 | Q:        nan | won: False 
#  199 | steps:  2188 | steps_t:     0 | t: 1.251071 | r:  -507.000000 | e:   1.000000 | Q:        nan | won: False 
#  200 | steps:  2194 | steps_t:     0 | t: 1.255072 | r:  -505.000000 | e:   1.000000 | Q:        nan | won: False 
#  201 | steps:  2203 | steps_t:     0 | t: 1.259072 | r:  -508.000000 | e:   1.000000 | Q:        nan | won: False 
#  202 | steps:  2213 | steps_t:     0 | t: 1.265072 | r:  -509.000000 | e:   1.000000 | Q:        nan | won: False 
#  203 | steps:  2230 | steps_t:     0 | t: 1.275073 | r:  -516.000000 | e:   1.000000 | Q:        nan | won: False 
#  204 | steps:  2253 | steps_t:     0 | t: 1.292074 | r:  -522.000000 | e:   1.000000 | Q:        nan | won: False 
#  205 | steps:  2261 | steps_t:     0 | t: 1.300074 | r:  -507.000000 | e:   1.000000 | Q:        nan | won: False 
#  206 | steps:  2267 | steps_t:     0 | t: 1.305074 | r:  -505.000000 | e:   1.000000 | Q:        nan | won: False 
#  207 | steps:  2275 | steps_t:     0 | t: 1.309075 | r:  -507.000000 | e:   1.000000 | Q:        nan | won: False 
#  208 | steps:  2283 | steps_t:     0 | t: 1.315075 | r:  -507.000000 | e:   1.000000 | Q:        nan | won: False 
#  209 | steps:  2293 | steps_t:     0 | t: 1.323076 | r:  -509.000000 | e:   1.000000 | Q:        nan | won: False 
#  210 | steps:  2302 | steps_t:     0 | t: 1.328076 | r:  -508.000000 | e:   1.000000 | Q:        nan | won: False 
#  211 | steps:  2326 | steps_t:     0 | t: 1.345077 | r:  -523.000000 | e:   1.000000 | Q:        nan | won: False 
#  212 | steps:  2334 | steps_t:     0 | t: 1.352077 | r:  -507.000000 | e:   1.000000 | Q:        nan | won: False 
#  213 | steps:  2353 | steps_t:     0 | t: 1.362078 | r:  -518.000000 | e:   1.000000 | Q:        nan | won: False 
#  214 | steps:  2362 | steps_t:     0 | t: 1.368078 | r:  -508.000000 | e:   1.000000 | Q:        nan | won: False 
#  215 | steps:  2367 | steps_t:     0 | t: 1.372078 | r:  -504.000000 | e:   1.000000 | Q:        nan | won: False 
#  216 | steps:  2380 | steps_t:     0 | t: 1.383079 | r:  -512.000000 | e:   1.000000 | Q:        nan | won: False 
#  217 | steps:  2387 | steps_t:     0 | t: 1.387079 | r:  -506.000000 | e:   1.000000 | Q:        nan | won: False 
#  218 | steps:  2396 | steps_t:     0 | t: 1.393080 | r:  -508.000000 | e:   1.000000 | Q:        nan | won: False 
#  219 | steps:  2407 | steps_t:     0 | t: 1.401080 | r:  -510.000000 | e:   1.000000 | Q:        nan | won: False 
#  220 | steps:  2422 | steps_t:     0 | t: 1.412081 | r:  -514.000000 | e:   1.000000 | Q:        nan | won: False 
#  221 | steps:  2429 | steps_t:     0 | t: 1.418081 | r:  -506.000000 | e:   1.000000 | Q:        nan | won: False 
#  222 | steps:  2448 | steps_t:     0 | t: 1.433082 | r:  -518.000000 | e:   1.000000 | Q:        nan | won: False 
#  223 | steps:  2460 | steps_t:     0 | t: 1.440082 | r:  -511.000000 | e:   1.000000 | Q:        nan | won: False 
#  224 | steps:  2473 | steps_t:     0 | t: 1.451083 | r:  -512.000000 | e:   1.000000 | Q:        nan | won: False 
#  225 | steps:  2492 | steps_t:     0 | t: 1.466084 | r:  -518.000000 | e:   1.000000 | Q:        nan | won: False 
#  226 | steps:  2503 | steps_t:     0 | t: 1.474084 | r:  -510.000000 | e:   1.000000 | Q:        nan | won: False 
#  227 | steps:  2511 | steps_t:     0 | t: 1.481085 | r:  -507.000000 | e:   1.000000 | Q:        nan | won: False 
#  228 | steps:  2525 | steps_t:     0 | t: 1.490085 | r:  -513.000000 | e:   1.000000 | Q:        nan | won: False 
#  229 | steps:  2532 | steps_t:     0 | t: 1.494085 | r:  -506.000000 | e:   1.000000 | Q:        nan | won: False 
#  230 | steps:  2540 | steps_t:     0 | t: 1.500086 | r:  -507.000000 | e:   1.000000 | Q:        nan | won: False 
#  231 | steps:  2562 | steps_t:     0 | t: 1.514086 | r:  -521.000000 | e:   1.000000 | Q:        nan | won: False 
#  232 | steps:  2585 | steps_t:     0 | t: 1.525087 | r:  -522.000000 | e:   1.000000 | Q:        nan | won: False 
#  233 | steps:  2595 | steps_t:     0 | t: 1.531087 | r:  -509.000000 | e:   1.000000 | Q:        nan | won: False 
#  234 | steps:  2602 | steps_t:     0 | t: 1.536088 | r:  -506.000000 | e:   1.000000 | Q:        nan | won: False 
#  235 | steps:  2610 | steps_t:     0 | t: 1.540088 | r:  -507.000000 | e:   1.000000 | Q:        nan | won: False 
#  236 | steps:  2619 | steps_t:     0 | t: 1.544088 | r:  -508.000000 | e:   1.000000 | Q:        nan | won: False 
#  237 | steps:  2626 | steps_t:     0 | t: 1.548089 | r:  -506.000000 | e:   1.000000 | Q:        nan | won: False 
#  238 | steps:  2636 | steps_t:     0 | t: 1.553089 | r:  -509.000000 | e:   1.000000 | Q:        nan | won: False 
#  239 | steps:  2645 | steps_t:     0 | t: 1.558089 | r:  -508.000000 | e:   1.000000 | Q:        nan | won: False 
#  240 | steps:  2660 | steps_t:     0 | t: 1.568090 | r:  -514.000000 | e:   1.000000 | Q:        nan | won: False 
#  241 | steps:  2668 | steps_t:     0 | t: 1.572090 | r:  -507.000000 | e:   1.000000 | Q:        nan | won: False 
#  242 | steps:  2679 | steps_t:     0 | t: 1.577090 | r:  -510.000000 | e:   1.000000 | Q:        nan | won: False 
#  243 | steps:  2688 | steps_t:     0 | t: 1.583091 | r:  -508.000000 | e:   1.000000 | Q:        nan | won: False 
#  244 | steps:  2700 | steps_t:     0 | t: 1.589091 | r:  -511.000000 | e:   1.000000 | Q:        nan | won: False 
#  245 | steps:  2707 | steps_t:     0 | t: 1.594091 | r:  -506.000000 | e:   1.000000 | Q:        nan | won: False 
#  246 | steps:  2712 | steps_t:     0 | t: 1.597091 | r:  -504.000000 | e:   1.000000 | Q:        nan | won: False 
#  247 | steps:  2722 | steps_t:     0 | t: 1.603091 | r:  -509.000000 | e:   1.000000 | Q:        nan | won: False 
#  248 | steps:  2731 | steps_t:     0 | t: 1.609092 | r:  -508.000000 | e:   1.000000 | Q:        nan | won: False 
#  249 | steps:  2741 | steps_t:     0 | t: 1.614092 | r:  -509.000000 | e:   1.000000 | Q:        nan | won: False 
#  250 | steps:  2762 | steps_t:     0 | t: 1.625093 | r:  -520.000000 | e:   1.000000 | Q:        nan | won: False 
#  251 | steps:  2773 | steps_t:     0 | t: 1.632093 | r:  -510.000000 | e:   1.000000 | Q:        nan | won: False 
#  252 | steps:  2782 | steps_t:     0 | t: 1.637094 | r:  -508.000000 | e:   1.000000 | Q:        nan | won: False 
#  253 | steps:  2788 | steps_t:     0 | t: 1.640094 | r:  -505.000000 | e:   1.000000 | Q:        nan | won: False 
#  254 | steps:  2799 | steps_t:     0 | t: 1.646094 | r:  -510.000000 | e:   1.000000 | Q:        nan | won: False 
#  255 | steps:  2814 | steps_t:     0 | t: 1.655095 | r:  -514.000000 | e:   1.000000 | Q:        nan | won: False 
#  256 | steps:  2822 | steps_t:     0 | t: 1.659095 | r:  -507.000000 | e:   1.000000 | Q:        nan | won: False 
#  257 | steps:  2831 | steps_t:     0 | t: 1.665095 | r:  -508.000000 | e:   1.000000 | Q:        nan | won: False 
#  258 | steps:  2841 | steps_t:     0 | t: 1.671095 | r:  -509.000000 | e:   1.000000 | Q:        nan | won: False 
#  259 | steps:  2846 | steps_t:     0 | t: 1.673095 | r:  -504.000000 | e:   1.000000 | Q:        nan | won: False 
#  260 | steps:  2854 | steps_t:     0 | t: 1.678096 | r:  -507.000000 | e:   1.000000 | Q:        nan | won: False 
#  261 | steps:  2861 | steps_t:     0 | t: 1.683096 | r:  -506.000000 | e:   1.000000 | Q:        nan | won: False 
#  262 | steps:  2873 | steps_t:     0 | t: 1.689097 | r:  -511.000000 | e:   1.000000 | Q:        nan | won: False 
#  263 | steps:  2882 | steps_t:     0 | t: 1.694097 | r:  -508.000000 | e:   1.000000 | Q:        nan | won: False 
#  264 | steps:  2890 | steps_t:     0 | t: 1.700097 | r:  -507.000000 | e:   1.000000 | Q:        nan | won: False 
#  265 | steps:  2895 | steps_t:     0 | t: 1.703097 | r:  -504.000000 | e:   1.000000 | Q:        nan | won: False 
#  266 | steps:  2911 | steps_t:     0 | t: 1.711098 | r:  -515.000000 | e:   1.000000 | Q:        nan | won: False 
#  267 | steps:  2920 | steps_t:     0 | t: 1.716098 | r:  -508.000000 | e:   1.000000 | Q:        nan | won: False 
#  268 | steps:  2938 | steps_t:     0 | t: 1.726099 | r:  -517.000000 | e:   1.000000 | Q:        nan | won: False 
#  269 | steps:  2950 | steps_t:     0 | t: 1.733099 | r:  -511.000000 | e:   1.000000 | Q:        nan | won: False 
#  270 | steps:  2967 | steps_t:     0 | t: 1.742100 | r:  -516.000000 | e:   1.000000 | Q:        nan | won: False 
#  271 | steps:  2976 | steps_t:     0 | t: 1.746100 | r:  -508.000000 | e:   1.000000 | Q:        nan | won: False 
#  272 | steps:  2986 | steps_t:     0 | t: 1.753100 | r:  -509.000000 | e:   1.000000 | Q:        nan | won: False 
#  273 | steps:  2993 | steps_t:     0 | t: 1.757100 | r:  -506.000000 | e:   1.000000 | Q:        nan | won: False 
#  274 | steps:  3002 | steps_t:     0 | t: 1.761101 | r:  -508.000000 | e:   1.000000 | Q:        nan | won: False 
#  275 | steps:  3009 | steps_t:     0 | t: 1.766101 | r:  -506.000000 | e:   1.000000 | Q:        nan | won: False 
#  276 | steps:  3025 | steps_t:     0 | t: 1.773101 | r:  -515.000000 | e:   1.000000 | Q:        nan | won: False 
#  277 | steps:  3031 | steps_t:     0 | t: 1.776102 | r:  -505.000000 | e:   1.000000 | Q:        nan | won: False 
#  278 | steps:  3040 | steps_t:     0 | t: 1.782102 | r:  -508.000000 | e:   1.000000 | Q:        nan | won: False 
#  279 | steps:  3052 | steps_t:     0 | t: 1.788102 | r:  -511.000000 | e:   1.000000 | Q:        nan | won: False 
#  280 | steps:  3061 | steps_t:     0 | t: 1.793103 | r:  -508.000000 | e:   1.000000 | Q:        nan | won: False 
#  281 | steps:  3070 | steps_t:     0 | t: 1.799103 | r:  -508.000000 | e:   1.000000 | Q:        nan | won: False 
#  282 | steps:  3077 | steps_t:     0 | t: 1.802103 | r:  -506.000000 | e:   1.000000 | Q:        nan | won: False 
#  283 | steps:  3083 | steps_t:     0 | t: 1.805103 | r:  -505.000000 | e:   1.000000 | Q:        nan | won: False 
#  284 | steps:  3092 | steps_t:     0 | t: 1.810103 | r:  -508.000000 | e:   1.000000 | Q:        nan | won: False 
#  285 | steps:  3101 | steps_t:     0 | t: 1.816104 | r:  -508.000000 | e:   1.000000 | Q:        nan | won: False 
#  286 | steps:  3110 | steps_t:     0 | t: 1.821104 | r:  -508.000000 | e:   1.000000 | Q:        nan | won: False 
#  287 | steps:  3119 | steps_t:     0 | t: 1.825104 | r:  -508.000000 | e:   1.000000 | Q:        nan | won: False 
#  288 | steps:  3131 | steps_t:     0 | t: 1.832105 | r:  -511.000000 | e:   1.000000 | Q:        nan | won: False 
#  289 | steps:  3156 | steps_t:     0 | t: 1.846106 | r:  -524.000000 | e:   1.000000 | Q:        nan | won: False 
#  290 | steps:  3165 | steps_t:     0 | t: 1.851106 | r:  -508.000000 | e:   1.000000 | Q:        nan | won: False 
#  291 | steps:  3182 | steps_t:     0 | t: 1.860106 | r:  -516.000000 | e:   1.000000 | Q:        nan | won: False 
#  292 | steps:  3188 | steps_t:     0 | t: 1.864107 | r:  -505.000000 | e:   1.000000 | Q:        nan | won: False 
#  293 | steps:  3198 | steps_t:     0 | t: 1.870107 | r:  -509.000000 | e:   1.000000 | Q:        nan | won: False 
#  294 | steps:  3206 | steps_t:     0 | t: 1.874107 | r:  -507.000000 | e:   1.000000 | Q:        nan | won: False 
#  295 | steps:  3214 | steps_t:     0 | t: 1.880107 | r:  -507.000000 | e:   1.000000 | Q:        nan | won: False 
#  296 | steps:  3225 | steps_t:     0 | t: 1.888108 | r:  -510.000000 | e:   1.000000 | Q:        nan | won: False 
#  297 | steps:  3239 | steps_t:     0 | t: 1.895108 | r:  -513.000000 | e:   1.000000 | Q:        nan | won: False 
#  298 | steps:  3250 | steps_t:     0 | t: 1.901109 | r:  -510.000000 | e:   1.000000 | Q:        nan | won: False 
#  299 | steps:  3262 | steps_t:     0 | t: 1.907109 | r:  -511.000000 | e:   1.000000 | Q:        nan | won: False 
#  300 | steps:  3269 | steps_t:     0 | t: 1.911109 | r:  -506.000000 | e:   1.000000 | Q:        nan | won: False 
#  301 | steps:  3280 | steps_t:     0 | t: 1.918110 | r:  -510.000000 | e:   1.000000 | Q:        nan | won: False 
#  302 | steps:  3296 | steps_t:     0 | t: 1.926110 | r:  -515.000000 | e:   1.000000 | Q:        nan | won: False 
#  303 | steps:  3308 | steps_t:     0 | t: 1.932111 | r:  -511.000000 | e:   1.000000 | Q:        nan | won: False 
#  304 | steps:  3315 | steps_t:     0 | t: 1.936111 | r:  -506.000000 | e:   1.000000 | Q:        nan | won: False 
#  305 | steps:  3323 | steps_t:     0 | t: 1.941111 | r:  -507.000000 | e:   1.000000 | Q:        nan | won: False 
#  306 | steps:  3331 | steps_t:     0 | t: 1.945111 | r:  -507.000000 | e:   1.000000 | Q:        nan | won: False 
#  307 | steps:  3341 | steps_t:     0 | t: 1.950111 | r:  -509.000000 | e:   1.000000 | Q:        nan | won: False 
#  308 | steps:  3353 | steps_t:     0 | t: 1.957112 | r:  -511.000000 | e:   1.000000 | Q:        nan | won: False 
#  309 | steps:  3359 | steps_t:     0 | t: 1.960112 | r:  -505.000000 | e:   1.000000 | Q:        nan | won: False 
#  310 | steps:  3369 | steps_t:     0 | t: 1.966112 | r:  -509.000000 | e:   1.000000 | Q:        nan | won: False 
#  311 | steps:  3375 | steps_t:     0 | t: 1.969112 | r:  -505.000000 | e:   1.000000 | Q:        nan | won: False 
#  312 | steps:  3381 | steps_t:     0 | t: 1.972113 | r:  -505.000000 | e:   1.000000 | Q:        nan | won: False 
#  313 | steps:  3388 | steps_t:     0 | t: 1.976113 | r:  -506.000000 | e:   1.000000 | Q:        nan | won: False 
#  314 | steps:  3400 | steps_t:     0 | t: 1.982113 | r:  -511.000000 | e:   1.000000 | Q:        nan | won: False 
#  315 | steps:  3406 | steps_t:     0 | t: 1.985113 | r:  -505.000000 | e:   1.000000 | Q:        nan | won: False 
#  316 | steps:  3420 | steps_t:     0 | t: 1.992114 | r:  -513.000000 | e:   1.000000 | Q:        nan | won: False 
#  317 | steps:  3429 | steps_t:     0 | t: 1.999114 | r:  -508.000000 | e:   1.000000 | Q:        nan | won: False 
#  318 | steps:  3447 | steps_t:     0 | t: 2.009115 | r:  -517.000000 | e:   1.000000 | Q:        nan | won: False 
#  319 | steps:  3454 | steps_t:     0 | t: 2.012115 | r:  -506.000000 | e:   1.000000 | Q:        nan | won: False 
#  320 | steps:  3462 | steps_t:     0 | t: 2.017115 | r:  -507.000000 | e:   1.000000 | Q:        nan | won: False 
#  321 | steps:  3474 | steps_t:     0 | t: 2.024116 | r:  -511.000000 | e:   1.000000 | Q:        nan | won: False 
#  322 | steps:  3484 | steps_t:     0 | t: 2.029116 | r:  -509.000000 | e:   1.000000 | Q:        nan | won: False 
#  323 | steps:  3492 | steps_t:     0 | t: 2.036116 | r:  -507.000000 | e:   1.000000 | Q:        nan | won: False 
#  324 | steps:  3507 | steps_t:     0 | t: 2.043117 | r:  -514.000000 | e:   1.000000 | Q:        nan | won: False 
#  325 | steps:  3519 | steps_t:     0 | t: 2.050117 | r:  -511.000000 | e:   1.000000 | Q:        nan | won: False 
#  326 | steps:  3529 | steps_t:     0 | t: 2.055117 | r:  -509.000000 | e:   1.000000 | Q:        nan | won: False 
#  327 | steps:  3538 | steps_t:     0 | t: 2.060118 | r:  -508.000000 | e:   1.000000 | Q:        nan | won: False 
#  328 | steps:  3555 | steps_t:     0 | t: 2.071118 | r:  -516.000000 | e:   1.000000 | Q:        nan | won: False 
#  329 | steps:  3569 | steps_t:     0 | t: 2.079119 | r:  -513.000000 | e:   1.000000 | Q:        nan | won: False 
#  330 | steps:  3579 | steps_t:     0 | t: 2.085119 | r:  -509.000000 | e:   1.000000 | Q:        nan | won: False 
#  331 | steps:  3590 | steps_t:     0 | t: 2.091120 | r:  -510.000000 | e:   1.000000 | Q:        nan | won: False 
#  332 | steps:  3599 | steps_t:     0 | t: 2.097120 | r:  -508.000000 | e:   1.000000 | Q:        nan | won: False 
#  333 | steps:  3620 | steps_t:     0 | t: 2.107121 | r:  -520.000000 | e:   1.000000 | Q:        nan | won: False 
#  334 | steps:  3626 | steps_t:     0 | t: 2.110121 | r:  -505.000000 | e:   1.000000 | Q:        nan | won: False 
#  335 | steps:  3633 | steps_t:     0 | t: 2.115121 | r:  -506.000000 | e:   1.000000 | Q:        nan | won: False 
#  336 | steps:  3641 | steps_t:     0 | t: 2.119121 | r:  -507.000000 | e:   1.000000 | Q:        nan | won: False 
#  337 | steps:  3649 | steps_t:     0 | t: 2.123121 | r:  -507.000000 | e:   1.000000 | Q:        nan | won: False 
#  338 | steps:  3657 | steps_t:     0 | t: 2.127121 | r:  -507.000000 | e:   1.000000 | Q:        nan | won: False 
#  339 | steps:  3663 | steps_t:     0 | t: 2.131122 | r:  -505.000000 | e:   1.000000 | Q:        nan | won: False 
#  340 | steps:  3671 | steps_t:     0 | t: 2.135122 | r:  -507.000000 | e:   1.000000 | Q:        nan | won: False 
#  341 | steps:  3701 | steps_t:     0 | t: 2.150123 | r:  -518.000000 | e:   1.000000 | Q:        nan | won: False 
#  342 | steps:  3712 | steps_t:     0 | t: 2.156123 | r:  -510.000000 | e:   1.000000 | Q:        nan | won: False 
#  343 | steps:  3723 | steps_t:     0 | t: 2.161124 | r:  -510.000000 | e:   1.000000 | Q:        nan | won: False 
#  344 | steps:  3729 | steps_t:     0 | t: 2.166124 | r:  -505.000000 | e:   1.000000 | Q:        nan | won: False 
#  345 | steps:  3738 | steps_t:     0 | t: 2.171124 | r:  -508.000000 | e:   1.000000 | Q:        nan | won: False 
#  346 | steps:  3746 | steps_t:     0 | t: 2.175124 | r:  -507.000000 | e:   1.000000 | Q:        nan | won: False 
#  347 | steps:  3761 | steps_t:     0 | t: 2.182125 | r:  -503.000000 | e:   1.000000 | Q:        nan | won: False 
#  348 | steps:  3769 | steps_t:     0 | t: 2.187125 | r:  -507.000000 | e:   1.000000 | Q:        nan | won: False 
#  349 | steps:  3776 | steps_t:     0 | t: 2.190125 | r:  -506.000000 | e:   1.000000 | Q:        nan | won: False 
#  350 | steps:  3781 | steps_t:     0 | t: 2.193125 | r:  -504.000000 | e:   1.000000 | Q:        nan | won: False 
#  351 | steps:  3792 | steps_t:     0 | t: 2.201126 | r:  -510.000000 | e:   1.000000 | Q:        nan | won: False 
#  352 | steps:  3800 | steps_t:     0 | t: 2.205126 | r:  -507.000000 | e:   1.000000 | Q:        nan | won: False 
#  353 | steps:  3809 | steps_t:     0 | t: 2.211126 | r:  -508.000000 | e:   1.000000 | Q:        nan | won: False 
#  354 | steps:  3815 | steps_t:     0 | t: 2.216127 | r:  -505.000000 | e:   1.000000 | Q:        nan | won: False 
#  355 | steps:  3822 | steps_t:     0 | t: 2.219127 | r:  -506.000000 | e:   1.000000 | Q:        nan | won: False 
#  356 | steps:  3883 | steps_t:     0 | t: 2.253129 | r:  -549.000000 | e:   1.000000 | Q:        nan | won: False 
#  357 | steps:  3891 | steps_t:     0 | t: 2.257129 | r:  -507.000000 | e:   1.000000 | Q:        nan | won: False 
#  358 | steps:  3902 | steps_t:     0 | t: 2.265129 | r:  -510.000000 | e:   1.000000 | Q:        nan | won: False 
#  359 | steps:  3909 | steps_t:     0 | t: 2.269130 | r:  -506.000000 | e:   1.000000 | Q:        nan | won: False 
#  360 | steps:  3929 | steps_t:     0 | t: 2.278130 | r:  -519.000000 | e:   1.000000 | Q:        nan | won: False 
#  361 | steps:  3940 | steps_t:     0 | t: 2.286131 | r:  -510.000000 | e:   1.000000 | Q:        nan | won: False 
#  362 | steps:  3953 | steps_t:     0 | t: 2.292131 | r:  -512.000000 | e:   1.000000 | Q:        nan | won: False 
#  363 | steps:  3974 | steps_t:     0 | t: 2.305132 | r:  -520.000000 | e:   1.000000 | Q:        nan | won: False 
#  364 | steps:  3992 | steps_t:     0 | t: 2.315132 | r:  -517.000000 | e:   1.000000 | Q:        nan | won: False 
#  365 | steps:  4000 | steps_t:     0 | t: 2.319133 | r:  -507.000000 | e:   1.000000 | Q:        nan | won: False 
#  366 | steps:  4008 | steps_t:     0 | t: 2.323133 | r:  -507.000000 | e:   1.000000 | Q:        nan | won: False 
#  367 | steps:  4017 | steps_t:     0 | t: 2.327133 | r:  -508.000000 | e:   1.000000 | Q:        nan | won: False 
#  368 | steps:  4027 | steps_t:     0 | t: 2.333133 | r:  -509.000000 | e:   1.000000 | Q:        nan | won: False 
#  369 | steps:  4034 | steps_t:     0 | t: 2.337133 | r:  -506.000000 | e:   1.000000 | Q:        nan | won: False 
#  370 | steps:  4039 | steps_t:     0 | t: 2.340134 | r:  -504.000000 | e:   1.000000 | Q:        nan | won: False 
#  371 | steps:  4057 | steps_t:     0 | t: 2.350134 | r:  -517.000000 | e:   1.000000 | Q:        nan | won: False 
#  372 | steps:  4063 | steps_t:     0 | t: 2.353134 | r:  -505.000000 | e:   1.000000 | Q:        nan | won: False 
#  373 | steps:  4077 | steps_t:     0 | t: 2.360135 | r:  -513.000000 | e:   1.000000 | Q:        nan | won: False 
#  374 | steps:  4085 | steps_t:     0 | t: 2.365135 | r:  -507.000000 | e:   1.000000 | Q:        nan | won: False 
#  375 | steps:  4093 | steps_t:     0 | t: 2.369135 | r:  -507.000000 | e:   1.000000 | Q:        nan | won: False 
#  376 | steps:  4102 | steps_t:     0 | t: 2.374136 | r:  -508.000000 | e:   1.000000 | Q:        nan | won: False 
#  377 | steps:  4108 | steps_t:     0 | t: 2.377136 | r:  -505.000000 | e:   1.000000 | Q:        nan | won: False 
#  378 | steps:  4115 | steps_t:     0 | t: 2.380136 | r:  -506.000000 | e:   1.000000 | Q:        nan | won: False 
#  379 | steps:  4125 | steps_t:     0 | t: 2.385136 | r:  -509.000000 | e:   1.000000 | Q:        nan | won: False 
#  380 | steps:  4131 | steps_t:     0 | t: 2.389137 | r:  -505.000000 | e:   1.000000 | Q:        nan | won: False 
#  381 | steps:  4138 | steps_t:     0 | t: 2.392137 | r:  -506.000000 | e:   1.000000 | Q:        nan | won: False 
#  382 | steps:  4145 | steps_t:     0 | t: 2.396137 | r:  -506.000000 | e:   1.000000 | Q:        nan | won: False 
#  383 | steps:  4156 | steps_t:     0 | t: 2.403137 | r:  -510.000000 | e:   1.000000 | Q:        nan | won: False 
#  384 | steps:  4167 | steps_t:     0 | t: 2.409138 | r:  -510.000000 | e:   1.000000 | Q:        nan | won: False 
#  385 | steps:  4174 | steps_t:     0 | t: 2.416138 | r:  -506.000000 | e:   1.000000 | Q:        nan | won: False 
#  386 | steps:  4186 | steps_t:     0 | t: 2.422138 | r:  -511.000000 | e:   1.000000 | Q:        nan | won: False 
#  387 | steps:  4192 | steps_t:     0 | t: 2.426139 | r:  -505.000000 | e:   1.000000 | Q:        nan | won: False 
#  388 | steps:  4209 | steps_t:     0 | t: 2.435139 | r:  -516.000000 | e:   1.000000 | Q:        nan | won: False 
#  389 | steps:  4220 | steps_t:     0 | t: 2.442140 | r:  -510.000000 | e:   1.000000 | Q:        nan | won: False 
#  390 | steps:  4230 | steps_t:     0 | t: 2.448140 | r:  -509.000000 | e:   1.000000 | Q:        nan | won: False 
#  391 | steps:  4240 | steps_t:     0 | t: 2.454140 | r:  -509.000000 | e:   1.000000 | Q:        nan | won: False 
#  392 | steps:  4259 | steps_t:     0 | t: 2.464141 | r:  -518.000000 | e:   1.000000 | Q:        nan | won: False 
#  393 | steps:  4268 | steps_t:     0 | t: 2.469141 | r:  -508.000000 | e:   1.000000 | Q:        nan | won: False 
#  394 | steps:  4274 | steps_t:     0 | t: 2.473141 | r:  -505.000000 | e:   1.000000 | Q:        nan | won: False 
#  395 | steps:  4283 | steps_t:     0 | t: 2.478142 | r:  -508.000000 | e:   1.000000 | Q:        nan | won: False 
#  396 | steps:  4294 | steps_t:     0 | t: 2.484142 | r:  -510.000000 | e:   1.000000 | Q:        nan | won: False 
#  397 | steps:  4301 | steps_t:     0 | t: 2.490142 | r:  -506.000000 | e:   1.000000 | Q:        nan | won: False 
#  398 | steps:  4310 | steps_t:     0 | t: 2.494143 | r:  -508.000000 | e:   1.000000 | Q:        nan | won: False 
#  399 | steps:  4322 | steps_t:     0 | t: 2.503143 | r:  -511.000000 | e:   1.000000 | Q:        nan | won: False 
#  400 | steps:  4331 | steps_t:     0 | t: 2.508143 | r:  -508.000000 | e:   1.000000 | Q:        nan | won: False 
#  401 | steps:  4352 | steps_t:     0 | t: 2.519144 | r:  -520.000000 | e:   1.000000 | Q:        nan | won: False 
#  402 | steps:  4361 | steps_t:     0 | t: 2.524144 | r:  -508.000000 | e:   1.000000 | Q:        nan | won: False 
#  403 | steps:  4377 | steps_t:     0 | t: 2.535145 | r:  -515.000000 | e:   1.000000 | Q:        nan | won: False 
#  404 | steps:  4390 | steps_t:     0 | t: 2.542145 | r:  -501.000000 | e:   1.000000 | Q:        nan | won: False 
#  405 | steps:  4400 | steps_t:     0 | t: 2.547146 | r:  -509.000000 | e:   1.000000 | Q:        nan | won: False 
#  406 | steps:  4416 | steps_t:     0 | t: 2.555146 | r:  -515.000000 | e:   1.000000 | Q:        nan | won: False 
#  407 | steps:  4431 | steps_t:     0 | t: 2.564147 | r:  -514.000000 | e:   1.000000 | Q:        nan | won: False 
#  408 | steps:  4440 | steps_t:     0 | t: 2.569147 | r:  -508.000000 | e:   1.000000 | Q:        nan | won: False 
#  409 | steps:  4453 | steps_t:     0 | t: 2.575147 | r:  -512.000000 | e:   1.000000 | Q:        nan | won: False 
#  410 | steps:  4460 | steps_t:     0 | t: 2.579147 | r:  -506.000000 | e:   1.000000 | Q:        nan | won: False 
#  411 | steps:  4468 | steps_t:     0 | t: 2.583148 | r:  -507.000000 | e:   1.000000 | Q:        nan | won: False 
#  412 | steps:  4493 | steps_t:     0 | t: 2.596148 | r:  -524.000000 | e:   1.000000 | Q:        nan | won: False 
#  413 | steps:  4499 | steps_t:     0 | t: 2.599149 | r:  -505.000000 | e:   1.000000 | Q:        nan | won: False 
#  414 | steps:  4507 | steps_t:     0 | t: 2.604149 | r:  -507.000000 | e:   1.000000 | Q:        nan | won: False 
#  415 | steps:  4528 | steps_t:     0 | t: 2.615149 | r:  -520.000000 | e:   1.000000 | Q:        nan | won: False 
#  416 | steps:  4547 | steps_t:     0 | t: 2.626150 | r:  -507.000000 | e:   1.000000 | Q:        nan | won: False 
#  417 | steps:  4568 | steps_t:     0 | t: 2.637151 | r:  -520.000000 | e:   1.000000 | Q:        nan | won: False 
#  418 | steps:  4583 | steps_t:     0 | t: 2.645151 | r:  -514.000000 | e:   1.000000 | Q:        nan | won: False 
#  419 | steps:  4593 | steps_t:     0 | t: 2.651151 | r:  -509.000000 | e:   1.000000 | Q:        nan | won: False 
#  420 | steps:  4606 | steps_t:     0 | t: 2.658152 | r:  -512.000000 | e:   1.000000 | Q:        nan | won: False 
#  421 | steps:  4624 | steps_t:     0 | t: 2.671153 | r:  -517.000000 | e:   1.000000 | Q:        nan | won: False 
#  422 | steps:  4631 | steps_t:     0 | t: 2.675153 | r:  -506.000000 | e:   1.000000 | Q:        nan | won: False 
#  423 | steps:  4642 | steps_t:     0 | t: 2.682153 | r:  -510.000000 | e:   1.000000 | Q:        nan | won: False 
#  424 | steps:  4660 | steps_t:     0 | t: 2.692154 | r:  -517.000000 | e:   1.000000 | Q:        nan | won: False 
#  425 | steps:  4667 | steps_t:     0 | t: 2.696154 | r:  -506.000000 | e:   1.000000 | Q:        nan | won: False 
#  426 | steps:  4674 | steps_t:     0 | t: 2.701154 | r:  -506.000000 | e:   1.000000 | Q:        nan | won: False 
#  427 | steps:  4682 | steps_t:     0 | t: 2.705155 | r:  -507.000000 | e:   1.000000 | Q:        nan | won: False 
#  428 | steps:  4691 | steps_t:     0 | t: 2.709155 | r:  -508.000000 | e:   1.000000 | Q:        nan | won: False 
#  429 | steps:  4709 | steps_t:     0 | t: 2.719155 | r:  -517.000000 | e:   1.000000 | Q:        nan | won: False 
#  430 | steps:  4724 | steps_t:     0 | t: 2.727156 | r:  -503.000000 | e:   1.000000 | Q:        nan | won: False 
#  431 | steps:  4732 | steps_t:     0 | t: 2.732156 | r:  -507.000000 | e:   1.000000 | Q:        nan | won: False 
#  432 | steps:  4741 | steps_t:     0 | t: 2.737156 | r:  -508.000000 | e:   1.000000 | Q:        nan | won: False 
#  433 | steps:  4759 | steps_t:     0 | t: 2.745157 | r:  -517.000000 | e:   1.000000 | Q:        nan | won: False 
#  434 | steps:  4799 | steps_t:     0 | t: 2.766158 | r:  -528.000000 | e:   1.000000 | Q:        nan | won: False 
#  435 | steps:  4811 | steps_t:     0 | t: 2.772158 | r:  -511.000000 | e:   1.000000 | Q:        nan | won: False 
#  436 | steps:  4820 | steps_t:     0 | t: 2.777159 | r:  -508.000000 | e:   1.000000 | Q:        nan | won: False 
#  437 | steps:  4826 | steps_t:     0 | t: 2.780159 | r:  -505.000000 | e:   1.000000 | Q:        nan | won: False 
#  438 | steps:  4840 | steps_t:     0 | t: 2.787159 | r:  -513.000000 | e:   1.000000 | Q:        nan | won: False 
#  439 | steps:  4848 | steps_t:     0 | t: 2.791159 | r:  -507.000000 | e:   1.000000 | Q:        nan | won: False 
#  440 | steps:  4858 | steps_t:     0 | t: 2.796160 | r:  -509.000000 | e:   1.000000 | Q:        nan | won: False 
#  441 | steps:  4875 | steps_t:     0 | t: 2.806160 | r:  -516.000000 | e:   1.000000 | Q:        nan | won: False 
#  442 | steps:  4898 | steps_t:     0 | t: 2.818161 | r:  -522.000000 | e:   1.000000 | Q:        nan | won: False 
#  443 | steps:  4910 | steps_t:     0 | t: 2.825162 | r:  -511.000000 | e:   1.000000 | Q:        nan | won: False 
#  444 | steps:  4929 | steps_t:     0 | t: 2.835162 | r:  -518.000000 | e:   1.000000 | Q:        nan | won: False 
#  445 | steps:  4939 | steps_t:     0 | t: 2.841162 | r:  -509.000000 | e:   1.000000 | Q:        nan | won: False 
#  446 | steps:  4956 | steps_t:     0 | t: 2.851163 | r:  -516.000000 | e:   1.000000 | Q:        nan | won: False 
#  447 | steps:  4972 | steps_t:     0 | t: 2.860163 | r:  -515.000000 | e:   1.000000 | Q:        nan | won: False 
#  448 | steps:  4984 | steps_t:     0 | t: 2.868164 | r:  -511.000000 | e:   1.000000 | Q:        nan | won: False 
#  449 | steps:  4999 | steps_t:     0 | t: 2.877164 | r:  -514.000000 | e:   1.000000 | Q:        nan | won: False 
#  450 | steps:  5007 | steps_t:     5 | t: 3.032173 | r:  -507.000000 | e:   0.999500 | Q:        nan | won: False 
#  451 | steps:  5026 | steps_t:    23 | t: 3.217184 | r:  -518.000000 | e:   0.997700 | Q:        nan | won: False 
#  452 | steps:  5036 | steps_t:    32 | t: 3.309189 | r:  -509.000000 | e:   0.996800 | Q:        nan | won: False 
#  453 | steps:  5046 | steps_t:    41 | t: 3.398194 | r:  -509.000000 | e:   0.995900 | Q:        nan | won: False 
#  454 | steps:  5053 | steps_t:    47 | t: 3.460198 | r:  -506.000000 | e:   0.995300 | Q:        nan | won: False 
#  455 | steps:  5062 | steps_t:    55 | t: 3.549203 | r:  -508.000000 | e:   0.994500 | Q:        nan | won: False 
#  456 | steps:  5075 | steps_t:    67 | t: 3.673210 | r:  -512.000000 | e:   0.993300 | Q:        nan | won: False 
#  457 | steps:  5083 | steps_t:    74 | t: 3.745214 | r:  -507.000000 | e:   0.992600 | Q:        nan | won: False 
#  458 | steps:  5091 | steps_t:    81 | t: 3.824219 | r:  -507.000000 | e:   0.991900 | Q:        nan | won: False 
#  459 | steps:  5098 | steps_t:    87 | t: 3.885222 | r:  -506.000000 | e:   0.991300 | Q:        nan | won: False 
#  460 | steps:  5108 | steps_t:    96 | t: 3.979228 | r:  -509.000000 | e:   0.990400 | Q:        nan | won: False 
#  461 | steps:  5120 | steps_t:   107 | t: 4.087234 | r:  -511.000000 | e:   0.989300 | Q:        nan | won: False 
#  462 | steps:  5126 | steps_t:   112 | t: 4.136236 | r:  -505.000000 | e:   0.988800 | Q:        nan | won: False 
#  463 | steps:  5138 | steps_t:   123 | t: 4.243243 | r:  -511.000000 | e:   0.987700 | Q:        nan | won: False 
