#    1 | steps:     7 | steps_t:     0 | t: 0.016001 | r:  -506.000000 | e:   1.000000 | Q:        nan | won: False 
#    2 | steps:    17 | steps_t:     0 | t: 0.024002 | r:  -509.000000 | e:   1.000000 | Q:        nan | won: False 
#    3 | steps:    23 | steps_t:     0 | t: 0.029002 | r:  -505.000000 | e:   1.000000 | Q:        nan | won: False 
#    4 | steps:    38 | steps_t:     0 | t: 0.040002 | r:  -514.000000 | e:   1.000000 | Q:        nan | won: False 
#    5 | steps:    47 | steps_t:     0 | t: 0.048003 | r:  -508.000000 | e:   1.000000 | Q:        nan | won: False 
#    6 | steps:    54 | steps_t:     0 | t: 0.054003 | r:  -506.000000 | e:   1.000000 | Q:        nan | won: False 
#    7 | steps:    61 | steps_t:     0 | t: 0.059003 | r:  -506.000000 | e:   1.000000 | Q:        nan | won: False 
#    8 | steps:    70 | steps_t:     0 | t: 0.065004 | r:  -508.000000 | e:   1.000000 | Q:        nan | won: False 
#    9 | steps:    79 | steps_t:     0 | t: 0.071004 | r:  -508.000000 | e:   1.000000 | Q:        nan | won: False 
#   10 | steps:    87 | steps_t:     0 | t: 0.078004 | r:  -507.000000 | e:   1.000000 | Q:        nan | won: False 
#   11 | steps:   100 | steps_t:     0 | t: 0.086005 | r:  -512.000000 | e:   1.000000 | Q:        nan | won: False 
#   12 | steps:   109 | steps_t:     0 | t: 0.091005 | r:  -508.000000 | e:   1.000000 | Q:        nan | won: False 
#   13 | steps:   123 | steps_t:     0 | t: 0.102006 | r:  -513.000000 | e:   1.000000 | Q:        nan | won: False 
#   14 | steps:   139 | steps_t:     0 | t: 0.113007 | r:  -515.000000 | e:   1.000000 | Q:        nan | won: False 
#   15 | steps:   156 | steps_t:     0 | t: 0.124007 | r:  -516.000000 | e:   1.000000 | Q:        nan | won: False 
#   16 | steps:   163 | steps_t:     0 | t: 0.130008 | r:  -506.000000 | e:   1.000000 | Q:        nan | won: False 
#   17 | steps:   173 | steps_t:     0 | t: 0.138008 | r:  -509.000000 | e:   1.000000 | Q:        nan | won: False 
#   18 | steps:   184 | steps_t:     0 | t: 0.144008 | r:  -510.000000 | e:   1.000000 | Q:        nan | won: False 
#   19 | steps:   195 | steps_t:     0 | t: 0.151009 | r:  -510.000000 | e:   1.000000 | Q:        nan | won: False 
#   20 | steps:   204 | steps_t:     0 | t: 0.158009 | r:  -508.000000 | e:   1.000000 | Q:        nan | won: False 
#   21 | steps:   214 | steps_t:     0 | t: 0.167010 | r:  -509.000000 | e:   1.000000 | Q:        nan | won: False 
#   22 | steps:   221 | steps_t:     0 | t: 0.173010 | r:  -506.000000 | e:   1.000000 | Q:        nan | won: False 
#   23 | steps:   227 | steps_t:     0 | t: 0.178010 | r:  -505.000000 | e:   1.000000 | Q:        nan | won: False 
#   24 | steps:   242 | steps_t:     0 | t: 0.190011 | r:  -503.000000 | e:   1.000000 | Q:        nan | won: False 
#   25 | steps:   248 | steps_t:     0 | t: 0.196011 | r:  -505.000000 | e:   1.000000 | Q:        nan | won: False 
#   26 | steps:   257 | steps_t:     0 | t: 0.203012 | r:  -508.000000 | e:   1.000000 | Q:        nan | won: False 
#   27 | steps:   267 | steps_t:     0 | t: 0.208012 | r:  -509.000000 | e:   1.000000 | Q:        nan | won: False 
#   28 | steps:   275 | steps_t:     0 | t: 0.214012 | r:  -507.000000 | e:   1.000000 | Q:        nan | won: False 
#   29 | steps:   282 | steps_t:     0 | t: 0.219012 | r:  -506.000000 | e:   1.000000 | Q:        nan | won: False 
#   30 | steps:   297 | steps_t:     0 | t: 0.230013 | r:  -514.000000 | e:   1.000000 | Q:        nan | won: False 
#   31 | steps:   309 | steps_t:     0 | t: 0.238014 | r:  -511.000000 | e:   1.000000 | Q:        nan | won: False 
#   32 | steps:   318 | steps_t:     0 | t: 0.244014 | r:  -508.000000 | e:   1.000000 | Q:        nan | won: False 
#   33 | steps:   331 | steps_t:     0 | t: 0.254015 | r:  -512.000000 | e:   1.000000 | Q:        nan | won: False 
#   34 | steps:   339 | steps_t:     0 | t: 0.259015 | r:  -507.000000 | e:   1.000000 | Q:        nan | won: False 
#   35 | steps:   351 | steps_t:     0 | t: 0.267015 | r:  -511.000000 | e:   1.000000 | Q:        nan | won: False 
#   36 | steps:   357 | steps_t:     0 | t: 0.270015 | r:  -505.000000 | e:   1.000000 | Q:        nan | won: False 
#   37 | steps:   368 | steps_t:     0 | t: 0.275016 | r:  -510.000000 | e:   1.000000 | Q:        nan | won: False 
#   38 | steps:   375 | steps_t:     0 | t: 0.282016 | r:  -506.000000 | e:   1.000000 | Q:        nan | won: False 
#   39 | steps:   393 | steps_t:     0 | t: 0.291017 | r:  -517.000000 | e:   1.000000 | Q:        nan | won: False 
#   40 | steps:   414 | steps_t:     0 | t: 0.303017 | r:  -520.000000 | e:   1.000000 | Q:        nan | won: False 
#   41 | steps:   426 | steps_t:     0 | t: 0.311018 | r:  -511.000000 | e:   1.000000 | Q:        nan | won: False 
#   42 | steps:   438 | steps_t:     0 | t: 0.321018 | r:  -511.000000 | e:   1.000000 | Q:        nan | won: False 
#   43 | steps:   451 | steps_t:     0 | t: 0.345020 | r:  -512.000000 | e:   1.000000 | Q:        nan | won: False 
#   44 | steps:   458 | steps_t:     0 | t: 0.356020 | r:  -506.000000 | e:   1.000000 | Q:        nan | won: False 
#   45 | steps:   465 | steps_t:     0 | t: 0.364021 | r:  -506.000000 | e:   1.000000 | Q:        nan | won: False 
#   46 | steps:   478 | steps_t:     0 | t: 0.372021 | r:  -512.000000 | e:   1.000000 | Q:        nan | won: False 
#   47 | steps:   488 | steps_t:     0 | t: 0.380022 | r:  -509.000000 | e:   1.000000 | Q:        nan | won: False 
#   48 | steps:   496 | steps_t:     0 | t: 0.388022 | r:  -507.000000 | e:   1.000000 | Q:        nan | won: False 
#   49 | steps:   501 | steps_t:     0 | t: 0.393023 | r:  -504.000000 | e:   1.000000 | Q:        nan | won: False 
#   50 | steps:   511 | steps_t:     0 | t: 0.402023 | r:  -509.000000 | e:   1.000000 | Q:        nan | won: False 
#   51 | steps:   522 | steps_t:     0 | t: 0.413023 | r:  -510.000000 | e:   1.000000 | Q:        nan | won: False 
#   52 | steps:   533 | steps_t:     0 | t: 0.421024 | r:  -510.000000 | e:   1.000000 | Q:        nan | won: False 
#   53 | steps:   548 | steps_t:     0 | t: 0.432025 | r:  -492.000000 | e:   1.000000 | Q:        nan | won: False 
#   54 | steps:   556 | steps_t:     0 | t: 0.438025 | r:  -507.000000 | e:   1.000000 | Q:        nan | won: False 
#   55 | steps:   564 | steps_t:     0 | t: 0.444025 | r:  -507.000000 | e:   1.000000 | Q:        nan | won: False 
#   56 | steps:   574 | steps_t:     0 | t: 0.451026 | r:  -509.000000 | e:   1.000000 | Q:        nan | won: False 
#   57 | steps:   580 | steps_t:     0 | t: 0.455026 | r:  -505.000000 | e:   1.000000 | Q:        nan | won: False 
#   58 | steps:   588 | steps_t:     0 | t: 0.461026 | r:  -507.000000 | e:   1.000000 | Q:        nan | won: False 
#   59 | steps:   595 | steps_t:     0 | t: 0.466027 | r:  -506.000000 | e:   1.000000 | Q:        nan | won: False 
#   60 | steps:   603 | steps_t:     0 | t: 0.470027 | r:  -507.000000 | e:   1.000000 | Q:        nan | won: False 
#   61 | steps:   609 | steps_t:     0 | t: 0.474027 | r:  -505.000000 | e:   1.000000 | Q:        nan | won: False 
#   62 | steps:   618 | steps_t:     0 | t: 0.480027 | r:  -508.000000 | e:   1.000000 | Q:        nan | won: False 
#   63 | steps:   626 | steps_t:     0 | t: 0.485028 | r:  -507.000000 | e:   1.000000 | Q:        nan | won: False 
#   64 | steps:   641 | steps_t:     0 | t: 0.496028 | r:  -514.000000 | e:   1.000000 | Q:        nan | won: False 
#   65 | steps:   649 | steps_t:     0 | t: 0.501029 | r:  -507.000000 | e:   1.000000 | Q:        nan | won: False 
#   66 | steps:   655 | steps_t:     0 | t: 0.504029 | r:  -505.000000 | e:   1.000000 | Q:        nan | won: False 
#   67 | steps:   665 | steps_t:     0 | t: 0.512029 | r:  -509.000000 | e:   1.000000 | Q:        nan | won: False 
#   68 | steps:   683 | steps_t:     0 | t: 0.525030 | r:  -506.000000 | e:   1.000000 | Q:        nan | won: False 
#   69 | steps:   690 | steps_t:     0 | t: 0.531030 | r:  -506.000000 | e:   1.000000 | Q:        nan | won: False 
#   70 | steps:   702 | steps_t:     0 | t: 0.542031 | r:  -511.000000 | e:   1.000000 | Q:        nan | won: False 
#   71 | steps:   710 | steps_t:     0 | t: 0.551032 | r:  -507.000000 | e:   1.000000 | Q:        nan | won: False 
#   72 | steps:   719 | steps_t:     0 | t: 0.557032 | r:  -508.000000 | e:   1.000000 | Q:        nan | won: False 
#   73 | steps:   726 | steps_t:     0 | t: 0.563032 | r:  -506.000000 | e:   1.000000 | Q:        nan | won: False 
#   74 | steps:   736 | steps_t:     0 | t: 0.572033 | r:  -509.000000 | e:   1.000000 | Q:        nan | won: False 
#   75 | steps:   754 | steps_t:     0 | t: 0.586033 | r:  -506.000000 | e:   1.000000 | Q:        nan | won: False 
#   76 | steps:   762 | steps_t:     0 | t: 0.592034 | r:  -507.000000 | e:   1.000000 | Q:        nan | won: False 
#   77 | steps:   773 | steps_t:     0 | t: 0.602034 | r:  -510.000000 | e:   1.000000 | Q:        nan | won: False 
#   78 | steps:   792 | steps_t:     0 | t: 0.616035 | r:  -507.000000 | e:   1.000000 | Q:        nan | won: False 
#   79 | steps:   803 | steps_t:     0 | t: 0.623036 | r:  -510.000000 | e:   1.000000 | Q:        nan | won: False 
#   80 | steps:   810 | steps_t:     0 | t: 0.630036 | r:  -506.000000 | e:   1.000000 | Q:        nan | won: False 
#   81 | steps:   833 | steps_t:     0 | t: 0.649037 | r:  -522.000000 | e:   1.000000 | Q:        nan | won: False 
#   82 | steps:   844 | steps_t:     0 | t: 0.655037 | r:  -510.000000 | e:   1.000000 | Q:        nan | won: False 
#   83 | steps:   860 | steps_t:     0 | t: 0.668038 | r:  -515.000000 | e:   1.000000 | Q:        nan | won: False 
#   84 | steps:   868 | steps_t:     0 | t: 0.673038 | r:  -507.000000 | e:   1.000000 | Q:        nan | won: False 
#   85 | steps:   878 | steps_t:     0 | t: 0.680039 | r:  -509.000000 | e:   1.000000 | Q:        nan | won: False 
#   86 | steps:   888 | steps_t:     0 | t: 0.685039 | r:  -509.000000 | e:   1.000000 | Q:        nan | won: False 
#   87 | steps:   905 | steps_t:     0 | t: 0.697040 | r:  -516.000000 | e:   1.000000 | Q:        nan | won: False 
#   88 | steps:   911 | steps_t:     0 | t: 0.700040 | r:  -505.000000 | e:   1.000000 | Q:        nan | won: False 
#   89 | steps:   928 | steps_t:     0 | t: 0.709041 | r:  -516.000000 | e:   1.000000 | Q:        nan | won: False 
#   90 | steps:   944 | steps_t:     0 | t: 0.718041 | r:  -515.000000 | e:   1.000000 | Q:        nan | won: False 
#   91 | steps:   949 | steps_t:     0 | t: 0.722041 | r:  -504.000000 | e:   1.000000 | Q:        nan | won: False 
#   92 | steps:   979 | steps_t:     0 | t: 0.740042 | r:  -529.000000 | e:   1.000000 | Q:        nan | won: False 
#   93 | steps:   998 | steps_t:     0 | t: 0.754043 | r:  -518.000000 | e:   1.000000 | Q:        nan | won: False 
#   94 | steps:  1006 | steps_t:     0 | t: 0.759043 | r:  -507.000000 | e:   1.000000 | Q:        nan | won: False 
#   95 | steps:  1023 | steps_t:     0 | t: 0.772044 | r:  -516.000000 | e:   1.000000 | Q:        nan | won: False 
#   96 | steps:  1036 | steps_t:     0 | t: 0.782045 | r:  -512.000000 | e:   1.000000 | Q:        nan | won: False 
#   97 | steps:  1049 | steps_t:     0 | t: 0.791045 | r:  -512.000000 | e:   1.000000 | Q:        nan | won: False 
#   98 | steps:  1058 | steps_t:     0 | t: 0.799046 | r:  -508.000000 | e:   1.000000 | Q:        nan | won: False 
#   99 | steps:  1067 | steps_t:     0 | t: 0.805046 | r:  -508.000000 | e:   1.000000 | Q:        nan | won: False 
#  100 | steps:  1076 | steps_t:     0 | t: 0.810046 | r:  -508.000000 | e:   1.000000 | Q:        nan | won: False 
#  101 | steps:  1084 | steps_t:     0 | t: 0.818047 | r:  -507.000000 | e:   1.000000 | Q:        nan | won: False 
#  102 | steps:  1092 | steps_t:     0 | t: 0.823047 | r:  -507.000000 | e:   1.000000 | Q:        nan | won: False 
#  103 | steps:  1100 | steps_t:     0 | t: 0.830047 | r:  -507.000000 | e:   1.000000 | Q:        nan | won: False 
#  104 | steps:  1120 | steps_t:     0 | t: 0.840048 | r:  -508.000000 | e:   1.000000 | Q:        nan | won: False 
#  105 | steps:  1140 | steps_t:     0 | t: 0.855049 | r:  -519.000000 | e:   1.000000 | Q:        nan | won: False 
#  106 | steps:  1150 | steps_t:     0 | t: 0.862049 | r:  -509.000000 | e:   1.000000 | Q:        nan | won: False 
#  107 | steps:  1168 | steps_t:     0 | t: 0.871050 | r:  -517.000000 | e:   1.000000 | Q:        nan | won: False 
#  108 | steps:  1175 | steps_t:     0 | t: 0.877050 | r:  -506.000000 | e:   1.000000 | Q:        nan | won: False 
#  109 | steps:  1183 | steps_t:     0 | t: 0.884051 | r:  -507.000000 | e:   1.000000 | Q:        nan | won: False 
#  110 | steps:  1197 | steps_t:     0 | t: 0.893051 | r:  -513.000000 | e:   1.000000 | Q:        nan | won: False 
#  111 | steps:  1208 | steps_t:     0 | t: 0.899051 | r:  -510.000000 | e:   1.000000 | Q:        nan | won: False 
#  112 | steps:  1219 | steps_t:     0 | t: 0.905052 | r:  -510.000000 | e:   1.000000 | Q:        nan | won: False 
#  113 | steps:  1226 | steps_t:     0 | t: 0.909052 | r:  -506.000000 | e:   1.000000 | Q:        nan | won: False 
#  114 | steps:  1238 | steps_t:     0 | t: 0.918053 | r:  -511.000000 | e:   1.000000 | Q:        nan | won: False 
#  115 | steps:  1256 | steps_t:     0 | t: 0.930053 | r:  -517.000000 | e:   1.000000 | Q:        nan | won: False 
#  116 | steps:  1263 | steps_t:     0 | t: 0.936054 | r:  -506.000000 | e:   1.000000 | Q:        nan | won: False 
#  117 | steps:  1274 | steps_t:     0 | t: 0.944054 | r:  -510.000000 | e:   1.000000 | Q:        nan | won: False 
#  118 | steps:  1281 | steps_t:     0 | t: 0.949054 | r:  -506.000000 | e:   1.000000 | Q:        nan | won: False 
#  119 | steps:  1296 | steps_t:     0 | t: 0.957055 | r:  -503.000000 | e:   1.000000 | Q:        nan | won: False 
#  120 | steps:  1303 | steps_t:     0 | t: 0.962055 | r:  -506.000000 | e:   1.000000 | Q:        nan | won: False 
#  121 | steps:  1322 | steps_t:     0 | t: 0.975056 | r:  -518.000000 | e:   1.000000 | Q:        nan | won: False 
#  122 | steps:  1331 | steps_t:     0 | t: 0.982056 | r:  -508.000000 | e:   1.000000 | Q:        nan | won: False 
#  123 | steps:  1349 | steps_t:     0 | t: 0.992057 | r:  -517.000000 | e:   1.000000 | Q:        nan | won: False 
#  124 | steps:  1356 | steps_t:     0 | t: 0.998057 | r:  -506.000000 | e:   1.000000 | Q:        nan | won: False 
#  125 | steps:  1363 | steps_t:     0 | t: 1.003057 | r:  -506.000000 | e:   1.000000 | Q:        nan | won: False 
#  126 | steps:  1374 | steps_t:     0 | t: 1.009058 | r:  -510.000000 | e:   1.000000 | Q:        nan | won: False 
#  127 | steps:  1383 | steps_t:     0 | t: 1.016058 | r:  -508.000000 | e:   1.000000 | Q:        nan | won: False 
#  128 | steps:  1390 | steps_t:     0 | t: 1.020058 | r:  -506.000000 | e:   1.000000 | Q:        nan | won: False 
#  129 | steps:  1408 | steps_t:     0 | t: 1.038059 | r:  -517.000000 | e:   1.000000 | Q:        nan | won: False 
#  130 | steps:  1415 | steps_t:     0 | t: 1.042059 | r:  -506.000000 | e:   1.000000 | Q:        nan | won: False 
#  131 | steps:  1427 | steps_t:     0 | t: 1.053060 | r:  -511.000000 | e:   1.000000 | Q:        nan | won: False 
#  132 | steps:  1439 | steps_t:     0 | t: 1.063061 | r:  -511.000000 | e:   1.000000 | Q:        nan | won: False 
#  133 | steps:  1448 | steps_t:     0 | t: 1.070061 | r:  -508.000000 | e:   1.000000 | Q:        nan | won: False 
#  134 | steps:  1456 | steps_t:     0 | t: 1.074062 | r:  -507.000000 | e:   1.000000 | Q:        nan | won: False 
#  135 | steps:  1465 | steps_t:     0 | t: 1.082062 | r:  -508.000000 | e:   1.000000 | Q:        nan | won: False 
#  136 | steps:  1473 | steps_t:     0 | t: 1.087062 | r:  -507.000000 | e:   1.000000 | Q:        nan | won: False 
#  137 | steps:  1489 | steps_t:     0 | t: 1.100063 | r:  -515.000000 | e:   1.000000 | Q:        nan | won: False 
#  138 | steps:  1499 | steps_t:     0 | t: 1.108063 | r:  -509.000000 | e:   1.000000 | Q:        nan | won: False 
#  139 | steps:  1507 | steps_t:     0 | t: 1.116064 | r:  -507.000000 | e:   1.000000 | Q:        nan | won: False 
#  140 | steps:  1514 | steps_t:     0 | t: 1.121064 | r:  -506.000000 | e:   1.000000 | Q:        nan | won: False 
#  141 | steps:  1522 | steps_t:     0 | t: 1.128064 | r:  -507.000000 | e:   1.000000 | Q:        nan | won: False 
#  142 | steps:  1530 | steps_t:     0 | t: 1.135065 | r:  -507.000000 | e:   1.000000 | Q:        nan | won: False 
#  143 | steps:  1535 | steps_t:     0 | t: 1.140065 | r:  -504.000000 | e:   1.000000 | Q:        nan | won: False 
#  144 | steps:  1549 | steps_t:     0 | t: 1.153066 | r:  -513.000000 | e:   1.000000 | Q:        nan | won: False 
#  145 | steps:  1562 | steps_t:     0 | t: 1.166067 | r:  -512.000000 | e:   1.000000 | Q:        nan | won: False 
#  146 | steps:  1571 | steps_t:     0 | t: 1.175067 | r:  -508.000000 | e:   1.000000 | Q:        nan | won: False 
#  147 | steps:  1581 | steps_t:     0 | t: 1.184068 | r:  -509.000000 | e:   1.000000 | Q:        nan | won: False 
#  148 | steps:  1590 | steps_t:     0 | t: 1.189068 | r:  -508.000000 | e:   1.000000 | Q:        nan | won: False 
#  149 | steps:  1613 | steps_t:     0 | t: 1.209069 | r:  -522.000000 | e:   1.000000 | Q:        nan | won: False 
#  150 | steps:  1624 | steps_t:     0 | t: 1.220070 | r:  -510.000000 | e:   1.000000 | Q:        nan | won: False 
#  151 | steps:  1631 | steps_t:     0 | t: 1.225070 | r:  -506.000000 | e:   1.000000 | Q:        nan | won: False 
#  152 | steps:  1646 | steps_t:     0 | t: 1.241071 | r:  -514.000000 | e:   1.000000 | Q:        nan | won: False 
#  153 | steps:  1655 | steps_t:     0 | t: 1.250072 | r:  -508.000000 | e:   1.000000 | Q:        nan | won: False 
#  154 | steps:  1665 | steps_t:     0 | t: 1.258072 | r:  -509.000000 | e:   1.000000 | Q:        nan | won: False 
#  155 | steps:  1671 | steps_t:     0 | t: 1.265072 | r:  -505.000000 | e:   1.000000 | Q:        nan | won: False 
#  156 | steps:  1680 | steps_t:     0 | t: 1.273073 | r:  -508.000000 | e:   1.000000 | Q:        nan | won: False 
#  157 | steps:  1700 | steps_t:     0 | t: 1.291074 | r:  -519.000000 | e:   1.000000 | Q:        nan | won: False 
#  158 | steps:  1719 | steps_t:     0 | t: 1.306075 | r:  -518.000000 | e:   1.000000 | Q:        nan | won: False 
#  159 | steps:  1726 | steps_t:     0 | t: 1.313075 | r:  -506.000000 | e:   1.000000 | Q:        nan | won: False 
#  160 | steps:  1744 | steps_t:     0 | t: 1.326076 | r:  -517.000000 | e:   1.000000 | Q:        nan | won: False 
#  161 | steps:  1752 | steps_t:     0 | t: 1.333076 | r:  -507.000000 | e:   1.000000 | Q:        nan | won: False 
#  162 | steps:  1762 | steps_t:     0 | t: 1.342077 | r:  -509.000000 | e:   1.000000 | Q:        nan | won: False 
#  163 | steps:  1770 | steps_t:     0 | t: 1.349077 | r:  -507.000000 | e:   1.000000 | Q:        nan | won: False 
#  164 | steps:  1786 | steps_t:     0 | t: 1.368078 | r:  -504.000000 | e:   1.000000 | Q:        nan | won: False 
#  165 | steps:  1804 | steps_t:     0 | t: 1.386079 | r:  -517.000000 | e:   1.000000 | Q:        nan | won: False 
#  166 | steps:  1813 | steps_t:     0 | t: 1.393080 | r:  -508.000000 | e:   1.000000 | Q:        nan | won: False 
#  167 | steps:  1844 | steps_t:     0 | t: 1.414081 | r:  -530.000000 | e:   1.000000 | Q:        nan | won: False 
#  168 | steps:  1861 | steps_t:     0 | t: 1.423081 | r:  -516.000000 | e:   1.000000 | Q:        nan | won: False 
#  169 | steps:  1872 | steps_t:     0 | t: 1.431082 | r:  -510.000000 | e:   1.000000 | Q:        nan | won: False 
#  170 | steps:  1882 | steps_t:     0 | t: 1.439082 | r:  -509.000000 | e:   1.000000 | Q:        nan | won: False 
#  171 | steps:  1891 | steps_t:     0 | t: 1.447083 | r:  -508.000000 | e:   1.000000 | Q:        nan | won: False 
#  172 | steps:  1913 | steps_t:     0 | t: 1.463084 | r:  -521.000000 | e:   1.000000 | Q:        nan | won: False 
#  173 | steps:  1920 | steps_t:     0 | t: 1.467084 | r:  -506.000000 | e:   1.000000 | Q:        nan | won: False 
#  174 | steps:  1927 | steps_t:     0 | t: 1.472084 | r:  -506.000000 | e:   1.000000 | Q:        nan | won: False 
#  175 | steps:  1934 | steps_t:     0 | t: 1.477084 | r:  -506.000000 | e:   1.000000 | Q:        nan | won: False 
#  176 | steps:  1946 | steps_t:     0 | t: 1.484085 | r:  -511.000000 | e:   1.000000 | Q:        nan | won: False 
#  177 | steps:  1952 | steps_t:     0 | t: 1.487085 | r:  -505.000000 | e:   1.000000 | Q:        nan | won: False 
#  178 | steps:  1972 | steps_t:     0 | t: 1.500086 | r:  -519.000000 | e:   1.000000 | Q:        nan | won: False 
#  179 | steps:  1980 | steps_t:     0 | t: 1.506086 | r:  -507.000000 | e:   1.000000 | Q:        nan | won: False 
#  180 | steps:  2021 | steps_t:     0 | t: 1.533088 | r:  -529.000000 | e:   1.000000 | Q:        nan | won: False 
#  181 | steps:  2029 | steps_t:     0 | t: 1.539088 | r:  -507.000000 | e:   1.000000 | Q:        nan | won: False 
#  182 | steps:  2038 | steps_t:     0 | t: 1.544088 | r:  -508.000000 | e:   1.000000 | Q:        nan | won: False 
#  183 | steps:  2050 | steps_t:     0 | t: 1.552089 | r:  -511.000000 | e:   1.000000 | Q:        nan | won: False 
#  184 | steps:  2058 | steps_t:     0 | t: 1.556089 | r:  -507.000000 | e:   1.000000 | Q:        nan | won: False 
#  185 | steps:  2064 | steps_t:     0 | t: 1.560089 | r:  -505.000000 | e:   1.000000 | Q:        nan | won: False 
#  186 | steps:  2074 | steps_t:     0 | t: 1.569090 | r:  -509.000000 | e:   1.000000 | Q:        nan | won: False 
#  187 | steps:  2093 | steps_t:     0 | t: 1.581090 | r:  -518.000000 | e:   1.000000 | Q:        nan | won: False 
#  188 | steps:  2109 | steps_t:     0 | t: 1.590091 | r:  -515.000000 | e:   1.000000 | Q:        nan | won: False 
#  189 | steps:  2117 | steps_t:     0 | t: 1.598092 | r:  -507.000000 | e:   1.000000 | Q:        nan | won: False 
#  190 | steps:  2132 | steps_t:     0 | t: 1.607092 | r:  -514.000000 | e:   1.000000 | Q:        nan | won: False 
#  191 | steps:  2148 | steps_t:     0 | t: 1.621093 | r:  -504.000000 | e:   1.000000 | Q:        nan | won: False 
#  192 | steps:  2156 | steps_t:     0 | t: 1.627093 | r:  -507.000000 | e:   1.000000 | Q:        nan | won: False 
#  193 | steps:  2162 | steps_t:     0 | t: 1.633093 | r:  -505.000000 | e:   1.000000 | Q:        nan | won: False 
#  194 | steps:  2171 | steps_t:     0 | t: 1.640094 | r:  -508.000000 | e:   1.000000 | Q:        nan | won: False 
#  195 | steps:  2197 | steps_t:     0 | t: 1.658095 | r:  -525.000000 | e:   1.000000 | Q:        nan | won: False 
#  196 | steps:  2204 | steps_t:     0 | t: 1.665095 | r:  -506.000000 | e:   1.000000 | Q:        nan | won: False 
#  197 | steps:  2221 | steps_t:     0 | t: 1.674096 | r:  -516.000000 | e:   1.000000 | Q:        nan | won: False 
#  198 | steps:  2229 | steps_t:     0 | t: 1.680096 | r:  -507.000000 | e:   1.000000 | Q:        nan | won: False 
#  199 | steps:  2239 | steps_t:     0 | t: 1.687097 | r:  -509.000000 | e:   1.000000 | Q:        nan | won: False 
#  200 | steps:  2249 | steps_t:     0 | t: 1.695097 | r:  -509.000000 | e:   1.000000 | Q:        nan | won: False 
#  201 | steps:  2256 | steps_t:     0 | t: 1.700097 | r:  -506.000000 | e:   1.000000 | Q:        nan | won: False 
#  202 | steps:  2264 | steps_t:     0 | t: 1.704098 | r:  -507.000000 | e:   1.000000 | Q:        nan | won: False 
#  203 | steps:  2273 | steps_t:     0 | t: 1.709098 | r:  -508.000000 | e:   1.000000 | Q:        nan | won: False 
#  204 | steps:  2282 | steps_t:     0 | t: 1.716098 | r:  -508.000000 | e:   1.000000 | Q:        nan | won: False 
#  205 | steps:  2291 | steps_t:     0 | t: 1.722098 | r:  -508.000000 | e:   1.000000 | Q:        nan | won: False 
#  206 | steps:  2305 | steps_t:     0 | t: 1.733099 | r:  -513.000000 | e:   1.000000 | Q:        nan | won: False 
#  207 | steps:  2312 | steps_t:     0 | t: 1.737099 | r:  -506.000000 | e:   1.000000 | Q:        nan | won: False 
#  208 | steps:  2321 | steps_t:     0 | t: 1.743100 | r:  -508.000000 | e:   1.000000 | Q:        nan | won: False 
#  209 | steps:  2328 | steps_t:     0 | t: 1.748100 | r:  -506.000000 | e:   1.000000 | Q:        nan | won: False 
#  210 | steps:  2337 | steps_t:     0 | t: 1.753100 | r:  -508.000000 | e:   1.000000 | Q:        nan | won: False 
#  211 | steps:  2345 | steps_t:     0 | t: 1.760101 | r:  -507.000000 | e:   1.000000 | Q:        nan | won: False 
#  212 | steps:  2351 | steps_t:     0 | t: 1.765101 | r:  -505.000000 | e:   1.000000 | Q:        nan | won: False 
#  213 | steps:  2372 | steps_t:     0 | t: 1.780102 | r:  -520.000000 | e:   1.000000 | Q:        nan | won: False 
#  214 | steps:  2379 | steps_t:     0 | t: 1.786102 | r:  -506.000000 | e:   1.000000 | Q:        nan | won: False 
#  215 | steps:  2389 | steps_t:     0 | t: 1.792102 | r:  -509.000000 | e:   1.000000 | Q:        nan | won: False 
#  216 | steps:  2402 | steps_t:     0 | t: 1.800103 | r:  -512.000000 | e:   1.000000 | Q:        nan | won: False 
#  217 | steps:  2413 | steps_t:     0 | t: 1.805103 | r:  -510.000000 | e:   1.000000 | Q:        nan | won: False 
#  218 | steps:  2433 | steps_t:     0 | t: 1.821104 | r:  -519.000000 | e:   1.000000 | Q:        nan | won: False 
#  219 | steps:  2441 | steps_t:     0 | t: 1.829105 | r:  -507.000000 | e:   1.000000 | Q:        nan | won: False 
#  220 | steps:  2454 | steps_t:     0 | t: 1.837105 | r:  -512.000000 | e:   1.000000 | Q:        nan | won: False 
#  221 | steps:  2480 | steps_t:     0 | t: 1.856106 | r:  -525.000000 | e:   1.000000 | Q:        nan | won: False 
#  222 | steps:  2489 | steps_t:     0 | t: 1.861106 | r:  -508.000000 | e:   1.000000 | Q:        nan | won: False 
#  223 | steps:  2500 | steps_t:     0 | t: 1.869107 | r:  -510.000000 | e:   1.000000 | Q:        nan | won: False 
#  224 | steps:  2511 | steps_t:     0 | t: 1.879107 | r:  -510.000000 | e:   1.000000 | Q:        nan | won: False 
#  225 | steps:  2518 | steps_t:     0 | t: 1.884108 | r:  -506.000000 | e:   1.000000 | Q:        nan | won: False 
#  226 | steps:  2532 | steps_t:     0 | t: 1.893108 | r:  -513.000000 | e:   1.000000 | Q:        nan | won: False 
#  227 | steps:  2542 | steps_t:     0 | t: 1.901109 | r:  -509.000000 | e:   1.000000 | Q:        nan | won: False 
#  228 | steps:  2552 | steps_t:     0 | t: 1.907109 | r:  -509.000000 | e:   1.000000 | Q:        nan | won: False 
#  229 | steps:  2563 | steps_t:     0 | t: 1.915110 | r:  -510.000000 | e:   1.000000 | Q:        nan | won: False 
#  230 | steps:  2571 | steps_t:     0 | t: 1.920110 | r:  -507.000000 | e:   1.000000 | Q:        nan | won: False 
#  231 | steps:  2577 | steps_t:     0 | t: 1.923110 | r:  -505.000000 | e:   1.000000 | Q:        nan | won: False 
#  232 | steps:  2585 | steps_t:     0 | t: 1.930110 | r:  -507.000000 | e:   1.000000 | Q:        nan | won: False 
#  233 | steps:  2593 | steps_t:     0 | t: 1.934111 | r:  -507.000000 | e:   1.000000 | Q:        nan | won: False 
#  234 | steps:  2598 | steps_t:     0 | t: 1.937111 | r:  -504.000000 | e:   1.000000 | Q:        nan | won: False 
#  235 | steps:  2605 | steps_t:     0 | t: 1.942111 | r:  -506.000000 | e:   1.000000 | Q:        nan | won: False 
#  236 | steps:  2613 | steps_t:     0 | t: 1.949111 | r:  -507.000000 | e:   1.000000 | Q:        nan | won: False 
#  237 | steps:  2622 | steps_t:     0 | t: 1.955112 | r:  -508.000000 | e:   1.000000 | Q:        nan | won: False 
#  238 | steps:  2631 | steps_t:     0 | t: 1.960112 | r:  -508.000000 | e:   1.000000 | Q:        nan | won: False 
#  239 | steps:  2644 | steps_t:     0 | t: 1.972113 | r:  -512.000000 | e:   1.000000 | Q:        nan | won: False 
#  240 | steps:  2655 | steps_t:     0 | t: 1.981113 | r:  -510.000000 | e:   1.000000 | Q:        nan | won: False 
#  241 | steps:  2664 | steps_t:     0 | t: 1.985114 | r:  -508.000000 | e:   1.000000 | Q:        nan | won: False 
#  242 | steps:  2672 | steps_t:     0 | t: 1.989114 | r:  -507.000000 | e:   1.000000 | Q:        nan | won: False 
#  243 | steps:  2682 | steps_t:     0 | t: 1.996114 | r:  -509.000000 | e:   1.000000 | Q:        nan | won: False 
#  244 | steps:  2702 | steps_t:     0 | t: 2.012115 | r:  -519.000000 | e:   1.000000 | Q:        nan | won: False 
#  245 | steps:  2713 | steps_t:     0 | t: 2.018116 | r:  -510.000000 | e:   1.000000 | Q:        nan | won: False 
#  246 | steps:  2723 | steps_t:     0 | t: 2.024116 | r:  -509.000000 | e:   1.000000 | Q:        nan | won: False 
#  247 | steps:  2740 | steps_t:     0 | t: 2.040117 | r:  -516.000000 | e:   1.000000 | Q:        nan | won: False 
#  248 | steps:  2747 | steps_t:     0 | t: 2.047117 | r:  -506.000000 | e:   1.000000 | Q:        nan | won: False 
#  249 | steps:  2761 | steps_t:     0 | t: 2.059118 | r:  -513.000000 | e:   1.000000 | Q:        nan | won: False 
#  250 | steps:  2773 | steps_t:     0 | t: 2.071119 | r:  -511.000000 | e:   1.000000 | Q:        nan | won: False 
#  251 | steps:  2782 | steps_t:     0 | t: 2.076119 | r:  -508.000000 | e:   1.000000 | Q:        nan | won: False 
#  252 | steps:  2792 | steps_t:     0 | t: 2.083119 | r:  -509.000000 | e:   1.000000 | Q:        nan | won: False 
#  253 | steps:  2806 | steps_t:     0 | t: 2.096120 | r:  -513.000000 | e:   1.000000 | Q:        nan | won: False 
#  254 | steps:  2815 | steps_t:     0 | t: 2.107121 | r:  -508.000000 | e:   1.000000 | Q:        nan | won: False 
#  255 | steps:  2826 | steps_t:     0 | t: 2.124122 | r:  -510.000000 | e:   1.000000 | Q:        nan | won: False 
#  256 | steps:  2835 | steps_t:     0 | t: 2.133122 | r:  -508.000000 | e:   1.000000 | Q:        nan | won: False 
#  257 | steps:  2843 | steps_t:     0 | t: 2.138122 | r:  -507.000000 | e:   1.000000 | Q:        nan | won: False 
#  258 | steps:  2852 | steps_t:     0 | t: 2.143123 | r:  -508.000000 | e:   1.000000 | Q:        nan | won: False 
#  259 | steps:  2860 | steps_t:     0 | t: 2.149123 | r:  -507.000000 | e:   1.000000 | Q:        nan | won: False 
#  260 | steps:  2871 | steps_t:     0 | t: 2.156123 | r:  -510.000000 | e:   1.000000 | Q:        nan | won: False 
#  261 | steps:  2894 | steps_t:     0 | t: 2.171124 | r:  -522.000000 | e:   1.000000 | Q:        nan | won: False 
#  262 | steps:  2908 | steps_t:     0 | t: 2.180125 | r:  -513.000000 | e:   1.000000 | Q:        nan | won: False 
#  263 | steps:  2915 | steps_t:     0 | t: 2.185125 | r:  -506.000000 | e:   1.000000 | Q:        nan | won: False 
#  264 | steps:  2935 | steps_t:     0 | t: 2.200126 | r:  -519.000000 | e:   1.000000 | Q:        nan | won: False 
#  265 | steps:  2953 | steps_t:     0 | t: 2.209126 | r:  -517.000000 | e:   1.000000 | Q:        nan | won: False 
#  266 | steps:  2963 | steps_t:     0 | t: 2.215127 | r:  -509.000000 | e:   1.000000 | Q:        nan | won: False 
#  267 | steps:  2972 | steps_t:     0 | t: 2.220127 | r:  -508.000000 | e:   1.000000 | Q:        nan | won: False 
#  268 | steps:  2990 | steps_t:     0 | t: 2.233128 | r:  -517.000000 | e:   1.000000 | Q:        nan | won: False 
#  269 | steps:  3001 | steps_t:     0 | t: 2.241128 | r:  -510.000000 | e:   1.000000 | Q:        nan | won: False 
#  270 | steps:  3008 | steps_t:     0 | t: 2.246129 | r:  -506.000000 | e:   1.000000 | Q:        nan | won: False 
#  271 | steps:  3022 | steps_t:     0 | t: 2.256129 | r:  -513.000000 | e:   1.000000 | Q:        nan | won: False 
#  272 | steps:  3033 | steps_t:     0 | t: 2.264129 | r:  -510.000000 | e:   1.000000 | Q:        nan | won: False 
#  273 | steps:  3041 | steps_t:     0 | t: 2.268130 | r:  -507.000000 | e:   1.000000 | Q:        nan | won: False 
#  274 | steps:  3051 | steps_t:     0 | t: 2.275130 | r:  -509.000000 | e:   1.000000 | Q:        nan | won: False 
#  275 | steps:  3062 | steps_t:     0 | t: 2.283131 | r:  -510.000000 | e:   1.000000 | Q:        nan | won: False 
#  276 | steps:  3071 | steps_t:     0 | t: 2.289131 | r:  -508.000000 | e:   1.000000 | Q:        nan | won: False 
#  277 | steps:  3078 | steps_t:     0 | t: 2.294131 | r:  -506.000000 | e:   1.000000 | Q:        nan | won: False 
#  278 | steps:  3085 | steps_t:     0 | t: 2.301131 | r:  -506.000000 | e:   1.000000 | Q:        nan | won: False 
#  279 | steps:  3093 | steps_t:     0 | t: 2.306132 | r:  -507.000000 | e:   1.000000 | Q:        nan | won: False 
#  280 | steps:  3103 | steps_t:     0 | t: 2.313132 | r:  -509.000000 | e:   1.000000 | Q:        nan | won: False 
#  281 | steps:  3111 | steps_t:     0 | t: 2.319133 | r:  -507.000000 | e:   1.000000 | Q:        nan | won: False 
#  282 | steps:  3120 | steps_t:     0 | t: 2.324133 | r:  -508.000000 | e:   1.000000 | Q:        nan | won: False 
#  283 | steps:  3127 | steps_t:     0 | t: 2.332133 | r:  -506.000000 | e:   1.000000 | Q:        nan | won: False 
#  284 | steps:  3133 | steps_t:     0 | t: 2.335134 | r:  -505.000000 | e:   1.000000 | Q:        nan | won: False 
#  285 | steps:  3145 | steps_t:     0 | t: 2.342134 | r:  -511.000000 | e:   1.000000 | Q:        nan | won: False 
#  286 | steps:  3155 | steps_t:     0 | t: 2.351135 | r:  -509.000000 | e:   1.000000 | Q:        nan | won: False 
#  287 | steps:  3160 | steps_t:     0 | t: 2.354135 | r:  -504.000000 | e:   1.000000 | Q:        nan | won: False 
#  288 | steps:  3168 | steps_t:     0 | t: 2.359135 | r:  -507.000000 | e:   1.000000 | Q:        nan | won: False 
#  289 | steps:  3176 | steps_t:     0 | t: 2.368135 | r:  -507.000000 | e:   1.000000 | Q:        nan | won: False 
#  290 | steps:  3187 | steps_t:     0 | t: 2.374136 | r:  -510.000000 | e:   1.000000 | Q:        nan | won: False 
#  291 | steps:  3193 | steps_t:     0 | t: 2.380136 | r:  -505.000000 | e:   1.000000 | Q:        nan | won: False 
#  292 | steps:  3203 | steps_t:     0 | t: 2.386137 | r:  -509.000000 | e:   1.000000 | Q:        nan | won: False 
#  293 | steps:  3213 | steps_t:     0 | t: 2.393137 | r:  -509.000000 | e:   1.000000 | Q:        nan | won: False 
#  294 | steps:  3221 | steps_t:     0 | t: 2.399137 | r:  -507.000000 | e:   1.000000 | Q:        nan | won: False 
#  295 | steps:  3226 | steps_t:     0 | t: 2.402137 | r:  -504.000000 | e:   1.000000 | Q:        nan | won: False 
#  296 | steps:  3242 | steps_t:     0 | t: 2.413138 | r:  -515.000000 | e:   1.000000 | Q:        nan | won: False 
#  297 | steps:  3249 | steps_t:     0 | t: 2.418138 | r:  -506.000000 | e:   1.000000 | Q:        nan | won: False 
#  298 | steps:  3257 | steps_t:     0 | t: 2.423139 | r:  -507.000000 | e:   1.000000 | Q:        nan | won: False 
#  299 | steps:  3266 | steps_t:     0 | t: 2.431139 | r:  -508.000000 | e:   1.000000 | Q:        nan | won: False 
#  300 | steps:  3277 | steps_t:     0 | t: 2.437140 | r:  -510.000000 | e:   1.000000 | Q:        nan | won: False 
#  301 | steps:  3286 | steps_t:     0 | t: 2.442140 | r:  -508.000000 | e:   1.000000 | Q:        nan | won: False 
#  302 | steps:  3299 | steps_t:     0 | t: 2.451140 | r:  -512.000000 | e:   1.000000 | Q:        nan | won: False 
#  303 | steps:  3316 | steps_t:     0 | t: 2.465141 | r:  -516.000000 | e:   1.000000 | Q:        nan | won: False 
#  304 | steps:  3322 | steps_t:     0 | t: 2.469141 | r:  -505.000000 | e:   1.000000 | Q:        nan | won: False 
#  305 | steps:  3339 | steps_t:     0 | t: 2.481142 | r:  -516.000000 | e:   1.000000 | Q:        nan | won: False 
#  306 | steps:  3356 | steps_t:     0 | t: 2.492143 | r:  -516.000000 | e:   1.000000 | Q:        nan | won: False 
#  307 | steps:  3364 | steps_t:     0 | t: 2.499143 | r:  -507.000000 | e:   1.000000 | Q:        nan | won: False 
#  308 | steps:  3371 | steps_t:     0 | t: 2.503143 | r:  -506.000000 | e:   1.000000 | Q:        nan | won: False 
#  309 | steps:  3379 | steps_t:     0 | t: 2.507143 | r:  -507.000000 | e:   1.000000 | Q:        nan | won: False 
#  310 | steps:  3390 | steps_t:     0 | t: 2.516144 | r:  -510.000000 | e:   1.000000 | Q:        nan | won: False 
#  311 | steps:  3415 | steps_t:     0 | t: 2.531145 | r:  -524.000000 | e:   1.000000 | Q:        nan | won: False 
#  312 | steps:  3435 | steps_t:     0 | t: 2.543145 | r:  -519.000000 | e:   1.000000 | Q:        nan | won: False 
#  313 | steps:  3450 | steps_t:     0 | t: 2.555146 | r:  -514.000000 | e:   1.000000 | Q:        nan | won: False 
#  314 | steps:  3457 | steps_t:     0 | t: 2.559146 | r:  -506.000000 | e:   1.000000 | Q:        nan | won: False 
#  315 | steps:  3467 | steps_t:     0 | t: 2.566147 | r:  -509.000000 | e:   1.000000 | Q:        nan | won: False 
#  316 | steps:  3472 | steps_t:     0 | t: 2.569147 | r:  -504.000000 | e:   1.000000 | Q:        nan | won: False 
#  317 | steps:  3483 | steps_t:     0 | t: 2.575147 | r:  -510.000000 | e:   1.000000 | Q:        nan | won: False 
#  318 | steps:  3492 | steps_t:     0 | t: 2.582148 | r:  -508.000000 | e:   1.000000 | Q:        nan | won: False 
#  319 | steps:  3502 | steps_t:     0 | t: 2.587148 | r:  -509.000000 | e:   1.000000 | Q:        nan | won: False 
#  320 | steps:  3512 | steps_t:     0 | t: 2.593148 | r:  -509.000000 | e:   1.000000 | Q:        nan | won: False 
#  321 | steps:  3519 | steps_t:     0 | t: 2.598149 | r:  -506.000000 | e:   1.000000 | Q:        nan | won: False 
#  322 | steps:  3530 | steps_t:     0 | t: 2.604149 | r:  -510.000000 | e:   1.000000 | Q:        nan | won: False 
#  323 | steps:  3543 | steps_t:     0 | t: 2.616150 | r:  -512.000000 | e:   1.000000 | Q:        nan | won: False 
#  324 | steps:  3554 | steps_t:     0 | t: 2.621150 | r:  -510.000000 | e:   1.000000 | Q:        nan | won: False 
#  325 | steps:  3561 | steps_t:     0 | t: 2.625150 | r:  -506.000000 | e:   1.000000 | Q:        nan | won: False 
#  326 | steps:  3580 | steps_t:     0 | t: 2.637151 | r:  -518.000000 | e:   1.000000 | Q:        nan | won: False 
#  327 | steps:  3590 | steps_t:     0 | t: 2.643151 | r:  -509.000000 | e:   1.000000 | Q:        nan | won: False 
#  328 | steps:  3607 | steps_t:     0 | t: 2.653152 | r:  -505.000000 | e:   1.000000 | Q:        nan | won: False 
#  329 | steps:  3630 | steps_t:     0 | t: 2.667153 | r:  -522.000000 | e:   1.000000 | Q:        nan | won: False 
#  330 | steps:  3641 | steps_t:     0 | t: 2.674153 | r:  -510.000000 | e:   1.000000 | Q:        nan | won: False 
#  331 | steps:  3650 | steps_t:     0 | t: 2.679153 | r:  -508.000000 | e:   1.000000 | Q:        nan | won: False 
#  332 | steps:  3661 | steps_t:     0 | t: 2.685153 | r:  -510.000000 | e:   1.000000 | Q:        nan | won: False 
#  333 | steps:  3672 | steps_t:     0 | t: 2.691154 | r:  -510.000000 | e:   1.000000 | Q:        nan | won: False 
#  334 | steps:  3691 | steps_t:     0 | t: 2.704154 | r:  -518.000000 | e:   1.000000 | Q:        nan | won: False 
#  335 | steps:  3698 | steps_t:     0 | t: 2.708155 | r:  -506.000000 | e:   1.000000 | Q:        nan | won: False 
#  336 | steps:  3713 | steps_t:     0 | t: 2.716155 | r:  -514.000000 | e:   1.000000 | Q:        nan | won: False 
#  337 | steps:  3731 | steps_t:     0 | t: 2.729156 | r:  -517.000000 | e:   1.000000 | Q:        nan | won: False 
#  338 | steps:  3738 | steps_t:     0 | t: 2.735157 | r:  -506.000000 | e:   1.000000 | Q:        nan | won: False 
#  339 | steps:  3746 | steps_t:     0 | t: 2.740157 | r:  -507.000000 | e:   1.000000 | Q:        nan | won: False 
#  340 | steps:  3757 | steps_t:     0 | t: 2.748157 | r:  -510.000000 | e:   1.000000 | Q:        nan | won: False 
#  341 | steps:  3766 | steps_t:     0 | t: 2.753158 | r:  -508.000000 | e:   1.000000 | Q:        nan | won: False 
#  342 | steps:  3775 | steps_t:     0 | t: 2.759158 | r:  -508.000000 | e:   1.000000 | Q:        nan | won: False 
#  343 | steps:  3784 | steps_t:     0 | t: 2.766158 | r:  -508.000000 | e:   1.000000 | Q:        nan | won: False 
#  344 | steps:  3794 | steps_t:     0 | t: 2.771158 | r:  -509.000000 | e:   1.000000 | Q:        nan | won: False 
#  345 | steps:  3799 | steps_t:     0 | t: 2.774158 | r:  -504.000000 | e:   1.000000 | Q:        nan | won: False 
#  346 | steps:  3810 | steps_t:     0 | t: 2.782159 | r:  -510.000000 | e:   1.000000 | Q:        nan | won: False 
#  347 | steps:  3819 | steps_t:     0 | t: 2.788159 | r:  -508.000000 | e:   1.000000 | Q:        nan | won: False 
#  348 | steps:  3828 | steps_t:     0 | t: 2.794160 | r:  -508.000000 | e:   1.000000 | Q:        nan | won: False 
#  349 | steps:  3844 | steps_t:     0 | t: 2.804161 | r:  -515.000000 | e:   1.000000 | Q:        nan | won: False 
#  350 | steps:  3851 | steps_t:     0 | t: 2.808161 | r:  -506.000000 | e:   1.000000 | Q:        nan | won: False 
#  351 | steps:  3858 | steps_t:     0 | t: 2.813161 | r:  -506.000000 | e:   1.000000 | Q:        nan | won: False 
#  352 | steps:  3884 | steps_t:     0 | t: 2.829162 | r:  -514.000000 | e:   1.000000 | Q:        nan | won: False 
#  353 | steps:  3903 | steps_t:     0 | t: 2.843163 | r:  -518.000000 | e:   1.000000 | Q:        nan | won: False 
#  354 | steps:  3930 | steps_t:     0 | t: 2.858163 | r:  -515.000000 | e:   1.000000 | Q:        nan | won: False 
#  355 | steps:  3938 | steps_t:     0 | t: 2.863164 | r:  -507.000000 | e:   1.000000 | Q:        nan | won: False 
#  356 | steps:  3948 | steps_t:     0 | t: 2.869164 | r:  -509.000000 | e:   1.000000 | Q:        nan | won: False 
#  357 | steps:  3960 | steps_t:     0 | t: 2.876165 | r:  -511.000000 | e:   1.000000 | Q:        nan | won: False 
#  358 | steps:  3971 | steps_t:     0 | t: 2.882165 | r:  -510.000000 | e:   1.000000 | Q:        nan | won: False 
#  359 | steps:  3978 | steps_t:     0 | t: 2.886165 | r:  -506.000000 | e:   1.000000 | Q:        nan | won: False 
#  360 | steps:  3996 | steps_t:     0 | t: 2.896166 | r:  -517.000000 | e:   1.000000 | Q:        nan | won: False 
#  361 | steps:  4002 | steps_t:     0 | t: 2.900166 | r:  -505.000000 | e:   1.000000 | Q:        nan | won: False 
#  362 | steps:  4009 | steps_t:     0 | t: 2.903166 | r:  -506.000000 | e:   1.000000 | Q:        nan | won: False 
#  363 | steps:  4017 | steps_t:     0 | t: 2.907166 | r:  -507.000000 | e:   1.000000 | Q:        nan | won: False 
#  364 | steps:  4039 | steps_t:     0 | t: 2.920167 | r:  -521.000000 | e:   1.000000 | Q:        nan | won: False 
#  365 | steps:  4046 | steps_t:     0 | t: 2.925167 | r:  -506.000000 | e:   1.000000 | Q:        nan | won: False 
#  366 | steps:  4054 | steps_t:     0 | t: 2.930167 | r:  -507.000000 | e:   1.000000 | Q:        nan | won: False 
#  367 | steps:  4061 | steps_t:     0 | t: 2.934168 | r:  -506.000000 | e:   1.000000 | Q:        nan | won: False 
#  368 | steps:  4066 | steps_t:     0 | t: 2.937168 | r:  -504.000000 | e:   1.000000 | Q:        nan | won: False 
#  369 | steps:  4076 | steps_t:     0 | t: 2.942168 | r:  -509.000000 | e:   1.000000 | Q:        nan | won: False 
#  370 | steps:  4083 | steps_t:     0 | t: 2.947169 | r:  -506.000000 | e:   1.000000 | Q:        nan | won: False 
#  371 | steps:  4092 | steps_t:     0 | t: 2.951169 | r:  -508.000000 | e:   1.000000 | Q:        nan | won: False 
#  372 | steps:  4105 | steps_t:     0 | t: 2.960169 | r:  -512.000000 | e:   1.000000 | Q:        nan | won: False 
#  373 | steps:  4111 | steps_t:     0 | t: 2.964170 | r:  -505.000000 | e:   1.000000 | Q:        nan | won: False 
#  374 | steps:  4120 | steps_t:     0 | t: 2.969170 | r:  -508.000000 | e:   1.000000 | Q:        nan | won: False 
#  375 | steps:  4127 | steps_t:     0 | t: 2.973170 | r:  -506.000000 | e:   1.000000 | Q:        nan | won: False 
#  376 | steps:  4136 | steps_t:     0 | t: 2.978170 | r:  -508.000000 | e:   1.000000 | Q:        nan | won: False 
#  377 | steps:  4153 | steps_t:     0 | t: 2.988171 | r:  -516.000000 | e:   1.000000 | Q:        nan | won: False 
#  378 | steps:  4166 | steps_t:     0 | t: 2.995171 | r:  -512.000000 | e:   1.000000 | Q:        nan | won: False 
#  379 | steps:  4180 | steps_t:     0 | t: 3.002172 | r:  -513.000000 | e:   1.000000 | Q:        nan | won: False 
#  380 | steps:  4187 | steps_t:     0 | t: 3.006172 | r:  -506.000000 | e:   1.000000 | Q:        nan | won: False 
#  381 | steps:  4197 | steps_t:     0 | t: 3.012172 | r:  -509.000000 | e:   1.000000 | Q:        nan | won: False 
#  382 | steps:  4213 | steps_t:     0 | t: 3.021173 | r:  -515.000000 | e:   1.000000 | Q:        nan | won: False 
#  383 | steps:  4222 | steps_t:     0 | t: 3.028173 | r:  -508.000000 | e:   1.000000 | Q:        nan | won: False 
#  384 | steps:  4229 | steps_t:     0 | t: 3.033174 | r:  -506.000000 | e:   1.000000 | Q:        nan | won: False 
#  385 | steps:  4237 | steps_t:     0 | t: 3.037174 | r:  -507.000000 | e:   1.000000 | Q:        nan | won: False 
#  386 | steps:  4244 | steps_t:     0 | t: 3.040174 | r:  -506.000000 | e:   1.000000 | Q:        nan | won: False 
#  387 | steps:  4252 | steps_t:     0 | t: 3.047174 | r:  -507.000000 | e:   1.000000 | Q:        nan | won: False 
#  388 | steps:  4265 | steps_t:     0 | t: 3.053175 | r:  -501.000000 | e:   1.000000 | Q:        nan | won: False 
#  389 | steps:  4274 | steps_t:     0 | t: 3.058175 | r:  -508.000000 | e:   1.000000 | Q:        nan | won: False 
#  390 | steps:  4282 | steps_t:     0 | t: 3.063175 | r:  -507.000000 | e:   1.000000 | Q:        nan | won: False 
#  391 | steps:  4294 | steps_t:     0 | t: 3.070175 | r:  -511.000000 | e:   1.000000 | Q:        nan | won: False 
#  392 | steps:  4300 | steps_t:     0 | t: 3.074176 | r:  -505.000000 | e:   1.000000 | Q:        nan | won: False 
#  393 | steps:  4307 | steps_t:     0 | t: 3.082176 | r:  -506.000000 | e:   1.000000 | Q:        nan | won: False 
#  394 | steps:  4317 | steps_t:     0 | t: 3.088177 | r:  -509.000000 | e:   1.000000 | Q:        nan | won: False 
#  395 | steps:  4325 | steps_t:     0 | t: 3.093177 | r:  -507.000000 | e:   1.000000 | Q:        nan | won: False 
#  396 | steps:  4357 | steps_t:     0 | t: 3.109178 | r:  -520.000000 | e:   1.000000 | Q:        nan | won: False 
#  397 | steps:  4380 | steps_t:     0 | t: 3.123179 | r:  -511.000000 | e:   1.000000 | Q:        nan | won: False 
#  398 | steps:  4392 | steps_t:     0 | t: 3.133179 | r:  -511.000000 | e:   1.000000 | Q:        nan | won: False 
#  399 | steps:  4400 | steps_t:     0 | t: 3.138180 | r:  -507.000000 | e:   1.000000 | Q:        nan | won: False 
#  400 | steps:  4422 | steps_t:     0 | t: 3.150180 | r:  -521.000000 | e:   1.000000 | Q:        nan | won: False 
#  401 | steps:  4431 | steps_t:     0 | t: 3.155180 | r:  -508.000000 | e:   1.000000 | Q:        nan | won: False 
#  402 | steps:  4440 | steps_t:     0 | t: 3.159181 | r:  -508.000000 | e:   1.000000 | Q:        nan | won: False 
#  403 | steps:  4463 | steps_t:     0 | t: 3.173182 | r:  -522.000000 | e:   1.000000 | Q:        nan | won: False 
#  404 | steps:  4471 | steps_t:     0 | t: 3.179182 | r:  -507.000000 | e:   1.000000 | Q:        nan | won: False 
#  405 | steps:  4480 | steps_t:     0 | t: 3.183182 | r:  -508.000000 | e:   1.000000 | Q:        nan | won: False 
#  406 | steps:  4493 | steps_t:     0 | t: 3.190182 | r:  -512.000000 | e:   1.000000 | Q:        nan | won: False 
#  407 | steps:  4502 | steps_t:     0 | t: 3.194183 | r:  -508.000000 | e:   1.000000 | Q:        nan | won: False 
#  408 | steps:  4509 | steps_t:     0 | t: 3.198183 | r:  -506.000000 | e:   1.000000 | Q:        nan | won: False 
#  409 | steps:  4521 | steps_t:     0 | t: 3.205184 | r:  -511.000000 | e:   1.000000 | Q:        nan | won: False 
#  410 | steps:  4529 | steps_t:     0 | t: 3.210184 | r:  -507.000000 | e:   1.000000 | Q:        nan | won: False 
#  411 | steps:  4542 | steps_t:     0 | t: 3.217184 | r:  -512.000000 | e:   1.000000 | Q:        nan | won: False 
#  412 | steps:  4549 | steps_t:     0 | t: 3.221184 | r:  -506.000000 | e:   1.000000 | Q:        nan | won: False 
#  413 | steps:  4557 | steps_t:     0 | t: 3.225184 | r:  -507.000000 | e:   1.000000 | Q:        nan | won: False 
#  414 | steps:  4565 | steps_t:     0 | t: 3.230185 | r:  -507.000000 | e:   1.000000 | Q:        nan | won: False 
#  415 | steps:  4577 | steps_t:     0 | t: 3.236185 | r:  -511.000000 | e:   1.000000 | Q:        nan | won: False 
#  416 | steps:  4586 | steps_t:     0 | t: 3.242185 | r:  -508.000000 | e:   1.000000 | Q:        nan | won: False 
#  417 | steps:  4593 | steps_t:     0 | t: 3.246186 | r:  -506.000000 | e:   1.000000 | Q:        nan | won: False 
#  418 | steps:  4602 | steps_t:     0 | t: 3.252186 | r:  -508.000000 | e:   1.000000 | Q:        nan | won: False 
#  419 | steps:  4610 | steps_t:     0 | t: 3.256186 | r:  -507.000000 | e:   1.000000 | Q:        nan | won: False 
#  420 | steps:  4618 | steps_t:     0 | t: 3.262187 | r:  -507.000000 | e:   1.000000 | Q:        nan | won: False 
#  421 | steps:  4630 | steps_t:     0 | t: 3.271187 | r:  -511.000000 | e:   1.000000 | Q:        nan | won: False 
#  422 | steps:  4643 | steps_t:     0 | t: 3.280188 | r:  -512.000000 | e:   1.000000 | Q:        nan | won: False 
#  423 | steps:  4650 | steps_t:     0 | t: 3.284188 | r:  -506.000000 | e:   1.000000 | Q:        nan | won: False 
#  424 | steps:  4659 | steps_t:     0 | t: 3.289188 | r:  -508.000000 | e:   1.000000 | Q:        nan | won: False 
#  425 | steps:  4672 | steps_t:     0 | t: 3.299189 | r:  -512.000000 | e:   1.000000 | Q:        nan | won: False 
#  426 | steps:  4678 | steps_t:     0 | t: 3.303189 | r:  -505.000000 | e:   1.000000 | Q:        nan | won: False 
#  427 | steps:  4689 | steps_t:     0 | t: 3.308189 | r:  -510.000000 | e:   1.000000 | Q:        nan | won: False 
#  428 | steps:  4697 | steps_t:     0 | t: 3.315189 | r:  -507.000000 | e:   1.000000 | Q:        nan | won: False 
#  429 | steps:  4703 | steps_t:     0 | t: 3.319190 | r:  -505.000000 | e:   1.000000 | Q:        nan | won: False 
#  430 | steps:  4712 | steps_t:     0 | t: 3.325190 | r:  -508.000000 | e:   1.000000 | Q:        nan | won: False 
#  431 | steps:  4722 | steps_t:     0 | t: 3.334191 | r:  -509.000000 | e:   1.000000 | Q:        nan | won: False 
#  432 | steps:  4730 | steps_t:     0 | t: 3.339191 | r:  -507.000000 | e:   1.000000 | Q:        nan | won: False 
#  433 | steps:  4747 | steps_t:     0 | t: 3.351192 | r:  -505.000000 | e:   1.000000 | Q:        nan | won: False 
#  434 | steps:  4755 | steps_t:     0 | t: 3.355192 | r:  -507.000000 | e:   1.000000 | Q:        nan | won: False 
#  435 | steps:  4775 | steps_t:     0 | t: 3.369193 | r:  -519.000000 | e:   1.000000 | Q:        nan | won: False 
#  436 | steps:  4795 | steps_t:     0 | t: 3.383193 | r:  -519.000000 | e:   1.000000 | Q:        nan | won: False 
#  437 | steps:  4804 | steps_t:     0 | t: 3.389194 | r:  -508.000000 | e:   1.000000 | Q:        nan | won: False 
#  438 | steps:  4813 | steps_t:     0 | t: 3.397194 | r:  -508.000000 | e:   1.000000 | Q:        nan | won: False 
#  439 | steps:  4833 | steps_t:     0 | t: 3.409195 | r:  -519.000000 | e:   1.000000 | Q:        nan | won: False 
#  440 | steps:  4849 | steps_t:     0 | t: 3.420196 | r:  -515.000000 | e:   1.000000 | Q:        nan | won: False 
#  441 | steps:  4859 | steps_t:     0 | t: 3.431196 | r:  -509.000000 | e:   1.000000 | Q:        nan | won: False 
#  442 | steps:  4866 | steps_t:     0 | t: 3.435196 | r:  -506.000000 | e:   1.000000 | Q:        nan | won: False 
#  443 | steps:  4880 | steps_t:     0 | t: 3.448197 | r:  -491.000000 | e:   1.000000 | Q:        nan | won: False 
#  444 | steps:  4888 | steps_t:     0 | t: 3.453197 | r:  -507.000000 | e:   1.000000 | Q:        nan | won: False 
#  445 | steps:  4898 | steps_t:     0 | t: 3.459198 | r:  -509.000000 | e:   1.000000 | Q:        nan | won: False 
#  446 | steps:  4907 | steps_t:     0 | t: 3.467198 | r:  -508.000000 | e:   1.000000 | Q:        nan | won: False 
#  447 | steps:  4913 | steps_t:     0 | t: 3.471199 | r:  -505.000000 | e:   1.000000 | Q:        nan | won: False 
#  448 | steps:  4927 | steps_t:     0 | t: 3.481199 | r:  -513.000000 | e:   1.000000 | Q:        nan | won: False 
#  449 | steps:  4940 | steps_t:     0 | t: 3.492200 | r:  -512.000000 | e:   1.000000 | Q:        nan | won: False 
#  450 | steps:  4957 | steps_t:     0 | t: 3.504200 | r:  -516.000000 | e:   1.000000 | Q:        nan | won: False 
#  451 | steps:  4970 | steps_t:     0 | t: 3.512201 | r:  -512.000000 | e:   1.000000 | Q:        nan | won: False 
#  452 | steps:  4977 | steps_t:     0 | t: 3.516201 | r:  -506.000000 | e:   1.000000 | Q:        nan | won: False 
#  453 | steps:  4986 | steps_t:     0 | t: 3.521201 | r:  -508.000000 | e:   1.000000 | Q:        nan | won: False 
#  454 | steps:  4996 | steps_t:     0 | t: 3.527202 | r:  -509.000000 | e:   1.000000 | Q:        nan | won: False 
#  455 | steps:  5005 | steps_t:     3 | t: 3.682210 | r:  -508.000000 | e:   0.999700 | Q:        nan | won: False 
#  456 | steps:  5025 | steps_t:    22 | t: 3.905223 | r:  -519.000000 | e:   0.997800 | Q:        nan | won: False 
#  457 | steps:  5030 | steps_t:    26 | t: 3.945226 | r:  -504.000000 | e:   0.997400 | Q:        nan | won: False 
#  458 | steps:  5038 | steps_t:    33 | t: 4.012230 | r:  -507.000000 | e:   0.996700 | Q:        nan | won: False 
#  459 | steps:  5044 | steps_t:    38 | t: 4.064232 | r:  -505.000000 | e:   0.996200 | Q:        nan | won: False 
#  460 | steps:  5051 | steps_t:    44 | t: 4.130236 | r:  -506.000000 | e:   0.995600 | Q:        nan | won: False 
#  461 | steps:  5057 | steps_t:    49 | t: 4.189240 | r:  -505.000000 | e:   0.995100 | Q:        nan | won: False 
#  462 | steps:  5064 | steps_t:    55 | t: 4.264244 | r:  -506.000000 | e:   0.994500 | Q:        nan | won: False 
#  463 | steps:  5079 | steps_t:    69 | t: 4.418253 | r:  -503.000000 | e:   0.993100 | Q:        nan | won: False 
#  464 | steps:  5088 | steps_t:    77 | t: 4.499257 | r:  -508.000000 | e:   0.992300 | Q:        nan | won: False 
#  465 | steps:  5097 | steps_t:    85 | t: 4.580262 | r:  -508.000000 | e:   0.991500 | Q:        nan | won: False 
#  466 | steps:  5107 | steps_t:    94 | t: 4.670267 | r:  -509.000000 | e:   0.990600 | Q:        nan | won: False 
#  467 | steps:  5120 | steps_t:   106 | t: 4.786274 | r:  -512.000000 | e:   0.989400 | Q:        nan | won: False 
#  468 | steps:  5129 | steps_t:   114 | t: 4.867278 | r:  -508.000000 | e:   0.988600 | Q:        nan | won: False 
#  469 | steps:  5142 | steps_t:   126 | t: 4.985285 | r:  -512.000000 | e:   0.987400 | Q:        nan | won: False 
#  470 | steps:  5157 | steps_t:   140 | t: 5.123293 | r:  -503.000000 | e:   0.986000 | Q: -269.154816 | won: False 
#  471 | steps:  5167 | steps_t:   149 | t: 5.212298 | r:  -509.000000 | e:   0.985100 | Q:        nan | won: False 
#  472 | steps:  5178 | steps_t:   159 | t: 5.306304 | r:  -510.000000 | e:   0.984100 | Q:        nan | won: False 
#  473 | steps:  5188 | steps_t:   168 | t: 5.395308 | r:  -509.000000 | e:   0.983200 | Q:        nan | won: False 
#  474 | steps:  5205 | steps_t:   184 | t: 5.557318 | r:  -516.000000 | e:   0.981600 | Q:        nan | won: False 
#  475 | steps:  5217 | steps_t:   195 | t: 5.673325 | r:  -511.000000 | e:   0.980500 | Q:        nan | won: False 
#  476 | steps:  5223 | steps_t:   200 | t: 5.725327 | r:  -505.000000 | e:   0.980000 | Q:        nan | won: False 
#  477 | steps:  5237 | steps_t:   213 | t: 5.854335 | r:  -513.000000 | e:   0.978700 | Q: -325.843811 | won: False 
#  478 | steps:  5252 | steps_t:   227 | t: 5.996343 | r:  -514.000000 | e:   0.977300 | Q: -314.946899 | won: False 
#  479 | steps:  5263 | steps_t:   237 | t: 6.128350 | r:  -510.000000 | e:   0.976300 | Q: -301.107880 | won: False 
#  480 | steps:  5271 | steps_t:   244 | t: 6.213356 | r:  -507.000000 | e:   0.975600 | Q:        nan | won: False 
#  481 | steps:  5284 | steps_t:   256 | t: 6.348363 | r:  -512.000000 | e:   0.974400 | Q:        nan | won: False 
#  482 | steps:  5298 | steps_t:   269 | t: 6.501372 | r:  -513.000000 | e:   0.973100 | Q: -315.099548 | won: False 
#  483 | steps:  5309 | steps_t:   279 | t: 6.680382 | r:  -510.000000 | e:   0.972100 | Q:        nan | won: False 
#  484 | steps:  5319 | steps_t:   288 | t: 6.815390 | r:  -509.000000 | e:   0.971200 | Q:        nan | won: False 
#  485 | steps:  5329 | steps_t:   297 | t: 6.906395 | r:  -509.000000 | e:   0.970300 | Q:        nan | won: False 
#  486 | steps:  5340 | steps_t:   307 | t: 7.005401 | r:  -510.000000 | e:   0.969300 | Q:        nan | won: False 
#  487 | steps:  5347 | steps_t:   313 | t: 7.066404 | r:  -506.000000 | e:   0.968700 | Q:        nan | won: False 
#  488 | steps:  5355 | steps_t:   320 | t: 7.145409 | r:  -507.000000 | e:   0.968000 | Q:        nan | won: False 
#  489 | steps:  5363 | steps_t:   327 | t: 7.215413 | r:  -507.000000 | e:   0.967300 | Q:        nan | won: False 
#  490 | steps:  5377 | steps_t:   340 | t: 7.347420 | r:  -513.000000 | e:   0.966000 | Q: -301.352112 | won: False 
#  491 | steps:  5386 | steps_t:   348 | t: 7.429425 | r:  -508.000000 | e:   0.965200 | Q:        nan | won: False 
#  492 | steps:  5395 | steps_t:   356 | t: 7.513430 | r:  -508.000000 | e:   0.964400 | Q:        nan | won: False 
#  493 | steps:  5402 | steps_t:   362 | t: 7.575433 | r:  -506.000000 | e:   0.963800 | Q:        nan | won: False 
#  494 | steps:  5411 | steps_t:   370 | t: 7.653438 | r:  -508.000000 | e:   0.963000 | Q:        nan | won: False 
#  495 | steps:  5431 | steps_t:   389 | t: 7.851449 | r:  -519.000000 | e:   0.961100 | Q: -330.067688 | won: False 
#  496 | steps:  5441 | steps_t:   398 | t: 7.943455 | r:  -509.000000 | e:   0.960200 | Q: -347.149719 | won: False 
#  497 | steps:  5449 | steps_t:   405 | t: 8.019459 | r:  -507.000000 | e:   0.959500 | Q:        nan | won: False 
#  498 | steps:  5458 | steps_t:   413 | t: 8.115464 | r:  -508.000000 | e:   0.958700 | Q:        nan | won: False 
#  499 | steps:  5465 | steps_t:   419 | t: 8.175467 | r:  -506.000000 | e:   0.958100 | Q:        nan | won: False 
#  500 | steps:  5475 | steps_t:   428 | t: 8.268473 | r:  -509.000000 | e:   0.957200 | Q: -311.017731 | won: False 
#  501 | steps:  5484 | steps_t:   436 | t: 8.350477 | r:  -508.000000 | e:   0.956400 | Q: -304.727661 | won: False 
#  502 | steps:  5491 | steps_t:   442 | t: 8.410481 | r:  -506.000000 | e:   0.955800 | Q:        nan | won: False 
#  503 | steps:  5501 | steps_t:   451 | t: 8.501486 | r:  -509.000000 | e:   0.954900 | Q:        nan | won: False 
#  504 | steps:  5511 | steps_t:   460 | t: 8.595492 | r:  -509.000000 | e:   0.954000 | Q: -305.286011 | won: False 
#  505 | steps:  5525 | steps_t:   473 | t: 8.731499 | r:  -513.000000 | e:   0.952700 | Q: -308.412933 | won: False 
#  506 | steps:  5535 | steps_t:   482 | t: 8.826505 | r:  -509.000000 | e:   0.951800 | Q: -327.269958 | won: False 
#  507 | steps:  5549 | steps_t:   495 | t: 8.955512 | r:  -513.000000 | e:   0.950500 | Q:        nan | won: False 
#  508 | steps:  5557 | steps_t:   502 | t: 9.025516 | r:  -507.000000 | e:   0.949800 | Q:        nan | won: False 
#  509 | steps:  5571 | steps_t:   515 | t: 9.160524 | r:  -513.000000 | e:   0.948500 | Q: -316.471100 | won: False 
#  510 | steps:  5578 | steps_t:   521 | t: 9.218527 | r:  -506.000000 | e:   0.947900 | Q:        nan | won: False 
#  511 | steps:  5595 | steps_t:   537 | t: 9.371536 | r:  -516.000000 | e:   0.946300 | Q:        nan | won: False 
#  512 | steps:  5602 | steps_t:   543 | t: 9.429539 | r:  -506.000000 | e:   0.945700 | Q:        nan | won: False 
#  513 | steps:  5609 | steps_t:   549 | t: 9.489543 | r:  -506.000000 | e:   0.945100 | Q:        nan | won: False 
#  514 | steps:  5616 | steps_t:   555 | t: 9.551546 | r:  -506.000000 | e:   0.944500 | Q:        nan | won: False 
#  515 | steps:  5630 | steps_t:   568 | t: 9.682554 | r:  -513.000000 | e:   0.943200 | Q:        nan | won: False 
#  516 | steps:  5638 | steps_t:   575 | t: 9.755558 | r:  -507.000000 | e:   0.942500 | Q:        nan | won: False 
#  517 | steps:  5647 | steps_t:   583 | t: 9.836563 | r:  -508.000000 | e:   0.941700 | Q:        nan | won: False 
#  518 | steps:  5654 | steps_t:   589 | t: 9.897566 | r:  -506.000000 | e:   0.941100 | Q: -273.942719 | won: False 
#  519 | steps:  5668 | steps_t:   602 | t: 10.025573 | r:  -513.000000 | e:   0.939800 | Q:        nan | won: False 
#  520 | steps:  5675 | steps_t:   608 | t: 10.089577 | r:  -506.000000 | e:   0.939200 | Q:        nan | won: False 
#  521 | steps:  5683 | steps_t:   615 | t: 10.164581 | r:  -507.000000 | e:   0.938500 | Q:        nan | won: False 
#  522 | steps:  5690 | steps_t:   621 | t: 10.224585 | r:  -506.000000 | e:   0.937900 | Q:        nan | won: False 
#  523 | steps:  5704 | steps_t:   634 | t: 10.353592 | r:  -513.000000 | e:   0.936600 | Q:        nan | won: False 
#  524 | steps:  5712 | steps_t:   641 | t: 10.423596 | r:  -507.000000 | e:   0.935900 | Q:        nan | won: False 
#  525 | steps:  5724 | steps_t:   652 | t: 10.536602 | r:  -511.000000 | e:   0.934800 | Q:        nan | won: False 
#  526 | steps:  5732 | steps_t:   659 | t: 10.611607 | r:  -507.000000 | e:   0.934100 | Q:        nan | won: False 
#  527 | steps:  5740 | steps_t:   666 | t: 10.684611 | r:  -507.000000 | e:   0.933400 | Q:        nan | won: False 
#  528 | steps:  5750 | steps_t:   675 | t: 10.780617 | r:  -509.000000 | e:   0.932500 | Q: -306.499146 | won: False 
#  529 | steps:  5760 | steps_t:   684 | t: 10.879622 | r:  -509.000000 | e:   0.931600 | Q:        nan | won: False 
#  530 | steps:  5773 | steps_t:   696 | t: 11.003629 | r:  -512.000000 | e:   0.930400 | Q: -302.233429 | won: False 
#  531 | steps:  5781 | steps_t:   703 | t: 11.075633 | r:  -507.000000 | e:   0.929700 | Q:        nan | won: False 
#  532 | steps:  5789 | steps_t:   710 | t: 11.148638 | r:  -507.000000 | e:   0.929000 | Q:        nan | won: False 
#  533 | steps:  5798 | steps_t:   718 | t: 11.233643 | r:  -508.000000 | e:   0.928200 | Q:        nan | won: False 
#  534 | steps:  5808 | steps_t:   727 | t: 11.325648 | r:  -509.000000 | e:   0.927300 | Q: -292.655426 | won: False 
#  535 | steps:  5853 | steps_t:   771 | t: 11.769673 | r:    67.000000 | e:   0.922900 | Q: -293.796539 | won: True 
#  536 | steps:  5871 | steps_t:   788 | t: 11.957684 | r:  -517.000000 | e:   0.921200 | Q:        nan | won: False 
#  537 | steps:  5881 | steps_t:   797 | t: 12.073691 | r:  -509.000000 | e:   0.920300 | Q: -297.736481 | won: False 
