#    1 | steps:    20 | steps_t:     0 | t: 0.354020 | r:  -519.000000 | e:   1.000000 | Q:        nan | won: False 
#    2 | steps:    29 | steps_t:     0 | t: 0.507029 | r:  -508.000000 | e:   1.000000 | Q:        nan | won: False 
#    3 | steps:    39 | steps_t:     0 | t: 0.514029 | r:  -509.000000 | e:   1.000000 | Q:        nan | won: False 
#    4 | steps:    51 | steps_t:     0 | t: 0.576033 | r:  -511.000000 | e:   1.000000 | Q:        nan | won: False 
#    5 | steps:    74 | steps_t:     0 | t: 0.593034 | r:  -522.000000 | e:   1.000000 | Q:        nan | won: False 
#    6 | steps:    86 | steps_t:     0 | t: 0.599034 | r:  -511.000000 | e:   1.000000 | Q:        nan | won: False 
#    7 | steps:    97 | steps_t:     0 | t: 0.605034 | r:  -510.000000 | e:   1.000000 | Q:        nan | won: False 
#    8 | steps:   105 | steps_t:     0 | t: 0.609035 | r:  -507.000000 | e:   1.000000 | Q:        nan | won: False 
#    9 | steps:   113 | steps_t:     0 | t: 0.613035 | r:  -507.000000 | e:   1.000000 | Q:        nan | won: False 
#   10 | steps:   128 | steps_t:     0 | t: 0.622036 | r:  -514.000000 | e:   1.000000 | Q:        nan | won: False 
#   11 | steps:   136 | steps_t:     0 | t: 0.626036 | r:  -507.000000 | e:   1.000000 | Q:        nan | won: False 
#   12 | steps:   144 | steps_t:     0 | t: 0.630036 | r:  -507.000000 | e:   1.000000 | Q:        nan | won: False 
#   13 | steps:   167 | steps_t:     0 | t: 0.642037 | r:  -522.000000 | e:   1.000000 | Q:        nan | won: False 
#   14 | steps:   179 | steps_t:     0 | t: 0.649037 | r:  -511.000000 | e:   1.000000 | Q:        nan | won: False 
#   15 | steps:   193 | steps_t:     0 | t: 0.659038 | r:  -513.000000 | e:   1.000000 | Q:        nan | won: False 
#   16 | steps:   201 | steps_t:     0 | t: 0.663038 | r:  -507.000000 | e:   1.000000 | Q:        nan | won: False 
#   17 | steps:   211 | steps_t:     0 | t: 0.670038 | r:  -509.000000 | e:   1.000000 | Q:        nan | won: False 
#   18 | steps:   220 | steps_t:     0 | t: 0.674038 | r:  -508.000000 | e:   1.000000 | Q:        nan | won: False 
#   19 | steps:   237 | steps_t:     0 | t: 0.683039 | r:  -516.000000 | e:   1.000000 | Q:        nan | won: False 
#   20 | steps:   249 | steps_t:     0 | t: 0.689039 | r:  -511.000000 | e:   1.000000 | Q:        nan | won: False 
#   21 | steps:   259 | steps_t:     0 | t: 0.694040 | r:  -509.000000 | e:   1.000000 | Q:        nan | won: False 
#   22 | steps:   266 | steps_t:     0 | t: 0.697040 | r:  -506.000000 | e:   1.000000 | Q:        nan | won: False 
#   23 | steps:   275 | steps_t:     0 | t: 0.702040 | r:  -508.000000 | e:   1.000000 | Q:        nan | won: False 
#   24 | steps:   286 | steps_t:     0 | t: 0.708040 | r:  -510.000000 | e:   1.000000 | Q:        nan | won: False 
#   25 | steps:   294 | steps_t:     0 | t: 0.711041 | r:  -507.000000 | e:   1.000000 | Q:        nan | won: False 
#   26 | steps:   300 | steps_t:     0 | t: 0.714041 | r:  -505.000000 | e:   1.000000 | Q:        nan | won: False 
#   27 | steps:   308 | steps_t:     0 | t: 0.718041 | r:  -507.000000 | e:   1.000000 | Q:        nan | won: False 
#   28 | steps:   316 | steps_t:     0 | t: 0.723041 | r:  -507.000000 | e:   1.000000 | Q:        nan | won: False 
#   29 | steps:   324 | steps_t:     0 | t: 0.726042 | r:  -507.000000 | e:   1.000000 | Q:        nan | won: False 
#   30 | steps:   340 | steps_t:     0 | t: 0.734042 | r:  -515.000000 | e:   1.000000 | Q:        nan | won: False 
#   31 | steps:   348 | steps_t:     0 | t: 0.738042 | r:  -507.000000 | e:   1.000000 | Q:        nan | won: False 
#   32 | steps:   357 | steps_t:     0 | t: 0.742042 | r:  -508.000000 | e:   1.000000 | Q:        nan | won: False 
#   33 | steps:   377 | steps_t:     0 | t: 0.753043 | r:  -519.000000 | e:   1.000000 | Q:        nan | won: False 
#   34 | steps:   394 | steps_t:     0 | t: 0.761043 | r:  -516.000000 | e:   1.000000 | Q:        nan | won: False 
#   35 | steps:   412 | steps_t:     0 | t: 0.771044 | r:  -517.000000 | e:   1.000000 | Q:        nan | won: False 
#   36 | steps:   417 | steps_t:     0 | t: 0.774044 | r:  -504.000000 | e:   1.000000 | Q:        nan | won: False 
#   37 | steps:   425 | steps_t:     0 | t: 0.785045 | r:  -507.000000 | e:   1.000000 | Q:        nan | won: False 
#   38 | steps:   431 | steps_t:     0 | t: 0.791045 | r:  -505.000000 | e:   1.000000 | Q:        nan | won: False 
#   39 | steps:   441 | steps_t:     0 | t: 0.797045 | r:  -509.000000 | e:   1.000000 | Q:        nan | won: False 
#   40 | steps:   447 | steps_t:     0 | t: 0.802046 | r:  -505.000000 | e:   1.000000 | Q:        nan | won: False 
#   41 | steps:   454 | steps_t:     0 | t: 0.805046 | r:  -506.000000 | e:   1.000000 | Q:        nan | won: False 
#   42 | steps:   466 | steps_t:     0 | t: 0.815047 | r:  -511.000000 | e:   1.000000 | Q:        nan | won: False 
#   43 | steps:   478 | steps_t:     0 | t: 0.824047 | r:  -511.000000 | e:   1.000000 | Q:        nan | won: False 
#   44 | steps:   496 | steps_t:     0 | t: 0.836048 | r:  -517.000000 | e:   1.000000 | Q:        nan | won: False 
#   45 | steps:   503 | steps_t:     0 | t: 0.841048 | r:  -506.000000 | e:   1.000000 | Q:        nan | won: False 
#   46 | steps:   509 | steps_t:     0 | t: 0.844048 | r:  -505.000000 | e:   1.000000 | Q:        nan | won: False 
#   47 | steps:   520 | steps_t:     0 | t: 0.850049 | r:  -510.000000 | e:   1.000000 | Q:        nan | won: False 
#   48 | steps:   539 | steps_t:     0 | t: 0.859049 | r:  -507.000000 | e:   1.000000 | Q:        nan | won: False 
#   49 | steps:   547 | steps_t:     0 | t: 0.864049 | r:  -507.000000 | e:   1.000000 | Q:        nan | won: False 
#   50 | steps:   560 | steps_t:     0 | t: 0.872050 | r:  -512.000000 | e:   1.000000 | Q:        nan | won: False 
#   51 | steps:   568 | steps_t:     0 | t: 0.876050 | r:  -507.000000 | e:   1.000000 | Q:        nan | won: False 
#   52 | steps:   583 | steps_t:     0 | t: 0.890051 | r:  -514.000000 | e:   1.000000 | Q:        nan | won: False 
#   53 | steps:   597 | steps_t:     0 | t: 0.902051 | r:  -513.000000 | e:   1.000000 | Q:        nan | won: False 
#   54 | steps:   612 | steps_t:     0 | t: 0.911052 | r:  -503.000000 | e:   1.000000 | Q:        nan | won: False 
#   55 | steps:   633 | steps_t:     0 | t: 0.921053 | r:  -520.000000 | e:   1.000000 | Q:        nan | won: False 
#   56 | steps:   643 | steps_t:     0 | t: 0.925053 | r:  -509.000000 | e:   1.000000 | Q:        nan | won: False 
#   57 | steps:   656 | steps_t:     0 | t: 0.931053 | r:  -512.000000 | e:   1.000000 | Q:        nan | won: False 
#   58 | steps:   685 | steps_t:     0 | t: 0.944054 | r:  -528.000000 | e:   1.000000 | Q:        nan | won: False 
#   59 | steps:   693 | steps_t:     0 | t: 0.948054 | r:  -507.000000 | e:   1.000000 | Q:        nan | won: False 
#   60 | steps:   704 | steps_t:     0 | t: 0.953054 | r:  -510.000000 | e:   1.000000 | Q:        nan | won: False 
#   61 | steps:   713 | steps_t:     0 | t: 0.958055 | r:  -508.000000 | e:   1.000000 | Q:        nan | won: False 
#   62 | steps:   727 | steps_t:     0 | t: 0.966055 | r:  -502.000000 | e:   1.000000 | Q:        nan | won: False 
#   63 | steps:   747 | steps_t:     0 | t: 0.976056 | r:  -519.000000 | e:   1.000000 | Q:        nan | won: False 
#   64 | steps:   752 | steps_t:     0 | t: 0.979056 | r:  -504.000000 | e:   1.000000 | Q:        nan | won: False 
#   65 | steps:   760 | steps_t:     0 | t: 0.983056 | r:  -507.000000 | e:   1.000000 | Q:        nan | won: False 
#   66 | steps:   769 | steps_t:     0 | t: 0.990057 | r:  -508.000000 | e:   1.000000 | Q:        nan | won: False 
#   67 | steps:   780 | steps_t:     0 | t: 0.997057 | r:  -510.000000 | e:   1.000000 | Q:        nan | won: False 
#   68 | steps:   788 | steps_t:     0 | t: 1.004057 | r:  -507.000000 | e:   1.000000 | Q:        nan | won: False 
#   69 | steps:   796 | steps_t:     0 | t: 1.012058 | r:  -507.000000 | e:   1.000000 | Q:        nan | won: False 
#   70 | steps:   804 | steps_t:     0 | t: 1.018058 | r:  -507.000000 | e:   1.000000 | Q:        nan | won: False 
#   71 | steps:   818 | steps_t:     0 | t: 1.026059 | r:  -502.000000 | e:   1.000000 | Q:        nan | won: False 
#   72 | steps:   832 | steps_t:     0 | t: 1.034059 | r:  -513.000000 | e:   1.000000 | Q:        nan | won: False 
#   73 | steps:   847 | steps_t:     0 | t: 1.045060 | r:  -514.000000 | e:   1.000000 | Q:        nan | won: False 
#   74 | steps:   856 | steps_t:     0 | t: 1.050060 | r:  -508.000000 | e:   1.000000 | Q:        nan | won: False 
#   75 | steps:   867 | steps_t:     0 | t: 1.057060 | r:  -510.000000 | e:   1.000000 | Q:        nan | won: False 
#   76 | steps:   873 | steps_t:     0 | t: 1.064061 | r:  -505.000000 | e:   1.000000 | Q:        nan | won: False 
#   77 | steps:   895 | steps_t:     0 | t: 1.080062 | r:  -510.000000 | e:   1.000000 | Q:        nan | won: False 
#   78 | steps:   903 | steps_t:     0 | t: 1.086062 | r:  -507.000000 | e:   1.000000 | Q:        nan | won: False 
#   79 | steps:   922 | steps_t:     0 | t: 1.095062 | r:  -518.000000 | e:   1.000000 | Q:        nan | won: False 
#   80 | steps:   946 | steps_t:     0 | t: 1.106063 | r:  -523.000000 | e:   1.000000 | Q:        nan | won: False 
#   81 | steps:   953 | steps_t:     0 | t: 1.110063 | r:  -506.000000 | e:   1.000000 | Q:        nan | won: False 
#   82 | steps:   963 | steps_t:     0 | t: 1.114064 | r:  -509.000000 | e:   1.000000 | Q:        nan | won: False 
#   83 | steps:   978 | steps_t:     0 | t: 1.122064 | r:  -503.000000 | e:   1.000000 | Q:        nan | won: False 
#   84 | steps:   985 | steps_t:     0 | t: 1.126064 | r:  -506.000000 | e:   1.000000 | Q:        nan | won: False 
#   85 | steps:   991 | steps_t:     0 | t: 1.129065 | r:  -505.000000 | e:   1.000000 | Q:        nan | won: False 
#   86 | steps:   998 | steps_t:     0 | t: 1.132065 | r:  -506.000000 | e:   1.000000 | Q:        nan | won: False 
#   87 | steps:  1014 | steps_t:     0 | t: 1.140065 | r:  -515.000000 | e:   1.000000 | Q:        nan | won: False 
#   88 | steps:  1023 | steps_t:     0 | t: 1.144065 | r:  -508.000000 | e:   1.000000 | Q:        nan | won: False 
#   89 | steps:  1030 | steps_t:     0 | t: 1.148066 | r:  -506.000000 | e:   1.000000 | Q:        nan | won: False 
#   90 | steps:  1036 | steps_t:     0 | t: 1.153066 | r:  -505.000000 | e:   1.000000 | Q:        nan | won: False 
#   91 | steps:  1045 | steps_t:     0 | t: 1.162066 | r:  -508.000000 | e:   1.000000 | Q:        nan | won: False 
#   92 | steps:  1058 | steps_t:     0 | t: 1.170067 | r:  -512.000000 | e:   1.000000 | Q:        nan | won: False 
#   93 | steps:  1066 | steps_t:     0 | t: 1.174067 | r:  -507.000000 | e:   1.000000 | Q:        nan | won: False 
#   94 | steps:  1076 | steps_t:     0 | t: 1.179067 | r:  -509.000000 | e:   1.000000 | Q:        nan | won: False 
#   95 | steps:  1086 | steps_t:     0 | t: 1.189068 | r:  -509.000000 | e:   1.000000 | Q:        nan | won: False 
#   96 | steps:  1093 | steps_t:     0 | t: 1.195068 | r:  -506.000000 | e:   1.000000 | Q:        nan | won: False 
#   97 | steps:  1106 | steps_t:     0 | t: 1.202069 | r:  -512.000000 | e:   1.000000 | Q:        nan | won: False 
#   98 | steps:  1113 | steps_t:     0 | t: 1.206069 | r:  -506.000000 | e:   1.000000 | Q:        nan | won: False 
#   99 | steps:  1121 | steps_t:     0 | t: 1.210069 | r:  -507.000000 | e:   1.000000 | Q:        nan | won: False 
#  100 | steps:  1141 | steps_t:     0 | t: 1.221070 | r:  -508.000000 | e:   1.000000 | Q:        nan | won: False 
#  101 | steps:  1152 | steps_t:     0 | t: 1.227070 | r:  -510.000000 | e:   1.000000 | Q:        nan | won: False 
#  102 | steps:  1159 | steps_t:     0 | t: 1.231071 | r:  -506.000000 | e:   1.000000 | Q:        nan | won: False 
#  103 | steps:  1165 | steps_t:     0 | t: 1.236071 | r:  -505.000000 | e:   1.000000 | Q:        nan | won: False 
#  104 | steps:  1173 | steps_t:     0 | t: 1.240071 | r:  -507.000000 | e:   1.000000 | Q:        nan | won: False 
#  105 | steps:  1182 | steps_t:     0 | t: 1.244071 | r:  -508.000000 | e:   1.000000 | Q:        nan | won: False 
#  106 | steps:  1189 | steps_t:     0 | t: 1.248071 | r:  -506.000000 | e:   1.000000 | Q:        nan | won: False 
#  107 | steps:  1196 | steps_t:     0 | t: 1.252072 | r:  -506.000000 | e:   1.000000 | Q:        nan | won: False 
#  108 | steps:  1205 | steps_t:     0 | t: 1.257072 | r:  -508.000000 | e:   1.000000 | Q:        nan | won: False 
#  109 | steps:  1213 | steps_t:     0 | t: 1.262072 | r:  -507.000000 | e:   1.000000 | Q:        nan | won: False 
#  110 | steps:  1222 | steps_t:     0 | t: 1.267072 | r:  -508.000000 | e:   1.000000 | Q:        nan | won: False 
#  111 | steps:  1233 | steps_t:     0 | t: 1.274073 | r:  -510.000000 | e:   1.000000 | Q:        nan | won: False 
#  112 | steps:  1258 | steps_t:     0 | t: 1.287073 | r:  -524.000000 | e:   1.000000 | Q:        nan | won: False 
#  113 | steps:  1272 | steps_t:     0 | t: 1.294074 | r:  -513.000000 | e:   1.000000 | Q:        nan | won: False 
#  114 | steps:  1279 | steps_t:     0 | t: 1.298074 | r:  -506.000000 | e:   1.000000 | Q:        nan | won: False 
#  115 | steps:  1289 | steps_t:     0 | t: 1.304075 | r:  -509.000000 | e:   1.000000 | Q:        nan | won: False 
#  116 | steps:  1299 | steps_t:     0 | t: 1.309075 | r:  -509.000000 | e:   1.000000 | Q:        nan | won: False 
#  117 | steps:  1319 | steps_t:     0 | t: 1.318075 | r:  -519.000000 | e:   1.000000 | Q:        nan | won: False 
#  118 | steps:  1326 | steps_t:     0 | t: 1.322076 | r:  -506.000000 | e:   1.000000 | Q:        nan | won: False 
#  119 | steps:  1334 | steps_t:     0 | t: 1.325076 | r:  -507.000000 | e:   1.000000 | Q:        nan | won: False 
#  120 | steps:  1342 | steps_t:     0 | t: 1.330076 | r:  -507.000000 | e:   1.000000 | Q:        nan | won: False 
#  121 | steps:  1353 | steps_t:     0 | t: 1.335076 | r:  -510.000000 | e:   1.000000 | Q:        nan | won: False 
#  122 | steps:  1360 | steps_t:     0 | t: 1.339077 | r:  -506.000000 | e:   1.000000 | Q:        nan | won: False 
#  123 | steps:  1370 | steps_t:     0 | t: 1.343077 | r:  -509.000000 | e:   1.000000 | Q:        nan | won: False 
#  124 | steps:  1378 | steps_t:     0 | t: 1.347077 | r:  -507.000000 | e:   1.000000 | Q:        nan | won: False 
#  125 | steps:  1391 | steps_t:     0 | t: 1.354077 | r:  -512.000000 | e:   1.000000 | Q:        nan | won: False 
#  126 | steps:  1398 | steps_t:     0 | t: 1.357077 | r:  -506.000000 | e:   1.000000 | Q:        nan | won: False 
#  127 | steps:  1406 | steps_t:     0 | t: 1.361078 | r:  -507.000000 | e:   1.000000 | Q:        nan | won: False 
#  128 | steps:  1414 | steps_t:     0 | t: 1.364078 | r:  -507.000000 | e:   1.000000 | Q:        nan | won: False 
#  129 | steps:  1422 | steps_t:     0 | t: 1.369078 | r:  -507.000000 | e:   1.000000 | Q:        nan | won: False 
#  130 | steps:  1430 | steps_t:     0 | t: 1.373079 | r:  -507.000000 | e:   1.000000 | Q:        nan | won: False 
#  131 | steps:  1438 | steps_t:     0 | t: 1.376079 | r:  -507.000000 | e:   1.000000 | Q:        nan | won: False 
#  132 | steps:  1447 | steps_t:     0 | t: 1.381079 | r:  -508.000000 | e:   1.000000 | Q:        nan | won: False 
#  133 | steps:  1463 | steps_t:     0 | t: 1.389080 | r:  -515.000000 | e:   1.000000 | Q:        nan | won: False 
#  134 | steps:  1472 | steps_t:     0 | t: 1.393080 | r:  -508.000000 | e:   1.000000 | Q:        nan | won: False 
#  135 | steps:  1482 | steps_t:     0 | t: 1.400080 | r:  -509.000000 | e:   1.000000 | Q:        nan | won: False 
#  136 | steps:  1494 | steps_t:     0 | t: 1.407080 | r:  -511.000000 | e:   1.000000 | Q:        nan | won: False 
#  137 | steps:  1503 | steps_t:     0 | t: 1.411081 | r:  -508.000000 | e:   1.000000 | Q:        nan | won: False 
#  138 | steps:  1517 | steps_t:     0 | t: 1.419081 | r:  -513.000000 | e:   1.000000 | Q:        nan | won: False 
#  139 | steps:  1531 | steps_t:     0 | t: 1.427081 | r:  -513.000000 | e:   1.000000 | Q:        nan | won: False 
#  140 | steps:  1556 | steps_t:     0 | t: 1.442082 | r:  -524.000000 | e:   1.000000 | Q:        nan | won: False 
#  141 | steps:  1564 | steps_t:     0 | t: 1.446083 | r:  -507.000000 | e:   1.000000 | Q:        nan | won: False 
#  142 | steps:  1571 | steps_t:     0 | t: 1.449083 | r:  -506.000000 | e:   1.000000 | Q:        nan | won: False 
#  143 | steps:  1584 | steps_t:     0 | t: 1.456083 | r:  -512.000000 | e:   1.000000 | Q:        nan | won: False 
#  144 | steps:  1599 | steps_t:     0 | t: 1.463084 | r:  -514.000000 | e:   1.000000 | Q:        nan | won: False 
#  145 | steps:  1622 | steps_t:     0 | t: 1.475084 | r:  -522.000000 | e:   1.000000 | Q:        nan | won: False 
#  146 | steps:  1630 | steps_t:     0 | t: 1.479084 | r:  -507.000000 | e:   1.000000 | Q:        nan | won: False 
#  147 | steps:  1637 | steps_t:     0 | t: 1.483085 | r:  -506.000000 | e:   1.000000 | Q:        nan | won: False 
#  148 | steps:  1643 | steps_t:     0 | t: 1.486085 | r:  -505.000000 | e:   1.000000 | Q:        nan | won: False 
#  149 | steps:  1650 | steps_t:     0 | t: 1.489085 | r:  -506.000000 | e:   1.000000 | Q:        nan | won: False 
#  150 | steps:  1658 | steps_t:     0 | t: 1.493085 | r:  -507.000000 | e:   1.000000 | Q:        nan | won: False 
#  151 | steps:  1672 | steps_t:     0 | t: 1.501086 | r:  -513.000000 | e:   1.000000 | Q:        nan | won: False 
#  152 | steps:  1678 | steps_t:     0 | t: 1.504086 | r:  -505.000000 | e:   1.000000 | Q:        nan | won: False 
#  153 | steps:  1686 | steps_t:     0 | t: 1.508086 | r:  -507.000000 | e:   1.000000 | Q:        nan | won: False 
#  154 | steps:  1695 | steps_t:     0 | t: 1.512086 | r:  -508.000000 | e:   1.000000 | Q:        nan | won: False 
#  155 | steps:  1706 | steps_t:     0 | t: 1.518087 | r:  -510.000000 | e:   1.000000 | Q:        nan | won: False 
#  156 | steps:  1713 | steps_t:     0 | t: 1.521087 | r:  -506.000000 | e:   1.000000 | Q:        nan | won: False 
#  157 | steps:  1728 | steps_t:     0 | t: 1.528087 | r:  -503.000000 | e:   1.000000 | Q:        nan | won: False 
#  158 | steps:  1737 | steps_t:     0 | t: 1.534088 | r:  -508.000000 | e:   1.000000 | Q:        nan | won: False 
#  159 | steps:  1745 | steps_t:     0 | t: 1.538088 | r:  -507.000000 | e:   1.000000 | Q:        nan | won: False 
#  160 | steps:  1755 | steps_t:     0 | t: 1.544088 | r:  -509.000000 | e:   1.000000 | Q:        nan | won: False 
#  161 | steps:  1777 | steps_t:     0 | t: 1.555089 | r:  -521.000000 | e:   1.000000 | Q:        nan | won: False 
#  162 | steps:  1793 | steps_t:     0 | t: 1.563089 | r:  -515.000000 | e:   1.000000 | Q:        nan | won: False 
#  163 | steps:  1803 | steps_t:     0 | t: 1.570090 | r:  -509.000000 | e:   1.000000 | Q:        nan | won: False 
#  164 | steps:  1811 | steps_t:     0 | t: 1.574090 | r:  -507.000000 | e:   1.000000 | Q:        nan | won: False 
#  165 | steps:  1818 | steps_t:     0 | t: 1.577090 | r:  -506.000000 | e:   1.000000 | Q:        nan | won: False 
#  166 | steps:  1828 | steps_t:     0 | t: 1.582090 | r:  -509.000000 | e:   1.000000 | Q:        nan | won: False 
#  167 | steps:  1838 | steps_t:     0 | t: 1.587091 | r:  -509.000000 | e:   1.000000 | Q:        nan | won: False 
#  168 | steps:  1844 | steps_t:     0 | t: 1.590091 | r:  -505.000000 | e:   1.000000 | Q:        nan | won: False 
#  169 | steps:  1864 | steps_t:     0 | t: 1.611092 | r:  -508.000000 | e:   1.000000 | Q:        nan | won: False 
#  170 | steps:  1876 | steps_t:     0 | t: 1.618093 | r:  -511.000000 | e:   1.000000 | Q:        nan | won: False 
#  171 | steps:  1895 | steps_t:     0 | t: 1.627093 | r:  -518.000000 | e:   1.000000 | Q:        nan | won: False 
#  172 | steps:  1902 | steps_t:     0 | t: 1.631093 | r:  -506.000000 | e:   1.000000 | Q:        nan | won: False 
#  173 | steps:  1910 | steps_t:     0 | t: 1.636094 | r:  -507.000000 | e:   1.000000 | Q:        nan | won: False 
#  174 | steps:  1920 | steps_t:     0 | t: 1.641094 | r:  -509.000000 | e:   1.000000 | Q:        nan | won: False 
#  175 | steps:  1932 | steps_t:     0 | t: 1.647094 | r:  -511.000000 | e:   1.000000 | Q:        nan | won: False 
#  176 | steps:  1941 | steps_t:     0 | t: 1.652094 | r:  -508.000000 | e:   1.000000 | Q:        nan | won: False 
#  177 | steps:  1951 | steps_t:     0 | t: 1.658095 | r:  -509.000000 | e:   1.000000 | Q:        nan | won: False 
#  178 | steps:  1961 | steps_t:     0 | t: 1.663095 | r:  -509.000000 | e:   1.000000 | Q:        nan | won: False 
#  179 | steps:  1968 | steps_t:     0 | t: 1.669095 | r:  -506.000000 | e:   1.000000 | Q:        nan | won: False 
#  180 | steps:  1996 | steps_t:     0 | t: 1.692097 | r:  -527.000000 | e:   1.000000 | Q:        nan | won: False 
#  181 | steps:  2003 | steps_t:     0 | t: 1.697097 | r:  -506.000000 | e:   1.000000 | Q:        nan | won: False 
#  182 | steps:  2017 | steps_t:     0 | t: 1.711098 | r:  -513.000000 | e:   1.000000 | Q:        nan | won: False 
#  183 | steps:  2026 | steps_t:     0 | t: 1.718098 | r:  -508.000000 | e:   1.000000 | Q:        nan | won: False 
#  184 | steps:  2034 | steps_t:     0 | t: 1.722098 | r:  -507.000000 | e:   1.000000 | Q:        nan | won: False 
#  185 | steps:  2050 | steps_t:     0 | t: 1.732099 | r:  -515.000000 | e:   1.000000 | Q:        nan | won: False 
#  186 | steps:  2059 | steps_t:     0 | t: 1.738099 | r:  -508.000000 | e:   1.000000 | Q:        nan | won: False 
#  187 | steps:  2069 | steps_t:     0 | t: 1.744100 | r:  -509.000000 | e:   1.000000 | Q:        nan | won: False 
#  188 | steps:  2078 | steps_t:     0 | t: 1.750100 | r:  -508.000000 | e:   1.000000 | Q:        nan | won: False 
#  189 | steps:  2087 | steps_t:     0 | t: 1.755100 | r:  -508.000000 | e:   1.000000 | Q:        nan | won: False 
#  190 | steps:  2094 | steps_t:     0 | t: 1.759101 | r:  -506.000000 | e:   1.000000 | Q:        nan | won: False 
#  191 | steps:  2100 | steps_t:     0 | t: 1.762101 | r:  -505.000000 | e:   1.000000 | Q:        nan | won: False 
#  192 | steps:  2111 | steps_t:     0 | t: 1.769101 | r:  -510.000000 | e:   1.000000 | Q:        nan | won: False 
#  193 | steps:  2117 | steps_t:     0 | t: 1.773101 | r:  -505.000000 | e:   1.000000 | Q:        nan | won: False 
#  194 | steps:  2126 | steps_t:     0 | t: 1.779102 | r:  -508.000000 | e:   1.000000 | Q:        nan | won: False 
#  195 | steps:  2137 | steps_t:     0 | t: 1.786102 | r:  -510.000000 | e:   1.000000 | Q:        nan | won: False 
#  196 | steps:  2148 | steps_t:     0 | t: 1.792102 | r:  -510.000000 | e:   1.000000 | Q:        nan | won: False 
#  197 | steps:  2157 | steps_t:     0 | t: 1.798103 | r:  -508.000000 | e:   1.000000 | Q:        nan | won: False 
#  198 | steps:  2165 | steps_t:     0 | t: 1.805103 | r:  -507.000000 | e:   1.000000 | Q:        nan | won: False 
#  199 | steps:  2172 | steps_t:     0 | t: 1.809103 | r:  -506.000000 | e:   1.000000 | Q:        nan | won: False 
#  200 | steps:  2180 | steps_t:     0 | t: 1.815104 | r:  -507.000000 | e:   1.000000 | Q:        nan | won: False 
#  201 | steps:  2189 | steps_t:     0 | t: 1.824104 | r:  -508.000000 | e:   1.000000 | Q:        nan | won: False 
#  202 | steps:  2199 | steps_t:     0 | t: 1.832105 | r:  -509.000000 | e:   1.000000 | Q:        nan | won: False 
#  203 | steps:  2207 | steps_t:     0 | t: 1.841105 | r:  -507.000000 | e:   1.000000 | Q:        nan | won: False 
#  204 | steps:  2223 | steps_t:     0 | t: 1.852106 | r:  -515.000000 | e:   1.000000 | Q:        nan | won: False 
#  205 | steps:  2239 | steps_t:     0 | t: 1.862106 | r:  -515.000000 | e:   1.000000 | Q:        nan | won: False 
#  206 | steps:  2247 | steps_t:     0 | t: 1.867107 | r:  -507.000000 | e:   1.000000 | Q:        nan | won: False 
#  207 | steps:  2256 | steps_t:     0 | t: 1.872107 | r:  -508.000000 | e:   1.000000 | Q:        nan | won: False 
#  208 | steps:  2264 | steps_t:     0 | t: 1.876107 | r:  -507.000000 | e:   1.000000 | Q:        nan | won: False 
#  209 | steps:  2270 | steps_t:     0 | t: 1.880107 | r:  -505.000000 | e:   1.000000 | Q:        nan | won: False 
#  210 | steps:  2277 | steps_t:     0 | t: 1.885108 | r:  -506.000000 | e:   1.000000 | Q:        nan | won: False 
#  211 | steps:  2285 | steps_t:     0 | t: 1.889108 | r:  -507.000000 | e:   1.000000 | Q:        nan | won: False 
#  212 | steps:  2296 | steps_t:     0 | t: 1.896108 | r:  -510.000000 | e:   1.000000 | Q:        nan | won: False 
#  213 | steps:  2307 | steps_t:     0 | t: 1.906109 | r:  -510.000000 | e:   1.000000 | Q:        nan | won: False 
#  214 | steps:  2316 | steps_t:     0 | t: 1.913109 | r:  -508.000000 | e:   1.000000 | Q:        nan | won: False 
#  215 | steps:  2325 | steps_t:     0 | t: 1.920110 | r:  -508.000000 | e:   1.000000 | Q:        nan | won: False 
#  216 | steps:  2337 | steps_t:     0 | t: 1.926110 | r:  -511.000000 | e:   1.000000 | Q:        nan | won: False 
#  217 | steps:  2344 | steps_t:     0 | t: 1.929110 | r:  -506.000000 | e:   1.000000 | Q:        nan | won: False 
#  218 | steps:  2353 | steps_t:     0 | t: 1.933110 | r:  -508.000000 | e:   1.000000 | Q:        nan | won: False 
#  219 | steps:  2370 | steps_t:     0 | t: 1.941111 | r:  -516.000000 | e:   1.000000 | Q:        nan | won: False 
#  220 | steps:  2379 | steps_t:     0 | t: 1.946111 | r:  -508.000000 | e:   1.000000 | Q:        nan | won: False 
#  221 | steps:  2386 | steps_t:     0 | t: 1.949111 | r:  -506.000000 | e:   1.000000 | Q:        nan | won: False 
#  222 | steps:  2392 | steps_t:     0 | t: 1.953111 | r:  -505.000000 | e:   1.000000 | Q:        nan | won: False 
#  223 | steps:  2401 | steps_t:     0 | t: 1.957112 | r:  -508.000000 | e:   1.000000 | Q:        nan | won: False 
#  224 | steps:  2423 | steps_t:     0 | t: 1.967112 | r:  -521.000000 | e:   1.000000 | Q:        nan | won: False 
#  225 | steps:  2431 | steps_t:     0 | t: 1.971113 | r:  -507.000000 | e:   1.000000 | Q:        nan | won: False 
#  226 | steps:  2438 | steps_t:     0 | t: 1.974113 | r:  -506.000000 | e:   1.000000 | Q:        nan | won: False 
#  227 | steps:  2454 | steps_t:     0 | t: 1.981113 | r:  -515.000000 | e:   1.000000 | Q:        nan | won: False 
#  228 | steps:  2463 | steps_t:     0 | t: 1.986114 | r:  -508.000000 | e:   1.000000 | Q:        nan | won: False 
#  229 | steps:  2484 | steps_t:     0 | t: 1.996114 | r:  -520.000000 | e:   1.000000 | Q:        nan | won: False 
#  230 | steps:  2501 | steps_t:     0 | t: 2.004115 | r:  -516.000000 | e:   1.000000 | Q:        nan | won: False 
#  231 | steps:  2521 | steps_t:     0 | t: 2.014115 | r:  -519.000000 | e:   1.000000 | Q:        nan | won: False 
#  232 | steps:  2535 | steps_t:     0 | t: 2.022115 | r:  -513.000000 | e:   1.000000 | Q:        nan | won: False 
#  233 | steps:  2547 | steps_t:     0 | t: 2.027116 | r:  -511.000000 | e:   1.000000 | Q:        nan | won: False 
#  234 | steps:  2564 | steps_t:     0 | t: 2.035116 | r:  -516.000000 | e:   1.000000 | Q:        nan | won: False 
#  235 | steps:  2575 | steps_t:     0 | t: 2.041117 | r:  -510.000000 | e:   1.000000 | Q:        nan | won: False 
#  236 | steps:  2589 | steps_t:     0 | t: 2.048117 | r:  -513.000000 | e:   1.000000 | Q:        nan | won: False 
#  237 | steps:  2597 | steps_t:     0 | t: 2.052117 | r:  -507.000000 | e:   1.000000 | Q:        nan | won: False 
#  238 | steps:  2608 | steps_t:     0 | t: 2.058118 | r:  -510.000000 | e:   1.000000 | Q:        nan | won: False 
#  239 | steps:  2614 | steps_t:     0 | t: 2.061118 | r:  -505.000000 | e:   1.000000 | Q:        nan | won: False 
#  240 | steps:  2623 | steps_t:     0 | t: 2.065118 | r:  -508.000000 | e:   1.000000 | Q:        nan | won: False 
#  241 | steps:  2632 | steps_t:     0 | t: 2.071119 | r:  -508.000000 | e:   1.000000 | Q:        nan | won: False 
#  242 | steps:  2639 | steps_t:     0 | t: 2.075119 | r:  -506.000000 | e:   1.000000 | Q:        nan | won: False 
#  243 | steps:  2647 | steps_t:     0 | t: 2.078119 | r:  -507.000000 | e:   1.000000 | Q:        nan | won: False 
#  244 | steps:  2666 | steps_t:     0 | t: 2.089119 | r:  -518.000000 | e:   1.000000 | Q:        nan | won: False 
#  245 | steps:  2673 | steps_t:     0 | t: 2.093120 | r:  -506.000000 | e:   1.000000 | Q:        nan | won: False 
#  246 | steps:  2681 | steps_t:     0 | t: 2.097120 | r:  -507.000000 | e:   1.000000 | Q:        nan | won: False 
#  247 | steps:  2704 | steps_t:     0 | t: 2.109120 | r:  -522.000000 | e:   1.000000 | Q:        nan | won: False 
#  248 | steps:  2715 | steps_t:     0 | t: 2.149123 | r:  -510.000000 | e:   1.000000 | Q:        nan | won: False 
#  249 | steps:  2725 | steps_t:     0 | t: 2.157123 | r:  -509.000000 | e:   1.000000 | Q:        nan | won: False 
#  250 | steps:  2735 | steps_t:     0 | t: 2.165124 | r:  -509.000000 | e:   1.000000 | Q:        nan | won: False 
#  251 | steps:  2742 | steps_t:     0 | t: 2.170124 | r:  -506.000000 | e:   1.000000 | Q:        nan | won: False 
#  252 | steps:  2757 | steps_t:     0 | t: 2.182125 | r:  -514.000000 | e:   1.000000 | Q:        nan | won: False 
#  253 | steps:  2782 | steps_t:     0 | t: 2.204126 | r:  -524.000000 | e:   1.000000 | Q:        nan | won: False 
#  254 | steps:  2791 | steps_t:     0 | t: 2.211127 | r:  -508.000000 | e:   1.000000 | Q:        nan | won: False 
#  255 | steps:  2797 | steps_t:     0 | t: 2.218127 | r:  -505.000000 | e:   1.000000 | Q:        nan | won: False 
#  256 | steps:  2802 | steps_t:     0 | t: 2.223127 | r:  -504.000000 | e:   1.000000 | Q:        nan | won: False 
#  257 | steps:  2811 | steps_t:     0 | t: 2.234128 | r:  -508.000000 | e:   1.000000 | Q:        nan | won: False 
#  258 | steps:  2826 | steps_t:     0 | t: 2.255129 | r:  -503.000000 | e:   1.000000 | Q:        nan | won: False 
#  259 | steps:  2835 | steps_t:     0 | t: 2.265129 | r:  -508.000000 | e:   1.000000 | Q:        nan | won: False 
#  260 | steps:  2844 | steps_t:     0 | t: 2.274130 | r:  -508.000000 | e:   1.000000 | Q:        nan | won: False 
#  261 | steps:  2856 | steps_t:     0 | t: 2.287131 | r:  -500.000000 | e:   1.000000 | Q:        nan | won: False 
#  262 | steps:  2865 | steps_t:     0 | t: 2.295131 | r:  -508.000000 | e:   1.000000 | Q:        nan | won: False 
#  263 | steps:  2884 | steps_t:     0 | t: 2.310132 | r:  -518.000000 | e:   1.000000 | Q:        nan | won: False 
#  264 | steps:  2892 | steps_t:     0 | t: 2.315132 | r:  -507.000000 | e:   1.000000 | Q:        nan | won: False 
#  265 | steps:  2901 | steps_t:     0 | t: 2.320132 | r:  -508.000000 | e:   1.000000 | Q:        nan | won: False 
#  266 | steps:  2908 | steps_t:     0 | t: 2.323133 | r:  -506.000000 | e:   1.000000 | Q:        nan | won: False 
#  267 | steps:  2920 | steps_t:     0 | t: 2.330133 | r:  -511.000000 | e:   1.000000 | Q:        nan | won: False 
#  268 | steps:  2939 | steps_t:     0 | t: 2.339134 | r:  -518.000000 | e:   1.000000 | Q:        nan | won: False 
#  269 | steps:  2947 | steps_t:     0 | t: 2.343134 | r:  -507.000000 | e:   1.000000 | Q:        nan | won: False 
#  270 | steps:  2956 | steps_t:     0 | t: 2.347134 | r:  -508.000000 | e:   1.000000 | Q:        nan | won: False 
#  271 | steps:  2962 | steps_t:     0 | t: 2.350134 | r:  -505.000000 | e:   1.000000 | Q:        nan | won: False 
#  272 | steps:  2969 | steps_t:     0 | t: 2.354135 | r:  -506.000000 | e:   1.000000 | Q:        nan | won: False 
#  273 | steps:  2981 | steps_t:     0 | t: 2.360135 | r:  -511.000000 | e:   1.000000 | Q:        nan | won: False 
#  274 | steps:  2999 | steps_t:     0 | t: 2.369135 | r:  -517.000000 | e:   1.000000 | Q:        nan | won: False 
#  275 | steps:  3007 | steps_t:     0 | t: 2.373136 | r:  -507.000000 | e:   1.000000 | Q:        nan | won: False 
#  276 | steps:  3013 | steps_t:     0 | t: 2.376136 | r:  -505.000000 | e:   1.000000 | Q:        nan | won: False 
#  277 | steps:  3021 | steps_t:     0 | t: 2.380136 | r:  -507.000000 | e:   1.000000 | Q:        nan | won: False 
#  278 | steps:  3035 | steps_t:     0 | t: 2.387136 | r:  -513.000000 | e:   1.000000 | Q:        nan | won: False 
#  279 | steps:  3042 | steps_t:     0 | t: 2.391137 | r:  -506.000000 | e:   1.000000 | Q:        nan | won: False 
#  280 | steps:  3054 | steps_t:     0 | t: 2.396137 | r:  -511.000000 | e:   1.000000 | Q:        nan | won: False 
#  281 | steps:  3068 | steps_t:     0 | t: 2.404137 | r:  -513.000000 | e:   1.000000 | Q:        nan | won: False 
#  282 | steps:  3074 | steps_t:     0 | t: 2.407138 | r:  -505.000000 | e:   1.000000 | Q:        nan | won: False 
#  283 | steps:  3083 | steps_t:     0 | t: 2.411138 | r:  -508.000000 | e:   1.000000 | Q:        nan | won: False 
#  284 | steps:  3093 | steps_t:     0 | t: 2.416138 | r:  -509.000000 | e:   1.000000 | Q:        nan | won: False 
#  285 | steps:  3101 | steps_t:     0 | t: 2.421138 | r:  -507.000000 | e:   1.000000 | Q:        nan | won: False 
#  286 | steps:  3115 | steps_t:     0 | t: 2.429139 | r:  -513.000000 | e:   1.000000 | Q:        nan | won: False 
#  287 | steps:  3123 | steps_t:     0 | t: 2.438139 | r:  -507.000000 | e:   1.000000 | Q:        nan | won: False 
#  288 | steps:  3139 | steps_t:     0 | t: 2.447140 | r:  -504.000000 | e:   1.000000 | Q:        nan | won: False 
#  289 | steps:  3145 | steps_t:     0 | t: 2.452140 | r:  -505.000000 | e:   1.000000 | Q:        nan | won: False 
#  290 | steps:  3153 | steps_t:     0 | t: 2.457140 | r:  -507.000000 | e:   1.000000 | Q:        nan | won: False 
#  291 | steps:  3160 | steps_t:     0 | t: 2.462141 | r:  -506.000000 | e:   1.000000 | Q:        nan | won: False 
#  292 | steps:  3171 | steps_t:     0 | t: 2.469141 | r:  -510.000000 | e:   1.000000 | Q:        nan | won: False 
#  293 | steps:  3191 | steps_t:     0 | t: 2.479142 | r:  -519.000000 | e:   1.000000 | Q:        nan | won: False 
#  294 | steps:  3211 | steps_t:     0 | t: 2.490142 | r:  -519.000000 | e:   1.000000 | Q:        nan | won: False 
#  295 | steps:  3222 | steps_t:     0 | t: 2.496143 | r:  -510.000000 | e:   1.000000 | Q:        nan | won: False 
#  296 | steps:  3235 | steps_t:     0 | t: 2.507143 | r:  -512.000000 | e:   1.000000 | Q:        nan | won: False 
#  297 | steps:  3248 | steps_t:     0 | t: 2.513144 | r:  -512.000000 | e:   1.000000 | Q:        nan | won: False 
#  298 | steps:  3258 | steps_t:     0 | t: 2.518144 | r:  -509.000000 | e:   1.000000 | Q:        nan | won: False 
#  299 | steps:  3273 | steps_t:     0 | t: 2.526145 | r:  -503.000000 | e:   1.000000 | Q:        nan | won: False 
#  300 | steps:  3286 | steps_t:     0 | t: 2.533145 | r:  -512.000000 | e:   1.000000 | Q:        nan | won: False 
#  301 | steps:  3294 | steps_t:     0 | t: 2.538145 | r:  -507.000000 | e:   1.000000 | Q:        nan | won: False 
#  302 | steps:  3302 | steps_t:     0 | t: 2.541145 | r:  -507.000000 | e:   1.000000 | Q:        nan | won: False 
#  303 | steps:  3310 | steps_t:     0 | t: 2.545146 | r:  -507.000000 | e:   1.000000 | Q:        nan | won: False 
#  304 | steps:  3331 | steps_t:     0 | t: 2.555146 | r:  -520.000000 | e:   1.000000 | Q:        nan | won: False 
#  305 | steps:  3338 | steps_t:     0 | t: 2.559146 | r:  -506.000000 | e:   1.000000 | Q:        nan | won: False 
#  306 | steps:  3351 | steps_t:     0 | t: 2.565147 | r:  -512.000000 | e:   1.000000 | Q:        nan | won: False 
#  307 | steps:  3358 | steps_t:     0 | t: 2.569147 | r:  -506.000000 | e:   1.000000 | Q:        nan | won: False 
#  308 | steps:  3376 | steps_t:     0 | t: 2.577147 | r:  -517.000000 | e:   1.000000 | Q:        nan | won: False 
#  309 | steps:  3392 | steps_t:     0 | t: 2.585148 | r:  -515.000000 | e:   1.000000 | Q:        nan | won: False 
#  310 | steps:  3407 | steps_t:     0 | t: 2.593148 | r:  -514.000000 | e:   1.000000 | Q:        nan | won: False 
#  311 | steps:  3415 | steps_t:     0 | t: 2.596148 | r:  -507.000000 | e:   1.000000 | Q:        nan | won: False 
#  312 | steps:  3429 | steps_t:     0 | t: 2.604149 | r:  -513.000000 | e:   1.000000 | Q:        nan | won: False 
#  313 | steps:  3453 | steps_t:     0 | t: 2.615149 | r:  -523.000000 | e:   1.000000 | Q:        nan | won: False 
#  314 | steps:  3481 | steps_t:     0 | t: 2.628150 | r:  -527.000000 | e:   1.000000 | Q:        nan | won: False 
#  315 | steps:  3487 | steps_t:     0 | t: 2.632150 | r:  -505.000000 | e:   1.000000 | Q:        nan | won: False 
#  316 | steps:  3498 | steps_t:     0 | t: 2.640151 | r:  -510.000000 | e:   1.000000 | Q:        nan | won: False 
#  317 | steps:  3506 | steps_t:     0 | t: 2.644151 | r:  -507.000000 | e:   1.000000 | Q:        nan | won: False 
#  318 | steps:  3528 | steps_t:     0 | t: 2.655152 | r:  -521.000000 | e:   1.000000 | Q:        nan | won: False 
#  319 | steps:  3546 | steps_t:     0 | t: 2.665153 | r:  -517.000000 | e:   1.000000 | Q:        nan | won: False 
#  320 | steps:  3570 | steps_t:     0 | t: 2.679153 | r:  -523.000000 | e:   1.000000 | Q:        nan | won: False 
#  321 | steps:  3577 | steps_t:     0 | t: 2.682153 | r:  -506.000000 | e:   1.000000 | Q:        nan | won: False 
#  322 | steps:  3596 | steps_t:     0 | t: 2.692154 | r:  -518.000000 | e:   1.000000 | Q:        nan | won: False 
#  323 | steps:  3606 | steps_t:     0 | t: 2.700154 | r:  -509.000000 | e:   1.000000 | Q:        nan | won: False 
#  324 | steps:  3611 | steps_t:     0 | t: 2.703155 | r:  -504.000000 | e:   1.000000 | Q:        nan | won: False 
#  325 | steps:  3619 | steps_t:     0 | t: 2.707155 | r:  -507.000000 | e:   1.000000 | Q:        nan | won: False 
#  326 | steps:  3626 | steps_t:     0 | t: 2.711155 | r:  -506.000000 | e:   1.000000 | Q:        nan | won: False 
#  327 | steps:  3640 | steps_t:     0 | t: 2.719155 | r:  -513.000000 | e:   1.000000 | Q:        nan | won: False 
#  328 | steps:  3651 | steps_t:     0 | t: 2.725156 | r:  -510.000000 | e:   1.000000 | Q:        nan | won: False 
#  329 | steps:  3660 | steps_t:     0 | t: 2.729156 | r:  -508.000000 | e:   1.000000 | Q:        nan | won: False 
#  330 | steps:  3676 | steps_t:     0 | t: 2.737157 | r:  -515.000000 | e:   1.000000 | Q:        nan | won: False 
#  331 | steps:  3695 | steps_t:     0 | t: 2.746157 | r:  -518.000000 | e:   1.000000 | Q:        nan | won: False 
#  332 | steps:  3705 | steps_t:     0 | t: 2.752157 | r:  -509.000000 | e:   1.000000 | Q:        nan | won: False 
#  333 | steps:  3712 | steps_t:     0 | t: 2.755157 | r:  -506.000000 | e:   1.000000 | Q:        nan | won: False 
#  334 | steps:  3754 | steps_t:     0 | t: 2.775159 | r:  -530.000000 | e:   1.000000 | Q:        nan | won: False 
#  335 | steps:  3762 | steps_t:     0 | t: 2.778159 | r:  -507.000000 | e:   1.000000 | Q:        nan | won: False 
#  336 | steps:  3777 | steps_t:     0 | t: 2.787159 | r:  -514.000000 | e:   1.000000 | Q:        nan | won: False 
#  337 | steps:  3795 | steps_t:     0 | t: 2.795160 | r:  -517.000000 | e:   1.000000 | Q:        nan | won: False 
#  338 | steps:  3804 | steps_t:     0 | t: 2.800160 | r:  -508.000000 | e:   1.000000 | Q:        nan | won: False 
#  339 | steps:  3816 | steps_t:     0 | t: 2.805160 | r:  -511.000000 | e:   1.000000 | Q:        nan | won: False 
#  340 | steps:  3831 | steps_t:     0 | t: 2.812161 | r:  -492.000000 | e:   1.000000 | Q:        nan | won: False 
#  341 | steps:  3838 | steps_t:     0 | t: 2.816161 | r:  -506.000000 | e:   1.000000 | Q:        nan | won: False 
#  342 | steps:  3846 | steps_t:     0 | t: 2.821162 | r:  -507.000000 | e:   1.000000 | Q:        nan | won: False 
#  343 | steps:  3855 | steps_t:     0 | t: 2.825161 | r:  -508.000000 | e:   1.000000 | Q:        nan | won: False 
#  344 | steps:  3866 | steps_t:     0 | t: 2.831162 | r:  -510.000000 | e:   1.000000 | Q:        nan | won: False 
#  345 | steps:  3872 | steps_t:     0 | t: 2.834162 | r:  -505.000000 | e:   1.000000 | Q:        nan | won: False 
#  346 | steps:  3881 | steps_t:     0 | t: 2.840163 | r:  -508.000000 | e:   1.000000 | Q:        nan | won: False 
#  347 | steps:  3907 | steps_t:     0 | t: 2.853163 | r:  -514.000000 | e:   1.000000 | Q:        nan | won: False 
#  348 | steps:  3923 | steps_t:     0 | t: 2.861164 | r:  -515.000000 | e:   1.000000 | Q:        nan | won: False 
#  349 | steps:  3930 | steps_t:     0 | t: 2.864164 | r:  -506.000000 | e:   1.000000 | Q:        nan | won: False 
#  350 | steps:  3938 | steps_t:     0 | t: 2.870164 | r:  -507.000000 | e:   1.000000 | Q:        nan | won: False 
#  351 | steps:  3956 | steps_t:     0 | t: 2.880165 | r:  -517.000000 | e:   1.000000 | Q:        nan | won: False 
#  352 | steps:  3969 | steps_t:     0 | t: 2.886165 | r:  -512.000000 | e:   1.000000 | Q:        nan | won: False 
#  353 | steps:  3978 | steps_t:     0 | t: 2.892165 | r:  -508.000000 | e:   1.000000 | Q:        nan | won: False 
#  354 | steps:  3998 | steps_t:     0 | t: 2.903166 | r:  -519.000000 | e:   1.000000 | Q:        nan | won: False 
#  355 | steps:  4007 | steps_t:     0 | t: 2.907166 | r:  -508.000000 | e:   1.000000 | Q:        nan | won: False 
#  356 | steps:  4014 | steps_t:     0 | t: 2.911166 | r:  -506.000000 | e:   1.000000 | Q:        nan | won: False 
#  357 | steps:  4029 | steps_t:     0 | t: 2.920167 | r:  -514.000000 | e:   1.000000 | Q:        nan | won: False 
#  358 | steps:  4040 | steps_t:     0 | t: 2.926167 | r:  -510.000000 | e:   1.000000 | Q:        nan | won: False 
#  359 | steps:  4063 | steps_t:     0 | t: 2.939168 | r:  -522.000000 | e:   1.000000 | Q:        nan | won: False 
#  360 | steps:  4076 | steps_t:     0 | t: 2.947168 | r:  -512.000000 | e:   1.000000 | Q:        nan | won: False 
#  361 | steps:  4086 | steps_t:     0 | t: 2.952169 | r:  -509.000000 | e:   1.000000 | Q:        nan | won: False 
#  362 | steps:  4095 | steps_t:     0 | t: 2.957169 | r:  -508.000000 | e:   1.000000 | Q:        nan | won: False 
#  363 | steps:  4101 | steps_t:     0 | t: 2.960169 | r:  -505.000000 | e:   1.000000 | Q:        nan | won: False 
#  364 | steps:  4108 | steps_t:     0 | t: 2.963170 | r:  -506.000000 | e:   1.000000 | Q:        nan | won: False 
#  365 | steps:  4117 | steps_t:     0 | t: 2.969170 | r:  -508.000000 | e:   1.000000 | Q:        nan | won: False 
#  366 | steps:  4131 | steps_t:     0 | t: 2.976170 | r:  -513.000000 | e:   1.000000 | Q:        nan | won: False 
#  367 | steps:  4145 | steps_t:     0 | t: 2.982171 | r:  -513.000000 | e:   1.000000 | Q:        nan | won: False 
#  368 | steps:  4155 | steps_t:     0 | t: 2.988171 | r:  -509.000000 | e:   1.000000 | Q:        nan | won: False 
#  369 | steps:  4161 | steps_t:     0 | t: 2.991171 | r:  -505.000000 | e:   1.000000 | Q:        nan | won: False 
#  370 | steps:  4169 | steps_t:     0 | t: 2.995171 | r:  -507.000000 | e:   1.000000 | Q:        nan | won: False 
#  371 | steps:  4179 | steps_t:     0 | t: 3.000171 | r:  -509.000000 | e:   1.000000 | Q:        nan | won: False 
#  372 | steps:  4192 | steps_t:     0 | t: 3.007172 | r:  -512.000000 | e:   1.000000 | Q:        nan | won: False 
#  373 | steps:  4199 | steps_t:     0 | t: 3.011172 | r:  -506.000000 | e:   1.000000 | Q:        nan | won: False 
#  374 | steps:  4217 | steps_t:     0 | t: 3.020173 | r:  -517.000000 | e:   1.000000 | Q:        nan | won: False 
#  375 | steps:  4237 | steps_t:     0 | t: 3.029173 | r:  -508.000000 | e:   1.000000 | Q:        nan | won: False 
#  376 | steps:  4251 | steps_t:     0 | t: 3.036174 | r:  -513.000000 | e:   1.000000 | Q:        nan | won: False 
#  377 | steps:  4259 | steps_t:     0 | t: 3.041174 | r:  -507.000000 | e:   1.000000 | Q:        nan | won: False 
#  378 | steps:  4269 | steps_t:     0 | t: 3.048174 | r:  -509.000000 | e:   1.000000 | Q:        nan | won: False 
#  379 | steps:  4276 | steps_t:     0 | t: 3.052175 | r:  -506.000000 | e:   1.000000 | Q:        nan | won: False 
#  380 | steps:  4284 | steps_t:     0 | t: 3.056175 | r:  -507.000000 | e:   1.000000 | Q:        nan | won: False 
#  381 | steps:  4294 | steps_t:     0 | t: 3.061175 | r:  -509.000000 | e:   1.000000 | Q:        nan | won: False 
#  382 | steps:  4305 | steps_t:     0 | t: 3.068175 | r:  -510.000000 | e:   1.000000 | Q:        nan | won: False 
#  383 | steps:  4312 | steps_t:     0 | t: 3.072176 | r:  -506.000000 | e:   1.000000 | Q:        nan | won: False 
#  384 | steps:  4320 | steps_t:     0 | t: 3.076176 | r:  -507.000000 | e:   1.000000 | Q:        nan | won: False 
#  385 | steps:  4326 | steps_t:     0 | t: 3.079176 | r:  -505.000000 | e:   1.000000 | Q:        nan | won: False 
#  386 | steps:  4338 | steps_t:     0 | t: 3.087176 | r:  -511.000000 | e:   1.000000 | Q:        nan | won: False 
#  387 | steps:  4349 | steps_t:     0 | t: 3.093177 | r:  -510.000000 | e:   1.000000 | Q:        nan | won: False 
#  388 | steps:  4362 | steps_t:     0 | t: 3.100177 | r:  -512.000000 | e:   1.000000 | Q:        nan | won: False 
#  389 | steps:  4373 | steps_t:     0 | t: 3.106178 | r:  -510.000000 | e:   1.000000 | Q:        nan | won: False 
#  390 | steps:  4383 | steps_t:     0 | t: 3.111178 | r:  -509.000000 | e:   1.000000 | Q:        nan | won: False 
#  391 | steps:  4402 | steps_t:     0 | t: 3.121178 | r:  -518.000000 | e:   1.000000 | Q:        nan | won: False 
#  392 | steps:  4411 | steps_t:     0 | t: 3.125179 | r:  -508.000000 | e:   1.000000 | Q:        nan | won: False 
#  393 | steps:  4420 | steps_t:     0 | t: 3.131179 | r:  -508.000000 | e:   1.000000 | Q:        nan | won: False 
#  394 | steps:  4432 | steps_t:     0 | t: 3.137179 | r:  -511.000000 | e:   1.000000 | Q:        nan | won: False 
#  395 | steps:  4442 | steps_t:     0 | t: 3.143180 | r:  -509.000000 | e:   1.000000 | Q:        nan | won: False 
#  396 | steps:  4460 | steps_t:     0 | t: 3.152180 | r:  -517.000000 | e:   1.000000 | Q:        nan | won: False 
#  397 | steps:  4469 | steps_t:     0 | t: 3.157181 | r:  -508.000000 | e:   1.000000 | Q:        nan | won: False 
#  398 | steps:  4476 | steps_t:     0 | t: 3.160181 | r:  -506.000000 | e:   1.000000 | Q:        nan | won: False 
#  399 | steps:  4495 | steps_t:     0 | t: 3.170181 | r:  -518.000000 | e:   1.000000 | Q:        nan | won: False 
#  400 | steps:  4505 | steps_t:     0 | t: 3.174181 | r:  -509.000000 | e:   1.000000 | Q:        nan | won: False 
#  401 | steps:  4511 | steps_t:     0 | t: 3.177182 | r:  -505.000000 | e:   1.000000 | Q:        nan | won: False 
#  402 | steps:  4524 | steps_t:     0 | t: 3.184182 | r:  -512.000000 | e:   1.000000 | Q:        nan | won: False 
#  403 | steps:  4546 | steps_t:     0 | t: 3.195183 | r:  -521.000000 | e:   1.000000 | Q:        nan | won: False 
#  404 | steps:  4556 | steps_t:     0 | t: 3.200183 | r:  -509.000000 | e:   1.000000 | Q:        nan | won: False 
#  405 | steps:  4566 | steps_t:     0 | t: 3.205183 | r:  -509.000000 | e:   1.000000 | Q:        nan | won: False 
#  406 | steps:  4577 | steps_t:     0 | t: 3.210184 | r:  -510.000000 | e:   1.000000 | Q:        nan | won: False 
#  407 | steps:  4583 | steps_t:     0 | t: 3.213184 | r:  -505.000000 | e:   1.000000 | Q:        nan | won: False 
#  408 | steps:  4591 | steps_t:     0 | t: 3.218184 | r:  -507.000000 | e:   1.000000 | Q:        nan | won: False 
#  409 | steps:  4602 | steps_t:     0 | t: 3.223184 | r:  -510.000000 | e:   1.000000 | Q:        nan | won: False 
#  410 | steps:  4611 | steps_t:     0 | t: 3.228184 | r:  -508.000000 | e:   1.000000 | Q:        nan | won: False 
#  411 | steps:  4627 | steps_t:     0 | t: 3.236185 | r:  -515.000000 | e:   1.000000 | Q:        nan | won: False 
#  412 | steps:  4640 | steps_t:     0 | t: 3.242185 | r:  -512.000000 | e:   1.000000 | Q:        nan | won: False 
#  413 | steps:  4650 | steps_t:     0 | t: 3.247186 | r:  -509.000000 | e:   1.000000 | Q:        nan | won: False 
#  414 | steps:  4663 | steps_t:     0 | t: 3.255186 | r:  -512.000000 | e:   1.000000 | Q:        nan | won: False 
#  415 | steps:  4674 | steps_t:     0 | t: 3.262187 | r:  -510.000000 | e:   1.000000 | Q:        nan | won: False 
#  416 | steps:  4688 | steps_t:     0 | t: 3.271187 | r:  -502.000000 | e:   1.000000 | Q:        nan | won: False 
#  417 | steps:  4697 | steps_t:     0 | t: 3.277188 | r:  -508.000000 | e:   1.000000 | Q:        nan | won: False 
#  418 | steps:  4724 | steps_t:     0 | t: 3.292188 | r:  -526.000000 | e:   1.000000 | Q:        nan | won: False 
#  419 | steps:  4736 | steps_t:     0 | t: 3.301189 | r:  -511.000000 | e:   1.000000 | Q:        nan | won: False 
#  420 | steps:  4748 | steps_t:     0 | t: 3.307189 | r:  -511.000000 | e:   1.000000 | Q:        nan | won: False 
#  421 | steps:  4758 | steps_t:     0 | t: 3.312189 | r:  -509.000000 | e:   1.000000 | Q:        nan | won: False 
#  422 | steps:  4768 | steps_t:     0 | t: 3.318190 | r:  -509.000000 | e:   1.000000 | Q:        nan | won: False 
#  423 | steps:  4778 | steps_t:     0 | t: 3.323190 | r:  -509.000000 | e:   1.000000 | Q:        nan | won: False 
#  424 | steps:  4787 | steps_t:     0 | t: 3.327190 | r:  -508.000000 | e:   1.000000 | Q:        nan | won: False 
#  425 | steps:  4796 | steps_t:     0 | t: 3.332191 | r:  -508.000000 | e:   1.000000 | Q:        nan | won: False 
#  426 | steps:  4803 | steps_t:     0 | t: 3.337191 | r:  -506.000000 | e:   1.000000 | Q:        nan | won: False 
#  427 | steps:  4814 | steps_t:     0 | t: 3.342191 | r:  -510.000000 | e:   1.000000 | Q:        nan | won: False 
#  428 | steps:  4822 | steps_t:     0 | t: 3.347192 | r:  -507.000000 | e:   1.000000 | Q:        nan | won: False 
#  429 | steps:  4843 | steps_t:     0 | t: 3.358192 | r:  -520.000000 | e:   1.000000 | Q:        nan | won: False 
#  430 | steps:  4850 | steps_t:     0 | t: 3.362192 | r:  -506.000000 | e:   1.000000 | Q:        nan | won: False 
#  431 | steps:  4865 | steps_t:     0 | t: 3.369193 | r:  -514.000000 | e:   1.000000 | Q:        nan | won: False 
#  432 | steps:  4885 | steps_t:     0 | t: 3.379193 | r:  -519.000000 | e:   1.000000 | Q:        nan | won: False 
#  433 | steps:  4896 | steps_t:     0 | t: 3.386194 | r:  -510.000000 | e:   1.000000 | Q:        nan | won: False 
#  434 | steps:  4913 | steps_t:     0 | t: 3.394194 | r:  -516.000000 | e:   1.000000 | Q:        nan | won: False 
#  435 | steps:  4921 | steps_t:     0 | t: 3.398194 | r:  -507.000000 | e:   1.000000 | Q:        nan | won: False 
#  436 | steps:  4932 | steps_t:     0 | t: 3.404195 | r:  -510.000000 | e:   1.000000 | Q:        nan | won: False 
#  437 | steps:  4942 | steps_t:     0 | t: 3.409195 | r:  -509.000000 | e:   1.000000 | Q:        nan | won: False 
#  438 | steps:  4952 | steps_t:     0 | t: 3.414195 | r:  -509.000000 | e:   1.000000 | Q:        nan | won: False 
#  439 | steps:  4960 | steps_t:     0 | t: 3.419196 | r:  -507.000000 | e:   1.000000 | Q:        nan | won: False 
#  440 | steps:  4977 | steps_t:     0 | t: 3.428196 | r:  -516.000000 | e:   1.000000 | Q:        nan | won: False 
#  441 | steps:  4991 | steps_t:     0 | t: 3.435196 | r:  -513.000000 | e:   1.000000 | Q:        nan | won: False 
#  442 | steps:  4997 | steps_t:     0 | t: 3.438197 | r:  -505.000000 | e:   1.000000 | Q:        nan | won: False 
#  443 | steps:  5007 | steps_t:     5 | t: 3.959226 | r:  -509.000000 | e:   0.999500 | Q:        nan | won: False 
#  444 | steps:  5015 | steps_t:    12 | t: 4.029231 | r:  -507.000000 | e:   0.998800 | Q:        nan | won: False 
#  445 | steps:  5021 | steps_t:    17 | t: 4.078233 | r:  -505.000000 | e:   0.998300 | Q:        nan | won: False 
#  446 | steps:  5028 | steps_t:    23 | t: 4.136236 | r:  -506.000000 | e:   0.997700 | Q:        nan | won: False 
#  447 | steps:  5035 | steps_t:    29 | t: 4.202240 | r:  -506.000000 | e:   0.997100 | Q:        nan | won: False 
#  448 | steps:  5041 | steps_t:    34 | t: 4.253243 | r:  -505.000000 | e:   0.996600 | Q:        nan | won: False 
#  449 | steps:  5052 | steps_t:    44 | t: 4.351249 | r:  -510.000000 | e:   0.995600 | Q:        nan | won: False 
#  450 | steps:  5060 | steps_t:    51 | t: 4.421253 | r:  -507.000000 | e:   0.994900 | Q:        nan | won: False 
#  451 | steps:  5076 | steps_t:    66 | t: 4.564261 | r:  -515.000000 | e:   0.993400 | Q:        nan | won: False 
#  452 | steps:  5083 | steps_t:    72 | t: 4.623265 | r:  -506.000000 | e:   0.992800 | Q:        nan | won: False 
#  453 | steps:  5088 | steps_t:    76 | t: 4.663266 | r:  -504.000000 | e:   0.992400 | Q:        nan | won: False 
#  454 | steps:  5095 | steps_t:    82 | t: 4.722270 | r:  -506.000000 | e:   0.991800 | Q:        nan | won: False 
#  455 | steps:  5102 | steps_t:    88 | t: 4.781274 | r:  -506.000000 | e:   0.991200 | Q:        nan | won: False 
#  456 | steps:  5110 | steps_t:    95 | t: 4.858278 | r:  -507.000000 | e:   0.990500 | Q:        nan | won: False 
#  457 | steps:  5119 | steps_t:   103 | t: 4.955283 | r:  -508.000000 | e:   0.989700 | Q:        nan | won: False 
#  458 | steps:  5129 | steps_t:   112 | t: 5.043288 | r:  -509.000000 | e:   0.988800 | Q:        nan | won: False 
#  459 | steps:  5139 | steps_t:   121 | t: 5.136294 | r:  -509.000000 | e:   0.987900 | Q:        nan | won: False 
#  460 | steps:  5148 | steps_t:   129 | t: 5.213298 | r:  -508.000000 | e:   0.987100 | Q:        nan | won: False 
#  461 | steps:  5156 | steps_t:   136 | t: 5.280302 | r:  -507.000000 | e:   0.986400 | Q:        nan | won: False 
#  462 | steps:  5176 | steps_t:   155 | t: 5.481313 | r:  -519.000000 | e:   0.984500 | Q:        nan | won: False 
#  463 | steps:  5184 | steps_t:   162 | t: 5.552318 | r:  -507.000000 | e:   0.983800 | Q:        nan | won: False 
#  464 | steps:  5193 | steps_t:   170 | t: 5.629322 | r:  -508.000000 | e:   0.983000 | Q:        nan | won: False 
#  465 | steps:  5203 | steps_t:   179 | t: 5.721327 | r:  -509.000000 | e:   0.982100 | Q:        nan | won: False 
#  466 | steps:  5219 | steps_t:   194 | t: 5.865335 | r:  -515.000000 | e:   0.980600 | Q:        nan | won: False 
#  467 | steps:  5227 | steps_t:   201 | t: 5.936339 | r:  -507.000000 | e:   0.979900 | Q:        nan | won: False 
#  468 | steps:  5250 | steps_t:   223 | t: 6.192354 | r:  -522.000000 | e:   0.977700 | Q: -259.280823 | won: False 
#  469 | steps:  5259 | steps_t:   231 | t: 6.270359 | r:  -508.000000 | e:   0.976900 | Q:        nan | won: False 
#  470 | steps:  5269 | steps_t:   240 | t: 6.356364 | r:  -509.000000 | e:   0.976000 | Q:        nan | won: False 
#  471 | steps:  5280 | steps_t:   250 | t: 6.462369 | r:  -510.000000 | e:   0.975000 | Q:        nan | won: False 
#  472 | steps:  5289 | steps_t:   258 | t: 6.541374 | r:  -508.000000 | e:   0.974200 | Q:        nan | won: False 
#  473 | steps:  5295 | steps_t:   263 | t: 6.591377 | r:  -505.000000 | e:   0.973700 | Q: -293.600372 | won: False 
#  474 | steps:  5303 | steps_t:   270 | t: 6.659381 | r:  -507.000000 | e:   0.973000 | Q:        nan | won: False 
#  475 | steps:  5311 | steps_t:   277 | t: 6.732385 | r:  -507.000000 | e:   0.972300 | Q:        nan | won: False 
#  476 | steps:  5318 | steps_t:   283 | t: 6.791388 | r:  -506.000000 | e:   0.971700 | Q:        nan | won: False 
#  477 | steps:  5325 | steps_t:   289 | t: 6.849392 | r:  -506.000000 | e:   0.971100 | Q:        nan | won: False 
#  478 | steps:  5335 | steps_t:   298 | t: 6.955398 | r:  -509.000000 | e:   0.970200 | Q: -329.291809 | won: False 
#  479 | steps:  5344 | steps_t:   306 | t: 7.051403 | r:  -508.000000 | e:   0.969400 | Q:        nan | won: False 
#  480 | steps:  5351 | steps_t:   312 | t: 7.125407 | r:  -506.000000 | e:   0.968800 | Q: -307.870026 | won: False 
#  481 | steps:  5359 | steps_t:   319 | t: 7.197412 | r:  -507.000000 | e:   0.968100 | Q: -313.416504 | won: False 
#  482 | steps:  5374 | steps_t:   333 | t: 7.340420 | r:  -492.000000 | e:   0.966700 | Q:        nan | won: False 
#  483 | steps:  5397 | steps_t:   355 | t: 7.567433 | r:  -522.000000 | e:   0.964500 | Q: -307.086761 | won: False 
#  484 | steps:  5408 | steps_t:   365 | t: 7.688440 | r:  -510.000000 | e:   0.963500 | Q:        nan | won: False 
#  485 | steps:  5415 | steps_t:   371 | t: 7.756444 | r:  -506.000000 | e:   0.962900 | Q:        nan | won: False 
#  486 | steps:  5422 | steps_t:   377 | t: 7.820447 | r:  -506.000000 | e:   0.962300 | Q:        nan | won: False 
#  487 | steps:  5444 | steps_t:   398 | t: 8.032459 | r:  -521.000000 | e:   0.960200 | Q: -270.328583 | won: False 
#  488 | steps:  5466 | steps_t:   419 | t: 8.248472 | r:  -521.000000 | e:   0.958100 | Q:        nan | won: False 
#  489 | steps:  5489 | steps_t:   441 | t: 8.469484 | r:  -522.000000 | e:   0.955900 | Q: -334.825378 | won: False 
#  490 | steps:  5499 | steps_t:   450 | t: 8.558490 | r:  -509.000000 | e:   0.955000 | Q: -290.852112 | won: False 
#  491 | steps:  5510 | steps_t:   460 | t: 8.657495 | r:  -510.000000 | e:   0.954000 | Q: -294.741730 | won: False 
#  492 | steps:  5518 | steps_t:   467 | t: 8.742500 | r:  -507.000000 | e:   0.953300 | Q:        nan | won: False 
#  493 | steps:  5525 | steps_t:   473 | t: 8.820504 | r:  -506.000000 | e:   0.952700 | Q: -291.640808 | won: False 
#  494 | steps:  5536 | steps_t:   483 | t: 8.924510 | r:  -510.000000 | e:   0.951700 | Q: -305.468964 | won: False 
#  495 | steps:  5542 | steps_t:   488 | t: 8.976513 | r:  -505.000000 | e:   0.951200 | Q:        nan | won: False 
#  496 | steps:  5549 | steps_t:   494 | t: 9.044517 | r:  -506.000000 | e:   0.950600 | Q: -313.756989 | won: False 
#  497 | steps:  5560 | steps_t:   504 | t: 9.150523 | r:  -510.000000 | e:   0.949600 | Q: -297.803741 | won: False 
#  498 | steps:  5568 | steps_t:   511 | t: 9.243529 | r:  -507.000000 | e:   0.948900 | Q: -288.963745 | won: False 
#  499 | steps:  5575 | steps_t:   517 | t: 9.315533 | r:  -506.000000 | e:   0.948300 | Q: -285.793060 | won: False 
#  500 | steps:  5584 | steps_t:   525 | t: 9.397537 | r:  -508.000000 | e:   0.947500 | Q:        nan | won: False 
#  501 | steps:  5603 | steps_t:   543 | t: 9.574547 | r:  -507.000000 | e:   0.945700 | Q: -287.538910 | won: False 
#  502 | steps:  5626 | steps_t:   565 | t: 9.803561 | r:  -522.000000 | e:   0.943500 | Q: -284.253479 | won: False 
#  503 | steps:  5633 | steps_t:   571 | t: 9.864564 | r:  -506.000000 | e:   0.942900 | Q:        nan | won: False 
#  504 | steps:  5651 | steps_t:   588 | t: 10.036574 | r:  -506.000000 | e:   0.941200 | Q: -276.128662 | won: False 
#  505 | steps:  5664 | steps_t:   600 | t: 10.185583 | r:  -512.000000 | e:   0.940000 | Q: -285.295319 | won: False 
#  506 | steps:  5673 | steps_t:   608 | t: 10.293589 | r:  -508.000000 | e:   0.939200 | Q:        nan | won: False 
#  507 | steps:  5686 | steps_t:   620 | t: 10.424596 | r:  -512.000000 | e:   0.938000 | Q:        nan | won: False 
#  508 | steps:  5699 | steps_t:   632 | t: 10.547603 | r:  -512.000000 | e:   0.936800 | Q: -294.390076 | won: False 
#  509 | steps:  5716 | steps_t:   648 | t: 10.709613 | r:  -516.000000 | e:   0.935200 | Q: -310.535065 | won: False 
#  510 | steps:  5725 | steps_t:   656 | t: 10.797618 | r:  -508.000000 | e:   0.934400 | Q: -314.968170 | won: False 
#  511 | steps:  5733 | steps_t:   663 | t: 10.867622 | r:  -507.000000 | e:   0.933700 | Q:        nan | won: False 
#  512 | steps:  5742 | steps_t:   671 | t: 10.949626 | r:  -508.000000 | e:   0.932900 | Q: -318.782745 | won: False 
#  513 | steps:  5754 | steps_t:   682 | t: 11.063633 | r:  -511.000000 | e:   0.931800 | Q: -329.874268 | won: False 
#  514 | steps:  5770 | steps_t:   697 | t: 11.213641 | r:  -515.000000 | e:   0.930300 | Q:        nan | won: False 
#  515 | steps:  5783 | steps_t:   709 | t: 11.332648 | r:  -512.000000 | e:   0.929100 | Q:        nan | won: False 
#  516 | steps:  5794 | steps_t:   719 | t: 11.433654 | r:  -510.000000 | e:   0.928100 | Q: -278.342590 | won: False 
#  517 | steps:  5802 | steps_t:   726 | t: 11.502658 | r:  -507.000000 | e:   0.927400 | Q:        nan | won: False 
#  518 | steps:  5810 | steps_t:   733 | t: 11.572662 | r:  -507.000000 | e:   0.926700 | Q:        nan | won: False 
#  519 | steps:  5822 | steps_t:   744 | t: 11.681668 | r:  -511.000000 | e:   0.925600 | Q: -319.088135 | won: False 
#  520 | steps:  5829 | steps_t:   750 | t: 11.740671 | r:  -506.000000 | e:   0.925000 | Q: -316.974396 | won: False 
#  521 | steps:  5842 | steps_t:   762 | t: 11.859678 | r:  -512.000000 | e:   0.923800 | Q: -326.082733 | won: False 
#  522 | steps:  5851 | steps_t:   770 | t: 11.939683 | r:  -508.000000 | e:   0.923000 | Q: -315.076477 | won: False 
#  523 | steps:  5858 | steps_t:   776 | t: 11.999686 | r:  -506.000000 | e:   0.922400 | Q:        nan | won: False 
#  524 | steps:  5870 | steps_t:   787 | t: 12.111693 | r:  -511.000000 | e:   0.921300 | Q: -323.561127 | won: False 
#  525 | steps:  5877 | steps_t:   793 | t: 12.179697 | r:  -506.000000 | e:   0.920700 | Q:        nan | won: False 
#  526 | steps:  5894 | steps_t:   809 | t: 12.368707 | r:  -516.000000 | e:   0.919100 | Q: -298.054688 | won: False 
#  527 | steps:  5903 | steps_t:   817 | t: 12.448712 | r:  -508.000000 | e:   0.918300 | Q:        nan | won: False 
#  528 | steps:  5913 | steps_t:   826 | t: 12.539717 | r:  -509.000000 | e:   0.917400 | Q:        nan | won: False 
#  529 | steps:  5922 | steps_t:   834 | t: 12.628722 | r:  -508.000000 | e:   0.916600 | Q: -276.188080 | won: False 
#  530 | steps:  5942 | steps_t:   853 | t: 12.812733 | r:  -519.000000 | e:   0.914700 | Q:        nan | won: False 
#  531 | steps:  5965 | steps_t:   875 | t: 13.036746 | r:  -522.000000 | e:   0.912500 | Q: -312.479797 | won: False 
#  532 | steps:  5973 | steps_t:   882 | t: 13.106750 | r:  -507.000000 | e:   0.911800 | Q: -311.918884 | won: False 
#  533 | steps:  5981 | steps_t:   889 | t: 13.174753 | r:  -507.000000 | e:   0.911100 | Q: -304.412262 | won: False 
#  534 | steps:  5986 | steps_t:   893 | t: 13.215756 | r:  -504.000000 | e:   0.910700 | Q:        nan | won: False 
#  535 | steps:  5993 | steps_t:   899 | t: 13.275759 | r:  -506.000000 | e:   0.910100 | Q:        nan | won: False 
#  536 | steps:  6003 | steps_t:   908 | t: 13.365764 | r:  -509.000000 | e:   0.909200 | Q: -293.630249 | won: False 
#  537 | steps:  6010 | steps_t:   914 | t: 13.425768 | r:  -506.000000 | e:   0.908600 | Q:        nan | won: False 
#  538 | steps:  6021 | steps_t:   924 | t: 13.525774 | r:  -510.000000 | e:   0.907600 | Q: -300.568207 | won: False 
#  539 | steps:  6031 | steps_t:   933 | t: 13.612778 | r:  -509.000000 | e:   0.906700 | Q:        nan | won: False 
#  540 | steps:  6043 | steps_t:   944 | t: 13.719785 | r:  -511.000000 | e:   0.905600 | Q: -309.307953 | won: False 
#  541 | steps:  6049 | steps_t:   949 | t: 13.772788 | r:  -505.000000 | e:   0.905100 | Q: -297.059479 | won: False 
#  542 | steps:  6064 | steps_t:   963 | t: 13.908796 | r:  -514.000000 | e:   0.903700 | Q:        nan | won: False 
#  543 | steps:  6073 | steps_t:   971 | t: 13.989800 | r:  -508.000000 | e:   0.902900 | Q: -296.041504 | won: False 
#  544 | steps:  6082 | steps_t:   979 | t: 14.068805 | r:  -508.000000 | e:   0.902100 | Q:        nan | won: False 
#  545 | steps:  6087 | steps_t:   983 | t: 14.108807 | r:  -504.000000 | e:   0.901700 | Q:        nan | won: False 
#  546 | steps:  6102 | steps_t:   997 | t: 14.247815 | r:  -514.000000 | e:   0.900300 | Q: -297.121307 | won: False 
#  547 | steps:  6118 | steps_t:  1012 | t: 14.397823 | r:  -504.000000 | e:   0.898800 | Q: -303.339111 | won: False 
#  548 | steps:  6143 | steps_t:  1036 | t: 14.656838 | r:  -524.000000 | e:   0.896400 | Q: -309.323975 | won: False 
#  549 | steps:  6151 | steps_t:  1043 | t: 14.723842 | r:  -507.000000 | e:   0.895700 | Q:        nan | won: False 
#  550 | steps:  6171 | steps_t:  1062 | t: 14.915853 | r:  -519.000000 | e:   0.893800 | Q: -293.320984 | won: False 
#  551 | steps:  6181 | steps_t:  1071 | t: 15.006858 | r:  -509.000000 | e:   0.892900 | Q: -291.781586 | won: False 
#  552 | steps:  6190 | steps_t:  1079 | t: 15.088863 | r:  -508.000000 | e:   0.892100 | Q: -294.649597 | won: False 
#  553 | steps:  6202 | steps_t:  1090 | t: 15.198869 | r:  -511.000000 | e:   0.891000 | Q:        nan | won: False 
#  554 | steps:  6214 | steps_t:  1101 | t: 15.305875 | r:  -511.000000 | e:   0.889900 | Q:        nan | won: False 
#  555 | steps:  6225 | steps_t:  1111 | t: 15.407881 | r:  -510.000000 | e:   0.888900 | Q: -316.765808 | won: False 
#  556 | steps:  6238 | steps_t:  1123 | t: 15.533889 | r:  -512.000000 | e:   0.887700 | Q: -299.482147 | won: False 
#  557 | steps:  6250 | steps_t:  1134 | t: 15.644895 | r:  -511.000000 | e:   0.886600 | Q: -318.052795 | won: False 
#  558 | steps:  6259 | steps_t:  1142 | t: 15.723899 | r:  -508.000000 | e:   0.885800 | Q: -310.107605 | won: False 
#  559 | steps:  6282 | steps_t:  1164 | t: 15.944912 | r:  -522.000000 | e:   0.883600 | Q: -303.023956 | won: False 
#  560 | steps:  6292 | steps_t:  1173 | t: 16.035917 | r:  -509.000000 | e:   0.882700 | Q: -299.424408 | won: False 
#  561 | steps:  6301 | steps_t:  1181 | t: 16.117922 | r:  -508.000000 | e:   0.881900 | Q: -285.385101 | won: False 
#  562 | steps:  6309 | steps_t:  1188 | t: 16.191926 | r:  -507.000000 | e:   0.881200 | Q: -264.990845 | won: False 
#  563 | steps:  6325 | steps_t:  1203 | t: 16.348935 | r:  -515.000000 | e:   0.879700 | Q: -253.511429 | won: False 
#  564 | steps:  6349 | steps_t:  1226 | t: 16.580948 | r:  -523.000000 | e:   0.877400 | Q: -257.543365 | won: False 
#  565 | steps:  6357 | steps_t:  1233 | t: 16.650952 | r:  -507.000000 | e:   0.876700 | Q:        nan | won: False 
#  566 | steps:  6363 | steps_t:  1238 | t: 16.701955 | r:  -505.000000 | e:   0.876200 | Q:        nan | won: False 
#  567 | steps:  6371 | steps_t:  1245 | t: 16.769959 | r:  -507.000000 | e:   0.875500 | Q: -283.050171 | won: False 
#  568 | steps:  6377 | steps_t:  1250 | t: 16.822962 | r:  -505.000000 | e:   0.875000 | Q:        nan | won: False 
#  569 | steps:  6384 | steps_t:  1256 | t: 16.888966 | r:  -506.000000 | e:   0.874400 | Q: -290.311371 | won: False 
#  570 | steps:  6414 | steps_t:  1285 | t: 17.211984 | r:  -529.000000 | e:   0.871500 | Q: -344.722565 | won: False 
#  571 | steps:  6437 | steps_t:  1307 | t: 17.453998 | r:  -522.000000 | e:   0.869300 | Q: -294.095856 | won: False 
#  572 | steps:  6445 | steps_t:  1314 | t: 17.562004 | r:  -507.000000 | e:   0.868600 | Q: -292.022522 | won: False 
#  573 | steps:  6457 | steps_t:  1325 | t: 17.688012 | r:  -511.000000 | e:   0.867500 | Q:        nan | won: False 
#  574 | steps:  6467 | steps_t:  1334 | t: 17.779017 | r:  -509.000000 | e:   0.866600 | Q: -278.891785 | won: False 
#  575 | steps:  6483 | steps_t:  1349 | t: 17.930025 | r:  -515.000000 | e:   0.865100 | Q: -298.376190 | won: False 
#  576 | steps:  6490 | steps_t:  1355 | t: 17.993029 | r:  -506.000000 | e:   0.864500 | Q: -302.677612 | won: False 
#  577 | steps:  6496 | steps_t:  1360 | t: 18.042032 | r:  -505.000000 | e:   0.864000 | Q:        nan | won: False 
#  578 | steps:  6518 | steps_t:  1381 | t: 18.256044 | r:  -521.000000 | e:   0.861900 | Q: -308.080872 | won: False 
#  579 | steps:  6524 | steps_t:  1386 | t: 18.305047 | r:  -505.000000 | e:   0.861400 | Q:        nan | won: False 
#  580 | steps:  6539 | steps_t:  1400 | t: 18.445055 | r:  -514.000000 | e:   0.860000 | Q:        nan | won: False 
#  581 | steps:  6548 | steps_t:  1408 | t: 18.527060 | r:  -508.000000 | e:   0.859200 | Q: -312.018799 | won: False 
#  582 | steps:  6557 | steps_t:  1416 | t: 18.607064 | r:  -508.000000 | e:   0.858400 | Q: -296.485321 | won: False 
#  583 | steps:  6571 | steps_t:  1429 | t: 18.734071 | r:  -513.000000 | e:   0.857100 | Q: -307.018951 | won: False 
#  584 | steps:  6579 | steps_t:  1436 | t: 18.804075 | r:  -507.000000 | e:   0.856400 | Q: -306.711792 | won: False 
#  585 | steps:  6587 | steps_t:  1443 | t: 18.871079 | r:  -507.000000 | e:   0.855700 | Q:        nan | won: False 
#  586 | steps:  6600 | steps_t:  1455 | t: 18.996086 | r:  -512.000000 | e:   0.854500 | Q: -298.631775 | won: False 
#  587 | steps:  6609 | steps_t:  1463 | t: 19.076091 | r:  -508.000000 | e:   0.853700 | Q: -317.396851 | won: False 
#  588 | steps:  6618 | steps_t:  1471 | t: 19.155096 | r:  -508.000000 | e:   0.852900 | Q:        nan | won: False 
#  589 | steps:  6626 | steps_t:  1478 | t: 19.231100 | r:  -507.000000 | e:   0.852200 | Q:        nan | won: False 
#  590 | steps:  6635 | steps_t:  1486 | t: 19.311105 | r:  -508.000000 | e:   0.851400 | Q: -292.406586 | won: False 
#  591 | steps:  6644 | steps_t:  1494 | t: 19.391109 | r:  -508.000000 | e:   0.850600 | Q: -318.789276 | won: False 
#  592 | steps:  6658 | steps_t:  1507 | t: 19.520116 | r:  -513.000000 | e:   0.849300 | Q: -300.063721 | won: False 
#  593 | steps:  6666 | steps_t:  1514 | t: 19.592120 | r:  -507.000000 | e:   0.848600 | Q: -357.639648 | won: False 
#  594 | steps:  6673 | steps_t:  1520 | t: 19.657124 | r:  -506.000000 | e:   0.848000 | Q:        nan | won: False 
#  595 | steps:  6683 | steps_t:  1529 | t: 19.756130 | r:  -509.000000 | e:   0.847100 | Q: -330.788605 | won: False 
#  596 | steps:  6692 | steps_t:  1537 | t: 19.837135 | r:  -508.000000 | e:   0.846300 | Q: -302.804565 | won: False 
#  597 | steps:  6701 | steps_t:  1545 | t: 19.917139 | r:  -508.000000 | e:   0.845500 | Q: -292.015289 | won: False 
#  598 | steps:  6711 | steps_t:  1554 | t: 20.010144 | r:  -509.000000 | e:   0.844600 | Q: -283.924988 | won: False 
#  599 | steps:  6720 | steps_t:  1562 | t: 20.087149 | r:  -508.000000 | e:   0.843800 | Q:        nan | won: False 
#  600 | steps:  6726 | steps_t:  1567 | t: 20.135152 | r:  -505.000000 | e:   0.843300 | Q:        nan | won: False 
#  601 | steps:  6745 | steps_t:  1585 | t: 20.316162 | r:  -518.000000 | e:   0.841500 | Q: -269.994141 | won: False 
#  602 | steps:  6755 | steps_t:  1594 | t: 20.405167 | r:  -509.000000 | e:   0.840600 | Q:        nan | won: False 
#  603 | steps:  6760 | steps_t:  1598 | t: 20.445169 | r:  -504.000000 | e:   0.840200 | Q:        nan | won: False 
#  604 | steps:  6769 | steps_t:  1606 | t: 20.527174 | r:  -508.000000 | e:   0.839400 | Q: -270.263428 | won: False 
#  605 | steps:  6778 | steps_t:  1614 | t: 20.610179 | r:  -508.000000 | e:   0.838600 | Q: -285.268158 | won: False 
#  606 | steps:  6785 | steps_t:  1620 | t: 20.672182 | r:  -506.000000 | e:   0.838000 | Q: -285.892426 | won: False 
#  607 | steps:  6797 | steps_t:  1631 | t: 20.786189 | r:  -511.000000 | e:   0.836900 | Q: -295.157959 | won: False 
#  608 | steps:  6807 | steps_t:  1640 | t: 20.876194 | r:  -509.000000 | e:   0.836000 | Q: -337.389160 | won: False 
#  609 | steps:  6817 | steps_t:  1649 | t: 20.970199 | r:  -509.000000 | e:   0.835100 | Q: -304.405548 | won: False 
#  610 | steps:  6823 | steps_t:  1654 | t: 21.022202 | r:  -505.000000 | e:   0.834600 | Q: -317.171814 | won: False 
#  611 | steps:  6833 | steps_t:  1663 | t: 21.116208 | r:  -509.000000 | e:   0.833700 | Q: -318.646027 | won: False 
#  612 | steps:  6841 | steps_t:  1670 | t: 21.186212 | r:  -507.000000 | e:   0.833000 | Q: -319.760101 | won: False 
#  613 | steps:  6851 | steps_t:  1679 | t: 21.278217 | r:  -509.000000 | e:   0.832100 | Q: -307.723938 | won: False 
#  614 | steps:  6859 | steps_t:  1686 | t: 21.348221 | r:  -507.000000 | e:   0.831400 | Q: -312.634247 | won: False 
#  615 | steps:  6865 | steps_t:  1691 | t: 21.397224 | r:  -505.000000 | e:   0.830900 | Q: -330.747345 | won: False 
#  616 | steps:  6876 | steps_t:  1701 | t: 21.498230 | r:  -510.000000 | e:   0.829900 | Q:        nan | won: False 
#  617 | steps:  6895 | steps_t:  1719 | t: 21.676240 | r:  -518.000000 | e:   0.828100 | Q: -325.711700 | won: False 
#  618 | steps:  6927 | steps_t:  1750 | t: 22.076263 | r:  -531.000000 | e:   0.825000 | Q: -292.154114 | won: False 
#  619 | steps:  6937 | steps_t:  1759 | t: 22.169268 | r:  -509.000000 | e:   0.824100 | Q: -336.461426 | won: False 
#  620 | steps:  6948 | steps_t:  1769 | t: 22.268274 | r:  -510.000000 | e:   0.823100 | Q: -348.853210 | won: False 
#  621 | steps:  6957 | steps_t:  1777 | t: 22.351278 | r:  -508.000000 | e:   0.822300 | Q: -327.010345 | won: False 
#  622 | steps:  6966 | steps_t:  1785 | t: 22.431283 | r:  -508.000000 | e:   0.821500 | Q:        nan | won: False 
#  623 | steps:  6972 | steps_t:  1790 | t: 22.483286 | r:  -505.000000 | e:   0.821000 | Q: -378.302277 | won: False 
#  624 | steps:  6979 | steps_t:  1796 | t: 22.545290 | r:  -506.000000 | e:   0.820400 | Q: -342.628723 | won: False 
#  625 | steps:  6994 | steps_t:  1810 | t: 22.697298 | r:  -514.000000 | e:   0.819000 | Q: -324.290863 | won: False 
#  626 | steps:  7003 | steps_t:  1818 | t: 22.793303 | r:  -508.000000 | e:   0.818200 | Q: -333.962067 | won: False 
#  627 | steps:  7012 | steps_t:  1826 | t: 22.888309 | r:  -508.000000 | e:   0.817400 | Q:        nan | won: False 
#  628 | steps:  7023 | steps_t:  1836 | t: 22.998315 | r:  -510.000000 | e:   0.816400 | Q: -367.342499 | won: False 
#  629 | steps:  7029 | steps_t:  1841 | t: 23.048318 | r:  -505.000000 | e:   0.815900 | Q:        nan | won: False 
#  630 | steps:  7036 | steps_t:  1847 | t: 23.109322 | r:  -506.000000 | e:   0.815300 | Q: -320.733673 | won: False 
#  631 | steps:  7055 | steps_t:  1865 | t: 23.293332 | r:  -518.000000 | e:   0.813500 | Q: -309.876770 | won: False 
#  632 | steps:  7065 | steps_t:  1874 | t: 23.383337 | r:  -509.000000 | e:   0.812600 | Q: -323.390503 | won: False 
#  633 | steps:  7074 | steps_t:  1882 | t: 23.462342 | r:  -508.000000 | e:   0.811800 | Q: -364.570526 | won: False 
#  634 | steps:  7094 | steps_t:  1901 | t: 23.655353 | r:  -519.000000 | e:   0.809900 | Q: -298.627411 | won: False 
#  635 | steps:  7105 | steps_t:  1911 | t: 23.754359 | r:  -510.000000 | e:   0.808900 | Q: -384.580139 | won: False 
#  636 | steps:  7111 | steps_t:  1916 | t: 23.807362 | r:  -505.000000 | e:   0.808400 | Q: -346.549438 | won: False 
#  637 | steps:  7134 | steps_t:  1938 | t: 24.029374 | r:  -522.000000 | e:   0.806200 | Q: -330.681152 | won: False 
#  638 | steps:  7157 | steps_t:  1960 | t: 24.251387 | r:  -522.000000 | e:   0.804000 | Q: -307.511505 | won: False 
#  639 | steps:  7171 | steps_t:  1973 | t: 24.384395 | r:  -513.000000 | e:   0.802700 | Q: -301.346680 | won: False 
#  640 | steps:  7180 | steps_t:  1981 | t: 24.470399 | r:  -508.000000 | e:   0.801900 | Q: -317.285858 | won: False 
#  641 | steps:  7190 | steps_t:  1990 | t: 24.562405 | r:  -509.000000 | e:   0.801000 | Q: -359.830566 | won: False 
#  642 | steps:  7198 | steps_t:  1997 | t: 24.633409 | r:  -507.000000 | e:   0.800300 | Q:        nan | won: False 
#  643 | steps:  7206 | steps_t:  2004 | t: 24.706413 | r:  -507.000000 | e:   0.799600 | Q: -303.051971 | won: False 
#  644 | steps:  7212 | steps_t:  2009 | t: 24.755416 | r:  -505.000000 | e:   0.799100 | Q:        nan | won: False 
#  645 | steps:  7221 | steps_t:  2017 | t: 24.833420 | r:  -508.000000 | e:   0.798300 | Q:        nan | won: False 
#  646 | steps:  7228 | steps_t:  2023 | t: 24.893424 | r:  -506.000000 | e:   0.797700 | Q: -311.972412 | won: False 
#  647 | steps:  7234 | steps_t:  2028 | t: 24.950427 | r:  -505.000000 | e:   0.797200 | Q: -302.730072 | won: False 
#  648 | steps:  7251 | steps_t:  2044 | t: 25.111436 | r:  -516.000000 | e:   0.795600 | Q: -296.715454 | won: False 
#  649 | steps:  7261 | steps_t:  2053 | t: 25.201442 | r:  -509.000000 | e:   0.794700 | Q:        nan | won: False 
#  650 | steps:  7277 | steps_t:  2068 | t: 25.356450 | r:  -504.000000 | e:   0.793200 | Q: -329.225555 | won: False 
#  651 | steps:  7284 | steps_t:  2074 | t: 25.420454 | r:  -506.000000 | e:   0.792600 | Q:        nan | won: False 
#  652 | steps:  7294 | steps_t:  2083 | t: 25.513459 | r:  -509.000000 | e:   0.791700 | Q: -322.767548 | won: False 
#  653 | steps:  7317 | steps_t:  2105 | t: 25.734472 | r:  -522.000000 | e:   0.789500 | Q: -291.824310 | won: False 
#  654 | steps:  7329 | steps_t:  2116 | t: 25.842478 | r:  -511.000000 | e:   0.788400 | Q: -307.732300 | won: False 
#  655 | steps:  7337 | steps_t:  2123 | t: 25.912482 | r:  -507.000000 | e:   0.787700 | Q: -301.487610 | won: False 
#  656 | steps:  7342 | steps_t:  2127 | t: 25.958485 | r:  -504.000000 | e:   0.787300 | Q: -332.723511 | won: False 
#  657 | steps:  7349 | steps_t:  2133 | t: 26.019488 | r:  -506.000000 | e:   0.786700 | Q: -308.940979 | won: False 
#  658 | steps:  7359 | steps_t:  2142 | t: 26.109493 | r:  -509.000000 | e:   0.785800 | Q: -301.627594 | won: False 
#  659 | steps:  7367 | steps_t:  2149 | t: 26.184498 | r:  -507.000000 | e:   0.785100 | Q: -292.185730 | won: False 
#  660 | steps:  7378 | steps_t:  2159 | t: 26.283503 | r:  -510.000000 | e:   0.784100 | Q: -291.814117 | won: False 
#  661 | steps:  7384 | steps_t:  2164 | t: 26.332506 | r:  -505.000000 | e:   0.783600 | Q: -308.812683 | won: False 
#  662 | steps:  7402 | steps_t:  2181 | t: 26.503516 | r:  -517.000000 | e:   0.781900 | Q: -259.338348 | won: False 
#  663 | steps:  7411 | steps_t:  2189 | t: 26.583520 | r:  -508.000000 | e:   0.781100 | Q: -411.609436 | won: False 
#  664 | steps:  7423 | steps_t:  2200 | t: 26.693527 | r:  -511.000000 | e:   0.780000 | Q: -351.030457 | won: False 
#  665 | steps:  7434 | steps_t:  2210 | t: 26.798533 | r:  -510.000000 | e:   0.779000 | Q: -305.828094 | won: False 
#  666 | steps:  7444 | steps_t:  2219 | t: 26.891538 | r:  -509.000000 | e:   0.778100 | Q: -300.022858 | won: False 
#  667 | steps:  7454 | steps_t:  2228 | t: 26.984543 | r:  -509.000000 | e:   0.777200 | Q: -312.947754 | won: False 
#  668 | steps:  7461 | steps_t:  2234 | t: 27.053547 | r:  -506.000000 | e:   0.776600 | Q: -321.890625 | won: False 
#  669 | steps:  7471 | steps_t:  2243 | t: 27.149553 | r:  -509.000000 | e:   0.775700 | Q: -315.465271 | won: False 
#  670 | steps:  7482 | steps_t:  2253 | t: 27.247558 | r:  -510.000000 | e:   0.774700 | Q:        nan | won: False 
#  671 | steps:  7494 | steps_t:  2264 | t: 27.360565 | r:  -511.000000 | e:   0.773600 | Q: -319.384460 | won: False 
#  672 | steps:  7505 | steps_t:  2274 | t: 27.462571 | r:  -510.000000 | e:   0.772600 | Q: -341.197479 | won: False 
#  673 | steps:  7516 | steps_t:  2284 | t: 27.569577 | r:  -510.000000 | e:   0.771600 | Q: -355.892883 | won: False 
#  674 | steps:  7526 | steps_t:  2293 | t: 27.666583 | r:  -509.000000 | e:   0.770700 | Q: -291.468933 | won: False 
#  675 | steps:  7548 | steps_t:  2314 | t: 27.876594 | r:  -521.000000 | e:   0.768600 | Q: -297.816742 | won: False 
#  676 | steps:  7564 | steps_t:  2329 | t: 28.051605 | r:  -515.000000 | e:   0.767100 | Q: -301.947327 | won: False 
#  677 | steps:  7571 | steps_t:  2335 | t: 28.133609 | r:  -506.000000 | e:   0.766500 | Q: -347.360931 | won: False 
#  678 | steps:  7581 | steps_t:  2344 | t: 28.253616 | r:  -509.000000 | e:   0.765600 | Q: -323.575989 | won: False 
#  679 | steps:  7588 | steps_t:  2350 | t: 28.344621 | r:  -506.000000 | e:   0.765000 | Q: -306.465759 | won: False 
#  680 | steps:  7605 | steps_t:  2366 | t: 28.539632 | r:  -516.000000 | e:   0.763400 | Q: -405.837830 | won: False 
#  681 | steps:  7616 | steps_t:  2376 | t: 28.672640 | r:  -510.000000 | e:   0.762400 | Q: -316.604614 | won: False 
#  682 | steps:  7622 | steps_t:  2381 | t: 28.722643 | r:  -505.000000 | e:   0.761900 | Q:        nan | won: False 
#  683 | steps:  7631 | steps_t:  2389 | t: 28.803648 | r:  -508.000000 | e:   0.761100 | Q: -375.886536 | won: False 
#  684 | steps:  7654 | steps_t:  2411 | t: 29.023660 | r:  -522.000000 | e:   0.758900 | Q: -330.025757 | won: False 
#  685 | steps:  7664 | steps_t:  2420 | t: 29.113665 | r:  -509.000000 | e:   0.758000 | Q: -340.802216 | won: False 
#  686 | steps:  7674 | steps_t:  2429 | t: 29.203670 | r:  -509.000000 | e:   0.757100 | Q: -300.238464 | won: False 
#  687 | steps:  7697 | steps_t:  2451 | t: 29.439684 | r:  -522.000000 | e:   0.754900 | Q: -304.985168 | won: False 
#  688 | steps:  7715 | steps_t:  2468 | t: 29.610694 | r:  -517.000000 | e:   0.753200 | Q: -378.727203 | won: False 
#  689 | steps:  7728 | steps_t:  2480 | t: 29.735701 | r:  -512.000000 | e:   0.752000 | Q: -311.002472 | won: False 
#  690 | steps:  7748 | steps_t:  2499 | t: 29.923712 | r:  -519.000000 | e:   0.750100 | Q: -311.103821 | won: False 
#  691 | steps:  7758 | steps_t:  2508 | t: 30.015717 | r:  -509.000000 | e:   0.749200 | Q: -405.856903 | won: False 
#  692 | steps:  7768 | steps_t:  2517 | t: 30.104722 | r:  -509.000000 | e:   0.748300 | Q: -304.075806 | won: False 
#  693 | steps:  7776 | steps_t:  2524 | t: 30.177726 | r:  -507.000000 | e:   0.747600 | Q: -333.664825 | won: False 
#  694 | steps:  7785 | steps_t:  2532 | t: 30.280732 | r:  -508.000000 | e:   0.746800 | Q: -430.780487 | won: False 
#  695 | steps:  7799 | steps_t:  2545 | t: 30.418740 | r:  -513.000000 | e:   0.745500 | Q: -308.681580 | won: False 
#  696 | steps:  7816 | steps_t:  2561 | t: 30.592750 | r:  -505.000000 | e:   0.743900 | Q: -305.815613 | won: False 
#  697 | steps:  7830 | steps_t:  2574 | t: 30.726757 | r:  -513.000000 | e:   0.742600 | Q: -410.665161 | won: False 
#  698 | steps:  7842 | steps_t:  2585 | t: 30.857765 | r:  -511.000000 | e:   0.741500 | Q: -302.341125 | won: False 
#  699 | steps:  7854 | steps_t:  2596 | t: 30.969771 | r:  -511.000000 | e:   0.740400 | Q: -433.642853 | won: False 
#  700 | steps:  7869 | steps_t:  2610 | t: 31.133781 | r:  -514.000000 | e:   0.739000 | Q: -314.106598 | won: False 
#  701 | steps:  7879 | steps_t:  2619 | t: 31.246787 | r:  -509.000000 | e:   0.738100 | Q: -294.889557 | won: False 
#  702 | steps:  7890 | steps_t:  2629 | t: 31.379795 | r:  -510.000000 | e:   0.737100 | Q: -285.356384 | won: False 
#  703 | steps:  7900 | steps_t:  2638 | t: 31.494801 | r:  -509.000000 | e:   0.736200 | Q: -294.373199 | won: False 
#  704 | steps:  7911 | steps_t:  2648 | t: 31.629809 | r:  -510.000000 | e:   0.735200 | Q: -291.640503 | won: False 
#  705 | steps:  7921 | steps_t:  2657 | t: 31.739815 | r:  -509.000000 | e:   0.734300 | Q: -434.757477 | won: False 
#  706 | steps:  7932 | steps_t:  2667 | t: 31.839821 | r:  -510.000000 | e:   0.733300 | Q: -348.377289 | won: False 
#  707 | steps:  7942 | steps_t:  2676 | t: 31.933826 | r:  -509.000000 | e:   0.732400 | Q: -408.426941 | won: False 
#  708 | steps:  7952 | steps_t:  2685 | t: 32.025832 | r:  -509.000000 | e:   0.731500 | Q: -317.507904 | won: False 
#  709 | steps:  7963 | steps_t:  2695 | t: 32.135838 | r:  -510.000000 | e:   0.730500 | Q: -411.621277 | won: False 
#  710 | steps:  7974 | steps_t:  2705 | t: 32.242844 | r:  -510.000000 | e:   0.729500 | Q: -316.297791 | won: False 
#  711 | steps:  7988 | steps_t:  2718 | t: 32.393853 | r:  -513.000000 | e:   0.728200 | Q: -445.102600 | won: False 
#  712 | steps:  8001 | steps_t:  2730 | t: 32.531861 | r:  -512.000000 | e:   0.727000 | Q: -446.381104 | won: False 
#  713 | steps:  8012 | steps_t:  2740 | t: 32.640867 | r:  -510.000000 | e:   0.726000 | Q: -431.724823 | won: False 
#  714 | steps:  8031 | steps_t:  2758 | t: 32.822877 | r:  -507.000000 | e:   0.724200 | Q: -367.946564 | won: False 
#  715 | steps:  8045 | steps_t:  2771 | t: 32.976886 | r:  -513.000000 | e:   0.722900 | Q: -363.890808 | won: False 
#  716 | steps:  8052 | steps_t:  2777 | t: 33.052890 | r:  -506.000000 | e:   0.722300 | Q: -292.471558 | won: False 
#  717 | steps:  8059 | steps_t:  2783 | t: 33.117894 | r:  -506.000000 | e:   0.721700 | Q: -402.951141 | won: False 
#  718 | steps:  8068 | steps_t:  2791 | t: 33.206899 | r:  -508.000000 | e:   0.720900 | Q: -309.870331 | won: False 
#  719 | steps:  8078 | steps_t:  2800 | t: 33.301905 | r:  -509.000000 | e:   0.720000 | Q: -315.482330 | won: False 
#  720 | steps:  8088 | steps_t:  2809 | t: 33.411911 | r:  -509.000000 | e:   0.719100 | Q: -378.445892 | won: False 
#  721 | steps:  8106 | steps_t:  2826 | t: 33.616923 | r:  -517.000000 | e:   0.717400 | Q: -271.476624 | won: False 
#  722 | steps:  8118 | steps_t:  2837 | t: 33.773932 | r:  -511.000000 | e:   0.716300 | Q: -278.784119 | won: False 
#  723 | steps:  8126 | steps_t:  2844 | t: 33.858937 | r:  -507.000000 | e:   0.715600 | Q: -372.247620 | won: False 
#  724 | steps:  8133 | steps_t:  2850 | t: 33.925941 | r:  -506.000000 | e:   0.715000 | Q: -368.914276 | won: False 
#  725 | steps:  8139 | steps_t:  2855 | t: 33.975943 | r:  -505.000000 | e:   0.714500 | Q:        nan | won: False 
#  726 | steps:  8147 | steps_t:  2862 | t: 34.050947 | r:  -507.000000 | e:   0.713800 | Q: -336.688171 | won: False 
#  727 | steps:  8153 | steps_t:  2867 | t: 34.106951 | r:  -505.000000 | e:   0.713300 | Q: -306.330719 | won: False 
#  728 | steps:  8158 | steps_t:  2871 | t: 34.152954 | r:  -504.000000 | e:   0.712900 | Q: -345.027679 | won: False 
#  729 | steps:  8169 | steps_t:  2881 | t: 34.259959 | r:  -510.000000 | e:   0.711900 | Q: -307.108887 | won: False 
#  730 | steps:  8180 | steps_t:  2891 | t: 34.366966 | r:  -510.000000 | e:   0.710900 | Q: -446.086121 | won: False 
#  731 | steps:  8198 | steps_t:  2908 | t: 34.537976 | r:  -517.000000 | e:   0.709200 | Q: -280.459869 | won: False 
#  732 | steps:  8207 | steps_t:  2916 | t: 34.626981 | r:  -508.000000 | e:   0.708400 | Q: -302.203522 | won: False 
#  733 | steps:  8213 | steps_t:  2921 | t: 34.679984 | r:  -505.000000 | e:   0.707900 | Q: -398.880219 | won: False 
#  734 | steps:  8222 | steps_t:  2929 | t: 34.761988 | r:  -508.000000 | e:   0.707100 | Q: -320.441101 | won: False 
#  735 | steps:  8233 | steps_t:  2939 | t: 34.867994 | r:  -510.000000 | e:   0.706100 | Q: -302.700562 | won: False 
#  736 | steps:  8238 | steps_t:  2943 | t: 34.923998 | r:  -504.000000 | e:   0.705700 | Q: -397.483643 | won: False 
#  737 | steps:  8256 | steps_t:  2960 | t: 35.109008 | r:  -517.000000 | e:   0.704000 | Q: -282.077332 | won: False 
#  738 | steps:  8264 | steps_t:  2967 | t: 35.182012 | r:  -507.000000 | e:   0.703300 | Q: -413.621643 | won: False 
#  739 | steps:  8276 | steps_t:  2978 | t: 35.298019 | r:  -511.000000 | e:   0.702200 | Q: -310.895264 | won: False 
#  740 | steps:  8288 | steps_t:  2989 | t: 35.416026 | r:  -511.000000 | e:   0.701100 | Q: -303.899445 | won: False 
#  741 | steps:  8300 | steps_t:  3000 | t: 35.532032 | r:  -511.000000 | e:   0.700000 | Q: -284.442200 | won: False 
#  742 | steps:  8309 | steps_t:  3008 | t: 35.618037 | r:  -508.000000 | e:   0.699200 | Q: -332.863403 | won: False 
#  743 | steps:  8330 | steps_t:  3028 | t: 35.829049 | r:  -520.000000 | e:   0.697200 | Q: -290.687836 | won: False 
#  744 | steps:  8337 | steps_t:  3034 | t: 35.892053 | r:  -506.000000 | e:   0.696600 | Q: -288.457031 | won: False 
#  745 | steps:  8347 | steps_t:  3043 | t: 35.989058 | r:  -509.000000 | e:   0.695700 | Q: -252.312180 | won: False 
#  746 | steps:  8357 | steps_t:  3052 | t: 36.097065 | r:  -509.000000 | e:   0.694800 | Q: -324.852966 | won: False 
#  747 | steps:  8363 | steps_t:  3057 | t: 36.153068 | r:  -505.000000 | e:   0.694300 | Q: -307.310150 | won: False 
#  748 | steps:  8369 | steps_t:  3062 | t: 36.208071 | r:  -505.000000 | e:   0.693800 | Q: -320.518036 | won: False 
#  749 | steps:  8377 | steps_t:  3069 | t: 36.281075 | r:  -507.000000 | e:   0.693100 | Q: -406.639465 | won: False 
#  750 | steps:  8383 | steps_t:  3074 | t: 36.336078 | r:  -505.000000 | e:   0.692600 | Q: -397.065704 | won: False 
#  751 | steps:  8391 | steps_t:  3081 | t: 36.411083 | r:  -507.000000 | e:   0.691900 | Q: -409.132843 | won: False 
#  752 | steps:  8398 | steps_t:  3087 | t: 36.472086 | r:  -506.000000 | e:   0.691300 | Q:        nan | won: False 
#  753 | steps:  8405 | steps_t:  3093 | t: 36.534089 | r:  -506.000000 | e:   0.690700 | Q:        nan | won: False 
#  754 | steps:  8413 | steps_t:  3100 | t: 36.620094 | r:  -507.000000 | e:   0.690000 | Q: -342.373657 | won: False 
#  755 | steps:  8422 | steps_t:  3108 | t: 36.705099 | r:  -508.000000 | e:   0.689200 | Q: -335.680847 | won: False 
#  756 | steps:  8430 | steps_t:  3115 | t: 36.779104 | r:  -507.000000 | e:   0.688500 | Q: -275.471436 | won: False 
#  757 | steps:  8441 | steps_t:  3125 | t: 36.891110 | r:  -510.000000 | e:   0.687500 | Q: -254.792740 | won: False 
#  758 | steps:  8450 | steps_t:  3133 | t: 36.975115 | r:  -508.000000 | e:   0.686700 | Q: -259.291016 | won: False 
#  759 | steps:  8461 | steps_t:  3143 | t: 37.081121 | r:  -510.000000 | e:   0.685700 | Q: -284.972961 | won: False 
#  760 | steps:  8469 | steps_t:  3150 | t: 37.159125 | r:  -507.000000 | e:   0.685000 | Q: -278.087280 | won: False 
#  761 | steps:  8480 | steps_t:  3160 | t: 37.268131 | r:  -510.000000 | e:   0.684000 | Q: -301.458405 | won: False 
#  762 | steps:  8490 | steps_t:  3169 | t: 37.362137 | r:  -509.000000 | e:   0.683100 | Q: -328.138519 | won: False 
#  763 | steps:  8503 | steps_t:  3181 | t: 37.490144 | r:  -512.000000 | e:   0.681900 | Q: -389.542053 | won: False 
#  764 | steps:  8514 | steps_t:  3191 | t: 37.605151 | r:  -510.000000 | e:   0.680900 | Q: -299.024811 | won: False 
#  765 | steps:  8524 | steps_t:  3200 | t: 37.701156 | r:  -509.000000 | e:   0.680000 | Q: -337.636658 | won: False 
#  766 | steps:  8537 | steps_t:  3212 | t: 37.829164 | r:  -512.000000 | e:   0.678800 | Q: -328.623413 | won: False 
#  767 | steps:  8546 | steps_t:  3220 | t: 37.913168 | r:  -508.000000 | e:   0.678000 | Q: -260.050293 | won: False 
#  768 | steps:  8558 | steps_t:  3231 | t: 38.027175 | r:  -511.000000 | e:   0.676900 | Q: -334.562073 | won: False 
#  769 | steps:  8568 | steps_t:  3240 | t: 38.126181 | r:  -509.000000 | e:   0.676000 | Q: -414.939453 | won: False 
#  770 | steps:  8585 | steps_t:  3256 | t: 38.299191 | r:  -516.000000 | e:   0.674400 | Q: -280.100586 | won: False 
#  771 | steps:  8605 | steps_t:  3275 | t: 38.503202 | r:  -508.000000 | e:   0.672500 | Q: -288.529724 | won: False 
#  772 | steps:  8613 | steps_t:  3282 | t: 38.577206 | r:  -507.000000 | e:   0.671800 | Q: -348.462860 | won: False 
#  773 | steps:  8622 | steps_t:  3290 | t: 38.672212 | r:  -508.000000 | e:   0.671000 | Q: -430.695312 | won: False 
#  774 | steps:  8634 | steps_t:  3301 | t: 38.835221 | r:  -511.000000 | e:   0.669900 | Q: -329.256683 | won: False 
#  775 | steps:  8649 | steps_t:  3315 | t: 38.986230 | r:  -503.000000 | e:   0.668500 | Q: -348.909637 | won: False 
#  776 | steps:  8664 | steps_t:  3329 | t: 39.131238 | r:  -514.000000 | e:   0.667100 | Q: -300.715973 | won: False 
#  777 | steps:  8675 | steps_t:  3339 | t: 39.234244 | r:  -510.000000 | e:   0.666100 | Q: -311.543854 | won: False 
#  778 | steps:  8690 | steps_t:  3353 | t: 39.382252 | r:  -514.000000 | e:   0.664700 | Q: -345.342682 | won: False 
#  779 | steps:  8703 | steps_t:  3365 | t: 39.508260 | r:  -512.000000 | e:   0.663500 | Q: -294.375061 | won: False 
#  780 | steps:  8714 | steps_t:  3375 | t: 39.622266 | r:  -510.000000 | e:   0.662500 | Q: -399.252411 | won: False 
#  781 | steps:  8737 | steps_t:  3397 | t: 39.853279 | r:  -522.000000 | e:   0.660300 | Q: -244.897675 | won: False 
#  782 | steps:  8747 | steps_t:  3406 | t: 39.946285 | r:  -509.000000 | e:   0.659400 | Q: -277.713470 | won: False 
#  783 | steps:  8755 | steps_t:  3413 | t: 40.018289 | r:  -507.000000 | e:   0.658700 | Q: -315.550659 | won: False 
#  784 | steps:  8777 | steps_t:  3434 | t: 40.240302 | r:  -521.000000 | e:   0.656600 | Q: -298.912903 | won: False 
#  785 | steps:  8785 | steps_t:  3441 | t: 40.314306 | r:  -507.000000 | e:   0.655900 | Q: -287.627167 | won: False 
#  786 | steps:  8817 | steps_t:  3472 | t: 40.638324 | r:  -531.000000 | e:   0.652800 | Q: -277.832184 | won: False 
#  787 | steps:  8823 | steps_t:  3477 | t: 40.688327 | r:  -505.000000 | e:   0.652300 | Q:        nan | won: False 
#  788 | steps:  8830 | steps_t:  3483 | t: 40.750331 | r:  -506.000000 | e:   0.651700 | Q:        nan | won: False 
#  789 | steps:  8844 | steps_t:  3496 | t: 40.888339 | r:  -513.000000 | e:   0.650400 | Q: -283.632965 | won: False 
#  790 | steps:  8854 | steps_t:  3505 | t: 40.984344 | r:  -509.000000 | e:   0.649500 | Q: -370.275085 | won: False 
#  791 | steps:  8867 | steps_t:  3517 | t: 41.110351 | r:  -512.000000 | e:   0.648300 | Q: -260.765198 | won: False 
#  792 | steps:  8879 | steps_t:  3528 | t: 41.229358 | r:  -511.000000 | e:   0.647200 | Q: -283.192627 | won: False 
#  793 | steps:  8888 | steps_t:  3536 | t: 41.315363 | r:  -508.000000 | e:   0.646400 | Q: -283.618256 | won: False 
#  794 | steps:  8897 | steps_t:  3544 | t: 41.396368 | r:  -508.000000 | e:   0.645600 | Q:        nan | won: False 
#  795 | steps:  8907 | steps_t:  3553 | t: 41.492373 | r:  -509.000000 | e:   0.644700 | Q: -372.400421 | won: False 
#  796 | steps:  8916 | steps_t:  3561 | t: 41.577378 | r:  -508.000000 | e:   0.643900 | Q: -450.027130 | won: False 
#  797 | steps:  8925 | steps_t:  3569 | t: 41.659383 | r:  -508.000000 | e:   0.643100 | Q:        nan | won: False 
#  798 | steps:  8937 | steps_t:  3580 | t: 41.774390 | r:  -511.000000 | e:   0.642000 | Q: -407.124451 | won: False 
#  799 | steps:  8959 | steps_t:  3601 | t: 41.992402 | r:  -521.000000 | e:   0.639900 | Q: -252.195190 | won: False 
#  800 | steps:  8979 | steps_t:  3620 | t: 42.192413 | r:  -519.000000 | e:   0.638000 | Q: -265.968353 | won: False 
#  801 | steps:  8988 | steps_t:  3628 | t: 42.281419 | r:  -508.000000 | e:   0.637200 | Q: -326.977966 | won: False 
#  802 | steps:  9012 | steps_t:  3651 | t: 42.522432 | r:  -523.000000 | e:   0.634900 | Q: -280.086792 | won: False 
#  803 | steps:  9051 | steps_t:  3689 | t: 42.912454 | r:  -527.000000 | e:   0.631100 | Q: -271.321014 | won: False 
#  804 | steps:  9057 | steps_t:  3694 | t: 42.964458 | r:  -505.000000 | e:   0.630600 | Q: -313.692200 | won: False 
#  805 | steps:  9068 | steps_t:  3704 | t: 43.068463 | r:  -510.000000 | e:   0.629600 | Q: -394.281586 | won: False 
#  806 | steps:  9076 | steps_t:  3711 | t: 43.143468 | r:  -507.000000 | e:   0.628900 | Q: -275.107941 | won: False 
#  807 | steps:  9087 | steps_t:  3721 | t: 43.252474 | r:  -510.000000 | e:   0.627900 | Q: -372.677032 | won: False 
#  808 | steps:  9109 | steps_t:  3742 | t: 43.481487 | r:  -521.000000 | e:   0.625800 | Q: -254.262360 | won: False 
#  809 | steps:  9118 | steps_t:  3750 | t: 43.566492 | r:  -508.000000 | e:   0.625000 | Q: -296.272217 | won: False 
#  810 | steps:  9129 | steps_t:  3760 | t: 43.671498 | r:  -510.000000 | e:   0.624000 | Q: -288.116730 | won: False 
#  811 | steps:  9141 | steps_t:  3771 | t: 43.788505 | r:  -511.000000 | e:   0.622900 | Q: -258.992584 | won: False 
#  812 | steps:  9152 | steps_t:  3781 | t: 43.939513 | r:  -510.000000 | e:   0.621900 | Q: -283.175842 | won: False 
#  813 | steps:  9164 | steps_t:  3792 | t: 44.111523 | r:  -511.000000 | e:   0.620800 | Q: -413.530640 | won: False 
#  814 | steps:  9172 | steps_t:  3799 | t: 44.204528 | r:  -507.000000 | e:   0.620100 | Q: -294.742767 | won: False 
#  815 | steps:  9182 | steps_t:  3808 | t: 44.304534 | r:  -509.000000 | e:   0.619200 | Q: -391.884644 | won: False 
#  816 | steps:  9193 | steps_t:  3818 | t: 44.410540 | r:  -510.000000 | e:   0.618200 | Q: -363.094421 | won: False 
#  817 | steps:  9203 | steps_t:  3827 | t: 44.504545 | r:  -509.000000 | e:   0.617300 | Q: -447.714203 | won: False 
#  818 | steps:  9210 | steps_t:  3833 | t: 44.569549 | r:  -506.000000 | e:   0.616700 | Q: -353.765198 | won: False 
#  819 | steps:  9224 | steps_t:  3846 | t: 44.708557 | r:  -513.000000 | e:   0.615400 | Q: -298.549530 | won: False 
#  820 | steps:  9234 | steps_t:  3855 | t: 44.803562 | r:  -509.000000 | e:   0.614500 | Q: -369.257294 | won: False 
#  821 | steps:  9258 | steps_t:  3878 | t: 45.053577 | r:  -523.000000 | e:   0.612200 | Q: -314.596893 | won: False 
#  822 | steps:  9280 | steps_t:  3899 | t: 45.286590 | r:  -521.000000 | e:   0.610100 | Q: -265.026459 | won: False 
#  823 | steps:  9289 | steps_t:  3907 | t: 45.370595 | r:  -508.000000 | e:   0.609300 | Q: -305.104950 | won: False 
#  824 | steps:  9300 | steps_t:  3917 | t: 45.475601 | r:  -510.000000 | e:   0.608300 | Q: -310.113525 | won: False 
#  825 | steps:  9312 | steps_t:  3928 | t: 45.597608 | r:  -511.000000 | e:   0.607200 | Q: -269.869507 | won: False 
#  826 | steps:  9319 | steps_t:  3934 | t: 45.662612 | r:  -506.000000 | e:   0.606600 | Q: -289.164703 | won: False 
#  827 | steps:  9326 | steps_t:  3940 | t: 45.725615 | r:  -506.000000 | e:   0.606000 | Q:        nan | won: False 
#  828 | steps:  9345 | steps_t:  3958 | t: 45.931627 | r:  -518.000000 | e:   0.604200 | Q: -262.029388 | won: False 
#  829 | steps:  9354 | steps_t:  3966 | t: 46.016632 | r:  -508.000000 | e:   0.603400 | Q: -408.206696 | won: False 
#  830 | steps:  9364 | steps_t:  3975 | t: 46.108637 | r:  -509.000000 | e:   0.602500 | Q: -297.079865 | won: False 
#  831 | steps:  9378 | steps_t:  3988 | t: 46.254645 | r:  -513.000000 | e:   0.601200 | Q: -313.960175 | won: False 
#  832 | steps:  9401 | steps_t:  4010 | t: 46.494659 | r:  -522.000000 | e:   0.599000 | Q: -275.595825 | won: False 
#  833 | steps:  9409 | steps_t:  4017 | t: 46.567663 | r:  -507.000000 | e:   0.598300 | Q: -346.734375 | won: False 
#  834 | steps:  9431 | steps_t:  4038 | t: 46.800677 | r:  -521.000000 | e:   0.596200 | Q: -289.916565 | won: False 
#  835 | steps:  9443 | steps_t:  4049 | t: 46.943685 | r:  -511.000000 | e:   0.595100 | Q: -369.393188 | won: False 
#  836 | steps:  9452 | steps_t:  4057 | t: 47.047691 | r:  -508.000000 | e:   0.594300 | Q: -300.272949 | won: False 
#  837 | steps:  9467 | steps_t:  4071 | t: 47.201700 | r:  -503.000000 | e:   0.592900 | Q: -284.223663 | won: False 
#  838 | steps:  9473 | steps_t:  4076 | t: 47.271704 | r:  -505.000000 | e:   0.592400 | Q: -294.742584 | won: False 
#  839 | steps:  9486 | steps_t:  4088 | t: 47.399711 | r:  -512.000000 | e:   0.591200 | Q: -291.754822 | won: False 
#  840 | steps:  9495 | steps_t:  4096 | t: 47.492716 | r:  -508.000000 | e:   0.590400 | Q: -284.126160 | won: False 
#  841 | steps:  9507 | steps_t:  4107 | t: 47.614723 | r:  -511.000000 | e:   0.589300 | Q: -361.291504 | won: False 
#  842 | steps:  9514 | steps_t:  4113 | t: 47.676727 | r:  -506.000000 | e:   0.588700 | Q: -297.325836 | won: False 
#  843 | steps:  9524 | steps_t:  4122 | t: 47.775733 | r:  -509.000000 | e:   0.587800 | Q: -272.992279 | won: False 
#  844 | steps:  9530 | steps_t:  4127 | t: 47.826735 | r:  -505.000000 | e:   0.587300 | Q: -369.312256 | won: False 
