#    1 | steps:    11 | steps_t:     0 | t: 0.020001 | r:  -510.000000 | e:   1.000000 | Q:        nan | won: False 
#    2 | steps:    21 | steps_t:     0 | t: 0.026002 | r:  -509.000000 | e:   1.000000 | Q:        nan | won: False 
#    3 | steps:    37 | steps_t:     0 | t: 0.034002 | r:  -504.000000 | e:   1.000000 | Q:        nan | won: False 
#    4 | steps:    49 | steps_t:     0 | t: 0.041002 | r:  -511.000000 | e:   1.000000 | Q:        nan | won: False 
#    5 | steps:    63 | steps_t:     0 | t: 0.049003 | r:  -513.000000 | e:   1.000000 | Q:        nan | won: False 
#    6 | steps:    70 | steps_t:     0 | t: 0.055003 | r:  -506.000000 | e:   1.000000 | Q:        nan | won: False 
#    7 | steps:    78 | steps_t:     0 | t: 0.060004 | r:  -507.000000 | e:   1.000000 | Q:        nan | won: False 
#    8 | steps:    88 | steps_t:     0 | t: 0.065004 | r:  -509.000000 | e:   1.000000 | Q:        nan | won: False 
#    9 | steps:    99 | steps_t:     0 | t: 0.071004 | r:  -510.000000 | e:   1.000000 | Q:        nan | won: False 
#   10 | steps:   109 | steps_t:     0 | t: 0.076004 | r:  -509.000000 | e:   1.000000 | Q:        nan | won: False 
#   11 | steps:   129 | steps_t:     0 | t: 0.086005 | r:  -519.000000 | e:   1.000000 | Q:        nan | won: False 
#   12 | steps:   136 | steps_t:     0 | t: 0.090005 | r:  -506.000000 | e:   1.000000 | Q:        nan | won: False 
#   13 | steps:   143 | steps_t:     0 | t: 0.094005 | r:  -506.000000 | e:   1.000000 | Q:        nan | won: False 
#   14 | steps:   161 | steps_t:     0 | t: 0.104006 | r:  -517.000000 | e:   1.000000 | Q:        nan | won: False 
#   15 | steps:   172 | steps_t:     0 | t: 0.109006 | r:  -510.000000 | e:   1.000000 | Q:        nan | won: False 
#   16 | steps:   189 | steps_t:     0 | t: 0.119007 | r:  -516.000000 | e:   1.000000 | Q:        nan | won: False 
#   17 | steps:   204 | steps_t:     0 | t: 0.126007 | r:  -514.000000 | e:   1.000000 | Q:        nan | won: False 
#   18 | steps:   221 | steps_t:     0 | t: 0.135008 | r:  -516.000000 | e:   1.000000 | Q:        nan | won: False 
#   19 | steps:   226 | steps_t:     0 | t: 0.138008 | r:  -504.000000 | e:   1.000000 | Q:        nan | won: False 
#   20 | steps:   235 | steps_t:     0 | t: 0.142008 | r:  -508.000000 | e:   1.000000 | Q:        nan | won: False 
#   21 | steps:   243 | steps_t:     0 | t: 0.148008 | r:  -507.000000 | e:   1.000000 | Q:        nan | won: False 
#   22 | steps:   249 | steps_t:     0 | t: 0.153009 | r:  -505.000000 | e:   1.000000 | Q:        nan | won: False 
#   23 | steps:   261 | steps_t:     0 | t: 0.161009 | r:  -511.000000 | e:   1.000000 | Q:        nan | won: False 
#   24 | steps:   268 | steps_t:     0 | t: 0.165009 | r:  -506.000000 | e:   1.000000 | Q:        nan | won: False 
#   25 | steps:   286 | steps_t:     0 | t: 0.176010 | r:  -517.000000 | e:   1.000000 | Q:        nan | won: False 
#   26 | steps:   295 | steps_t:     0 | t: 0.181010 | r:  -508.000000 | e:   1.000000 | Q:        nan | won: False 
#   27 | steps:   318 | steps_t:     0 | t: 0.194011 | r:  -522.000000 | e:   1.000000 | Q:        nan | won: False 
#   28 | steps:   328 | steps_t:     0 | t: 0.199012 | r:  -509.000000 | e:   1.000000 | Q:        nan | won: False 
#   29 | steps:   339 | steps_t:     0 | t: 0.207012 | r:  -510.000000 | e:   1.000000 | Q:        nan | won: False 
#   30 | steps:   351 | steps_t:     0 | t: 0.215012 | r:  -511.000000 | e:   1.000000 | Q:        nan | won: False 
#   31 | steps:   360 | steps_t:     0 | t: 0.220012 | r:  -508.000000 | e:   1.000000 | Q:        nan | won: False 
#   32 | steps:   368 | steps_t:     0 | t: 0.224013 | r:  -507.000000 | e:   1.000000 | Q:        nan | won: False 
#   33 | steps:   384 | steps_t:     0 | t: 0.234013 | r:  -515.000000 | e:   1.000000 | Q:        nan | won: False 
#   34 | steps:   398 | steps_t:     0 | t: 0.243014 | r:  -513.000000 | e:   1.000000 | Q:        nan | won: False 
#   35 | steps:   407 | steps_t:     0 | t: 0.247014 | r:  -508.000000 | e:   1.000000 | Q:        nan | won: False 
#   36 | steps:   421 | steps_t:     0 | t: 0.256015 | r:  -513.000000 | e:   1.000000 | Q:        nan | won: False 
#   37 | steps:   431 | steps_t:     0 | t: 0.261015 | r:  -509.000000 | e:   1.000000 | Q:        nan | won: False 
#   38 | steps:   455 | steps_t:     0 | t: 0.285016 | r:  -523.000000 | e:   1.000000 | Q:        nan | won: False 
#   39 | steps:   467 | steps_t:     0 | t: 0.291017 | r:  -511.000000 | e:   1.000000 | Q:        nan | won: False 
#   40 | steps:   480 | steps_t:     0 | t: 0.297017 | r:  -512.000000 | e:   1.000000 | Q:        nan | won: False 
#   41 | steps:   487 | steps_t:     0 | t: 0.301017 | r:  -506.000000 | e:   1.000000 | Q:        nan | won: False 
#   42 | steps:   511 | steps_t:     0 | t: 0.314018 | r:  -523.000000 | e:   1.000000 | Q:        nan | won: False 
#   43 | steps:   520 | steps_t:     0 | t: 0.319018 | r:  -508.000000 | e:   1.000000 | Q:        nan | won: False 
#   44 | steps:   528 | steps_t:     0 | t: 0.323019 | r:  -507.000000 | e:   1.000000 | Q:        nan | won: False 
#   45 | steps:   536 | steps_t:     0 | t: 0.327019 | r:  -507.000000 | e:   1.000000 | Q:        nan | won: False 
#   46 | steps:   552 | steps_t:     0 | t: 0.336019 | r:  -515.000000 | e:   1.000000 | Q:        nan | won: False 
#   47 | steps:   564 | steps_t:     0 | t: 0.342020 | r:  -511.000000 | e:   1.000000 | Q:        nan | won: False 
#   48 | steps:   581 | steps_t:     0 | t: 0.352020 | r:  -516.000000 | e:   1.000000 | Q:        nan | won: False 
#   49 | steps:   591 | steps_t:     0 | t: 0.360021 | r:  -509.000000 | e:   1.000000 | Q:        nan | won: False 
#   50 | steps:   597 | steps_t:     0 | t: 0.365021 | r:  -505.000000 | e:   1.000000 | Q:        nan | won: False 
#   51 | steps:   608 | steps_t:     0 | t: 0.371021 | r:  -510.000000 | e:   1.000000 | Q:        nan | won: False 
#   52 | steps:   616 | steps_t:     0 | t: 0.376021 | r:  -507.000000 | e:   1.000000 | Q:        nan | won: False 
#   53 | steps:   625 | steps_t:     0 | t: 0.381022 | r:  -508.000000 | e:   1.000000 | Q:        nan | won: False 
#   54 | steps:   634 | steps_t:     0 | t: 0.387022 | r:  -508.000000 | e:   1.000000 | Q:        nan | won: False 
#   55 | steps:   643 | steps_t:     0 | t: 0.392022 | r:  -508.000000 | e:   1.000000 | Q:        nan | won: False 
#   56 | steps:   653 | steps_t:     0 | t: 0.398023 | r:  -509.000000 | e:   1.000000 | Q:        nan | won: False 
#   57 | steps:   660 | steps_t:     0 | t: 0.401023 | r:  -506.000000 | e:   1.000000 | Q:        nan | won: False 
#   58 | steps:   670 | steps_t:     0 | t: 0.407023 | r:  -509.000000 | e:   1.000000 | Q:        nan | won: False 
#   59 | steps:   680 | steps_t:     0 | t: 0.413024 | r:  -509.000000 | e:   1.000000 | Q:        nan | won: False 
#   60 | steps:   686 | steps_t:     0 | t: 0.416024 | r:  -505.000000 | e:   1.000000 | Q:        nan | won: False 
#   61 | steps:   695 | steps_t:     0 | t: 0.422024 | r:  -508.000000 | e:   1.000000 | Q:        nan | won: False 
#   62 | steps:   709 | steps_t:     0 | t: 0.430025 | r:  -513.000000 | e:   1.000000 | Q:        nan | won: False 
#   63 | steps:   729 | steps_t:     0 | t: 0.442025 | r:  -519.000000 | e:   1.000000 | Q:        nan | won: False 
#   64 | steps:   736 | steps_t:     0 | t: 0.447026 | r:  -506.000000 | e:   1.000000 | Q:        nan | won: False 
#   65 | steps:   742 | steps_t:     0 | t: 0.450026 | r:  -505.000000 | e:   1.000000 | Q:        nan | won: False 
#   66 | steps:   762 | steps_t:     0 | t: 0.462026 | r:  -519.000000 | e:   1.000000 | Q:        nan | won: False 
#   67 | steps:   772 | steps_t:     0 | t: 0.467027 | r:  -509.000000 | e:   1.000000 | Q:        nan | won: False 
#   68 | steps:   781 | steps_t:     0 | t: 0.473027 | r:  -508.000000 | e:   1.000000 | Q:        nan | won: False 
#   69 | steps:   787 | steps_t:     0 | t: 0.476027 | r:  -505.000000 | e:   1.000000 | Q:        nan | won: False 
#   70 | steps:   798 | steps_t:     0 | t: 0.481028 | r:  -510.000000 | e:   1.000000 | Q:        nan | won: False 
#   71 | steps:   804 | steps_t:     0 | t: 0.484028 | r:  -505.000000 | e:   1.000000 | Q:        nan | won: False 
#   72 | steps:   812 | steps_t:     0 | t: 0.489028 | r:  -507.000000 | e:   1.000000 | Q:        nan | won: False 
#   73 | steps:   823 | steps_t:     0 | t: 0.495028 | r:  -510.000000 | e:   1.000000 | Q:        nan | won: False 
#   74 | steps:   832 | steps_t:     0 | t: 0.499028 | r:  -508.000000 | e:   1.000000 | Q:        nan | won: False 
#   75 | steps:   848 | steps_t:     0 | t: 0.508029 | r:  -515.000000 | e:   1.000000 | Q:        nan | won: False 
#   76 | steps:   855 | steps_t:     0 | t: 0.512029 | r:  -506.000000 | e:   1.000000 | Q:        nan | won: False 
#   77 | steps:   861 | steps_t:     0 | t: 0.515029 | r:  -505.000000 | e:   1.000000 | Q:        nan | won: False 
#   78 | steps:   869 | steps_t:     0 | t: 0.520030 | r:  -507.000000 | e:   1.000000 | Q:        nan | won: False 
#   79 | steps:   886 | steps_t:     0 | t: 0.529030 | r:  -516.000000 | e:   1.000000 | Q:        nan | won: False 
#   80 | steps:   896 | steps_t:     0 | t: 0.534030 | r:  -509.000000 | e:   1.000000 | Q:        nan | won: False 
#   81 | steps:   904 | steps_t:     0 | t: 0.539031 | r:  -507.000000 | e:   1.000000 | Q:        nan | won: False 
#   82 | steps:   931 | steps_t:     0 | t: 0.552032 | r:  -515.000000 | e:   1.000000 | Q:        nan | won: False 
#   83 | steps:   940 | steps_t:     0 | t: 0.557032 | r:  -508.000000 | e:   1.000000 | Q:        nan | won: False 
#   84 | steps:   949 | steps_t:     0 | t: 0.562032 | r:  -508.000000 | e:   1.000000 | Q:        nan | won: False 
#   85 | steps:   956 | steps_t:     0 | t: 0.566032 | r:  -506.000000 | e:   1.000000 | Q:        nan | won: False 
#   86 | steps:   966 | steps_t:     0 | t: 0.572033 | r:  -509.000000 | e:   1.000000 | Q:        nan | won: False 
#   87 | steps:   975 | steps_t:     0 | t: 0.576033 | r:  -508.000000 | e:   1.000000 | Q:        nan | won: False 
#   88 | steps:   985 | steps_t:     0 | t: 0.582033 | r:  -509.000000 | e:   1.000000 | Q:        nan | won: False 
#   89 | steps:   993 | steps_t:     0 | t: 0.589034 | r:  -507.000000 | e:   1.000000 | Q:        nan | won: False 
#   90 | steps:  1002 | steps_t:     0 | t: 0.593034 | r:  -508.000000 | e:   1.000000 | Q:        nan | won: False 
#   91 | steps:  1023 | steps_t:     0 | t: 0.605035 | r:  -520.000000 | e:   1.000000 | Q:        nan | won: False 
#   92 | steps:  1029 | steps_t:     0 | t: 0.608035 | r:  -505.000000 | e:   1.000000 | Q:        nan | won: False 
#   93 | steps:  1040 | steps_t:     0 | t: 0.615035 | r:  -510.000000 | e:   1.000000 | Q:        nan | won: False 
#   94 | steps:  1047 | steps_t:     0 | t: 0.620036 | r:  -506.000000 | e:   1.000000 | Q:        nan | won: False 
#   95 | steps:  1055 | steps_t:     0 | t: 0.626036 | r:  -507.000000 | e:   1.000000 | Q:        nan | won: False 
#   96 | steps:  1062 | steps_t:     0 | t: 0.630036 | r:  -506.000000 | e:   1.000000 | Q:        nan | won: False 
#   97 | steps:  1084 | steps_t:     0 | t: 0.643037 | r:  -521.000000 | e:   1.000000 | Q:        nan | won: False 
#   98 | steps:  1091 | steps_t:     0 | t: 0.648037 | r:  -506.000000 | e:   1.000000 | Q:        nan | won: False 
#   99 | steps:  1103 | steps_t:     0 | t: 0.654037 | r:  -511.000000 | e:   1.000000 | Q:        nan | won: False 
#  100 | steps:  1110 | steps_t:     0 | t: 0.658038 | r:  -506.000000 | e:   1.000000 | Q:        nan | won: False 
#  101 | steps:  1120 | steps_t:     0 | t: 0.665038 | r:  -509.000000 | e:   1.000000 | Q:        nan | won: False 
#  102 | steps:  1129 | steps_t:     0 | t: 0.669038 | r:  -508.000000 | e:   1.000000 | Q:        nan | won: False 
#  103 | steps:  1140 | steps_t:     0 | t: 0.675039 | r:  -510.000000 | e:   1.000000 | Q:        nan | won: False 
#  104 | steps:  1151 | steps_t:     0 | t: 0.681039 | r:  -510.000000 | e:   1.000000 | Q:        nan | won: False 
#  105 | steps:  1157 | steps_t:     0 | t: 0.684039 | r:  -505.000000 | e:   1.000000 | Q:        nan | won: False 
#  106 | steps:  1168 | steps_t:     0 | t: 0.690039 | r:  -510.000000 | e:   1.000000 | Q:        nan | won: False 
#  107 | steps:  1184 | steps_t:     0 | t: 0.699040 | r:  -515.000000 | e:   1.000000 | Q:        nan | won: False 
#  108 | steps:  1190 | steps_t:     0 | t: 0.702040 | r:  -505.000000 | e:   1.000000 | Q:        nan | won: False 
#  109 | steps:  1207 | steps_t:     0 | t: 0.712041 | r:  -516.000000 | e:   1.000000 | Q:        nan | won: False 
#  110 | steps:  1219 | steps_t:     0 | t: 0.718041 | r:  -511.000000 | e:   1.000000 | Q:        nan | won: False 
#  111 | steps:  1225 | steps_t:     0 | t: 0.722041 | r:  -505.000000 | e:   1.000000 | Q:        nan | won: False 
#  112 | steps:  1232 | steps_t:     0 | t: 0.726042 | r:  -506.000000 | e:   1.000000 | Q:        nan | won: False 
#  113 | steps:  1238 | steps_t:     0 | t: 0.729042 | r:  -505.000000 | e:   1.000000 | Q:        nan | won: False 
#  114 | steps:  1244 | steps_t:     0 | t: 0.732042 | r:  -505.000000 | e:   1.000000 | Q:        nan | won: False 
#  115 | steps:  1251 | steps_t:     0 | t: 0.735042 | r:  -506.000000 | e:   1.000000 | Q:        nan | won: False 
#  116 | steps:  1257 | steps_t:     0 | t: 0.738042 | r:  -505.000000 | e:   1.000000 | Q:        nan | won: False 
#  117 | steps:  1267 | steps_t:     0 | t: 0.744042 | r:  -509.000000 | e:   1.000000 | Q:        nan | won: False 
#  118 | steps:  1272 | steps_t:     0 | t: 0.746043 | r:  -504.000000 | e:   1.000000 | Q:        nan | won: False 
#  119 | steps:  1278 | steps_t:     0 | t: 0.749043 | r:  -505.000000 | e:   1.000000 | Q:        nan | won: False 
#  120 | steps:  1293 | steps_t:     0 | t: 0.757043 | r:  -503.000000 | e:   1.000000 | Q:        nan | won: False 
#  121 | steps:  1307 | steps_t:     0 | t: 0.766044 | r:  -513.000000 | e:   1.000000 | Q:        nan | won: False 
#  122 | steps:  1323 | steps_t:     0 | t: 0.775044 | r:  -515.000000 | e:   1.000000 | Q:        nan | won: False 
#  123 | steps:  1331 | steps_t:     0 | t: 0.781045 | r:  -507.000000 | e:   1.000000 | Q:        nan | won: False 
#  124 | steps:  1349 | steps_t:     0 | t: 0.791045 | r:  -517.000000 | e:   1.000000 | Q:        nan | won: False 
#  125 | steps:  1368 | steps_t:     0 | t: 0.801046 | r:  -518.000000 | e:   1.000000 | Q:        nan | won: False 
#  126 | steps:  1376 | steps_t:     0 | t: 0.806046 | r:  -507.000000 | e:   1.000000 | Q:        nan | won: False 
#  127 | steps:  1384 | steps_t:     0 | t: 0.813046 | r:  -507.000000 | e:   1.000000 | Q:        nan | won: False 
#  128 | steps:  1396 | steps_t:     0 | t: 0.857049 | r:  -511.000000 | e:   1.000000 | Q:        nan | won: False 
#  129 | steps:  1403 | steps_t:     0 | t: 0.864049 | r:  -506.000000 | e:   1.000000 | Q:        nan | won: False 
#  130 | steps:  1412 | steps_t:     0 | t: 0.874050 | r:  -508.000000 | e:   1.000000 | Q:        nan | won: False 
#  131 | steps:  1419 | steps_t:     0 | t: 0.881050 | r:  -506.000000 | e:   1.000000 | Q:        nan | won: False 
#  132 | steps:  1428 | steps_t:     0 | t: 0.886051 | r:  -508.000000 | e:   1.000000 | Q:        nan | won: False 
#  133 | steps:  1436 | steps_t:     0 | t: 0.891051 | r:  -507.000000 | e:   1.000000 | Q:        nan | won: False 
#  134 | steps:  1445 | steps_t:     0 | t: 0.897051 | r:  -508.000000 | e:   1.000000 | Q:        nan | won: False 
#  135 | steps:  1451 | steps_t:     0 | t: 0.902051 | r:  -505.000000 | e:   1.000000 | Q:        nan | won: False 
#  136 | steps:  1461 | steps_t:     0 | t: 0.915052 | r:  -509.000000 | e:   1.000000 | Q:        nan | won: False 
#  137 | steps:  1470 | steps_t:     0 | t: 0.925053 | r:  -508.000000 | e:   1.000000 | Q:        nan | won: False 
#  138 | steps:  1478 | steps_t:     0 | t: 0.934053 | r:  -507.000000 | e:   1.000000 | Q:        nan | won: False 
#  139 | steps:  1499 | steps_t:     0 | t: 0.955055 | r:  -520.000000 | e:   1.000000 | Q:        nan | won: False 
#  140 | steps:  1507 | steps_t:     0 | t: 0.964055 | r:  -507.000000 | e:   1.000000 | Q:        nan | won: False 
#  141 | steps:  1514 | steps_t:     0 | t: 0.971056 | r:  -506.000000 | e:   1.000000 | Q:        nan | won: False 
#  142 | steps:  1522 | steps_t:     0 | t: 0.977056 | r:  -507.000000 | e:   1.000000 | Q:        nan | won: False 
#  143 | steps:  1541 | steps_t:     0 | t: 0.995057 | r:  -507.000000 | e:   1.000000 | Q:        nan | won: False 
#  144 | steps:  1553 | steps_t:     0 | t: 1.005058 | r:  -511.000000 | e:   1.000000 | Q:        nan | won: False 
#  145 | steps:  1569 | steps_t:     0 | t: 1.019058 | r:  -515.000000 | e:   1.000000 | Q:        nan | won: False 
#  146 | steps:  1576 | steps_t:     0 | t: 1.025059 | r:  -506.000000 | e:   1.000000 | Q:        nan | won: False 
#  147 | steps:  1587 | steps_t:     0 | t: 1.035059 | r:  -510.000000 | e:   1.000000 | Q:        nan | won: False 
#  148 | steps:  1594 | steps_t:     0 | t: 1.042060 | r:  -506.000000 | e:   1.000000 | Q:        nan | won: False 
#  149 | steps:  1619 | steps_t:     0 | t: 1.064061 | r:  -524.000000 | e:   1.000000 | Q:        nan | won: False 
#  150 | steps:  1629 | steps_t:     0 | t: 1.076061 | r:  -509.000000 | e:   1.000000 | Q:        nan | won: False 
#  151 | steps:  1635 | steps_t:     0 | t: 1.081062 | r:  -505.000000 | e:   1.000000 | Q:        nan | won: False 
#  152 | steps:  1650 | steps_t:     0 | t: 1.095063 | r:  -514.000000 | e:   1.000000 | Q:        nan | won: False 
#  153 | steps:  1661 | steps_t:     0 | t: 1.103063 | r:  -510.000000 | e:   1.000000 | Q:        nan | won: False 
#  154 | steps:  1673 | steps_t:     0 | t: 1.114064 | r:  -511.000000 | e:   1.000000 | Q:        nan | won: False 
#  155 | steps:  1682 | steps_t:     0 | t: 1.123064 | r:  -508.000000 | e:   1.000000 | Q:        nan | won: False 
#  156 | steps:  1691 | steps_t:     0 | t: 1.131065 | r:  -508.000000 | e:   1.000000 | Q:        nan | won: False 
#  157 | steps:  1698 | steps_t:     0 | t: 1.135065 | r:  -506.000000 | e:   1.000000 | Q:        nan | won: False 
#  158 | steps:  1704 | steps_t:     0 | t: 1.140065 | r:  -505.000000 | e:   1.000000 | Q:        nan | won: False 
#  159 | steps:  1714 | steps_t:     0 | t: 1.146066 | r:  -509.000000 | e:   1.000000 | Q:        nan | won: False 
#  160 | steps:  1729 | steps_t:     0 | t: 1.155066 | r:  -514.000000 | e:   1.000000 | Q:        nan | won: False 
#  161 | steps:  1739 | steps_t:     0 | t: 1.162066 | r:  -509.000000 | e:   1.000000 | Q:        nan | won: False 
#  162 | steps:  1746 | steps_t:     0 | t: 1.168067 | r:  -506.000000 | e:   1.000000 | Q:        nan | won: False 
#  163 | steps:  1757 | steps_t:     0 | t: 1.179067 | r:  -510.000000 | e:   1.000000 | Q:        nan | won: False 
#  164 | steps:  1767 | steps_t:     0 | t: 1.185068 | r:  -509.000000 | e:   1.000000 | Q:        nan | won: False 
#  165 | steps:  1777 | steps_t:     0 | t: 1.193068 | r:  -509.000000 | e:   1.000000 | Q:        nan | won: False 
#  166 | steps:  1784 | steps_t:     0 | t: 1.199069 | r:  -506.000000 | e:   1.000000 | Q:        nan | won: False 
#  167 | steps:  1792 | steps_t:     0 | t: 1.203069 | r:  -507.000000 | e:   1.000000 | Q:        nan | won: False 
#  168 | steps:  1806 | steps_t:     0 | t: 1.214069 | r:  -513.000000 | e:   1.000000 | Q:        nan | won: False 
#  169 | steps:  1817 | steps_t:     0 | t: 1.220070 | r:  -510.000000 | e:   1.000000 | Q:        nan | won: False 
#  170 | steps:  1824 | steps_t:     0 | t: 1.226070 | r:  -506.000000 | e:   1.000000 | Q:        nan | won: False 
#  171 | steps:  1834 | steps_t:     0 | t: 1.235071 | r:  -509.000000 | e:   1.000000 | Q:        nan | won: False 
#  172 | steps:  1841 | steps_t:     0 | t: 1.242071 | r:  -506.000000 | e:   1.000000 | Q:        nan | won: False 
#  173 | steps:  1849 | steps_t:     0 | t: 1.249071 | r:  -507.000000 | e:   1.000000 | Q:        nan | won: False 
#  174 | steps:  1857 | steps_t:     0 | t: 1.256072 | r:  -507.000000 | e:   1.000000 | Q:        nan | won: False 
#  175 | steps:  1866 | steps_t:     0 | t: 1.264072 | r:  -508.000000 | e:   1.000000 | Q:        nan | won: False 
#  176 | steps:  1872 | steps_t:     0 | t: 1.268072 | r:  -505.000000 | e:   1.000000 | Q:        nan | won: False 
#  177 | steps:  1885 | steps_t:     0 | t: 1.279073 | r:  -512.000000 | e:   1.000000 | Q:        nan | won: False 
#  178 | steps:  1894 | steps_t:     0 | t: 1.283073 | r:  -508.000000 | e:   1.000000 | Q:        nan | won: False 
#  179 | steps:  1909 | steps_t:     0 | t: 1.293074 | r:  -514.000000 | e:   1.000000 | Q:        nan | won: False 
#  180 | steps:  1924 | steps_t:     0 | t: 1.301075 | r:  -514.000000 | e:   1.000000 | Q:        nan | won: False 
#  181 | steps:  1934 | steps_t:     0 | t: 1.308075 | r:  -509.000000 | e:   1.000000 | Q:        nan | won: False 
#  182 | steps:  1944 | steps_t:     0 | t: 1.313075 | r:  -509.000000 | e:   1.000000 | Q:        nan | won: False 
#  183 | steps:  1950 | steps_t:     0 | t: 1.316075 | r:  -505.000000 | e:   1.000000 | Q:        nan | won: False 
#  184 | steps:  1958 | steps_t:     0 | t: 1.320076 | r:  -507.000000 | e:   1.000000 | Q:        nan | won: False 
#  185 | steps:  1965 | steps_t:     0 | t: 1.325076 | r:  -506.000000 | e:   1.000000 | Q:        nan | won: False 
#  186 | steps:  1984 | steps_t:     0 | t: 1.342077 | r:  -518.000000 | e:   1.000000 | Q:        nan | won: False 
#  187 | steps:  1999 | steps_t:     0 | t: 1.351077 | r:  -514.000000 | e:   1.000000 | Q:        nan | won: False 
#  188 | steps:  2014 | steps_t:     0 | t: 1.361078 | r:  -514.000000 | e:   1.000000 | Q:        nan | won: False 
#  189 | steps:  2020 | steps_t:     0 | t: 1.364078 | r:  -505.000000 | e:   1.000000 | Q:        nan | won: False 
#  190 | steps:  2032 | steps_t:     0 | t: 1.374079 | r:  -511.000000 | e:   1.000000 | Q:        nan | won: False 
#  191 | steps:  2046 | steps_t:     0 | t: 1.382079 | r:  -513.000000 | e:   1.000000 | Q:        nan | won: False 
#  192 | steps:  2057 | steps_t:     0 | t: 1.391080 | r:  -510.000000 | e:   1.000000 | Q:        nan | won: False 
#  193 | steps:  2070 | steps_t:     0 | t: 1.399080 | r:  -512.000000 | e:   1.000000 | Q:        nan | won: False 
#  194 | steps:  2079 | steps_t:     0 | t: 1.405080 | r:  -508.000000 | e:   1.000000 | Q:        nan | won: False 
#  195 | steps:  2088 | steps_t:     0 | t: 1.411081 | r:  -508.000000 | e:   1.000000 | Q:        nan | won: False 
#  196 | steps:  2097 | steps_t:     0 | t: 1.416081 | r:  -508.000000 | e:   1.000000 | Q:        nan | won: False 
#  197 | steps:  2108 | steps_t:     0 | t: 1.423081 | r:  -510.000000 | e:   1.000000 | Q:        nan | won: False 
#  198 | steps:  2116 | steps_t:     0 | t: 1.429082 | r:  -507.000000 | e:   1.000000 | Q:        nan | won: False 
#  199 | steps:  2142 | steps_t:     0 | t: 1.445083 | r:  -514.000000 | e:   1.000000 | Q:        nan | won: False 
#  200 | steps:  2153 | steps_t:     0 | t: 1.451083 | r:  -510.000000 | e:   1.000000 | Q:        nan | won: False 
#  201 | steps:  2167 | steps_t:     0 | t: 1.464084 | r:  -513.000000 | e:   1.000000 | Q:        nan | won: False 
#  202 | steps:  2193 | steps_t:     0 | t: 1.481085 | r:  -514.000000 | e:   1.000000 | Q:        nan | won: False 
#  203 | steps:  2201 | steps_t:     0 | t: 1.485085 | r:  -507.000000 | e:   1.000000 | Q:        nan | won: False 
#  204 | steps:  2212 | steps_t:     0 | t: 1.494085 | r:  -510.000000 | e:   1.000000 | Q:        nan | won: False 
#  205 | steps:  2224 | steps_t:     0 | t: 1.501086 | r:  -511.000000 | e:   1.000000 | Q:        nan | won: False 
#  206 | steps:  2244 | steps_t:     0 | t: 1.513086 | r:  -519.000000 | e:   1.000000 | Q:        nan | won: False 
#  207 | steps:  2254 | steps_t:     0 | t: 1.518087 | r:  -509.000000 | e:   1.000000 | Q:        nan | won: False 
#  208 | steps:  2262 | steps_t:     0 | t: 1.525087 | r:  -507.000000 | e:   1.000000 | Q:        nan | won: False 
#  209 | steps:  2270 | steps_t:     0 | t: 1.530088 | r:  -507.000000 | e:   1.000000 | Q:        nan | won: False 
#  210 | steps:  2276 | steps_t:     0 | t: 1.533088 | r:  -505.000000 | e:   1.000000 | Q:        nan | won: False 
#  211 | steps:  2285 | steps_t:     0 | t: 1.539088 | r:  -508.000000 | e:   1.000000 | Q:        nan | won: False 
#  212 | steps:  2305 | steps_t:     0 | t: 1.549089 | r:  -519.000000 | e:   1.000000 | Q:        nan | won: False 
#  213 | steps:  2314 | steps_t:     0 | t: 1.555089 | r:  -508.000000 | e:   1.000000 | Q:        nan | won: False 
#  214 | steps:  2323 | steps_t:     0 | t: 1.562089 | r:  -508.000000 | e:   1.000000 | Q:        nan | won: False 
#  215 | steps:  2330 | steps_t:     0 | t: 1.566090 | r:  -506.000000 | e:   1.000000 | Q:        nan | won: False 
#  216 | steps:  2339 | steps_t:     0 | t: 1.573090 | r:  -508.000000 | e:   1.000000 | Q:        nan | won: False 
#  217 | steps:  2349 | steps_t:     0 | t: 1.580090 | r:  -509.000000 | e:   1.000000 | Q:        nan | won: False 
#  218 | steps:  2356 | steps_t:     0 | t: 1.585091 | r:  -506.000000 | e:   1.000000 | Q:        nan | won: False 
#  219 | steps:  2367 | steps_t:     0 | t: 1.594091 | r:  -510.000000 | e:   1.000000 | Q:        nan | won: False 
#  220 | steps:  2373 | steps_t:     0 | t: 1.597091 | r:  -505.000000 | e:   1.000000 | Q:        nan | won: False 
#  221 | steps:  2383 | steps_t:     0 | t: 1.604092 | r:  -509.000000 | e:   1.000000 | Q:        nan | won: False 
#  222 | steps:  2401 | steps_t:     0 | t: 1.615093 | r:  -517.000000 | e:   1.000000 | Q:        nan | won: False 
#  223 | steps:  2413 | steps_t:     0 | t: 1.622093 | r:  -511.000000 | e:   1.000000 | Q:        nan | won: False 
#  224 | steps:  2422 | steps_t:     0 | t: 1.627093 | r:  -508.000000 | e:   1.000000 | Q:        nan | won: False 
#  225 | steps:  2429 | steps_t:     0 | t: 1.631093 | r:  -506.000000 | e:   1.000000 | Q:        nan | won: False 
#  226 | steps:  2441 | steps_t:     0 | t: 1.638094 | r:  -511.000000 | e:   1.000000 | Q:        nan | won: False 
#  227 | steps:  2451 | steps_t:     0 | t: 1.643094 | r:  -509.000000 | e:   1.000000 | Q:        nan | won: False 
#  228 | steps:  2463 | steps_t:     0 | t: 1.650094 | r:  -511.000000 | e:   1.000000 | Q:        nan | won: False 
#  229 | steps:  2473 | steps_t:     0 | t: 1.657095 | r:  -509.000000 | e:   1.000000 | Q:        nan | won: False 
#  230 | steps:  2481 | steps_t:     0 | t: 1.662095 | r:  -507.000000 | e:   1.000000 | Q:        nan | won: False 
#  231 | steps:  2488 | steps_t:     0 | t: 1.667095 | r:  -506.000000 | e:   1.000000 | Q:        nan | won: False 
#  232 | steps:  2496 | steps_t:     0 | t: 1.672096 | r:  -507.000000 | e:   1.000000 | Q:        nan | won: False 
#  233 | steps:  2502 | steps_t:     0 | t: 1.676096 | r:  -505.000000 | e:   1.000000 | Q:        nan | won: False 
#  234 | steps:  2511 | steps_t:     0 | t: 1.681096 | r:  -508.000000 | e:   1.000000 | Q:        nan | won: False 
#  235 | steps:  2528 | steps_t:     0 | t: 1.690097 | r:  -516.000000 | e:   1.000000 | Q:        nan | won: False 
#  236 | steps:  2538 | steps_t:     0 | t: 1.696097 | r:  -509.000000 | e:   1.000000 | Q:        nan | won: False 
#  237 | steps:  2546 | steps_t:     0 | t: 1.700097 | r:  -507.000000 | e:   1.000000 | Q:        nan | won: False 
#  238 | steps:  2555 | steps_t:     0 | t: 1.706098 | r:  -508.000000 | e:   1.000000 | Q:        nan | won: False 
#  239 | steps:  2566 | steps_t:     0 | t: 1.712098 | r:  -510.000000 | e:   1.000000 | Q:        nan | won: False 
#  240 | steps:  2578 | steps_t:     0 | t: 1.719098 | r:  -511.000000 | e:   1.000000 | Q:        nan | won: False 
#  241 | steps:  2585 | steps_t:     0 | t: 1.723099 | r:  -506.000000 | e:   1.000000 | Q:        nan | won: False 
#  242 | steps:  2600 | steps_t:     0 | t: 1.732099 | r:  -514.000000 | e:   1.000000 | Q:        nan | won: False 
#  243 | steps:  2609 | steps_t:     0 | t: 1.737099 | r:  -508.000000 | e:   1.000000 | Q:        nan | won: False 
#  244 | steps:  2615 | steps_t:     0 | t: 1.741100 | r:  -505.000000 | e:   1.000000 | Q:        nan | won: False 
#  245 | steps:  2624 | steps_t:     0 | t: 1.745100 | r:  -508.000000 | e:   1.000000 | Q:        nan | won: False 
#  246 | steps:  2643 | steps_t:     0 | t: 1.756100 | r:  -518.000000 | e:   1.000000 | Q:        nan | won: False 
#  247 | steps:  2662 | steps_t:     0 | t: 1.766101 | r:  -518.000000 | e:   1.000000 | Q:        nan | won: False 
#  248 | steps:  2678 | steps_t:     0 | t: 1.779102 | r:  -515.000000 | e:   1.000000 | Q:        nan | won: False 
#  249 | steps:  2688 | steps_t:     0 | t: 1.785102 | r:  -509.000000 | e:   1.000000 | Q:        nan | won: False 
#  250 | steps:  2699 | steps_t:     0 | t: 1.792103 | r:  -510.000000 | e:   1.000000 | Q:        nan | won: False 
#  251 | steps:  2707 | steps_t:     0 | t: 1.798103 | r:  -507.000000 | e:   1.000000 | Q:        nan | won: False 
#  252 | steps:  2715 | steps_t:     0 | t: 1.802103 | r:  -507.000000 | e:   1.000000 | Q:        nan | won: False 
#  253 | steps:  2733 | steps_t:     0 | t: 1.814104 | r:  -517.000000 | e:   1.000000 | Q:        nan | won: False 
#  254 | steps:  2740 | steps_t:     0 | t: 1.818104 | r:  -506.000000 | e:   1.000000 | Q:        nan | won: False 
#  255 | steps:  2752 | steps_t:     0 | t: 1.825104 | r:  -511.000000 | e:   1.000000 | Q:        nan | won: False 
#  256 | steps:  2759 | steps_t:     0 | t: 1.828104 | r:  -506.000000 | e:   1.000000 | Q:        nan | won: False 
#  257 | steps:  2765 | steps_t:     0 | t: 1.832105 | r:  -505.000000 | e:   1.000000 | Q:        nan | won: False 
#  258 | steps:  2772 | steps_t:     0 | t: 1.837105 | r:  -506.000000 | e:   1.000000 | Q:        nan | won: False 
#  259 | steps:  2787 | steps_t:     0 | t: 1.847106 | r:  -503.000000 | e:   1.000000 | Q:        nan | won: False 
#  260 | steps:  2795 | steps_t:     0 | t: 1.852106 | r:  -507.000000 | e:   1.000000 | Q:        nan | won: False 
#  261 | steps:  2801 | steps_t:     0 | t: 1.855106 | r:  -505.000000 | e:   1.000000 | Q:        nan | won: False 
#  262 | steps:  2813 | steps_t:     0 | t: 1.863106 | r:  -511.000000 | e:   1.000000 | Q:        nan | won: False 
#  263 | steps:  2861 | steps_t:     0 | t: 1.889108 | r:  -536.000000 | e:   1.000000 | Q:        nan | won: False 
#  264 | steps:  2870 | steps_t:     0 | t: 1.894108 | r:  -508.000000 | e:   1.000000 | Q:        nan | won: False 
#  265 | steps:  2881 | steps_t:     0 | t: 1.900109 | r:  -510.000000 | e:   1.000000 | Q:        nan | won: False 
#  266 | steps:  2888 | steps_t:     0 | t: 1.904109 | r:  -506.000000 | e:   1.000000 | Q:        nan | won: False 
#  267 | steps:  2898 | steps_t:     0 | t: 1.910109 | r:  -509.000000 | e:   1.000000 | Q:        nan | won: False 
#  268 | steps:  2909 | steps_t:     0 | t: 1.916110 | r:  -510.000000 | e:   1.000000 | Q:        nan | won: False 
#  269 | steps:  2914 | steps_t:     0 | t: 1.919110 | r:  -504.000000 | e:   1.000000 | Q:        nan | won: False 
#  270 | steps:  2921 | steps_t:     0 | t: 1.923110 | r:  -506.000000 | e:   1.000000 | Q:        nan | won: False 
#  271 | steps:  2937 | steps_t:     0 | t: 1.932111 | r:  -504.000000 | e:   1.000000 | Q:        nan | won: False 
#  272 | steps:  2948 | steps_t:     0 | t: 1.938111 | r:  -510.000000 | e:   1.000000 | Q:        nan | won: False 
#  273 | steps:  2964 | steps_t:     0 | t: 1.947111 | r:  -515.000000 | e:   1.000000 | Q:        nan | won: False 
#  274 | steps:  2973 | steps_t:     0 | t: 1.952111 | r:  -508.000000 | e:   1.000000 | Q:        nan | won: False 
#  275 | steps:  2980 | steps_t:     0 | t: 1.956112 | r:  -506.000000 | e:   1.000000 | Q:        nan | won: False 
#  276 | steps:  2988 | steps_t:     0 | t: 1.960112 | r:  -507.000000 | e:   1.000000 | Q:        nan | won: False 
#  277 | steps:  2999 | steps_t:     0 | t: 1.966112 | r:  -510.000000 | e:   1.000000 | Q:        nan | won: False 
#  278 | steps:  3011 | steps_t:     0 | t: 1.974113 | r:  -511.000000 | e:   1.000000 | Q:        nan | won: False 
#  279 | steps:  3018 | steps_t:     0 | t: 1.979113 | r:  -506.000000 | e:   1.000000 | Q:        nan | won: False 
#  280 | steps:  3024 | steps_t:     0 | t: 1.983114 | r:  -505.000000 | e:   1.000000 | Q:        nan | won: False 
#  281 | steps:  3030 | steps_t:     0 | t: 1.986114 | r:  -505.000000 | e:   1.000000 | Q:        nan | won: False 
#  282 | steps:  3046 | steps_t:     0 | t: 1.996114 | r:  -504.000000 | e:   1.000000 | Q:        nan | won: False 
#  283 | steps:  3057 | steps_t:     0 | t: 2.002115 | r:  -510.000000 | e:   1.000000 | Q:        nan | won: False 
#  284 | steps:  3065 | steps_t:     0 | t: 2.008115 | r:  -507.000000 | e:   1.000000 | Q:        nan | won: False 
#  285 | steps:  3073 | steps_t:     0 | t: 2.013115 | r:  -507.000000 | e:   1.000000 | Q:        nan | won: False 
#  286 | steps:  3078 | steps_t:     0 | t: 2.016115 | r:  -504.000000 | e:   1.000000 | Q:        nan | won: False 
#  287 | steps:  3083 | steps_t:     0 | t: 2.019115 | r:  -504.000000 | e:   1.000000 | Q:        nan | won: False 
#  288 | steps:  3089 | steps_t:     0 | t: 2.023116 | r:  -505.000000 | e:   1.000000 | Q:        nan | won: False 
#  289 | steps:  3098 | steps_t:     0 | t: 2.028116 | r:  -508.000000 | e:   1.000000 | Q:        nan | won: False 
#  290 | steps:  3108 | steps_t:     0 | t: 2.034116 | r:  -509.000000 | e:   1.000000 | Q:        nan | won: False 
#  291 | steps:  3118 | steps_t:     0 | t: 2.041117 | r:  -509.000000 | e:   1.000000 | Q:        nan | won: False 
#  292 | steps:  3125 | steps_t:     0 | t: 2.045117 | r:  -506.000000 | e:   1.000000 | Q:        nan | won: False 
#  293 | steps:  3138 | steps_t:     0 | t: 2.053118 | r:  -512.000000 | e:   1.000000 | Q:        nan | won: False 
#  294 | steps:  3145 | steps_t:     0 | t: 2.058118 | r:  -506.000000 | e:   1.000000 | Q:        nan | won: False 
#  295 | steps:  3154 | steps_t:     0 | t: 2.063118 | r:  -508.000000 | e:   1.000000 | Q:        nan | won: False 
#  296 | steps:  3159 | steps_t:     0 | t: 2.067118 | r:  -504.000000 | e:   1.000000 | Q:        nan | won: False 
#  297 | steps:  3169 | steps_t:     0 | t: 2.074119 | r:  -509.000000 | e:   1.000000 | Q:        nan | won: False 
#  298 | steps:  3204 | steps_t:     0 | t: 2.095120 | r:  -523.000000 | e:   1.000000 | Q:        nan | won: False 
#  299 | steps:  3210 | steps_t:     0 | t: 2.099120 | r:  -505.000000 | e:   1.000000 | Q:        nan | won: False 
#  300 | steps:  3219 | steps_t:     0 | t: 2.105120 | r:  -508.000000 | e:   1.000000 | Q:        nan | won: False 
#  301 | steps:  3239 | steps_t:     0 | t: 2.118121 | r:  -519.000000 | e:   1.000000 | Q:        nan | won: False 
#  302 | steps:  3247 | steps_t:     0 | t: 2.122121 | r:  -507.000000 | e:   1.000000 | Q:        nan | won: False 
#  303 | steps:  3253 | steps_t:     0 | t: 2.126122 | r:  -505.000000 | e:   1.000000 | Q:        nan | won: False 
#  304 | steps:  3259 | steps_t:     0 | t: 2.130122 | r:  -505.000000 | e:   1.000000 | Q:        nan | won: False 
#  305 | steps:  3266 | steps_t:     0 | t: 2.133122 | r:  -506.000000 | e:   1.000000 | Q:        nan | won: False 
#  306 | steps:  3274 | steps_t:     0 | t: 2.138122 | r:  -507.000000 | e:   1.000000 | Q:        nan | won: False 
#  307 | steps:  3293 | steps_t:     0 | t: 2.150123 | r:  -518.000000 | e:   1.000000 | Q:        nan | won: False 
#  308 | steps:  3302 | steps_t:     0 | t: 2.156123 | r:  -508.000000 | e:   1.000000 | Q:        nan | won: False 
#  309 | steps:  3324 | steps_t:     0 | t: 2.169124 | r:  -521.000000 | e:   1.000000 | Q:        nan | won: False 
#  310 | steps:  3333 | steps_t:     0 | t: 2.174124 | r:  -508.000000 | e:   1.000000 | Q:        nan | won: False 
#  311 | steps:  3343 | steps_t:     0 | t: 2.181125 | r:  -509.000000 | e:   1.000000 | Q:        nan | won: False 
#  312 | steps:  3354 | steps_t:     0 | t: 2.187125 | r:  -510.000000 | e:   1.000000 | Q:        nan | won: False 
#  313 | steps:  3365 | steps_t:     0 | t: 2.194125 | r:  -510.000000 | e:   1.000000 | Q:        nan | won: False 
#  314 | steps:  3371 | steps_t:     0 | t: 2.198126 | r:  -505.000000 | e:   1.000000 | Q:        nan | won: False 
#  315 | steps:  3381 | steps_t:     0 | t: 2.205126 | r:  -509.000000 | e:   1.000000 | Q:        nan | won: False 
#  316 | steps:  3389 | steps_t:     0 | t: 2.210126 | r:  -507.000000 | e:   1.000000 | Q:        nan | won: False 
#  317 | steps:  3396 | steps_t:     0 | t: 2.215127 | r:  -506.000000 | e:   1.000000 | Q:        nan | won: False 
#  318 | steps:  3406 | steps_t:     0 | t: 2.221127 | r:  -509.000000 | e:   1.000000 | Q:        nan | won: False 
#  319 | steps:  3421 | steps_t:     0 | t: 2.230128 | r:  -514.000000 | e:   1.000000 | Q:        nan | won: False 
#  320 | steps:  3430 | steps_t:     0 | t: 2.234128 | r:  -508.000000 | e:   1.000000 | Q:        nan | won: False 
#  321 | steps:  3435 | steps_t:     0 | t: 2.238128 | r:  -504.000000 | e:   1.000000 | Q:        nan | won: False 
#  322 | steps:  3450 | steps_t:     0 | t: 2.247128 | r:  -514.000000 | e:   1.000000 | Q:        nan | won: False 
#  323 | steps:  3462 | steps_t:     0 | t: 2.255129 | r:  -511.000000 | e:   1.000000 | Q:        nan | won: False 
#  324 | steps:  3469 | steps_t:     0 | t: 2.259129 | r:  -506.000000 | e:   1.000000 | Q:        nan | won: False 
#  325 | steps:  3490 | steps_t:     0 | t: 2.272130 | r:  -520.000000 | e:   1.000000 | Q:        nan | won: False 
#  326 | steps:  3502 | steps_t:     0 | t: 2.279130 | r:  -511.000000 | e:   1.000000 | Q:        nan | won: False 
#  327 | steps:  3516 | steps_t:     0 | t: 2.286131 | r:  -513.000000 | e:   1.000000 | Q:        nan | won: False 
#  328 | steps:  3554 | steps_t:     0 | t: 2.306132 | r:  -526.000000 | e:   1.000000 | Q:        nan | won: False 
#  329 | steps:  3568 | steps_t:     0 | t: 2.314132 | r:  -513.000000 | e:   1.000000 | Q:        nan | won: False 
#  330 | steps:  3578 | steps_t:     0 | t: 2.320133 | r:  -509.000000 | e:   1.000000 | Q:        nan | won: False 
#  331 | steps:  3588 | steps_t:     0 | t: 2.325133 | r:  -509.000000 | e:   1.000000 | Q:        nan | won: False 
#  332 | steps:  3594 | steps_t:     0 | t: 2.329133 | r:  -505.000000 | e:   1.000000 | Q:        nan | won: False 
#  333 | steps:  3602 | steps_t:     0 | t: 2.333133 | r:  -507.000000 | e:   1.000000 | Q:        nan | won: False 
#  334 | steps:  3616 | steps_t:     0 | t: 2.340134 | r:  -513.000000 | e:   1.000000 | Q:        nan | won: False 
#  335 | steps:  3624 | steps_t:     0 | t: 2.345134 | r:  -507.000000 | e:   1.000000 | Q:        nan | won: False 
#  336 | steps:  3632 | steps_t:     0 | t: 2.349134 | r:  -507.000000 | e:   1.000000 | Q:        nan | won: False 
#  337 | steps:  3642 | steps_t:     0 | t: 2.354135 | r:  -509.000000 | e:   1.000000 | Q:        nan | won: False 
#  338 | steps:  3657 | steps_t:     0 | t: 2.363135 | r:  -514.000000 | e:   1.000000 | Q:        nan | won: False 
#  339 | steps:  3663 | steps_t:     0 | t: 2.366135 | r:  -505.000000 | e:   1.000000 | Q:        nan | won: False 
#  340 | steps:  3675 | steps_t:     0 | t: 2.374136 | r:  -511.000000 | e:   1.000000 | Q:        nan | won: False 
#  341 | steps:  3685 | steps_t:     0 | t: 2.383136 | r:  -509.000000 | e:   1.000000 | Q:        nan | won: False 
#  342 | steps:  3694 | steps_t:     0 | t: 2.390137 | r:  -508.000000 | e:   1.000000 | Q:        nan | won: False 
#  343 | steps:  3699 | steps_t:     0 | t: 2.393137 | r:  -504.000000 | e:   1.000000 | Q:        nan | won: False 
#  344 | steps:  3704 | steps_t:     0 | t: 2.396137 | r:  -504.000000 | e:   1.000000 | Q:        nan | won: False 
#  345 | steps:  3717 | steps_t:     0 | t: 2.404137 | r:  -512.000000 | e:   1.000000 | Q:        nan | won: False 
#  346 | steps:  3722 | steps_t:     0 | t: 2.408138 | r:  -504.000000 | e:   1.000000 | Q:        nan | won: False 
#  347 | steps:  3730 | steps_t:     0 | t: 2.412138 | r:  -507.000000 | e:   1.000000 | Q:        nan | won: False 
#  348 | steps:  3736 | steps_t:     0 | t: 2.415138 | r:  -505.000000 | e:   1.000000 | Q:        nan | won: False 
#  349 | steps:  3744 | steps_t:     0 | t: 2.419138 | r:  -507.000000 | e:   1.000000 | Q:        nan | won: False 
#  350 | steps:  3753 | steps_t:     0 | t: 2.425139 | r:  -508.000000 | e:   1.000000 | Q:        nan | won: False 
#  351 | steps:  3765 | steps_t:     0 | t: 2.432139 | r:  -511.000000 | e:   1.000000 | Q:        nan | won: False 
#  352 | steps:  3780 | steps_t:     0 | t: 2.441140 | r:  -503.000000 | e:   1.000000 | Q:        nan | won: False 
#  353 | steps:  3792 | steps_t:     0 | t: 2.447140 | r:  -511.000000 | e:   1.000000 | Q:        nan | won: False 
#  354 | steps:  3801 | steps_t:     0 | t: 2.453140 | r:  -508.000000 | e:   1.000000 | Q:        nan | won: False 
#  355 | steps:  3813 | steps_t:     0 | t: 2.460141 | r:  -511.000000 | e:   1.000000 | Q:        nan | won: False 
#  356 | steps:  3821 | steps_t:     0 | t: 2.465141 | r:  -507.000000 | e:   1.000000 | Q:        nan | won: False 
#  357 | steps:  3833 | steps_t:     0 | t: 2.474141 | r:  -511.000000 | e:   1.000000 | Q:        nan | won: False 
#  358 | steps:  3843 | steps_t:     0 | t: 2.480142 | r:  -509.000000 | e:   1.000000 | Q:        nan | won: False 
#  359 | steps:  3859 | steps_t:     0 | t: 2.489142 | r:  -504.000000 | e:   1.000000 | Q:        nan | won: False 
#  360 | steps:  3872 | steps_t:     0 | t: 2.496143 | r:  -512.000000 | e:   1.000000 | Q:        nan | won: False 
#  361 | steps:  3889 | steps_t:     0 | t: 2.505143 | r:  -516.000000 | e:   1.000000 | Q:        nan | won: False 
#  362 | steps:  3901 | steps_t:     0 | t: 2.511144 | r:  -511.000000 | e:   1.000000 | Q:        nan | won: False 
#  363 | steps:  3915 | steps_t:     0 | t: 2.519144 | r:  -513.000000 | e:   1.000000 | Q:        nan | won: False 
#  364 | steps:  3922 | steps_t:     0 | t: 2.522144 | r:  -506.000000 | e:   1.000000 | Q:        nan | won: False 
#  365 | steps:  3930 | steps_t:     0 | t: 2.526145 | r:  -507.000000 | e:   1.000000 | Q:        nan | won: False 
#  366 | steps:  3941 | steps_t:     0 | t: 2.532145 | r:  -510.000000 | e:   1.000000 | Q:        nan | won: False 
#  367 | steps:  3948 | steps_t:     0 | t: 2.535145 | r:  -506.000000 | e:   1.000000 | Q:        nan | won: False 
#  368 | steps:  3954 | steps_t:     0 | t: 2.539145 | r:  -505.000000 | e:   1.000000 | Q:        nan | won: False 
#  369 | steps:  3964 | steps_t:     0 | t: 2.544146 | r:  -509.000000 | e:   1.000000 | Q:        nan | won: False 
#  370 | steps:  3972 | steps_t:     0 | t: 2.548146 | r:  -507.000000 | e:   1.000000 | Q:        nan | won: False 
#  371 | steps:  3981 | steps_t:     0 | t: 2.552146 | r:  -508.000000 | e:   1.000000 | Q:        nan | won: False 
#  372 | steps:  3989 | steps_t:     0 | t: 2.557146 | r:  -507.000000 | e:   1.000000 | Q:        nan | won: False 
#  373 | steps:  3998 | steps_t:     0 | t: 2.561146 | r:  -508.000000 | e:   1.000000 | Q:        nan | won: False 
#  374 | steps:  4010 | steps_t:     0 | t: 2.568147 | r:  -511.000000 | e:   1.000000 | Q:        nan | won: False 
#  375 | steps:  4018 | steps_t:     0 | t: 2.572147 | r:  -507.000000 | e:   1.000000 | Q:        nan | won: False 
#  376 | steps:  4026 | steps_t:     0 | t: 2.579148 | r:  -507.000000 | e:   1.000000 | Q:        nan | won: False 
#  377 | steps:  4046 | steps_t:     0 | t: 2.592148 | r:  -519.000000 | e:   1.000000 | Q:        nan | won: False 
#  378 | steps:  4055 | steps_t:     0 | t: 2.599149 | r:  -508.000000 | e:   1.000000 | Q:        nan | won: False 
#  379 | steps:  4065 | steps_t:     0 | t: 2.604149 | r:  -509.000000 | e:   1.000000 | Q:        nan | won: False 
#  380 | steps:  4075 | steps_t:     0 | t: 2.610149 | r:  -509.000000 | e:   1.000000 | Q:        nan | won: False 
#  381 | steps:  4083 | steps_t:     0 | t: 2.614150 | r:  -507.000000 | e:   1.000000 | Q:        nan | won: False 
#  382 | steps:  4099 | steps_t:     0 | t: 2.623150 | r:  -515.000000 | e:   1.000000 | Q:        nan | won: False 
#  383 | steps:  4107 | steps_t:     0 | t: 2.628150 | r:  -507.000000 | e:   1.000000 | Q:        nan | won: False 
#  384 | steps:  4114 | steps_t:     0 | t: 2.632150 | r:  -506.000000 | e:   1.000000 | Q:        nan | won: False 
#  385 | steps:  4120 | steps_t:     0 | t: 2.636151 | r:  -505.000000 | e:   1.000000 | Q:        nan | won: False 
#  386 | steps:  4133 | steps_t:     0 | t: 2.646151 | r:  -512.000000 | e:   1.000000 | Q:        nan | won: False 
#  387 | steps:  4143 | steps_t:     0 | t: 2.653152 | r:  -509.000000 | e:   1.000000 | Q:        nan | won: False 
#  388 | steps:  4152 | steps_t:     0 | t: 2.658152 | r:  -508.000000 | e:   1.000000 | Q:        nan | won: False 
#  389 | steps:  4162 | steps_t:     0 | t: 2.664153 | r:  -509.000000 | e:   1.000000 | Q:        nan | won: False 
#  390 | steps:  4176 | steps_t:     0 | t: 2.672153 | r:  -513.000000 | e:   1.000000 | Q:        nan | won: False 
#  391 | steps:  4187 | steps_t:     0 | t: 2.679153 | r:  -510.000000 | e:   1.000000 | Q:        nan | won: False 
#  392 | steps:  4201 | steps_t:     0 | t: 2.688154 | r:  -513.000000 | e:   1.000000 | Q:        nan | won: False 
#  393 | steps:  4209 | steps_t:     0 | t: 2.693154 | r:  -507.000000 | e:   1.000000 | Q:        nan | won: False 
#  394 | steps:  4217 | steps_t:     0 | t: 2.697154 | r:  -507.000000 | e:   1.000000 | Q:        nan | won: False 
#  395 | steps:  4225 | steps_t:     0 | t: 2.701154 | r:  -507.000000 | e:   1.000000 | Q:        nan | won: False 
#  396 | steps:  4236 | steps_t:     0 | t: 2.707155 | r:  -510.000000 | e:   1.000000 | Q:        nan | won: False 
#  397 | steps:  4248 | steps_t:     0 | t: 2.714155 | r:  -511.000000 | e:   1.000000 | Q:        nan | won: False 
#  398 | steps:  4257 | steps_t:     0 | t: 2.719155 | r:  -508.000000 | e:   1.000000 | Q:        nan | won: False 
#  399 | steps:  4265 | steps_t:     0 | t: 2.723156 | r:  -507.000000 | e:   1.000000 | Q:        nan | won: False 
#  400 | steps:  4275 | steps_t:     0 | t: 2.729156 | r:  -509.000000 | e:   1.000000 | Q:        nan | won: False 
#  401 | steps:  4317 | steps_t:     0 | t: 2.750157 | r:  -530.000000 | e:   1.000000 | Q:        nan | won: False 
#  402 | steps:  4338 | steps_t:     0 | t: 2.761158 | r:  -509.000000 | e:   1.000000 | Q:        nan | won: False 
#  403 | steps:  4346 | steps_t:     0 | t: 2.765158 | r:  -507.000000 | e:   1.000000 | Q:        nan | won: False 
#  404 | steps:  4355 | steps_t:     0 | t: 2.770158 | r:  -508.000000 | e:   1.000000 | Q:        nan | won: False 
#  405 | steps:  4366 | steps_t:     0 | t: 2.775159 | r:  -510.000000 | e:   1.000000 | Q:        nan | won: False 
#  406 | steps:  4377 | steps_t:     0 | t: 2.794160 | r:  -510.000000 | e:   1.000000 | Q:        nan | won: False 
#  407 | steps:  4393 | steps_t:     0 | t: 2.803160 | r:  -515.000000 | e:   1.000000 | Q:        nan | won: False 
#  408 | steps:  4406 | steps_t:     0 | t: 2.812161 | r:  -512.000000 | e:   1.000000 | Q:        nan | won: False 
#  409 | steps:  4418 | steps_t:     0 | t: 2.818161 | r:  -511.000000 | e:   1.000000 | Q:        nan | won: False 
#  410 | steps:  4425 | steps_t:     0 | t: 2.824162 | r:  -506.000000 | e:   1.000000 | Q:        nan | won: False 
#  411 | steps:  4437 | steps_t:     0 | t: 2.831162 | r:  -511.000000 | e:   1.000000 | Q:        nan | won: False 
#  412 | steps:  4449 | steps_t:     0 | t: 2.838162 | r:  -511.000000 | e:   1.000000 | Q:        nan | won: False 
#  413 | steps:  4465 | steps_t:     0 | t: 2.849163 | r:  -515.000000 | e:   1.000000 | Q:        nan | won: False 
