#    1 | steps:     8 | steps_t:     0 | t: 0.128007 | r:  -507.000000 | e:   1.000000 | Q:        nan | won: False 
#    2 | steps:    16 | steps_t:     0 | t: 0.248014 | r:  -507.000000 | e:   1.000000 | Q:        nan | won: False 
#    3 | steps:    25 | steps_t:     0 | t: 0.260015 | r:  -508.000000 | e:   1.000000 | Q:        nan | won: False 
#    4 | steps:    33 | steps_t:     0 | t: 0.271016 | r:  -507.000000 | e:   1.000000 | Q:        nan | won: False 
#    5 | steps:    42 | steps_t:     0 | t: 0.281016 | r:  -508.000000 | e:   1.000000 | Q:        nan | won: False 
#    6 | steps:    57 | steps_t:     0 | t: 0.290017 | r:  -514.000000 | e:   1.000000 | Q:        nan | won: False 
#    7 | steps:    63 | steps_t:     0 | t: 0.294017 | r:  -505.000000 | e:   1.000000 | Q:        nan | won: False 
#    8 | steps:    79 | steps_t:     0 | t: 0.304017 | r:  -504.000000 | e:   1.000000 | Q:        nan | won: False 
#    9 | steps:    95 | steps_t:     0 | t: 0.315018 | r:  -504.000000 | e:   1.000000 | Q:        nan | won: False 
#   10 | steps:   105 | steps_t:     0 | t: 0.323018 | r:  -509.000000 | e:   1.000000 | Q:        nan | won: False 
#   11 | steps:   114 | steps_t:     0 | t: 0.328019 | r:  -508.000000 | e:   1.000000 | Q:        nan | won: False 
#   12 | steps:   126 | steps_t:     0 | t: 0.336019 | r:  -511.000000 | e:   1.000000 | Q:        nan | won: False 
#   13 | steps:   133 | steps_t:     0 | t: 0.341020 | r:  -506.000000 | e:   1.000000 | Q:        nan | won: False 
#   14 | steps:   143 | steps_t:     0 | t: 0.410023 | r:  -509.000000 | e:   1.000000 | Q:        nan | won: False 
#   15 | steps:   152 | steps_t:     0 | t: 0.417024 | r:  -508.000000 | e:   1.000000 | Q:        nan | won: False 
#   16 | steps:   157 | steps_t:     0 | t: 0.421024 | r:  -504.000000 | e:   1.000000 | Q:        nan | won: False 
#   17 | steps:   168 | steps_t:     0 | t: 0.427024 | r:  -510.000000 | e:   1.000000 | Q:        nan | won: False 
#   18 | steps:   174 | steps_t:     0 | t: 0.430025 | r:  -505.000000 | e:   1.000000 | Q:        nan | won: False 
#   19 | steps:   183 | steps_t:     0 | t: 0.436025 | r:  -508.000000 | e:   1.000000 | Q:        nan | won: False 
#   20 | steps:   193 | steps_t:     0 | t: 0.441025 | r:  -509.000000 | e:   1.000000 | Q:        nan | won: False 
#   21 | steps:   200 | steps_t:     0 | t: 0.445025 | r:  -506.000000 | e:   1.000000 | Q:        nan | won: False 
#   22 | steps:   206 | steps_t:     0 | t: 0.449026 | r:  -505.000000 | e:   1.000000 | Q:        nan | won: False 
#   23 | steps:   217 | steps_t:     0 | t: 0.456026 | r:  -510.000000 | e:   1.000000 | Q:        nan | won: False 
#   24 | steps:   223 | steps_t:     0 | t: 0.459026 | r:  -505.000000 | e:   1.000000 | Q:        nan | won: False 
#   25 | steps:   230 | steps_t:     0 | t: 0.462026 | r:  -506.000000 | e:   1.000000 | Q:        nan | won: False 
#   26 | steps:   240 | steps_t:     0 | t: 0.467027 | r:  -509.000000 | e:   1.000000 | Q:        nan | won: False 
#   27 | steps:   251 | steps_t:     0 | t: 0.473027 | r:  -510.000000 | e:   1.000000 | Q:        nan | won: False 
#   28 | steps:   258 | steps_t:     0 | t: 0.477027 | r:  -506.000000 | e:   1.000000 | Q:        nan | won: False 
#   29 | steps:   263 | steps_t:     0 | t: 0.479027 | r:  -504.000000 | e:   1.000000 | Q:        nan | won: False 
#   30 | steps:   271 | steps_t:     0 | t: 0.484028 | r:  -507.000000 | e:   1.000000 | Q:        nan | won: False 
#   31 | steps:   280 | steps_t:     0 | t: 0.489028 | r:  -508.000000 | e:   1.000000 | Q:        nan | won: False 
#   32 | steps:   288 | steps_t:     0 | t: 0.493028 | r:  -507.000000 | e:   1.000000 | Q:        nan | won: False 
#   33 | steps:   293 | steps_t:     0 | t: 0.496028 | r:  -504.000000 | e:   1.000000 | Q:        nan | won: False 
#   34 | steps:   307 | steps_t:     0 | t: 0.503029 | r:  -502.000000 | e:   1.000000 | Q:        nan | won: False 
#   35 | steps:   315 | steps_t:     0 | t: 0.509029 | r:  -507.000000 | e:   1.000000 | Q:        nan | won: False 
#   36 | steps:   324 | steps_t:     0 | t: 0.518030 | r:  -508.000000 | e:   1.000000 | Q:        nan | won: False 
#   37 | steps:   335 | steps_t:     0 | t: 0.525030 | r:  -510.000000 | e:   1.000000 | Q:        nan | won: False 
#   38 | steps:   355 | steps_t:     0 | t: 0.535031 | r:  -519.000000 | e:   1.000000 | Q:        nan | won: False 
#   39 | steps:   364 | steps_t:     0 | t: 0.541031 | r:  -508.000000 | e:   1.000000 | Q:        nan | won: False 
#   40 | steps:   374 | steps_t:     0 | t: 0.546031 | r:  -509.000000 | e:   1.000000 | Q:        nan | won: False 
#   41 | steps:   383 | steps_t:     0 | t: 0.553032 | r:  -508.000000 | e:   1.000000 | Q:        nan | won: False 
#   42 | steps:   392 | steps_t:     0 | t: 0.558032 | r:  -508.000000 | e:   1.000000 | Q:        nan | won: False 
#   43 | steps:   400 | steps_t:     0 | t: 0.563032 | r:  -507.000000 | e:   1.000000 | Q:        nan | won: False 
#   44 | steps:   407 | steps_t:     0 | t: 0.568033 | r:  -506.000000 | e:   1.000000 | Q:        nan | won: False 
#   45 | steps:   412 | steps_t:     0 | t: 0.570033 | r:  -504.000000 | e:   1.000000 | Q:        nan | won: False 
#   46 | steps:   418 | steps_t:     0 | t: 0.574033 | r:  -505.000000 | e:   1.000000 | Q:        nan | won: False 
#   47 | steps:   434 | steps_t:     0 | t: 0.584033 | r:  -515.000000 | e:   1.000000 | Q:        nan | won: False 
#   48 | steps:   446 | steps_t:     0 | t: 0.590034 | r:  -511.000000 | e:   1.000000 | Q:        nan | won: False 
#   49 | steps:   456 | steps_t:     0 | t: 0.595034 | r:  -509.000000 | e:   1.000000 | Q:        nan | won: False 
#   50 | steps:   467 | steps_t:     0 | t: 0.602034 | r:  -510.000000 | e:   1.000000 | Q:        nan | won: False 
#   51 | steps:   484 | steps_t:     0 | t: 0.613035 | r:  -505.000000 | e:   1.000000 | Q:        nan | won: False 
#   52 | steps:   496 | steps_t:     0 | t: 0.620035 | r:  -511.000000 | e:   1.000000 | Q:        nan | won: False 
#   53 | steps:   507 | steps_t:     0 | t: 0.628036 | r:  -510.000000 | e:   1.000000 | Q:        nan | won: False 
#   54 | steps:   529 | steps_t:     0 | t: 0.641037 | r:  -521.000000 | e:   1.000000 | Q:        nan | won: False 
#   55 | steps:   536 | steps_t:     0 | t: 0.645037 | r:  -506.000000 | e:   1.000000 | Q:        nan | won: False 
#   56 | steps:   545 | steps_t:     0 | t: 0.651037 | r:  -508.000000 | e:   1.000000 | Q:        nan | won: False 
#   57 | steps:   557 | steps_t:     0 | t: 0.658038 | r:  -511.000000 | e:   1.000000 | Q:        nan | won: False 
#   58 | steps:   564 | steps_t:     0 | t: 0.662038 | r:  -506.000000 | e:   1.000000 | Q:        nan | won: False 
#   59 | steps:   577 | steps_t:     0 | t: 0.669038 | r:  -512.000000 | e:   1.000000 | Q:        nan | won: False 
#   60 | steps:   585 | steps_t:     0 | t: 0.675039 | r:  -507.000000 | e:   1.000000 | Q:        nan | won: False 
#   61 | steps:   592 | steps_t:     0 | t: 0.678039 | r:  -506.000000 | e:   1.000000 | Q:        nan | won: False 
#   62 | steps:   598 | steps_t:     0 | t: 0.682039 | r:  -505.000000 | e:   1.000000 | Q:        nan | won: False 
#   63 | steps:   603 | steps_t:     0 | t: 0.685039 | r:  -504.000000 | e:   1.000000 | Q:        nan | won: False 
#   64 | steps:   621 | steps_t:     0 | t: 0.695040 | r:  -517.000000 | e:   1.000000 | Q:        nan | won: False 
#   65 | steps:   631 | steps_t:     0 | t: 0.702040 | r:  -509.000000 | e:   1.000000 | Q:        nan | won: False 
#   66 | steps:   641 | steps_t:     0 | t: 0.707041 | r:  -509.000000 | e:   1.000000 | Q:        nan | won: False 
#   67 | steps:   648 | steps_t:     0 | t: 0.718041 | r:  -506.000000 | e:   1.000000 | Q:        nan | won: False 
#   68 | steps:   658 | steps_t:     0 | t: 0.729042 | r:  -509.000000 | e:   1.000000 | Q:        nan | won: False 
#   69 | steps:   668 | steps_t:     0 | t: 0.737042 | r:  -509.000000 | e:   1.000000 | Q:        nan | won: False 
#   70 | steps:   674 | steps_t:     0 | t: 0.740042 | r:  -505.000000 | e:   1.000000 | Q:        nan | won: False 
#   71 | steps:   684 | steps_t:     0 | t: 0.746043 | r:  -509.000000 | e:   1.000000 | Q:        nan | won: False 
#   72 | steps:   693 | steps_t:     0 | t: 0.753043 | r:  -508.000000 | e:   1.000000 | Q:        nan | won: False 
#   73 | steps:   711 | steps_t:     0 | t: 0.765044 | r:  -517.000000 | e:   1.000000 | Q:        nan | won: False 
#   74 | steps:   723 | steps_t:     0 | t: 0.772044 | r:  -511.000000 | e:   1.000000 | Q:        nan | won: False 
#   75 | steps:   730 | steps_t:     0 | t: 0.776044 | r:  -506.000000 | e:   1.000000 | Q:        nan | won: False 
#   76 | steps:   740 | steps_t:     0 | t: 0.785045 | r:  -509.000000 | e:   1.000000 | Q:        nan | won: False 
#   77 | steps:   755 | steps_t:     0 | t: 0.794045 | r:  -514.000000 | e:   1.000000 | Q:        nan | won: False 
#   78 | steps:   767 | steps_t:     0 | t: 0.801046 | r:  -511.000000 | e:   1.000000 | Q:        nan | won: False 
#   79 | steps:   775 | steps_t:     0 | t: 0.804046 | r:  -507.000000 | e:   1.000000 | Q:        nan | won: False 
#   80 | steps:   789 | steps_t:     0 | t: 0.812047 | r:  -513.000000 | e:   1.000000 | Q:        nan | won: False 
#   81 | steps:   797 | steps_t:     0 | t: 0.818047 | r:  -507.000000 | e:   1.000000 | Q:        nan | won: False 
#   82 | steps:   804 | steps_t:     0 | t: 0.822047 | r:  -506.000000 | e:   1.000000 | Q:        nan | won: False 
#   83 | steps:   812 | steps_t:     0 | t: 0.826047 | r:  -507.000000 | e:   1.000000 | Q:        nan | won: False 
#   84 | steps:   820 | steps_t:     0 | t: 0.831048 | r:  -507.000000 | e:   1.000000 | Q:        nan | won: False 
#   85 | steps:   828 | steps_t:     0 | t: 0.836048 | r:  -507.000000 | e:   1.000000 | Q:        nan | won: False 
#   86 | steps:   836 | steps_t:     0 | t: 0.840048 | r:  -507.000000 | e:   1.000000 | Q:        nan | won: False 
#   87 | steps:   848 | steps_t:     0 | t: 0.848048 | r:  -511.000000 | e:   1.000000 | Q:        nan | won: False 
#   88 | steps:   853 | steps_t:     0 | t: 0.851049 | r:  -504.000000 | e:   1.000000 | Q:        nan | won: False 
#   89 | steps:   870 | steps_t:     0 | t: 0.864049 | r:  -516.000000 | e:   1.000000 | Q:        nan | won: False 
#   90 | steps:   879 | steps_t:     0 | t: 0.869050 | r:  -508.000000 | e:   1.000000 | Q:        nan | won: False 
#   91 | steps:   892 | steps_t:     0 | t: 0.876050 | r:  -512.000000 | e:   1.000000 | Q:        nan | won: False 
#   92 | steps:   898 | steps_t:     0 | t: 0.879050 | r:  -505.000000 | e:   1.000000 | Q:        nan | won: False 
#   93 | steps:   907 | steps_t:     0 | t: 0.884051 | r:  -508.000000 | e:   1.000000 | Q:        nan | won: False 
#   94 | steps:   927 | steps_t:     0 | t: 0.895051 | r:  -519.000000 | e:   1.000000 | Q:        nan | won: False 
#   95 | steps:   935 | steps_t:     0 | t: 0.899051 | r:  -507.000000 | e:   1.000000 | Q:        nan | won: False 
#   96 | steps:   944 | steps_t:     0 | t: 0.904052 | r:  -508.000000 | e:   1.000000 | Q:        nan | won: False 
#   97 | steps:   951 | steps_t:     0 | t: 0.908052 | r:  -506.000000 | e:   1.000000 | Q:        nan | won: False 
#   98 | steps:   978 | steps_t:     0 | t: 0.924053 | r:  -515.000000 | e:   1.000000 | Q:        nan | won: False 
#   99 | steps:   987 | steps_t:     0 | t: 0.932053 | r:  -508.000000 | e:   1.000000 | Q:        nan | won: False 
#  100 | steps:  1001 | steps_t:     0 | t: 0.940054 | r:  -513.000000 | e:   1.000000 | Q:        nan | won: False 
#  101 | steps:  1008 | steps_t:     0 | t: 0.944054 | r:  -506.000000 | e:   1.000000 | Q:        nan | won: False 
#  102 | steps:  1014 | steps_t:     0 | t: 0.949054 | r:  -505.000000 | e:   1.000000 | Q:        nan | won: False 
#  103 | steps:  1026 | steps_t:     0 | t: 0.959055 | r:  -511.000000 | e:   1.000000 | Q:        nan | won: False 
#  104 | steps:  1033 | steps_t:     0 | t: 0.964055 | r:  -506.000000 | e:   1.000000 | Q:        nan | won: False 
#  105 | steps:  1039 | steps_t:     0 | t: 0.969055 | r:  -505.000000 | e:   1.000000 | Q:        nan | won: False 
#  106 | steps:  1050 | steps_t:     0 | t: 0.975056 | r:  -510.000000 | e:   1.000000 | Q:        nan | won: False 
#  107 | steps:  1067 | steps_t:     0 | t: 0.987056 | r:  -505.000000 | e:   1.000000 | Q:        nan | won: False 
#  108 | steps:  1083 | steps_t:     0 | t: 0.996057 | r:  -515.000000 | e:   1.000000 | Q:        nan | won: False 
#  109 | steps:  1095 | steps_t:     0 | t: 1.005057 | r:  -511.000000 | e:   1.000000 | Q:        nan | won: False 
#  110 | steps:  1107 | steps_t:     0 | t: 1.016058 | r:  -511.000000 | e:   1.000000 | Q:        nan | won: False 
#  111 | steps:  1117 | steps_t:     0 | t: 1.025059 | r:  -509.000000 | e:   1.000000 | Q:        nan | won: False 
#  112 | steps:  1130 | steps_t:     0 | t: 1.033059 | r:  -512.000000 | e:   1.000000 | Q:        nan | won: False 
#  113 | steps:  1137 | steps_t:     0 | t: 1.037059 | r:  -506.000000 | e:   1.000000 | Q:        nan | won: False 
#  114 | steps:  1160 | steps_t:     0 | t: 1.048060 | r:  -522.000000 | e:   1.000000 | Q:        nan | won: False 
#  115 | steps:  1175 | steps_t:     0 | t: 1.056060 | r:  -503.000000 | e:   1.000000 | Q:        nan | won: False 
#  116 | steps:  1182 | steps_t:     0 | t: 1.059061 | r:  -506.000000 | e:   1.000000 | Q:        nan | won: False 
#  117 | steps:  1196 | steps_t:     0 | t: 1.068061 | r:  -513.000000 | e:   1.000000 | Q:        nan | won: False 
#  118 | steps:  1212 | steps_t:     0 | t: 1.079062 | r:  -515.000000 | e:   1.000000 | Q:        nan | won: False 
#  119 | steps:  1220 | steps_t:     0 | t: 1.085062 | r:  -507.000000 | e:   1.000000 | Q:        nan | won: False 
#  120 | steps:  1235 | steps_t:     0 | t: 1.093063 | r:  -514.000000 | e:   1.000000 | Q:        nan | won: False 
#  121 | steps:  1246 | steps_t:     0 | t: 1.101063 | r:  -510.000000 | e:   1.000000 | Q:        nan | won: False 
#  122 | steps:  1266 | steps_t:     0 | t: 1.114064 | r:  -519.000000 | e:   1.000000 | Q:        nan | won: False 
#  123 | steps:  1279 | steps_t:     0 | t: 1.139065 | r:  -512.000000 | e:   1.000000 | Q:        nan | won: False 
#  124 | steps:  1297 | steps_t:     0 | t: 1.169067 | r:  -517.000000 | e:   1.000000 | Q:        nan | won: False 
#  125 | steps:  1309 | steps_t:     0 | t: 1.194068 | r:  -511.000000 | e:   1.000000 | Q:        nan | won: False 
#  126 | steps:  1321 | steps_t:     0 | t: 1.216069 | r:  -511.000000 | e:   1.000000 | Q:        nan | won: False 
#  127 | steps:  1330 | steps_t:     0 | t: 1.227070 | r:  -508.000000 | e:   1.000000 | Q:        nan | won: False 
#  128 | steps:  1340 | steps_t:     0 | t: 1.239071 | r:  -509.000000 | e:   1.000000 | Q:        nan | won: False 
#  129 | steps:  1354 | steps_t:     0 | t: 1.252072 | r:  -513.000000 | e:   1.000000 | Q:        nan | won: False 
#  130 | steps:  1368 | steps_t:     0 | t: 1.267072 | r:  -513.000000 | e:   1.000000 | Q:        nan | won: False 
#  131 | steps:  1388 | steps_t:     0 | t: 1.284073 | r:  -519.000000 | e:   1.000000 | Q:        nan | won: False 
#  132 | steps:  1403 | steps_t:     0 | t: 1.297074 | r:  -514.000000 | e:   1.000000 | Q:        nan | won: False 
#  133 | steps:  1421 | steps_t:     0 | t: 1.309075 | r:  -517.000000 | e:   1.000000 | Q:        nan | won: False 
#  134 | steps:  1436 | steps_t:     0 | t: 1.319076 | r:  -514.000000 | e:   1.000000 | Q:        nan | won: False 
#  135 | steps:  1444 | steps_t:     0 | t: 1.325076 | r:  -507.000000 | e:   1.000000 | Q:        nan | won: False 
#  136 | steps:  1456 | steps_t:     0 | t: 1.334076 | r:  -511.000000 | e:   1.000000 | Q:        nan | won: False 
#  137 | steps:  1469 | steps_t:     0 | t: 1.348077 | r:  -512.000000 | e:   1.000000 | Q:        nan | won: False 
#  138 | steps:  1486 | steps_t:     0 | t: 1.365078 | r:  -516.000000 | e:   1.000000 | Q:        nan | won: False 
#  139 | steps:  1494 | steps_t:     0 | t: 1.373078 | r:  -507.000000 | e:   1.000000 | Q:        nan | won: False 
#  140 | steps:  1519 | steps_t:     0 | t: 1.390079 | r:  -524.000000 | e:   1.000000 | Q:        nan | won: False 
#  141 | steps:  1526 | steps_t:     0 | t: 1.394080 | r:  -506.000000 | e:   1.000000 | Q:        nan | won: False 
#  142 | steps:  1536 | steps_t:     0 | t: 1.402080 | r:  -509.000000 | e:   1.000000 | Q:        nan | won: False 
#  143 | steps:  1547 | steps_t:     0 | t: 1.409081 | r:  -510.000000 | e:   1.000000 | Q:        nan | won: False 
#  144 | steps:  1554 | steps_t:     0 | t: 1.413081 | r:  -506.000000 | e:   1.000000 | Q:        nan | won: False 
#  145 | steps:  1561 | steps_t:     0 | t: 1.421081 | r:  -506.000000 | e:   1.000000 | Q:        nan | won: False 
#  146 | steps:  1568 | steps_t:     0 | t: 1.425081 | r:  -506.000000 | e:   1.000000 | Q:        nan | won: False 
#  147 | steps:  1577 | steps_t:     0 | t: 1.431082 | r:  -508.000000 | e:   1.000000 | Q:        nan | won: False 
#  148 | steps:  1585 | steps_t:     0 | t: 1.438082 | r:  -507.000000 | e:   1.000000 | Q:        nan | won: False 
#  149 | steps:  1594 | steps_t:     0 | t: 1.443082 | r:  -508.000000 | e:   1.000000 | Q:        nan | won: False 
#  150 | steps:  1610 | steps_t:     0 | t: 1.453083 | r:  -515.000000 | e:   1.000000 | Q:        nan | won: False 
#  151 | steps:  1622 | steps_t:     0 | t: 1.460084 | r:  -511.000000 | e:   1.000000 | Q:        nan | won: False 
#  152 | steps:  1633 | steps_t:     0 | t: 1.467084 | r:  -510.000000 | e:   1.000000 | Q:        nan | won: False 
#  153 | steps:  1647 | steps_t:     0 | t: 1.474084 | r:  -513.000000 | e:   1.000000 | Q:        nan | won: False 
#  154 | steps:  1666 | steps_t:     0 | t: 1.487085 | r:  -518.000000 | e:   1.000000 | Q:        nan | won: False 
#  155 | steps:  1674 | steps_t:     0 | t: 1.494086 | r:  -507.000000 | e:   1.000000 | Q:        nan | won: False 
#  156 | steps:  1684 | steps_t:     0 | t: 1.504086 | r:  -509.000000 | e:   1.000000 | Q:        nan | won: False 
#  157 | steps:  1692 | steps_t:     0 | t: 1.511086 | r:  -507.000000 | e:   1.000000 | Q:        nan | won: False 
#  158 | steps:  1701 | steps_t:     0 | t: 1.518087 | r:  -508.000000 | e:   1.000000 | Q:        nan | won: False 
#  159 | steps:  1708 | steps_t:     0 | t: 1.523087 | r:  -506.000000 | e:   1.000000 | Q:        nan | won: False 
#  160 | steps:  1719 | steps_t:     0 | t: 1.528087 | r:  -510.000000 | e:   1.000000 | Q:        nan | won: False 
#  161 | steps:  1745 | steps_t:     0 | t: 1.549089 | r:  -514.000000 | e:   1.000000 | Q:        nan | won: False 
#  162 | steps:  1754 | steps_t:     0 | t: 1.555089 | r:  -508.000000 | e:   1.000000 | Q:        nan | won: False 
#  163 | steps:  1763 | steps_t:     0 | t: 1.561090 | r:  -508.000000 | e:   1.000000 | Q:        nan | won: False 
#  164 | steps:  1778 | steps_t:     0 | t: 1.576090 | r:  -514.000000 | e:   1.000000 | Q:        nan | won: False 
#  165 | steps:  1792 | steps_t:     0 | t: 1.587091 | r:  -513.000000 | e:   1.000000 | Q:        nan | won: False 
#  166 | steps:  1805 | steps_t:     0 | t: 1.595091 | r:  -512.000000 | e:   1.000000 | Q:        nan | won: False 
#  167 | steps:  1823 | steps_t:     0 | t: 1.608092 | r:  -517.000000 | e:   1.000000 | Q:        nan | won: False 
#  168 | steps:  1835 | steps_t:     0 | t: 1.616092 | r:  -511.000000 | e:   1.000000 | Q:        nan | won: False 
#  169 | steps:  1854 | steps_t:     0 | t: 1.628093 | r:  -496.000000 | e:   1.000000 | Q:        nan | won: False 
#  170 | steps:  1861 | steps_t:     0 | t: 1.633094 | r:  -506.000000 | e:   1.000000 | Q:        nan | won: False 
#  171 | steps:  1868 | steps_t:     0 | t: 1.638094 | r:  -506.000000 | e:   1.000000 | Q:        nan | won: False 
#  172 | steps:  1874 | steps_t:     0 | t: 1.642094 | r:  -505.000000 | e:   1.000000 | Q:        nan | won: False 
#  173 | steps:  1883 | steps_t:     0 | t: 1.648094 | r:  -508.000000 | e:   1.000000 | Q:        nan | won: False 
#  174 | steps:  1899 | steps_t:     0 | t: 1.658095 | r:  -515.000000 | e:   1.000000 | Q:        nan | won: False 
#  175 | steps:  1912 | steps_t:     0 | t: 1.665095 | r:  -512.000000 | e:   1.000000 | Q:        nan | won: False 
#  176 | steps:  1933 | steps_t:     0 | t: 1.677096 | r:  -509.000000 | e:   1.000000 | Q:        nan | won: False 
#  177 | steps:  1943 | steps_t:     0 | t: 1.683096 | r:  -509.000000 | e:   1.000000 | Q:        nan | won: False 
#  178 | steps:  1955 | steps_t:     0 | t: 1.690097 | r:  -511.000000 | e:   1.000000 | Q:        nan | won: False 
#  179 | steps:  1965 | steps_t:     0 | t: 1.696097 | r:  -509.000000 | e:   1.000000 | Q:        nan | won: False 
#  180 | steps:  1972 | steps_t:     0 | t: 1.701097 | r:  -506.000000 | e:   1.000000 | Q:        nan | won: False 
#  181 | steps:  1979 | steps_t:     0 | t: 1.706098 | r:  -506.000000 | e:   1.000000 | Q:        nan | won: False 
#  182 | steps:  1987 | steps_t:     0 | t: 1.710098 | r:  -507.000000 | e:   1.000000 | Q:        nan | won: False 
#  183 | steps:  1992 | steps_t:     0 | t: 1.713098 | r:  -504.000000 | e:   1.000000 | Q:        nan | won: False 
#  184 | steps:  1998 | steps_t:     0 | t: 1.719098 | r:  -505.000000 | e:   1.000000 | Q:        nan | won: False 
#  185 | steps:  2040 | steps_t:     0 | t: 1.743100 | r:  -530.000000 | e:   1.000000 | Q:        nan | won: False 
#  186 | steps:  2048 | steps_t:     0 | t: 1.750100 | r:  -507.000000 | e:   1.000000 | Q:        nan | won: False 
#  187 | steps:  2060 | steps_t:     0 | t: 1.761101 | r:  -511.000000 | e:   1.000000 | Q:        nan | won: False 
#  188 | steps:  2069 | steps_t:     0 | t: 1.768101 | r:  -508.000000 | e:   1.000000 | Q:        nan | won: False 
#  189 | steps:  2082 | steps_t:     0 | t: 1.776102 | r:  -512.000000 | e:   1.000000 | Q:        nan | won: False 
#  190 | steps:  2098 | steps_t:     0 | t: 1.788102 | r:  -515.000000 | e:   1.000000 | Q:        nan | won: False 
#  191 | steps:  2108 | steps_t:     0 | t: 1.795103 | r:  -509.000000 | e:   1.000000 | Q:        nan | won: False 
#  192 | steps:  2117 | steps_t:     0 | t: 1.804103 | r:  -508.000000 | e:   1.000000 | Q:        nan | won: False 
#  193 | steps:  2126 | steps_t:     0 | t: 1.810103 | r:  -508.000000 | e:   1.000000 | Q:        nan | won: False 
#  194 | steps:  2134 | steps_t:     0 | t: 1.816104 | r:  -507.000000 | e:   1.000000 | Q:        nan | won: False 
#  195 | steps:  2147 | steps_t:     0 | t: 1.824104 | r:  -512.000000 | e:   1.000000 | Q:        nan | won: False 
#  196 | steps:  2166 | steps_t:     0 | t: 1.837105 | r:  -518.000000 | e:   1.000000 | Q:        nan | won: False 
#  197 | steps:  2173 | steps_t:     0 | t: 1.841105 | r:  -506.000000 | e:   1.000000 | Q:        nan | won: False 
#  198 | steps:  2184 | steps_t:     0 | t: 1.848106 | r:  -510.000000 | e:   1.000000 | Q:        nan | won: False 
#  199 | steps:  2192 | steps_t:     0 | t: 1.853106 | r:  -507.000000 | e:   1.000000 | Q:        nan | won: False 
#  200 | steps:  2204 | steps_t:     0 | t: 1.859106 | r:  -511.000000 | e:   1.000000 | Q:        nan | won: False 
#  201 | steps:  2210 | steps_t:     0 | t: 1.862107 | r:  -505.000000 | e:   1.000000 | Q:        nan | won: False 
#  202 | steps:  2227 | steps_t:     0 | t: 1.873107 | r:  -505.000000 | e:   1.000000 | Q:        nan | won: False 
#  203 | steps:  2243 | steps_t:     0 | t: 1.881108 | r:  -515.000000 | e:   1.000000 | Q:        nan | won: False 
#  204 | steps:  2254 | steps_t:     0 | t: 1.887108 | r:  -510.000000 | e:   1.000000 | Q:        nan | won: False 
#  205 | steps:  2263 | steps_t:     0 | t: 1.891108 | r:  -508.000000 | e:   1.000000 | Q:        nan | won: False 
#  206 | steps:  2282 | steps_t:     0 | t: 1.902109 | r:  -518.000000 | e:   1.000000 | Q:        nan | won: False 
#  207 | steps:  2302 | steps_t:     0 | t: 1.912109 | r:  -519.000000 | e:   1.000000 | Q:        nan | won: False 
#  208 | steps:  2309 | steps_t:     0 | t: 1.917110 | r:  -506.000000 | e:   1.000000 | Q:        nan | won: False 
#  209 | steps:  2324 | steps_t:     0 | t: 1.924110 | r:  -503.000000 | e:   1.000000 | Q:        nan | won: False 
#  210 | steps:  2345 | steps_t:     0 | t: 1.935111 | r:  -509.000000 | e:   1.000000 | Q:        nan | won: False 
#  211 | steps:  2352 | steps_t:     0 | t: 1.939111 | r:  -506.000000 | e:   1.000000 | Q:        nan | won: False 
#  212 | steps:  2362 | steps_t:     0 | t: 1.945111 | r:  -509.000000 | e:   1.000000 | Q:        nan | won: False 
#  213 | steps:  2374 | steps_t:     0 | t: 1.952111 | r:  -511.000000 | e:   1.000000 | Q:        nan | won: False 
#  214 | steps:  2382 | steps_t:     0 | t: 1.957112 | r:  -507.000000 | e:   1.000000 | Q:        nan | won: False 
#  215 | steps:  2394 | steps_t:     0 | t: 1.964112 | r:  -511.000000 | e:   1.000000 | Q:        nan | won: False 
#  216 | steps:  2407 | steps_t:     0 | t: 1.971113 | r:  -512.000000 | e:   1.000000 | Q:        nan | won: False 
#  217 | steps:  2416 | steps_t:     0 | t: 1.976113 | r:  -508.000000 | e:   1.000000 | Q:        nan | won: False 
#  218 | steps:  2421 | steps_t:     0 | t: 1.979113 | r:  -504.000000 | e:   1.000000 | Q:        nan | won: False 
#  219 | steps:  2436 | steps_t:     0 | t: 1.989114 | r:  -514.000000 | e:   1.000000 | Q:        nan | won: False 
#  220 | steps:  2444 | steps_t:     0 | t: 1.994114 | r:  -507.000000 | e:   1.000000 | Q:        nan | won: False 
#  221 | steps:  2459 | steps_t:     0 | t: 2.003115 | r:  -503.000000 | e:   1.000000 | Q:        nan | won: False 
#  222 | steps:  2469 | steps_t:     0 | t: 2.010115 | r:  -509.000000 | e:   1.000000 | Q:        nan | won: False 
#  223 | steps:  2479 | steps_t:     0 | t: 2.016115 | r:  -509.000000 | e:   1.000000 | Q:        nan | won: False 
#  224 | steps:  2487 | steps_t:     0 | t: 2.021116 | r:  -507.000000 | e:   1.000000 | Q:        nan | won: False 
#  225 | steps:  2493 | steps_t:     0 | t: 2.026116 | r:  -505.000000 | e:   1.000000 | Q:        nan | won: False 
#  226 | steps:  2504 | steps_t:     0 | t: 2.032116 | r:  -510.000000 | e:   1.000000 | Q:        nan | won: False 
#  227 | steps:  2513 | steps_t:     0 | t: 2.038116 | r:  -508.000000 | e:   1.000000 | Q:        nan | won: False 
#  228 | steps:  2524 | steps_t:     0 | t: 2.044117 | r:  -510.000000 | e:   1.000000 | Q:        nan | won: False 
#  229 | steps:  2535 | steps_t:     0 | t: 2.052117 | r:  -510.000000 | e:   1.000000 | Q:        nan | won: False 
#  230 | steps:  2542 | steps_t:     0 | t: 2.056118 | r:  -506.000000 | e:   1.000000 | Q:        nan | won: False 
#  231 | steps:  2552 | steps_t:     0 | t: 2.062118 | r:  -509.000000 | e:   1.000000 | Q:        nan | won: False 
#  232 | steps:  2568 | steps_t:     0 | t: 2.071119 | r:  -515.000000 | e:   1.000000 | Q:        nan | won: False 
#  233 | steps:  2582 | steps_t:     0 | t: 2.080119 | r:  -513.000000 | e:   1.000000 | Q:        nan | won: False 
#  234 | steps:  2592 | steps_t:     0 | t: 2.085119 | r:  -509.000000 | e:   1.000000 | Q:        nan | won: False 
#  235 | steps:  2599 | steps_t:     0 | t: 2.089119 | r:  -506.000000 | e:   1.000000 | Q:        nan | won: False 
#  236 | steps:  2611 | steps_t:     0 | t: 2.097120 | r:  -511.000000 | e:   1.000000 | Q:        nan | won: False 
#  237 | steps:  2621 | steps_t:     0 | t: 2.103120 | r:  -509.000000 | e:   1.000000 | Q:        nan | won: False 
#  238 | steps:  2633 | steps_t:     0 | t: 2.111121 | r:  -511.000000 | e:   1.000000 | Q:        nan | won: False 
#  239 | steps:  2642 | steps_t:     0 | t: 2.116121 | r:  -508.000000 | e:   1.000000 | Q:        nan | won: False 
#  240 | steps:  2660 | steps_t:     0 | t: 2.128122 | r:  -517.000000 | e:   1.000000 | Q:        nan | won: False 
#  241 | steps:  2667 | steps_t:     0 | t: 2.133122 | r:  -506.000000 | e:   1.000000 | Q:        nan | won: False 
#  242 | steps:  2676 | steps_t:     0 | t: 2.139122 | r:  -508.000000 | e:   1.000000 | Q:        nan | won: False 
#  243 | steps:  2682 | steps_t:     0 | t: 2.142123 | r:  -505.000000 | e:   1.000000 | Q:        nan | won: False 
#  244 | steps:  2689 | steps_t:     0 | t: 2.146123 | r:  -506.000000 | e:   1.000000 | Q:        nan | won: False 
#  245 | steps:  2704 | steps_t:     0 | t: 2.155123 | r:  -514.000000 | e:   1.000000 | Q:        nan | won: False 
#  246 | steps:  2716 | steps_t:     0 | t: 2.162124 | r:  -511.000000 | e:   1.000000 | Q:        nan | won: False 
#  247 | steps:  2728 | steps_t:     0 | t: 2.169124 | r:  -511.000000 | e:   1.000000 | Q:        nan | won: False 
#  248 | steps:  2741 | steps_t:     0 | t: 2.177125 | r:  -512.000000 | e:   1.000000 | Q:        nan | won: False 
#  249 | steps:  2748 | steps_t:     0 | t: 2.182125 | r:  -506.000000 | e:   1.000000 | Q:        nan | won: False 
#  250 | steps:  2759 | steps_t:     0 | t: 2.188125 | r:  -510.000000 | e:   1.000000 | Q:        nan | won: False 
#  251 | steps:  2767 | steps_t:     0 | t: 2.192125 | r:  -507.000000 | e:   1.000000 | Q:        nan | won: False 
#  252 | steps:  2776 | steps_t:     0 | t: 2.198126 | r:  -508.000000 | e:   1.000000 | Q:        nan | won: False 
#  253 | steps:  2784 | steps_t:     0 | t: 2.203126 | r:  -507.000000 | e:   1.000000 | Q:        nan | won: False 
#  254 | steps:  2790 | steps_t:     0 | t: 2.206126 | r:  -505.000000 | e:   1.000000 | Q:        nan | won: False 
#  255 | steps:  2800 | steps_t:     0 | t: 2.212127 | r:  -509.000000 | e:   1.000000 | Q:        nan | won: False 
#  256 | steps:  2810 | steps_t:     0 | t: 2.219127 | r:  -509.000000 | e:   1.000000 | Q:        nan | won: False 
#  257 | steps:  2831 | steps_t:     0 | t: 2.232128 | r:  -520.000000 | e:   1.000000 | Q:        nan | won: False 
#  258 | steps:  2839 | steps_t:     0 | t: 2.236128 | r:  -507.000000 | e:   1.000000 | Q:        nan | won: False 
#  259 | steps:  2847 | steps_t:     0 | t: 2.241128 | r:  -507.000000 | e:   1.000000 | Q:        nan | won: False 
#  260 | steps:  2856 | steps_t:     0 | t: 2.246129 | r:  -508.000000 | e:   1.000000 | Q:        nan | won: False 
#  261 | steps:  2864 | steps_t:     0 | t: 2.252129 | r:  -507.000000 | e:   1.000000 | Q:        nan | won: False 
#  262 | steps:  2872 | steps_t:     0 | t: 2.256129 | r:  -507.000000 | e:   1.000000 | Q:        nan | won: False 
#  263 | steps:  2880 | steps_t:     0 | t: 2.260129 | r:  -507.000000 | e:   1.000000 | Q:        nan | won: False 
#  264 | steps:  2899 | steps_t:     0 | t: 2.270130 | r:  -507.000000 | e:   1.000000 | Q:        nan | won: False 
#  265 | steps:  2907 | steps_t:     0 | t: 2.274130 | r:  -507.000000 | e:   1.000000 | Q:        nan | won: False 
#  266 | steps:  2915 | steps_t:     0 | t: 2.280130 | r:  -507.000000 | e:   1.000000 | Q:        nan | won: False 
#  267 | steps:  2923 | steps_t:     0 | t: 2.285131 | r:  -507.000000 | e:   1.000000 | Q:        nan | won: False 
#  268 | steps:  2934 | steps_t:     0 | t: 2.291131 | r:  -510.000000 | e:   1.000000 | Q:        nan | won: False 
#  269 | steps:  2941 | steps_t:     0 | t: 2.295131 | r:  -506.000000 | e:   1.000000 | Q:        nan | won: False 
#  270 | steps:  2955 | steps_t:     0 | t: 2.302132 | r:  -513.000000 | e:   1.000000 | Q:        nan | won: False 
#  271 | steps:  2965 | steps_t:     0 | t: 2.308132 | r:  -509.000000 | e:   1.000000 | Q:        nan | won: False 
#  272 | steps:  2974 | steps_t:     0 | t: 2.313132 | r:  -508.000000 | e:   1.000000 | Q:        nan | won: False 
#  273 | steps:  2986 | steps_t:     0 | t: 2.320133 | r:  -511.000000 | e:   1.000000 | Q:        nan | won: False 
#  274 | steps:  2995 | steps_t:     0 | t: 2.324133 | r:  -508.000000 | e:   1.000000 | Q:        nan | won: False 
#  275 | steps:  3003 | steps_t:     0 | t: 2.329133 | r:  -507.000000 | e:   1.000000 | Q:        nan | won: False 
#  276 | steps:  3025 | steps_t:     0 | t: 2.341134 | r:  -521.000000 | e:   1.000000 | Q:        nan | won: False 
#  277 | steps:  3035 | steps_t:     0 | t: 2.347134 | r:  -509.000000 | e:   1.000000 | Q:        nan | won: False 
#  278 | steps:  3046 | steps_t:     0 | t: 2.356135 | r:  -510.000000 | e:   1.000000 | Q:        nan | won: False 
#  279 | steps:  3052 | steps_t:     0 | t: 2.368135 | r:  -505.000000 | e:   1.000000 | Q:        nan | won: False 
#  280 | steps:  3062 | steps_t:     0 | t: 2.375136 | r:  -509.000000 | e:   1.000000 | Q:        nan | won: False 
#  281 | steps:  3079 | steps_t:     0 | t: 2.386137 | r:  -516.000000 | e:   1.000000 | Q:        nan | won: False 
#  282 | steps:  3087 | steps_t:     0 | t: 2.391137 | r:  -507.000000 | e:   1.000000 | Q:        nan | won: False 
#  283 | steps:  3093 | steps_t:     0 | t: 2.395137 | r:  -505.000000 | e:   1.000000 | Q:        nan | won: False 
#  284 | steps:  3103 | steps_t:     0 | t: 2.404138 | r:  -509.000000 | e:   1.000000 | Q:        nan | won: False 
#  285 | steps:  3118 | steps_t:     0 | t: 2.415138 | r:  -514.000000 | e:   1.000000 | Q:        nan | won: False 
#  286 | steps:  3126 | steps_t:     0 | t: 2.421139 | r:  -507.000000 | e:   1.000000 | Q:        nan | won: False 
#  287 | steps:  3141 | steps_t:     0 | t: 2.432139 | r:  -514.000000 | e:   1.000000 | Q:        nan | won: False 
#  288 | steps:  3148 | steps_t:     0 | t: 2.437139 | r:  -506.000000 | e:   1.000000 | Q:        nan | won: False 
#  289 | steps:  3155 | steps_t:     0 | t: 2.441140 | r:  -506.000000 | e:   1.000000 | Q:        nan | won: False 
#  290 | steps:  3165 | steps_t:     0 | t: 2.446140 | r:  -509.000000 | e:   1.000000 | Q:        nan | won: False 
#  291 | steps:  3179 | steps_t:     0 | t: 2.454140 | r:  -513.000000 | e:   1.000000 | Q:        nan | won: False 
#  292 | steps:  3187 | steps_t:     0 | t: 2.459141 | r:  -507.000000 | e:   1.000000 | Q:        nan | won: False 
#  293 | steps:  3194 | steps_t:     0 | t: 2.462141 | r:  -506.000000 | e:   1.000000 | Q:        nan | won: False 
#  294 | steps:  3208 | steps_t:     0 | t: 2.471141 | r:  -502.000000 | e:   1.000000 | Q:        nan | won: False 
#  295 | steps:  3232 | steps_t:     0 | t: 2.484142 | r:  -523.000000 | e:   1.000000 | Q:        nan | won: False 
#  296 | steps:  3241 | steps_t:     0 | t: 2.489142 | r:  -508.000000 | e:   1.000000 | Q:        nan | won: False 
#  297 | steps:  3249 | steps_t:     0 | t: 2.493143 | r:  -507.000000 | e:   1.000000 | Q:        nan | won: False 
#  298 | steps:  3256 | steps_t:     0 | t: 2.497143 | r:  -506.000000 | e:   1.000000 | Q:        nan | won: False 
#  299 | steps:  3265 | steps_t:     0 | t: 2.502143 | r:  -508.000000 | e:   1.000000 | Q:        nan | won: False 
#  300 | steps:  3271 | steps_t:     0 | t: 2.505143 | r:  -505.000000 | e:   1.000000 | Q:        nan | won: False 
#  301 | steps:  3281 | steps_t:     0 | t: 2.511144 | r:  -509.000000 | e:   1.000000 | Q:        nan | won: False 
#  302 | steps:  3291 | steps_t:     0 | t: 2.517144 | r:  -509.000000 | e:   1.000000 | Q:        nan | won: False 
#  303 | steps:  3299 | steps_t:     0 | t: 2.521144 | r:  -507.000000 | e:   1.000000 | Q:        nan | won: False 
#  304 | steps:  3307 | steps_t:     0 | t: 2.525145 | r:  -507.000000 | e:   1.000000 | Q:        nan | won: False 
#  305 | steps:  3325 | steps_t:     0 | t: 2.535145 | r:  -517.000000 | e:   1.000000 | Q:        nan | won: False 
#  306 | steps:  3331 | steps_t:     0 | t: 2.538145 | r:  -505.000000 | e:   1.000000 | Q:        nan | won: False 
#  307 | steps:  3336 | steps_t:     0 | t: 2.541145 | r:  -504.000000 | e:   1.000000 | Q:        nan | won: False 
#  308 | steps:  3344 | steps_t:     0 | t: 2.546146 | r:  -507.000000 | e:   1.000000 | Q:        nan | won: False 
#  309 | steps:  3355 | steps_t:     0 | t: 2.552146 | r:  -510.000000 | e:   1.000000 | Q:        nan | won: False 
#  310 | steps:  3369 | steps_t:     0 | t: 2.561146 | r:  -513.000000 | e:   1.000000 | Q:        nan | won: False 
#  311 | steps:  3376 | steps_t:     0 | t: 2.566147 | r:  -506.000000 | e:   1.000000 | Q:        nan | won: False 
#  312 | steps:  3393 | steps_t:     0 | t: 2.577147 | r:  -505.000000 | e:   1.000000 | Q:        nan | won: False 
#  313 | steps:  3418 | steps_t:     0 | t: 2.591148 | r:  -524.000000 | e:   1.000000 | Q:        nan | won: False 
#  314 | steps:  3428 | steps_t:     0 | t: 2.597149 | r:  -509.000000 | e:   1.000000 | Q:        nan | won: False 
#  315 | steps:  3437 | steps_t:     0 | t: 2.603149 | r:  -508.000000 | e:   1.000000 | Q:        nan | won: False 
#  316 | steps:  3445 | steps_t:     0 | t: 2.608149 | r:  -507.000000 | e:   1.000000 | Q:        nan | won: False 
#  317 | steps:  3459 | steps_t:     0 | t: 2.617150 | r:  -513.000000 | e:   1.000000 | Q:        nan | won: False 
#  318 | steps:  3470 | steps_t:     0 | t: 2.623150 | r:  -510.000000 | e:   1.000000 | Q:        nan | won: False 
#  319 | steps:  3479 | steps_t:     0 | t: 2.628150 | r:  -508.000000 | e:   1.000000 | Q:        nan | won: False 
#  320 | steps:  3487 | steps_t:     0 | t: 2.634151 | r:  -507.000000 | e:   1.000000 | Q:        nan | won: False 
#  321 | steps:  3494 | steps_t:     0 | t: 2.639151 | r:  -506.000000 | e:   1.000000 | Q:        nan | won: False 
#  322 | steps:  3501 | steps_t:     0 | t: 2.642151 | r:  -506.000000 | e:   1.000000 | Q:        nan | won: False 
#  323 | steps:  3509 | steps_t:     0 | t: 2.648151 | r:  -507.000000 | e:   1.000000 | Q:        nan | won: False 
#  324 | steps:  3521 | steps_t:     0 | t: 2.654152 | r:  -511.000000 | e:   1.000000 | Q:        nan | won: False 
#  325 | steps:  3532 | steps_t:     0 | t: 2.660152 | r:  -510.000000 | e:   1.000000 | Q:        nan | won: False 
#  326 | steps:  3538 | steps_t:     0 | t: 2.663152 | r:  -505.000000 | e:   1.000000 | Q:        nan | won: False 
#  327 | steps:  3548 | steps_t:     0 | t: 2.669153 | r:  -509.000000 | e:   1.000000 | Q:        nan | won: False 
#  328 | steps:  3560 | steps_t:     0 | t: 2.675153 | r:  -511.000000 | e:   1.000000 | Q:        nan | won: False 
#  329 | steps:  3569 | steps_t:     0 | t: 2.680153 | r:  -508.000000 | e:   1.000000 | Q:        nan | won: False 
#  330 | steps:  3588 | steps_t:     0 | t: 2.690154 | r:  -507.000000 | e:   1.000000 | Q:        nan | won: False 
#  331 | steps:  3596 | steps_t:     0 | t: 2.694154 | r:  -507.000000 | e:   1.000000 | Q:        nan | won: False 
#  332 | steps:  3607 | steps_t:     0 | t: 2.700155 | r:  -510.000000 | e:   1.000000 | Q:        nan | won: False 
#  333 | steps:  3615 | steps_t:     0 | t: 2.705155 | r:  -507.000000 | e:   1.000000 | Q:        nan | won: False 
#  334 | steps:  3636 | steps_t:     0 | t: 2.715155 | r:  -520.000000 | e:   1.000000 | Q:        nan | won: False 
#  335 | steps:  3644 | steps_t:     0 | t: 2.720155 | r:  -507.000000 | e:   1.000000 | Q:        nan | won: False 
#  336 | steps:  3660 | steps_t:     0 | t: 2.728156 | r:  -515.000000 | e:   1.000000 | Q:        nan | won: False 
#  337 | steps:  3674 | steps_t:     0 | t: 2.735156 | r:  -502.000000 | e:   1.000000 | Q:        nan | won: False 
#  338 | steps:  3695 | steps_t:     0 | t: 2.747157 | r:  -520.000000 | e:   1.000000 | Q:        nan | won: False 
#  339 | steps:  3705 | steps_t:     0 | t: 2.753158 | r:  -509.000000 | e:   1.000000 | Q:        nan | won: False 
#  340 | steps:  3717 | steps_t:     0 | t: 2.761158 | r:  -511.000000 | e:   1.000000 | Q:        nan | won: False 
#  341 | steps:  3725 | steps_t:     0 | t: 2.767159 | r:  -507.000000 | e:   1.000000 | Q:        nan | won: False 
#  342 | steps:  3738 | steps_t:     0 | t: 2.774159 | r:  -512.000000 | e:   1.000000 | Q:        nan | won: False 
#  343 | steps:  3749 | steps_t:     0 | t: 2.783159 | r:  -510.000000 | e:   1.000000 | Q:        nan | won: False 
#  344 | steps:  3758 | steps_t:     0 | t: 2.788159 | r:  -508.000000 | e:   1.000000 | Q:        nan | won: False 
#  345 | steps:  3767 | steps_t:     0 | t: 2.793160 | r:  -508.000000 | e:   1.000000 | Q:        nan | won: False 
#  346 | steps:  3777 | steps_t:     0 | t: 2.798160 | r:  -509.000000 | e:   1.000000 | Q:        nan | won: False 
#  347 | steps:  3786 | steps_t:     0 | t: 2.803160 | r:  -508.000000 | e:   1.000000 | Q:        nan | won: False 
#  348 | steps:  3794 | steps_t:     0 | t: 2.808161 | r:  -507.000000 | e:   1.000000 | Q:        nan | won: False 
#  349 | steps:  3800 | steps_t:     0 | t: 2.812161 | r:  -505.000000 | e:   1.000000 | Q:        nan | won: False 
#  350 | steps:  3813 | steps_t:     0 | t: 2.821162 | r:  -512.000000 | e:   1.000000 | Q:        nan | won: False 
#  351 | steps:  3821 | steps_t:     0 | t: 2.826162 | r:  -507.000000 | e:   1.000000 | Q:        nan | won: False 
#  352 | steps:  3832 | steps_t:     0 | t: 2.833162 | r:  -510.000000 | e:   1.000000 | Q:        nan | won: False 
#  353 | steps:  3842 | steps_t:     0 | t: 2.838162 | r:  -509.000000 | e:   1.000000 | Q:        nan | won: False 
#  354 | steps:  3852 | steps_t:     0 | t: 2.845163 | r:  -509.000000 | e:   1.000000 | Q:        nan | won: False 
#  355 | steps:  3867 | steps_t:     0 | t: 2.854163 | r:  -492.000000 | e:   1.000000 | Q:        nan | won: False 
#  356 | steps:  3874 | steps_t:     0 | t: 2.860163 | r:  -506.000000 | e:   1.000000 | Q:        nan | won: False 
#  357 | steps:  3883 | steps_t:     0 | t: 2.866164 | r:  -508.000000 | e:   1.000000 | Q:        nan | won: False 
#  358 | steps:  3890 | steps_t:     0 | t: 2.872164 | r:  -506.000000 | e:   1.000000 | Q:        nan | won: False 
#  359 | steps:  3902 | steps_t:     0 | t: 2.878165 | r:  -511.000000 | e:   1.000000 | Q:        nan | won: False 
#  360 | steps:  3909 | steps_t:     0 | t: 2.882165 | r:  -506.000000 | e:   1.000000 | Q:        nan | won: False 
#  361 | steps:  3921 | steps_t:     0 | t: 2.889165 | r:  -511.000000 | e:   1.000000 | Q:        nan | won: False 
#  362 | steps:  3929 | steps_t:     0 | t: 2.893166 | r:  -507.000000 | e:   1.000000 | Q:        nan | won: False 
#  363 | steps:  3935 | steps_t:     0 | t: 2.896166 | r:  -505.000000 | e:   1.000000 | Q:        nan | won: False 
#  364 | steps:  3956 | steps_t:     0 | t: 2.907166 | r:  -509.000000 | e:   1.000000 | Q:        nan | won: False 
#  365 | steps:  3970 | steps_t:     0 | t: 2.915167 | r:  -513.000000 | e:   1.000000 | Q:        nan | won: False 
#  366 | steps:  3979 | steps_t:     0 | t: 2.921167 | r:  -508.000000 | e:   1.000000 | Q:        nan | won: False 
#  367 | steps:  3990 | steps_t:     0 | t: 2.926167 | r:  -510.000000 | e:   1.000000 | Q:        nan | won: False 
#  368 | steps:  4009 | steps_t:     0 | t: 2.936168 | r:  -518.000000 | e:   1.000000 | Q:        nan | won: False 
#  369 | steps:  4020 | steps_t:     0 | t: 2.942168 | r:  -510.000000 | e:   1.000000 | Q:        nan | won: False 
#  370 | steps:  4030 | steps_t:     0 | t: 2.947169 | r:  -509.000000 | e:   1.000000 | Q:        nan | won: False 
#  371 | steps:  4038 | steps_t:     0 | t: 2.952169 | r:  -507.000000 | e:   1.000000 | Q:        nan | won: False 
#  372 | steps:  4045 | steps_t:     0 | t: 2.955169 | r:  -506.000000 | e:   1.000000 | Q:        nan | won: False 
#  373 | steps:  4054 | steps_t:     0 | t: 2.961169 | r:  -508.000000 | e:   1.000000 | Q:        nan | won: False 
#  374 | steps:  4063 | steps_t:     0 | t: 2.968170 | r:  -508.000000 | e:   1.000000 | Q:        nan | won: False 
#  375 | steps:  4075 | steps_t:     0 | t: 2.975170 | r:  -511.000000 | e:   1.000000 | Q:        nan | won: False 
#  376 | steps:  4089 | steps_t:     0 | t: 2.983171 | r:  -513.000000 | e:   1.000000 | Q:        nan | won: False 
#  377 | steps:  4101 | steps_t:     0 | t: 2.990171 | r:  -511.000000 | e:   1.000000 | Q:        nan | won: False 
#  378 | steps:  4111 | steps_t:     0 | t: 2.996171 | r:  -509.000000 | e:   1.000000 | Q:        nan | won: False 
#  379 | steps:  4122 | steps_t:     0 | t: 3.003172 | r:  -510.000000 | e:   1.000000 | Q:        nan | won: False 
#  380 | steps:  4130 | steps_t:     0 | t: 3.008172 | r:  -507.000000 | e:   1.000000 | Q:        nan | won: False 
#  381 | steps:  4139 | steps_t:     0 | t: 3.012172 | r:  -508.000000 | e:   1.000000 | Q:        nan | won: False 
#  382 | steps:  4149 | steps_t:     0 | t: 3.019173 | r:  -509.000000 | e:   1.000000 | Q:        nan | won: False 
#  383 | steps:  4160 | steps_t:     0 | t: 3.025173 | r:  -510.000000 | e:   1.000000 | Q:        nan | won: False 
#  384 | steps:  4169 | steps_t:     0 | t: 3.031173 | r:  -508.000000 | e:   1.000000 | Q:        nan | won: False 
#  385 | steps:  4179 | steps_t:     0 | t: 3.037174 | r:  -509.000000 | e:   1.000000 | Q:        nan | won: False 
#  386 | steps:  4189 | steps_t:     0 | t: 3.043174 | r:  -509.000000 | e:   1.000000 | Q:        nan | won: False 
#  387 | steps:  4196 | steps_t:     0 | t: 3.047174 | r:  -506.000000 | e:   1.000000 | Q:        nan | won: False 
#  388 | steps:  4207 | steps_t:     0 | t: 3.054175 | r:  -510.000000 | e:   1.000000 | Q:        nan | won: False 
#  389 | steps:  4227 | steps_t:     0 | t: 3.066175 | r:  -508.000000 | e:   1.000000 | Q:        nan | won: False 
#  390 | steps:  4236 | steps_t:     0 | t: 3.071176 | r:  -508.000000 | e:   1.000000 | Q:        nan | won: False 
#  391 | steps:  4246 | steps_t:     0 | t: 3.076176 | r:  -509.000000 | e:   1.000000 | Q:        nan | won: False 
#  392 | steps:  4253 | steps_t:     0 | t: 3.081176 | r:  -506.000000 | e:   1.000000 | Q:        nan | won: False 
#  393 | steps:  4264 | steps_t:     0 | t: 3.086176 | r:  -510.000000 | e:   1.000000 | Q:        nan | won: False 
#  394 | steps:  4274 | steps_t:     0 | t: 3.092177 | r:  -509.000000 | e:   1.000000 | Q:        nan | won: False 
#  395 | steps:  4290 | steps_t:     0 | t: 3.100177 | r:  -515.000000 | e:   1.000000 | Q:        nan | won: False 
#  396 | steps:  4299 | steps_t:     0 | t: 3.106178 | r:  -508.000000 | e:   1.000000 | Q:        nan | won: False 
#  397 | steps:  4306 | steps_t:     0 | t: 3.111178 | r:  -506.000000 | e:   1.000000 | Q:        nan | won: False 
#  398 | steps:  4321 | steps_t:     0 | t: 3.121179 | r:  -514.000000 | e:   1.000000 | Q:        nan | won: False 
#  399 | steps:  4341 | steps_t:     0 | t: 3.133179 | r:  -519.000000 | e:   1.000000 | Q:        nan | won: False 
#  400 | steps:  4349 | steps_t:     0 | t: 3.140180 | r:  -507.000000 | e:   1.000000 | Q:        nan | won: False 
#  401 | steps:  4357 | steps_t:     0 | t: 3.145180 | r:  -507.000000 | e:   1.000000 | Q:        nan | won: False 
#  402 | steps:  4365 | steps_t:     0 | t: 3.152180 | r:  -507.000000 | e:   1.000000 | Q:        nan | won: False 
#  403 | steps:  4377 | steps_t:     0 | t: 3.158180 | r:  -511.000000 | e:   1.000000 | Q:        nan | won: False 
#  404 | steps:  4385 | steps_t:     0 | t: 3.163181 | r:  -507.000000 | e:   1.000000 | Q:        nan | won: False 
#  405 | steps:  4393 | steps_t:     0 | t: 3.168181 | r:  -507.000000 | e:   1.000000 | Q:        nan | won: False 
#  406 | steps:  4408 | steps_t:     0 | t: 3.175182 | r:  -514.000000 | e:   1.000000 | Q:        nan | won: False 
#  407 | steps:  4427 | steps_t:     0 | t: 3.187182 | r:  -496.000000 | e:   1.000000 | Q:        nan | won: False 
#  408 | steps:  4434 | steps_t:     0 | t: 3.194183 | r:  -506.000000 | e:   1.000000 | Q:        nan | won: False 
#  409 | steps:  4443 | steps_t:     0 | t: 3.202183 | r:  -508.000000 | e:   1.000000 | Q:        nan | won: False 
#  410 | steps:  4463 | steps_t:     0 | t: 3.217184 | r:  -519.000000 | e:   1.000000 | Q:        nan | won: False 
#  411 | steps:  4483 | steps_t:     0 | t: 3.229185 | r:  -519.000000 | e:   1.000000 | Q:        nan | won: False 
#  412 | steps:  4494 | steps_t:     0 | t: 3.238185 | r:  -510.000000 | e:   1.000000 | Q:        nan | won: False 
#  413 | steps:  4504 | steps_t:     0 | t: 3.244185 | r:  -509.000000 | e:   1.000000 | Q:        nan | won: False 
#  414 | steps:  4512 | steps_t:     0 | t: 3.251186 | r:  -507.000000 | e:   1.000000 | Q:        nan | won: False 
#  415 | steps:  4526 | steps_t:     0 | t: 3.259186 | r:  -513.000000 | e:   1.000000 | Q:        nan | won: False 
#  416 | steps:  4539 | steps_t:     0 | t: 3.270187 | r:  -512.000000 | e:   1.000000 | Q:        nan | won: False 
#  417 | steps:  4548 | steps_t:     0 | t: 3.275187 | r:  -508.000000 | e:   1.000000 | Q:        nan | won: False 
#  418 | steps:  4563 | steps_t:     0 | t: 3.284188 | r:  -514.000000 | e:   1.000000 | Q:        nan | won: False 
#  419 | steps:  4573 | steps_t:     0 | t: 3.290188 | r:  -509.000000 | e:   1.000000 | Q:        nan | won: False 
#  420 | steps:  4622 | steps_t:     0 | t: 3.314189 | r:  -537.000000 | e:   1.000000 | Q:        nan | won: False 
#  421 | steps:  4630 | steps_t:     0 | t: 3.318190 | r:  -507.000000 | e:   1.000000 | Q:        nan | won: False 
#  422 | steps:  4647 | steps_t:     0 | t: 3.327190 | r:  -516.000000 | e:   1.000000 | Q:        nan | won: False 
#  423 | steps:  4655 | steps_t:     0 | t: 3.331190 | r:  -507.000000 | e:   1.000000 | Q:        nan | won: False 
#  424 | steps:  4668 | steps_t:     0 | t: 3.338191 | r:  -512.000000 | e:   1.000000 | Q:        nan | won: False 
#  425 | steps:  4675 | steps_t:     0 | t: 3.342191 | r:  -506.000000 | e:   1.000000 | Q:        nan | won: False 
#  426 | steps:  4685 | steps_t:     0 | t: 3.347192 | r:  -509.000000 | e:   1.000000 | Q:        nan | won: False 
#  427 | steps:  4694 | steps_t:     0 | t: 3.352192 | r:  -508.000000 | e:   1.000000 | Q:        nan | won: False 
#  428 | steps:  4702 | steps_t:     0 | t: 3.357192 | r:  -507.000000 | e:   1.000000 | Q:        nan | won: False 
#  429 | steps:  4715 | steps_t:     0 | t: 3.364192 | r:  -512.000000 | e:   1.000000 | Q:        nan | won: False 
#  430 | steps:  4724 | steps_t:     0 | t: 3.370193 | r:  -508.000000 | e:   1.000000 | Q:        nan | won: False 
#  431 | steps:  4733 | steps_t:     0 | t: 3.377193 | r:  -508.000000 | e:   1.000000 | Q:        nan | won: False 
#  432 | steps:  4741 | steps_t:     0 | t: 3.382193 | r:  -507.000000 | e:   1.000000 | Q:        nan | won: False 
#  433 | steps:  4752 | steps_t:     0 | t: 3.389194 | r:  -510.000000 | e:   1.000000 | Q:        nan | won: False 
#  434 | steps:  4760 | steps_t:     0 | t: 3.394194 | r:  -507.000000 | e:   1.000000 | Q:        nan | won: False 
#  435 | steps:  4767 | steps_t:     0 | t: 3.401194 | r:  -506.000000 | e:   1.000000 | Q:        nan | won: False 
#  436 | steps:  4776 | steps_t:     0 | t: 3.407195 | r:  -508.000000 | e:   1.000000 | Q:        nan | won: False 
#  437 | steps:  4782 | steps_t:     0 | t: 3.412195 | r:  -505.000000 | e:   1.000000 | Q:        nan | won: False 
#  438 | steps:  4794 | steps_t:     0 | t: 3.421196 | r:  -511.000000 | e:   1.000000 | Q:        nan | won: False 
#  439 | steps:  4805 | steps_t:     0 | t: 3.428196 | r:  -510.000000 | e:   1.000000 | Q:        nan | won: False 
#  440 | steps:  4817 | steps_t:     0 | t: 3.437197 | r:  -511.000000 | e:   1.000000 | Q:        nan | won: False 
#  441 | steps:  4836 | steps_t:     0 | t: 3.448197 | r:  -518.000000 | e:   1.000000 | Q:        nan | won: False 
#  442 | steps:  4856 | steps_t:     0 | t: 3.459198 | r:  -519.000000 | e:   1.000000 | Q:        nan | won: False 
#  443 | steps:  4865 | steps_t:     0 | t: 3.463198 | r:  -508.000000 | e:   1.000000 | Q:        nan | won: False 
#  444 | steps:  4875 | steps_t:     0 | t: 3.472198 | r:  -509.000000 | e:   1.000000 | Q:        nan | won: False 
#  445 | steps:  4885 | steps_t:     0 | t: 3.479199 | r:  -509.000000 | e:   1.000000 | Q:        nan | won: False 
#  446 | steps:  4899 | steps_t:     0 | t: 3.487199 | r:  -513.000000 | e:   1.000000 | Q:        nan | won: False 
#  447 | steps:  4908 | steps_t:     0 | t: 3.492200 | r:  -508.000000 | e:   1.000000 | Q:        nan | won: False 
#  448 | steps:  4915 | steps_t:     0 | t: 3.496200 | r:  -506.000000 | e:   1.000000 | Q:        nan | won: False 
#  449 | steps:  4930 | steps_t:     0 | t: 3.504200 | r:  -503.000000 | e:   1.000000 | Q:        nan | won: False 
#  450 | steps:  4938 | steps_t:     0 | t: 3.508201 | r:  -507.000000 | e:   1.000000 | Q:        nan | won: False 
#  451 | steps:  4956 | steps_t:     0 | t: 3.518201 | r:  -517.000000 | e:   1.000000 | Q:        nan | won: False 
#  452 | steps:  4971 | steps_t:     0 | t: 3.527202 | r:  -492.000000 | e:   1.000000 | Q:        nan | won: False 
#  453 | steps:  4978 | steps_t:     0 | t: 3.531202 | r:  -506.000000 | e:   1.000000 | Q:        nan | won: False 
#  454 | steps:  4991 | steps_t:     0 | t: 3.538203 | r:  -512.000000 | e:   1.000000 | Q:        nan | won: False 
