#    1 | steps:    17 | steps_t:     0 | t: 0.024001 | r:  -516.000000 | e:   1.000000 | Q:        nan | won: False 
#    2 | steps:    35 | steps_t:     0 | t: 0.123007 | r:  -517.000000 | e:   1.000000 | Q:        nan | won: False 
#    3 | steps:    47 | steps_t:     0 | t: 0.132008 | r:  -511.000000 | e:   1.000000 | Q:        nan | won: False 
#    4 | steps:    63 | steps_t:     0 | t: 0.140008 | r:  -504.000000 | e:   1.000000 | Q:        nan | won: False 
#    5 | steps:    81 | steps_t:     0 | t: 0.149009 | r:  -517.000000 | e:   1.000000 | Q:        nan | won: False 
#    6 | steps:    88 | steps_t:     0 | t: 0.153009 | r:  -506.000000 | e:   1.000000 | Q:        nan | won: False 
#    7 | steps:   104 | steps_t:     0 | t: 0.160009 | r:  -515.000000 | e:   1.000000 | Q:        nan | won: False 
#    8 | steps:   111 | steps_t:     0 | t: 0.164009 | r:  -506.000000 | e:   1.000000 | Q:        nan | won: False 
#    9 | steps:   131 | steps_t:     0 | t: 0.174010 | r:  -519.000000 | e:   1.000000 | Q:        nan | won: False 
#   10 | steps:   141 | steps_t:     0 | t: 0.179010 | r:  -509.000000 | e:   1.000000 | Q:        nan | won: False 
#   11 | steps:   149 | steps_t:     0 | t: 0.183010 | r:  -507.000000 | e:   1.000000 | Q:        nan | won: False 
#   12 | steps:   155 | steps_t:     0 | t: 0.186011 | r:  -505.000000 | e:   1.000000 | Q:        nan | won: False 
#   13 | steps:   173 | steps_t:     0 | t: 0.195011 | r:  -517.000000 | e:   1.000000 | Q:        nan | won: False 
#   14 | steps:   182 | steps_t:     0 | t: 0.201011 | r:  -508.000000 | e:   1.000000 | Q:        nan | won: False 
#   15 | steps:   190 | steps_t:     0 | t: 0.205012 | r:  -507.000000 | e:   1.000000 | Q:        nan | won: False 
#   16 | steps:   200 | steps_t:     0 | t: 0.210012 | r:  -509.000000 | e:   1.000000 | Q:        nan | won: False 
#   17 | steps:   217 | steps_t:     0 | t: 0.217013 | r:  -516.000000 | e:   1.000000 | Q:        nan | won: False 
#   18 | steps:   231 | steps_t:     0 | t: 0.224013 | r:  -513.000000 | e:   1.000000 | Q:        nan | won: False 
#   19 | steps:   243 | steps_t:     0 | t: 0.231013 | r:  -511.000000 | e:   1.000000 | Q:        nan | won: False 
#   20 | steps:   252 | steps_t:     0 | t: 0.235013 | r:  -508.000000 | e:   1.000000 | Q:        nan | won: False 
#   21 | steps:   259 | steps_t:     0 | t: 0.240014 | r:  -506.000000 | e:   1.000000 | Q:        nan | won: False 
#   22 | steps:   271 | steps_t:     0 | t: 0.247014 | r:  -511.000000 | e:   1.000000 | Q:        nan | won: False 
#   23 | steps:   278 | steps_t:     0 | t: 0.252014 | r:  -506.000000 | e:   1.000000 | Q:        nan | won: False 
#   24 | steps:   295 | steps_t:     0 | t: 0.260015 | r:  -516.000000 | e:   1.000000 | Q:        nan | won: False 
#   25 | steps:   304 | steps_t:     0 | t: 0.265015 | r:  -508.000000 | e:   1.000000 | Q:        nan | won: False 
#   26 | steps:   324 | steps_t:     0 | t: 0.274016 | r:  -519.000000 | e:   1.000000 | Q:        nan | won: False 
#   27 | steps:   332 | steps_t:     0 | t: 0.278016 | r:  -507.000000 | e:   1.000000 | Q:        nan | won: False 
#   28 | steps:   348 | steps_t:     0 | t: 0.286016 | r:  -515.000000 | e:   1.000000 | Q:        nan | won: False 
#   29 | steps:   355 | steps_t:     0 | t: 0.290017 | r:  -506.000000 | e:   1.000000 | Q:        nan | won: False 
#   30 | steps:   362 | steps_t:     0 | t: 0.293017 | r:  -506.000000 | e:   1.000000 | Q:        nan | won: False 
#   31 | steps:   371 | steps_t:     0 | t: 0.297017 | r:  -508.000000 | e:   1.000000 | Q:        nan | won: False 
#   32 | steps:   378 | steps_t:     0 | t: 0.301017 | r:  -506.000000 | e:   1.000000 | Q:        nan | won: False 
#   33 | steps:   386 | steps_t:     0 | t: 0.306018 | r:  -507.000000 | e:   1.000000 | Q:        nan | won: False 
#   34 | steps:   399 | steps_t:     0 | t: 0.312018 | r:  -512.000000 | e:   1.000000 | Q:        nan | won: False 
#   35 | steps:   410 | steps_t:     0 | t: 0.318018 | r:  -510.000000 | e:   1.000000 | Q:        nan | won: False 
#   36 | steps:   420 | steps_t:     0 | t: 0.323018 | r:  -509.000000 | e:   1.000000 | Q:        nan | won: False 
#   37 | steps:   429 | steps_t:     0 | t: 0.327019 | r:  -508.000000 | e:   1.000000 | Q:        nan | won: False 
#   38 | steps:   438 | steps_t:     0 | t: 0.331019 | r:  -508.000000 | e:   1.000000 | Q:        nan | won: False 
#   39 | steps:   455 | steps_t:     0 | t: 0.339019 | r:  -516.000000 | e:   1.000000 | Q:        nan | won: False 
#   40 | steps:   465 | steps_t:     0 | t: 0.345020 | r:  -509.000000 | e:   1.000000 | Q:        nan | won: False 
#   41 | steps:   475 | steps_t:     0 | t: 0.350020 | r:  -509.000000 | e:   1.000000 | Q:        nan | won: False 
#   42 | steps:   482 | steps_t:     0 | t: 0.354020 | r:  -506.000000 | e:   1.000000 | Q:        nan | won: False 
#   43 | steps:   491 | steps_t:     0 | t: 0.358020 | r:  -508.000000 | e:   1.000000 | Q:        nan | won: False 
#   44 | steps:   498 | steps_t:     0 | t: 0.362021 | r:  -506.000000 | e:   1.000000 | Q:        nan | won: False 
#   45 | steps:   518 | steps_t:     0 | t: 0.372021 | r:  -519.000000 | e:   1.000000 | Q:        nan | won: False 
#   46 | steps:   561 | steps_t:     0 | t: 0.394022 | r:  -531.000000 | e:   1.000000 | Q:        nan | won: False 
#   47 | steps:   573 | steps_t:     0 | t: 0.400023 | r:  -511.000000 | e:   1.000000 | Q:        nan | won: False 
#   48 | steps:   591 | steps_t:     0 | t: 0.409024 | r:  -506.000000 | e:   1.000000 | Q:        nan | won: False 
#   49 | steps:   610 | steps_t:     0 | t: 0.420024 | r:  -507.000000 | e:   1.000000 | Q:        nan | won: False 
#   50 | steps:   621 | steps_t:     0 | t: 0.425024 | r:  -510.000000 | e:   1.000000 | Q:        nan | won: False 
#   51 | steps:   627 | steps_t:     0 | t: 0.429025 | r:  -505.000000 | e:   1.000000 | Q:        nan | won: False 
#   52 | steps:   633 | steps_t:     0 | t: 0.432025 | r:  -505.000000 | e:   1.000000 | Q:        nan | won: False 
#   53 | steps:   641 | steps_t:     0 | t: 0.436025 | r:  -507.000000 | e:   1.000000 | Q:        nan | won: False 
#   54 | steps:   648 | steps_t:     0 | t: 0.441025 | r:  -506.000000 | e:   1.000000 | Q:        nan | won: False 
#   55 | steps:   656 | steps_t:     0 | t: 0.446026 | r:  -507.000000 | e:   1.000000 | Q:        nan | won: False 
#   56 | steps:   667 | steps_t:     0 | t: 0.451026 | r:  -510.000000 | e:   1.000000 | Q:        nan | won: False 
#   57 | steps:   691 | steps_t:     0 | t: 0.463027 | r:  -523.000000 | e:   1.000000 | Q:        nan | won: False 
#   58 | steps:   699 | steps_t:     0 | t: 0.467027 | r:  -507.000000 | e:   1.000000 | Q:        nan | won: False 
#   59 | steps:   707 | steps_t:     0 | t: 0.471027 | r:  -507.000000 | e:   1.000000 | Q:        nan | won: False 
#   60 | steps:   718 | steps_t:     0 | t: 0.476027 | r:  -510.000000 | e:   1.000000 | Q:        nan | won: False 
#   61 | steps:   724 | steps_t:     0 | t: 0.479028 | r:  -505.000000 | e:   1.000000 | Q:        nan | won: False 
#   62 | steps:   741 | steps_t:     0 | t: 0.487028 | r:  -516.000000 | e:   1.000000 | Q:        nan | won: False 
#   63 | steps:   747 | steps_t:     0 | t: 0.490028 | r:  -505.000000 | e:   1.000000 | Q:        nan | won: False 
#   64 | steps:   753 | steps_t:     0 | t: 0.493028 | r:  -505.000000 | e:   1.000000 | Q:        nan | won: False 
#   65 | steps:   761 | steps_t:     0 | t: 0.498028 | r:  -507.000000 | e:   1.000000 | Q:        nan | won: False 
#   66 | steps:   768 | steps_t:     0 | t: 0.501029 | r:  -506.000000 | e:   1.000000 | Q:        nan | won: False 
#   67 | steps:   801 | steps_t:     0 | t: 0.518030 | r:  -532.000000 | e:   1.000000 | Q:        nan | won: False 
#   68 | steps:   808 | steps_t:     0 | t: 0.522030 | r:  -506.000000 | e:   1.000000 | Q:        nan | won: False 
#   69 | steps:   820 | steps_t:     0 | t: 0.528030 | r:  -511.000000 | e:   1.000000 | Q:        nan | won: False 
#   70 | steps:   841 | steps_t:     0 | t: 0.540031 | r:  -509.000000 | e:   1.000000 | Q:        nan | won: False 
#   71 | steps:   848 | steps_t:     0 | t: 0.544031 | r:  -506.000000 | e:   1.000000 | Q:        nan | won: False 
#   72 | steps:   859 | steps_t:     0 | t: 0.555032 | r:  -510.000000 | e:   1.000000 | Q:        nan | won: False 
#   73 | steps:   866 | steps_t:     0 | t: 0.560032 | r:  -506.000000 | e:   1.000000 | Q:        nan | won: False 
#   74 | steps:   878 | steps_t:     0 | t: 0.566032 | r:  -511.000000 | e:   1.000000 | Q:        nan | won: False 
#   75 | steps:   886 | steps_t:     0 | t: 0.571033 | r:  -507.000000 | e:   1.000000 | Q:        nan | won: False 
#   76 | steps:   894 | steps_t:     0 | t: 0.576033 | r:  -507.000000 | e:   1.000000 | Q:        nan | won: False 
#   77 | steps:   904 | steps_t:     0 | t: 0.581033 | r:  -509.000000 | e:   1.000000 | Q:        nan | won: False 
#   78 | steps:   922 | steps_t:     0 | t: 0.593034 | r:  -517.000000 | e:   1.000000 | Q:        nan | won: False 
#   79 | steps:   936 | steps_t:     0 | t: 0.600034 | r:  -513.000000 | e:   1.000000 | Q:        nan | won: False 
#   80 | steps:   948 | steps_t:     0 | t: 0.609035 | r:  -511.000000 | e:   1.000000 | Q:        nan | won: False 
#   81 | steps:   957 | steps_t:     0 | t: 0.616035 | r:  -508.000000 | e:   1.000000 | Q:        nan | won: False 
#   82 | steps:   965 | steps_t:     0 | t: 0.620035 | r:  -507.000000 | e:   1.000000 | Q:        nan | won: False 
#   83 | steps:   975 | steps_t:     0 | t: 0.627036 | r:  -509.000000 | e:   1.000000 | Q:        nan | won: False 
#   84 | steps:   983 | steps_t:     0 | t: 0.631036 | r:  -507.000000 | e:   1.000000 | Q:        nan | won: False 
#   85 | steps:   994 | steps_t:     0 | t: 0.639036 | r:  -510.000000 | e:   1.000000 | Q:        nan | won: False 
#   86 | steps:  1010 | steps_t:     0 | t: 0.649037 | r:  -515.000000 | e:   1.000000 | Q:        nan | won: False 
#   87 | steps:  1026 | steps_t:     0 | t: 0.659038 | r:  -515.000000 | e:   1.000000 | Q:        nan | won: False 
#   88 | steps:  1036 | steps_t:     0 | t: 0.665038 | r:  -509.000000 | e:   1.000000 | Q:        nan | won: False 
#   89 | steps:  1048 | steps_t:     0 | t: 0.671038 | r:  -511.000000 | e:   1.000000 | Q:        nan | won: False 
#   90 | steps:  1062 | steps_t:     0 | t: 0.681039 | r:  -513.000000 | e:   1.000000 | Q:        nan | won: False 
#   91 | steps:  1068 | steps_t:     0 | t: 0.684039 | r:  -505.000000 | e:   1.000000 | Q:        nan | won: False 
#   92 | steps:  1080 | steps_t:     0 | t: 0.690039 | r:  -511.000000 | e:   1.000000 | Q:        nan | won: False 
#   93 | steps:  1088 | steps_t:     0 | t: 0.694040 | r:  -507.000000 | e:   1.000000 | Q:        nan | won: False 
#   94 | steps:  1096 | steps_t:     0 | t: 0.698040 | r:  -507.000000 | e:   1.000000 | Q:        nan | won: False 
#   95 | steps:  1107 | steps_t:     0 | t: 0.704040 | r:  -510.000000 | e:   1.000000 | Q:        nan | won: False 
#   96 | steps:  1123 | steps_t:     0 | t: 0.712041 | r:  -504.000000 | e:   1.000000 | Q:        nan | won: False 
#   97 | steps:  1135 | steps_t:     0 | t: 0.718041 | r:  -511.000000 | e:   1.000000 | Q:        nan | won: False 
#   98 | steps:  1143 | steps_t:     0 | t: 0.723041 | r:  -507.000000 | e:   1.000000 | Q:        nan | won: False 
#   99 | steps:  1155 | steps_t:     0 | t: 0.729042 | r:  -511.000000 | e:   1.000000 | Q:        nan | won: False 
#  100 | steps:  1162 | steps_t:     0 | t: 0.732042 | r:  -506.000000 | e:   1.000000 | Q:        nan | won: False 
#  101 | steps:  1169 | steps_t:     0 | t: 0.736042 | r:  -506.000000 | e:   1.000000 | Q:        nan | won: False 
#  102 | steps:  1180 | steps_t:     0 | t: 0.741042 | r:  -510.000000 | e:   1.000000 | Q:        nan | won: False 
#  103 | steps:  1189 | steps_t:     0 | t: 0.746043 | r:  -508.000000 | e:   1.000000 | Q:        nan | won: False 
#  104 | steps:  1196 | steps_t:     0 | t: 0.749043 | r:  -506.000000 | e:   1.000000 | Q:        nan | won: False 
#  105 | steps:  1208 | steps_t:     0 | t: 0.757043 | r:  -511.000000 | e:   1.000000 | Q:        nan | won: False 
#  106 | steps:  1216 | steps_t:     0 | t: 0.761044 | r:  -507.000000 | e:   1.000000 | Q:        nan | won: False 
#  107 | steps:  1224 | steps_t:     0 | t: 0.765044 | r:  -507.000000 | e:   1.000000 | Q:        nan | won: False 
#  108 | steps:  1237 | steps_t:     0 | t: 0.772044 | r:  -512.000000 | e:   1.000000 | Q:        nan | won: False 
#  109 | steps:  1243 | steps_t:     0 | t: 0.776044 | r:  -505.000000 | e:   1.000000 | Q:        nan | won: False 
#  110 | steps:  1260 | steps_t:     0 | t: 0.785045 | r:  -516.000000 | e:   1.000000 | Q:        nan | won: False 
#  111 | steps:  1278 | steps_t:     0 | t: 0.794045 | r:  -517.000000 | e:   1.000000 | Q:        nan | won: False 
#  112 | steps:  1300 | steps_t:     0 | t: 0.806046 | r:  -521.000000 | e:   1.000000 | Q:        nan | won: False 
#  113 | steps:  1313 | steps_t:     0 | t: 0.812047 | r:  -512.000000 | e:   1.000000 | Q:        nan | won: False 
#  114 | steps:  1325 | steps_t:     0 | t: 0.820047 | r:  -511.000000 | e:   1.000000 | Q:        nan | won: False 
#  115 | steps:  1335 | steps_t:     0 | t: 0.826047 | r:  -509.000000 | e:   1.000000 | Q:        nan | won: False 
#  116 | steps:  1344 | steps_t:     0 | t: 0.831048 | r:  -508.000000 | e:   1.000000 | Q:        nan | won: False 
#  117 | steps:  1358 | steps_t:     0 | t: 0.840048 | r:  -513.000000 | e:   1.000000 | Q:        nan | won: False 
#  118 | steps:  1371 | steps_t:     0 | t: 0.846048 | r:  -501.000000 | e:   1.000000 | Q:        nan | won: False 
#  119 | steps:  1381 | steps_t:     0 | t: 0.853049 | r:  -509.000000 | e:   1.000000 | Q:        nan | won: False 
#  120 | steps:  1393 | steps_t:     0 | t: 0.859049 | r:  -511.000000 | e:   1.000000 | Q:        nan | won: False 
#  121 | steps:  1402 | steps_t:     0 | t: 0.864049 | r:  -508.000000 | e:   1.000000 | Q:        nan | won: False 
#  122 | steps:  1412 | steps_t:     0 | t: 0.868050 | r:  -509.000000 | e:   1.000000 | Q:        nan | won: False 
#  123 | steps:  1423 | steps_t:     0 | t: 0.874050 | r:  -510.000000 | e:   1.000000 | Q:        nan | won: False 
#  124 | steps:  1430 | steps_t:     0 | t: 0.878050 | r:  -506.000000 | e:   1.000000 | Q:        nan | won: False 
#  125 | steps:  1436 | steps_t:     0 | t: 0.881050 | r:  -505.000000 | e:   1.000000 | Q:        nan | won: False 
#  126 | steps:  1446 | steps_t:     0 | t: 0.886051 | r:  -509.000000 | e:   1.000000 | Q:        nan | won: False 
#  127 | steps:  1455 | steps_t:     0 | t: 0.891051 | r:  -508.000000 | e:   1.000000 | Q:        nan | won: False 
#  128 | steps:  1466 | steps_t:     0 | t: 0.898052 | r:  -510.000000 | e:   1.000000 | Q:        nan | won: False 
#  129 | steps:  1482 | steps_t:     0 | t: 0.905052 | r:  -515.000000 | e:   1.000000 | Q:        nan | won: False 
#  130 | steps:  1488 | steps_t:     0 | t: 0.908052 | r:  -505.000000 | e:   1.000000 | Q:        nan | won: False 
#  131 | steps:  1500 | steps_t:     0 | t: 0.914052 | r:  -511.000000 | e:   1.000000 | Q:        nan | won: False 
#  132 | steps:  1507 | steps_t:     0 | t: 0.919053 | r:  -506.000000 | e:   1.000000 | Q:        nan | won: False 
#  133 | steps:  1515 | steps_t:     0 | t: 0.924053 | r:  -507.000000 | e:   1.000000 | Q:        nan | won: False 
#  134 | steps:  1548 | steps_t:     0 | t: 0.943054 | r:  -532.000000 | e:   1.000000 | Q:        nan | won: False 
#  135 | steps:  1555 | steps_t:     0 | t: 0.946054 | r:  -506.000000 | e:   1.000000 | Q:        nan | won: False 
#  136 | steps:  1562 | steps_t:     0 | t: 0.950054 | r:  -506.000000 | e:   1.000000 | Q:        nan | won: False 
#  137 | steps:  1577 | steps_t:     0 | t: 0.958055 | r:  -503.000000 | e:   1.000000 | Q:        nan | won: False 
#  138 | steps:  1595 | steps_t:     0 | t: 0.968055 | r:  -517.000000 | e:   1.000000 | Q:        nan | won: False 
#  139 | steps:  1607 | steps_t:     0 | t: 0.975056 | r:  -511.000000 | e:   1.000000 | Q:        nan | won: False 
#  140 | steps:  1624 | steps_t:     0 | t: 0.984056 | r:  -516.000000 | e:   1.000000 | Q:        nan | won: False 
#  141 | steps:  1634 | steps_t:     0 | t: 0.991057 | r:  -509.000000 | e:   1.000000 | Q:        nan | won: False 
#  142 | steps:  1645 | steps_t:     0 | t: 0.996057 | r:  -510.000000 | e:   1.000000 | Q:        nan | won: False 
#  143 | steps:  1650 | steps_t:     0 | t: 0.999057 | r:  -504.000000 | e:   1.000000 | Q:        nan | won: False 
#  144 | steps:  1668 | steps_t:     0 | t: 1.010058 | r:  -517.000000 | e:   1.000000 | Q:        nan | won: False 
#  145 | steps:  1679 | steps_t:     0 | t: 1.016058 | r:  -510.000000 | e:   1.000000 | Q:        nan | won: False 
#  146 | steps:  1698 | steps_t:     0 | t: 1.027059 | r:  -518.000000 | e:   1.000000 | Q:        nan | won: False 
#  147 | steps:  1710 | steps_t:     0 | t: 1.033059 | r:  -511.000000 | e:   1.000000 | Q:        nan | won: False 
#  148 | steps:  1720 | steps_t:     0 | t: 1.039060 | r:  -509.000000 | e:   1.000000 | Q:        nan | won: False 
#  149 | steps:  1741 | steps_t:     0 | t: 1.050060 | r:  -520.000000 | e:   1.000000 | Q:        nan | won: False 
#  150 | steps:  1753 | steps_t:     0 | t: 1.058061 | r:  -511.000000 | e:   1.000000 | Q:        nan | won: False 
#  151 | steps:  1761 | steps_t:     0 | t: 1.062061 | r:  -507.000000 | e:   1.000000 | Q:        nan | won: False 
#  152 | steps:  1766 | steps_t:     0 | t: 1.067061 | r:  -504.000000 | e:   1.000000 | Q:        nan | won: False 
#  153 | steps:  1779 | steps_t:     0 | t: 1.075061 | r:  -512.000000 | e:   1.000000 | Q:        nan | won: False 
#  154 | steps:  1784 | steps_t:     0 | t: 1.078062 | r:  -504.000000 | e:   1.000000 | Q:        nan | won: False 
#  155 | steps:  1795 | steps_t:     0 | t: 1.084062 | r:  -510.000000 | e:   1.000000 | Q:        nan | won: False 
#  156 | steps:  1806 | steps_t:     0 | t: 1.089062 | r:  -510.000000 | e:   1.000000 | Q:        nan | won: False 
#  157 | steps:  1813 | steps_t:     0 | t: 1.093062 | r:  -506.000000 | e:   1.000000 | Q:        nan | won: False 
#  158 | steps:  1832 | steps_t:     0 | t: 1.102063 | r:  -518.000000 | e:   1.000000 | Q:        nan | won: False 
#  159 | steps:  1839 | steps_t:     0 | t: 1.105063 | r:  -506.000000 | e:   1.000000 | Q:        nan | won: False 
#  160 | steps:  1858 | steps_t:     0 | t: 1.115064 | r:  -518.000000 | e:   1.000000 | Q:        nan | won: False 
#  161 | steps:  1879 | steps_t:     0 | t: 1.125064 | r:  -520.000000 | e:   1.000000 | Q:        nan | won: False 
#  162 | steps:  1888 | steps_t:     0 | t: 1.129065 | r:  -508.000000 | e:   1.000000 | Q:        nan | won: False 
#  163 | steps:  1894 | steps_t:     0 | t: 1.132065 | r:  -505.000000 | e:   1.000000 | Q:        nan | won: False 
#  164 | steps:  1901 | steps_t:     0 | t: 1.136065 | r:  -506.000000 | e:   1.000000 | Q:        nan | won: False 
#  165 | steps:  1907 | steps_t:     0 | t: 1.139065 | r:  -505.000000 | e:   1.000000 | Q:        nan | won: False 
#  166 | steps:  1919 | steps_t:     0 | t: 1.146065 | r:  -511.000000 | e:   1.000000 | Q:        nan | won: False 
#  167 | steps:  1930 | steps_t:     0 | t: 1.152066 | r:  -510.000000 | e:   1.000000 | Q:        nan | won: False 
#  168 | steps:  1938 | steps_t:     0 | t: 1.156066 | r:  -507.000000 | e:   1.000000 | Q:        nan | won: False 
#  169 | steps:  1962 | steps_t:     0 | t: 1.167067 | r:  -523.000000 | e:   1.000000 | Q:        nan | won: False 
#  170 | steps:  1970 | steps_t:     0 | t: 1.171067 | r:  -507.000000 | e:   1.000000 | Q:        nan | won: False 
#  171 | steps:  1980 | steps_t:     0 | t: 1.177067 | r:  -509.000000 | e:   1.000000 | Q:        nan | won: False 
#  172 | steps:  1991 | steps_t:     0 | t: 1.182068 | r:  -510.000000 | e:   1.000000 | Q:        nan | won: False 
#  173 | steps:  2005 | steps_t:     0 | t: 1.189068 | r:  -513.000000 | e:   1.000000 | Q:        nan | won: False 
#  174 | steps:  2014 | steps_t:     0 | t: 1.194068 | r:  -508.000000 | e:   1.000000 | Q:        nan | won: False 
#  175 | steps:  2028 | steps_t:     0 | t: 1.202069 | r:  -513.000000 | e:   1.000000 | Q:        nan | won: False 
#  176 | steps:  2036 | steps_t:     0 | t: 1.206069 | r:  -507.000000 | e:   1.000000 | Q:        nan | won: False 
#  177 | steps:  2043 | steps_t:     0 | t: 1.210069 | r:  -506.000000 | e:   1.000000 | Q:        nan | won: False 
#  178 | steps:  2051 | steps_t:     0 | t: 1.215070 | r:  -507.000000 | e:   1.000000 | Q:        nan | won: False 
#  179 | steps:  2062 | steps_t:     0 | t: 1.220070 | r:  -510.000000 | e:   1.000000 | Q:        nan | won: False 
#  180 | steps:  2078 | steps_t:     0 | t: 1.229070 | r:  -515.000000 | e:   1.000000 | Q:        nan | won: False 
#  181 | steps:  2085 | steps_t:     0 | t: 1.232070 | r:  -506.000000 | e:   1.000000 | Q:        nan | won: False 
#  182 | steps:  2097 | steps_t:     0 | t: 1.239071 | r:  -511.000000 | e:   1.000000 | Q:        nan | won: False 
#  183 | steps:  2108 | steps_t:     0 | t: 1.244071 | r:  -510.000000 | e:   1.000000 | Q:        nan | won: False 
#  184 | steps:  2116 | steps_t:     0 | t: 1.248071 | r:  -507.000000 | e:   1.000000 | Q:        nan | won: False 
#  185 | steps:  2124 | steps_t:     0 | t: 1.253072 | r:  -507.000000 | e:   1.000000 | Q:        nan | won: False 
#  186 | steps:  2132 | steps_t:     0 | t: 1.257072 | r:  -507.000000 | e:   1.000000 | Q:        nan | won: False 
#  187 | steps:  2140 | steps_t:     0 | t: 1.261072 | r:  -507.000000 | e:   1.000000 | Q:        nan | won: False 
#  188 | steps:  2170 | steps_t:     0 | t: 1.277073 | r:  -529.000000 | e:   1.000000 | Q:        nan | won: False 
#  189 | steps:  2179 | steps_t:     0 | t: 1.282073 | r:  -508.000000 | e:   1.000000 | Q:        nan | won: False 
#  190 | steps:  2194 | steps_t:     0 | t: 1.289074 | r:  -514.000000 | e:   1.000000 | Q:        nan | won: False 
#  191 | steps:  2202 | steps_t:     0 | t: 1.293074 | r:  -507.000000 | e:   1.000000 | Q:        nan | won: False 
#  192 | steps:  2210 | steps_t:     0 | t: 1.297074 | r:  -507.000000 | e:   1.000000 | Q:        nan | won: False 
#  193 | steps:  2218 | steps_t:     0 | t: 1.300074 | r:  -507.000000 | e:   1.000000 | Q:        nan | won: False 
#  194 | steps:  2227 | steps_t:     0 | t: 1.305075 | r:  -508.000000 | e:   1.000000 | Q:        nan | won: False 
#  195 | steps:  2234 | steps_t:     0 | t: 1.309075 | r:  -506.000000 | e:   1.000000 | Q:        nan | won: False 
#  196 | steps:  2246 | steps_t:     0 | t: 1.314075 | r:  -511.000000 | e:   1.000000 | Q:        nan | won: False 
#  197 | steps:  2254 | steps_t:     0 | t: 1.318075 | r:  -507.000000 | e:   1.000000 | Q:        nan | won: False 
#  198 | steps:  2265 | steps_t:     0 | t: 1.324076 | r:  -510.000000 | e:   1.000000 | Q:        nan | won: False 
#  199 | steps:  2272 | steps_t:     0 | t: 1.327076 | r:  -506.000000 | e:   1.000000 | Q:        nan | won: False 
#  200 | steps:  2290 | steps_t:     0 | t: 1.336076 | r:  -517.000000 | e:   1.000000 | Q:        nan | won: False 
#  201 | steps:  2303 | steps_t:     0 | t: 1.345077 | r:  -512.000000 | e:   1.000000 | Q:        nan | won: False 
#  202 | steps:  2311 | steps_t:     0 | t: 1.349077 | r:  -507.000000 | e:   1.000000 | Q:        nan | won: False 
#  203 | steps:  2320 | steps_t:     0 | t: 1.354078 | r:  -508.000000 | e:   1.000000 | Q:        nan | won: False 
#  204 | steps:  2328 | steps_t:     0 | t: 1.358078 | r:  -507.000000 | e:   1.000000 | Q:        nan | won: False 
#  205 | steps:  2334 | steps_t:     0 | t: 1.361078 | r:  -505.000000 | e:   1.000000 | Q:        nan | won: False 
#  206 | steps:  2347 | steps_t:     0 | t: 1.368078 | r:  -512.000000 | e:   1.000000 | Q:        nan | won: False 
#  207 | steps:  2359 | steps_t:     0 | t: 1.373079 | r:  -511.000000 | e:   1.000000 | Q:        nan | won: False 
#  208 | steps:  2369 | steps_t:     0 | t: 1.379079 | r:  -509.000000 | e:   1.000000 | Q:        nan | won: False 
#  209 | steps:  2382 | steps_t:     0 | t: 1.386079 | r:  -512.000000 | e:   1.000000 | Q:        nan | won: False 
#  210 | steps:  2401 | steps_t:     0 | t: 1.395080 | r:  -518.000000 | e:   1.000000 | Q:        nan | won: False 
#  211 | steps:  2409 | steps_t:     0 | t: 1.399080 | r:  -507.000000 | e:   1.000000 | Q:        nan | won: False 
#  212 | steps:  2420 | steps_t:     0 | t: 1.406080 | r:  -510.000000 | e:   1.000000 | Q:        nan | won: False 
#  213 | steps:  2429 | steps_t:     0 | t: 1.410081 | r:  -508.000000 | e:   1.000000 | Q:        nan | won: False 
#  214 | steps:  2443 | steps_t:     0 | t: 1.419081 | r:  -491.000000 | e:   1.000000 | Q:        nan | won: False 
#  215 | steps:  2454 | steps_t:     0 | t: 1.425081 | r:  -510.000000 | e:   1.000000 | Q:        nan | won: False 
#  216 | steps:  2468 | steps_t:     0 | t: 1.435082 | r:  -513.000000 | e:   1.000000 | Q:        nan | won: False 
#  217 | steps:  2478 | steps_t:     0 | t: 1.440082 | r:  -509.000000 | e:   1.000000 | Q:        nan | won: False 
#  218 | steps:  2486 | steps_t:     0 | t: 1.445083 | r:  -507.000000 | e:   1.000000 | Q:        nan | won: False 
#  219 | steps:  2495 | steps_t:     0 | t: 1.450083 | r:  -508.000000 | e:   1.000000 | Q:        nan | won: False 
#  220 | steps:  2505 | steps_t:     0 | t: 1.457083 | r:  -509.000000 | e:   1.000000 | Q:        nan | won: False 
#  221 | steps:  2513 | steps_t:     0 | t: 1.460083 | r:  -507.000000 | e:   1.000000 | Q:        nan | won: False 
#  222 | steps:  2526 | steps_t:     0 | t: 1.467084 | r:  -512.000000 | e:   1.000000 | Q:        nan | won: False 
#  223 | steps:  2540 | steps_t:     0 | t: 1.474084 | r:  -513.000000 | e:   1.000000 | Q:        nan | won: False 
#  224 | steps:  2551 | steps_t:     0 | t: 1.480085 | r:  -510.000000 | e:   1.000000 | Q:        nan | won: False 
#  225 | steps:  2569 | steps_t:     0 | t: 1.490085 | r:  -517.000000 | e:   1.000000 | Q:        nan | won: False 
#  226 | steps:  2580 | steps_t:     0 | t: 1.495086 | r:  -510.000000 | e:   1.000000 | Q:        nan | won: False 
#  227 | steps:  2592 | steps_t:     0 | t: 1.501086 | r:  -511.000000 | e:   1.000000 | Q:        nan | won: False 
#  228 | steps:  2599 | steps_t:     0 | t: 1.505086 | r:  -506.000000 | e:   1.000000 | Q:        nan | won: False 
#  229 | steps:  2609 | steps_t:     0 | t: 1.510086 | r:  -509.000000 | e:   1.000000 | Q:        nan | won: False 
#  230 | steps:  2619 | steps_t:     0 | t: 1.515087 | r:  -509.000000 | e:   1.000000 | Q:        nan | won: False 
#  231 | steps:  2625 | steps_t:     0 | t: 1.519087 | r:  -505.000000 | e:   1.000000 | Q:        nan | won: False 
#  232 | steps:  2632 | steps_t:     0 | t: 1.522087 | r:  -506.000000 | e:   1.000000 | Q:        nan | won: False 
#  233 | steps:  2640 | steps_t:     0 | t: 1.526087 | r:  -507.000000 | e:   1.000000 | Q:        nan | won: False 
#  234 | steps:  2650 | steps_t:     0 | t: 1.531087 | r:  -509.000000 | e:   1.000000 | Q:        nan | won: False 
#  235 | steps:  2664 | steps_t:     0 | t: 1.538088 | r:  -513.000000 | e:   1.000000 | Q:        nan | won: False 
#  236 | steps:  2673 | steps_t:     0 | t: 1.542088 | r:  -508.000000 | e:   1.000000 | Q:        nan | won: False 
#  237 | steps:  2684 | steps_t:     0 | t: 1.547088 | r:  -510.000000 | e:   1.000000 | Q:        nan | won: False 
#  238 | steps:  2690 | steps_t:     0 | t: 1.551089 | r:  -505.000000 | e:   1.000000 | Q:        nan | won: False 
#  239 | steps:  2706 | steps_t:     0 | t: 1.558089 | r:  -515.000000 | e:   1.000000 | Q:        nan | won: False 
#  240 | steps:  2718 | steps_t:     0 | t: 1.564089 | r:  -511.000000 | e:   1.000000 | Q:        nan | won: False 
#  241 | steps:  2729 | steps_t:     0 | t: 1.570090 | r:  -510.000000 | e:   1.000000 | Q:        nan | won: False 
#  242 | steps:  2746 | steps_t:     0 | t: 1.578090 | r:  -516.000000 | e:   1.000000 | Q:        nan | won: False 
#  243 | steps:  2757 | steps_t:     0 | t: 1.583091 | r:  -510.000000 | e:   1.000000 | Q:        nan | won: False 
#  244 | steps:  2766 | steps_t:     0 | t: 1.589091 | r:  -508.000000 | e:   1.000000 | Q:        nan | won: False 
#  245 | steps:  2778 | steps_t:     0 | t: 1.596091 | r:  -511.000000 | e:   1.000000 | Q:        nan | won: False 
#  246 | steps:  2785 | steps_t:     0 | t: 1.600091 | r:  -506.000000 | e:   1.000000 | Q:        nan | won: False 
#  247 | steps:  2794 | steps_t:     0 | t: 1.605092 | r:  -508.000000 | e:   1.000000 | Q:        nan | won: False 
#  248 | steps:  2800 | steps_t:     0 | t: 1.609092 | r:  -505.000000 | e:   1.000000 | Q:        nan | won: False 
#  249 | steps:  2811 | steps_t:     0 | t: 1.615092 | r:  -510.000000 | e:   1.000000 | Q:        nan | won: False 
#  250 | steps:  2819 | steps_t:     0 | t: 1.620093 | r:  -507.000000 | e:   1.000000 | Q:        nan | won: False 
#  251 | steps:  2832 | steps_t:     0 | t: 1.626093 | r:  -512.000000 | e:   1.000000 | Q:        nan | won: False 
#  252 | steps:  2852 | steps_t:     0 | t: 1.638094 | r:  -519.000000 | e:   1.000000 | Q:        nan | won: False 
#  253 | steps:  2859 | steps_t:     0 | t: 1.644094 | r:  -506.000000 | e:   1.000000 | Q:        nan | won: False 
#  254 | steps:  2866 | steps_t:     0 | t: 1.648094 | r:  -506.000000 | e:   1.000000 | Q:        nan | won: False 
#  255 | steps:  2877 | steps_t:     0 | t: 1.653095 | r:  -510.000000 | e:   1.000000 | Q:        nan | won: False 
#  256 | steps:  2884 | steps_t:     0 | t: 1.659095 | r:  -506.000000 | e:   1.000000 | Q:        nan | won: False 
#  257 | steps:  2903 | steps_t:     0 | t: 1.669096 | r:  -518.000000 | e:   1.000000 | Q:        nan | won: False 
#  258 | steps:  2912 | steps_t:     0 | t: 1.675096 | r:  -508.000000 | e:   1.000000 | Q:        nan | won: False 
#  259 | steps:  2920 | steps_t:     0 | t: 1.679096 | r:  -507.000000 | e:   1.000000 | Q:        nan | won: False 
#  260 | steps:  2928 | steps_t:     0 | t: 1.684096 | r:  -507.000000 | e:   1.000000 | Q:        nan | won: False 
#  261 | steps:  2944 | steps_t:     0 | t: 1.693097 | r:  -515.000000 | e:   1.000000 | Q:        nan | won: False 
#  262 | steps:  2962 | steps_t:     0 | t: 1.702097 | r:  -517.000000 | e:   1.000000 | Q:        nan | won: False 
#  263 | steps:  2971 | steps_t:     0 | t: 1.707098 | r:  -508.000000 | e:   1.000000 | Q:        nan | won: False 
#  264 | steps:  2978 | steps_t:     0 | t: 1.711098 | r:  -506.000000 | e:   1.000000 | Q:        nan | won: False 
#  265 | steps:  2998 | steps_t:     0 | t: 1.720098 | r:  -519.000000 | e:   1.000000 | Q:        nan | won: False 
#  266 | steps:  3008 | steps_t:     0 | t: 1.725099 | r:  -509.000000 | e:   1.000000 | Q:        nan | won: False 
#  267 | steps:  3018 | steps_t:     0 | t: 1.730099 | r:  -509.000000 | e:   1.000000 | Q:        nan | won: False 
#  268 | steps:  3038 | steps_t:     0 | t: 1.740100 | r:  -519.000000 | e:   1.000000 | Q:        nan | won: False 
#  269 | steps:  3046 | steps_t:     0 | t: 1.744100 | r:  -507.000000 | e:   1.000000 | Q:        nan | won: False 
#  270 | steps:  3061 | steps_t:     0 | t: 1.752100 | r:  -514.000000 | e:   1.000000 | Q:        nan | won: False 
#  271 | steps:  3081 | steps_t:     0 | t: 1.761101 | r:  -519.000000 | e:   1.000000 | Q:        nan | won: False 
#  272 | steps:  3087 | steps_t:     0 | t: 1.765101 | r:  -505.000000 | e:   1.000000 | Q:        nan | won: False 
#  273 | steps:  3096 | steps_t:     0 | t: 1.769101 | r:  -508.000000 | e:   1.000000 | Q:        nan | won: False 
#  274 | steps:  3107 | steps_t:     0 | t: 1.774101 | r:  -510.000000 | e:   1.000000 | Q:        nan | won: False 
#  275 | steps:  3120 | steps_t:     0 | t: 1.780102 | r:  -512.000000 | e:   1.000000 | Q:        nan | won: False 
#  276 | steps:  3131 | steps_t:     0 | t: 1.786102 | r:  -510.000000 | e:   1.000000 | Q:        nan | won: False 
#  277 | steps:  3141 | steps_t:     0 | t: 1.792103 | r:  -509.000000 | e:   1.000000 | Q:        nan | won: False 
#  278 | steps:  3148 | steps_t:     0 | t: 1.796103 | r:  -506.000000 | e:   1.000000 | Q:        nan | won: False 
#  279 | steps:  3155 | steps_t:     0 | t: 1.802103 | r:  -506.000000 | e:   1.000000 | Q:        nan | won: False 
#  280 | steps:  3162 | steps_t:     0 | t: 1.805103 | r:  -506.000000 | e:   1.000000 | Q:        nan | won: False 
#  281 | steps:  3171 | steps_t:     0 | t: 1.811104 | r:  -508.000000 | e:   1.000000 | Q:        nan | won: False 
#  282 | steps:  3182 | steps_t:     0 | t: 1.817104 | r:  -510.000000 | e:   1.000000 | Q:        nan | won: False 
#  283 | steps:  3189 | steps_t:     0 | t: 1.821104 | r:  -506.000000 | e:   1.000000 | Q:        nan | won: False 
#  284 | steps:  3197 | steps_t:     0 | t: 1.825104 | r:  -507.000000 | e:   1.000000 | Q:        nan | won: False 
#  285 | steps:  3206 | steps_t:     0 | t: 1.830105 | r:  -508.000000 | e:   1.000000 | Q:        nan | won: False 
#  286 | steps:  3219 | steps_t:     0 | t: 1.838105 | r:  -512.000000 | e:   1.000000 | Q:        nan | won: False 
#  287 | steps:  3230 | steps_t:     0 | t: 1.843105 | r:  -510.000000 | e:   1.000000 | Q:        nan | won: False 
#  288 | steps:  3245 | steps_t:     0 | t: 1.852106 | r:  -514.000000 | e:   1.000000 | Q:        nan | won: False 
#  289 | steps:  3251 | steps_t:     0 | t: 1.855106 | r:  -505.000000 | e:   1.000000 | Q:        nan | won: False 
#  290 | steps:  3260 | steps_t:     0 | t: 1.861106 | r:  -508.000000 | e:   1.000000 | Q:        nan | won: False 
#  291 | steps:  3275 | steps_t:     0 | t: 1.871107 | r:  -514.000000 | e:   1.000000 | Q:        nan | won: False 
#  292 | steps:  3284 | steps_t:     0 | t: 1.877107 | r:  -508.000000 | e:   1.000000 | Q:        nan | won: False 
#  293 | steps:  3291 | steps_t:     0 | t: 1.881108 | r:  -506.000000 | e:   1.000000 | Q:        nan | won: False 
#  294 | steps:  3300 | steps_t:     0 | t: 1.888108 | r:  -508.000000 | e:   1.000000 | Q:        nan | won: False 
#  295 | steps:  3307 | steps_t:     0 | t: 1.892108 | r:  -506.000000 | e:   1.000000 | Q:        nan | won: False 
#  296 | steps:  3317 | steps_t:     0 | t: 1.898108 | r:  -509.000000 | e:   1.000000 | Q:        nan | won: False 
#  297 | steps:  3326 | steps_t:     0 | t: 1.904109 | r:  -508.000000 | e:   1.000000 | Q:        nan | won: False 
#  298 | steps:  3335 | steps_t:     0 | t: 1.910109 | r:  -508.000000 | e:   1.000000 | Q:        nan | won: False 
#  299 | steps:  3349 | steps_t:     0 | t: 1.916110 | r:  -513.000000 | e:   1.000000 | Q:        nan | won: False 
#  300 | steps:  3363 | steps_t:     0 | t: 1.923110 | r:  -513.000000 | e:   1.000000 | Q:        nan | won: False 
#  301 | steps:  3375 | steps_t:     0 | t: 1.928110 | r:  -511.000000 | e:   1.000000 | Q:        nan | won: False 
#  302 | steps:  3380 | steps_t:     0 | t: 1.931110 | r:  -504.000000 | e:   1.000000 | Q:        nan | won: False 
#  303 | steps:  3386 | steps_t:     0 | t: 1.934111 | r:  -505.000000 | e:   1.000000 | Q:        nan | won: False 
#  304 | steps:  3397 | steps_t:     0 | t: 1.939111 | r:  -510.000000 | e:   1.000000 | Q:        nan | won: False 
#  305 | steps:  3403 | steps_t:     0 | t: 1.942111 | r:  -505.000000 | e:   1.000000 | Q:        nan | won: False 
#  306 | steps:  3417 | steps_t:     0 | t: 1.949111 | r:  -513.000000 | e:   1.000000 | Q:        nan | won: False 
#  307 | steps:  3433 | steps_t:     0 | t: 1.957112 | r:  -515.000000 | e:   1.000000 | Q:        nan | won: False 
#  308 | steps:  3442 | steps_t:     0 | t: 1.962112 | r:  -508.000000 | e:   1.000000 | Q:        nan | won: False 
#  309 | steps:  3449 | steps_t:     0 | t: 1.965112 | r:  -506.000000 | e:   1.000000 | Q:        nan | won: False 
#  310 | steps:  3459 | steps_t:     0 | t: 1.970113 | r:  -509.000000 | e:   1.000000 | Q:        nan | won: False 
#  311 | steps:  3468 | steps_t:     0 | t: 1.974113 | r:  -508.000000 | e:   1.000000 | Q:        nan | won: False 
#  312 | steps:  3476 | steps_t:     0 | t: 1.978113 | r:  -507.000000 | e:   1.000000 | Q:        nan | won: False 
#  313 | steps:  3487 | steps_t:     0 | t: 1.983114 | r:  -510.000000 | e:   1.000000 | Q:        nan | won: False 
#  314 | steps:  3495 | steps_t:     0 | t: 1.988114 | r:  -507.000000 | e:   1.000000 | Q:        nan | won: False 
#  315 | steps:  3503 | steps_t:     0 | t: 1.992114 | r:  -507.000000 | e:   1.000000 | Q:        nan | won: False 
#  316 | steps:  3513 | steps_t:     0 | t: 1.997114 | r:  -509.000000 | e:   1.000000 | Q:        nan | won: False 
#  317 | steps:  3533 | steps_t:     0 | t: 2.008115 | r:  -519.000000 | e:   1.000000 | Q:        nan | won: False 
#  318 | steps:  3543 | steps_t:     0 | t: 2.013115 | r:  -509.000000 | e:   1.000000 | Q:        nan | won: False 
#  319 | steps:  3549 | steps_t:     0 | t: 2.016115 | r:  -505.000000 | e:   1.000000 | Q:        nan | won: False 
#  320 | steps:  3558 | steps_t:     0 | t: 2.023116 | r:  -508.000000 | e:   1.000000 | Q:        nan | won: False 
#  321 | steps:  3570 | steps_t:     0 | t: 2.029116 | r:  -511.000000 | e:   1.000000 | Q:        nan | won: False 
#  322 | steps:  3580 | steps_t:     0 | t: 2.035116 | r:  -509.000000 | e:   1.000000 | Q:        nan | won: False 
#  323 | steps:  3589 | steps_t:     0 | t: 2.039117 | r:  -508.000000 | e:   1.000000 | Q:        nan | won: False 
#  324 | steps:  3597 | steps_t:     0 | t: 2.044117 | r:  -507.000000 | e:   1.000000 | Q:        nan | won: False 
#  325 | steps:  3606 | steps_t:     0 | t: 2.049117 | r:  -508.000000 | e:   1.000000 | Q:        nan | won: False 
#  326 | steps:  3619 | steps_t:     0 | t: 2.057117 | r:  -512.000000 | e:   1.000000 | Q:        nan | won: False 
#  327 | steps:  3640 | steps_t:     0 | t: 2.069118 | r:  -509.000000 | e:   1.000000 | Q:        nan | won: False 
#  328 | steps:  3652 | steps_t:     0 | t: 2.075119 | r:  -511.000000 | e:   1.000000 | Q:        nan | won: False 
#  329 | steps:  3662 | steps_t:     0 | t: 2.081119 | r:  -509.000000 | e:   1.000000 | Q:        nan | won: False 
#  330 | steps:  3675 | steps_t:     0 | t: 2.088119 | r:  -512.000000 | e:   1.000000 | Q:        nan | won: False 
#  331 | steps:  3682 | steps_t:     0 | t: 2.093120 | r:  -506.000000 | e:   1.000000 | Q:        nan | won: False 
#  332 | steps:  3698 | steps_t:     0 | t: 2.100120 | r:  -515.000000 | e:   1.000000 | Q:        nan | won: False 
#  333 | steps:  3705 | steps_t:     0 | t: 2.105120 | r:  -506.000000 | e:   1.000000 | Q:        nan | won: False 
#  334 | steps:  3726 | steps_t:     0 | t: 2.115121 | r:  -520.000000 | e:   1.000000 | Q:        nan | won: False 
#  335 | steps:  3733 | steps_t:     0 | t: 2.119121 | r:  -506.000000 | e:   1.000000 | Q:        nan | won: False 
#  336 | steps:  3752 | steps_t:     0 | t: 2.128122 | r:  -507.000000 | e:   1.000000 | Q:        nan | won: False 
#  337 | steps:  3759 | steps_t:     0 | t: 2.131122 | r:  -506.000000 | e:   1.000000 | Q:        nan | won: False 
#  338 | steps:  3766 | steps_t:     0 | t: 2.135122 | r:  -506.000000 | e:   1.000000 | Q:        nan | won: False 
#  339 | steps:  3780 | steps_t:     0 | t: 2.141122 | r:  -513.000000 | e:   1.000000 | Q:        nan | won: False 
#  340 | steps:  3788 | steps_t:     0 | t: 2.145123 | r:  -507.000000 | e:   1.000000 | Q:        nan | won: False 
#  341 | steps:  3807 | steps_t:     0 | t: 2.155123 | r:  -518.000000 | e:   1.000000 | Q:        nan | won: False 
#  342 | steps:  3816 | steps_t:     0 | t: 2.162124 | r:  -508.000000 | e:   1.000000 | Q:        nan | won: False 
#  343 | steps:  3839 | steps_t:     0 | t: 2.174124 | r:  -511.000000 | e:   1.000000 | Q:        nan | won: False 
#  344 | steps:  3847 | steps_t:     0 | t: 2.178125 | r:  -507.000000 | e:   1.000000 | Q:        nan | won: False 
#  345 | steps:  3903 | steps_t:     0 | t: 2.206126 | r:  -544.000000 | e:   1.000000 | Q:        nan | won: False 
#  346 | steps:  3914 | steps_t:     0 | t: 2.212126 | r:  -510.000000 | e:   1.000000 | Q:        nan | won: False 
#  347 | steps:  3937 | steps_t:     0 | t: 2.224127 | r:  -522.000000 | e:   1.000000 | Q:        nan | won: False 
#  348 | steps:  3946 | steps_t:     0 | t: 2.229127 | r:  -508.000000 | e:   1.000000 | Q:        nan | won: False 
#  349 | steps:  3960 | steps_t:     0 | t: 2.238128 | r:  -513.000000 | e:   1.000000 | Q:        nan | won: False 
#  350 | steps:  3978 | steps_t:     0 | t: 2.247129 | r:  -517.000000 | e:   1.000000 | Q:        nan | won: False 
#  351 | steps:  3990 | steps_t:     0 | t: 2.254129 | r:  -511.000000 | e:   1.000000 | Q:        nan | won: False 
#  352 | steps:  3996 | steps_t:     0 | t: 2.256129 | r:  -505.000000 | e:   1.000000 | Q:        nan | won: False 
#  353 | steps:  4008 | steps_t:     0 | t: 2.263129 | r:  -511.000000 | e:   1.000000 | Q:        nan | won: False 
#  354 | steps:  4034 | steps_t:     0 | t: 2.277130 | r:  -525.000000 | e:   1.000000 | Q:        nan | won: False 
#  355 | steps:  4050 | steps_t:     0 | t: 2.286131 | r:  -515.000000 | e:   1.000000 | Q:        nan | won: False 
#  356 | steps:  4061 | steps_t:     0 | t: 2.292131 | r:  -510.000000 | e:   1.000000 | Q:        nan | won: False 
#  357 | steps:  4075 | steps_t:     0 | t: 2.300132 | r:  -513.000000 | e:   1.000000 | Q:        nan | won: False 
#  358 | steps:  4090 | steps_t:     0 | t: 2.308132 | r:  -514.000000 | e:   1.000000 | Q:        nan | won: False 
#  359 | steps:  4114 | steps_t:     0 | t: 2.320133 | r:  -523.000000 | e:   1.000000 | Q:        nan | won: False 
#  360 | steps:  4125 | steps_t:     0 | t: 2.325133 | r:  -510.000000 | e:   1.000000 | Q:        nan | won: False 
#  361 | steps:  4133 | steps_t:     0 | t: 2.329133 | r:  -507.000000 | e:   1.000000 | Q:        nan | won: False 
#  362 | steps:  4144 | steps_t:     0 | t: 2.334134 | r:  -510.000000 | e:   1.000000 | Q:        nan | won: False 
#  363 | steps:  4156 | steps_t:     0 | t: 2.340134 | r:  -511.000000 | e:   1.000000 | Q:        nan | won: False 
#  364 | steps:  4165 | steps_t:     0 | t: 2.344134 | r:  -508.000000 | e:   1.000000 | Q:        nan | won: False 
#  365 | steps:  4171 | steps_t:     0 | t: 2.347134 | r:  -505.000000 | e:   1.000000 | Q:        nan | won: False 
#  366 | steps:  4178 | steps_t:     0 | t: 2.351135 | r:  -506.000000 | e:   1.000000 | Q:        nan | won: False 
#  367 | steps:  4191 | steps_t:     0 | t: 2.357135 | r:  -512.000000 | e:   1.000000 | Q:        nan | won: False 
#  368 | steps:  4206 | steps_t:     0 | t: 2.364135 | r:  -492.000000 | e:   1.000000 | Q:        nan | won: False 
#  369 | steps:  4213 | steps_t:     0 | t: 2.368135 | r:  -506.000000 | e:   1.000000 | Q:        nan | won: False 
#  370 | steps:  4218 | steps_t:     0 | t: 2.370136 | r:  -504.000000 | e:   1.000000 | Q:        nan | won: False 
#  371 | steps:  4234 | steps_t:     0 | t: 2.379136 | r:  -515.000000 | e:   1.000000 | Q:        nan | won: False 
#  372 | steps:  4248 | steps_t:     0 | t: 2.385136 | r:  -513.000000 | e:   1.000000 | Q:        nan | won: False 
#  373 | steps:  4257 | steps_t:     0 | t: 2.389137 | r:  -508.000000 | e:   1.000000 | Q:        nan | won: False 
#  374 | steps:  4264 | steps_t:     0 | t: 2.392137 | r:  -506.000000 | e:   1.000000 | Q:        nan | won: False 
#  375 | steps:  4276 | steps_t:     0 | t: 2.398137 | r:  -511.000000 | e:   1.000000 | Q:        nan | won: False 
#  376 | steps:  4285 | steps_t:     0 | t: 2.403137 | r:  -508.000000 | e:   1.000000 | Q:        nan | won: False 
#  377 | steps:  4303 | steps_t:     0 | t: 2.413138 | r:  -517.000000 | e:   1.000000 | Q:        nan | won: False 
#  378 | steps:  4309 | steps_t:     0 | t: 2.416138 | r:  -505.000000 | e:   1.000000 | Q:        nan | won: False 
#  379 | steps:  4316 | steps_t:     0 | t: 2.420138 | r:  -506.000000 | e:   1.000000 | Q:        nan | won: False 
#  380 | steps:  4324 | steps_t:     0 | t: 2.426139 | r:  -507.000000 | e:   1.000000 | Q:        nan | won: False 
#  381 | steps:  4335 | steps_t:     0 | t: 2.431139 | r:  -510.000000 | e:   1.000000 | Q:        nan | won: False 
#  382 | steps:  4340 | steps_t:     0 | t: 2.434139 | r:  -504.000000 | e:   1.000000 | Q:        nan | won: False 
#  383 | steps:  4349 | steps_t:     0 | t: 2.440140 | r:  -508.000000 | e:   1.000000 | Q:        nan | won: False 
#  384 | steps:  4358 | steps_t:     0 | t: 2.445140 | r:  -508.000000 | e:   1.000000 | Q:        nan | won: False 
#  385 | steps:  4364 | steps_t:     0 | t: 2.448140 | r:  -505.000000 | e:   1.000000 | Q:        nan | won: False 
#  386 | steps:  4373 | steps_t:     0 | t: 2.454140 | r:  -508.000000 | e:   1.000000 | Q:        nan | won: False 
#  387 | steps:  4406 | steps_t:     0 | t: 2.473141 | r:  -532.000000 | e:   1.000000 | Q:        nan | won: False 
#  388 | steps:  4423 | steps_t:     0 | t: 2.484142 | r:  -516.000000 | e:   1.000000 | Q:        nan | won: False 
#  389 | steps:  4435 | steps_t:     0 | t: 2.491143 | r:  -511.000000 | e:   1.000000 | Q:        nan | won: False 
#  390 | steps:  4449 | steps_t:     0 | t: 2.497143 | r:  -513.000000 | e:   1.000000 | Q:        nan | won: False 
#  391 | steps:  4457 | steps_t:     0 | t: 2.502143 | r:  -507.000000 | e:   1.000000 | Q:        nan | won: False 
#  392 | steps:  4466 | steps_t:     0 | t: 2.507143 | r:  -508.000000 | e:   1.000000 | Q:        nan | won: False 
#  393 | steps:  4477 | steps_t:     0 | t: 2.514144 | r:  -510.000000 | e:   1.000000 | Q:        nan | won: False 
#  394 | steps:  4488 | steps_t:     0 | t: 2.522144 | r:  -510.000000 | e:   1.000000 | Q:        nan | won: False 
#  395 | steps:  4508 | steps_t:     0 | t: 2.531145 | r:  -519.000000 | e:   1.000000 | Q:        nan | won: False 
#  396 | steps:  4515 | steps_t:     0 | t: 2.534145 | r:  -506.000000 | e:   1.000000 | Q:        nan | won: False 
#  397 | steps:  4541 | steps_t:     0 | t: 2.547146 | r:  -514.000000 | e:   1.000000 | Q:        nan | won: False 
#  398 | steps:  4555 | steps_t:     0 | t: 2.555146 | r:  -513.000000 | e:   1.000000 | Q:        nan | won: False 
#  399 | steps:  4562 | steps_t:     0 | t: 2.558146 | r:  -506.000000 | e:   1.000000 | Q:        nan | won: False 
#  400 | steps:  4572 | steps_t:     0 | t: 2.563147 | r:  -509.000000 | e:   1.000000 | Q:        nan | won: False 
#  401 | steps:  4586 | steps_t:     0 | t: 2.570147 | r:  -513.000000 | e:   1.000000 | Q:        nan | won: False 
#  402 | steps:  4601 | steps_t:     0 | t: 2.577147 | r:  -503.000000 | e:   1.000000 | Q:        nan | won: False 
#  403 | steps:  4612 | steps_t:     0 | t: 2.583148 | r:  -510.000000 | e:   1.000000 | Q:        nan | won: False 
#  404 | steps:  4622 | steps_t:     0 | t: 2.587148 | r:  -509.000000 | e:   1.000000 | Q:        nan | won: False 
#  405 | steps:  4634 | steps_t:     0 | t: 2.593148 | r:  -511.000000 | e:   1.000000 | Q:        nan | won: False 
#  406 | steps:  4644 | steps_t:     0 | t: 2.598149 | r:  -509.000000 | e:   1.000000 | Q:        nan | won: False 
#  407 | steps:  4655 | steps_t:     0 | t: 2.604149 | r:  -510.000000 | e:   1.000000 | Q:        nan | won: False 
#  408 | steps:  4664 | steps_t:     0 | t: 2.609149 | r:  -508.000000 | e:   1.000000 | Q:        nan | won: False 
#  409 | steps:  4669 | steps_t:     0 | t: 2.612149 | r:  -504.000000 | e:   1.000000 | Q:        nan | won: False 
#  410 | steps:  4677 | steps_t:     0 | t: 2.616150 | r:  -507.000000 | e:   1.000000 | Q:        nan | won: False 
#  411 | steps:  4696 | steps_t:     0 | t: 2.626150 | r:  -518.000000 | e:   1.000000 | Q:        nan | won: False 
#  412 | steps:  4710 | steps_t:     0 | t: 2.634151 | r:  -513.000000 | e:   1.000000 | Q:        nan | won: False 
#  413 | steps:  4717 | steps_t:     0 | t: 2.638151 | r:  -506.000000 | e:   1.000000 | Q:        nan | won: False 
#  414 | steps:  4727 | steps_t:     0 | t: 2.643151 | r:  -509.000000 | e:   1.000000 | Q:        nan | won: False 
#  415 | steps:  4746 | steps_t:     0 | t: 2.653152 | r:  -518.000000 | e:   1.000000 | Q:        nan | won: False 
#  416 | steps:  4759 | steps_t:     0 | t: 2.661152 | r:  -512.000000 | e:   1.000000 | Q:        nan | won: False 
#  417 | steps:  4779 | steps_t:     0 | t: 2.674153 | r:  -519.000000 | e:   1.000000 | Q:        nan | won: False 
#  418 | steps:  4787 | steps_t:     0 | t: 2.678153 | r:  -507.000000 | e:   1.000000 | Q:        nan | won: False 
#  419 | steps:  4793 | steps_t:     0 | t: 2.681153 | r:  -505.000000 | e:   1.000000 | Q:        nan | won: False 
#  420 | steps:  4810 | steps_t:     0 | t: 2.690154 | r:  -505.000000 | e:   1.000000 | Q:        nan | won: False 
#  421 | steps:  4826 | steps_t:     0 | t: 2.699154 | r:  -515.000000 | e:   1.000000 | Q:        nan | won: False 
#  422 | steps:  4840 | steps_t:     0 | t: 2.708155 | r:  -513.000000 | e:   1.000000 | Q:        nan | won: False 
#  423 | steps:  4858 | steps_t:     0 | t: 2.717155 | r:  -517.000000 | e:   1.000000 | Q:        nan | won: False 
#  424 | steps:  4865 | steps_t:     0 | t: 2.721156 | r:  -506.000000 | e:   1.000000 | Q:        nan | won: False 
#  425 | steps:  4873 | steps_t:     0 | t: 2.725156 | r:  -507.000000 | e:   1.000000 | Q:        nan | won: False 
#  426 | steps:  4890 | steps_t:     0 | t: 2.733156 | r:  -505.000000 | e:   1.000000 | Q:        nan | won: False 
#  427 | steps:  4903 | steps_t:     0 | t: 2.740157 | r:  -512.000000 | e:   1.000000 | Q:        nan | won: False 
#  428 | steps:  4911 | steps_t:     0 | t: 2.744157 | r:  -507.000000 | e:   1.000000 | Q:        nan | won: False 
#  429 | steps:  4919 | steps_t:     0 | t: 2.748157 | r:  -507.000000 | e:   1.000000 | Q:        nan | won: False 
#  430 | steps:  4926 | steps_t:     0 | t: 2.752157 | r:  -506.000000 | e:   1.000000 | Q:        nan | won: False 
#  431 | steps:  4935 | steps_t:     0 | t: 2.756157 | r:  -508.000000 | e:   1.000000 | Q:        nan | won: False 
#  432 | steps:  4947 | steps_t:     0 | t: 2.762158 | r:  -511.000000 | e:   1.000000 | Q:        nan | won: False 
#  433 | steps:  4956 | steps_t:     0 | t: 2.767158 | r:  -508.000000 | e:   1.000000 | Q:        nan | won: False 
#  434 | steps:  4978 | steps_t:     0 | t: 2.777159 | r:  -521.000000 | e:   1.000000 | Q:        nan | won: False 
#  435 | steps:  5000 | steps_t:     0 | t: 2.788160 | r:  -521.000000 | e:   1.000000 | Q:        nan | won: False 
#  436 | steps:  5007 | steps_t:     5 | t: 2.944169 | r:  -506.000000 | e:   0.999500 | Q:        nan | won: False 
#  437 | steps:  5016 | steps_t:    13 | t: 3.018173 | r:  -508.000000 | e:   0.998700 | Q:        nan | won: False 
#  438 | steps:  5024 | steps_t:    20 | t: 3.084177 | r:  -507.000000 | e:   0.998000 | Q:        nan | won: False 
#  439 | steps:  5036 | steps_t:    31 | t: 3.189183 | r:  -511.000000 | e:   0.996900 | Q:        nan | won: False 
#  440 | steps:  5047 | steps_t:    41 | t: 3.282188 | r:  -510.000000 | e:   0.995900 | Q:        nan | won: False 
#  441 | steps:  5055 | steps_t:    48 | t: 3.347191 | r:  -507.000000 | e:   0.995200 | Q:        nan | won: False 
#  442 | steps:  5061 | steps_t:    53 | t: 3.396194 | r:  -505.000000 | e:   0.994700 | Q:        nan | won: False 
#  443 | steps:  5073 | steps_t:    64 | t: 3.505200 | r:  -511.000000 | e:   0.993600 | Q:        nan | won: False 
#  444 | steps:  5094 | steps_t:    84 | t: 3.695211 | r:  -520.000000 | e:   0.991600 | Q:        nan | won: False 
#  445 | steps:  5103 | steps_t:    92 | t: 3.771216 | r:  -508.000000 | e:   0.990800 | Q:        nan | won: False 
#  446 | steps:  5114 | steps_t:   102 | t: 3.865221 | r:  -510.000000 | e:   0.989800 | Q:        nan | won: False 
#  447 | steps:  5125 | steps_t:   112 | t: 3.963227 | r:  -510.000000 | e:   0.988800 | Q:        nan | won: False 
#  448 | steps:  5134 | steps_t:   120 | t: 4.039231 | r:  -508.000000 | e:   0.988000 | Q:        nan | won: False 
#  449 | steps:  5144 | steps_t:   129 | t: 4.122236 | r:  -509.000000 | e:   0.987100 | Q:        nan | won: False 
#  450 | steps:  5161 | steps_t:   145 | t: 4.269244 | r:  -516.000000 | e:   0.985500 | Q:        nan | won: False 
#  451 | steps:  5166 | steps_t:   149 | t: 4.307246 | r:  -504.000000 | e:   0.985100 | Q:        nan | won: False 
#  452 | steps:  5176 | steps_t:   158 | t: 4.389251 | r:  -509.000000 | e:   0.984200 | Q:        nan | won: False 
#  453 | steps:  5194 | steps_t:   175 | t: 4.546260 | r:  -517.000000 | e:   0.982500 | Q:        nan | won: False 
#  454 | steps:  5201 | steps_t:   181 | t: 4.601263 | r:  -506.000000 | e:   0.981900 | Q:        nan | won: False 
#  455 | steps:  5219 | steps_t:   198 | t: 4.756272 | r:  -517.000000 | e:   0.980200 | Q:        nan | won: False 
#  456 | steps:  5227 | steps_t:   205 | t: 4.823276 | r:  -507.000000 | e:   0.979500 | Q:        nan | won: False 
#  457 | steps:  5238 | steps_t:   215 | t: 4.913281 | r:  -510.000000 | e:   0.978500 | Q:        nan | won: False 
#  458 | steps:  5250 | steps_t:   226 | t: 5.015287 | r:  -511.000000 | e:   0.977400 | Q:        nan | won: False 
#  459 | steps:  5255 | steps_t:   230 | t: 5.052289 | r:  -504.000000 | e:   0.977000 | Q:        nan | won: False 
#  460 | steps:  5266 | steps_t:   240 | t: 5.150295 | r:  -510.000000 | e:   0.976000 | Q:        nan | won: False 
#  461 | steps:  5275 | steps_t:   248 | t: 5.250300 | r:  -508.000000 | e:   0.975200 | Q:        nan | won: False 
#  462 | steps:  5293 | steps_t:   265 | t: 5.466312 | r:  -517.000000 | e:   0.973500 | Q: -293.561310 | won: False 
#  463 | steps:  5304 | steps_t:   275 | t: 5.562318 | r:  -510.000000 | e:   0.972500 | Q:        nan | won: False 
#  464 | steps:  5327 | steps_t:   297 | t: 5.777330 | r:  -522.000000 | e:   0.970300 | Q: -274.757324 | won: False 
#  465 | steps:  5338 | steps_t:   307 | t: 5.877336 | r:  -510.000000 | e:   0.969300 | Q: -287.424591 | won: False 
#  466 | steps:  5346 | steps_t:   314 | t: 5.947340 | r:  -507.000000 | e:   0.968600 | Q:        nan | won: False 
#  467 | steps:  5354 | steps_t:   321 | t: 6.015344 | r:  -507.000000 | e:   0.967900 | Q:        nan | won: False 
#  468 | steps:  5362 | steps_t:   328 | t: 6.082348 | r:  -507.000000 | e:   0.967200 | Q:        nan | won: False 
#  469 | steps:  5368 | steps_t:   333 | t: 6.131351 | r:  -505.000000 | e:   0.966700 | Q:        nan | won: False 
#  470 | steps:  5377 | steps_t:   341 | t: 6.205355 | r:  -508.000000 | e:   0.965900 | Q:        nan | won: False 
#  471 | steps:  5400 | steps_t:   363 | t: 6.407367 | r:  -522.000000 | e:   0.963700 | Q:        nan | won: False 
#  472 | steps:  5415 | steps_t:   377 | t: 6.551375 | r:  -503.000000 | e:   0.962300 | Q:        nan | won: False 
#  473 | steps:  5435 | steps_t:   396 | t: 6.743386 | r:  -519.000000 | e:   0.960400 | Q:        nan | won: False 
#  474 | steps:  5443 | steps_t:   403 | t: 6.807389 | r:  -507.000000 | e:   0.959700 | Q:        nan | won: False 
#  475 | steps:  5463 | steps_t:   422 | t: 6.989400 | r:  -519.000000 | e:   0.957800 | Q: -326.191620 | won: False 
#  476 | steps:  5475 | steps_t:   433 | t: 7.089406 | r:  -511.000000 | e:   0.956700 | Q: -324.916901 | won: False 
#  477 | steps:  5485 | steps_t:   442 | t: 7.177411 | r:  -509.000000 | e:   0.955800 | Q: -305.567322 | won: False 
#  478 | steps:  5491 | steps_t:   447 | t: 7.224413 | r:  -505.000000 | e:   0.955300 | Q:        nan | won: False 
#  479 | steps:  5498 | steps_t:   453 | t: 7.283417 | r:  -506.000000 | e:   0.954700 | Q:        nan | won: False 
#  480 | steps:  5503 | steps_t:   457 | t: 7.322419 | r:  -504.000000 | e:   0.954300 | Q:        nan | won: False 
#  481 | steps:  5510 | steps_t:   463 | t: 7.381422 | r:  -506.000000 | e:   0.953700 | Q:        nan | won: False 
#  482 | steps:  5517 | steps_t:   469 | t: 7.439426 | r:  -506.000000 | e:   0.953100 | Q:        nan | won: False 
#  483 | steps:  5530 | steps_t:   481 | t: 7.552432 | r:  -512.000000 | e:   0.951900 | Q: -276.163361 | won: False 
#  484 | steps:  5549 | steps_t:   499 | t: 7.717441 | r:  -518.000000 | e:   0.950100 | Q:        nan | won: False 
#  485 | steps:  5555 | steps_t:   504 | t: 7.764444 | r:  -505.000000 | e:   0.949600 | Q:        nan | won: False 
#  486 | steps:  5572 | steps_t:   520 | t: 7.911453 | r:  -516.000000 | e:   0.948000 | Q: -340.997406 | won: False 
#  487 | steps:  5581 | steps_t:   528 | t: 7.987457 | r:  -508.000000 | e:   0.947200 | Q:        nan | won: False 
#  488 | steps:  5590 | steps_t:   536 | t: 8.060461 | r:  -508.000000 | e:   0.946400 | Q:        nan | won: False 
#  489 | steps:  5611 | steps_t:   556 | t: 8.244472 | r:  -520.000000 | e:   0.944400 | Q: -343.451233 | won: False 
#  490 | steps:  5621 | steps_t:   565 | t: 8.328476 | r:  -509.000000 | e:   0.943500 | Q: -316.205383 | won: False 
#  491 | steps:  5628 | steps_t:   571 | t: 8.395480 | r:  -506.000000 | e:   0.942900 | Q:        nan | won: False 
#  492 | steps:  5637 | steps_t:   579 | t: 8.481485 | r:  -508.000000 | e:   0.942100 | Q: -324.351135 | won: False 
#  493 | steps:  5643 | steps_t:   584 | t: 8.541488 | r:  -505.000000 | e:   0.941600 | Q: -328.806335 | won: False 
#  494 | steps:  5657 | steps_t:   597 | t: 8.675496 | r:  -513.000000 | e:   0.940300 | Q: -328.543976 | won: False 
#  495 | steps:  5671 | steps_t:   610 | t: 8.801503 | r:  -513.000000 | e:   0.939000 | Q: -301.747772 | won: False 
#  496 | steps:  5681 | steps_t:   619 | t: 8.888509 | r:  -509.000000 | e:   0.938100 | Q: -291.572937 | won: False 
#  497 | steps:  5693 | steps_t:   630 | t: 8.993514 | r:  -511.000000 | e:   0.937000 | Q:        nan | won: False 
#  498 | steps:  5710 | steps_t:   646 | t: 9.146523 | r:  -516.000000 | e:   0.935400 | Q: -323.401764 | won: False 
#  499 | steps:  5718 | steps_t:   653 | t: 9.215527 | r:  -507.000000 | e:   0.934700 | Q: -332.648590 | won: False 
#  500 | steps:  5726 | steps_t:   660 | t: 9.286531 | r:  -507.000000 | e:   0.934000 | Q:        nan | won: False 
#  501 | steps:  5736 | steps_t:   669 | t: 9.373536 | r:  -509.000000 | e:   0.933100 | Q: -316.357635 | won: False 
#  502 | steps:  5743 | steps_t:   675 | t: 9.430539 | r:  -506.000000 | e:   0.932500 | Q: -313.238922 | won: False 
#  503 | steps:  5751 | steps_t:   682 | t: 9.498543 | r:  -507.000000 | e:   0.931800 | Q: -306.077606 | won: False 
#  504 | steps:  5761 | steps_t:   691 | t: 9.582548 | r:  -509.000000 | e:   0.930900 | Q: -310.940857 | won: False 
#  505 | steps:  5773 | steps_t:   702 | t: 9.686554 | r:  -511.000000 | e:   0.929800 | Q:        nan | won: False 
#  506 | steps:  5785 | steps_t:   713 | t: 9.792560 | r:  -511.000000 | e:   0.928700 | Q: -316.086395 | won: False 
#  507 | steps:  5793 | steps_t:   720 | t: 9.859564 | r:  -507.000000 | e:   0.928000 | Q: -301.685028 | won: False 
#  508 | steps:  5804 | steps_t:   730 | t: 9.955570 | r:  -510.000000 | e:   0.927000 | Q:        nan | won: False 
#  509 | steps:  5815 | steps_t:   740 | t: 10.051575 | r:  -510.000000 | e:   0.926000 | Q:        nan | won: False 
#  510 | steps:  5825 | steps_t:   749 | t: 10.135580 | r:  -509.000000 | e:   0.925100 | Q:        nan | won: False 
#  511 | steps:  5833 | steps_t:   756 | t: 10.201583 | r:  -507.000000 | e:   0.924400 | Q: -259.453674 | won: False 
#  512 | steps:  5840 | steps_t:   762 | t: 10.256587 | r:  -506.000000 | e:   0.923800 | Q:        nan | won: False 
#  513 | steps:  5858 | steps_t:   779 | t: 10.427596 | r:  -506.000000 | e:   0.922100 | Q:        nan | won: False 
#  514 | steps:  5879 | steps_t:   799 | t: 10.666610 | r:  -520.000000 | e:   0.920100 | Q: -302.490662 | won: False 
#  515 | steps:  5887 | steps_t:   806 | t: 10.749615 | r:  -507.000000 | e:   0.919400 | Q:        nan | won: False 
#  516 | steps:  5896 | steps_t:   814 | t: 10.833620 | r:  -508.000000 | e:   0.918600 | Q:        nan | won: False 
