#    1 | steps:    12 | steps_t:     0 | t: 0.716041 | r:  -511.000000 | e:   1.000000 | Q:        nan | won: False 
#    2 | steps:    18 | steps_t:     0 | t: 0.857049 | r:  -505.000000 | e:   1.000000 | Q:        nan | won: False 
#    3 | steps:    30 | steps_t:     0 | t: 0.873050 | r:  -511.000000 | e:   1.000000 | Q:        nan | won: False 
#    4 | steps:    40 | steps_t:     0 | t: 0.886051 | r:  -509.000000 | e:   1.000000 | Q:        nan | won: False 
#    5 | steps:    47 | steps_t:     0 | t: 0.896051 | r:  -506.000000 | e:   1.000000 | Q:        nan | won: False 
#    6 | steps:    56 | steps_t:     0 | t: 0.902052 | r:  -508.000000 | e:   1.000000 | Q:        nan | won: False 
#    7 | steps:    61 | steps_t:     0 | t: 0.904052 | r:  -504.000000 | e:   1.000000 | Q:        nan | won: False 
#    8 | steps:    70 | steps_t:     0 | t: 0.910052 | r:  -508.000000 | e:   1.000000 | Q:        nan | won: False 
#    9 | steps:    79 | steps_t:     0 | t: 0.914052 | r:  -508.000000 | e:   1.000000 | Q:        nan | won: False 
#   10 | steps:    88 | steps_t:     0 | t: 0.920053 | r:  -508.000000 | e:   1.000000 | Q:        nan | won: False 
#   11 | steps:    97 | steps_t:     0 | t: 0.926053 | r:  -508.000000 | e:   1.000000 | Q:        nan | won: False 
#   12 | steps:   104 | steps_t:     0 | t: 0.929053 | r:  -506.000000 | e:   1.000000 | Q:        nan | won: False 
#   13 | steps:   111 | steps_t:     0 | t: 0.933053 | r:  -506.000000 | e:   1.000000 | Q:        nan | won: False 
#   14 | steps:   127 | steps_t:     0 | t: 0.942054 | r:  -515.000000 | e:   1.000000 | Q:        nan | won: False 
#   15 | steps:   135 | steps_t:     0 | t: 0.948054 | r:  -507.000000 | e:   1.000000 | Q:        nan | won: False 
#   16 | steps:   149 | steps_t:     0 | t: 0.957055 | r:  -513.000000 | e:   1.000000 | Q:        nan | won: False 
#   17 | steps:   159 | steps_t:     0 | t: 0.962055 | r:  -509.000000 | e:   1.000000 | Q:        nan | won: False 
#   18 | steps:   167 | steps_t:     0 | t: 0.966055 | r:  -507.000000 | e:   1.000000 | Q:        nan | won: False 
#   19 | steps:   178 | steps_t:     0 | t: 0.972056 | r:  -510.000000 | e:   1.000000 | Q:        nan | won: False 
#   20 | steps:   184 | steps_t:     0 | t: 0.976056 | r:  -505.000000 | e:   1.000000 | Q:        nan | won: False 
#   21 | steps:   192 | steps_t:     0 | t: 0.982056 | r:  -507.000000 | e:   1.000000 | Q:        nan | won: False 
#   22 | steps:   198 | steps_t:     0 | t: 0.985056 | r:  -505.000000 | e:   1.000000 | Q:        nan | won: False 
#   23 | steps:   207 | steps_t:     0 | t: 0.990057 | r:  -508.000000 | e:   1.000000 | Q:        nan | won: False 
#   24 | steps:   221 | steps_t:     0 | t: 0.997057 | r:  -513.000000 | e:   1.000000 | Q:        nan | won: False 
#   25 | steps:   227 | steps_t:     0 | t: 1.000057 | r:  -505.000000 | e:   1.000000 | Q:        nan | won: False 
#   26 | steps:   235 | steps_t:     0 | t: 1.005058 | r:  -507.000000 | e:   1.000000 | Q:        nan | won: False 
#   27 | steps:   247 | steps_t:     0 | t: 1.011058 | r:  -511.000000 | e:   1.000000 | Q:        nan | won: False 
#   28 | steps:   257 | steps_t:     0 | t: 1.016058 | r:  -509.000000 | e:   1.000000 | Q:        nan | won: False 
#   29 | steps:   267 | steps_t:     0 | t: 1.022058 | r:  -509.000000 | e:   1.000000 | Q:        nan | won: False 
#   30 | steps:   274 | steps_t:     0 | t: 1.026059 | r:  -506.000000 | e:   1.000000 | Q:        nan | won: False 
#   31 | steps:   281 | steps_t:     0 | t: 1.029059 | r:  -506.000000 | e:   1.000000 | Q:        nan | won: False 
#   32 | steps:   291 | steps_t:     0 | t: 1.034059 | r:  -509.000000 | e:   1.000000 | Q:        nan | won: False 
#   33 | steps:   300 | steps_t:     0 | t: 1.039059 | r:  -508.000000 | e:   1.000000 | Q:        nan | won: False 
#   34 | steps:   313 | steps_t:     0 | t: 1.045060 | r:  -512.000000 | e:   1.000000 | Q:        nan | won: False 
#   35 | steps:   323 | steps_t:     0 | t: 1.051060 | r:  -509.000000 | e:   1.000000 | Q:        nan | won: False 
#   36 | steps:   334 | steps_t:     0 | t: 1.056061 | r:  -510.000000 | e:   1.000000 | Q:        nan | won: False 
#   37 | steps:   340 | steps_t:     0 | t: 1.059061 | r:  -505.000000 | e:   1.000000 | Q:        nan | won: False 
#   38 | steps:   349 | steps_t:     0 | t: 1.063061 | r:  -508.000000 | e:   1.000000 | Q:        nan | won: False 
#   39 | steps:   360 | steps_t:     0 | t: 1.069061 | r:  -510.000000 | e:   1.000000 | Q:        nan | won: False 
#   40 | steps:   379 | steps_t:     0 | t: 1.078062 | r:  -518.000000 | e:   1.000000 | Q:        nan | won: False 
#   41 | steps:   391 | steps_t:     0 | t: 1.085062 | r:  -511.000000 | e:   1.000000 | Q:        nan | won: False 
#   42 | steps:   397 | steps_t:     0 | t: 1.088062 | r:  -505.000000 | e:   1.000000 | Q:        nan | won: False 
#   43 | steps:   404 | steps_t:     0 | t: 1.092062 | r:  -506.000000 | e:   1.000000 | Q:        nan | won: False 
#   44 | steps:   410 | steps_t:     0 | t: 1.094063 | r:  -505.000000 | e:   1.000000 | Q:        nan | won: False 
#   45 | steps:   420 | steps_t:     0 | t: 1.100063 | r:  -509.000000 | e:   1.000000 | Q:        nan | won: False 
#   46 | steps:   436 | steps_t:     0 | t: 1.107063 | r:  -515.000000 | e:   1.000000 | Q:        nan | won: False 
#   47 | steps:   444 | steps_t:     0 | t: 1.112063 | r:  -507.000000 | e:   1.000000 | Q:        nan | won: False 
#   48 | steps:   455 | steps_t:     0 | t: 1.119064 | r:  -510.000000 | e:   1.000000 | Q:        nan | won: False 
#   49 | steps:   466 | steps_t:     0 | t: 1.124064 | r:  -510.000000 | e:   1.000000 | Q:        nan | won: False 
#   50 | steps:   474 | steps_t:     0 | t: 1.129065 | r:  -507.000000 | e:   1.000000 | Q:        nan | won: False 
#   51 | steps:   486 | steps_t:     0 | t: 1.135065 | r:  -511.000000 | e:   1.000000 | Q:        nan | won: False 
#   52 | steps:   496 | steps_t:     0 | t: 1.142065 | r:  -509.000000 | e:   1.000000 | Q:        nan | won: False 
#   53 | steps:   505 | steps_t:     0 | t: 1.147066 | r:  -508.000000 | e:   1.000000 | Q:        nan | won: False 
#   54 | steps:   513 | steps_t:     0 | t: 1.152066 | r:  -507.000000 | e:   1.000000 | Q:        nan | won: False 
#   55 | steps:   520 | steps_t:     0 | t: 1.157066 | r:  -506.000000 | e:   1.000000 | Q:        nan | won: False 
#   56 | steps:   537 | steps_t:     0 | t: 1.167067 | r:  -516.000000 | e:   1.000000 | Q:        nan | won: False 
#   57 | steps:   548 | steps_t:     0 | t: 1.173067 | r:  -510.000000 | e:   1.000000 | Q:        nan | won: False 
#   58 | steps:   557 | steps_t:     0 | t: 1.179067 | r:  -508.000000 | e:   1.000000 | Q:        nan | won: False 
#   59 | steps:   568 | steps_t:     0 | t: 1.186068 | r:  -510.000000 | e:   1.000000 | Q:        nan | won: False 
#   60 | steps:   575 | steps_t:     0 | t: 1.190068 | r:  -506.000000 | e:   1.000000 | Q:        nan | won: False 
#   61 | steps:   594 | steps_t:     0 | t: 1.200069 | r:  -496.000000 | e:   1.000000 | Q:        nan | won: False 
#   62 | steps:   609 | steps_t:     0 | t: 1.209069 | r:  -514.000000 | e:   1.000000 | Q:        nan | won: False 
#   63 | steps:   615 | steps_t:     0 | t: 1.212070 | r:  -505.000000 | e:   1.000000 | Q:        nan | won: False 
#   64 | steps:   626 | steps_t:     0 | t: 1.218070 | r:  -510.000000 | e:   1.000000 | Q:        nan | won: False 
#   65 | steps:   637 | steps_t:     0 | t: 1.223070 | r:  -510.000000 | e:   1.000000 | Q:        nan | won: False 
#   66 | steps:   652 | steps_t:     0 | t: 1.234071 | r:  -514.000000 | e:   1.000000 | Q:        nan | won: False 
#   67 | steps:   663 | steps_t:     0 | t: 1.241071 | r:  -510.000000 | e:   1.000000 | Q:        nan | won: False 
#   68 | steps:   676 | steps_t:     0 | t: 1.248071 | r:  -512.000000 | e:   1.000000 | Q:        nan | won: False 
#   69 | steps:   686 | steps_t:     0 | t: 1.253072 | r:  -509.000000 | e:   1.000000 | Q:        nan | won: False 
#   70 | steps:   695 | steps_t:     0 | t: 1.258072 | r:  -508.000000 | e:   1.000000 | Q:        nan | won: False 
#   71 | steps:   716 | steps_t:     0 | t: 1.268073 | r:  -520.000000 | e:   1.000000 | Q:        nan | won: False 
#   72 | steps:   726 | steps_t:     0 | t: 1.273073 | r:  -509.000000 | e:   1.000000 | Q:        nan | won: False 
#   73 | steps:   734 | steps_t:     0 | t: 1.277073 | r:  -507.000000 | e:   1.000000 | Q:        nan | won: False 
#   74 | steps:   740 | steps_t:     0 | t: 1.280073 | r:  -505.000000 | e:   1.000000 | Q:        nan | won: False 
#   75 | steps:   750 | steps_t:     0 | t: 1.285074 | r:  -509.000000 | e:   1.000000 | Q:        nan | won: False 
#   76 | steps:   764 | steps_t:     0 | t: 1.292074 | r:  -513.000000 | e:   1.000000 | Q:        nan | won: False 
#   77 | steps:   782 | steps_t:     0 | t: 1.301075 | r:  -517.000000 | e:   1.000000 | Q:        nan | won: False 
#   78 | steps:   788 | steps_t:     0 | t: 1.304075 | r:  -505.000000 | e:   1.000000 | Q:        nan | won: False 
#   79 | steps:   795 | steps_t:     0 | t: 1.307075 | r:  -506.000000 | e:   1.000000 | Q:        nan | won: False 
#   80 | steps:   804 | steps_t:     0 | t: 1.312075 | r:  -508.000000 | e:   1.000000 | Q:        nan | won: False 
#   81 | steps:   816 | steps_t:     0 | t: 1.318075 | r:  -511.000000 | e:   1.000000 | Q:        nan | won: False 
#   82 | steps:   823 | steps_t:     0 | t: 1.321075 | r:  -506.000000 | e:   1.000000 | Q:        nan | won: False 
#   83 | steps:   842 | steps_t:     0 | t: 1.331076 | r:  -518.000000 | e:   1.000000 | Q:        nan | won: False 
#   84 | steps:   859 | steps_t:     0 | t: 1.339077 | r:  -505.000000 | e:   1.000000 | Q:        nan | won: False 
#   85 | steps:   875 | steps_t:     0 | t: 1.348077 | r:  -515.000000 | e:   1.000000 | Q:        nan | won: False 
#   86 | steps:   887 | steps_t:     0 | t: 1.355078 | r:  -511.000000 | e:   1.000000 | Q:        nan | won: False 
#   87 | steps:   907 | steps_t:     0 | t: 1.365078 | r:  -508.000000 | e:   1.000000 | Q:        nan | won: False 
#   88 | steps:   916 | steps_t:     0 | t: 1.371078 | r:  -508.000000 | e:   1.000000 | Q:        nan | won: False 
#   89 | steps:   922 | steps_t:     0 | t: 1.374079 | r:  -505.000000 | e:   1.000000 | Q:        nan | won: False 
#   90 | steps:   931 | steps_t:     0 | t: 1.379079 | r:  -508.000000 | e:   1.000000 | Q:        nan | won: False 
#   91 | steps:   937 | steps_t:     0 | t: 1.382079 | r:  -505.000000 | e:   1.000000 | Q:        nan | won: False 
#   92 | steps:   950 | steps_t:     0 | t: 1.389080 | r:  -512.000000 | e:   1.000000 | Q:        nan | won: False 
#   93 | steps:   961 | steps_t:     0 | t: 1.395080 | r:  -510.000000 | e:   1.000000 | Q:        nan | won: False 
#   94 | steps:   975 | steps_t:     0 | t: 1.403080 | r:  -513.000000 | e:   1.000000 | Q:        nan | won: False 
#   95 | steps:   985 | steps_t:     0 | t: 1.409081 | r:  -509.000000 | e:   1.000000 | Q:        nan | won: False 
#   96 | steps:   996 | steps_t:     0 | t: 1.415081 | r:  -510.000000 | e:   1.000000 | Q:        nan | won: False 
#   97 | steps:  1004 | steps_t:     0 | t: 1.419081 | r:  -507.000000 | e:   1.000000 | Q:        nan | won: False 
#   98 | steps:  1026 | steps_t:     0 | t: 1.431082 | r:  -521.000000 | e:   1.000000 | Q:        nan | won: False 
#   99 | steps:  1039 | steps_t:     0 | t: 1.437082 | r:  -512.000000 | e:   1.000000 | Q:        nan | won: False 
#  100 | steps:  1048 | steps_t:     0 | t: 1.443083 | r:  -508.000000 | e:   1.000000 | Q:        nan | won: False 
#  101 | steps:  1056 | steps_t:     0 | t: 1.448083 | r:  -507.000000 | e:   1.000000 | Q:        nan | won: False 
#  102 | steps:  1068 | steps_t:     0 | t: 1.454083 | r:  -511.000000 | e:   1.000000 | Q:        nan | won: False 
#  103 | steps:  1076 | steps_t:     0 | t: 1.459084 | r:  -507.000000 | e:   1.000000 | Q:        nan | won: False 
#  104 | steps:  1087 | steps_t:     0 | t: 1.464084 | r:  -510.000000 | e:   1.000000 | Q:        nan | won: False 
#  105 | steps:  1108 | steps_t:     0 | t: 1.474084 | r:  -520.000000 | e:   1.000000 | Q:        nan | won: False 
#  106 | steps:  1117 | steps_t:     0 | t: 1.479084 | r:  -508.000000 | e:   1.000000 | Q:        nan | won: False 
#  107 | steps:  1124 | steps_t:     0 | t: 1.483085 | r:  -506.000000 | e:   1.000000 | Q:        nan | won: False 
#  108 | steps:  1132 | steps_t:     0 | t: 1.486085 | r:  -507.000000 | e:   1.000000 | Q:        nan | won: False 
#  109 | steps:  1138 | steps_t:     0 | t: 1.490085 | r:  -505.000000 | e:   1.000000 | Q:        nan | won: False 
#  110 | steps:  1151 | steps_t:     0 | t: 1.497086 | r:  -512.000000 | e:   1.000000 | Q:        nan | won: False 
#  111 | steps:  1164 | steps_t:     0 | t: 1.503086 | r:  -501.000000 | e:   1.000000 | Q:        nan | won: False 
#  112 | steps:  1174 | steps_t:     0 | t: 1.508086 | r:  -509.000000 | e:   1.000000 | Q:        nan | won: False 
#  113 | steps:  1181 | steps_t:     0 | t: 1.512087 | r:  -506.000000 | e:   1.000000 | Q:        nan | won: False 
#  114 | steps:  1199 | steps_t:     0 | t: 1.520087 | r:  -517.000000 | e:   1.000000 | Q:        nan | won: False 
#  115 | steps:  1206 | steps_t:     0 | t: 1.524087 | r:  -506.000000 | e:   1.000000 | Q:        nan | won: False 
#  116 | steps:  1214 | steps_t:     0 | t: 1.527087 | r:  -507.000000 | e:   1.000000 | Q:        nan | won: False 
#  117 | steps:  1237 | steps_t:     0 | t: 1.539088 | r:  -522.000000 | e:   1.000000 | Q:        nan | won: False 
#  118 | steps:  1246 | steps_t:     0 | t: 1.544088 | r:  -508.000000 | e:   1.000000 | Q:        nan | won: False 
#  119 | steps:  1254 | steps_t:     0 | t: 1.548089 | r:  -507.000000 | e:   1.000000 | Q:        nan | won: False 
#  120 | steps:  1270 | steps_t:     0 | t: 1.558089 | r:  -515.000000 | e:   1.000000 | Q:        nan | won: False 
#  121 | steps:  1279 | steps_t:     0 | t: 1.564089 | r:  -508.000000 | e:   1.000000 | Q:        nan | won: False 
#  122 | steps:  1290 | steps_t:     0 | t: 1.570090 | r:  -510.000000 | e:   1.000000 | Q:        nan | won: False 
#  123 | steps:  1303 | steps_t:     0 | t: 1.579090 | r:  -512.000000 | e:   1.000000 | Q:        nan | won: False 
#  124 | steps:  1309 | steps_t:     0 | t: 1.583091 | r:  -505.000000 | e:   1.000000 | Q:        nan | won: False 
#  125 | steps:  1320 | steps_t:     0 | t: 1.591091 | r:  -510.000000 | e:   1.000000 | Q:        nan | won: False 
#  126 | steps:  1326 | steps_t:     0 | t: 1.594091 | r:  -505.000000 | e:   1.000000 | Q:        nan | won: False 
#  127 | steps:  1337 | steps_t:     0 | t: 1.601092 | r:  -510.000000 | e:   1.000000 | Q:        nan | won: False 
#  128 | steps:  1350 | steps_t:     0 | t: 1.607092 | r:  -512.000000 | e:   1.000000 | Q:        nan | won: False 
#  129 | steps:  1361 | steps_t:     0 | t: 1.614092 | r:  -510.000000 | e:   1.000000 | Q:        nan | won: False 
#  130 | steps:  1371 | steps_t:     0 | t: 1.619092 | r:  -509.000000 | e:   1.000000 | Q:        nan | won: False 
#  131 | steps:  1382 | steps_t:     0 | t: 1.626093 | r:  -510.000000 | e:   1.000000 | Q:        nan | won: False 
#  132 | steps:  1394 | steps_t:     0 | t: 1.632093 | r:  -511.000000 | e:   1.000000 | Q:        nan | won: False 
#  133 | steps:  1401 | steps_t:     0 | t: 1.636093 | r:  -506.000000 | e:   1.000000 | Q:        nan | won: False 
#  134 | steps:  1410 | steps_t:     0 | t: 1.641094 | r:  -508.000000 | e:   1.000000 | Q:        nan | won: False 
#  135 | steps:  1432 | steps_t:     0 | t: 1.652095 | r:  -521.000000 | e:   1.000000 | Q:        nan | won: False 
#  136 | steps:  1450 | steps_t:     0 | t: 1.661095 | r:  -517.000000 | e:   1.000000 | Q:        nan | won: False 
#  137 | steps:  1457 | steps_t:     0 | t: 1.665095 | r:  -506.000000 | e:   1.000000 | Q:        nan | won: False 
#  138 | steps:  1466 | steps_t:     0 | t: 1.669096 | r:  -508.000000 | e:   1.000000 | Q:        nan | won: False 
#  139 | steps:  1476 | steps_t:     0 | t: 1.675096 | r:  -509.000000 | e:   1.000000 | Q:        nan | won: False 
#  140 | steps:  1495 | steps_t:     0 | t: 1.684096 | r:  -518.000000 | e:   1.000000 | Q:        nan | won: False 
#  141 | steps:  1504 | steps_t:     0 | t: 1.689096 | r:  -508.000000 | e:   1.000000 | Q:        nan | won: False 
#  142 | steps:  1517 | steps_t:     0 | t: 1.695097 | r:  -512.000000 | e:   1.000000 | Q:        nan | won: False 
#  143 | steps:  1526 | steps_t:     0 | t: 1.700097 | r:  -508.000000 | e:   1.000000 | Q:        nan | won: False 
#  144 | steps:  1542 | steps_t:     0 | t: 1.708097 | r:  -515.000000 | e:   1.000000 | Q:        nan | won: False 
#  145 | steps:  1562 | steps_t:     0 | t: 1.717098 | r:  -519.000000 | e:   1.000000 | Q:        nan | won: False 
#  146 | steps:  1574 | steps_t:     0 | t: 1.724099 | r:  -511.000000 | e:   1.000000 | Q:        nan | won: False 
#  147 | steps:  1580 | steps_t:     0 | t: 1.728099 | r:  -505.000000 | e:   1.000000 | Q:        nan | won: False 
#  148 | steps:  1591 | steps_t:     0 | t: 1.734099 | r:  -510.000000 | e:   1.000000 | Q:        nan | won: False 
#  149 | steps:  1599 | steps_t:     0 | t: 1.739100 | r:  -507.000000 | e:   1.000000 | Q:        nan | won: False 
#  150 | steps:  1606 | steps_t:     0 | t: 1.743100 | r:  -506.000000 | e:   1.000000 | Q:        nan | won: False 
#  151 | steps:  1616 | steps_t:     0 | t: 1.750100 | r:  -509.000000 | e:   1.000000 | Q:        nan | won: False 
#  152 | steps:  1628 | steps_t:     0 | t: 1.757101 | r:  -511.000000 | e:   1.000000 | Q:        nan | won: False 
#  153 | steps:  1638 | steps_t:     0 | t: 1.763101 | r:  -509.000000 | e:   1.000000 | Q:        nan | won: False 
#  154 | steps:  1664 | steps_t:     0 | t: 1.778102 | r:  -525.000000 | e:   1.000000 | Q:        nan | won: False 
#  155 | steps:  1683 | steps_t:     0 | t: 1.789102 | r:  -518.000000 | e:   1.000000 | Q:        nan | won: False 
#  156 | steps:  1689 | steps_t:     0 | t: 1.792102 | r:  -505.000000 | e:   1.000000 | Q:        nan | won: False 
#  157 | steps:  1709 | steps_t:     0 | t: 1.803103 | r:  -519.000000 | e:   1.000000 | Q:        nan | won: False 
#  158 | steps:  1716 | steps_t:     0 | t: 1.807103 | r:  -506.000000 | e:   1.000000 | Q:        nan | won: False 
#  159 | steps:  1726 | steps_t:     0 | t: 1.811104 | r:  -509.000000 | e:   1.000000 | Q:        nan | won: False 
#  160 | steps:  1736 | steps_t:     0 | t: 1.816104 | r:  -509.000000 | e:   1.000000 | Q:        nan | won: False 
#  161 | steps:  1746 | steps_t:     0 | t: 1.823104 | r:  -509.000000 | e:   1.000000 | Q:        nan | won: False 
#  162 | steps:  1757 | steps_t:     0 | t: 1.829105 | r:  -510.000000 | e:   1.000000 | Q:        nan | won: False 
#  163 | steps:  1767 | steps_t:     0 | t: 1.835105 | r:  -509.000000 | e:   1.000000 | Q:        nan | won: False 
#  164 | steps:  1778 | steps_t:     0 | t: 1.841105 | r:  -510.000000 | e:   1.000000 | Q:        nan | won: False 
#  165 | steps:  1790 | steps_t:     0 | t: 1.847106 | r:  -511.000000 | e:   1.000000 | Q:        nan | won: False 
#  166 | steps:  1802 | steps_t:     0 | t: 1.853106 | r:  -511.000000 | e:   1.000000 | Q:        nan | won: False 
#  167 | steps:  1808 | steps_t:     0 | t: 1.857106 | r:  -505.000000 | e:   1.000000 | Q:        nan | won: False 
#  168 | steps:  1832 | steps_t:     0 | t: 1.868107 | r:  -523.000000 | e:   1.000000 | Q:        nan | won: False 
#  169 | steps:  1844 | steps_t:     0 | t: 1.876107 | r:  -511.000000 | e:   1.000000 | Q:        nan | won: False 
#  170 | steps:  1850 | steps_t:     0 | t: 1.880108 | r:  -505.000000 | e:   1.000000 | Q:        nan | won: False 
#  171 | steps:  1858 | steps_t:     0 | t: 1.885108 | r:  -507.000000 | e:   1.000000 | Q:        nan | won: False 
#  172 | steps:  1867 | steps_t:     0 | t: 1.890108 | r:  -508.000000 | e:   1.000000 | Q:        nan | won: False 
#  173 | steps:  1876 | steps_t:     0 | t: 1.896109 | r:  -508.000000 | e:   1.000000 | Q:        nan | won: False 
#  174 | steps:  1890 | steps_t:     0 | t: 1.904109 | r:  -513.000000 | e:   1.000000 | Q:        nan | won: False 
#  175 | steps:  1904 | steps_t:     0 | t: 1.912109 | r:  -513.000000 | e:   1.000000 | Q:        nan | won: False 
#  176 | steps:  1921 | steps_t:     0 | t: 1.920110 | r:  -516.000000 | e:   1.000000 | Q:        nan | won: False 
#  177 | steps:  1934 | steps_t:     0 | t: 1.927110 | r:  -512.000000 | e:   1.000000 | Q:        nan | won: False 
#  178 | steps:  1940 | steps_t:     0 | t: 1.930110 | r:  -505.000000 | e:   1.000000 | Q:        nan | won: False 
#  179 | steps:  1955 | steps_t:     0 | t: 1.938111 | r:  -492.000000 | e:   1.000000 | Q:        nan | won: False 
#  180 | steps:  1967 | steps_t:     0 | t: 1.944111 | r:  -511.000000 | e:   1.000000 | Q:        nan | won: False 
#  181 | steps:  1974 | steps_t:     0 | t: 1.949112 | r:  -506.000000 | e:   1.000000 | Q:        nan | won: False 
#  182 | steps:  1981 | steps_t:     0 | t: 1.952112 | r:  -506.000000 | e:   1.000000 | Q:        nan | won: False 
#  183 | steps:  1989 | steps_t:     0 | t: 1.957112 | r:  -507.000000 | e:   1.000000 | Q:        nan | won: False 
#  184 | steps:  1996 | steps_t:     0 | t: 1.962112 | r:  -506.000000 | e:   1.000000 | Q:        nan | won: False 
#  185 | steps:  2003 | steps_t:     0 | t: 1.966113 | r:  -506.000000 | e:   1.000000 | Q:        nan | won: False 
#  186 | steps:  2012 | steps_t:     0 | t: 1.970113 | r:  -508.000000 | e:   1.000000 | Q:        nan | won: False 
#  187 | steps:  2021 | steps_t:     0 | t: 1.976113 | r:  -508.000000 | e:   1.000000 | Q:        nan | won: False 
#  188 | steps:  2041 | steps_t:     0 | t: 1.988114 | r:  -519.000000 | e:   1.000000 | Q:        nan | won: False 
#  189 | steps:  2049 | steps_t:     0 | t: 1.992114 | r:  -507.000000 | e:   1.000000 | Q:        nan | won: False 
#  190 | steps:  2056 | steps_t:     0 | t: 1.996114 | r:  -506.000000 | e:   1.000000 | Q:        nan | won: False 
#  191 | steps:  2064 | steps_t:     0 | t: 2.000114 | r:  -507.000000 | e:   1.000000 | Q:        nan | won: False 
#  192 | steps:  2071 | steps_t:     0 | t: 2.004114 | r:  -506.000000 | e:   1.000000 | Q:        nan | won: False 
#  193 | steps:  2088 | steps_t:     0 | t: 2.014115 | r:  -516.000000 | e:   1.000000 | Q:        nan | won: False 
#  194 | steps:  2101 | steps_t:     0 | t: 2.022116 | r:  -501.000000 | e:   1.000000 | Q:        nan | won: False 
#  195 | steps:  2109 | steps_t:     0 | t: 2.026116 | r:  -507.000000 | e:   1.000000 | Q:        nan | won: False 
#  196 | steps:  2118 | steps_t:     0 | t: 2.031116 | r:  -508.000000 | e:   1.000000 | Q:        nan | won: False 
#  197 | steps:  2135 | steps_t:     0 | t: 2.040117 | r:  -516.000000 | e:   1.000000 | Q:        nan | won: False 
#  198 | steps:  2146 | steps_t:     0 | t: 2.046117 | r:  -510.000000 | e:   1.000000 | Q:        nan | won: False 
#  199 | steps:  2170 | steps_t:     0 | t: 2.058118 | r:  -523.000000 | e:   1.000000 | Q:        nan | won: False 
#  200 | steps:  2177 | steps_t:     0 | t: 2.062118 | r:  -506.000000 | e:   1.000000 | Q:        nan | won: False 
#  201 | steps:  2184 | steps_t:     0 | t: 2.066118 | r:  -506.000000 | e:   1.000000 | Q:        nan | won: False 
#  202 | steps:  2198 | steps_t:     0 | t: 2.074119 | r:  -502.000000 | e:   1.000000 | Q:        nan | won: False 
#  203 | steps:  2208 | steps_t:     0 | t: 2.080119 | r:  -509.000000 | e:   1.000000 | Q:        nan | won: False 
#  204 | steps:  2222 | steps_t:     0 | t: 2.087119 | r:  -513.000000 | e:   1.000000 | Q:        nan | won: False 
#  205 | steps:  2234 | steps_t:     0 | t: 2.093120 | r:  -511.000000 | e:   1.000000 | Q:        nan | won: False 
#  206 | steps:  2241 | steps_t:     0 | t: 2.097120 | r:  -506.000000 | e:   1.000000 | Q:        nan | won: False 
#  207 | steps:  2251 | steps_t:     0 | t: 2.102120 | r:  -509.000000 | e:   1.000000 | Q:        nan | won: False 
#  208 | steps:  2258 | steps_t:     0 | t: 2.105120 | r:  -506.000000 | e:   1.000000 | Q:        nan | won: False 
#  209 | steps:  2269 | steps_t:     0 | t: 2.111121 | r:  -510.000000 | e:   1.000000 | Q:        nan | won: False 
#  210 | steps:  2280 | steps_t:     0 | t: 2.117121 | r:  -510.000000 | e:   1.000000 | Q:        nan | won: False 
#  211 | steps:  2291 | steps_t:     0 | t: 2.122122 | r:  -510.000000 | e:   1.000000 | Q:        nan | won: False 
#  212 | steps:  2309 | steps_t:     0 | t: 2.131122 | r:  -506.000000 | e:   1.000000 | Q:        nan | won: False 
#  213 | steps:  2325 | steps_t:     0 | t: 2.139122 | r:  -515.000000 | e:   1.000000 | Q:        nan | won: False 
#  214 | steps:  2335 | steps_t:     0 | t: 2.144123 | r:  -509.000000 | e:   1.000000 | Q:        nan | won: False 
#  215 | steps:  2354 | steps_t:     0 | t: 2.154123 | r:  -507.000000 | e:   1.000000 | Q:        nan | won: False 
#  216 | steps:  2366 | steps_t:     0 | t: 2.161124 | r:  -511.000000 | e:   1.000000 | Q:        nan | won: False 
#  217 | steps:  2372 | steps_t:     0 | t: 2.164124 | r:  -505.000000 | e:   1.000000 | Q:        nan | won: False 
#  218 | steps:  2381 | steps_t:     0 | t: 2.170124 | r:  -508.000000 | e:   1.000000 | Q:        nan | won: False 
#  219 | steps:  2394 | steps_t:     0 | t: 2.178125 | r:  -512.000000 | e:   1.000000 | Q:        nan | won: False 
#  220 | steps:  2403 | steps_t:     0 | t: 2.183125 | r:  -508.000000 | e:   1.000000 | Q:        nan | won: False 
#  221 | steps:  2419 | steps_t:     0 | t: 2.193125 | r:  -515.000000 | e:   1.000000 | Q:        nan | won: False 
#  222 | steps:  2433 | steps_t:     0 | t: 2.203126 | r:  -513.000000 | e:   1.000000 | Q:        nan | won: False 
#  223 | steps:  2442 | steps_t:     0 | t: 2.217127 | r:  -508.000000 | e:   1.000000 | Q:        nan | won: False 
#  224 | steps:  2451 | steps_t:     0 | t: 2.224127 | r:  -508.000000 | e:   1.000000 | Q:        nan | won: False 
#  225 | steps:  2458 | steps_t:     0 | t: 2.229127 | r:  -506.000000 | e:   1.000000 | Q:        nan | won: False 
#  226 | steps:  2469 | steps_t:     0 | t: 2.238128 | r:  -510.000000 | e:   1.000000 | Q:        nan | won: False 
#  227 | steps:  2476 | steps_t:     0 | t: 2.242128 | r:  -506.000000 | e:   1.000000 | Q:        nan | won: False 
#  228 | steps:  2506 | steps_t:     0 | t: 2.260129 | r:  -518.000000 | e:   1.000000 | Q:        nan | won: False 
#  229 | steps:  2513 | steps_t:     0 | t: 2.266130 | r:  -506.000000 | e:   1.000000 | Q:        nan | won: False 
#  230 | steps:  2520 | steps_t:     0 | t: 2.271130 | r:  -506.000000 | e:   1.000000 | Q:        nan | won: False 
#  231 | steps:  2526 | steps_t:     0 | t: 2.275130 | r:  -505.000000 | e:   1.000000 | Q:        nan | won: False 
#  232 | steps:  2536 | steps_t:     0 | t: 2.282130 | r:  -509.000000 | e:   1.000000 | Q:        nan | won: False 
#  233 | steps:  2545 | steps_t:     0 | t: 2.288131 | r:  -508.000000 | e:   1.000000 | Q:        nan | won: False 
#  234 | steps:  2554 | steps_t:     0 | t: 2.293131 | r:  -508.000000 | e:   1.000000 | Q:        nan | won: False 
#  235 | steps:  2564 | steps_t:     0 | t: 2.300132 | r:  -509.000000 | e:   1.000000 | Q:        nan | won: False 
#  236 | steps:  2577 | steps_t:     0 | t: 2.307132 | r:  -512.000000 | e:   1.000000 | Q:        nan | won: False 
#  237 | steps:  2586 | steps_t:     0 | t: 2.313132 | r:  -508.000000 | e:   1.000000 | Q:        nan | won: False 
#  238 | steps:  2594 | steps_t:     0 | t: 2.320133 | r:  -507.000000 | e:   1.000000 | Q:        nan | won: False 
#  239 | steps:  2609 | steps_t:     0 | t: 2.332134 | r:  -514.000000 | e:   1.000000 | Q:        nan | won: False 
#  240 | steps:  2619 | steps_t:     0 | t: 2.339134 | r:  -509.000000 | e:   1.000000 | Q:        nan | won: False 
#  241 | steps:  2632 | steps_t:     0 | t: 2.347134 | r:  -512.000000 | e:   1.000000 | Q:        nan | won: False 
#  242 | steps:  2646 | steps_t:     0 | t: 2.358135 | r:  -513.000000 | e:   1.000000 | Q:        nan | won: False 
#  243 | steps:  2661 | steps_t:     0 | t: 2.370136 | r:  -514.000000 | e:   1.000000 | Q:        nan | won: False 
#  244 | steps:  2672 | steps_t:     0 | t: 2.380136 | r:  -510.000000 | e:   1.000000 | Q:        nan | won: False 
#  245 | steps:  2694 | steps_t:     0 | t: 2.394137 | r:  -521.000000 | e:   1.000000 | Q:        nan | won: False 
#  246 | steps:  2702 | steps_t:     0 | t: 2.400137 | r:  -507.000000 | e:   1.000000 | Q:        nan | won: False 
#  247 | steps:  2712 | steps_t:     0 | t: 2.405138 | r:  -509.000000 | e:   1.000000 | Q:        nan | won: False 
#  248 | steps:  2722 | steps_t:     0 | t: 2.411138 | r:  -509.000000 | e:   1.000000 | Q:        nan | won: False 
#  249 | steps:  2741 | steps_t:     0 | t: 2.420138 | r:  -518.000000 | e:   1.000000 | Q:        nan | won: False 
#  250 | steps:  2762 | steps_t:     0 | t: 2.432139 | r:  -520.000000 | e:   1.000000 | Q:        nan | won: False 
#  251 | steps:  2780 | steps_t:     0 | t: 2.443140 | r:  -517.000000 | e:   1.000000 | Q:        nan | won: False 
#  252 | steps:  2789 | steps_t:     0 | t: 2.448140 | r:  -508.000000 | e:   1.000000 | Q:        nan | won: False 
#  253 | steps:  2807 | steps_t:     0 | t: 2.458141 | r:  -517.000000 | e:   1.000000 | Q:        nan | won: False 
#  254 | steps:  2815 | steps_t:     0 | t: 2.462141 | r:  -507.000000 | e:   1.000000 | Q:        nan | won: False 
#  255 | steps:  2822 | steps_t:     0 | t: 2.465141 | r:  -506.000000 | e:   1.000000 | Q:        nan | won: False 
#  256 | steps:  2841 | steps_t:     0 | t: 2.476142 | r:  -507.000000 | e:   1.000000 | Q:        nan | won: False 
#  257 | steps:  2852 | steps_t:     0 | t: 2.482142 | r:  -510.000000 | e:   1.000000 | Q:        nan | won: False 
#  258 | steps:  2870 | steps_t:     0 | t: 2.492143 | r:  -506.000000 | e:   1.000000 | Q:        nan | won: False 
#  259 | steps:  2886 | steps_t:     0 | t: 2.500143 | r:  -515.000000 | e:   1.000000 | Q:        nan | won: False 
#  260 | steps:  2895 | steps_t:     0 | t: 2.504143 | r:  -508.000000 | e:   1.000000 | Q:        nan | won: False 
#  261 | steps:  2908 | steps_t:     0 | t: 2.510144 | r:  -501.000000 | e:   1.000000 | Q:        nan | won: False 
#  262 | steps:  2919 | steps_t:     0 | t: 2.516144 | r:  -510.000000 | e:   1.000000 | Q:        nan | won: False 
#  263 | steps:  2943 | steps_t:     0 | t: 2.527144 | r:  -523.000000 | e:   1.000000 | Q:        nan | won: False 
#  264 | steps:  2951 | steps_t:     0 | t: 2.531145 | r:  -507.000000 | e:   1.000000 | Q:        nan | won: False 
#  265 | steps:  2959 | steps_t:     0 | t: 2.535145 | r:  -507.000000 | e:   1.000000 | Q:        nan | won: False 
#  266 | steps:  2970 | steps_t:     0 | t: 2.540145 | r:  -510.000000 | e:   1.000000 | Q:        nan | won: False 
#  267 | steps:  2989 | steps_t:     0 | t: 2.552146 | r:  -518.000000 | e:   1.000000 | Q:        nan | won: False 
#  268 | steps:  2998 | steps_t:     0 | t: 2.556146 | r:  -508.000000 | e:   1.000000 | Q:        nan | won: False 
#  269 | steps:  3008 | steps_t:     0 | t: 2.562147 | r:  -509.000000 | e:   1.000000 | Q:        nan | won: False 
#  270 | steps:  3018 | steps_t:     0 | t: 2.566147 | r:  -509.000000 | e:   1.000000 | Q:        nan | won: False 
#  271 | steps:  3025 | steps_t:     0 | t: 2.570147 | r:  -506.000000 | e:   1.000000 | Q:        nan | won: False 
#  272 | steps:  3030 | steps_t:     0 | t: 2.573147 | r:  -504.000000 | e:   1.000000 | Q:        nan | won: False 
#  273 | steps:  3053 | steps_t:     0 | t: 2.587148 | r:  -522.000000 | e:   1.000000 | Q:        nan | won: False 
#  274 | steps:  3068 | steps_t:     0 | t: 2.594148 | r:  -514.000000 | e:   1.000000 | Q:        nan | won: False 
#  275 | steps:  3076 | steps_t:     0 | t: 2.598149 | r:  -507.000000 | e:   1.000000 | Q:        nan | won: False 
#  276 | steps:  3084 | steps_t:     0 | t: 2.603149 | r:  -507.000000 | e:   1.000000 | Q:        nan | won: False 
#  277 | steps:  3096 | steps_t:     0 | t: 2.610149 | r:  -511.000000 | e:   1.000000 | Q:        nan | won: False 
#  278 | steps:  3104 | steps_t:     0 | t: 2.614149 | r:  -507.000000 | e:   1.000000 | Q:        nan | won: False 
#  279 | steps:  3113 | steps_t:     0 | t: 2.619150 | r:  -508.000000 | e:   1.000000 | Q:        nan | won: False 
#  280 | steps:  3121 | steps_t:     0 | t: 2.623150 | r:  -507.000000 | e:   1.000000 | Q:        nan | won: False 
#  281 | steps:  3129 | steps_t:     0 | t: 2.628150 | r:  -507.000000 | e:   1.000000 | Q:        nan | won: False 
#  282 | steps:  3140 | steps_t:     0 | t: 2.634151 | r:  -510.000000 | e:   1.000000 | Q:        nan | won: False 
#  283 | steps:  3156 | steps_t:     0 | t: 2.643151 | r:  -515.000000 | e:   1.000000 | Q:        nan | won: False 
#  284 | steps:  3165 | steps_t:     0 | t: 2.648152 | r:  -508.000000 | e:   1.000000 | Q:        nan | won: False 
#  285 | steps:  3172 | steps_t:     0 | t: 2.652152 | r:  -506.000000 | e:   1.000000 | Q:        nan | won: False 
#  286 | steps:  3180 | steps_t:     0 | t: 2.657152 | r:  -507.000000 | e:   1.000000 | Q:        nan | won: False 
#  287 | steps:  3189 | steps_t:     0 | t: 2.662152 | r:  -508.000000 | e:   1.000000 | Q:        nan | won: False 
#  288 | steps:  3195 | steps_t:     0 | t: 2.665152 | r:  -505.000000 | e:   1.000000 | Q:        nan | won: False 
#  289 | steps:  3201 | steps_t:     0 | t: 2.668153 | r:  -505.000000 | e:   1.000000 | Q:        nan | won: False 
#  290 | steps:  3218 | steps_t:     0 | t: 2.677153 | r:  -516.000000 | e:   1.000000 | Q:        nan | won: False 
#  291 | steps:  3236 | steps_t:     0 | t: 2.687154 | r:  -517.000000 | e:   1.000000 | Q:        nan | won: False 
#  292 | steps:  3258 | steps_t:     0 | t: 2.697154 | r:  -521.000000 | e:   1.000000 | Q:        nan | won: False 
#  293 | steps:  3280 | steps_t:     0 | t: 2.709155 | r:  -521.000000 | e:   1.000000 | Q:        nan | won: False 
#  294 | steps:  3290 | steps_t:     0 | t: 2.713155 | r:  -509.000000 | e:   1.000000 | Q:        nan | won: False 
#  295 | steps:  3296 | steps_t:     0 | t: 2.717155 | r:  -505.000000 | e:   1.000000 | Q:        nan | won: False 
#  296 | steps:  3304 | steps_t:     0 | t: 2.721156 | r:  -507.000000 | e:   1.000000 | Q:        nan | won: False 
#  297 | steps:  3310 | steps_t:     0 | t: 2.723156 | r:  -505.000000 | e:   1.000000 | Q:        nan | won: False 
#  298 | steps:  3326 | steps_t:     0 | t: 2.731156 | r:  -515.000000 | e:   1.000000 | Q:        nan | won: False 
#  299 | steps:  3349 | steps_t:     0 | t: 2.743157 | r:  -522.000000 | e:   1.000000 | Q:        nan | won: False 
#  300 | steps:  3355 | steps_t:     0 | t: 2.746157 | r:  -505.000000 | e:   1.000000 | Q:        nan | won: False 
#  301 | steps:  3364 | steps_t:     0 | t: 2.750157 | r:  -508.000000 | e:   1.000000 | Q:        nan | won: False 
#  302 | steps:  3374 | steps_t:     0 | t: 2.755157 | r:  -509.000000 | e:   1.000000 | Q:        nan | won: False 
#  303 | steps:  3383 | steps_t:     0 | t: 2.760158 | r:  -508.000000 | e:   1.000000 | Q:        nan | won: False 
#  304 | steps:  3396 | steps_t:     0 | t: 2.766158 | r:  -512.000000 | e:   1.000000 | Q:        nan | won: False 
#  305 | steps:  3402 | steps_t:     0 | t: 2.771158 | r:  -505.000000 | e:   1.000000 | Q:        nan | won: False 
#  306 | steps:  3411 | steps_t:     0 | t: 2.776159 | r:  -508.000000 | e:   1.000000 | Q:        nan | won: False 
#  307 | steps:  3420 | steps_t:     0 | t: 2.782159 | r:  -508.000000 | e:   1.000000 | Q:        nan | won: False 
#  308 | steps:  3436 | steps_t:     0 | t: 2.789160 | r:  -515.000000 | e:   1.000000 | Q:        nan | won: False 
#  309 | steps:  3442 | steps_t:     0 | t: 2.792160 | r:  -505.000000 | e:   1.000000 | Q:        nan | won: False 
#  310 | steps:  3448 | steps_t:     0 | t: 2.797160 | r:  -505.000000 | e:   1.000000 | Q:        nan | won: False 
#  311 | steps:  3457 | steps_t:     0 | t: 2.802160 | r:  -508.000000 | e:   1.000000 | Q:        nan | won: False 
#  312 | steps:  3480 | steps_t:     0 | t: 2.814161 | r:  -522.000000 | e:   1.000000 | Q:        nan | won: False 
#  313 | steps:  3494 | steps_t:     0 | t: 2.822161 | r:  -513.000000 | e:   1.000000 | Q:        nan | won: False 
#  314 | steps:  3512 | steps_t:     0 | t: 2.832162 | r:  -517.000000 | e:   1.000000 | Q:        nan | won: False 
#  315 | steps:  3521 | steps_t:     0 | t: 2.837162 | r:  -508.000000 | e:   1.000000 | Q:        nan | won: False 
#  316 | steps:  3544 | steps_t:     0 | t: 2.849163 | r:  -522.000000 | e:   1.000000 | Q:        nan | won: False 
#  317 | steps:  3549 | steps_t:     0 | t: 2.852163 | r:  -504.000000 | e:   1.000000 | Q:        nan | won: False 
#  318 | steps:  3557 | steps_t:     0 | t: 2.857163 | r:  -507.000000 | e:   1.000000 | Q:        nan | won: False 
#  319 | steps:  3569 | steps_t:     0 | t: 2.864164 | r:  -511.000000 | e:   1.000000 | Q:        nan | won: False 
#  320 | steps:  3578 | steps_t:     0 | t: 2.869164 | r:  -508.000000 | e:   1.000000 | Q:        nan | won: False 
#  321 | steps:  3600 | steps_t:     0 | t: 2.883165 | r:  -521.000000 | e:   1.000000 | Q:        nan | won: False 
#  322 | steps:  3610 | steps_t:     0 | t: 2.887165 | r:  -509.000000 | e:   1.000000 | Q:        nan | won: False 
#  323 | steps:  3629 | steps_t:     0 | t: 2.898166 | r:  -507.000000 | e:   1.000000 | Q:        nan | won: False 
#  324 | steps:  3644 | steps_t:     0 | t: 2.905166 | r:  -514.000000 | e:   1.000000 | Q:        nan | won: False 
#  325 | steps:  3650 | steps_t:     0 | t: 2.908166 | r:  -505.000000 | e:   1.000000 | Q:        nan | won: False 
#  326 | steps:  3657 | steps_t:     0 | t: 2.912167 | r:  -506.000000 | e:   1.000000 | Q:        nan | won: False 
#  327 | steps:  3664 | steps_t:     0 | t: 2.915167 | r:  -506.000000 | e:   1.000000 | Q:        nan | won: False 
#  328 | steps:  3672 | steps_t:     0 | t: 2.919167 | r:  -507.000000 | e:   1.000000 | Q:        nan | won: False 
#  329 | steps:  3694 | steps_t:     0 | t: 2.930168 | r:  -521.000000 | e:   1.000000 | Q:        nan | won: False 
#  330 | steps:  3702 | steps_t:     0 | t: 2.934168 | r:  -507.000000 | e:   1.000000 | Q:        nan | won: False 
#  331 | steps:  3713 | steps_t:     0 | t: 2.940168 | r:  -510.000000 | e:   1.000000 | Q:        nan | won: False 
#  332 | steps:  3731 | steps_t:     0 | t: 2.950169 | r:  -517.000000 | e:   1.000000 | Q:        nan | won: False 
#  333 | steps:  3738 | steps_t:     0 | t: 2.953169 | r:  -506.000000 | e:   1.000000 | Q:        nan | won: False 
#  334 | steps:  3744 | steps_t:     0 | t: 2.956169 | r:  -505.000000 | e:   1.000000 | Q:        nan | won: False 
#  335 | steps:  3767 | steps_t:     0 | t: 2.968170 | r:  -522.000000 | e:   1.000000 | Q:        nan | won: False 
#  336 | steps:  3772 | steps_t:     0 | t: 2.970170 | r:  -504.000000 | e:   1.000000 | Q:        nan | won: False 
#  337 | steps:  3781 | steps_t:     0 | t: 2.976170 | r:  -508.000000 | e:   1.000000 | Q:        nan | won: False 
#  338 | steps:  3789 | steps_t:     0 | t: 2.981170 | r:  -507.000000 | e:   1.000000 | Q:        nan | won: False 
#  339 | steps:  3809 | steps_t:     0 | t: 2.992171 | r:  -519.000000 | e:   1.000000 | Q:        nan | won: False 
#  340 | steps:  3819 | steps_t:     0 | t: 2.996171 | r:  -509.000000 | e:   1.000000 | Q:        nan | won: False 
#  341 | steps:  3826 | steps_t:     0 | t: 3.001172 | r:  -506.000000 | e:   1.000000 | Q:        nan | won: False 
#  342 | steps:  3843 | steps_t:     0 | t: 3.012172 | r:  -516.000000 | e:   1.000000 | Q:        nan | won: False 
#  343 | steps:  3851 | steps_t:     0 | t: 3.017173 | r:  -507.000000 | e:   1.000000 | Q:        nan | won: False 
#  344 | steps:  3858 | steps_t:     0 | t: 3.021173 | r:  -506.000000 | e:   1.000000 | Q:        nan | won: False 
#  345 | steps:  3868 | steps_t:     0 | t: 3.027173 | r:  -509.000000 | e:   1.000000 | Q:        nan | won: False 
#  346 | steps:  3880 | steps_t:     0 | t: 3.033174 | r:  -511.000000 | e:   1.000000 | Q:        nan | won: False 
#  347 | steps:  3902 | steps_t:     0 | t: 3.045174 | r:  -521.000000 | e:   1.000000 | Q:        nan | won: False 
#  348 | steps:  3911 | steps_t:     0 | t: 3.052175 | r:  -508.000000 | e:   1.000000 | Q:        nan | won: False 
#  349 | steps:  3918 | steps_t:     0 | t: 3.056175 | r:  -506.000000 | e:   1.000000 | Q:        nan | won: False 
#  350 | steps:  3927 | steps_t:     0 | t: 3.060175 | r:  -508.000000 | e:   1.000000 | Q:        nan | won: False 
#  351 | steps:  3951 | steps_t:     0 | t: 3.073176 | r:  -523.000000 | e:   1.000000 | Q:        nan | won: False 
#  352 | steps:  3957 | steps_t:     0 | t: 3.077176 | r:  -505.000000 | e:   1.000000 | Q:        nan | won: False 
#  353 | steps:  3963 | steps_t:     0 | t: 3.081176 | r:  -505.000000 | e:   1.000000 | Q:        nan | won: False 
#  354 | steps:  3979 | steps_t:     0 | t: 3.089177 | r:  -515.000000 | e:   1.000000 | Q:        nan | won: False 
#  355 | steps:  3998 | steps_t:     0 | t: 3.100177 | r:  -507.000000 | e:   1.000000 | Q:        nan | won: False 
#  356 | steps:  4009 | steps_t:     0 | t: 3.105178 | r:  -510.000000 | e:   1.000000 | Q:        nan | won: False 
#  357 | steps:  4016 | steps_t:     0 | t: 3.110178 | r:  -506.000000 | e:   1.000000 | Q:        nan | won: False 
#  358 | steps:  4024 | steps_t:     0 | t: 3.114178 | r:  -507.000000 | e:   1.000000 | Q:        nan | won: False 
#  359 | steps:  4035 | steps_t:     0 | t: 3.119178 | r:  -510.000000 | e:   1.000000 | Q:        nan | won: False 
#  360 | steps:  4043 | steps_t:     0 | t: 3.123178 | r:  -507.000000 | e:   1.000000 | Q:        nan | won: False 
#  361 | steps:  4058 | steps_t:     0 | t: 3.131179 | r:  -492.000000 | e:   1.000000 | Q:        nan | won: False 
#  362 | steps:  4079 | steps_t:     0 | t: 3.140179 | r:  -520.000000 | e:   1.000000 | Q:        nan | won: False 
#  363 | steps:  4087 | steps_t:     0 | t: 3.144180 | r:  -507.000000 | e:   1.000000 | Q:        nan | won: False 
#  364 | steps:  4095 | steps_t:     0 | t: 3.149180 | r:  -507.000000 | e:   1.000000 | Q:        nan | won: False 
#  365 | steps:  4104 | steps_t:     0 | t: 3.153180 | r:  -508.000000 | e:   1.000000 | Q:        nan | won: False 
#  366 | steps:  4113 | steps_t:     0 | t: 3.158181 | r:  -508.000000 | e:   1.000000 | Q:        nan | won: False 
#  367 | steps:  4120 | steps_t:     0 | t: 3.161181 | r:  -506.000000 | e:   1.000000 | Q:        nan | won: False 
#  368 | steps:  4141 | steps_t:     0 | t: 3.171181 | r:  -520.000000 | e:   1.000000 | Q:        nan | won: False 
#  369 | steps:  4149 | steps_t:     0 | t: 3.176182 | r:  -507.000000 | e:   1.000000 | Q:        nan | won: False 
#  370 | steps:  4162 | steps_t:     0 | t: 3.182182 | r:  -512.000000 | e:   1.000000 | Q:        nan | won: False 
#  371 | steps:  4183 | steps_t:     0 | t: 3.193183 | r:  -509.000000 | e:   1.000000 | Q:        nan | won: False 
#  372 | steps:  4191 | steps_t:     0 | t: 3.197183 | r:  -507.000000 | e:   1.000000 | Q:        nan | won: False 
#  373 | steps:  4202 | steps_t:     0 | t: 3.203183 | r:  -510.000000 | e:   1.000000 | Q:        nan | won: False 
#  374 | steps:  4210 | steps_t:     0 | t: 3.207183 | r:  -507.000000 | e:   1.000000 | Q:        nan | won: False 
#  375 | steps:  4218 | steps_t:     0 | t: 3.212183 | r:  -507.000000 | e:   1.000000 | Q:        nan | won: False 
#  376 | steps:  4225 | steps_t:     0 | t: 3.215184 | r:  -506.000000 | e:   1.000000 | Q:        nan | won: False 
#  377 | steps:  4236 | steps_t:     0 | t: 3.222184 | r:  -510.000000 | e:   1.000000 | Q:        nan | won: False 
#  378 | steps:  4246 | steps_t:     0 | t: 3.227185 | r:  -509.000000 | e:   1.000000 | Q:        nan | won: False 
#  379 | steps:  4253 | steps_t:     0 | t: 3.231185 | r:  -506.000000 | e:   1.000000 | Q:        nan | won: False 
#  380 | steps:  4260 | steps_t:     0 | t: 3.235185 | r:  -506.000000 | e:   1.000000 | Q:        nan | won: False 
#  381 | steps:  4267 | steps_t:     0 | t: 3.239185 | r:  -506.000000 | e:   1.000000 | Q:        nan | won: False 
#  382 | steps:  4275 | steps_t:     0 | t: 3.243186 | r:  -507.000000 | e:   1.000000 | Q:        nan | won: False 
#  383 | steps:  4283 | steps_t:     0 | t: 3.248186 | r:  -507.000000 | e:   1.000000 | Q:        nan | won: False 
#  384 | steps:  4295 | steps_t:     0 | t: 3.255186 | r:  -511.000000 | e:   1.000000 | Q:        nan | won: False 
#  385 | steps:  4316 | steps_t:     0 | t: 3.266187 | r:  -520.000000 | e:   1.000000 | Q:        nan | won: False 
#  386 | steps:  4324 | steps_t:     0 | t: 3.271187 | r:  -507.000000 | e:   1.000000 | Q:        nan | won: False 
#  387 | steps:  4331 | steps_t:     0 | t: 3.275187 | r:  -506.000000 | e:   1.000000 | Q:        nan | won: False 
#  388 | steps:  4338 | steps_t:     0 | t: 3.278188 | r:  -506.000000 | e:   1.000000 | Q:        nan | won: False 
#  389 | steps:  4347 | steps_t:     0 | t: 3.284188 | r:  -508.000000 | e:   1.000000 | Q:        nan | won: False 
#  390 | steps:  4354 | steps_t:     0 | t: 3.287188 | r:  -506.000000 | e:   1.000000 | Q:        nan | won: False 
#  391 | steps:  4363 | steps_t:     0 | t: 3.293188 | r:  -508.000000 | e:   1.000000 | Q:        nan | won: False 
#  392 | steps:  4370 | steps_t:     0 | t: 3.296188 | r:  -506.000000 | e:   1.000000 | Q:        nan | won: False 
#  393 | steps:  4383 | steps_t:     0 | t: 3.303189 | r:  -512.000000 | e:   1.000000 | Q:        nan | won: False 
#  394 | steps:  4392 | steps_t:     0 | t: 3.308189 | r:  -508.000000 | e:   1.000000 | Q:        nan | won: False 
#  395 | steps:  4408 | steps_t:     0 | t: 3.317190 | r:  -515.000000 | e:   1.000000 | Q:        nan | won: False 
#  396 | steps:  4425 | steps_t:     0 | t: 3.325190 | r:  -516.000000 | e:   1.000000 | Q:        nan | won: False 
#  397 | steps:  4433 | steps_t:     0 | t: 3.329190 | r:  -507.000000 | e:   1.000000 | Q:        nan | won: False 
#  398 | steps:  4442 | steps_t:     0 | t: 3.334191 | r:  -508.000000 | e:   1.000000 | Q:        nan | won: False 
#  399 | steps:  4463 | steps_t:     0 | t: 3.344191 | r:  -520.000000 | e:   1.000000 | Q:        nan | won: False 
#  400 | steps:  4473 | steps_t:     0 | t: 3.349191 | r:  -509.000000 | e:   1.000000 | Q:        nan | won: False 
#  401 | steps:  4486 | steps_t:     0 | t: 3.355192 | r:  -512.000000 | e:   1.000000 | Q:        nan | won: False 
#  402 | steps:  4496 | steps_t:     0 | t: 3.361192 | r:  -509.000000 | e:   1.000000 | Q:        nan | won: False 
#  403 | steps:  4506 | steps_t:     0 | t: 3.365192 | r:  -509.000000 | e:   1.000000 | Q:        nan | won: False 
#  404 | steps:  4514 | steps_t:     0 | t: 3.369193 | r:  -507.000000 | e:   1.000000 | Q:        nan | won: False 
#  405 | steps:  4530 | steps_t:     0 | t: 3.377193 | r:  -515.000000 | e:   1.000000 | Q:        nan | won: False 
#  406 | steps:  4540 | steps_t:     0 | t: 3.383193 | r:  -509.000000 | e:   1.000000 | Q:        nan | won: False 
#  407 | steps:  4562 | steps_t:     0 | t: 3.394194 | r:  -521.000000 | e:   1.000000 | Q:        nan | won: False 
#  408 | steps:  4575 | steps_t:     0 | t: 3.400195 | r:  -512.000000 | e:   1.000000 | Q:        nan | won: False 
#  409 | steps:  4594 | steps_t:     0 | t: 3.411195 | r:  -507.000000 | e:   1.000000 | Q:        nan | won: False 
#  410 | steps:  4604 | steps_t:     0 | t: 3.416195 | r:  -509.000000 | e:   1.000000 | Q:        nan | won: False 
#  411 | steps:  4615 | steps_t:     0 | t: 3.422196 | r:  -510.000000 | e:   1.000000 | Q:        nan | won: False 
#  412 | steps:  4624 | steps_t:     0 | t: 3.427196 | r:  -508.000000 | e:   1.000000 | Q:        nan | won: False 
#  413 | steps:  4641 | steps_t:     0 | t: 3.437196 | r:  -516.000000 | e:   1.000000 | Q:        nan | won: False 
#  414 | steps:  4652 | steps_t:     0 | t: 3.443197 | r:  -510.000000 | e:   1.000000 | Q:        nan | won: False 
#  415 | steps:  4659 | steps_t:     0 | t: 3.448197 | r:  -506.000000 | e:   1.000000 | Q:        nan | won: False 
#  416 | steps:  4673 | steps_t:     0 | t: 3.457198 | r:  -513.000000 | e:   1.000000 | Q:        nan | won: False 
#  417 | steps:  4687 | steps_t:     0 | t: 3.465198 | r:  -513.000000 | e:   1.000000 | Q:        nan | won: False 
#  418 | steps:  4699 | steps_t:     0 | t: 3.472199 | r:  -511.000000 | e:   1.000000 | Q:        nan | won: False 
#  419 | steps:  4708 | steps_t:     0 | t: 3.477199 | r:  -508.000000 | e:   1.000000 | Q:        nan | won: False 
#  420 | steps:  4719 | steps_t:     0 | t: 3.485199 | r:  -510.000000 | e:   1.000000 | Q:        nan | won: False 
#  421 | steps:  4726 | steps_t:     0 | t: 3.490200 | r:  -506.000000 | e:   1.000000 | Q:        nan | won: False 
#  422 | steps:  4734 | steps_t:     0 | t: 3.494200 | r:  -507.000000 | e:   1.000000 | Q:        nan | won: False 
#  423 | steps:  4746 | steps_t:     0 | t: 3.501200 | r:  -511.000000 | e:   1.000000 | Q:        nan | won: False 
#  424 | steps:  4755 | steps_t:     0 | t: 3.505200 | r:  -508.000000 | e:   1.000000 | Q:        nan | won: False 
#  425 | steps:  4767 | steps_t:     0 | t: 3.511201 | r:  -511.000000 | e:   1.000000 | Q:        nan | won: False 
#  426 | steps:  4782 | steps_t:     0 | t: 3.519201 | r:  -503.000000 | e:   1.000000 | Q:        nan | won: False 
#  427 | steps:  4793 | steps_t:     0 | t: 3.524201 | r:  -510.000000 | e:   1.000000 | Q:        nan | won: False 
#  428 | steps:  4803 | steps_t:     0 | t: 3.529202 | r:  -509.000000 | e:   1.000000 | Q:        nan | won: False 
#  429 | steps:  4812 | steps_t:     0 | t: 3.533202 | r:  -508.000000 | e:   1.000000 | Q:        nan | won: False 
#  430 | steps:  4818 | steps_t:     0 | t: 3.537202 | r:  -505.000000 | e:   1.000000 | Q:        nan | won: False 
#  431 | steps:  4825 | steps_t:     0 | t: 3.540203 | r:  -506.000000 | e:   1.000000 | Q:        nan | won: False 
#  432 | steps:  4836 | steps_t:     0 | t: 3.546203 | r:  -510.000000 | e:   1.000000 | Q:        nan | won: False 
#  433 | steps:  4846 | steps_t:     0 | t: 3.551203 | r:  -509.000000 | e:   1.000000 | Q:        nan | won: False 
#  434 | steps:  4857 | steps_t:     0 | t: 3.556203 | r:  -510.000000 | e:   1.000000 | Q:        nan | won: False 
#  435 | steps:  4866 | steps_t:     0 | t: 3.561204 | r:  -508.000000 | e:   1.000000 | Q:        nan | won: False 
#  436 | steps:  4871 | steps_t:     0 | t: 3.565204 | r:  -504.000000 | e:   1.000000 | Q:        nan | won: False 
#  437 | steps:  4894 | steps_t:     0 | t: 3.577204 | r:  -522.000000 | e:   1.000000 | Q:        nan | won: False 
#  438 | steps:  4903 | steps_t:     0 | t: 3.582205 | r:  -508.000000 | e:   1.000000 | Q:        nan | won: False 
#  439 | steps:  4916 | steps_t:     0 | t: 3.588205 | r:  -512.000000 | e:   1.000000 | Q:        nan | won: False 
#  440 | steps:  4924 | steps_t:     0 | t: 3.597206 | r:  -507.000000 | e:   1.000000 | Q:        nan | won: False 
#  441 | steps:  4935 | steps_t:     0 | t: 3.604206 | r:  -510.000000 | e:   1.000000 | Q:        nan | won: False 
#  442 | steps:  4947 | steps_t:     0 | t: 3.611207 | r:  -511.000000 | e:   1.000000 | Q:        nan | won: False 
#  443 | steps:  4955 | steps_t:     0 | t: 3.616207 | r:  -507.000000 | e:   1.000000 | Q:        nan | won: False 
#  444 | steps:  4965 | steps_t:     0 | t: 3.622207 | r:  -509.000000 | e:   1.000000 | Q:        nan | won: False 
#  445 | steps:  4971 | steps_t:     0 | t: 3.626207 | r:  -505.000000 | e:   1.000000 | Q:        nan | won: False 
#  446 | steps:  4977 | steps_t:     0 | t: 3.629208 | r:  -505.000000 | e:   1.000000 | Q:        nan | won: False 
#  447 | steps:  4985 | steps_t:     0 | t: 3.633208 | r:  -507.000000 | e:   1.000000 | Q:        nan | won: False 
#  448 | steps:  4996 | steps_t:     0 | t: 3.639208 | r:  -510.000000 | e:   1.000000 | Q:        nan | won: False 
#  449 | steps:  5005 | steps_t:     3 | t: 5.640323 | r:  -508.000000 | e:   0.999700 | Q:        nan | won: False 
#  450 | steps:  5012 | steps_t:     9 | t: 5.705326 | r:  -506.000000 | e:   0.999100 | Q:        nan | won: False 
#  451 | steps:  5020 | steps_t:    16 | t: 5.776330 | r:  -507.000000 | e:   0.998400 | Q:        nan | won: False 
#  452 | steps:  5027 | steps_t:    22 | t: 5.837334 | r:  -506.000000 | e:   0.997800 | Q:        nan | won: False 
#  453 | steps:  5035 | steps_t:    29 | t: 5.911338 | r:  -507.000000 | e:   0.997100 | Q:        nan | won: False 
#  454 | steps:  5043 | steps_t:    36 | t: 6.015344 | r:  -507.000000 | e:   0.996400 | Q:        nan | won: False 
#  455 | steps:  5051 | steps_t:    43 | t: 6.113350 | r:  -507.000000 | e:   0.995700 | Q:        nan | won: False 
#  456 | steps:  5064 | steps_t:    55 | t: 6.253358 | r:  -512.000000 | e:   0.994500 | Q:        nan | won: False 
#  457 | steps:  5072 | steps_t:    62 | t: 6.330362 | r:  -507.000000 | e:   0.993800 | Q:        nan | won: False 
#  458 | steps:  5081 | steps_t:    70 | t: 6.419367 | r:  -508.000000 | e:   0.993000 | Q:        nan | won: False 
#  459 | steps:  5095 | steps_t:    83 | t: 6.568376 | r:  -513.000000 | e:   0.991700 | Q:        nan | won: False 
#  460 | steps:  5117 | steps_t:   104 | t: 6.915395 | r:  -521.000000 | e:   0.989600 | Q: -76.613976 | won: False 
#  461 | steps:  5124 | steps_t:   110 | t: 6.991400 | r:  -506.000000 | e:   0.989000 | Q:        nan | won: False 
#  462 | steps:  5134 | steps_t:   119 | t: 7.104406 | r:  -509.000000 | e:   0.988100 | Q:        nan | won: False 
#  463 | steps:  5142 | steps_t:   126 | t: 7.182411 | r:  -507.000000 | e:   0.987400 | Q:        nan | won: False 
#  464 | steps:  5151 | steps_t:   134 | t: 7.278416 | r:  -508.000000 | e:   0.986600 | Q:        nan | won: False 
#  465 | steps:  5160 | steps_t:   142 | t: 7.412424 | r:  -508.000000 | e:   0.985800 | Q:        nan | won: False 
#  466 | steps:  5168 | steps_t:   149 | t: 7.506429 | r:  -507.000000 | e:   0.985100 | Q:        nan | won: False 
#  467 | steps:  5180 | steps_t:   160 | t: 7.679439 | r:  -511.000000 | e:   0.984000 | Q:        nan | won: False 
