#    1 | steps:     9 | steps_t:     0 | t: 0.102006 | r:  -508.000000 | e:   1.000000 | Q:        nan | won: False 
#    2 | steps:    17 | steps_t:     0 | t: 0.220013 | r:  -507.000000 | e:   1.000000 | Q:        nan | won: False 
#    3 | steps:    25 | steps_t:     0 | t: 0.228013 | r:  -507.000000 | e:   1.000000 | Q:        nan | won: False 
#    4 | steps:    32 | steps_t:     0 | t: 0.236014 | r:  -506.000000 | e:   1.000000 | Q:        nan | won: False 
#    5 | steps:    44 | steps_t:     0 | t: 0.244014 | r:  -511.000000 | e:   1.000000 | Q:        nan | won: False 
#    6 | steps:    53 | steps_t:     0 | t: 0.249014 | r:  -508.000000 | e:   1.000000 | Q:        nan | won: False 
#    7 | steps:    74 | steps_t:     0 | t: 0.259015 | r:  -520.000000 | e:   1.000000 | Q:        nan | won: False 
#    8 | steps:    82 | steps_t:     0 | t: 0.263015 | r:  -507.000000 | e:   1.000000 | Q:        nan | won: False 
#    9 | steps:   103 | steps_t:     0 | t: 0.273015 | r:  -520.000000 | e:   1.000000 | Q:        nan | won: False 
#   10 | steps:   119 | steps_t:     0 | t: 0.281016 | r:  -515.000000 | e:   1.000000 | Q:        nan | won: False 
#   11 | steps:   125 | steps_t:     0 | t: 0.284016 | r:  -505.000000 | e:   1.000000 | Q:        nan | won: False 
#   12 | steps:   139 | steps_t:     0 | t: 0.290017 | r:  -513.000000 | e:   1.000000 | Q:        nan | won: False 
#   13 | steps:   157 | steps_t:     0 | t: 0.299017 | r:  -517.000000 | e:   1.000000 | Q:        nan | won: False 
#   14 | steps:   166 | steps_t:     0 | t: 0.304018 | r:  -508.000000 | e:   1.000000 | Q:        nan | won: False 
#   15 | steps:   179 | steps_t:     0 | t: 0.311018 | r:  -512.000000 | e:   1.000000 | Q:        nan | won: False 
#   16 | steps:   195 | steps_t:     0 | t: 0.318018 | r:  -515.000000 | e:   1.000000 | Q:        nan | won: False 
#   17 | steps:   212 | steps_t:     0 | t: 0.327019 | r:  -516.000000 | e:   1.000000 | Q:        nan | won: False 
#   18 | steps:   228 | steps_t:     0 | t: 0.335019 | r:  -504.000000 | e:   1.000000 | Q:        nan | won: False 
#   19 | steps:   234 | steps_t:     0 | t: 0.338019 | r:  -505.000000 | e:   1.000000 | Q:        nan | won: False 
#   20 | steps:   244 | steps_t:     0 | t: 0.343019 | r:  -509.000000 | e:   1.000000 | Q:        nan | won: False 
#   21 | steps:   256 | steps_t:     0 | t: 0.349020 | r:  -511.000000 | e:   1.000000 | Q:        nan | won: False 
#   22 | steps:   266 | steps_t:     0 | t: 0.355020 | r:  -509.000000 | e:   1.000000 | Q:        nan | won: False 
#   23 | steps:   275 | steps_t:     0 | t: 0.359020 | r:  -508.000000 | e:   1.000000 | Q:        nan | won: False 
#   24 | steps:   284 | steps_t:     0 | t: 0.363021 | r:  -508.000000 | e:   1.000000 | Q:        nan | won: False 
#   25 | steps:   291 | steps_t:     0 | t: 0.367021 | r:  -506.000000 | e:   1.000000 | Q:        nan | won: False 
#   26 | steps:   298 | steps_t:     0 | t: 0.371021 | r:  -506.000000 | e:   1.000000 | Q:        nan | won: False 
#   27 | steps:   305 | steps_t:     0 | t: 0.375021 | r:  -506.000000 | e:   1.000000 | Q:        nan | won: False 
#   28 | steps:   311 | steps_t:     0 | t: 0.378022 | r:  -505.000000 | e:   1.000000 | Q:        nan | won: False 
#   29 | steps:   324 | steps_t:     0 | t: 0.385022 | r:  -512.000000 | e:   1.000000 | Q:        nan | won: False 
#   30 | steps:   334 | steps_t:     0 | t: 0.391022 | r:  -509.000000 | e:   1.000000 | Q:        nan | won: False 
#   31 | steps:   344 | steps_t:     0 | t: 0.397023 | r:  -509.000000 | e:   1.000000 | Q:        nan | won: False 
#   32 | steps:   357 | steps_t:     0 | t: 0.406023 | r:  -512.000000 | e:   1.000000 | Q:        nan | won: False 
#   33 | steps:   368 | steps_t:     0 | t: 0.411023 | r:  -510.000000 | e:   1.000000 | Q:        nan | won: False 
#   34 | steps:   379 | steps_t:     0 | t: 0.417024 | r:  -510.000000 | e:   1.000000 | Q:        nan | won: False 
#   35 | steps:   390 | steps_t:     0 | t: 0.423024 | r:  -510.000000 | e:   1.000000 | Q:        nan | won: False 
#   36 | steps:   409 | steps_t:     0 | t: 0.434025 | r:  -507.000000 | e:   1.000000 | Q:        nan | won: False 
#   37 | steps:   416 | steps_t:     0 | t: 0.439025 | r:  -506.000000 | e:   1.000000 | Q:        nan | won: False 
#   38 | steps:   423 | steps_t:     0 | t: 0.443025 | r:  -506.000000 | e:   1.000000 | Q:        nan | won: False 
#   39 | steps:   440 | steps_t:     0 | t: 0.453026 | r:  -516.000000 | e:   1.000000 | Q:        nan | won: False 
#   40 | steps:   448 | steps_t:     0 | t: 0.457026 | r:  -507.000000 | e:   1.000000 | Q:        nan | won: False 
#   41 | steps:   456 | steps_t:     0 | t: 0.462027 | r:  -507.000000 | e:   1.000000 | Q:        nan | won: False 
#   42 | steps:   472 | steps_t:     0 | t: 0.470027 | r:  -515.000000 | e:   1.000000 | Q:        nan | won: False 
#   43 | steps:   480 | steps_t:     0 | t: 0.475027 | r:  -507.000000 | e:   1.000000 | Q:        nan | won: False 
#   44 | steps:   489 | steps_t:     0 | t: 0.480027 | r:  -508.000000 | e:   1.000000 | Q:        nan | won: False 
#   45 | steps:   503 | steps_t:     0 | t: 0.489028 | r:  -513.000000 | e:   1.000000 | Q:        nan | won: False 
#   46 | steps:   513 | steps_t:     0 | t: 0.495028 | r:  -509.000000 | e:   1.000000 | Q:        nan | won: False 
#   47 | steps:   519 | steps_t:     0 | t: 0.500029 | r:  -505.000000 | e:   1.000000 | Q:        nan | won: False 
#   48 | steps:   530 | steps_t:     0 | t: 0.505029 | r:  -510.000000 | e:   1.000000 | Q:        nan | won: False 
#   49 | steps:   540 | steps_t:     0 | t: 0.511029 | r:  -509.000000 | e:   1.000000 | Q:        nan | won: False 
#   50 | steps:   550 | steps_t:     0 | t: 0.516029 | r:  -509.000000 | e:   1.000000 | Q:        nan | won: False 
#   51 | steps:   556 | steps_t:     0 | t: 0.519030 | r:  -505.000000 | e:   1.000000 | Q:        nan | won: False 
#   52 | steps:   571 | steps_t:     0 | t: 0.530030 | r:  -503.000000 | e:   1.000000 | Q:        nan | won: False 
#   53 | steps:   586 | steps_t:     0 | t: 0.537031 | r:  -514.000000 | e:   1.000000 | Q:        nan | won: False 
#   54 | steps:   603 | steps_t:     0 | t: 0.546031 | r:  -516.000000 | e:   1.000000 | Q:        nan | won: False 
#   55 | steps:   611 | steps_t:     0 | t: 0.550031 | r:  -507.000000 | e:   1.000000 | Q:        nan | won: False 
#   56 | steps:   620 | steps_t:     0 | t: 0.555032 | r:  -508.000000 | e:   1.000000 | Q:        nan | won: False 
#   57 | steps:   627 | steps_t:     0 | t: 0.558032 | r:  -506.000000 | e:   1.000000 | Q:        nan | won: False 
#   58 | steps:   634 | steps_t:     0 | t: 0.562032 | r:  -506.000000 | e:   1.000000 | Q:        nan | won: False 
#   59 | steps:   641 | steps_t:     0 | t: 0.565032 | r:  -506.000000 | e:   1.000000 | Q:        nan | won: False 
#   60 | steps:   650 | steps_t:     0 | t: 0.570033 | r:  -508.000000 | e:   1.000000 | Q:        nan | won: False 
#   61 | steps:   671 | steps_t:     0 | t: 0.580033 | r:  -520.000000 | e:   1.000000 | Q:        nan | won: False 
#   62 | steps:   678 | steps_t:     0 | t: 0.584033 | r:  -506.000000 | e:   1.000000 | Q:        nan | won: False 
#   63 | steps:   685 | steps_t:     0 | t: 0.587034 | r:  -506.000000 | e:   1.000000 | Q:        nan | won: False 
#   64 | steps:   696 | steps_t:     0 | t: 0.593034 | r:  -510.000000 | e:   1.000000 | Q:        nan | won: False 
#   65 | steps:   705 | steps_t:     0 | t: 0.598034 | r:  -508.000000 | e:   1.000000 | Q:        nan | won: False 
#   66 | steps:   725 | steps_t:     0 | t: 0.607035 | r:  -508.000000 | e:   1.000000 | Q:        nan | won: False 
#   67 | steps:   733 | steps_t:     0 | t: 0.611035 | r:  -507.000000 | e:   1.000000 | Q:        nan | won: False 
#   68 | steps:   742 | steps_t:     0 | t: 0.616035 | r:  -508.000000 | e:   1.000000 | Q:        nan | won: False 
#   69 | steps:   753 | steps_t:     0 | t: 0.621036 | r:  -510.000000 | e:   1.000000 | Q:        nan | won: False 
#   70 | steps:   766 | steps_t:     0 | t: 0.627036 | r:  -512.000000 | e:   1.000000 | Q:        nan | won: False 
#   71 | steps:   786 | steps_t:     0 | t: 0.638036 | r:  -519.000000 | e:   1.000000 | Q:        nan | won: False 
#   72 | steps:   792 | steps_t:     0 | t: 0.642037 | r:  -505.000000 | e:   1.000000 | Q:        nan | won: False 
#   73 | steps:   803 | steps_t:     0 | t: 0.648037 | r:  -510.000000 | e:   1.000000 | Q:        nan | won: False 
#   74 | steps:   811 | steps_t:     0 | t: 0.651037 | r:  -507.000000 | e:   1.000000 | Q:        nan | won: False 
#   75 | steps:   820 | steps_t:     0 | t: 0.658037 | r:  -508.000000 | e:   1.000000 | Q:        nan | won: False 
#   76 | steps:   842 | steps_t:     0 | t: 0.671038 | r:  -521.000000 | e:   1.000000 | Q:        nan | won: False 
#   77 | steps:   858 | steps_t:     0 | t: 0.680039 | r:  -515.000000 | e:   1.000000 | Q:        nan | won: False 
#   78 | steps:   866 | steps_t:     0 | t: 0.684039 | r:  -507.000000 | e:   1.000000 | Q:        nan | won: False 
#   79 | steps:   873 | steps_t:     0 | t: 0.688039 | r:  -506.000000 | e:   1.000000 | Q:        nan | won: False 
#   80 | steps:   884 | steps_t:     0 | t: 0.695040 | r:  -510.000000 | e:   1.000000 | Q:        nan | won: False 
#   81 | steps:   894 | steps_t:     0 | t: 0.700040 | r:  -509.000000 | e:   1.000000 | Q:        nan | won: False 
#   82 | steps:   900 | steps_t:     0 | t: 0.704040 | r:  -505.000000 | e:   1.000000 | Q:        nan | won: False 
#   83 | steps:   913 | steps_t:     0 | t: 0.712041 | r:  -512.000000 | e:   1.000000 | Q:        nan | won: False 
#   84 | steps:   920 | steps_t:     0 | t: 0.717041 | r:  -506.000000 | e:   1.000000 | Q:        nan | won: False 
#   85 | steps:   927 | steps_t:     0 | t: 0.721041 | r:  -506.000000 | e:   1.000000 | Q:        nan | won: False 
#   86 | steps:   933 | steps_t:     0 | t: 0.725041 | r:  -505.000000 | e:   1.000000 | Q:        nan | won: False 
#   87 | steps:   943 | steps_t:     0 | t: 0.731042 | r:  -509.000000 | e:   1.000000 | Q:        nan | won: False 
#   88 | steps:   956 | steps_t:     0 | t: 0.737042 | r:  -512.000000 | e:   1.000000 | Q:        nan | won: False 
#   89 | steps:   970 | steps_t:     0 | t: 0.744043 | r:  -513.000000 | e:   1.000000 | Q:        nan | won: False 
#   90 | steps:   978 | steps_t:     0 | t: 0.749043 | r:  -507.000000 | e:   1.000000 | Q:        nan | won: False 
#   91 | steps:  1000 | steps_t:     0 | t: 0.759043 | r:  -521.000000 | e:   1.000000 | Q:        nan | won: False 
#   92 | steps:  1010 | steps_t:     0 | t: 0.764044 | r:  -509.000000 | e:   1.000000 | Q:        nan | won: False 
#   93 | steps:  1034 | steps_t:     0 | t: 0.776044 | r:  -523.000000 | e:   1.000000 | Q:        nan | won: False 
#   94 | steps:  1041 | steps_t:     0 | t: 0.779044 | r:  -506.000000 | e:   1.000000 | Q:        nan | won: False 
#   95 | steps:  1055 | steps_t:     0 | t: 0.786045 | r:  -513.000000 | e:   1.000000 | Q:        nan | won: False 
#   96 | steps:  1064 | steps_t:     0 | t: 0.791045 | r:  -508.000000 | e:   1.000000 | Q:        nan | won: False 
#   97 | steps:  1072 | steps_t:     0 | t: 0.795045 | r:  -507.000000 | e:   1.000000 | Q:        nan | won: False 
#   98 | steps:  1085 | steps_t:     0 | t: 0.802046 | r:  -512.000000 | e:   1.000000 | Q:        nan | won: False 
#   99 | steps:  1097 | steps_t:     0 | t: 0.808046 | r:  -511.000000 | e:   1.000000 | Q:        nan | won: False 
#  100 | steps:  1108 | steps_t:     0 | t: 0.814046 | r:  -510.000000 | e:   1.000000 | Q:        nan | won: False 
#  101 | steps:  1128 | steps_t:     0 | t: 0.824047 | r:  -519.000000 | e:   1.000000 | Q:        nan | won: False 
#  102 | steps:  1141 | steps_t:     0 | t: 0.830048 | r:  -512.000000 | e:   1.000000 | Q:        nan | won: False 
#  103 | steps:  1156 | steps_t:     0 | t: 0.839048 | r:  -492.000000 | e:   1.000000 | Q:        nan | won: False 
#  104 | steps:  1162 | steps_t:     0 | t: 0.843048 | r:  -505.000000 | e:   1.000000 | Q:        nan | won: False 
#  105 | steps:  1169 | steps_t:     0 | t: 0.847049 | r:  -506.000000 | e:   1.000000 | Q:        nan | won: False 
#  106 | steps:  1183 | steps_t:     0 | t: 0.854049 | r:  -513.000000 | e:   1.000000 | Q:        nan | won: False 
#  107 | steps:  1191 | steps_t:     0 | t: 0.860049 | r:  -507.000000 | e:   1.000000 | Q:        nan | won: False 
#  108 | steps:  1203 | steps_t:     0 | t: 0.867049 | r:  -511.000000 | e:   1.000000 | Q:        nan | won: False 
#  109 | steps:  1209 | steps_t:     0 | t: 0.871050 | r:  -505.000000 | e:   1.000000 | Q:        nan | won: False 
#  110 | steps:  1224 | steps_t:     0 | t: 0.879050 | r:  -503.000000 | e:   1.000000 | Q:        nan | won: False 
#  111 | steps:  1232 | steps_t:     0 | t: 0.883050 | r:  -507.000000 | e:   1.000000 | Q:        nan | won: False 
#  112 | steps:  1243 | steps_t:     0 | t: 0.889051 | r:  -510.000000 | e:   1.000000 | Q:        nan | won: False 
#  113 | steps:  1251 | steps_t:     0 | t: 0.894051 | r:  -507.000000 | e:   1.000000 | Q:        nan | won: False 
#  114 | steps:  1261 | steps_t:     0 | t: 0.900052 | r:  -509.000000 | e:   1.000000 | Q:        nan | won: False 
#  115 | steps:  1273 | steps_t:     0 | t: 0.906052 | r:  -511.000000 | e:   1.000000 | Q:        nan | won: False 
#  116 | steps:  1280 | steps_t:     0 | t: 0.910052 | r:  -506.000000 | e:   1.000000 | Q:        nan | won: False 
#  117 | steps:  1303 | steps_t:     0 | t: 0.923053 | r:  -522.000000 | e:   1.000000 | Q:        nan | won: False 
#  118 | steps:  1311 | steps_t:     0 | t: 0.927053 | r:  -507.000000 | e:   1.000000 | Q:        nan | won: False 
#  119 | steps:  1320 | steps_t:     0 | t: 0.934053 | r:  -508.000000 | e:   1.000000 | Q:        nan | won: False 
#  120 | steps:  1333 | steps_t:     0 | t: 0.941054 | r:  -512.000000 | e:   1.000000 | Q:        nan | won: False 
#  121 | steps:  1340 | steps_t:     0 | t: 0.944054 | r:  -506.000000 | e:   1.000000 | Q:        nan | won: False 
#  122 | steps:  1348 | steps_t:     0 | t: 0.948054 | r:  -507.000000 | e:   1.000000 | Q:        nan | won: False 
#  123 | steps:  1360 | steps_t:     0 | t: 0.954054 | r:  -511.000000 | e:   1.000000 | Q:        nan | won: False 
#  124 | steps:  1371 | steps_t:     0 | t: 0.960055 | r:  -510.000000 | e:   1.000000 | Q:        nan | won: False 
#  125 | steps:  1378 | steps_t:     0 | t: 0.963055 | r:  -506.000000 | e:   1.000000 | Q:        nan | won: False 
#  126 | steps:  1391 | steps_t:     0 | t: 0.970055 | r:  -512.000000 | e:   1.000000 | Q:        nan | won: False 
#  127 | steps:  1403 | steps_t:     0 | t: 0.975056 | r:  -511.000000 | e:   1.000000 | Q:        nan | won: False 
#  128 | steps:  1423 | steps_t:     0 | t: 0.985056 | r:  -508.000000 | e:   1.000000 | Q:        nan | won: False 
#  129 | steps:  1432 | steps_t:     0 | t: 0.990057 | r:  -508.000000 | e:   1.000000 | Q:        nan | won: False 
#  130 | steps:  1441 | steps_t:     0 | t: 0.995057 | r:  -508.000000 | e:   1.000000 | Q:        nan | won: False 
#  131 | steps:  1459 | steps_t:     0 | t: 1.003057 | r:  -517.000000 | e:   1.000000 | Q:        nan | won: False 
#  132 | steps:  1468 | steps_t:     0 | t: 1.007058 | r:  -508.000000 | e:   1.000000 | Q:        nan | won: False 
#  133 | steps:  1487 | steps_t:     0 | t: 1.016058 | r:  -518.000000 | e:   1.000000 | Q:        nan | won: False 
#  134 | steps:  1501 | steps_t:     0 | t: 1.023058 | r:  -513.000000 | e:   1.000000 | Q:        nan | won: False 
#  135 | steps:  1511 | steps_t:     0 | t: 1.028059 | r:  -509.000000 | e:   1.000000 | Q:        nan | won: False 
#  136 | steps:  1517 | steps_t:     0 | t: 1.031059 | r:  -505.000000 | e:   1.000000 | Q:        nan | won: False 
#  137 | steps:  1523 | steps_t:     0 | t: 1.034059 | r:  -505.000000 | e:   1.000000 | Q:        nan | won: False 
#  138 | steps:  1538 | steps_t:     0 | t: 1.044060 | r:  -514.000000 | e:   1.000000 | Q:        nan | won: False 
#  139 | steps:  1547 | steps_t:     0 | t: 1.048060 | r:  -508.000000 | e:   1.000000 | Q:        nan | won: False 
#  140 | steps:  1554 | steps_t:     0 | t: 1.052060 | r:  -506.000000 | e:   1.000000 | Q:        nan | won: False 
#  141 | steps:  1560 | steps_t:     0 | t: 1.055060 | r:  -505.000000 | e:   1.000000 | Q:        nan | won: False 
#  142 | steps:  1581 | steps_t:     0 | t: 1.066061 | r:  -520.000000 | e:   1.000000 | Q:        nan | won: False 
#  143 | steps:  1595 | steps_t:     0 | t: 1.075062 | r:  -513.000000 | e:   1.000000 | Q:        nan | won: False 
#  144 | steps:  1603 | steps_t:     0 | t: 1.080062 | r:  -507.000000 | e:   1.000000 | Q:        nan | won: False 
#  145 | steps:  1623 | steps_t:     0 | t: 1.092062 | r:  -519.000000 | e:   1.000000 | Q:        nan | won: False 
#  146 | steps:  1631 | steps_t:     0 | t: 1.097063 | r:  -507.000000 | e:   1.000000 | Q:        nan | won: False 
#  147 | steps:  1642 | steps_t:     0 | t: 1.105063 | r:  -510.000000 | e:   1.000000 | Q:        nan | won: False 
#  148 | steps:  1663 | steps_t:     0 | t: 1.119064 | r:  -520.000000 | e:   1.000000 | Q:        nan | won: False 
#  149 | steps:  1676 | steps_t:     0 | t: 1.126064 | r:  -512.000000 | e:   1.000000 | Q:        nan | won: False 
#  150 | steps:  1695 | steps_t:     0 | t: 1.137065 | r:  -518.000000 | e:   1.000000 | Q:        nan | won: False 
#  151 | steps:  1705 | steps_t:     0 | t: 1.143065 | r:  -509.000000 | e:   1.000000 | Q:        nan | won: False 
#  152 | steps:  1720 | steps_t:     0 | t: 1.150066 | r:  -514.000000 | e:   1.000000 | Q:        nan | won: False 
#  153 | steps:  1726 | steps_t:     0 | t: 1.153066 | r:  -505.000000 | e:   1.000000 | Q:        nan | won: False 
#  154 | steps:  1753 | steps_t:     0 | t: 1.166067 | r:  -515.000000 | e:   1.000000 | Q:        nan | won: False 
#  155 | steps:  1763 | steps_t:     0 | t: 1.171067 | r:  -509.000000 | e:   1.000000 | Q:        nan | won: False 
#  156 | steps:  1776 | steps_t:     0 | t: 1.177067 | r:  -512.000000 | e:   1.000000 | Q:        nan | won: False 
#  157 | steps:  1785 | steps_t:     0 | t: 1.181067 | r:  -508.000000 | e:   1.000000 | Q:        nan | won: False 
#  158 | steps:  1796 | steps_t:     0 | t: 1.186068 | r:  -510.000000 | e:   1.000000 | Q:        nan | won: False 
#  159 | steps:  1804 | steps_t:     0 | t: 1.190068 | r:  -507.000000 | e:   1.000000 | Q:        nan | won: False 
#  160 | steps:  1815 | steps_t:     0 | t: 1.195068 | r:  -510.000000 | e:   1.000000 | Q:        nan | won: False 
#  161 | steps:  1826 | steps_t:     0 | t: 1.201069 | r:  -510.000000 | e:   1.000000 | Q:        nan | won: False 
#  162 | steps:  1838 | steps_t:     0 | t: 1.206069 | r:  -511.000000 | e:   1.000000 | Q:        nan | won: False 
#  163 | steps:  1847 | steps_t:     0 | t: 1.211069 | r:  -508.000000 | e:   1.000000 | Q:        nan | won: False 
#  164 | steps:  1865 | steps_t:     0 | t: 1.220070 | r:  -517.000000 | e:   1.000000 | Q:        nan | won: False 
#  165 | steps:  1873 | steps_t:     0 | t: 1.224070 | r:  -507.000000 | e:   1.000000 | Q:        nan | won: False 
#  166 | steps:  1883 | steps_t:     0 | t: 1.229070 | r:  -509.000000 | e:   1.000000 | Q:        nan | won: False 
#  167 | steps:  1896 | steps_t:     0 | t: 1.235070 | r:  -512.000000 | e:   1.000000 | Q:        nan | won: False 
#  168 | steps:  1919 | steps_t:     0 | t: 1.248071 | r:  -522.000000 | e:   1.000000 | Q:        nan | won: False 
#  169 | steps:  1933 | steps_t:     0 | t: 1.255072 | r:  -513.000000 | e:   1.000000 | Q:        nan | won: False 
#  170 | steps:  1939 | steps_t:     0 | t: 1.258072 | r:  -505.000000 | e:   1.000000 | Q:        nan | won: False 
#  171 | steps:  1947 | steps_t:     0 | t: 1.263072 | r:  -507.000000 | e:   1.000000 | Q:        nan | won: False 
#  172 | steps:  1958 | steps_t:     0 | t: 1.268072 | r:  -510.000000 | e:   1.000000 | Q:        nan | won: False 
#  173 | steps:  2001 | steps_t:     0 | t: 1.292074 | r:  -531.000000 | e:   1.000000 | Q:        nan | won: False 
#  174 | steps:  2015 | steps_t:     0 | t: 1.302074 | r:  -502.000000 | e:   1.000000 | Q:        nan | won: False 
#  175 | steps:  2024 | steps_t:     0 | t: 1.309075 | r:  -508.000000 | e:   1.000000 | Q:        nan | won: False 
#  176 | steps:  2032 | steps_t:     0 | t: 1.316075 | r:  -507.000000 | e:   1.000000 | Q:        nan | won: False 
#  177 | steps:  2044 | steps_t:     0 | t: 1.325076 | r:  -511.000000 | e:   1.000000 | Q:        nan | won: False 
#  178 | steps:  2051 | steps_t:     0 | t: 1.330076 | r:  -506.000000 | e:   1.000000 | Q:        nan | won: False 
#  179 | steps:  2058 | steps_t:     0 | t: 1.334076 | r:  -506.000000 | e:   1.000000 | Q:        nan | won: False 
#  180 | steps:  2078 | steps_t:     0 | t: 1.347077 | r:  -519.000000 | e:   1.000000 | Q:        nan | won: False 
#  181 | steps:  2087 | steps_t:     0 | t: 1.353077 | r:  -508.000000 | e:   1.000000 | Q:        nan | won: False 
#  182 | steps:  2097 | steps_t:     0 | t: 1.359078 | r:  -509.000000 | e:   1.000000 | Q:        nan | won: False 
#  183 | steps:  2114 | steps_t:     0 | t: 1.369078 | r:  -516.000000 | e:   1.000000 | Q:        nan | won: False 
#  184 | steps:  2128 | steps_t:     0 | t: 1.378079 | r:  -513.000000 | e:   1.000000 | Q:        nan | won: False 
#  185 | steps:  2135 | steps_t:     0 | t: 1.382079 | r:  -506.000000 | e:   1.000000 | Q:        nan | won: False 
#  186 | steps:  2141 | steps_t:     0 | t: 1.388079 | r:  -505.000000 | e:   1.000000 | Q:        nan | won: False 
#  187 | steps:  2152 | steps_t:     0 | t: 1.396080 | r:  -510.000000 | e:   1.000000 | Q:        nan | won: False 
#  188 | steps:  2159 | steps_t:     0 | t: 1.402080 | r:  -506.000000 | e:   1.000000 | Q:        nan | won: False 
#  189 | steps:  2170 | steps_t:     0 | t: 1.409081 | r:  -510.000000 | e:   1.000000 | Q:        nan | won: False 
#  190 | steps:  2177 | steps_t:     0 | t: 1.415081 | r:  -506.000000 | e:   1.000000 | Q:        nan | won: False 
#  191 | steps:  2184 | steps_t:     0 | t: 1.420081 | r:  -506.000000 | e:   1.000000 | Q:        nan | won: False 
#  192 | steps:  2197 | steps_t:     0 | t: 1.430082 | r:  -512.000000 | e:   1.000000 | Q:        nan | won: False 
#  193 | steps:  2208 | steps_t:     0 | t: 1.438082 | r:  -510.000000 | e:   1.000000 | Q:        nan | won: False 
#  194 | steps:  2218 | steps_t:     0 | t: 1.447083 | r:  -509.000000 | e:   1.000000 | Q:        nan | won: False 
#  195 | steps:  2234 | steps_t:     0 | t: 1.460083 | r:  -515.000000 | e:   1.000000 | Q:        nan | won: False 
#  196 | steps:  2242 | steps_t:     0 | t: 1.467084 | r:  -507.000000 | e:   1.000000 | Q:        nan | won: False 
#  197 | steps:  2254 | steps_t:     0 | t: 1.480084 | r:  -511.000000 | e:   1.000000 | Q:        nan | won: False 
#  198 | steps:  2261 | steps_t:     0 | t: 1.486085 | r:  -506.000000 | e:   1.000000 | Q:        nan | won: False 
#  199 | steps:  2268 | steps_t:     0 | t: 1.494085 | r:  -506.000000 | e:   1.000000 | Q:        nan | won: False 
#  200 | steps:  2277 | steps_t:     0 | t: 1.500086 | r:  -508.000000 | e:   1.000000 | Q:        nan | won: False 
#  201 | steps:  2283 | steps_t:     0 | t: 1.504086 | r:  -505.000000 | e:   1.000000 | Q:        nan | won: False 
#  202 | steps:  2290 | steps_t:     0 | t: 1.508086 | r:  -506.000000 | e:   1.000000 | Q:        nan | won: False 
#  203 | steps:  2308 | steps_t:     0 | t: 1.517087 | r:  -517.000000 | e:   1.000000 | Q:        nan | won: False 
#  204 | steps:  2315 | steps_t:     0 | t: 1.521087 | r:  -506.000000 | e:   1.000000 | Q:        nan | won: False 
#  205 | steps:  2321 | steps_t:     0 | t: 1.524087 | r:  -505.000000 | e:   1.000000 | Q:        nan | won: False 
#  206 | steps:  2327 | steps_t:     0 | t: 1.529088 | r:  -505.000000 | e:   1.000000 | Q:        nan | won: False 
#  207 | steps:  2349 | steps_t:     0 | t: 1.540088 | r:  -521.000000 | e:   1.000000 | Q:        nan | won: False 
#  208 | steps:  2366 | steps_t:     0 | t: 1.549088 | r:  -516.000000 | e:   1.000000 | Q:        nan | won: False 
#  209 | steps:  2374 | steps_t:     0 | t: 1.553089 | r:  -507.000000 | e:   1.000000 | Q:        nan | won: False 
#  210 | steps:  2379 | steps_t:     0 | t: 1.556089 | r:  -504.000000 | e:   1.000000 | Q:        nan | won: False 
#  211 | steps:  2395 | steps_t:     0 | t: 1.564089 | r:  -515.000000 | e:   1.000000 | Q:        nan | won: False 
#  212 | steps:  2403 | steps_t:     0 | t: 1.567090 | r:  -507.000000 | e:   1.000000 | Q:        nan | won: False 
#  213 | steps:  2417 | steps_t:     0 | t: 1.574090 | r:  -513.000000 | e:   1.000000 | Q:        nan | won: False 
#  214 | steps:  2431 | steps_t:     0 | t: 1.581090 | r:  -502.000000 | e:   1.000000 | Q:        nan | won: False 
#  215 | steps:  2443 | steps_t:     0 | t: 1.587091 | r:  -511.000000 | e:   1.000000 | Q:        nan | won: False 
#  216 | steps:  2451 | steps_t:     0 | t: 1.591091 | r:  -507.000000 | e:   1.000000 | Q:        nan | won: False 
#  217 | steps:  2463 | steps_t:     0 | t: 1.597091 | r:  -511.000000 | e:   1.000000 | Q:        nan | won: False 
#  218 | steps:  2480 | steps_t:     0 | t: 1.605092 | r:  -516.000000 | e:   1.000000 | Q:        nan | won: False 
#  219 | steps:  2490 | steps_t:     0 | t: 1.610092 | r:  -509.000000 | e:   1.000000 | Q:        nan | won: False 
#  220 | steps:  2497 | steps_t:     0 | t: 1.614092 | r:  -506.000000 | e:   1.000000 | Q:        nan | won: False 
#  221 | steps:  2507 | steps_t:     0 | t: 1.619092 | r:  -509.000000 | e:   1.000000 | Q:        nan | won: False 
#  222 | steps:  2527 | steps_t:     0 | t: 1.628093 | r:  -508.000000 | e:   1.000000 | Q:        nan | won: False 
#  223 | steps:  2545 | steps_t:     0 | t: 1.637094 | r:  -517.000000 | e:   1.000000 | Q:        nan | won: False 
#  224 | steps:  2554 | steps_t:     0 | t: 1.641094 | r:  -508.000000 | e:   1.000000 | Q:        nan | won: False 
#  225 | steps:  2565 | steps_t:     0 | t: 1.648094 | r:  -510.000000 | e:   1.000000 | Q:        nan | won: False 
#  226 | steps:  2577 | steps_t:     0 | t: 1.655095 | r:  -511.000000 | e:   1.000000 | Q:        nan | won: False 
#  227 | steps:  2585 | steps_t:     0 | t: 1.660095 | r:  -507.000000 | e:   1.000000 | Q:        nan | won: False 
#  228 | steps:  2592 | steps_t:     0 | t: 1.663095 | r:  -506.000000 | e:   1.000000 | Q:        nan | won: False 
#  229 | steps:  2616 | steps_t:     0 | t: 1.676096 | r:  -523.000000 | e:   1.000000 | Q:        nan | won: False 
#  230 | steps:  2625 | steps_t:     0 | t: 1.681096 | r:  -508.000000 | e:   1.000000 | Q:        nan | won: False 
#  231 | steps:  2631 | steps_t:     0 | t: 1.684096 | r:  -505.000000 | e:   1.000000 | Q:        nan | won: False 
#  232 | steps:  2644 | steps_t:     0 | t: 1.691097 | r:  -512.000000 | e:   1.000000 | Q:        nan | won: False 
#  233 | steps:  2654 | steps_t:     0 | t: 1.699097 | r:  -509.000000 | e:   1.000000 | Q:        nan | won: False 
#  234 | steps:  2663 | steps_t:     0 | t: 1.703097 | r:  -508.000000 | e:   1.000000 | Q:        nan | won: False 
#  235 | steps:  2673 | steps_t:     0 | t: 1.708098 | r:  -509.000000 | e:   1.000000 | Q:        nan | won: False 
#  236 | steps:  2684 | steps_t:     0 | t: 1.714098 | r:  -510.000000 | e:   1.000000 | Q:        nan | won: False 
#  237 | steps:  2699 | steps_t:     0 | t: 1.722098 | r:  -514.000000 | e:   1.000000 | Q:        nan | won: False 
#  238 | steps:  2712 | steps_t:     0 | t: 1.729099 | r:  -512.000000 | e:   1.000000 | Q:        nan | won: False 
#  239 | steps:  2721 | steps_t:     0 | t: 1.733099 | r:  -508.000000 | e:   1.000000 | Q:        nan | won: False 
#  240 | steps:  2729 | steps_t:     0 | t: 1.737099 | r:  -507.000000 | e:   1.000000 | Q:        nan | won: False 
#  241 | steps:  2735 | steps_t:     0 | t: 1.741100 | r:  -505.000000 | e:   1.000000 | Q:        nan | won: False 
#  242 | steps:  2749 | steps_t:     0 | t: 1.749100 | r:  -513.000000 | e:   1.000000 | Q:        nan | won: False 
#  243 | steps:  2762 | steps_t:     0 | t: 1.755100 | r:  -512.000000 | e:   1.000000 | Q:        nan | won: False 
#  244 | steps:  2778 | steps_t:     0 | t: 1.763101 | r:  -504.000000 | e:   1.000000 | Q:        nan | won: False 
#  245 | steps:  2786 | steps_t:     0 | t: 1.767101 | r:  -507.000000 | e:   1.000000 | Q:        nan | won: False 
#  246 | steps:  2796 | steps_t:     0 | t: 1.772101 | r:  -509.000000 | e:   1.000000 | Q:        nan | won: False 
#  247 | steps:  2801 | steps_t:     0 | t: 1.774101 | r:  -504.000000 | e:   1.000000 | Q:        nan | won: False 
#  248 | steps:  2808 | steps_t:     0 | t: 1.778102 | r:  -506.000000 | e:   1.000000 | Q:        nan | won: False 
#  249 | steps:  2820 | steps_t:     0 | t: 1.783102 | r:  -511.000000 | e:   1.000000 | Q:        nan | won: False 
#  250 | steps:  2830 | steps_t:     0 | t: 1.789102 | r:  -509.000000 | e:   1.000000 | Q:        nan | won: False 
#  251 | steps:  2851 | steps_t:     0 | t: 1.799103 | r:  -520.000000 | e:   1.000000 | Q:        nan | won: False 
#  252 | steps:  2862 | steps_t:     0 | t: 1.805103 | r:  -510.000000 | e:   1.000000 | Q:        nan | won: False 
#  253 | steps:  2870 | steps_t:     0 | t: 1.809103 | r:  -507.000000 | e:   1.000000 | Q:        nan | won: False 
#  254 | steps:  2877 | steps_t:     0 | t: 1.813104 | r:  -506.000000 | e:   1.000000 | Q:        nan | won: False 
#  255 | steps:  2892 | steps_t:     0 | t: 1.819104 | r:  -492.000000 | e:   1.000000 | Q:        nan | won: False 
#  256 | steps:  2906 | steps_t:     0 | t: 1.827105 | r:  -513.000000 | e:   1.000000 | Q:        nan | won: False 
#  257 | steps:  2921 | steps_t:     0 | t: 1.834105 | r:  -514.000000 | e:   1.000000 | Q:        nan | won: False 
#  258 | steps:  2940 | steps_t:     0 | t: 1.843105 | r:  -518.000000 | e:   1.000000 | Q:        nan | won: False 
#  259 | steps:  2952 | steps_t:     0 | t: 1.850106 | r:  -511.000000 | e:   1.000000 | Q:        nan | won: False 
#  260 | steps:  2961 | steps_t:     0 | t: 1.855106 | r:  -508.000000 | e:   1.000000 | Q:        nan | won: False 
#  261 | steps:  2972 | steps_t:     0 | t: 1.862106 | r:  -510.000000 | e:   1.000000 | Q:        nan | won: False 
#  262 | steps:  2979 | steps_t:     0 | t: 1.866107 | r:  -506.000000 | e:   1.000000 | Q:        nan | won: False 
#  263 | steps:  2986 | steps_t:     0 | t: 1.871107 | r:  -506.000000 | e:   1.000000 | Q:        nan | won: False 
#  264 | steps:  2994 | steps_t:     0 | t: 1.875107 | r:  -507.000000 | e:   1.000000 | Q:        nan | won: False 
#  265 | steps:  3009 | steps_t:     0 | t: 1.883108 | r:  -492.000000 | e:   1.000000 | Q:        nan | won: False 
#  266 | steps:  3016 | steps_t:     0 | t: 1.887108 | r:  -506.000000 | e:   1.000000 | Q:        nan | won: False 
#  267 | steps:  3022 | steps_t:     0 | t: 1.890108 | r:  -505.000000 | e:   1.000000 | Q:        nan | won: False 
#  268 | steps:  3030 | steps_t:     0 | t: 1.894108 | r:  -507.000000 | e:   1.000000 | Q:        nan | won: False 
#  269 | steps:  3040 | steps_t:     0 | t: 1.901109 | r:  -509.000000 | e:   1.000000 | Q:        nan | won: False 
#  270 | steps:  3046 | steps_t:     0 | t: 1.904109 | r:  -505.000000 | e:   1.000000 | Q:        nan | won: False 
#  271 | steps:  3059 | steps_t:     0 | t: 1.912109 | r:  -512.000000 | e:   1.000000 | Q:        nan | won: False 
#  272 | steps:  3066 | steps_t:     0 | t: 1.917109 | r:  -506.000000 | e:   1.000000 | Q:        nan | won: False 
#  273 | steps:  3077 | steps_t:     0 | t: 1.923110 | r:  -510.000000 | e:   1.000000 | Q:        nan | won: False 
#  274 | steps:  3088 | steps_t:     0 | t: 1.930110 | r:  -510.000000 | e:   1.000000 | Q:        nan | won: False 
#  275 | steps:  3095 | steps_t:     0 | t: 1.934110 | r:  -506.000000 | e:   1.000000 | Q:        nan | won: False 
#  276 | steps:  3104 | steps_t:     0 | t: 1.939111 | r:  -508.000000 | e:   1.000000 | Q:        nan | won: False 
#  277 | steps:  3112 | steps_t:     0 | t: 1.944111 | r:  -507.000000 | e:   1.000000 | Q:        nan | won: False 
#  278 | steps:  3127 | steps_t:     0 | t: 1.952112 | r:  -514.000000 | e:   1.000000 | Q:        nan | won: False 
#  279 | steps:  3135 | steps_t:     0 | t: 1.956112 | r:  -507.000000 | e:   1.000000 | Q:        nan | won: False 
#  280 | steps:  3143 | steps_t:     0 | t: 1.960112 | r:  -507.000000 | e:   1.000000 | Q:        nan | won: False 
#  281 | steps:  3154 | steps_t:     0 | t: 1.966112 | r:  -510.000000 | e:   1.000000 | Q:        nan | won: False 
#  282 | steps:  3159 | steps_t:     0 | t: 1.968112 | r:  -504.000000 | e:   1.000000 | Q:        nan | won: False 
#  283 | steps:  3173 | steps_t:     0 | t: 1.975113 | r:  -513.000000 | e:   1.000000 | Q:        nan | won: False 
#  284 | steps:  3186 | steps_t:     0 | t: 1.982113 | r:  -512.000000 | e:   1.000000 | Q:        nan | won: False 
#  285 | steps:  3200 | steps_t:     0 | t: 1.988114 | r:  -513.000000 | e:   1.000000 | Q:        nan | won: False 
#  286 | steps:  3206 | steps_t:     0 | t: 1.992114 | r:  -505.000000 | e:   1.000000 | Q:        nan | won: False 
#  287 | steps:  3215 | steps_t:     0 | t: 1.997114 | r:  -508.000000 | e:   1.000000 | Q:        nan | won: False 
#  288 | steps:  3227 | steps_t:     0 | t: 2.003114 | r:  -511.000000 | e:   1.000000 | Q:        nan | won: False 
#  289 | steps:  3234 | steps_t:     0 | t: 2.006114 | r:  -506.000000 | e:   1.000000 | Q:        nan | won: False 
#  290 | steps:  3245 | steps_t:     0 | t: 2.012115 | r:  -510.000000 | e:   1.000000 | Q:        nan | won: False 
#  291 | steps:  3251 | steps_t:     0 | t: 2.015115 | r:  -505.000000 | e:   1.000000 | Q:        nan | won: False 
#  292 | steps:  3262 | steps_t:     0 | t: 2.020115 | r:  -510.000000 | e:   1.000000 | Q:        nan | won: False 
#  293 | steps:  3269 | steps_t:     0 | t: 2.023116 | r:  -506.000000 | e:   1.000000 | Q:        nan | won: False 
#  294 | steps:  3279 | steps_t:     0 | t: 2.028116 | r:  -509.000000 | e:   1.000000 | Q:        nan | won: False 
#  295 | steps:  3288 | steps_t:     0 | t: 2.033116 | r:  -508.000000 | e:   1.000000 | Q:        nan | won: False 
#  296 | steps:  3297 | steps_t:     0 | t: 2.037117 | r:  -508.000000 | e:   1.000000 | Q:        nan | won: False 
#  297 | steps:  3312 | steps_t:     0 | t: 2.044117 | r:  -514.000000 | e:   1.000000 | Q:        nan | won: False 
#  298 | steps:  3330 | steps_t:     0 | t: 2.053118 | r:  -506.000000 | e:   1.000000 | Q:        nan | won: False 
#  299 | steps:  3337 | steps_t:     0 | t: 2.057118 | r:  -506.000000 | e:   1.000000 | Q:        nan | won: False 
#  300 | steps:  3344 | steps_t:     0 | t: 2.062118 | r:  -506.000000 | e:   1.000000 | Q:        nan | won: False 
#  301 | steps:  3355 | steps_t:     0 | t: 2.069118 | r:  -510.000000 | e:   1.000000 | Q:        nan | won: False 
#  302 | steps:  3366 | steps_t:     0 | t: 2.074119 | r:  -510.000000 | e:   1.000000 | Q:        nan | won: False 
#  303 | steps:  3377 | steps_t:     0 | t: 2.081119 | r:  -510.000000 | e:   1.000000 | Q:        nan | won: False 
#  304 | steps:  3391 | steps_t:     0 | t: 2.088119 | r:  -513.000000 | e:   1.000000 | Q:        nan | won: False 
#  305 | steps:  3405 | steps_t:     0 | t: 2.096120 | r:  -513.000000 | e:   1.000000 | Q:        nan | won: False 
#  306 | steps:  3418 | steps_t:     0 | t: 2.104120 | r:  -512.000000 | e:   1.000000 | Q:        nan | won: False 
#  307 | steps:  3427 | steps_t:     0 | t: 2.109121 | r:  -508.000000 | e:   1.000000 | Q:        nan | won: False 
#  308 | steps:  3436 | steps_t:     0 | t: 2.114121 | r:  -508.000000 | e:   1.000000 | Q:        nan | won: False 
#  309 | steps:  3449 | steps_t:     0 | t: 2.122121 | r:  -512.000000 | e:   1.000000 | Q:        nan | won: False 
#  310 | steps:  3464 | steps_t:     0 | t: 2.130122 | r:  -514.000000 | e:   1.000000 | Q:        nan | won: False 
#  311 | steps:  3472 | steps_t:     0 | t: 2.134122 | r:  -507.000000 | e:   1.000000 | Q:        nan | won: False 
#  312 | steps:  3479 | steps_t:     0 | t: 2.138122 | r:  -506.000000 | e:   1.000000 | Q:        nan | won: False 
#  313 | steps:  3494 | steps_t:     0 | t: 2.146123 | r:  -514.000000 | e:   1.000000 | Q:        nan | won: False 
#  314 | steps:  3510 | steps_t:     0 | t: 2.155123 | r:  -515.000000 | e:   1.000000 | Q:        nan | won: False 
#  315 | steps:  3516 | steps_t:     0 | t: 2.158123 | r:  -505.000000 | e:   1.000000 | Q:        nan | won: False 
#  316 | steps:  3523 | steps_t:     0 | t: 2.162123 | r:  -506.000000 | e:   1.000000 | Q:        nan | won: False 
#  317 | steps:  3537 | steps_t:     0 | t: 2.169124 | r:  -513.000000 | e:   1.000000 | Q:        nan | won: False 
#  318 | steps:  3548 | steps_t:     0 | t: 2.175124 | r:  -510.000000 | e:   1.000000 | Q:        nan | won: False 
#  319 | steps:  3558 | steps_t:     0 | t: 2.180125 | r:  -509.000000 | e:   1.000000 | Q:        nan | won: False 
#  320 | steps:  3573 | steps_t:     0 | t: 2.188125 | r:  -503.000000 | e:   1.000000 | Q:        nan | won: False 
#  321 | steps:  3580 | steps_t:     0 | t: 2.191125 | r:  -506.000000 | e:   1.000000 | Q:        nan | won: False 
#  322 | steps:  3589 | steps_t:     0 | t: 2.196126 | r:  -508.000000 | e:   1.000000 | Q:        nan | won: False 
#  323 | steps:  3595 | steps_t:     0 | t: 2.199126 | r:  -505.000000 | e:   1.000000 | Q:        nan | won: False 
#  324 | steps:  3606 | steps_t:     0 | t: 2.205126 | r:  -510.000000 | e:   1.000000 | Q:        nan | won: False 
#  325 | steps:  3627 | steps_t:     0 | t: 2.215127 | r:  -520.000000 | e:   1.000000 | Q:        nan | won: False 
#  326 | steps:  3635 | steps_t:     0 | t: 2.219127 | r:  -507.000000 | e:   1.000000 | Q:        nan | won: False 
#  327 | steps:  3643 | steps_t:     0 | t: 2.222127 | r:  -507.000000 | e:   1.000000 | Q:        nan | won: False 
#  328 | steps:  3657 | steps_t:     0 | t: 2.229127 | r:  -513.000000 | e:   1.000000 | Q:        nan | won: False 
#  329 | steps:  3676 | steps_t:     0 | t: 2.238128 | r:  -518.000000 | e:   1.000000 | Q:        nan | won: False 
#  330 | steps:  3695 | steps_t:     0 | t: 2.247129 | r:  -518.000000 | e:   1.000000 | Q:        nan | won: False 
#  331 | steps:  3703 | steps_t:     0 | t: 2.251129 | r:  -507.000000 | e:   1.000000 | Q:        nan | won: False 
#  332 | steps:  3713 | steps_t:     0 | t: 2.256129 | r:  -509.000000 | e:   1.000000 | Q:        nan | won: False 
#  333 | steps:  3720 | steps_t:     0 | t: 2.261129 | r:  -506.000000 | e:   1.000000 | Q:        nan | won: False 
#  334 | steps:  3731 | steps_t:     0 | t: 2.268130 | r:  -510.000000 | e:   1.000000 | Q:        nan | won: False 
#  335 | steps:  3740 | steps_t:     0 | t: 2.276130 | r:  -508.000000 | e:   1.000000 | Q:        nan | won: False 
#  336 | steps:  3747 | steps_t:     0 | t: 2.279130 | r:  -506.000000 | e:   1.000000 | Q:        nan | won: False 
#  337 | steps:  3762 | steps_t:     0 | t: 2.287131 | r:  -514.000000 | e:   1.000000 | Q:        nan | won: False 
#  338 | steps:  3772 | steps_t:     0 | t: 2.292131 | r:  -509.000000 | e:   1.000000 | Q:        nan | won: False 
#  339 | steps:  3790 | steps_t:     0 | t: 2.302131 | r:  -517.000000 | e:   1.000000 | Q:        nan | won: False 
#  340 | steps:  3804 | steps_t:     0 | t: 2.310132 | r:  -513.000000 | e:   1.000000 | Q:        nan | won: False 
#  341 | steps:  3837 | steps_t:     0 | t: 2.328133 | r:  -532.000000 | e:   1.000000 | Q:        nan | won: False 
#  342 | steps:  3844 | steps_t:     0 | t: 2.332133 | r:  -506.000000 | e:   1.000000 | Q:        nan | won: False 
#  343 | steps:  3858 | steps_t:     0 | t: 2.340134 | r:  -513.000000 | e:   1.000000 | Q:        nan | won: False 
#  344 | steps:  3873 | steps_t:     0 | t: 2.348135 | r:  -514.000000 | e:   1.000000 | Q:        nan | won: False 
#  345 | steps:  3886 | steps_t:     0 | t: 2.355135 | r:  -512.000000 | e:   1.000000 | Q:        nan | won: False 
#  346 | steps:  3904 | steps_t:     0 | t: 2.365135 | r:  -506.000000 | e:   1.000000 | Q:        nan | won: False 
#  347 | steps:  3910 | steps_t:     0 | t: 2.370136 | r:  -505.000000 | e:   1.000000 | Q:        nan | won: False 
#  348 | steps:  3925 | steps_t:     0 | t: 2.379136 | r:  -503.000000 | e:   1.000000 | Q:        nan | won: False 
#  349 | steps:  3933 | steps_t:     0 | t: 2.383136 | r:  -507.000000 | e:   1.000000 | Q:        nan | won: False 
#  350 | steps:  3941 | steps_t:     0 | t: 2.390137 | r:  -507.000000 | e:   1.000000 | Q:        nan | won: False 
#  351 | steps:  3948 | steps_t:     0 | t: 2.394137 | r:  -506.000000 | e:   1.000000 | Q:        nan | won: False 
#  352 | steps:  3958 | steps_t:     0 | t: 2.399137 | r:  -509.000000 | e:   1.000000 | Q:        nan | won: False 
#  353 | steps:  3978 | steps_t:     0 | t: 2.409138 | r:  -519.000000 | e:   1.000000 | Q:        nan | won: False 
#  354 | steps:  3986 | steps_t:     0 | t: 2.413138 | r:  -507.000000 | e:   1.000000 | Q:        nan | won: False 
#  355 | steps:  3995 | steps_t:     0 | t: 2.418139 | r:  -508.000000 | e:   1.000000 | Q:        nan | won: False 
#  356 | steps:  4012 | steps_t:     0 | t: 2.426139 | r:  -516.000000 | e:   1.000000 | Q:        nan | won: False 
#  357 | steps:  4019 | steps_t:     0 | t: 2.429139 | r:  -506.000000 | e:   1.000000 | Q:        nan | won: False 
#  358 | steps:  4026 | steps_t:     0 | t: 2.433139 | r:  -506.000000 | e:   1.000000 | Q:        nan | won: False 
#  359 | steps:  4035 | steps_t:     0 | t: 2.437140 | r:  -508.000000 | e:   1.000000 | Q:        nan | won: False 
#  360 | steps:  4045 | steps_t:     0 | t: 2.442140 | r:  -509.000000 | e:   1.000000 | Q:        nan | won: False 
#  361 | steps:  4062 | steps_t:     0 | t: 2.450140 | r:  -516.000000 | e:   1.000000 | Q:        nan | won: False 
#  362 | steps:  4080 | steps_t:     0 | t: 2.459141 | r:  -506.000000 | e:   1.000000 | Q:        nan | won: False 
#  363 | steps:  4090 | steps_t:     0 | t: 2.466141 | r:  -509.000000 | e:   1.000000 | Q:        nan | won: False 
#  364 | steps:  4106 | steps_t:     0 | t: 2.475142 | r:  -515.000000 | e:   1.000000 | Q:        nan | won: False 
#  365 | steps:  4113 | steps_t:     0 | t: 2.479142 | r:  -506.000000 | e:   1.000000 | Q:        nan | won: False 
#  366 | steps:  4123 | steps_t:     0 | t: 2.484142 | r:  -509.000000 | e:   1.000000 | Q:        nan | won: False 
#  367 | steps:  4135 | steps_t:     0 | t: 2.492143 | r:  -511.000000 | e:   1.000000 | Q:        nan | won: False 
#  368 | steps:  4142 | steps_t:     0 | t: 2.495143 | r:  -506.000000 | e:   1.000000 | Q:        nan | won: False 
#  369 | steps:  4164 | steps_t:     0 | t: 2.506143 | r:  -521.000000 | e:   1.000000 | Q:        nan | won: False 
#  370 | steps:  4175 | steps_t:     0 | t: 2.513144 | r:  -510.000000 | e:   1.000000 | Q:        nan | won: False 
#  371 | steps:  4182 | steps_t:     0 | t: 2.517144 | r:  -506.000000 | e:   1.000000 | Q:        nan | won: False 
#  372 | steps:  4190 | steps_t:     0 | t: 2.521144 | r:  -507.000000 | e:   1.000000 | Q:        nan | won: False 
#  373 | steps:  4209 | steps_t:     0 | t: 2.533145 | r:  -507.000000 | e:   1.000000 | Q:        nan | won: False 
#  374 | steps:  4216 | steps_t:     0 | t: 2.539145 | r:  -506.000000 | e:   1.000000 | Q:        nan | won: False 
#  375 | steps:  4231 | steps_t:     0 | t: 2.547146 | r:  -514.000000 | e:   1.000000 | Q:        nan | won: False 
#  376 | steps:  4251 | steps_t:     0 | t: 2.557146 | r:  -519.000000 | e:   1.000000 | Q:        nan | won: False 
#  377 | steps:  4266 | steps_t:     0 | t: 2.565147 | r:  -514.000000 | e:   1.000000 | Q:        nan | won: False 
#  378 | steps:  4273 | steps_t:     0 | t: 2.570147 | r:  -506.000000 | e:   1.000000 | Q:        nan | won: False 
#  379 | steps:  4285 | steps_t:     0 | t: 2.576147 | r:  -511.000000 | e:   1.000000 | Q:        nan | won: False 
#  380 | steps:  4293 | steps_t:     0 | t: 2.580148 | r:  -507.000000 | e:   1.000000 | Q:        nan | won: False 
#  381 | steps:  4306 | steps_t:     0 | t: 2.587148 | r:  -512.000000 | e:   1.000000 | Q:        nan | won: False 
#  382 | steps:  4317 | steps_t:     0 | t: 2.592148 | r:  -510.000000 | e:   1.000000 | Q:        nan | won: False 
#  383 | steps:  4325 | steps_t:     0 | t: 2.596148 | r:  -507.000000 | e:   1.000000 | Q:        nan | won: False 
#  384 | steps:  4335 | steps_t:     0 | t: 2.601149 | r:  -509.000000 | e:   1.000000 | Q:        nan | won: False 
#  385 | steps:  4346 | steps_t:     0 | t: 2.606149 | r:  -510.000000 | e:   1.000000 | Q:        nan | won: False 
#  386 | steps:  4358 | steps_t:     0 | t: 2.612149 | r:  -511.000000 | e:   1.000000 | Q:        nan | won: False 
#  387 | steps:  4367 | steps_t:     0 | t: 2.616149 | r:  -508.000000 | e:   1.000000 | Q:        nan | won: False 
#  388 | steps:  4378 | steps_t:     0 | t: 2.622150 | r:  -510.000000 | e:   1.000000 | Q:        nan | won: False 
#  389 | steps:  4384 | steps_t:     0 | t: 2.625150 | r:  -505.000000 | e:   1.000000 | Q:        nan | won: False 
#  390 | steps:  4391 | steps_t:     0 | t: 2.629150 | r:  -506.000000 | e:   1.000000 | Q:        nan | won: False 
#  391 | steps:  4397 | steps_t:     0 | t: 2.632151 | r:  -505.000000 | e:   1.000000 | Q:        nan | won: False 
#  392 | steps:  4405 | steps_t:     0 | t: 2.636151 | r:  -507.000000 | e:   1.000000 | Q:        nan | won: False 
#  393 | steps:  4412 | steps_t:     0 | t: 2.639151 | r:  -506.000000 | e:   1.000000 | Q:        nan | won: False 
#  394 | steps:  4421 | steps_t:     0 | t: 2.644151 | r:  -508.000000 | e:   1.000000 | Q:        nan | won: False 
#  395 | steps:  4428 | steps_t:     0 | t: 2.647151 | r:  -506.000000 | e:   1.000000 | Q:        nan | won: False 
#  396 | steps:  4435 | steps_t:     0 | t: 2.651152 | r:  -506.000000 | e:   1.000000 | Q:        nan | won: False 
#  397 | steps:  4440 | steps_t:     0 | t: 2.654152 | r:  -504.000000 | e:   1.000000 | Q:        nan | won: False 
#  398 | steps:  4450 | steps_t:     0 | t: 2.659152 | r:  -509.000000 | e:   1.000000 | Q:        nan | won: False 
#  399 | steps:  4461 | steps_t:     0 | t: 2.666152 | r:  -510.000000 | e:   1.000000 | Q:        nan | won: False 
#  400 | steps:  4472 | steps_t:     0 | t: 2.672153 | r:  -510.000000 | e:   1.000000 | Q:        nan | won: False 
#  401 | steps:  4479 | steps_t:     0 | t: 2.676153 | r:  -506.000000 | e:   1.000000 | Q:        nan | won: False 
#  402 | steps:  4487 | steps_t:     0 | t: 2.680153 | r:  -507.000000 | e:   1.000000 | Q:        nan | won: False 
#  403 | steps:  4498 | steps_t:     0 | t: 2.686153 | r:  -510.000000 | e:   1.000000 | Q:        nan | won: False 
#  404 | steps:  4509 | steps_t:     0 | t: 2.692154 | r:  -510.000000 | e:   1.000000 | Q:        nan | won: False 
#  405 | steps:  4515 | steps_t:     0 | t: 2.696154 | r:  -505.000000 | e:   1.000000 | Q:        nan | won: False 
#  406 | steps:  4529 | steps_t:     0 | t: 2.704155 | r:  -513.000000 | e:   1.000000 | Q:        nan | won: False 
#  407 | steps:  4536 | steps_t:     0 | t: 2.708155 | r:  -506.000000 | e:   1.000000 | Q:        nan | won: False 
#  408 | steps:  4553 | steps_t:     0 | t: 2.717155 | r:  -516.000000 | e:   1.000000 | Q:        nan | won: False 
#  409 | steps:  4564 | steps_t:     0 | t: 2.722156 | r:  -510.000000 | e:   1.000000 | Q:        nan | won: False 
#  410 | steps:  4575 | steps_t:     0 | t: 2.729156 | r:  -510.000000 | e:   1.000000 | Q:        nan | won: False 
#  411 | steps:  4587 | steps_t:     0 | t: 2.736156 | r:  -511.000000 | e:   1.000000 | Q:        nan | won: False 
#  412 | steps:  4594 | steps_t:     0 | t: 2.740157 | r:  -506.000000 | e:   1.000000 | Q:        nan | won: False 
#  413 | steps:  4602 | steps_t:     0 | t: 2.744157 | r:  -507.000000 | e:   1.000000 | Q:        nan | won: False 
#  414 | steps:  4614 | steps_t:     0 | t: 2.750157 | r:  -500.000000 | e:   1.000000 | Q:        nan | won: False 
#  415 | steps:  4621 | steps_t:     0 | t: 2.754158 | r:  -506.000000 | e:   1.000000 | Q:        nan | won: False 
#  416 | steps:  4630 | steps_t:     0 | t: 2.758157 | r:  -508.000000 | e:   1.000000 | Q:        nan | won: False 
#  417 | steps:  4638 | steps_t:     0 | t: 2.763158 | r:  -507.000000 | e:   1.000000 | Q:        nan | won: False 
#  418 | steps:  4646 | steps_t:     0 | t: 2.767158 | r:  -507.000000 | e:   1.000000 | Q:        nan | won: False 
#  419 | steps:  4660 | steps_t:     0 | t: 2.774159 | r:  -513.000000 | e:   1.000000 | Q:        nan | won: False 
#  420 | steps:  4671 | steps_t:     0 | t: 2.779159 | r:  -510.000000 | e:   1.000000 | Q:        nan | won: False 
#  421 | steps:  4684 | steps_t:     0 | t: 2.785159 | r:  -512.000000 | e:   1.000000 | Q:        nan | won: False 
#  422 | steps:  4692 | steps_t:     0 | t: 2.789160 | r:  -507.000000 | e:   1.000000 | Q:        nan | won: False 
#  423 | steps:  4702 | steps_t:     0 | t: 2.794160 | r:  -509.000000 | e:   1.000000 | Q:        nan | won: False 
#  424 | steps:  4719 | steps_t:     0 | t: 2.802160 | r:  -516.000000 | e:   1.000000 | Q:        nan | won: False 
#  425 | steps:  4728 | steps_t:     0 | t: 2.807161 | r:  -508.000000 | e:   1.000000 | Q:        nan | won: False 
#  426 | steps:  4742 | steps_t:     0 | t: 2.813161 | r:  -513.000000 | e:   1.000000 | Q:        nan | won: False 
#  427 | steps:  4752 | steps_t:     0 | t: 2.819161 | r:  -509.000000 | e:   1.000000 | Q:        nan | won: False 
#  428 | steps:  4760 | steps_t:     0 | t: 2.823161 | r:  -507.000000 | e:   1.000000 | Q:        nan | won: False 
#  429 | steps:  4765 | steps_t:     0 | t: 2.826162 | r:  -504.000000 | e:   1.000000 | Q:        nan | won: False 
#  430 | steps:  4775 | steps_t:     0 | t: 2.830162 | r:  -509.000000 | e:   1.000000 | Q:        nan | won: False 
#  431 | steps:  4787 | steps_t:     0 | t: 2.837162 | r:  -511.000000 | e:   1.000000 | Q:        nan | won: False 
#  432 | steps:  4800 | steps_t:     0 | t: 2.843163 | r:  -512.000000 | e:   1.000000 | Q:        nan | won: False 
#  433 | steps:  4817 | steps_t:     0 | t: 2.852163 | r:  -516.000000 | e:   1.000000 | Q:        nan | won: False 
#  434 | steps:  4826 | steps_t:     0 | t: 2.857163 | r:  -508.000000 | e:   1.000000 | Q:        nan | won: False 
#  435 | steps:  4853 | steps_t:     0 | t: 2.871164 | r:  -504.000000 | e:   1.000000 | Q:        nan | won: False 
#  436 | steps:  4873 | steps_t:     0 | t: 2.881165 | r:  -519.000000 | e:   1.000000 | Q:        nan | won: False 
#  437 | steps:  4880 | steps_t:     0 | t: 2.884165 | r:  -506.000000 | e:   1.000000 | Q:        nan | won: False 
#  438 | steps:  4888 | steps_t:     0 | t: 2.889165 | r:  -507.000000 | e:   1.000000 | Q:        nan | won: False 
#  439 | steps:  4896 | steps_t:     0 | t: 2.894166 | r:  -507.000000 | e:   1.000000 | Q:        nan | won: False 
#  440 | steps:  4902 | steps_t:     0 | t: 2.897166 | r:  -505.000000 | e:   1.000000 | Q:        nan | won: False 
#  441 | steps:  4911 | steps_t:     0 | t: 2.904166 | r:  -508.000000 | e:   1.000000 | Q:        nan | won: False 
#  442 | steps:  4917 | steps_t:     0 | t: 2.907166 | r:  -505.000000 | e:   1.000000 | Q:        nan | won: False 
#  443 | steps:  4927 | steps_t:     0 | t: 2.913167 | r:  -509.000000 | e:   1.000000 | Q:        nan | won: False 
#  444 | steps:  4933 | steps_t:     0 | t: 2.917167 | r:  -505.000000 | e:   1.000000 | Q:        nan | won: False 
#  445 | steps:  4946 | steps_t:     0 | t: 2.923167 | r:  -512.000000 | e:   1.000000 | Q:        nan | won: False 
#  446 | steps:  4969 | steps_t:     0 | t: 2.936168 | r:  -522.000000 | e:   1.000000 | Q:        nan | won: False 
#  447 | steps:  4974 | steps_t:     0 | t: 2.939168 | r:  -504.000000 | e:   1.000000 | Q:        nan | won: False 
#  448 | steps:  4982 | steps_t:     0 | t: 2.944169 | r:  -507.000000 | e:   1.000000 | Q:        nan | won: False 
#  449 | steps:  4990 | steps_t:     0 | t: 2.948169 | r:  -507.000000 | e:   1.000000 | Q:        nan | won: False 
#  450 | steps:  5002 | steps_t:     0 | t: 5.425310 | r:  -511.000000 | e:   1.000000 | Q:        nan | won: False 
#  451 | steps:  5023 | steps_t:    20 | t: 5.676325 | r:  -520.000000 | e:   0.998000 | Q:        nan | won: False 
#  452 | steps:  5031 | steps_t:    27 | t: 5.757329 | r:  -507.000000 | e:   0.997300 | Q:        nan | won: False 
#  453 | steps:  5039 | steps_t:    34 | t: 5.830333 | r:  -507.000000 | e:   0.996600 | Q:        nan | won: False 
#  454 | steps:  5045 | steps_t:    39 | t: 5.889337 | r:  -505.000000 | e:   0.996100 | Q:        nan | won: False 
#  455 | steps:  5054 | steps_t:    47 | t: 5.979342 | r:  -508.000000 | e:   0.995300 | Q:        nan | won: False 
#  456 | steps:  5062 | steps_t:    54 | t: 6.056346 | r:  -507.000000 | e:   0.994600 | Q:        nan | won: False 
#  457 | steps:  5071 | steps_t:    62 | t: 6.151352 | r:  -508.000000 | e:   0.993800 | Q:        nan | won: False 
#  458 | steps:  5088 | steps_t:    78 | t: 6.330362 | r:  -516.000000 | e:   0.992200 | Q:        nan | won: False 
#  459 | steps:  5099 | steps_t:    88 | t: 6.439368 | r:  -510.000000 | e:   0.991200 | Q:        nan | won: False 
#  460 | steps:  5123 | steps_t:   111 | t: 6.746386 | r:  -523.000000 | e:   0.988900 | Q:        nan | won: False 
#  461 | steps:  5134 | steps_t:   121 | t: 6.877393 | r:  -510.000000 | e:   0.987900 | Q:        nan | won: False 
#  462 | steps:  5154 | steps_t:   140 | t: 7.095406 | r:  -519.000000 | e:   0.986000 | Q:        nan | won: False 
#  463 | steps:  5164 | steps_t:   149 | t: 7.201412 | r:  -509.000000 | e:   0.985100 | Q:        nan | won: False 
#  464 | steps:  5175 | steps_t:   159 | t: 7.304418 | r:  -510.000000 | e:   0.984100 | Q:        nan | won: False 
#  465 | steps:  5186 | steps_t:   169 | t: 7.418424 | r:  -510.000000 | e:   0.983100 | Q:        nan | won: False 
#  466 | steps:  5204 | steps_t:   186 | t: 7.643437 | r:  -517.000000 | e:   0.981400 | Q: -292.603821 | won: False 
#  467 | steps:  5211 | steps_t:   192 | t: 7.715441 | r:  -506.000000 | e:   0.980800 | Q: -295.139893 | won: False 
#  468 | steps:  5217 | steps_t:   197 | t: 7.779445 | r:  -505.000000 | e:   0.980300 | Q:        nan | won: False 
#  469 | steps:  5229 | steps_t:   208 | t: 7.892451 | r:  -511.000000 | e:   0.979200 | Q:        nan | won: False 
#  470 | steps:  5244 | steps_t:   222 | t: 8.055461 | r:  -492.000000 | e:   0.977800 | Q: -314.522125 | won: False 
#  471 | steps:  5254 | steps_t:   231 | t: 8.150466 | r:  -509.000000 | e:   0.976900 | Q:        nan | won: False 
#  472 | steps:  5263 | steps_t:   239 | t: 8.243471 | r:  -508.000000 | e:   0.976100 | Q:        nan | won: False 
#  473 | steps:  5273 | steps_t:   248 | t: 8.336477 | r:  -509.000000 | e:   0.975200 | Q:        nan | won: False 
#  474 | steps:  5282 | steps_t:   256 | t: 8.427482 | r:  -508.000000 | e:   0.974400 | Q:        nan | won: False 
#  475 | steps:  5291 | steps_t:   264 | t: 8.510487 | r:  -508.000000 | e:   0.973600 | Q:        nan | won: False 
#  476 | steps:  5300 | steps_t:   272 | t: 8.599492 | r:  -508.000000 | e:   0.972800 | Q:        nan | won: False 
#  477 | steps:  5309 | steps_t:   280 | t: 8.689497 | r:  -508.000000 | e:   0.972000 | Q: -303.683929 | won: False 
#  478 | steps:  5330 | steps_t:   300 | t: 8.905509 | r:  -520.000000 | e:   0.970000 | Q: -311.969604 | won: False 
#  479 | steps:  5343 | steps_t:   312 | t: 9.033517 | r:  -512.000000 | e:   0.968800 | Q:        nan | won: False 
#  480 | steps:  5357 | steps_t:   325 | t: 9.195526 | r:  -513.000000 | e:   0.967500 | Q: -322.052643 | won: False 
#  481 | steps:  5369 | steps_t:   336 | t: 9.323533 | r:  -511.000000 | e:   0.966400 | Q:        nan | won: False 
#  482 | steps:  5382 | steps_t:   348 | t: 9.452541 | r:  -512.000000 | e:   0.965200 | Q:        nan | won: False 
#  483 | steps:  5405 | steps_t:   370 | t: 9.706555 | r:  -522.000000 | e:   0.963000 | Q:        nan | won: False 
#  484 | steps:  5417 | steps_t:   381 | t: 9.822562 | r:  -511.000000 | e:   0.961900 | Q: -332.444946 | won: False 
#  485 | steps:  5433 | steps_t:   396 | t: 9.986571 | r:  -504.000000 | e:   0.960400 | Q: -297.792267 | won: False 
#  486 | steps:  5441 | steps_t:   403 | t: 10.067576 | r:  -507.000000 | e:   0.959700 | Q:        nan | won: False 
#  487 | steps:  5451 | steps_t:   412 | t: 10.170582 | r:  -509.000000 | e:   0.958800 | Q:        nan | won: False 
#  488 | steps:  5457 | steps_t:   417 | t: 10.222585 | r:  -505.000000 | e:   0.958300 | Q:        nan | won: False 
#  489 | steps:  5463 | steps_t:   422 | t: 10.292589 | r:  -505.000000 | e:   0.957800 | Q: -291.151215 | won: False 
#  490 | steps:  5473 | steps_t:   431 | t: 10.403595 | r:  -509.000000 | e:   0.956900 | Q: -292.042297 | won: False 
#  491 | steps:  5483 | steps_t:   440 | t: 10.517601 | r:  -509.000000 | e:   0.956000 | Q:        nan | won: False 
#  492 | steps:  5499 | steps_t:   455 | t: 10.684611 | r:  -515.000000 | e:   0.954500 | Q:        nan | won: False 
#  493 | steps:  5510 | steps_t:   465 | t: 10.793617 | r:  -510.000000 | e:   0.953500 | Q:        nan | won: False 
#  494 | steps:  5518 | steps_t:   472 | t: 10.874622 | r:  -507.000000 | e:   0.952800 | Q:        nan | won: False 
#  495 | steps:  5529 | steps_t:   482 | t: 10.989629 | r:  -510.000000 | e:   0.951800 | Q:        nan | won: False 
#  496 | steps:  5542 | steps_t:   494 | t: 11.143637 | r:  -512.000000 | e:   0.950600 | Q:        nan | won: False 
#  497 | steps:  5550 | steps_t:   501 | t: 11.223642 | r:  -507.000000 | e:   0.949900 | Q: -307.633392 | won: False 
#  498 | steps:  5557 | steps_t:   507 | t: 11.298646 | r:  -506.000000 | e:   0.949300 | Q:        nan | won: False 
#  499 | steps:  5563 | steps_t:   512 | t: 11.358650 | r:  -505.000000 | e:   0.948800 | Q:        nan | won: False 
#  500 | steps:  5576 | steps_t:   524 | t: 11.493657 | r:  -512.000000 | e:   0.947600 | Q: -278.359100 | won: False 
#  501 | steps:  5585 | steps_t:   532 | t: 11.593663 | r:  -508.000000 | e:   0.946800 | Q:        nan | won: False 
#  502 | steps:  5595 | steps_t:   541 | t: 11.689669 | r:  -509.000000 | e:   0.945900 | Q:        nan | won: False 
#  503 | steps:  5606 | steps_t:   551 | t: 11.803675 | r:  -510.000000 | e:   0.944900 | Q:        nan | won: False 
#  504 | steps:  5614 | steps_t:   558 | t: 11.879679 | r:  -507.000000 | e:   0.944200 | Q:        nan | won: False 
#  505 | steps:  5623 | steps_t:   566 | t: 12.002687 | r:  -508.000000 | e:   0.943400 | Q:        nan | won: False 
#  506 | steps:  5634 | steps_t:   576 | t: 12.134694 | r:  -510.000000 | e:   0.942400 | Q:        nan | won: False 
#  507 | steps:  5643 | steps_t:   584 | t: 12.246700 | r:  -508.000000 | e:   0.941600 | Q: -303.661407 | won: False 
#  508 | steps:  5652 | steps_t:   592 | t: 12.342706 | r:  -508.000000 | e:   0.940800 | Q: -294.220947 | won: False 
#  509 | steps:  5659 | steps_t:   598 | t: 12.416710 | r:  -506.000000 | e:   0.940200 | Q:        nan | won: False 
#  510 | steps:  5677 | steps_t:   615 | t: 12.607721 | r:  -517.000000 | e:   0.938500 | Q: -281.587799 | won: False 
#  511 | steps:  5686 | steps_t:   623 | t: 12.688726 | r:  -508.000000 | e:   0.937700 | Q: -301.084229 | won: False 
