#    1 | steps:    13 | steps_t:     0 | t: 0.017001 | r:  -512.000000 | e:   1.000000 | Q:        nan | won: False 
#    2 | steps:    27 | steps_t:     0 | t: 0.026001 | r:  -502.000000 | e:   1.000000 | Q:        nan | won: False 
#    3 | steps:    34 | steps_t:     0 | t: 0.032002 | r:  -506.000000 | e:   1.000000 | Q:        nan | won: False 
#    4 | steps:    42 | steps_t:     0 | t: 0.039002 | r:  -507.000000 | e:   1.000000 | Q:        nan | won: False 
#    5 | steps:    51 | steps_t:     0 | t: 0.043003 | r:  -508.000000 | e:   1.000000 | Q:        nan | won: False 
#    6 | steps:    60 | steps_t:     0 | t: 0.049003 | r:  -508.000000 | e:   1.000000 | Q:        nan | won: False 
#    7 | steps:    66 | steps_t:     0 | t: 0.053003 | r:  -505.000000 | e:   1.000000 | Q:        nan | won: False 
#    8 | steps:    74 | steps_t:     0 | t: 0.068004 | r:  -507.000000 | e:   1.000000 | Q:        nan | won: False 
#    9 | steps:    83 | steps_t:     0 | t: 0.073004 | r:  -508.000000 | e:   1.000000 | Q:        nan | won: False 
#   10 | steps:   103 | steps_t:     0 | t: 0.082005 | r:  -519.000000 | e:   1.000000 | Q:        nan | won: False 
#   11 | steps:   113 | steps_t:     0 | t: 0.087005 | r:  -509.000000 | e:   1.000000 | Q:        nan | won: False 
#   12 | steps:   120 | steps_t:     0 | t: 0.091005 | r:  -506.000000 | e:   1.000000 | Q:        nan | won: False 
#   13 | steps:   130 | steps_t:     0 | t: 0.159009 | r:  -509.000000 | e:   1.000000 | Q:        nan | won: False 
#   14 | steps:   139 | steps_t:     0 | t: 0.173010 | r:  -508.000000 | e:   1.000000 | Q:        nan | won: False 
#   15 | steps:   147 | steps_t:     0 | t: 0.189011 | r:  -507.000000 | e:   1.000000 | Q:        nan | won: False 
#   16 | steps:   163 | steps_t:     0 | t: 0.204012 | r:  -515.000000 | e:   1.000000 | Q:        nan | won: False 
#   17 | steps:   170 | steps_t:     0 | t: 0.207012 | r:  -506.000000 | e:   1.000000 | Q:        nan | won: False 
#   18 | steps:   180 | steps_t:     0 | t: 0.212012 | r:  -509.000000 | e:   1.000000 | Q:        nan | won: False 
#   19 | steps:   203 | steps_t:     0 | t: 0.226013 | r:  -522.000000 | e:   1.000000 | Q:        nan | won: False 
#   20 | steps:   220 | steps_t:     0 | t: 0.234014 | r:  -516.000000 | e:   1.000000 | Q:        nan | won: False 
#   21 | steps:   236 | steps_t:     0 | t: 0.242014 | r:  -515.000000 | e:   1.000000 | Q:        nan | won: False 
#   22 | steps:   243 | steps_t:     0 | t: 0.246014 | r:  -506.000000 | e:   1.000000 | Q:        nan | won: False 
#   23 | steps:   253 | steps_t:     0 | t: 0.251014 | r:  -509.000000 | e:   1.000000 | Q:        nan | won: False 
#   24 | steps:   268 | steps_t:     0 | t: 0.258015 | r:  -514.000000 | e:   1.000000 | Q:        nan | won: False 
#   25 | steps:   279 | steps_t:     0 | t: 0.264015 | r:  -510.000000 | e:   1.000000 | Q:        nan | won: False 
#   26 | steps:   295 | steps_t:     0 | t: 0.272016 | r:  -504.000000 | e:   1.000000 | Q:        nan | won: False 
#   27 | steps:   306 | steps_t:     0 | t: 0.277016 | r:  -510.000000 | e:   1.000000 | Q:        nan | won: False 
#   28 | steps:   317 | steps_t:     0 | t: 0.282016 | r:  -510.000000 | e:   1.000000 | Q:        nan | won: False 
#   29 | steps:   330 | steps_t:     0 | t: 0.288017 | r:  -512.000000 | e:   1.000000 | Q:        nan | won: False 
#   30 | steps:   340 | steps_t:     0 | t: 0.293017 | r:  -509.000000 | e:   1.000000 | Q:        nan | won: False 
#   31 | steps:   348 | steps_t:     0 | t: 0.297017 | r:  -507.000000 | e:   1.000000 | Q:        nan | won: False 
#   32 | steps:   356 | steps_t:     0 | t: 0.301018 | r:  -507.000000 | e:   1.000000 | Q:        nan | won: False 
#   33 | steps:   374 | steps_t:     0 | t: 0.310018 | r:  -506.000000 | e:   1.000000 | Q:        nan | won: False 
#   34 | steps:   385 | steps_t:     0 | t: 0.315018 | r:  -510.000000 | e:   1.000000 | Q:        nan | won: False 
#   35 | steps:   391 | steps_t:     0 | t: 0.318018 | r:  -505.000000 | e:   1.000000 | Q:        nan | won: False 
#   36 | steps:   406 | steps_t:     0 | t: 0.325019 | r:  -514.000000 | e:   1.000000 | Q:        nan | won: False 
#   37 | steps:   426 | steps_t:     0 | t: 0.335019 | r:  -519.000000 | e:   1.000000 | Q:        nan | won: False 
#   38 | steps:   446 | steps_t:     0 | t: 0.344020 | r:  -519.000000 | e:   1.000000 | Q:        nan | won: False 
#   39 | steps:   463 | steps_t:     0 | t: 0.352020 | r:  -516.000000 | e:   1.000000 | Q:        nan | won: False 
#   40 | steps:   470 | steps_t:     0 | t: 0.356020 | r:  -506.000000 | e:   1.000000 | Q:        nan | won: False 
#   41 | steps:   477 | steps_t:     0 | t: 0.360021 | r:  -506.000000 | e:   1.000000 | Q:        nan | won: False 
#   42 | steps:   484 | steps_t:     0 | t: 0.363021 | r:  -506.000000 | e:   1.000000 | Q:        nan | won: False 
#   43 | steps:   493 | steps_t:     0 | t: 0.368021 | r:  -508.000000 | e:   1.000000 | Q:        nan | won: False 
#   44 | steps:   505 | steps_t:     0 | t: 0.375022 | r:  -511.000000 | e:   1.000000 | Q:        nan | won: False 
#   45 | steps:   518 | steps_t:     0 | t: 0.382022 | r:  -512.000000 | e:   1.000000 | Q:        nan | won: False 
#   46 | steps:   527 | steps_t:     0 | t: 0.387022 | r:  -508.000000 | e:   1.000000 | Q:        nan | won: False 
#   47 | steps:   534 | steps_t:     0 | t: 0.390023 | r:  -506.000000 | e:   1.000000 | Q:        nan | won: False 
#   48 | steps:   550 | steps_t:     0 | t: 0.399023 | r:  -515.000000 | e:   1.000000 | Q:        nan | won: False 
#   49 | steps:   573 | steps_t:     0 | t: 0.412024 | r:  -511.000000 | e:   1.000000 | Q:        nan | won: False 
#   50 | steps:   581 | steps_t:     0 | t: 0.417024 | r:  -507.000000 | e:   1.000000 | Q:        nan | won: False 
#   51 | steps:   587 | steps_t:     0 | t: 0.421024 | r:  -505.000000 | e:   1.000000 | Q:        nan | won: False 
#   52 | steps:   605 | steps_t:     0 | t: 0.430025 | r:  -517.000000 | e:   1.000000 | Q:        nan | won: False 
#   53 | steps:   617 | steps_t:     0 | t: 0.436025 | r:  -511.000000 | e:   1.000000 | Q:        nan | won: False 
#   54 | steps:   631 | steps_t:     0 | t: 0.443026 | r:  -513.000000 | e:   1.000000 | Q:        nan | won: False 
#   55 | steps:   641 | steps_t:     0 | t: 0.449026 | r:  -509.000000 | e:   1.000000 | Q:        nan | won: False 
#   56 | steps:   651 | steps_t:     0 | t: 0.456026 | r:  -509.000000 | e:   1.000000 | Q:        nan | won: False 
#   57 | steps:   670 | steps_t:     0 | t: 0.465027 | r:  -507.000000 | e:   1.000000 | Q:        nan | won: False 
#   58 | steps:   678 | steps_t:     0 | t: 0.469027 | r:  -507.000000 | e:   1.000000 | Q:        nan | won: False 
#   59 | steps:   684 | steps_t:     0 | t: 0.474027 | r:  -505.000000 | e:   1.000000 | Q:        nan | won: False 
#   60 | steps:   704 | steps_t:     0 | t: 0.484028 | r:  -519.000000 | e:   1.000000 | Q:        nan | won: False 
#   61 | steps:   716 | steps_t:     0 | t: 0.490028 | r:  -511.000000 | e:   1.000000 | Q:        nan | won: False 
#   62 | steps:   728 | steps_t:     0 | t: 0.496028 | r:  -511.000000 | e:   1.000000 | Q:        nan | won: False 
#   63 | steps:   733 | steps_t:     0 | t: 0.499029 | r:  -504.000000 | e:   1.000000 | Q:        nan | won: False 
#   64 | steps:   742 | steps_t:     0 | t: 0.503029 | r:  -508.000000 | e:   1.000000 | Q:        nan | won: False 
#   65 | steps:   764 | steps_t:     0 | t: 0.514030 | r:  -521.000000 | e:   1.000000 | Q:        nan | won: False 
#   66 | steps:   783 | steps_t:     0 | t: 0.523030 | r:  -518.000000 | e:   1.000000 | Q:        nan | won: False 
#   67 | steps:   798 | steps_t:     0 | t: 0.531031 | r:  -514.000000 | e:   1.000000 | Q:        nan | won: False 
#   68 | steps:   808 | steps_t:     0 | t: 0.536031 | r:  -509.000000 | e:   1.000000 | Q:        nan | won: False 
#   69 | steps:   814 | steps_t:     0 | t: 0.539031 | r:  -505.000000 | e:   1.000000 | Q:        nan | won: False 
#   70 | steps:   821 | steps_t:     0 | t: 0.543031 | r:  -506.000000 | e:   1.000000 | Q:        nan | won: False 
#   71 | steps:   830 | steps_t:     0 | t: 0.547031 | r:  -508.000000 | e:   1.000000 | Q:        nan | won: False 
#   72 | steps:   839 | steps_t:     0 | t: 0.552032 | r:  -508.000000 | e:   1.000000 | Q:        nan | won: False 
#   73 | steps:   850 | steps_t:     0 | t: 0.558032 | r:  -510.000000 | e:   1.000000 | Q:        nan | won: False 
#   74 | steps:   862 | steps_t:     0 | t: 0.565032 | r:  -511.000000 | e:   1.000000 | Q:        nan | won: False 
#   75 | steps:   870 | steps_t:     0 | t: 0.569033 | r:  -507.000000 | e:   1.000000 | Q:        nan | won: False 
#   76 | steps:   876 | steps_t:     0 | t: 0.572033 | r:  -505.000000 | e:   1.000000 | Q:        nan | won: False 
#   77 | steps:   883 | steps_t:     0 | t: 0.576033 | r:  -506.000000 | e:   1.000000 | Q:        nan | won: False 
#   78 | steps:   891 | steps_t:     0 | t: 0.580033 | r:  -507.000000 | e:   1.000000 | Q:        nan | won: False 
#   79 | steps:   903 | steps_t:     0 | t: 0.586034 | r:  -511.000000 | e:   1.000000 | Q:        nan | won: False 
#   80 | steps:   910 | steps_t:     0 | t: 0.590034 | r:  -506.000000 | e:   1.000000 | Q:        nan | won: False 
#   81 | steps:   918 | steps_t:     0 | t: 0.594034 | r:  -507.000000 | e:   1.000000 | Q:        nan | won: False 
#   82 | steps:   928 | steps_t:     0 | t: 0.600034 | r:  -509.000000 | e:   1.000000 | Q:        nan | won: False 
#   83 | steps:   933 | steps_t:     0 | t: 0.603035 | r:  -504.000000 | e:   1.000000 | Q:        nan | won: False 
#   84 | steps:   939 | steps_t:     0 | t: 0.606035 | r:  -505.000000 | e:   1.000000 | Q:        nan | won: False 
#   85 | steps:   949 | steps_t:     0 | t: 0.611035 | r:  -509.000000 | e:   1.000000 | Q:        nan | won: False 
#   86 | steps:   961 | steps_t:     0 | t: 0.617035 | r:  -511.000000 | e:   1.000000 | Q:        nan | won: False 
#   87 | steps:   967 | steps_t:     0 | t: 0.621036 | r:  -505.000000 | e:   1.000000 | Q:        nan | won: False 
#   88 | steps:   981 | steps_t:     0 | t: 0.628036 | r:  -513.000000 | e:   1.000000 | Q:        nan | won: False 
#   89 | steps:   991 | steps_t:     0 | t: 0.633036 | r:  -509.000000 | e:   1.000000 | Q:        nan | won: False 
#   90 | steps:   999 | steps_t:     0 | t: 0.637037 | r:  -507.000000 | e:   1.000000 | Q:        nan | won: False 
#   91 | steps:  1013 | steps_t:     0 | t: 0.644037 | r:  -513.000000 | e:   1.000000 | Q:        nan | won: False 
#   92 | steps:  1019 | steps_t:     0 | t: 0.648037 | r:  -505.000000 | e:   1.000000 | Q:        nan | won: False 
#   93 | steps:  1026 | steps_t:     0 | t: 0.654037 | r:  -506.000000 | e:   1.000000 | Q:        nan | won: False 
#   94 | steps:  1043 | steps_t:     0 | t: 0.662038 | r:  -516.000000 | e:   1.000000 | Q:        nan | won: False 
#   95 | steps:  1052 | steps_t:     0 | t: 0.667038 | r:  -508.000000 | e:   1.000000 | Q:        nan | won: False 
#   96 | steps:  1059 | steps_t:     0 | t: 0.671039 | r:  -506.000000 | e:   1.000000 | Q:        nan | won: False 
#   97 | steps:  1067 | steps_t:     0 | t: 0.675039 | r:  -507.000000 | e:   1.000000 | Q:        nan | won: False 
#   98 | steps:  1078 | steps_t:     0 | t: 0.682039 | r:  -510.000000 | e:   1.000000 | Q:        nan | won: False 
#   99 | steps:  1086 | steps_t:     0 | t: 0.686039 | r:  -507.000000 | e:   1.000000 | Q:        nan | won: False 
#  100 | steps:  1094 | steps_t:     0 | t: 0.690040 | r:  -507.000000 | e:   1.000000 | Q:        nan | won: False 
#  101 | steps:  1111 | steps_t:     0 | t: 0.698040 | r:  -516.000000 | e:   1.000000 | Q:        nan | won: False 
#  102 | steps:  1121 | steps_t:     0 | t: 0.703040 | r:  -509.000000 | e:   1.000000 | Q:        nan | won: False 
#  103 | steps:  1132 | steps_t:     0 | t: 0.708040 | r:  -510.000000 | e:   1.000000 | Q:        nan | won: False 
#  104 | steps:  1141 | steps_t:     0 | t: 0.713041 | r:  -508.000000 | e:   1.000000 | Q:        nan | won: False 
#  105 | steps:  1152 | steps_t:     0 | t: 0.718041 | r:  -510.000000 | e:   1.000000 | Q:        nan | won: False 
#  106 | steps:  1164 | steps_t:     0 | t: 0.725041 | r:  -511.000000 | e:   1.000000 | Q:        nan | won: False 
#  107 | steps:  1171 | steps_t:     0 | t: 0.728042 | r:  -506.000000 | e:   1.000000 | Q:        nan | won: False 
#  108 | steps:  1187 | steps_t:     0 | t: 0.736042 | r:  -515.000000 | e:   1.000000 | Q:        nan | won: False 
#  109 | steps:  1199 | steps_t:     0 | t: 0.742043 | r:  -511.000000 | e:   1.000000 | Q:        nan | won: False 
#  110 | steps:  1214 | steps_t:     0 | t: 0.749043 | r:  -514.000000 | e:   1.000000 | Q:        nan | won: False 
#  111 | steps:  1236 | steps_t:     0 | t: 0.759043 | r:  -521.000000 | e:   1.000000 | Q:        nan | won: False 
#  112 | steps:  1244 | steps_t:     0 | t: 0.763044 | r:  -507.000000 | e:   1.000000 | Q:        nan | won: False 
#  113 | steps:  1259 | steps_t:     0 | t: 0.770044 | r:  -514.000000 | e:   1.000000 | Q:        nan | won: False 
#  114 | steps:  1271 | steps_t:     0 | t: 0.776044 | r:  -511.000000 | e:   1.000000 | Q:        nan | won: False 
#  115 | steps:  1287 | steps_t:     0 | t: 0.784045 | r:  -515.000000 | e:   1.000000 | Q:        nan | won: False 
#  116 | steps:  1306 | steps_t:     0 | t: 0.793046 | r:  -518.000000 | e:   1.000000 | Q:        nan | won: False 
#  117 | steps:  1312 | steps_t:     0 | t: 0.797046 | r:  -505.000000 | e:   1.000000 | Q:        nan | won: False 
#  118 | steps:  1323 | steps_t:     0 | t: 0.802046 | r:  -510.000000 | e:   1.000000 | Q:        nan | won: False 
#  119 | steps:  1333 | steps_t:     0 | t: 0.807046 | r:  -509.000000 | e:   1.000000 | Q:        nan | won: False 
#  120 | steps:  1357 | steps_t:     0 | t: 0.819047 | r:  -523.000000 | e:   1.000000 | Q:        nan | won: False 
#  121 | steps:  1365 | steps_t:     0 | t: 0.823047 | r:  -507.000000 | e:   1.000000 | Q:        nan | won: False 
#  122 | steps:  1372 | steps_t:     0 | t: 0.827048 | r:  -506.000000 | e:   1.000000 | Q:        nan | won: False 
#  123 | steps:  1378 | steps_t:     0 | t: 0.830048 | r:  -505.000000 | e:   1.000000 | Q:        nan | won: False 
#  124 | steps:  1387 | steps_t:     0 | t: 0.834048 | r:  -508.000000 | e:   1.000000 | Q:        nan | won: False 
#  125 | steps:  1395 | steps_t:     0 | t: 0.839048 | r:  -507.000000 | e:   1.000000 | Q:        nan | won: False 
#  126 | steps:  1405 | steps_t:     0 | t: 0.844049 | r:  -509.000000 | e:   1.000000 | Q:        nan | won: False 
#  127 | steps:  1414 | steps_t:     0 | t: 0.848048 | r:  -508.000000 | e:   1.000000 | Q:        nan | won: False 
#  128 | steps:  1422 | steps_t:     0 | t: 0.853049 | r:  -507.000000 | e:   1.000000 | Q:        nan | won: False 
#  129 | steps:  1431 | steps_t:     0 | t: 0.858049 | r:  -508.000000 | e:   1.000000 | Q:        nan | won: False 
#  130 | steps:  1449 | steps_t:     0 | t: 0.867050 | r:  -517.000000 | e:   1.000000 | Q:        nan | won: False 
#  131 | steps:  1456 | steps_t:     0 | t: 0.871050 | r:  -506.000000 | e:   1.000000 | Q:        nan | won: False 
#  132 | steps:  1463 | steps_t:     0 | t: 0.876050 | r:  -506.000000 | e:   1.000000 | Q:        nan | won: False 
#  133 | steps:  1469 | steps_t:     0 | t: 0.879050 | r:  -505.000000 | e:   1.000000 | Q:        nan | won: False 
#  134 | steps:  1483 | steps_t:     0 | t: 0.885051 | r:  -513.000000 | e:   1.000000 | Q:        nan | won: False 
#  135 | steps:  1490 | steps_t:     0 | t: 0.889051 | r:  -506.000000 | e:   1.000000 | Q:        nan | won: False 
#  136 | steps:  1511 | steps_t:     0 | t: 0.899052 | r:  -520.000000 | e:   1.000000 | Q:        nan | won: False 
#  137 | steps:  1517 | steps_t:     0 | t: 0.902052 | r:  -505.000000 | e:   1.000000 | Q:        nan | won: False 
#  138 | steps:  1526 | steps_t:     0 | t: 0.908052 | r:  -508.000000 | e:   1.000000 | Q:        nan | won: False 
#  139 | steps:  1538 | steps_t:     0 | t: 0.913053 | r:  -511.000000 | e:   1.000000 | Q:        nan | won: False 
#  140 | steps:  1544 | steps_t:     0 | t: 0.916053 | r:  -505.000000 | e:   1.000000 | Q:        nan | won: False 
#  141 | steps:  1552 | steps_t:     0 | t: 0.921053 | r:  -507.000000 | e:   1.000000 | Q:        nan | won: False 
#  142 | steps:  1559 | steps_t:     0 | t: 0.924053 | r:  -506.000000 | e:   1.000000 | Q:        nan | won: False 
#  143 | steps:  1566 | steps_t:     0 | t: 0.928053 | r:  -506.000000 | e:   1.000000 | Q:        nan | won: False 
#  144 | steps:  1579 | steps_t:     0 | t: 0.934053 | r:  -512.000000 | e:   1.000000 | Q:        nan | won: False 
#  145 | steps:  1589 | steps_t:     0 | t: 0.939054 | r:  -509.000000 | e:   1.000000 | Q:        nan | won: False 
#  146 | steps:  1596 | steps_t:     0 | t: 0.942054 | r:  -506.000000 | e:   1.000000 | Q:        nan | won: False 
#  147 | steps:  1613 | steps_t:     0 | t: 0.950054 | r:  -516.000000 | e:   1.000000 | Q:        nan | won: False 
#  148 | steps:  1625 | steps_t:     0 | t: 0.957055 | r:  -511.000000 | e:   1.000000 | Q:        nan | won: False 
#  149 | steps:  1632 | steps_t:     0 | t: 0.960055 | r:  -506.000000 | e:   1.000000 | Q:        nan | won: False 
#  150 | steps:  1642 | steps_t:     0 | t: 0.965055 | r:  -509.000000 | e:   1.000000 | Q:        nan | won: False 
#  151 | steps:  1652 | steps_t:     0 | t: 0.970056 | r:  -509.000000 | e:   1.000000 | Q:        nan | won: False 
#  152 | steps:  1659 | steps_t:     0 | t: 0.974056 | r:  -506.000000 | e:   1.000000 | Q:        nan | won: False 
#  153 | steps:  1667 | steps_t:     0 | t: 0.978056 | r:  -507.000000 | e:   1.000000 | Q:        nan | won: False 
#  154 | steps:  1676 | steps_t:     0 | t: 0.982056 | r:  -508.000000 | e:   1.000000 | Q:        nan | won: False 
#  155 | steps:  1682 | steps_t:     0 | t: 0.986057 | r:  -505.000000 | e:   1.000000 | Q:        nan | won: False 
#  156 | steps:  1691 | steps_t:     0 | t: 0.990057 | r:  -508.000000 | e:   1.000000 | Q:        nan | won: False 
#  157 | steps:  1702 | steps_t:     0 | t: 0.996057 | r:  -510.000000 | e:   1.000000 | Q:        nan | won: False 
#  158 | steps:  1712 | steps_t:     0 | t: 1.001057 | r:  -509.000000 | e:   1.000000 | Q:        nan | won: False 
#  159 | steps:  1720 | steps_t:     0 | t: 1.005058 | r:  -507.000000 | e:   1.000000 | Q:        nan | won: False 
#  160 | steps:  1727 | steps_t:     0 | t: 1.010058 | r:  -506.000000 | e:   1.000000 | Q:        nan | won: False 
#  161 | steps:  1735 | steps_t:     0 | t: 1.014058 | r:  -507.000000 | e:   1.000000 | Q:        nan | won: False 
#  162 | steps:  1745 | steps_t:     0 | t: 1.019058 | r:  -509.000000 | e:   1.000000 | Q:        nan | won: False 
#  163 | steps:  1756 | steps_t:     0 | t: 1.025059 | r:  -510.000000 | e:   1.000000 | Q:        nan | won: False 
#  164 | steps:  1762 | steps_t:     0 | t: 1.028059 | r:  -505.000000 | e:   1.000000 | Q:        nan | won: False 
#  165 | steps:  1770 | steps_t:     0 | t: 1.032059 | r:  -507.000000 | e:   1.000000 | Q:        nan | won: False 
#  166 | steps:  1780 | steps_t:     0 | t: 1.037059 | r:  -509.000000 | e:   1.000000 | Q:        nan | won: False 
#  167 | steps:  1789 | steps_t:     0 | t: 1.042060 | r:  -508.000000 | e:   1.000000 | Q:        nan | won: False 
#  168 | steps:  1809 | steps_t:     0 | t: 1.052060 | r:  -519.000000 | e:   1.000000 | Q:        nan | won: False 
#  169 | steps:  1817 | steps_t:     0 | t: 1.056061 | r:  -507.000000 | e:   1.000000 | Q:        nan | won: False 
#  170 | steps:  1827 | steps_t:     0 | t: 1.062061 | r:  -509.000000 | e:   1.000000 | Q:        nan | won: False 
#  171 | steps:  1838 | steps_t:     0 | t: 1.067061 | r:  -510.000000 | e:   1.000000 | Q:        nan | won: False 
#  172 | steps:  1848 | steps_t:     0 | t: 1.074062 | r:  -509.000000 | e:   1.000000 | Q:        nan | won: False 
#  173 | steps:  1854 | steps_t:     0 | t: 1.077062 | r:  -505.000000 | e:   1.000000 | Q:        nan | won: False 
#  174 | steps:  1867 | steps_t:     0 | t: 1.083062 | r:  -512.000000 | e:   1.000000 | Q:        nan | won: False 
#  175 | steps:  1880 | steps_t:     0 | t: 1.090062 | r:  -512.000000 | e:   1.000000 | Q:        nan | won: False 
#  176 | steps:  1886 | steps_t:     0 | t: 1.093063 | r:  -505.000000 | e:   1.000000 | Q:        nan | won: False 
#  177 | steps:  1892 | steps_t:     0 | t: 1.096063 | r:  -505.000000 | e:   1.000000 | Q:        nan | won: False 
#  178 | steps:  1901 | steps_t:     0 | t: 1.100063 | r:  -508.000000 | e:   1.000000 | Q:        nan | won: False 
#  179 | steps:  1909 | steps_t:     0 | t: 1.104063 | r:  -507.000000 | e:   1.000000 | Q:        nan | won: False 
#  180 | steps:  1917 | steps_t:     0 | t: 1.108063 | r:  -507.000000 | e:   1.000000 | Q:        nan | won: False 
#  181 | steps:  1930 | steps_t:     0 | t: 1.114064 | r:  -512.000000 | e:   1.000000 | Q:        nan | won: False 
#  182 | steps:  1936 | steps_t:     0 | t: 1.118064 | r:  -505.000000 | e:   1.000000 | Q:        nan | won: False 
#  183 | steps:  1952 | steps_t:     0 | t: 1.126065 | r:  -515.000000 | e:   1.000000 | Q:        nan | won: False 
#  184 | steps:  1959 | steps_t:     0 | t: 1.129065 | r:  -506.000000 | e:   1.000000 | Q:        nan | won: False 
#  185 | steps:  1965 | steps_t:     0 | t: 1.132065 | r:  -505.000000 | e:   1.000000 | Q:        nan | won: False 
#  186 | steps:  1977 | steps_t:     0 | t: 1.138065 | r:  -511.000000 | e:   1.000000 | Q:        nan | won: False 
#  187 | steps:  1996 | steps_t:     0 | t: 1.147066 | r:  -507.000000 | e:   1.000000 | Q:        nan | won: False 
#  188 | steps:  2007 | steps_t:     0 | t: 1.153066 | r:  -510.000000 | e:   1.000000 | Q:        nan | won: False 
#  189 | steps:  2017 | steps_t:     0 | t: 1.158066 | r:  -509.000000 | e:   1.000000 | Q:        nan | won: False 
#  190 | steps:  2026 | steps_t:     0 | t: 1.162066 | r:  -508.000000 | e:   1.000000 | Q:        nan | won: False 
#  191 | steps:  2043 | steps_t:     0 | t: 1.171067 | r:  -516.000000 | e:   1.000000 | Q:        nan | won: False 
#  192 | steps:  2055 | steps_t:     0 | t: 1.176067 | r:  -511.000000 | e:   1.000000 | Q:        nan | won: False 
#  193 | steps:  2064 | steps_t:     0 | t: 1.181068 | r:  -508.000000 | e:   1.000000 | Q:        nan | won: False 
#  194 | steps:  2072 | steps_t:     0 | t: 1.184068 | r:  -507.000000 | e:   1.000000 | Q:        nan | won: False 
#  195 | steps:  2080 | steps_t:     0 | t: 1.189068 | r:  -507.000000 | e:   1.000000 | Q:        nan | won: False 
#  196 | steps:  2090 | steps_t:     0 | t: 1.194068 | r:  -509.000000 | e:   1.000000 | Q:        nan | won: False 
#  197 | steps:  2100 | steps_t:     0 | t: 1.200069 | r:  -509.000000 | e:   1.000000 | Q:        nan | won: False 
#  198 | steps:  2108 | steps_t:     0 | t: 1.204069 | r:  -507.000000 | e:   1.000000 | Q:        nan | won: False 
#  199 | steps:  2116 | steps_t:     0 | t: 1.207069 | r:  -507.000000 | e:   1.000000 | Q:        nan | won: False 
#  200 | steps:  2130 | steps_t:     0 | t: 1.214070 | r:  -513.000000 | e:   1.000000 | Q:        nan | won: False 
#  201 | steps:  2136 | steps_t:     0 | t: 1.217070 | r:  -505.000000 | e:   1.000000 | Q:        nan | won: False 
#  202 | steps:  2157 | steps_t:     0 | t: 1.227070 | r:  -520.000000 | e:   1.000000 | Q:        nan | won: False 
#  203 | steps:  2165 | steps_t:     0 | t: 1.231071 | r:  -507.000000 | e:   1.000000 | Q:        nan | won: False 
#  204 | steps:  2174 | steps_t:     0 | t: 1.236071 | r:  -508.000000 | e:   1.000000 | Q:        nan | won: False 
#  205 | steps:  2179 | steps_t:     0 | t: 1.239071 | r:  -504.000000 | e:   1.000000 | Q:        nan | won: False 
#  206 | steps:  2187 | steps_t:     0 | t: 1.243071 | r:  -507.000000 | e:   1.000000 | Q:        nan | won: False 
#  207 | steps:  2208 | steps_t:     0 | t: 1.253072 | r:  -520.000000 | e:   1.000000 | Q:        nan | won: False 
#  208 | steps:  2215 | steps_t:     0 | t: 1.257072 | r:  -506.000000 | e:   1.000000 | Q:        nan | won: False 
#  209 | steps:  2227 | steps_t:     0 | t: 1.263072 | r:  -511.000000 | e:   1.000000 | Q:        nan | won: False 
#  210 | steps:  2234 | steps_t:     0 | t: 1.267073 | r:  -506.000000 | e:   1.000000 | Q:        nan | won: False 
#  211 | steps:  2249 | steps_t:     0 | t: 1.274073 | r:  -492.000000 | e:   1.000000 | Q:        nan | won: False 
#  212 | steps:  2262 | steps_t:     0 | t: 1.281074 | r:  -512.000000 | e:   1.000000 | Q:        nan | won: False 
#  213 | steps:  2272 | steps_t:     0 | t: 1.286074 | r:  -509.000000 | e:   1.000000 | Q:        nan | won: False 
#  214 | steps:  2283 | steps_t:     0 | t: 1.291074 | r:  -510.000000 | e:   1.000000 | Q:        nan | won: False 
#  215 | steps:  2295 | steps_t:     0 | t: 1.297074 | r:  -511.000000 | e:   1.000000 | Q:        nan | won: False 
#  216 | steps:  2302 | steps_t:     0 | t: 1.300075 | r:  -506.000000 | e:   1.000000 | Q:        nan | won: False 
#  217 | steps:  2311 | steps_t:     0 | t: 1.305075 | r:  -508.000000 | e:   1.000000 | Q:        nan | won: False 
#  218 | steps:  2318 | steps_t:     0 | t: 1.309075 | r:  -506.000000 | e:   1.000000 | Q:        nan | won: False 
#  219 | steps:  2326 | steps_t:     0 | t: 1.313075 | r:  -507.000000 | e:   1.000000 | Q:        nan | won: False 
#  220 | steps:  2336 | steps_t:     0 | t: 1.317075 | r:  -509.000000 | e:   1.000000 | Q:        nan | won: False 
#  221 | steps:  2357 | steps_t:     0 | t: 1.328076 | r:  -520.000000 | e:   1.000000 | Q:        nan | won: False 
#  222 | steps:  2367 | steps_t:     0 | t: 1.333076 | r:  -509.000000 | e:   1.000000 | Q:        nan | won: False 
#  223 | steps:  2376 | steps_t:     0 | t: 1.337077 | r:  -508.000000 | e:   1.000000 | Q:        nan | won: False 
#  224 | steps:  2385 | steps_t:     0 | t: 1.342077 | r:  -508.000000 | e:   1.000000 | Q:        nan | won: False 
#  225 | steps:  2392 | steps_t:     0 | t: 1.345077 | r:  -506.000000 | e:   1.000000 | Q:        nan | won: False 
#  226 | steps:  2400 | steps_t:     0 | t: 1.348077 | r:  -507.000000 | e:   1.000000 | Q:        nan | won: False 
#  227 | steps:  2407 | steps_t:     0 | t: 1.352077 | r:  -506.000000 | e:   1.000000 | Q:        nan | won: False 
#  228 | steps:  2416 | steps_t:     0 | t: 1.356078 | r:  -508.000000 | e:   1.000000 | Q:        nan | won: False 
#  229 | steps:  2425 | steps_t:     0 | t: 1.361078 | r:  -508.000000 | e:   1.000000 | Q:        nan | won: False 
#  230 | steps:  2440 | steps_t:     0 | t: 1.368078 | r:  -514.000000 | e:   1.000000 | Q:        nan | won: False 
#  231 | steps:  2462 | steps_t:     0 | t: 1.378079 | r:  -521.000000 | e:   1.000000 | Q:        nan | won: False 
#  232 | steps:  2474 | steps_t:     0 | t: 1.384079 | r:  -511.000000 | e:   1.000000 | Q:        nan | won: False 
#  233 | steps:  2482 | steps_t:     0 | t: 1.388079 | r:  -507.000000 | e:   1.000000 | Q:        nan | won: False 
#  234 | steps:  2489 | steps_t:     0 | t: 1.392080 | r:  -506.000000 | e:   1.000000 | Q:        nan | won: False 
#  235 | steps:  2497 | steps_t:     0 | t: 1.397080 | r:  -507.000000 | e:   1.000000 | Q:        nan | won: False 
#  236 | steps:  2504 | steps_t:     0 | t: 1.400080 | r:  -506.000000 | e:   1.000000 | Q:        nan | won: False 
#  237 | steps:  2511 | steps_t:     0 | t: 1.404080 | r:  -506.000000 | e:   1.000000 | Q:        nan | won: False 
#  238 | steps:  2517 | steps_t:     0 | t: 1.407081 | r:  -505.000000 | e:   1.000000 | Q:        nan | won: False 
#  239 | steps:  2536 | steps_t:     0 | t: 1.415081 | r:  -518.000000 | e:   1.000000 | Q:        nan | won: False 
#  240 | steps:  2560 | steps_t:     0 | t: 1.428082 | r:  -523.000000 | e:   1.000000 | Q:        nan | won: False 
#  241 | steps:  2574 | steps_t:     0 | t: 1.435082 | r:  -513.000000 | e:   1.000000 | Q:        nan | won: False 
#  242 | steps:  2597 | steps_t:     0 | t: 1.447083 | r:  -522.000000 | e:   1.000000 | Q:        nan | won: False 
#  243 | steps:  2604 | steps_t:     0 | t: 1.450083 | r:  -506.000000 | e:   1.000000 | Q:        nan | won: False 
#  244 | steps:  2614 | steps_t:     0 | t: 1.456083 | r:  -509.000000 | e:   1.000000 | Q:        nan | won: False 
#  245 | steps:  2623 | steps_t:     0 | t: 1.460083 | r:  -508.000000 | e:   1.000000 | Q:        nan | won: False 
#  246 | steps:  2634 | steps_t:     0 | t: 1.468084 | r:  -510.000000 | e:   1.000000 | Q:        nan | won: False 
#  247 | steps:  2648 | steps_t:     0 | t: 1.475084 | r:  -513.000000 | e:   1.000000 | Q:        nan | won: False 
#  248 | steps:  2655 | steps_t:     0 | t: 1.479085 | r:  -506.000000 | e:   1.000000 | Q:        nan | won: False 
#  249 | steps:  2664 | steps_t:     0 | t: 1.483085 | r:  -508.000000 | e:   1.000000 | Q:        nan | won: False 
#  250 | steps:  2682 | steps_t:     0 | t: 1.493086 | r:  -506.000000 | e:   1.000000 | Q:        nan | won: False 
#  251 | steps:  2694 | steps_t:     0 | t: 1.499086 | r:  -511.000000 | e:   1.000000 | Q:        nan | won: False 
#  252 | steps:  2699 | steps_t:     0 | t: 1.501086 | r:  -504.000000 | e:   1.000000 | Q:        nan | won: False 
#  253 | steps:  2710 | steps_t:     0 | t: 1.507086 | r:  -510.000000 | e:   1.000000 | Q:        nan | won: False 
#  254 | steps:  2726 | steps_t:     0 | t: 1.514087 | r:  -504.000000 | e:   1.000000 | Q:        nan | won: False 
#  255 | steps:  2732 | steps_t:     0 | t: 1.517087 | r:  -505.000000 | e:   1.000000 | Q:        nan | won: False 
#  256 | steps:  2740 | steps_t:     0 | t: 1.521087 | r:  -507.000000 | e:   1.000000 | Q:        nan | won: False 
#  257 | steps:  2780 | steps_t:     0 | t: 1.540088 | r:  -528.000000 | e:   1.000000 | Q:        nan | won: False 
#  258 | steps:  2787 | steps_t:     0 | t: 1.544088 | r:  -506.000000 | e:   1.000000 | Q:        nan | won: False 
#  259 | steps:  2793 | steps_t:     0 | t: 1.547088 | r:  -505.000000 | e:   1.000000 | Q:        nan | won: False 
#  260 | steps:  2809 | steps_t:     0 | t: 1.555089 | r:  -515.000000 | e:   1.000000 | Q:        nan | won: False 
#  261 | steps:  2828 | steps_t:     0 | t: 1.564090 | r:  -518.000000 | e:   1.000000 | Q:        nan | won: False 
#  262 | steps:  2835 | steps_t:     0 | t: 1.568090 | r:  -506.000000 | e:   1.000000 | Q:        nan | won: False 
#  263 | steps:  2845 | steps_t:     0 | t: 1.573090 | r:  -509.000000 | e:   1.000000 | Q:        nan | won: False 
#  264 | steps:  2851 | steps_t:     0 | t: 1.577091 | r:  -505.000000 | e:   1.000000 | Q:        nan | won: False 
#  265 | steps:  2873 | steps_t:     0 | t: 1.587091 | r:  -521.000000 | e:   1.000000 | Q:        nan | won: False 
#  266 | steps:  2893 | steps_t:     0 | t: 1.598092 | r:  -519.000000 | e:   1.000000 | Q:        nan | won: False 
#  267 | steps:  2901 | steps_t:     0 | t: 1.602092 | r:  -507.000000 | e:   1.000000 | Q:        nan | won: False 
#  268 | steps:  2909 | steps_t:     0 | t: 1.607092 | r:  -507.000000 | e:   1.000000 | Q:        nan | won: False 
#  269 | steps:  2917 | steps_t:     0 | t: 1.611092 | r:  -507.000000 | e:   1.000000 | Q:        nan | won: False 
#  270 | steps:  2925 | steps_t:     0 | t: 1.615093 | r:  -507.000000 | e:   1.000000 | Q:        nan | won: False 
#  271 | steps:  2936 | steps_t:     0 | t: 1.621093 | r:  -510.000000 | e:   1.000000 | Q:        nan | won: False 
#  272 | steps:  2943 | steps_t:     0 | t: 1.625093 | r:  -506.000000 | e:   1.000000 | Q:        nan | won: False 
#  273 | steps:  2950 | steps_t:     0 | t: 1.629093 | r:  -506.000000 | e:   1.000000 | Q:        nan | won: False 
#  274 | steps:  2958 | steps_t:     0 | t: 1.635094 | r:  -507.000000 | e:   1.000000 | Q:        nan | won: False 
#  275 | steps:  2967 | steps_t:     0 | t: 1.641094 | r:  -508.000000 | e:   1.000000 | Q:        nan | won: False 
#  276 | steps:  2977 | steps_t:     0 | t: 1.649095 | r:  -509.000000 | e:   1.000000 | Q:        nan | won: False 
#  277 | steps:  2985 | steps_t:     0 | t: 1.654095 | r:  -507.000000 | e:   1.000000 | Q:        nan | won: False 
#  278 | steps:  2995 | steps_t:     0 | t: 1.662095 | r:  -509.000000 | e:   1.000000 | Q:        nan | won: False 
#  279 | steps:  3008 | steps_t:     0 | t: 1.669096 | r:  -512.000000 | e:   1.000000 | Q:        nan | won: False 
#  280 | steps:  3017 | steps_t:     0 | t: 1.673096 | r:  -508.000000 | e:   1.000000 | Q:        nan | won: False 
#  281 | steps:  3031 | steps_t:     0 | t: 1.681096 | r:  -502.000000 | e:   1.000000 | Q:        nan | won: False 
#  282 | steps:  3039 | steps_t:     0 | t: 1.686096 | r:  -507.000000 | e:   1.000000 | Q:        nan | won: False 
#  283 | steps:  3049 | steps_t:     0 | t: 1.691097 | r:  -509.000000 | e:   1.000000 | Q:        nan | won: False 
#  284 | steps:  3057 | steps_t:     0 | t: 1.696097 | r:  -507.000000 | e:   1.000000 | Q:        nan | won: False 
#  285 | steps:  3067 | steps_t:     0 | t: 1.701097 | r:  -509.000000 | e:   1.000000 | Q:        nan | won: False 
#  286 | steps:  3084 | steps_t:     0 | t: 1.709098 | r:  -516.000000 | e:   1.000000 | Q:        nan | won: False 
#  287 | steps:  3094 | steps_t:     0 | t: 1.713098 | r:  -509.000000 | e:   1.000000 | Q:        nan | won: False 
#  288 | steps:  3104 | steps_t:     0 | t: 1.718098 | r:  -509.000000 | e:   1.000000 | Q:        nan | won: False 
#  289 | steps:  3114 | steps_t:     0 | t: 1.723099 | r:  -509.000000 | e:   1.000000 | Q:        nan | won: False 
#  290 | steps:  3123 | steps_t:     0 | t: 1.729099 | r:  -508.000000 | e:   1.000000 | Q:        nan | won: False 
#  291 | steps:  3131 | steps_t:     0 | t: 1.734099 | r:  -507.000000 | e:   1.000000 | Q:        nan | won: False 
#  292 | steps:  3140 | steps_t:     0 | t: 1.740100 | r:  -508.000000 | e:   1.000000 | Q:        nan | won: False 
#  293 | steps:  3147 | steps_t:     0 | t: 1.745100 | r:  -506.000000 | e:   1.000000 | Q:        nan | won: False 
#  294 | steps:  3158 | steps_t:     0 | t: 1.751100 | r:  -510.000000 | e:   1.000000 | Q:        nan | won: False 
#  295 | steps:  3172 | steps_t:     0 | t: 1.759101 | r:  -513.000000 | e:   1.000000 | Q:        nan | won: False 
#  296 | steps:  3180 | steps_t:     0 | t: 1.765101 | r:  -507.000000 | e:   1.000000 | Q:        nan | won: False 
#  297 | steps:  3185 | steps_t:     0 | t: 1.769101 | r:  -504.000000 | e:   1.000000 | Q:        nan | won: False 
#  298 | steps:  3191 | steps_t:     0 | t: 1.773101 | r:  -505.000000 | e:   1.000000 | Q:        nan | won: False 
#  299 | steps:  3212 | steps_t:     0 | t: 1.786102 | r:  -520.000000 | e:   1.000000 | Q:        nan | won: False 
#  300 | steps:  3225 | steps_t:     0 | t: 1.793103 | r:  -512.000000 | e:   1.000000 | Q:        nan | won: False 
#  301 | steps:  3236 | steps_t:     0 | t: 1.799103 | r:  -510.000000 | e:   1.000000 | Q:        nan | won: False 
#  302 | steps:  3245 | steps_t:     0 | t: 1.807104 | r:  -508.000000 | e:   1.000000 | Q:        nan | won: False 
#  303 | steps:  3259 | steps_t:     0 | t: 1.815104 | r:  -513.000000 | e:   1.000000 | Q:        nan | won: False 
#  304 | steps:  3272 | steps_t:     0 | t: 1.823104 | r:  -512.000000 | e:   1.000000 | Q:        nan | won: False 
#  305 | steps:  3281 | steps_t:     0 | t: 1.829105 | r:  -508.000000 | e:   1.000000 | Q:        nan | won: False 
#  306 | steps:  3300 | steps_t:     0 | t: 1.844105 | r:  -507.000000 | e:   1.000000 | Q:        nan | won: False 
#  307 | steps:  3312 | steps_t:     0 | t: 1.850106 | r:  -511.000000 | e:   1.000000 | Q:        nan | won: False 
#  308 | steps:  3321 | steps_t:     0 | t: 1.856106 | r:  -508.000000 | e:   1.000000 | Q:        nan | won: False 
#  309 | steps:  3328 | steps_t:     0 | t: 1.860106 | r:  -506.000000 | e:   1.000000 | Q:        nan | won: False 
#  310 | steps:  3336 | steps_t:     0 | t: 1.865107 | r:  -507.000000 | e:   1.000000 | Q:        nan | won: False 
#  311 | steps:  3342 | steps_t:     0 | t: 1.872107 | r:  -505.000000 | e:   1.000000 | Q:        nan | won: False 
#  312 | steps:  3359 | steps_t:     0 | t: 1.881108 | r:  -516.000000 | e:   1.000000 | Q:        nan | won: False 
#  313 | steps:  3367 | steps_t:     0 | t: 1.887108 | r:  -507.000000 | e:   1.000000 | Q:        nan | won: False 
#  314 | steps:  3386 | steps_t:     0 | t: 1.898109 | r:  -518.000000 | e:   1.000000 | Q:        nan | won: False 
#  315 | steps:  3393 | steps_t:     0 | t: 1.903109 | r:  -506.000000 | e:   1.000000 | Q:        nan | won: False 
#  316 | steps:  3401 | steps_t:     0 | t: 1.908109 | r:  -507.000000 | e:   1.000000 | Q:        nan | won: False 
#  317 | steps:  3412 | steps_t:     0 | t: 1.915110 | r:  -510.000000 | e:   1.000000 | Q:        nan | won: False 
#  318 | steps:  3420 | steps_t:     0 | t: 1.920110 | r:  -507.000000 | e:   1.000000 | Q:        nan | won: False 
#  319 | steps:  3431 | steps_t:     0 | t: 1.926110 | r:  -510.000000 | e:   1.000000 | Q:        nan | won: False 
#  320 | steps:  3439 | steps_t:     0 | t: 1.930110 | r:  -507.000000 | e:   1.000000 | Q:        nan | won: False 
#  321 | steps:  3449 | steps_t:     0 | t: 1.935111 | r:  -509.000000 | e:   1.000000 | Q:        nan | won: False 
#  322 | steps:  3458 | steps_t:     0 | t: 1.939111 | r:  -508.000000 | e:   1.000000 | Q:        nan | won: False 
#  323 | steps:  3470 | steps_t:     0 | t: 1.945111 | r:  -511.000000 | e:   1.000000 | Q:        nan | won: False 
#  324 | steps:  3484 | steps_t:     0 | t: 1.951112 | r:  -513.000000 | e:   1.000000 | Q:        nan | won: False 
#  325 | steps:  3492 | steps_t:     0 | t: 1.955112 | r:  -507.000000 | e:   1.000000 | Q:        nan | won: False 
#  326 | steps:  3499 | steps_t:     0 | t: 1.958112 | r:  -506.000000 | e:   1.000000 | Q:        nan | won: False 
#  327 | steps:  3511 | steps_t:     0 | t: 1.964113 | r:  -511.000000 | e:   1.000000 | Q:        nan | won: False 
#  328 | steps:  3525 | steps_t:     0 | t: 1.971113 | r:  -513.000000 | e:   1.000000 | Q:        nan | won: False 
#  329 | steps:  3535 | steps_t:     0 | t: 1.976113 | r:  -509.000000 | e:   1.000000 | Q:        nan | won: False 
#  330 | steps:  3553 | steps_t:     0 | t: 1.984113 | r:  -517.000000 | e:   1.000000 | Q:        nan | won: False 
#  331 | steps:  3559 | steps_t:     0 | t: 1.987114 | r:  -505.000000 | e:   1.000000 | Q:        nan | won: False 
#  332 | steps:  3568 | steps_t:     0 | t: 1.992114 | r:  -508.000000 | e:   1.000000 | Q:        nan | won: False 
#  333 | steps:  3575 | steps_t:     0 | t: 1.996114 | r:  -506.000000 | e:   1.000000 | Q:        nan | won: False 
#  334 | steps:  3586 | steps_t:     0 | t: 2.001115 | r:  -510.000000 | e:   1.000000 | Q:        nan | won: False 
#  335 | steps:  3594 | steps_t:     0 | t: 2.005115 | r:  -507.000000 | e:   1.000000 | Q:        nan | won: False 
#  336 | steps:  3603 | steps_t:     0 | t: 2.009115 | r:  -508.000000 | e:   1.000000 | Q:        nan | won: False 
#  337 | steps:  3620 | steps_t:     0 | t: 2.018116 | r:  -516.000000 | e:   1.000000 | Q:        nan | won: False 
#  338 | steps:  3629 | steps_t:     0 | t: 2.022116 | r:  -508.000000 | e:   1.000000 | Q:        nan | won: False 
#  339 | steps:  3652 | steps_t:     0 | t: 2.032116 | r:  -522.000000 | e:   1.000000 | Q:        nan | won: False 
#  340 | steps:  3660 | steps_t:     0 | t: 2.037117 | r:  -507.000000 | e:   1.000000 | Q:        nan | won: False 
#  341 | steps:  3672 | steps_t:     0 | t: 2.043117 | r:  -511.000000 | e:   1.000000 | Q:        nan | won: False 
#  342 | steps:  3690 | steps_t:     0 | t: 2.052118 | r:  -517.000000 | e:   1.000000 | Q:        nan | won: False 
#  343 | steps:  3697 | steps_t:     0 | t: 2.056118 | r:  -506.000000 | e:   1.000000 | Q:        nan | won: False 
#  344 | steps:  3711 | steps_t:     0 | t: 2.063118 | r:  -513.000000 | e:   1.000000 | Q:        nan | won: False 
#  345 | steps:  3730 | steps_t:     0 | t: 2.073119 | r:  -518.000000 | e:   1.000000 | Q:        nan | won: False 
#  346 | steps:  3742 | steps_t:     0 | t: 2.079119 | r:  -511.000000 | e:   1.000000 | Q:        nan | won: False 
#  347 | steps:  3757 | steps_t:     0 | t: 2.087119 | r:  -514.000000 | e:   1.000000 | Q:        nan | won: False 
#  348 | steps:  3770 | steps_t:     0 | t: 2.094120 | r:  -512.000000 | e:   1.000000 | Q:        nan | won: False 
#  349 | steps:  3793 | steps_t:     0 | t: 2.106121 | r:  -522.000000 | e:   1.000000 | Q:        nan | won: False 
#  350 | steps:  3802 | steps_t:     0 | t: 2.111121 | r:  -508.000000 | e:   1.000000 | Q:        nan | won: False 
#  351 | steps:  3813 | steps_t:     0 | t: 2.116121 | r:  -510.000000 | e:   1.000000 | Q:        nan | won: False 
#  352 | steps:  3822 | steps_t:     0 | t: 2.121121 | r:  -508.000000 | e:   1.000000 | Q:        nan | won: False 
#  353 | steps:  3828 | steps_t:     0 | t: 2.124122 | r:  -505.000000 | e:   1.000000 | Q:        nan | won: False 
#  354 | steps:  3838 | steps_t:     0 | t: 2.129122 | r:  -509.000000 | e:   1.000000 | Q:        nan | won: False 
#  355 | steps:  3846 | steps_t:     0 | t: 2.133122 | r:  -507.000000 | e:   1.000000 | Q:        nan | won: False 
#  356 | steps:  3852 | steps_t:     0 | t: 2.136122 | r:  -505.000000 | e:   1.000000 | Q:        nan | won: False 
#  357 | steps:  3866 | steps_t:     0 | t: 2.144123 | r:  -513.000000 | e:   1.000000 | Q:        nan | won: False 
#  358 | steps:  3885 | steps_t:     0 | t: 2.153123 | r:  -518.000000 | e:   1.000000 | Q:        nan | won: False 
#  359 | steps:  3895 | steps_t:     0 | t: 2.157123 | r:  -509.000000 | e:   1.000000 | Q:        nan | won: False 
#  360 | steps:  3915 | steps_t:     0 | t: 2.167124 | r:  -508.000000 | e:   1.000000 | Q:        nan | won: False 
#  361 | steps:  3928 | steps_t:     0 | t: 2.173125 | r:  -512.000000 | e:   1.000000 | Q:        nan | won: False 
#  362 | steps:  3938 | steps_t:     0 | t: 2.179125 | r:  -509.000000 | e:   1.000000 | Q:        nan | won: False 
#  363 | steps:  3946 | steps_t:     0 | t: 2.184125 | r:  -507.000000 | e:   1.000000 | Q:        nan | won: False 
#  364 | steps:  3957 | steps_t:     0 | t: 2.190125 | r:  -510.000000 | e:   1.000000 | Q:        nan | won: False 
#  365 | steps:  3974 | steps_t:     0 | t: 2.198126 | r:  -516.000000 | e:   1.000000 | Q:        nan | won: False 
#  366 | steps:  3986 | steps_t:     0 | t: 2.205126 | r:  -511.000000 | e:   1.000000 | Q:        nan | won: False 
#  367 | steps:  3996 | steps_t:     0 | t: 2.210126 | r:  -509.000000 | e:   1.000000 | Q:        nan | won: False 
#  368 | steps:  4013 | steps_t:     0 | t: 2.219127 | r:  -516.000000 | e:   1.000000 | Q:        nan | won: False 
#  369 | steps:  4029 | steps_t:     0 | t: 2.228127 | r:  -515.000000 | e:   1.000000 | Q:        nan | won: False 
#  370 | steps:  4038 | steps_t:     0 | t: 2.233128 | r:  -508.000000 | e:   1.000000 | Q:        nan | won: False 
#  371 | steps:  4052 | steps_t:     0 | t: 2.241128 | r:  -513.000000 | e:   1.000000 | Q:        nan | won: False 
#  372 | steps:  4071 | steps_t:     0 | t: 2.251129 | r:  -518.000000 | e:   1.000000 | Q:        nan | won: False 
#  373 | steps:  4078 | steps_t:     0 | t: 2.255129 | r:  -506.000000 | e:   1.000000 | Q:        nan | won: False 
#  374 | steps:  4088 | steps_t:     0 | t: 2.260129 | r:  -509.000000 | e:   1.000000 | Q:        nan | won: False 
#  375 | steps:  4104 | steps_t:     0 | t: 2.268130 | r:  -515.000000 | e:   1.000000 | Q:        nan | won: False 
#  376 | steps:  4117 | steps_t:     0 | t: 2.275130 | r:  -512.000000 | e:   1.000000 | Q:        nan | won: False 
#  377 | steps:  4126 | steps_t:     0 | t: 2.281131 | r:  -508.000000 | e:   1.000000 | Q:        nan | won: False 
#  378 | steps:  4136 | steps_t:     0 | t: 2.286131 | r:  -509.000000 | e:   1.000000 | Q:        nan | won: False 
#  379 | steps:  4145 | steps_t:     0 | t: 2.290131 | r:  -508.000000 | e:   1.000000 | Q:        nan | won: False 
#  380 | steps:  4157 | steps_t:     0 | t: 2.297132 | r:  -511.000000 | e:   1.000000 | Q:        nan | won: False 
#  381 | steps:  4169 | steps_t:     0 | t: 2.303132 | r:  -511.000000 | e:   1.000000 | Q:        nan | won: False 
#  382 | steps:  4179 | steps_t:     0 | t: 2.309132 | r:  -509.000000 | e:   1.000000 | Q:        nan | won: False 
#  383 | steps:  4187 | steps_t:     0 | t: 2.313132 | r:  -507.000000 | e:   1.000000 | Q:        nan | won: False 
#  384 | steps:  4198 | steps_t:     0 | t: 2.319133 | r:  -510.000000 | e:   1.000000 | Q:        nan | won: False 
#  385 | steps:  4205 | steps_t:     0 | t: 2.323133 | r:  -506.000000 | e:   1.000000 | Q:        nan | won: False 
#  386 | steps:  4221 | steps_t:     0 | t: 2.332134 | r:  -515.000000 | e:   1.000000 | Q:        nan | won: False 
#  387 | steps:  4229 | steps_t:     0 | t: 2.336134 | r:  -507.000000 | e:   1.000000 | Q:        nan | won: False 
#  388 | steps:  4259 | steps_t:     0 | t: 2.351135 | r:  -529.000000 | e:   1.000000 | Q:        nan | won: False 
#  389 | steps:  4274 | steps_t:     0 | t: 2.359135 | r:  -492.000000 | e:   1.000000 | Q:        nan | won: False 
#  390 | steps:  4287 | steps_t:     0 | t: 2.366135 | r:  -512.000000 | e:   1.000000 | Q:        nan | won: False 
#  391 | steps:  4295 | steps_t:     0 | t: 2.371136 | r:  -507.000000 | e:   1.000000 | Q:        nan | won: False 
#  392 | steps:  4306 | steps_t:     0 | t: 2.378136 | r:  -510.000000 | e:   1.000000 | Q:        nan | won: False 
#  393 | steps:  4313 | steps_t:     0 | t: 2.382136 | r:  -506.000000 | e:   1.000000 | Q:        nan | won: False 
#  394 | steps:  4326 | steps_t:     0 | t: 2.390137 | r:  -512.000000 | e:   1.000000 | Q:        nan | won: False 
#  395 | steps:  4346 | steps_t:     0 | t: 2.404138 | r:  -519.000000 | e:   1.000000 | Q:        nan | won: False 
#  396 | steps:  4357 | steps_t:     0 | t: 2.409138 | r:  -510.000000 | e:   1.000000 | Q:        nan | won: False 
#  397 | steps:  4365 | steps_t:     0 | t: 2.414138 | r:  -507.000000 | e:   1.000000 | Q:        nan | won: False 
#  398 | steps:  4386 | steps_t:     0 | t: 2.424139 | r:  -520.000000 | e:   1.000000 | Q:        nan | won: False 
#  399 | steps:  4394 | steps_t:     0 | t: 2.429139 | r:  -507.000000 | e:   1.000000 | Q:        nan | won: False 
#  400 | steps:  4406 | steps_t:     0 | t: 2.435139 | r:  -511.000000 | e:   1.000000 | Q:        nan | won: False 
#  401 | steps:  4416 | steps_t:     0 | t: 2.440140 | r:  -509.000000 | e:   1.000000 | Q:        nan | won: False 
#  402 | steps:  4425 | steps_t:     0 | t: 2.445140 | r:  -508.000000 | e:   1.000000 | Q:        nan | won: False 
#  403 | steps:  4438 | steps_t:     0 | t: 2.452140 | r:  -512.000000 | e:   1.000000 | Q:        nan | won: False 
#  404 | steps:  4447 | steps_t:     0 | t: 2.456141 | r:  -508.000000 | e:   1.000000 | Q:        nan | won: False 
#  405 | steps:  4454 | steps_t:     0 | t: 2.460141 | r:  -506.000000 | e:   1.000000 | Q:        nan | won: False 
#  406 | steps:  4461 | steps_t:     0 | t: 2.465141 | r:  -506.000000 | e:   1.000000 | Q:        nan | won: False 
#  407 | steps:  4472 | steps_t:     0 | t: 2.470141 | r:  -510.000000 | e:   1.000000 | Q:        nan | won: False 
#  408 | steps:  4485 | steps_t:     0 | t: 2.478142 | r:  -512.000000 | e:   1.000000 | Q:        nan | won: False 
#  409 | steps:  4497 | steps_t:     0 | t: 2.484142 | r:  -511.000000 | e:   1.000000 | Q:        nan | won: False 
#  410 | steps:  4507 | steps_t:     0 | t: 2.490143 | r:  -509.000000 | e:   1.000000 | Q:        nan | won: False 
#  411 | steps:  4518 | steps_t:     0 | t: 2.496143 | r:  -510.000000 | e:   1.000000 | Q:        nan | won: False 
#  412 | steps:  4524 | steps_t:     0 | t: 2.500143 | r:  -505.000000 | e:   1.000000 | Q:        nan | won: False 
#  413 | steps:  4532 | steps_t:     0 | t: 2.504143 | r:  -507.000000 | e:   1.000000 | Q:        nan | won: False 
#  414 | steps:  4542 | steps_t:     0 | t: 2.509144 | r:  -509.000000 | e:   1.000000 | Q:        nan | won: False 
#  415 | steps:  4551 | steps_t:     0 | t: 2.514144 | r:  -508.000000 | e:   1.000000 | Q:        nan | won: False 
#  416 | steps:  4561 | steps_t:     0 | t: 2.519144 | r:  -509.000000 | e:   1.000000 | Q:        nan | won: False 
#  417 | steps:  4582 | steps_t:     0 | t: 2.530145 | r:  -520.000000 | e:   1.000000 | Q:        nan | won: False 
#  418 | steps:  4590 | steps_t:     0 | t: 2.534145 | r:  -507.000000 | e:   1.000000 | Q:        nan | won: False 
#  419 | steps:  4602 | steps_t:     0 | t: 2.540145 | r:  -511.000000 | e:   1.000000 | Q:        nan | won: False 
#  420 | steps:  4610 | steps_t:     0 | t: 2.545146 | r:  -507.000000 | e:   1.000000 | Q:        nan | won: False 
#  421 | steps:  4621 | steps_t:     0 | t: 2.550146 | r:  -510.000000 | e:   1.000000 | Q:        nan | won: False 
#  422 | steps:  4629 | steps_t:     0 | t: 2.555146 | r:  -507.000000 | e:   1.000000 | Q:        nan | won: False 
#  423 | steps:  4642 | steps_t:     0 | t: 2.561147 | r:  -512.000000 | e:   1.000000 | Q:        nan | won: False 
#  424 | steps:  4649 | steps_t:     0 | t: 2.565147 | r:  -506.000000 | e:   1.000000 | Q:        nan | won: False 
#  425 | steps:  4662 | steps_t:     0 | t: 2.571147 | r:  -512.000000 | e:   1.000000 | Q:        nan | won: False 
#  426 | steps:  4669 | steps_t:     0 | t: 2.575147 | r:  -506.000000 | e:   1.000000 | Q:        nan | won: False 
#  427 | steps:  4679 | steps_t:     0 | t: 2.580148 | r:  -509.000000 | e:   1.000000 | Q:        nan | won: False 
#  428 | steps:  4688 | steps_t:     0 | t: 2.585148 | r:  -508.000000 | e:   1.000000 | Q:        nan | won: False 
#  429 | steps:  4702 | steps_t:     0 | t: 2.593148 | r:  -513.000000 | e:   1.000000 | Q:        nan | won: False 
#  430 | steps:  4712 | steps_t:     0 | t: 2.598149 | r:  -509.000000 | e:   1.000000 | Q:        nan | won: False 
#  431 | steps:  4733 | steps_t:     0 | t: 2.609149 | r:  -520.000000 | e:   1.000000 | Q:        nan | won: False 
#  432 | steps:  4743 | steps_t:     0 | t: 2.614150 | r:  -509.000000 | e:   1.000000 | Q:        nan | won: False 
#  433 | steps:  4750 | steps_t:     0 | t: 2.618150 | r:  -506.000000 | e:   1.000000 | Q:        nan | won: False 
#  434 | steps:  4759 | steps_t:     0 | t: 2.623150 | r:  -508.000000 | e:   1.000000 | Q:        nan | won: False 
#  435 | steps:  4768 | steps_t:     0 | t: 2.628151 | r:  -508.000000 | e:   1.000000 | Q:        nan | won: False 
#  436 | steps:  4776 | steps_t:     0 | t: 2.633151 | r:  -507.000000 | e:   1.000000 | Q:        nan | won: False 
#  437 | steps:  4789 | steps_t:     0 | t: 2.640151 | r:  -501.000000 | e:   1.000000 | Q:        nan | won: False 
#  438 | steps:  4800 | steps_t:     0 | t: 2.647151 | r:  -510.000000 | e:   1.000000 | Q:        nan | won: False 
#  439 | steps:  4824 | steps_t:     0 | t: 2.661152 | r:  -523.000000 | e:   1.000000 | Q:        nan | won: False 
#  440 | steps:  4840 | steps_t:     0 | t: 2.672153 | r:  -515.000000 | e:   1.000000 | Q:        nan | won: False 
#  441 | steps:  4848 | steps_t:     0 | t: 2.677153 | r:  -507.000000 | e:   1.000000 | Q:        nan | won: False 
#  442 | steps:  4865 | steps_t:     0 | t: 2.686154 | r:  -516.000000 | e:   1.000000 | Q:        nan | won: False 
#  443 | steps:  4875 | steps_t:     0 | t: 2.693154 | r:  -509.000000 | e:   1.000000 | Q:        nan | won: False 
#  444 | steps:  4884 | steps_t:     0 | t: 2.698155 | r:  -508.000000 | e:   1.000000 | Q:        nan | won: False 
#  445 | steps:  4894 | steps_t:     0 | t: 2.703155 | r:  -509.000000 | e:   1.000000 | Q:        nan | won: False 
#  446 | steps:  4903 | steps_t:     0 | t: 2.708155 | r:  -508.000000 | e:   1.000000 | Q:        nan | won: False 
#  447 | steps:  4909 | steps_t:     0 | t: 2.713156 | r:  -505.000000 | e:   1.000000 | Q:        nan | won: False 
#  448 | steps:  4931 | steps_t:     0 | t: 2.725156 | r:  -521.000000 | e:   1.000000 | Q:        nan | won: False 
#  449 | steps:  4942 | steps_t:     0 | t: 2.733156 | r:  -510.000000 | e:   1.000000 | Q:        nan | won: False 
#  450 | steps:  4953 | steps_t:     0 | t: 2.740157 | r:  -510.000000 | e:   1.000000 | Q:        nan | won: False 
#  451 | steps:  4960 | steps_t:     0 | t: 2.746157 | r:  -506.000000 | e:   1.000000 | Q:        nan | won: False 
#  452 | steps:  4977 | steps_t:     0 | t: 2.755158 | r:  -516.000000 | e:   1.000000 | Q:        nan | won: False 
#  453 | steps:  4984 | steps_t:     0 | t: 2.759158 | r:  -506.000000 | e:   1.000000 | Q:        nan | won: False 
#  454 | steps:  4993 | steps_t:     0 | t: 2.764158 | r:  -508.000000 | e:   1.000000 | Q:        nan | won: False 
#  455 | steps:  5001 | steps_t:     0 | t: 2.768158 | r:  -507.000000 | e:   1.000000 | Q:        nan | won: False 
#  456 | steps:  5023 | steps_t:    20 | t: 3.068176 | r:  -510.000000 | e:   0.998000 | Q:        nan | won: False 
#  457 | steps:  5034 | steps_t:    30 | t: 3.169181 | r:  -510.000000 | e:   0.997000 | Q:        nan | won: False 
#  458 | steps:  5042 | steps_t:    37 | t: 3.234185 | r:  -507.000000 | e:   0.996300 | Q:        nan | won: False 
#  459 | steps:  5050 | steps_t:    44 | t: 3.298189 | r:  -507.000000 | e:   0.995600 | Q:        nan | won: False 
#  460 | steps:  5065 | steps_t:    58 | t: 3.432196 | r:  -492.000000 | e:   0.994200 | Q:        nan | won: False 
#  461 | steps:  5072 | steps_t:    64 | t: 3.520201 | r:  -506.000000 | e:   0.993600 | Q:        nan | won: False 
#  462 | steps:  5091 | steps_t:    82 | t: 3.719213 | r:  -518.000000 | e:   0.991800 | Q: -31.730145 | won: False 
#  463 | steps:  5112 | steps_t:   102 | t: 3.923224 | r:  -520.000000 | e:   0.989800 | Q:        nan | won: False 
