#    1 | steps:    32 | steps_t:     0 | t: 0.101006 | r:  -509.000000 | e:   1.000000 | Q:        nan | won: False 
#    2 | steps:    61 | steps_t:     0 | t: 0.115007 | r:  -506.000000 | e:   1.000000 | Q:        nan | won: False 
#    3 | steps:    87 | steps_t:     0 | t: 0.128007 | r:  -514.000000 | e:   1.000000 | Q:        nan | won: False 
#    4 | steps:   116 | steps_t:     0 | t: 0.143008 | r:  -517.000000 | e:   1.000000 | Q:        nan | won: False 
#    5 | steps:   147 | steps_t:     0 | t: 0.159009 | r:  -519.000000 | e:   1.000000 | Q:        nan | won: False 
#    6 | steps:   167 | steps_t:     0 | t: 0.170010 | r:  -497.000000 | e:   1.000000 | Q:        nan | won: False 
#    7 | steps:   192 | steps_t:     0 | t: 0.188011 | r:  -513.000000 | e:   1.000000 | Q:        nan | won: False 
#    8 | steps:   270 | steps_t:     0 | t: 0.230013 | r:  -555.000000 | e:   1.000000 | Q:        nan | won: False 
#    9 | steps:   279 | steps_t:     0 | t: 0.235013 | r:  -508.000000 | e:   1.000000 | Q:        nan | won: False 
#   10 | steps:   291 | steps_t:     0 | t: 0.243014 | r:  -511.000000 | e:   1.000000 | Q:        nan | won: False 
#   11 | steps:   346 | steps_t:     0 | t: 0.272016 | r:  -499.000000 | e:   1.000000 | Q:        nan | won: False 
#   12 | steps:   377 | steps_t:     0 | t: 0.287017 | r:  -519.000000 | e:   1.000000 | Q:        nan | won: False 
#   13 | steps:   416 | steps_t:     0 | t: 0.307018 | r:  -472.000000 | e:   1.000000 | Q:        nan | won: False 
#   14 | steps:   426 | steps_t:     0 | t: 0.314018 | r:  -509.000000 | e:   1.000000 | Q:        nan | won: False 
#   15 | steps:   481 | steps_t:     0 | t: 0.340019 | r:  -521.000000 | e:   1.000000 | Q:        nan | won: False 
#   16 | steps:   507 | steps_t:     0 | t: 0.353020 | r:  -514.000000 | e:   1.000000 | Q:        nan | won: False 
#   17 | steps:   533 | steps_t:     0 | t: 0.366021 | r:  -503.000000 | e:   1.000000 | Q:        nan | won: False 
#   18 | steps:   545 | steps_t:     0 | t: 0.371022 | r:  -511.000000 | e:   1.000000 | Q:        nan | won: False 
#   19 | steps:   568 | steps_t:     0 | t: 0.383022 | r:  -522.000000 | e:   1.000000 | Q:        nan | won: False 
#   20 | steps:   577 | steps_t:     0 | t: 0.388022 | r:  -486.000000 | e:   1.000000 | Q:        nan | won: False 
#   21 | steps:   594 | steps_t:     0 | t: 0.396023 | r:  -505.000000 | e:   1.000000 | Q:        nan | won: False 
#   22 | steps:   682 | steps_t:     0 | t: 0.437025 | r:  -510.000000 | e:   1.000000 | Q:        nan | won: False 
#   23 | steps:   710 | steps_t:     0 | t: 0.450026 | r:  -516.000000 | e:   1.000000 | Q:        nan | won: False 
#   24 | steps:   740 | steps_t:     0 | t: 0.465027 | r:  -507.000000 | e:   1.000000 | Q:        nan | won: False 
#   25 | steps:   755 | steps_t:     0 | t: 0.473027 | r:  -481.000000 | e:   1.000000 | Q:        nan | won: False 
#   26 | steps:   811 | steps_t:     0 | t: 0.502029 | r:  -522.000000 | e:   1.000000 | Q:        nan | won: False 
#   27 | steps:   825 | steps_t:     0 | t: 0.509029 | r:  -491.000000 | e:   1.000000 | Q:        nan | won: False 
#   28 | steps:   840 | steps_t:     0 | t: 0.517030 | r:  -503.000000 | e:   1.000000 | Q:        nan | won: False 
#   29 | steps:   858 | steps_t:     0 | t: 0.527030 | r:  -495.000000 | e:   1.000000 | Q:        nan | won: False 
#   30 | steps:   877 | steps_t:     0 | t: 0.535031 | r:  -518.000000 | e:   1.000000 | Q:        nan | won: False 
#   31 | steps:   894 | steps_t:     0 | t: 0.545031 | r:  -505.000000 | e:   1.000000 | Q:        nan | won: False 
#   32 | steps:   914 | steps_t:     0 | t: 0.555032 | r:  -508.000000 | e:   1.000000 | Q:        nan | won: False 
#   33 | steps:   979 | steps_t:     0 | t: 0.584034 | r:  -520.000000 | e:   1.000000 | Q:        nan | won: False 
#   34 | steps:  1002 | steps_t:     0 | t: 0.595034 | r:  -500.000000 | e:   1.000000 | Q:        nan | won: False 
#   35 | steps:  1028 | steps_t:     0 | t: 0.607035 | r:  -503.000000 | e:   1.000000 | Q:        nan | won: False 
#   36 | steps:  1043 | steps_t:     0 | t: 0.614035 | r:  -514.000000 | e:   1.000000 | Q:        nan | won: False 
#   37 | steps:  1053 | steps_t:     0 | t: 0.619035 | r:  -487.000000 | e:   1.000000 | Q:        nan | won: False 
#   38 | steps:  1108 | steps_t:     0 | t: 0.645037 | r:   123.000000 | e:   1.000000 | Q:        nan | won: True 
#   39 | steps:  1122 | steps_t:     0 | t: 0.653037 | r:  -502.000000 | e:   1.000000 | Q:        nan | won: False 
#   40 | steps:  1144 | steps_t:     0 | t: 0.665038 | r:  -499.000000 | e:   1.000000 | Q:        nan | won: False 
#   41 | steps:  1191 | steps_t:     0 | t: 0.687040 | r:  -502.000000 | e:   1.000000 | Q:        nan | won: False 
#   42 | steps:  1206 | steps_t:     0 | t: 0.696040 | r:  -503.000000 | e:   1.000000 | Q:        nan | won: False 
#   43 | steps:  1216 | steps_t:     0 | t: 0.772044 | r:  -509.000000 | e:   1.000000 | Q:        nan | won: False 
#   44 | steps:  1234 | steps_t:     0 | t: 0.804046 | r:  -517.000000 | e:   1.000000 | Q:        nan | won: False 
#   45 | steps:  1251 | steps_t:     0 | t: 0.816047 | r:  -505.000000 | e:   1.000000 | Q:        nan | won: False 
#   46 | steps:  1268 | steps_t:     0 | t: 0.828048 | r:  -516.000000 | e:   1.000000 | Q:        nan | won: False 
#   47 | steps:  1329 | steps_t:     0 | t: 0.859049 | r:  -505.000000 | e:   1.000000 | Q:        nan | won: False 
#   48 | steps:  1336 | steps_t:     0 | t: 0.863050 | r:  -506.000000 | e:   1.000000 | Q:        nan | won: False 
#   49 | steps:  1353 | steps_t:     0 | t: 0.871050 | r:  -494.000000 | e:   1.000000 | Q:        nan | won: False 
#   50 | steps:  1435 | steps_t:     0 | t: 0.910052 | r:  -548.000000 | e:   1.000000 | Q:        nan | won: False 
#   51 | steps:  1487 | steps_t:     0 | t: 0.935054 | r:  -529.000000 | e:   1.000000 | Q:        nan | won: False 
#   52 | steps:  1501 | steps_t:     0 | t: 0.941054 | r:  -513.000000 | e:   1.000000 | Q:        nan | won: False 
#   53 | steps:  1524 | steps_t:     0 | t: 0.952055 | r:  -489.000000 | e:   1.000000 | Q:        nan | won: False 
#   54 | steps:  1534 | steps_t:     0 | t: 0.958055 | r:  -476.000000 | e:   1.000000 | Q:        nan | won: False 
#   55 | steps:  1560 | steps_t:     0 | t: 0.971056 | r:  -514.000000 | e:   1.000000 | Q:        nan | won: False 
#   56 | steps:  1578 | steps_t:     0 | t: 0.979056 | r:  -495.000000 | e:   1.000000 | Q:        nan | won: False 
#   57 | steps:  1596 | steps_t:     0 | t: 0.988057 | r:  -506.000000 | e:   1.000000 | Q:        nan | won: False 
#   58 | steps:  1608 | steps_t:     0 | t: 0.994057 | r:  -489.000000 | e:   1.000000 | Q:        nan | won: False 
#   59 | steps:  1627 | steps_t:     0 | t: 1.004058 | r:  -507.000000 | e:   1.000000 | Q:        nan | won: False 
#   60 | steps:  1664 | steps_t:     0 | t: 1.021059 | r:  -525.000000 | e:   1.000000 | Q:        nan | won: False 
#   61 | steps:  1684 | steps_t:     0 | t: 1.030059 | r:  -519.000000 | e:   1.000000 | Q:        nan | won: False 
#   62 | steps:  1744 | steps_t:     0 | t: 1.060061 | r:  -515.000000 | e:   1.000000 | Q:        nan | won: False 
#   63 | steps:  1776 | steps_t:     0 | t: 1.075062 | r:  -509.000000 | e:   1.000000 | Q:        nan | won: False 
#   64 | steps:  1810 | steps_t:     0 | t: 1.092062 | r:  -489.000000 | e:   1.000000 | Q:        nan | won: False 
#   65 | steps:  1828 | steps_t:     0 | t: 1.100063 | r:  -506.000000 | e:   1.000000 | Q:        nan | won: False 
#   66 | steps:  1903 | steps_t:     0 | t: 1.135065 | r:  -530.000000 | e:   1.000000 | Q:        nan | won: False 
#   67 | steps:  1927 | steps_t:     0 | t: 1.146066 | r:  -501.000000 | e:   1.000000 | Q:        nan | won: False 
#   68 | steps:  1937 | steps_t:     0 | t: 1.152066 | r:  -498.000000 | e:   1.000000 | Q:        nan | won: False 
#   69 | steps:  2007 | steps_t:     0 | t: 1.184068 | r:  -503.000000 | e:   1.000000 | Q:        nan | won: False 
#   70 | steps:  2022 | steps_t:     0 | t: 1.192068 | r:  -514.000000 | e:   1.000000 | Q:        nan | won: False 
#   71 | steps:  2039 | steps_t:     0 | t: 1.201069 | r:  -494.000000 | e:   1.000000 | Q:        nan | won: False 
#   72 | steps:  2054 | steps_t:     0 | t: 1.208069 | r:  -514.000000 | e:   1.000000 | Q:        nan | won: False 
#   73 | steps:  2082 | steps_t:     0 | t: 1.222070 | r:  -516.000000 | e:   1.000000 | Q:        nan | won: False 
#   74 | steps:  2097 | steps_t:     0 | t: 1.230070 | r:  -492.000000 | e:   1.000000 | Q:        nan | won: False 
#   75 | steps:  2116 | steps_t:     0 | t: 1.241071 | r:  -507.000000 | e:   1.000000 | Q:        nan | won: False 
#   76 | steps:  2145 | steps_t:     0 | t: 1.254072 | r:  -528.000000 | e:   1.000000 | Q:        nan | won: False 
#   77 | steps:  2155 | steps_t:     0 | t: 1.261072 | r:  -498.000000 | e:   1.000000 | Q:        nan | won: False 
#   78 | steps:  2208 | steps_t:     0 | t: 1.285074 | r:  -541.000000 | e:   1.000000 | Q:        nan | won: False 
#   79 | steps:  2304 | steps_t:     0 | t: 1.329076 | r:  -529.000000 | e:   1.000000 | Q:        nan | won: False 
#   80 | steps:  2321 | steps_t:     0 | t: 1.338077 | r:  -505.000000 | e:   1.000000 | Q:        nan | won: False 
#   81 | steps:  2328 | steps_t:     0 | t: 1.342077 | r:  -506.000000 | e:   1.000000 | Q:        nan | won: False 
#   82 | steps:  2384 | steps_t:     0 | t: 1.371078 | r:  -511.000000 | e:   1.000000 | Q:        nan | won: False 
#   83 | steps:  2400 | steps_t:     0 | t: 1.379079 | r:  -482.000000 | e:   1.000000 | Q:        nan | won: False 
#   84 | steps:  2412 | steps_t:     0 | t: 1.385079 | r:  -500.000000 | e:   1.000000 | Q:        nan | won: False 
#   85 | steps:  2460 | steps_t:     0 | t: 1.407080 | r:  -525.000000 | e:   1.000000 | Q:        nan | won: False 
#   86 | steps:  2477 | steps_t:     0 | t: 1.416081 | r:  -505.000000 | e:   1.000000 | Q:        nan | won: False 
#   87 | steps:  2494 | steps_t:     0 | t: 1.424082 | r:  -505.000000 | e:   1.000000 | Q:        nan | won: False 
#   88 | steps:  2546 | steps_t:     0 | t: 1.448083 | r:  -518.000000 | e:   1.000000 | Q:        nan | won: False 
#   89 | steps:  2564 | steps_t:     0 | t: 1.456083 | r:  -517.000000 | e:   1.000000 | Q:        nan | won: False 
#   90 | steps:  2577 | steps_t:     0 | t: 1.462084 | r:  -501.000000 | e:   1.000000 | Q:        nan | won: False 
#   91 | steps:  2588 | steps_t:     0 | t: 1.468084 | r:  -499.000000 | e:   1.000000 | Q:        nan | won: False 
#   92 | steps:  2617 | steps_t:     0 | t: 1.483085 | r:  -495.000000 | e:   1.000000 | Q:        nan | won: False 
#   93 | steps:  2659 | steps_t:     0 | t: 1.505086 | r:  -497.000000 | e:   1.000000 | Q:        nan | won: False 
#   94 | steps:  2676 | steps_t:     0 | t: 1.513087 | r:  -505.000000 | e:   1.000000 | Q:        nan | won: False 
#   95 | steps:  2717 | steps_t:     0 | t: 1.546088 | r:  -529.000000 | e:   1.000000 | Q:        nan | won: False 
#   96 | steps:  2752 | steps_t:     0 | t: 1.563089 | r:  -490.000000 | e:   1.000000 | Q:        nan | won: False 
#   97 | steps:  2775 | steps_t:     0 | t: 1.574090 | r:  -511.000000 | e:   1.000000 | Q:        nan | won: False 
#   98 | steps:  2828 | steps_t:     0 | t: 1.600092 | r:  -486.000000 | e:   1.000000 | Q:        nan | won: False 
#   99 | steps:  2872 | steps_t:     0 | t: 1.621093 | r:  -521.000000 | e:   1.000000 | Q:        nan | won: False 
#  100 | steps:  2912 | steps_t:     0 | t: 1.640094 | r:  -528.000000 | e:   1.000000 | Q:        nan | won: False 
#  101 | steps:  2987 | steps_t:     0 | t: 1.674096 | r:  -519.000000 | e:   1.000000 | Q:        nan | won: False 
#  102 | steps:  3017 | steps_t:     0 | t: 1.688097 | r:  -507.000000 | e:   1.000000 | Q:        nan | won: False 
#  103 | steps:  3052 | steps_t:     0 | t: 1.705097 | r:  -512.000000 | e:   1.000000 | Q:        nan | won: False 
#  104 | steps:  3076 | steps_t:     0 | t: 1.717098 | r:  -523.000000 | e:   1.000000 | Q:        nan | won: False 
#  105 | steps:  3087 | steps_t:     0 | t: 1.722099 | r:  -499.000000 | e:   1.000000 | Q:        nan | won: False 
#  106 | steps:  3121 | steps_t:     0 | t: 1.738100 | r:  -489.000000 | e:   1.000000 | Q:        nan | won: False 
#  107 | steps:  3132 | steps_t:     0 | t: 1.743100 | r:  -499.000000 | e:   1.000000 | Q:        nan | won: False 
#  108 | steps:  3141 | steps_t:     0 | t: 1.747100 | r:  -508.000000 | e:   1.000000 | Q:        nan | won: False 
#  109 | steps:  3185 | steps_t:     0 | t: 1.768101 | r:  -521.000000 | e:   1.000000 | Q:        nan | won: False 
#  110 | steps:  3205 | steps_t:     0 | t: 1.778102 | r:  -486.000000 | e:   1.000000 | Q:        nan | won: False 
#  111 | steps:  3242 | steps_t:     0 | t: 1.893108 | r:  -514.000000 | e:   1.000000 | Q:        nan | won: False 
#  112 | steps:  3270 | steps_t:     0 | t: 1.906109 | r:  -494.000000 | e:   1.000000 | Q:        nan | won: False 
#  113 | steps:  3316 | steps_t:     0 | t: 1.927110 | r:  -523.000000 | e:   1.000000 | Q:        nan | won: False 
#  114 | steps:  3322 | steps_t:     0 | t: 1.930110 | r:  -483.000000 | e:   1.000000 | Q:        nan | won: False 
#  115 | steps:  3359 | steps_t:     0 | t: 1.949112 | r:  -536.000000 | e:   1.000000 | Q:        nan | won: False 
#  116 | steps:  3383 | steps_t:     0 | t: 1.962112 | r:  -490.000000 | e:   1.000000 | Q:        nan | won: False 
#  117 | steps:  3407 | steps_t:     0 | t: 1.974113 | r:  -490.000000 | e:   1.000000 | Q:        nan | won: False 
#  118 | steps:  3422 | steps_t:     0 | t: 1.982113 | r:  -514.000000 | e:   1.000000 | Q:        nan | won: False 
#  119 | steps:  3440 | steps_t:     0 | t: 1.991114 | r:  -506.000000 | e:   1.000000 | Q:        nan | won: False 
#  120 | steps:  3493 | steps_t:     0 | t: 2.022116 | r:  -475.000000 | e:   1.000000 | Q:        nan | won: False 
#  121 | steps:  3515 | steps_t:     0 | t: 2.035117 | r:  -510.000000 | e:   1.000000 | Q:        nan | won: False 
#  122 | steps:  3632 | steps_t:     0 | t: 2.097120 | r:  -550.000000 | e:   1.000000 | Q:        nan | won: False 
#  123 | steps:  3675 | steps_t:     0 | t: 2.117121 | r:  -531.000000 | e:   1.000000 | Q:        nan | won: False 
#  124 | steps:  3684 | steps_t:     0 | t: 2.121121 | r:  -508.000000 | e:   1.000000 | Q:        nan | won: False 
#  125 | steps:  3733 | steps_t:     0 | t: 2.146123 | r:  -526.000000 | e:   1.000000 | Q:        nan | won: False 
#  126 | steps:  3766 | steps_t:     0 | t: 2.161124 | r:  -510.000000 | e:   1.000000 | Q:        nan | won: False 
#  127 | steps:  3780 | steps_t:     0 | t: 2.168124 | r:  -502.000000 | e:   1.000000 | Q:        nan | won: False 
#  128 | steps:  3807 | steps_t:     0 | t: 2.182125 | r:  -482.000000 | e:   1.000000 | Q:        nan | won: False 
#  129 | steps:  3821 | steps_t:     0 | t: 2.188125 | r:  -513.000000 | e:   1.000000 | Q:        nan | won: False 
#  130 | steps:  3844 | steps_t:     0 | t: 2.200126 | r:  -500.000000 | e:   1.000000 | Q:        nan | won: False 
#  131 | steps:  3868 | steps_t:     0 | t: 2.212126 | r:  -501.000000 | e:   1.000000 | Q:        nan | won: False 
#  132 | steps:  3884 | steps_t:     0 | t: 2.220127 | r:  -515.000000 | e:   1.000000 | Q:        nan | won: False 
#  133 | steps:  3895 | steps_t:     0 | t: 2.226127 | r:  -510.000000 | e:   1.000000 | Q:        nan | won: False 
#  134 | steps:  3917 | steps_t:     0 | t: 2.238128 | r:  -510.000000 | e:   1.000000 | Q:        nan | won: False 
#  135 | steps:  3928 | steps_t:     0 | t: 2.245129 | r:  -499.000000 | e:   1.000000 | Q:        nan | won: False 
#  136 | steps:  3948 | steps_t:     0 | t: 2.255129 | r:  -497.000000 | e:   1.000000 | Q:        nan | won: False 
#  137 | steps:  3975 | steps_t:     0 | t: 2.268130 | r:  -504.000000 | e:   1.000000 | Q:        nan | won: False 
#  138 | steps:  4004 | steps_t:     0 | t: 2.282131 | r:  -517.000000 | e:   1.000000 | Q:        nan | won: False 
#  139 | steps:  4038 | steps_t:     0 | t: 2.299132 | r:  -511.000000 | e:   1.000000 | Q:        nan | won: False 
#  140 | steps:  4104 | steps_t:     0 | t: 2.329134 | r:  -532.000000 | e:   1.000000 | Q:        nan | won: False 
#  141 | steps:  4147 | steps_t:     0 | t: 2.349134 | r:  -531.000000 | e:   1.000000 | Q:        nan | won: False 
#  142 | steps:  4171 | steps_t:     0 | t: 2.363135 | r:  -501.000000 | e:   1.000000 | Q:        nan | won: False 
#  143 | steps:  4245 | steps_t:     0 | t: 2.396137 | r:  -551.000000 | e:   1.000000 | Q:        nan | won: False 
#  144 | steps:  4276 | steps_t:     0 | t: 2.416138 | r:  -530.000000 | e:   1.000000 | Q:        nan | won: False 
#  145 | steps:  4361 | steps_t:     0 | t: 2.461141 | r:  -518.000000 | e:   1.000000 | Q:        nan | won: False 
#  146 | steps:  4378 | steps_t:     0 | t: 2.469141 | r:  -505.000000 | e:   1.000000 | Q:        nan | won: False 
#  147 | steps:  4407 | steps_t:     0 | t: 2.487143 | r:  -506.000000 | e:   1.000000 | Q:        nan | won: False 
#  148 | steps:  4415 | steps_t:     0 | t: 2.492143 | r:  -507.000000 | e:   1.000000 | Q:        nan | won: False 
#  149 | steps:  4451 | steps_t:     0 | t: 2.514144 | r:  -480.000000 | e:   1.000000 | Q:        nan | won: False 
#  150 | steps:  4559 | steps_t:     0 | t: 2.569147 | r:  -530.000000 | e:   1.000000 | Q:        nan | won: False 
#  151 | steps:  4594 | steps_t:     0 | t: 2.590148 | r:  -501.000000 | e:   1.000000 | Q:        nan | won: False 
#  152 | steps:  4609 | steps_t:     0 | t: 2.598149 | r:  -492.000000 | e:   1.000000 | Q:        nan | won: False 
#  153 | steps:  4628 | steps_t:     0 | t: 2.608149 | r:  -507.000000 | e:   1.000000 | Q:        nan | won: False 
#  154 | steps:  4656 | steps_t:     0 | t: 2.623150 | r:  -516.000000 | e:   1.000000 | Q:        nan | won: False 
#  155 | steps:  4666 | steps_t:     0 | t: 2.628150 | r:  -509.000000 | e:   1.000000 | Q:        nan | won: False 
#  156 | steps:  4688 | steps_t:     0 | t: 2.643151 | r:  -510.000000 | e:   1.000000 | Q:        nan | won: False 
#  157 | steps:  4710 | steps_t:     0 | t: 2.656152 | r:  -510.000000 | e:   1.000000 | Q:        nan | won: False 
#  158 | steps:  4734 | steps_t:     0 | t: 2.671153 | r:  -523.000000 | e:   1.000000 | Q:        nan | won: False 
#  159 | steps:  4743 | steps_t:     0 | t: 2.677153 | r:  -497.000000 | e:   1.000000 | Q:        nan | won: False 
#  160 | steps:  4787 | steps_t:     0 | t: 2.705155 | r:  -510.000000 | e:   1.000000 | Q:        nan | won: False 
#  161 | steps:  4794 | steps_t:     0 | t: 2.710155 | r:  -484.000000 | e:   1.000000 | Q:        nan | won: False 
#  162 | steps:  4814 | steps_t:     0 | t: 2.722156 | r:  -519.000000 | e:   1.000000 | Q:        nan | won: False 
#  163 | steps:  4854 | steps_t:     0 | t: 2.748157 | r:  -506.000000 | e:   1.000000 | Q:        nan | won: False 
#  164 | steps:  4867 | steps_t:     0 | t: 2.757158 | r:  -501.000000 | e:   1.000000 | Q:        nan | won: False 
#  165 | steps:  4884 | steps_t:     0 | t: 2.769158 | r:  -505.000000 | e:   1.000000 | Q:        nan | won: False 
#  166 | steps:  4901 | steps_t:     0 | t: 2.779159 | r:  -505.000000 | e:   1.000000 | Q:        nan | won: False 
#  167 | steps:  4925 | steps_t:     0 | t: 2.791160 | r:  -512.000000 | e:   1.000000 | Q:        nan | won: False 
#  168 | steps:  4966 | steps_t:     0 | t: 2.810161 | r:  -474.000000 | e:   1.000000 | Q:        nan | won: False 
#  169 | steps:  5072 | steps_t:    70 | t: 3.668210 | r:  -539.000000 | e:   0.993000 | Q:  -5.047090 | won: False 
#  170 | steps:  5096 | steps_t:    93 | t: 3.890223 | r:  -512.000000 | e:   0.990700 | Q:        nan | won: False 
#  171 | steps:  5135 | steps_t:   131 | t: 4.253243 | r:  -494.000000 | e:   0.986900 | Q: -28.337675 | won: False 
#  172 | steps:  5169 | steps_t:   164 | t: 4.574262 | r:  -511.000000 | e:   0.983600 | Q: -74.364220 | won: False 
#  173 | steps:  5200 | steps_t:   194 | t: 4.860278 | r:  -508.000000 | e:   0.980600 | Q:        nan | won: False 
#  174 | steps:  5249 | steps_t:   242 | t: 5.326305 | r:  -526.000000 | e:   0.975800 | Q: -112.300255 | won: False 
#  175 | steps:  5329 | steps_t:   321 | t: 6.089348 | r:  -513.000000 | e:   0.967900 | Q: -128.787399 | won: False 
#  176 | steps:  5373 | steps_t:   364 | t: 6.504372 | r:  -510.000000 | e:   0.963600 | Q:        nan | won: False 
#  177 | steps:  5390 | steps_t:   380 | t: 6.658381 | r:  -516.000000 | e:   0.962000 | Q:        nan | won: False 
#  178 | steps:  5405 | steps_t:   394 | t: 6.796389 | r:  -503.000000 | e:   0.960600 | Q: -144.719482 | won: False 
#  179 | steps:  5432 | steps_t:   420 | t: 7.049403 | r:  -515.000000 | e:   0.958000 | Q:        nan | won: False 
#  180 | steps:  5449 | steps_t:   436 | t: 7.215413 | r:  -516.000000 | e:   0.956400 | Q: -148.681366 | won: False 
#  181 | steps:  5475 | steps_t:   461 | t: 7.458427 | r:  -481.000000 | e:   0.953900 | Q: -158.168350 | won: False 
#  182 | steps:  5562 | steps_t:   547 | t: 8.354478 | r:  -575.000000 | e:   0.945300 | Q: -135.704056 | won: False 
#  183 | steps:  5620 | steps_t:   604 | t: 8.902509 | r:  -535.000000 | e:   0.939600 | Q: -138.155792 | won: False 
#  184 | steps:  5649 | steps_t:   632 | t: 9.181525 | r:  -506.000000 | e:   0.936800 | Q: -154.024139 | won: False 
#  185 | steps:  5663 | steps_t:   645 | t: 9.308532 | r:  -502.000000 | e:   0.935500 | Q: -174.973251 | won: False 
#  186 | steps:  5688 | steps_t:   669 | t: 9.544546 | r:  -513.000000 | e:   0.933100 | Q: -175.146606 | won: False 
#  187 | steps:  5696 | steps_t:   676 | t: 9.617550 | r:  -507.000000 | e:   0.932400 | Q:        nan | won: False 
#  188 | steps:  5702 | steps_t:   681 | t: 9.669553 | r:  -505.000000 | e:   0.931900 | Q: -178.602264 | won: False 
#  189 | steps:  5729 | steps_t:   707 | t: 9.917567 | r:  -482.000000 | e:   0.929300 | Q:        nan | won: False 
#  190 | steps:  5738 | steps_t:   715 | t: 9.997572 | r:  -497.000000 | e:   0.928500 | Q:        nan | won: False 
#  191 | steps:  5748 | steps_t:   724 | t: 10.088577 | r:  -509.000000 | e:   0.927600 | Q: -137.260696 | won: False 
#  192 | steps:  5766 | steps_t:   741 | t: 10.254587 | r:  -506.000000 | e:   0.925900 | Q: -129.212860 | won: False 
#  193 | steps:  5780 | steps_t:   754 | t: 10.385594 | r:  -513.000000 | e:   0.924600 | Q: -131.229141 | won: False 
#  194 | steps:  5797 | steps_t:   770 | t: 10.545603 | r:  -505.000000 | e:   0.923000 | Q: -124.652069 | won: False 
#  195 | steps:  5836 | steps_t:   808 | t: 10.914624 | r:  -483.000000 | e:   0.919200 | Q: -122.384743 | won: False 
#  196 | steps:  5958 | steps_t:   929 | t: 12.094692 | r:  -544.000000 | e:   0.907100 | Q: -116.691666 | won: False 
#  197 | steps:  6001 | steps_t:   971 | t: 12.512716 | r:  -520.000000 | e:   0.902900 | Q: -116.192467 | won: False 
#  198 | steps:  6016 | steps_t:   985 | t: 12.649724 | r:  -492.000000 | e:   0.901500 | Q:        nan | won: False 
#  199 | steps:  6022 | steps_t:   990 | t: 12.699726 | r:  -483.000000 | e:   0.901000 | Q:        nan | won: False 
#  200 | steps:  6032 | steps_t:   999 | t: 12.795732 | r:  -476.000000 | e:   0.900100 | Q:        nan | won: False 
#  201 | steps:  6116 | steps_t:  1082 | t: 13.666782 | r:  -550.000000 | e:   0.891800 | Q: -143.319809 | won: False 
#  202 | steps:  6126 | steps_t:  1091 | t: 13.756787 | r:  -509.000000 | e:   0.890900 | Q: -151.704193 | won: False 
#  203 | steps:  6137 | steps_t:  1101 | t: 13.856793 | r:  -510.000000 | e:   0.889900 | Q:        nan | won: False 
#  204 | steps:  6148 | steps_t:  1111 | t: 13.959799 | r:  -510.000000 | e:   0.888900 | Q: -158.663910 | won: False 
#  205 | steps:  6170 | steps_t:  1132 | t: 14.171811 | r:  -488.000000 | e:   0.886800 | Q: -162.105087 | won: False 
#  206 | steps:  6196 | steps_t:  1157 | t: 14.418825 | r:  -514.000000 | e:   0.884300 | Q: -153.720352 | won: False 
#  207 | steps:  6206 | steps_t:  1166 | t: 14.508830 | r:  -498.000000 | e:   0.883400 | Q:        nan | won: False 
#  208 | steps:  6228 | steps_t:  1187 | t: 14.719842 | r:  -521.000000 | e:   0.881300 | Q: -171.588303 | won: False 
#  209 | steps:  6250 | steps_t:  1208 | t: 14.923854 | r:  -510.000000 | e:   0.879200 | Q: -174.687027 | won: False 
#  210 | steps:  6319 | steps_t:  1276 | t: 15.597892 | r:  -502.000000 | e:   0.872400 | Q: -146.629135 | won: False 
#  211 | steps:  6326 | steps_t:  1282 | t: 15.664896 | r:  -506.000000 | e:   0.871800 | Q: -157.218796 | won: False 
#  212 | steps:  6364 | steps_t:  1319 | t: 16.032917 | r:  -515.000000 | e:   0.868100 | Q: -138.471039 | won: False 
#  213 | steps:  6412 | steps_t:  1366 | t: 16.497944 | r:  -525.000000 | e:   0.863400 | Q: -128.232895 | won: False 
#  214 | steps:  6435 | steps_t:  1388 | t: 16.731957 | r:  -500.000000 | e:   0.861200 | Q: -122.103394 | won: False 
#  215 | steps:  6462 | steps_t:  1414 | t: 16.985972 | r:  -515.000000 | e:   0.858600 | Q: -133.750397 | won: False 
#  216 | steps:  6516 | steps_t:  1467 | t: 17.517002 | r:  -531.000000 | e:   0.853300 | Q: -152.034424 | won: False 
#  217 | steps:  6531 | steps_t:  1481 | t: 17.658010 | r:  -503.000000 | e:   0.851900 | Q: -155.110733 | won: False 
#  218 | steps:  6559 | steps_t:  1508 | t: 17.927026 | r:  -505.000000 | e:   0.849200 | Q: -145.470337 | won: False 
#  219 | steps:  6578 | steps_t:  1526 | t: 18.106036 | r:  -518.000000 | e:   0.847400 | Q: -132.214233 | won: False 
#  220 | steps:  6608 | steps_t:  1555 | t: 18.390052 | r:  -529.000000 | e:   0.844500 | Q: -130.196457 | won: False 
#  221 | steps:  6670 | steps_t:  1616 | t: 19.036089 | r:  -528.000000 | e:   0.838400 | Q: -130.731308 | won: False 
#  222 | steps:  6761 | steps_t:  1706 | t: 19.923140 | r:  -546.000000 | e:   0.829400 | Q: -134.845367 | won: False 
#  223 | steps:  6810 | steps_t:  1754 | t: 20.395167 | r:  -504.000000 | e:   0.824600 | Q: -125.457565 | won: False 
#  224 | steps:  6839 | steps_t:  1782 | t: 20.668182 | r:  -506.000000 | e:   0.821800 | Q: -133.099045 | won: False 
#  225 | steps:  6870 | steps_t:  1812 | t: 20.962199 | r:  -519.000000 | e:   0.818800 | Q: -148.488220 | won: False 
#  226 | steps:  6896 | steps_t:  1837 | t: 21.218214 | r:  -503.000000 | e:   0.816300 | Q: -132.963577 | won: False 
#  227 | steps:  6920 | steps_t:  1860 | t: 21.449227 | r:  -501.000000 | e:   0.814000 | Q: -127.731712 | won: False 
#  228 | steps:  6947 | steps_t:  1886 | t: 21.709242 | r:  -515.000000 | e:   0.811400 | Q: -121.654518 | won: False 
#  229 | steps:  6960 | steps_t:  1898 | t: 21.830249 | r:  -501.000000 | e:   0.810200 | Q: -119.940590 | won: False 
#  230 | steps:  6967 | steps_t:  1904 | t: 21.892252 | r:  -506.000000 | e:   0.809600 | Q: -128.885513 | won: False 
#  231 | steps:  6991 | steps_t:  1927 | t: 22.124266 | r:  -523.000000 | e:   0.807300 | Q: -132.610641 | won: False 
#  232 | steps:  7001 | steps_t:  1936 | t: 22.218271 | r:  -487.000000 | e:   0.806400 | Q: -148.412338 | won: False 
#  233 | steps:  7011 | steps_t:  1945 | t: 22.307276 | r:  -509.000000 | e:   0.805500 | Q: -136.648529 | won: False 
#  234 | steps:  7040 | steps_t:  1973 | t: 22.597293 | r:  -528.000000 | e:   0.802700 | Q: -119.346359 | won: False 
#  235 | steps:  7062 | steps_t:  1994 | t: 22.821306 | r:  -510.000000 | e:   0.800600 | Q: -119.061150 | won: False 
#  236 | steps:  7117 | steps_t:  2048 | t: 23.411339 | r:  -543.000000 | e:   0.795200 | Q: -148.430206 | won: False 
#  237 | steps:  7183 | steps_t:  2113 | t: 24.158382 | r:  -521.000000 | e:   0.788700 | Q: -132.499069 | won: False 
#  238 | steps:  7196 | steps_t:  2125 | t: 24.394396 | r:  -512.000000 | e:   0.787500 | Q: -167.376709 | won: False 
#  239 | steps:  7217 | steps_t:  2145 | t: 24.855422 | r:  -509.000000 | e:   0.785500 | Q: -156.807938 | won: False 
#  240 | steps:  7243 | steps_t:  2170 | t: 25.146439 | r:  -514.000000 | e:   0.783000 | Q: -162.206253 | won: False 
#  241 | steps:  7308 | steps_t:  2234 | t: 25.977486 | r:  -542.000000 | e:   0.776600 | Q: -163.639816 | won: False 
#  242 | steps:  7330 | steps_t:  2255 | t: 26.192498 | r:  -521.000000 | e:   0.774500 | Q: -144.145966 | won: False 
#  243 | steps:  7345 | steps_t:  2269 | t: 26.331506 | r:  -503.000000 | e:   0.773100 | Q: -140.523483 | won: False 
#  244 | steps:  7408 | steps_t:  2331 | t: 26.966543 | r:  -540.000000 | e:   0.766900 | Q: -128.155457 | won: False 
#  245 | steps:  7424 | steps_t:  2346 | t: 27.118551 | r:  -504.000000 | e:   0.765400 | Q: -133.318054 | won: False 
#  246 | steps:  7455 | steps_t:  2376 | t: 27.424569 | r:  -486.000000 | e:   0.762400 | Q: -132.973648 | won: False 
#  247 | steps:  7475 | steps_t:  2395 | t: 27.619580 | r:  -508.000000 | e:   0.760500 | Q: -123.449783 | won: False 
#  248 | steps:  7489 | steps_t:  2408 | t: 27.754587 | r:  -502.000000 | e:   0.759200 | Q: -135.448807 | won: False 
#  249 | steps:  7518 | steps_t:  2436 | t: 28.046604 | r:  -506.000000 | e:   0.756400 | Q: -130.463623 | won: False 
#  250 | steps:  7534 | steps_t:  2451 | t: 28.195613 | r:  -515.000000 | e:   0.754900 | Q: -127.713341 | won: False 
#  251 | steps:  7552 | steps_t:  2468 | t: 28.368623 | r:  -506.000000 | e:   0.753200 | Q: -130.620453 | won: False 
#  252 | steps:  7639 | steps_t:  2554 | t: 29.303676 | r:  -564.000000 | e:   0.744600 | Q: -148.408707 | won: False 
#  253 | steps:  7656 | steps_t:  2570 | t: 29.503688 | r:  -516.000000 | e:   0.743000 | Q: -148.138336 | won: False 
#  254 | steps:  7687 | steps_t:  2600 | t: 29.845707 | r:  -519.000000 | e:   0.740000 | Q: -135.689575 | won: False 
#  255 | steps:  7702 | steps_t:  2614 | t: 30.023717 | r:  -514.000000 | e:   0.738600 | Q: -152.539856 | won: False 
#  256 | steps:  7762 | steps_t:  2673 | t: 30.640753 | r:  -559.000000 | e:   0.732700 | Q: -141.791901 | won: False 
#  257 | steps:  7843 | steps_t:  2753 | t: 31.476801 | r:  -503.000000 | e:   0.724700 | Q: -135.299057 | won: False 
#  258 | steps:  7878 | steps_t:  2787 | t: 31.864823 | r:  -523.000000 | e:   0.721300 | Q: -141.304184 | won: False 
#  259 | steps:  7897 | steps_t:  2805 | t: 32.076835 | r:  -518.000000 | e:   0.719500 | Q: -164.271500 | won: False 
#  260 | steps:  7936 | steps_t:  2843 | t: 32.540861 | r:  -494.000000 | e:   0.715700 | Q: -154.126343 | won: False 
#  261 | steps:  7945 | steps_t:  2851 | t: 32.636867 | r:  -508.000000 | e:   0.714900 | Q:        nan | won: False 
#  262 | steps:  7966 | steps_t:  2871 | t: 32.923883 | r:  -509.000000 | e:   0.712900 | Q: -152.286636 | won: False 
#  263 | steps:  7980 | steps_t:  2884 | t: 33.116894 | r:  -513.000000 | e:   0.711600 | Q: -131.045090 | won: False 
#  264 | steps:  8011 | steps_t:  2914 | t: 33.442913 | r:  -508.000000 | e:   0.708600 | Q: -114.646927 | won: False 
#  265 | steps:  8058 | steps_t:  2960 | t: 33.919940 | r:  -513.000000 | e:   0.704000 | Q: -98.999481 | won: False 
#  266 | steps:  8095 | steps_t:  2996 | t: 34.311963 | r:  -525.000000 | e:   0.700400 | Q: -101.586609 | won: False 
#  267 | steps:  8144 | steps_t:  3044 | t: 34.850993 | r:  -526.000000 | e:   0.695600 | Q: -118.223289 | won: False 
#  268 | steps:  8208 | steps_t:  3107 | t: 35.491030 | r:  -541.000000 | e:   0.689300 | Q: -136.191986 | won: False 
#  269 | steps:  8235 | steps_t:  3133 | t: 35.758045 | r:  -515.000000 | e:   0.686700 | Q: -119.061607 | won: False 
#  270 | steps:  8264 | steps_t:  3161 | t: 36.046062 | r:  -495.000000 | e:   0.683900 | Q: -129.875000 | won: False 
#  271 | steps:  8288 | steps_t:  3184 | t: 36.274075 | r:  -501.000000 | e:   0.681600 | Q: -133.987274 | won: False 
#  272 | steps:  8363 | steps_t:  3258 | t: 37.030118 | r:  -552.000000 | e:   0.674200 | Q: -128.148468 | won: False 
#  273 | steps:  8391 | steps_t:  3285 | t: 37.330135 | r:  -505.000000 | e:   0.671500 | Q: -142.606857 | won: False 
#  274 | steps:  8410 | steps_t:  3303 | t: 37.525146 | r:  -496.000000 | e:   0.669700 | Q: -121.187248 | won: False 
#  275 | steps:  8471 | steps_t:  3363 | t: 38.149182 | r:  -549.000000 | e:   0.663700 | Q: -101.448837 | won: False 
#  276 | steps:  8522 | steps_t:  3413 | t: 38.860223 | r:  -528.000000 | e:   0.658700 | Q: -115.171104 | won: False 
#  277 | steps:  8559 | steps_t:  3449 | t: 39.295248 | r:  -525.000000 | e:   0.655100 | Q: -114.043549 | won: False 
#  278 | steps:  8580 | steps_t:  3469 | t: 39.556262 | r:  -509.000000 | e:   0.653100 | Q: -96.909386 | won: False 
#  279 | steps:  8596 | steps_t:  3484 | t: 39.769275 | r:  -504.000000 | e:   0.651600 | Q: -90.634178 | won: False 
#  280 | steps:  8611 | steps_t:  3498 | t: 39.943285 | r:  -514.000000 | e:   0.650200 | Q: -100.051094 | won: False 
#  281 | steps:  8642 | steps_t:  3528 | t: 40.290305 | r:  -519.000000 | e:   0.647200 | Q: -85.674057 | won: False 
#  282 | steps:  8652 | steps_t:  3537 | t: 40.379310 | r:  -498.000000 | e:   0.646300 | Q:        nan | won: False 
#  283 | steps:  8706 | steps_t:  3590 | t: 40.929341 | r:  -531.000000 | e:   0.641000 | Q: -90.913528 | won: False 
#  284 | steps:  8743 | steps_t:  3626 | t: 41.312363 | r:  -525.000000 | e:   0.637400 | Q: -89.126640 | won: False 
#  285 | steps:  8752 | steps_t:  3634 | t: 41.406368 | r:  -497.000000 | e:   0.636600 | Q: -101.483368 | won: False 
#  286 | steps:  8778 | steps_t:  3659 | t: 41.667383 | r:  -503.000000 | e:   0.634100 | Q: -112.931068 | won: False 
#  287 | steps:  8878 | steps_t:  3758 | t: 42.685442 | r:  -577.000000 | e:   0.624200 | Q: -93.687828 | won: False 
#  288 | steps:  8908 | steps_t:  3787 | t: 42.981458 | r:  -518.000000 | e:   0.621300 | Q: -98.463486 | won: False 
#  289 | steps:  8941 | steps_t:  3819 | t: 43.304477 | r:  -521.000000 | e:   0.618100 | Q: -93.269951 | won: False 
#  290 | steps:  8953 | steps_t:  3830 | t: 43.422484 | r:  -489.000000 | e:   0.617000 | Q: -138.081299 | won: False 
#  291 | steps:  8993 | steps_t:  3869 | t: 43.825507 | r:  -517.000000 | e:   0.613100 | Q: -123.465858 | won: False 
