#    1 | steps:    10 | steps_t:     0 | t: 0.015001 | r:  -509.000000 | e:   1.000000 | Q:        nan | won: False 
#    2 | steps:    18 | steps_t:     0 | t: 0.019001 | r:  -507.000000 | e:   1.000000 | Q:        nan | won: False 
#    3 | steps:    26 | steps_t:     0 | t: 0.024002 | r:  -507.000000 | e:   1.000000 | Q:        nan | won: False 
#    4 | steps:    32 | steps_t:     0 | t: 0.028002 | r:  -505.000000 | e:   1.000000 | Q:        nan | won: False 
#    5 | steps:    44 | steps_t:     0 | t: 0.034002 | r:  -511.000000 | e:   1.000000 | Q:        nan | won: False 
#    6 | steps:    50 | steps_t:     0 | t: 0.038002 | r:  -505.000000 | e:   1.000000 | Q:        nan | won: False 
#    7 | steps:    58 | steps_t:     0 | t: 0.042002 | r:  -507.000000 | e:   1.000000 | Q:        nan | won: False 
#    8 | steps:    71 | steps_t:     0 | t: 0.048003 | r:  -501.000000 | e:   1.000000 | Q:        nan | won: False 
#    9 | steps:    82 | steps_t:     0 | t: 0.053003 | r:  -510.000000 | e:   1.000000 | Q:        nan | won: False 
#   10 | steps:    94 | steps_t:     0 | t: 0.059003 | r:  -511.000000 | e:   1.000000 | Q:        nan | won: False 
#   11 | steps:   101 | steps_t:     0 | t: 0.062004 | r:  -506.000000 | e:   1.000000 | Q:        nan | won: False 
#   12 | steps:   107 | steps_t:     0 | t: 0.065004 | r:  -505.000000 | e:   1.000000 | Q:        nan | won: False 
#   13 | steps:   118 | steps_t:     0 | t: 0.070004 | r:  -510.000000 | e:   1.000000 | Q:        nan | won: False 
#   14 | steps:   132 | steps_t:     0 | t: 0.077005 | r:  -513.000000 | e:   1.000000 | Q:        nan | won: False 
#   15 | steps:   145 | steps_t:     0 | t: 0.083005 | r:  -512.000000 | e:   1.000000 | Q:        nan | won: False 
#   16 | steps:   153 | steps_t:     0 | t: 0.088005 | r:  -507.000000 | e:   1.000000 | Q:        nan | won: False 
#   17 | steps:   160 | steps_t:     0 | t: 0.092005 | r:  -506.000000 | e:   1.000000 | Q:        nan | won: False 
#   18 | steps:   172 | steps_t:     0 | t: 0.098006 | r:  -511.000000 | e:   1.000000 | Q:        nan | won: False 
#   19 | steps:   181 | steps_t:     0 | t: 0.104006 | r:  -508.000000 | e:   1.000000 | Q:        nan | won: False 
#   20 | steps:   199 | steps_t:     0 | t: 0.112006 | r:  -517.000000 | e:   1.000000 | Q:        nan | won: False 
#   21 | steps:   207 | steps_t:     0 | t: 0.116007 | r:  -507.000000 | e:   1.000000 | Q:        nan | won: False 
#   22 | steps:   218 | steps_t:     0 | t: 0.122007 | r:  -510.000000 | e:   1.000000 | Q:        nan | won: False 
#   23 | steps:   226 | steps_t:     0 | t: 0.126007 | r:  -507.000000 | e:   1.000000 | Q:        nan | won: False 
#   24 | steps:   233 | steps_t:     0 | t: 0.129007 | r:  -506.000000 | e:   1.000000 | Q:        nan | won: False 
#   25 | steps:   242 | steps_t:     0 | t: 0.134008 | r:  -508.000000 | e:   1.000000 | Q:        nan | won: False 
#   26 | steps:   250 | steps_t:     0 | t: 0.138008 | r:  -507.000000 | e:   1.000000 | Q:        nan | won: False 
#   27 | steps:   268 | steps_t:     0 | t: 0.147009 | r:  -506.000000 | e:   1.000000 | Q:        nan | won: False 
#   28 | steps:   276 | steps_t:     0 | t: 0.152009 | r:  -507.000000 | e:   1.000000 | Q:        nan | won: False 
#   29 | steps:   291 | steps_t:     0 | t: 0.159009 | r:  -514.000000 | e:   1.000000 | Q:        nan | won: False 
#   30 | steps:   303 | steps_t:     0 | t: 0.165009 | r:  -511.000000 | e:   1.000000 | Q:        nan | won: False 
#   31 | steps:   312 | steps_t:     0 | t: 0.170010 | r:  -508.000000 | e:   1.000000 | Q:        nan | won: False 
#   32 | steps:   319 | steps_t:     0 | t: 0.174010 | r:  -506.000000 | e:   1.000000 | Q:        nan | won: False 
#   33 | steps:   332 | steps_t:     0 | t: 0.181010 | r:  -512.000000 | e:   1.000000 | Q:        nan | won: False 
#   34 | steps:   339 | steps_t:     0 | t: 0.185011 | r:  -506.000000 | e:   1.000000 | Q:        nan | won: False 
#   35 | steps:   346 | steps_t:     0 | t: 0.189011 | r:  -506.000000 | e:   1.000000 | Q:        nan | won: False 
#   36 | steps:   353 | steps_t:     0 | t: 0.192011 | r:  -506.000000 | e:   1.000000 | Q:        nan | won: False 
#   37 | steps:   360 | steps_t:     0 | t: 0.196011 | r:  -506.000000 | e:   1.000000 | Q:        nan | won: False 
#   38 | steps:   368 | steps_t:     0 | t: 0.200011 | r:  -507.000000 | e:   1.000000 | Q:        nan | won: False 
#   39 | steps:   379 | steps_t:     0 | t: 0.206012 | r:  -510.000000 | e:   1.000000 | Q:        nan | won: False 
#   40 | steps:   385 | steps_t:     0 | t: 0.209012 | r:  -505.000000 | e:   1.000000 | Q:        nan | won: False 
#   41 | steps:   396 | steps_t:     0 | t: 0.214012 | r:  -510.000000 | e:   1.000000 | Q:        nan | won: False 
#   42 | steps:   405 | steps_t:     0 | t: 0.219013 | r:  -508.000000 | e:   1.000000 | Q:        nan | won: False 
#   43 | steps:   411 | steps_t:     0 | t: 0.223013 | r:  -505.000000 | e:   1.000000 | Q:        nan | won: False 
#   44 | steps:   421 | steps_t:     0 | t: 0.227013 | r:  -509.000000 | e:   1.000000 | Q:        nan | won: False 
#   45 | steps:   432 | steps_t:     0 | t: 0.234014 | r:  -510.000000 | e:   1.000000 | Q:        nan | won: False 
#   46 | steps:   442 | steps_t:     0 | t: 0.239014 | r:  -509.000000 | e:   1.000000 | Q:        nan | won: False 
#   47 | steps:   453 | steps_t:     0 | t: 0.245014 | r:  -510.000000 | e:   1.000000 | Q:        nan | won: False 
#   48 | steps:   468 | steps_t:     0 | t: 0.252015 | r:  -514.000000 | e:   1.000000 | Q:        nan | won: False 
#   49 | steps:   478 | steps_t:     0 | t: 0.258015 | r:  -509.000000 | e:   1.000000 | Q:        nan | won: False 
#   50 | steps:   501 | steps_t:     0 | t: 0.268015 | r:  -522.000000 | e:   1.000000 | Q:        nan | won: False 
#   51 | steps:   510 | steps_t:     0 | t: 0.273015 | r:  -508.000000 | e:   1.000000 | Q:        nan | won: False 
#   52 | steps:   516 | steps_t:     0 | t: 0.275016 | r:  -505.000000 | e:   1.000000 | Q:        nan | won: False 
#   53 | steps:   526 | steps_t:     0 | t: 0.281016 | r:  -509.000000 | e:   1.000000 | Q:        nan | won: False 
#   54 | steps:   532 | steps_t:     0 | t: 0.284016 | r:  -505.000000 | e:   1.000000 | Q:        nan | won: False 
#   55 | steps:   542 | steps_t:     0 | t: 0.289017 | r:  -509.000000 | e:   1.000000 | Q:        nan | won: False 
#   56 | steps:   557 | steps_t:     0 | t: 0.296017 | r:  -514.000000 | e:   1.000000 | Q:        nan | won: False 
#   57 | steps:   565 | steps_t:     0 | t: 0.300017 | r:  -507.000000 | e:   1.000000 | Q:        nan | won: False 
#   58 | steps:   579 | steps_t:     0 | t: 0.307018 | r:  -513.000000 | e:   1.000000 | Q:        nan | won: False 
#   59 | steps:   594 | steps_t:     0 | t: 0.314018 | r:  -514.000000 | e:   1.000000 | Q:        nan | won: False 
#   60 | steps:   607 | steps_t:     0 | t: 0.321018 | r:  -512.000000 | e:   1.000000 | Q:        nan | won: False 
#   61 | steps:   621 | steps_t:     0 | t: 0.327019 | r:  -513.000000 | e:   1.000000 | Q:        nan | won: False 
#   62 | steps:   627 | steps_t:     0 | t: 0.330019 | r:  -505.000000 | e:   1.000000 | Q:        nan | won: False 
#   63 | steps:   633 | steps_t:     0 | t: 0.333019 | r:  -505.000000 | e:   1.000000 | Q:        nan | won: False 
#   64 | steps:   645 | steps_t:     0 | t: 0.341020 | r:  -511.000000 | e:   1.000000 | Q:        nan | won: False 
#   65 | steps:   672 | steps_t:     0 | t: 0.357020 | r:  -515.000000 | e:   1.000000 | Q:        nan | won: False 
#   66 | steps:   683 | steps_t:     0 | t: 0.362021 | r:  -510.000000 | e:   1.000000 | Q:        nan | won: False 
#   67 | steps:   691 | steps_t:     0 | t: 0.367021 | r:  -507.000000 | e:   1.000000 | Q:        nan | won: False 
#   68 | steps:   699 | steps_t:     0 | t: 0.371021 | r:  -507.000000 | e:   1.000000 | Q:        nan | won: False 
#   69 | steps:   712 | steps_t:     0 | t: 0.378022 | r:  -512.000000 | e:   1.000000 | Q:        nan | won: False 
#   70 | steps:   721 | steps_t:     0 | t: 0.383022 | r:  -508.000000 | e:   1.000000 | Q:        nan | won: False 
#   71 | steps:   733 | steps_t:     0 | t: 0.390023 | r:  -511.000000 | e:   1.000000 | Q:        nan | won: False 
#   72 | steps:   741 | steps_t:     0 | t: 0.394023 | r:  -507.000000 | e:   1.000000 | Q:        nan | won: False 
#   73 | steps:   751 | steps_t:     0 | t: 0.399023 | r:  -509.000000 | e:   1.000000 | Q:        nan | won: False 
#   74 | steps:   760 | steps_t:     0 | t: 0.404023 | r:  -508.000000 | e:   1.000000 | Q:        nan | won: False 
#   75 | steps:   774 | steps_t:     0 | t: 0.412024 | r:  -513.000000 | e:   1.000000 | Q:        nan | won: False 
#   76 | steps:   784 | steps_t:     0 | t: 0.417024 | r:  -509.000000 | e:   1.000000 | Q:        nan | won: False 
#   77 | steps:   795 | steps_t:     0 | t: 0.423024 | r:  -510.000000 | e:   1.000000 | Q:        nan | won: False 
#   78 | steps:   801 | steps_t:     0 | t: 0.426024 | r:  -505.000000 | e:   1.000000 | Q:        nan | won: False 
#   79 | steps:   841 | steps_t:     0 | t: 0.445026 | r:  -539.000000 | e:   1.000000 | Q:        nan | won: False 
#   80 | steps:   852 | steps_t:     0 | t: 0.451026 | r:  -510.000000 | e:   1.000000 | Q:        nan | won: False 
#   81 | steps:   858 | steps_t:     0 | t: 0.455026 | r:  -505.000000 | e:   1.000000 | Q:        nan | won: False 
#   82 | steps:   877 | steps_t:     0 | t: 0.464027 | r:  -518.000000 | e:   1.000000 | Q:        nan | won: False 
#   83 | steps:   888 | steps_t:     0 | t: 0.469027 | r:  -510.000000 | e:   1.000000 | Q:        nan | won: False 
#   84 | steps:   898 | steps_t:     0 | t: 0.475027 | r:  -509.000000 | e:   1.000000 | Q:        nan | won: False 
#   85 | steps:   904 | steps_t:     0 | t: 0.478027 | r:  -505.000000 | e:   1.000000 | Q:        nan | won: False 
#   86 | steps:   913 | steps_t:     0 | t: 0.482028 | r:  -508.000000 | e:   1.000000 | Q:        nan | won: False 
#   87 | steps:   918 | steps_t:     0 | t: 0.484028 | r:  -504.000000 | e:   1.000000 | Q:        nan | won: False 
#   88 | steps:   932 | steps_t:     0 | t: 0.491028 | r:  -513.000000 | e:   1.000000 | Q:        nan | won: False 
#   89 | steps:   941 | steps_t:     0 | t: 0.496028 | r:  -508.000000 | e:   1.000000 | Q:        nan | won: False 
#   90 | steps:   949 | steps_t:     0 | t: 0.500029 | r:  -507.000000 | e:   1.000000 | Q:        nan | won: False 
#   91 | steps:   957 | steps_t:     0 | t: 0.504029 | r:  -507.000000 | e:   1.000000 | Q:        nan | won: False 
#   92 | steps:   969 | steps_t:     0 | t: 0.511029 | r:  -511.000000 | e:   1.000000 | Q:        nan | won: False 
#   93 | steps:   975 | steps_t:     0 | t: 0.514030 | r:  -505.000000 | e:   1.000000 | Q:        nan | won: False 
#   94 | steps:   985 | steps_t:     0 | t: 0.519030 | r:  -509.000000 | e:   1.000000 | Q:        nan | won: False 
#   95 | steps:   995 | steps_t:     0 | t: 0.525030 | r:  -509.000000 | e:   1.000000 | Q:        nan | won: False 
#   96 | steps:  1002 | steps_t:     0 | t: 0.528030 | r:  -506.000000 | e:   1.000000 | Q:        nan | won: False 
#   97 | steps:  1011 | steps_t:     0 | t: 0.533031 | r:  -508.000000 | e:   1.000000 | Q:        nan | won: False 
#   98 | steps:  1016 | steps_t:     0 | t: 0.535031 | r:  -504.000000 | e:   1.000000 | Q:        nan | won: False 
#   99 | steps:  1028 | steps_t:     0 | t: 0.541031 | r:  -511.000000 | e:   1.000000 | Q:        nan | won: False 
#  100 | steps:  1037 | steps_t:     0 | t: 0.547031 | r:  -508.000000 | e:   1.000000 | Q:        nan | won: False 
#  101 | steps:  1045 | steps_t:     0 | t: 0.551032 | r:  -507.000000 | e:   1.000000 | Q:        nan | won: False 
#  102 | steps:  1052 | steps_t:     0 | t: 0.555032 | r:  -506.000000 | e:   1.000000 | Q:        nan | won: False 
#  103 | steps:  1063 | steps_t:     0 | t: 0.561032 | r:  -510.000000 | e:   1.000000 | Q:        nan | won: False 
#  104 | steps:  1072 | steps_t:     0 | t: 0.566032 | r:  -508.000000 | e:   1.000000 | Q:        nan | won: False 
#  105 | steps:  1080 | steps_t:     0 | t: 0.570033 | r:  -507.000000 | e:   1.000000 | Q:        nan | won: False 
#  106 | steps:  1098 | steps_t:     0 | t: 0.579033 | r:  -517.000000 | e:   1.000000 | Q:        nan | won: False 
#  107 | steps:  1107 | steps_t:     0 | t: 0.584033 | r:  -508.000000 | e:   1.000000 | Q:        nan | won: False 
#  108 | steps:  1114 | steps_t:     0 | t: 0.588034 | r:  -506.000000 | e:   1.000000 | Q:        nan | won: False 
#  109 | steps:  1125 | steps_t:     0 | t: 0.593034 | r:  -510.000000 | e:   1.000000 | Q:        nan | won: False 
#  110 | steps:  1134 | steps_t:     0 | t: 0.597034 | r:  -508.000000 | e:   1.000000 | Q:        nan | won: False 
#  111 | steps:  1142 | steps_t:     0 | t: 0.602035 | r:  -507.000000 | e:   1.000000 | Q:        nan | won: False 
#  112 | steps:  1149 | steps_t:     0 | t: 0.606035 | r:  -506.000000 | e:   1.000000 | Q:        nan | won: False 
#  113 | steps:  1156 | steps_t:     0 | t: 0.610035 | r:  -506.000000 | e:   1.000000 | Q:        nan | won: False 
#  114 | steps:  1165 | steps_t:     0 | t: 0.614035 | r:  -508.000000 | e:   1.000000 | Q:        nan | won: False 
#  115 | steps:  1170 | steps_t:     0 | t: 0.617035 | r:  -504.000000 | e:   1.000000 | Q:        nan | won: False 
#  116 | steps:  1179 | steps_t:     0 | t: 0.622036 | r:  -508.000000 | e:   1.000000 | Q:        nan | won: False 
#  117 | steps:  1201 | steps_t:     0 | t: 0.634037 | r:  -521.000000 | e:   1.000000 | Q:        nan | won: False 
#  118 | steps:  1213 | steps_t:     0 | t: 0.641037 | r:  -511.000000 | e:   1.000000 | Q:        nan | won: False 
#  119 | steps:  1224 | steps_t:     0 | t: 0.647037 | r:  -510.000000 | e:   1.000000 | Q:        nan | won: False 
#  120 | steps:  1230 | steps_t:     0 | t: 0.650037 | r:  -505.000000 | e:   1.000000 | Q:        nan | won: False 
#  121 | steps:  1248 | steps_t:     0 | t: 0.659038 | r:  -517.000000 | e:   1.000000 | Q:        nan | won: False 
#  122 | steps:  1259 | steps_t:     0 | t: 0.665038 | r:  -510.000000 | e:   1.000000 | Q:        nan | won: False 
#  123 | steps:  1274 | steps_t:     0 | t: 0.672039 | r:  -503.000000 | e:   1.000000 | Q:        nan | won: False 
#  124 | steps:  1293 | steps_t:     0 | t: 0.682039 | r:  -518.000000 | e:   1.000000 | Q:        nan | won: False 
#  125 | steps:  1303 | steps_t:     0 | t: 0.687040 | r:  -509.000000 | e:   1.000000 | Q:        nan | won: False 
#  126 | steps:  1311 | steps_t:     0 | t: 0.693040 | r:  -507.000000 | e:   1.000000 | Q:        nan | won: False 
#  127 | steps:  1320 | steps_t:     0 | t: 0.698040 | r:  -508.000000 | e:   1.000000 | Q:        nan | won: False 
#  128 | steps:  1328 | steps_t:     0 | t: 0.702040 | r:  -507.000000 | e:   1.000000 | Q:        nan | won: False 
#  129 | steps:  1336 | steps_t:     0 | t: 0.705040 | r:  -507.000000 | e:   1.000000 | Q:        nan | won: False 
#  130 | steps:  1346 | steps_t:     0 | t: 0.711041 | r:  -509.000000 | e:   1.000000 | Q:        nan | won: False 
#  131 | steps:  1352 | steps_t:     0 | t: 0.714041 | r:  -505.000000 | e:   1.000000 | Q:        nan | won: False 
#  132 | steps:  1365 | steps_t:     0 | t: 0.720041 | r:  -512.000000 | e:   1.000000 | Q:        nan | won: False 
#  133 | steps:  1375 | steps_t:     0 | t: 0.724041 | r:  -509.000000 | e:   1.000000 | Q:        nan | won: False 
#  134 | steps:  1389 | steps_t:     0 | t: 0.732042 | r:  -513.000000 | e:   1.000000 | Q:        nan | won: False 
#  135 | steps:  1395 | steps_t:     0 | t: 0.735042 | r:  -505.000000 | e:   1.000000 | Q:        nan | won: False 
#  136 | steps:  1401 | steps_t:     0 | t: 0.738042 | r:  -505.000000 | e:   1.000000 | Q:        nan | won: False 
#  137 | steps:  1409 | steps_t:     0 | t: 0.743043 | r:  -507.000000 | e:   1.000000 | Q:        nan | won: False 
#  138 | steps:  1420 | steps_t:     0 | t: 0.748043 | r:  -510.000000 | e:   1.000000 | Q:        nan | won: False 
#  139 | steps:  1433 | steps_t:     0 | t: 0.754043 | r:  -512.000000 | e:   1.000000 | Q:        nan | won: False 
#  140 | steps:  1442 | steps_t:     0 | t: 0.758044 | r:  -508.000000 | e:   1.000000 | Q:        nan | won: False 
#  141 | steps:  1447 | steps_t:     0 | t: 0.761044 | r:  -504.000000 | e:   1.000000 | Q:        nan | won: False 
#  142 | steps:  1456 | steps_t:     0 | t: 0.765044 | r:  -508.000000 | e:   1.000000 | Q:        nan | won: False 
#  143 | steps:  1463 | steps_t:     0 | t: 0.769044 | r:  -506.000000 | e:   1.000000 | Q:        nan | won: False 
#  144 | steps:  1478 | steps_t:     0 | t: 0.778045 | r:  -514.000000 | e:   1.000000 | Q:        nan | won: False 
#  145 | steps:  1485 | steps_t:     0 | t: 0.783045 | r:  -506.000000 | e:   1.000000 | Q:        nan | won: False 
#  146 | steps:  1492 | steps_t:     0 | t: 0.787045 | r:  -506.000000 | e:   1.000000 | Q:        nan | won: False 
#  147 | steps:  1509 | steps_t:     0 | t: 0.796046 | r:  -516.000000 | e:   1.000000 | Q:        nan | won: False 
#  148 | steps:  1514 | steps_t:     0 | t: 0.798046 | r:  -504.000000 | e:   1.000000 | Q:        nan | won: False 
#  149 | steps:  1521 | steps_t:     0 | t: 0.802046 | r:  -506.000000 | e:   1.000000 | Q:        nan | won: False 
#  150 | steps:  1536 | steps_t:     0 | t: 0.810046 | r:  -514.000000 | e:   1.000000 | Q:        nan | won: False 
#  151 | steps:  1549 | steps_t:     0 | t: 0.816047 | r:  -512.000000 | e:   1.000000 | Q:        nan | won: False 
#  152 | steps:  1558 | steps_t:     0 | t: 0.822047 | r:  -508.000000 | e:   1.000000 | Q:        nan | won: False 
#  153 | steps:  1567 | steps_t:     0 | t: 0.827048 | r:  -508.000000 | e:   1.000000 | Q:        nan | won: False 
#  154 | steps:  1576 | steps_t:     0 | t: 0.833048 | r:  -508.000000 | e:   1.000000 | Q:        nan | won: False 
#  155 | steps:  1589 | steps_t:     0 | t: 0.839048 | r:  -512.000000 | e:   1.000000 | Q:        nan | won: False 
#  156 | steps:  1606 | steps_t:     0 | t: 0.847049 | r:  -505.000000 | e:   1.000000 | Q:        nan | won: False 
#  157 | steps:  1615 | steps_t:     0 | t: 0.853049 | r:  -508.000000 | e:   1.000000 | Q:        nan | won: False 
#  158 | steps:  1624 | steps_t:     0 | t: 0.858049 | r:  -508.000000 | e:   1.000000 | Q:        nan | won: False 
#  159 | steps:  1633 | steps_t:     0 | t: 0.863050 | r:  -508.000000 | e:   1.000000 | Q:        nan | won: False 
#  160 | steps:  1647 | steps_t:     0 | t: 0.871050 | r:  -513.000000 | e:   1.000000 | Q:        nan | won: False 
#  161 | steps:  1655 | steps_t:     0 | t: 0.875050 | r:  -507.000000 | e:   1.000000 | Q:        nan | won: False 
#  162 | steps:  1667 | steps_t:     0 | t: 0.880050 | r:  -511.000000 | e:   1.000000 | Q:        nan | won: False 
#  163 | steps:  1678 | steps_t:     0 | t: 0.886051 | r:  -510.000000 | e:   1.000000 | Q:        nan | won: False 
#  164 | steps:  1685 | steps_t:     0 | t: 0.890051 | r:  -506.000000 | e:   1.000000 | Q:        nan | won: False 
#  165 | steps:  1693 | steps_t:     0 | t: 0.894051 | r:  -507.000000 | e:   1.000000 | Q:        nan | won: False 
#  166 | steps:  1701 | steps_t:     0 | t: 0.898052 | r:  -507.000000 | e:   1.000000 | Q:        nan | won: False 
#  167 | steps:  1708 | steps_t:     0 | t: 0.902052 | r:  -506.000000 | e:   1.000000 | Q:        nan | won: False 
#  168 | steps:  1714 | steps_t:     0 | t: 0.904052 | r:  -505.000000 | e:   1.000000 | Q:        nan | won: False 
#  169 | steps:  1723 | steps_t:     0 | t: 0.909052 | r:  -508.000000 | e:   1.000000 | Q:        nan | won: False 
#  170 | steps:  1732 | steps_t:     0 | t: 0.913052 | r:  -508.000000 | e:   1.000000 | Q:        nan | won: False 
#  171 | steps:  1745 | steps_t:     0 | t: 0.920053 | r:  -512.000000 | e:   1.000000 | Q:        nan | won: False 
#  172 | steps:  1765 | steps_t:     0 | t: 0.929053 | r:  -519.000000 | e:   1.000000 | Q:        nan | won: False 
#  173 | steps:  1782 | steps_t:     0 | t: 0.937054 | r:  -516.000000 | e:   1.000000 | Q:        nan | won: False 
#  174 | steps:  1790 | steps_t:     0 | t: 0.942054 | r:  -507.000000 | e:   1.000000 | Q:        nan | won: False 
#  175 | steps:  1798 | steps_t:     0 | t: 0.947054 | r:  -507.000000 | e:   1.000000 | Q:        nan | won: False 
#  176 | steps:  1807 | steps_t:     0 | t: 0.952055 | r:  -508.000000 | e:   1.000000 | Q:        nan | won: False 
#  177 | steps:  1813 | steps_t:     0 | t: 0.955055 | r:  -505.000000 | e:   1.000000 | Q:        nan | won: False 
#  178 | steps:  1826 | steps_t:     0 | t: 0.961055 | r:  -512.000000 | e:   1.000000 | Q:        nan | won: False 
#  179 | steps:  1839 | steps_t:     0 | t: 0.968055 | r:  -512.000000 | e:   1.000000 | Q:        nan | won: False 
#  180 | steps:  1849 | steps_t:     0 | t: 0.974056 | r:  -509.000000 | e:   1.000000 | Q:        nan | won: False 
#  181 | steps:  1890 | steps_t:     0 | t: 0.995057 | r:  -529.000000 | e:   1.000000 | Q:        nan | won: False 
#  182 | steps:  1896 | steps_t:     0 | t: 0.999057 | r:  -505.000000 | e:   1.000000 | Q:        nan | won: False 
#  183 | steps:  1912 | steps_t:     0 | t: 1.007058 | r:  -504.000000 | e:   1.000000 | Q:        nan | won: False 
#  184 | steps:  1920 | steps_t:     0 | t: 1.012058 | r:  -507.000000 | e:   1.000000 | Q:        nan | won: False 
#  185 | steps:  1930 | steps_t:     0 | t: 1.017058 | r:  -509.000000 | e:   1.000000 | Q:        nan | won: False 
#  186 | steps:  1935 | steps_t:     0 | t: 1.020058 | r:  -504.000000 | e:   1.000000 | Q:        nan | won: False 
#  187 | steps:  1941 | steps_t:     0 | t: 1.023059 | r:  -505.000000 | e:   1.000000 | Q:        nan | won: False 
#  188 | steps:  1949 | steps_t:     0 | t: 1.026059 | r:  -507.000000 | e:   1.000000 | Q:        nan | won: False 
#  189 | steps:  1957 | steps_t:     0 | t: 1.033059 | r:  -507.000000 | e:   1.000000 | Q:        nan | won: False 
#  190 | steps:  1965 | steps_t:     0 | t: 1.037059 | r:  -507.000000 | e:   1.000000 | Q:        nan | won: False 
#  191 | steps:  1977 | steps_t:     0 | t: 1.045060 | r:  -511.000000 | e:   1.000000 | Q:        nan | won: False 
#  192 | steps:  2000 | steps_t:     0 | t: 1.057061 | r:  -522.000000 | e:   1.000000 | Q:        nan | won: False 
#  193 | steps:  2010 | steps_t:     0 | t: 1.062061 | r:  -509.000000 | e:   1.000000 | Q:        nan | won: False 
#  194 | steps:  2030 | steps_t:     0 | t: 1.073061 | r:  -519.000000 | e:   1.000000 | Q:        nan | won: False 
#  195 | steps:  2040 | steps_t:     0 | t: 1.078062 | r:  -509.000000 | e:   1.000000 | Q:        nan | won: False 
#  196 | steps:  2048 | steps_t:     0 | t: 1.082062 | r:  -507.000000 | e:   1.000000 | Q:        nan | won: False 
#  197 | steps:  2059 | steps_t:     0 | t: 1.088062 | r:  -510.000000 | e:   1.000000 | Q:        nan | won: False 
#  198 | steps:  2068 | steps_t:     0 | t: 1.092062 | r:  -508.000000 | e:   1.000000 | Q:        nan | won: False 
#  199 | steps:  2076 | steps_t:     0 | t: 1.096063 | r:  -507.000000 | e:   1.000000 | Q:        nan | won: False 
#  200 | steps:  2086 | steps_t:     0 | t: 1.101063 | r:  -509.000000 | e:   1.000000 | Q:        nan | won: False 
#  201 | steps:  2092 | steps_t:     0 | t: 1.105063 | r:  -505.000000 | e:   1.000000 | Q:        nan | won: False 
#  202 | steps:  2098 | steps_t:     0 | t: 1.108063 | r:  -505.000000 | e:   1.000000 | Q:        nan | won: False 
#  203 | steps:  2111 | steps_t:     0 | t: 1.114064 | r:  -512.000000 | e:   1.000000 | Q:        nan | won: False 
#  204 | steps:  2120 | steps_t:     0 | t: 1.119064 | r:  -508.000000 | e:   1.000000 | Q:        nan | won: False 
#  205 | steps:  2132 | steps_t:     0 | t: 1.124064 | r:  -511.000000 | e:   1.000000 | Q:        nan | won: False 
#  206 | steps:  2141 | steps_t:     0 | t: 1.128065 | r:  -508.000000 | e:   1.000000 | Q:        nan | won: False 
#  207 | steps:  2148 | steps_t:     0 | t: 1.132065 | r:  -506.000000 | e:   1.000000 | Q:        nan | won: False 
#  208 | steps:  2157 | steps_t:     0 | t: 1.137065 | r:  -508.000000 | e:   1.000000 | Q:        nan | won: False 
#  209 | steps:  2163 | steps_t:     0 | t: 1.139065 | r:  -505.000000 | e:   1.000000 | Q:        nan | won: False 
#  210 | steps:  2172 | steps_t:     0 | t: 1.144066 | r:  -508.000000 | e:   1.000000 | Q:        nan | won: False 
#  211 | steps:  2185 | steps_t:     0 | t: 1.151066 | r:  -512.000000 | e:   1.000000 | Q:        nan | won: False 
#  212 | steps:  2199 | steps_t:     0 | t: 1.157066 | r:  -513.000000 | e:   1.000000 | Q:        nan | won: False 
#  213 | steps:  2211 | steps_t:     0 | t: 1.163067 | r:  -511.000000 | e:   1.000000 | Q:        nan | won: False 
#  214 | steps:  2234 | steps_t:     0 | t: 1.174067 | r:  -522.000000 | e:   1.000000 | Q:        nan | won: False 
#  215 | steps:  2243 | steps_t:     0 | t: 1.179067 | r:  -508.000000 | e:   1.000000 | Q:        nan | won: False 
#  216 | steps:  2249 | steps_t:     0 | t: 1.182068 | r:  -505.000000 | e:   1.000000 | Q:        nan | won: False 
#  217 | steps:  2256 | steps_t:     0 | t: 1.186068 | r:  -506.000000 | e:   1.000000 | Q:        nan | won: False 
#  218 | steps:  2273 | steps_t:     0 | t: 1.195068 | r:  -505.000000 | e:   1.000000 | Q:        nan | won: False 
#  219 | steps:  2290 | steps_t:     0 | t: 1.205069 | r:  -516.000000 | e:   1.000000 | Q:        nan | won: False 
#  220 | steps:  2298 | steps_t:     0 | t: 1.209069 | r:  -507.000000 | e:   1.000000 | Q:        nan | won: False 
#  221 | steps:  2307 | steps_t:     0 | t: 1.214070 | r:  -508.000000 | e:   1.000000 | Q:        nan | won: False 
#  222 | steps:  2313 | steps_t:     0 | t: 1.217070 | r:  -505.000000 | e:   1.000000 | Q:        nan | won: False 
#  223 | steps:  2322 | steps_t:     0 | t: 1.221070 | r:  -508.000000 | e:   1.000000 | Q:        nan | won: False 
#  224 | steps:  2342 | steps_t:     0 | t: 1.232071 | r:  -519.000000 | e:   1.000000 | Q:        nan | won: False 
#  225 | steps:  2350 | steps_t:     0 | t: 1.236071 | r:  -507.000000 | e:   1.000000 | Q:        nan | won: False 
#  226 | steps:  2361 | steps_t:     0 | t: 1.242071 | r:  -510.000000 | e:   1.000000 | Q:        nan | won: False 
#  227 | steps:  2373 | steps_t:     0 | t: 1.249071 | r:  -511.000000 | e:   1.000000 | Q:        nan | won: False 
#  228 | steps:  2386 | steps_t:     0 | t: 1.257072 | r:  -512.000000 | e:   1.000000 | Q:        nan | won: False 
#  229 | steps:  2399 | steps_t:     0 | t: 1.264072 | r:  -512.000000 | e:   1.000000 | Q:        nan | won: False 
#  230 | steps:  2411 | steps_t:     0 | t: 1.270073 | r:  -511.000000 | e:   1.000000 | Q:        nan | won: False 
#  231 | steps:  2429 | steps_t:     0 | t: 1.279073 | r:  -517.000000 | e:   1.000000 | Q:        nan | won: False 
#  232 | steps:  2438 | steps_t:     0 | t: 1.284074 | r:  -508.000000 | e:   1.000000 | Q:        nan | won: False 
#  233 | steps:  2450 | steps_t:     0 | t: 1.291074 | r:  -511.000000 | e:   1.000000 | Q:        nan | won: False 
#  234 | steps:  2459 | steps_t:     0 | t: 1.296074 | r:  -508.000000 | e:   1.000000 | Q:        nan | won: False 
#  235 | steps:  2467 | steps_t:     0 | t: 1.300075 | r:  -507.000000 | e:   1.000000 | Q:        nan | won: False 
#  236 | steps:  2474 | steps_t:     0 | t: 1.304075 | r:  -506.000000 | e:   1.000000 | Q:        nan | won: False 
#  237 | steps:  2480 | steps_t:     0 | t: 1.307075 | r:  -505.000000 | e:   1.000000 | Q:        nan | won: False 
#  238 | steps:  2492 | steps_t:     0 | t: 1.313075 | r:  -511.000000 | e:   1.000000 | Q:        nan | won: False 
#  239 | steps:  2502 | steps_t:     0 | t: 1.318075 | r:  -509.000000 | e:   1.000000 | Q:        nan | won: False 
#  240 | steps:  2510 | steps_t:     0 | t: 1.322076 | r:  -507.000000 | e:   1.000000 | Q:        nan | won: False 
#  241 | steps:  2517 | steps_t:     0 | t: 1.325076 | r:  -506.000000 | e:   1.000000 | Q:        nan | won: False 
#  242 | steps:  2528 | steps_t:     0 | t: 1.330076 | r:  -510.000000 | e:   1.000000 | Q:        nan | won: False 
#  243 | steps:  2534 | steps_t:     0 | t: 1.333076 | r:  -505.000000 | e:   1.000000 | Q:        nan | won: False 
#  244 | steps:  2542 | steps_t:     0 | t: 1.338077 | r:  -507.000000 | e:   1.000000 | Q:        nan | won: False 
#  245 | steps:  2559 | steps_t:     0 | t: 1.345077 | r:  -516.000000 | e:   1.000000 | Q:        nan | won: False 
#  246 | steps:  2567 | steps_t:     0 | t: 1.349077 | r:  -507.000000 | e:   1.000000 | Q:        nan | won: False 
#  247 | steps:  2576 | steps_t:     0 | t: 1.354078 | r:  -508.000000 | e:   1.000000 | Q:        nan | won: False 
#  248 | steps:  2589 | steps_t:     0 | t: 1.360078 | r:  -512.000000 | e:   1.000000 | Q:        nan | won: False 
#  249 | steps:  2601 | steps_t:     0 | t: 1.367079 | r:  -511.000000 | e:   1.000000 | Q:        nan | won: False 
#  250 | steps:  2608 | steps_t:     0 | t: 1.370079 | r:  -506.000000 | e:   1.000000 | Q:        nan | won: False 
#  251 | steps:  2618 | steps_t:     0 | t: 1.375079 | r:  -509.000000 | e:   1.000000 | Q:        nan | won: False 
#  252 | steps:  2626 | steps_t:     0 | t: 1.381079 | r:  -507.000000 | e:   1.000000 | Q:        nan | won: False 
#  253 | steps:  2635 | steps_t:     0 | t: 1.385079 | r:  -508.000000 | e:   1.000000 | Q:        nan | won: False 
#  254 | steps:  2648 | steps_t:     0 | t: 1.392080 | r:  -512.000000 | e:   1.000000 | Q:        nan | won: False 
#  255 | steps:  2656 | steps_t:     0 | t: 1.396080 | r:  -507.000000 | e:   1.000000 | Q:        nan | won: False 
#  256 | steps:  2665 | steps_t:     0 | t: 1.401080 | r:  -508.000000 | e:   1.000000 | Q:        nan | won: False 
#  257 | steps:  2674 | steps_t:     0 | t: 1.407081 | r:  -508.000000 | e:   1.000000 | Q:        nan | won: False 
#  258 | steps:  2681 | steps_t:     0 | t: 1.411081 | r:  -506.000000 | e:   1.000000 | Q:        nan | won: False 
#  259 | steps:  2690 | steps_t:     0 | t: 1.415081 | r:  -508.000000 | e:   1.000000 | Q:        nan | won: False 
#  260 | steps:  2704 | steps_t:     0 | t: 1.422081 | r:  -513.000000 | e:   1.000000 | Q:        nan | won: False 
#  261 | steps:  2720 | steps_t:     0 | t: 1.431082 | r:  -515.000000 | e:   1.000000 | Q:        nan | won: False 
#  262 | steps:  2728 | steps_t:     0 | t: 1.435082 | r:  -507.000000 | e:   1.000000 | Q:        nan | won: False 
#  263 | steps:  2741 | steps_t:     0 | t: 1.442083 | r:  -512.000000 | e:   1.000000 | Q:        nan | won: False 
#  264 | steps:  2747 | steps_t:     0 | t: 1.446083 | r:  -505.000000 | e:   1.000000 | Q:        nan | won: False 
#  265 | steps:  2765 | steps_t:     0 | t: 1.455083 | r:  -517.000000 | e:   1.000000 | Q:        nan | won: False 
#  266 | steps:  2773 | steps_t:     0 | t: 1.459084 | r:  -507.000000 | e:   1.000000 | Q:        nan | won: False 
#  267 | steps:  2785 | steps_t:     0 | t: 1.466084 | r:  -511.000000 | e:   1.000000 | Q:        nan | won: False 
#  268 | steps:  2795 | steps_t:     0 | t: 1.471084 | r:  -509.000000 | e:   1.000000 | Q:        nan | won: False 
#  269 | steps:  2809 | steps_t:     0 | t: 1.478085 | r:  -513.000000 | e:   1.000000 | Q:        nan | won: False 
#  270 | steps:  2821 | steps_t:     0 | t: 1.484085 | r:  -511.000000 | e:   1.000000 | Q:        nan | won: False 
#  271 | steps:  2828 | steps_t:     0 | t: 1.488085 | r:  -506.000000 | e:   1.000000 | Q:        nan | won: False 
#  272 | steps:  2834 | steps_t:     0 | t: 1.491085 | r:  -505.000000 | e:   1.000000 | Q:        nan | won: False 
#  273 | steps:  2843 | steps_t:     0 | t: 1.496086 | r:  -508.000000 | e:   1.000000 | Q:        nan | won: False 
#  274 | steps:  2853 | steps_t:     0 | t: 1.500086 | r:  -509.000000 | e:   1.000000 | Q:        nan | won: False 
#  275 | steps:  2867 | steps_t:     0 | t: 1.507086 | r:  -513.000000 | e:   1.000000 | Q:        nan | won: False 
#  276 | steps:  2875 | steps_t:     0 | t: 1.512087 | r:  -507.000000 | e:   1.000000 | Q:        nan | won: False 
#  277 | steps:  2887 | steps_t:     0 | t: 1.517087 | r:  -511.000000 | e:   1.000000 | Q:        nan | won: False 
#  278 | steps:  2895 | steps_t:     0 | t: 1.522087 | r:  -507.000000 | e:   1.000000 | Q:        nan | won: False 
#  279 | steps:  2906 | steps_t:     0 | t: 1.528088 | r:  -510.000000 | e:   1.000000 | Q:        nan | won: False 
#  280 | steps:  2914 | steps_t:     0 | t: 1.531088 | r:  -507.000000 | e:   1.000000 | Q:        nan | won: False 
#  281 | steps:  2929 | steps_t:     0 | t: 1.539088 | r:  -514.000000 | e:   1.000000 | Q:        nan | won: False 
#  282 | steps:  2936 | steps_t:     0 | t: 1.543088 | r:  -506.000000 | e:   1.000000 | Q:        nan | won: False 
#  283 | steps:  2952 | steps_t:     0 | t: 1.551089 | r:  -515.000000 | e:   1.000000 | Q:        nan | won: False 
#  284 | steps:  2964 | steps_t:     0 | t: 1.557089 | r:  -511.000000 | e:   1.000000 | Q:        nan | won: False 
#  285 | steps:  2978 | steps_t:     0 | t: 1.565089 | r:  -513.000000 | e:   1.000000 | Q:        nan | won: False 
#  286 | steps:  2985 | steps_t:     0 | t: 1.569090 | r:  -506.000000 | e:   1.000000 | Q:        nan | won: False 
#  287 | steps:  3002 | steps_t:     0 | t: 1.577090 | r:  -516.000000 | e:   1.000000 | Q:        nan | won: False 
#  288 | steps:  3012 | steps_t:     0 | t: 1.583091 | r:  -509.000000 | e:   1.000000 | Q:        nan | won: False 
#  289 | steps:  3022 | steps_t:     0 | t: 1.588091 | r:  -509.000000 | e:   1.000000 | Q:        nan | won: False 
#  290 | steps:  3031 | steps_t:     0 | t: 1.593091 | r:  -508.000000 | e:   1.000000 | Q:        nan | won: False 
#  291 | steps:  3051 | steps_t:     0 | t: 1.604092 | r:  -519.000000 | e:   1.000000 | Q:        nan | won: False 
#  292 | steps:  3074 | steps_t:     0 | t: 1.615093 | r:  -522.000000 | e:   1.000000 | Q:        nan | won: False 
#  293 | steps:  3097 | steps_t:     0 | t: 1.627093 | r:  -522.000000 | e:   1.000000 | Q:        nan | won: False 
#  294 | steps:  3107 | steps_t:     0 | t: 1.633093 | r:  -509.000000 | e:   1.000000 | Q:        nan | won: False 
#  295 | steps:  3127 | steps_t:     0 | t: 1.644094 | r:  -519.000000 | e:   1.000000 | Q:        nan | won: False 
#  296 | steps:  3145 | steps_t:     0 | t: 1.654095 | r:  -517.000000 | e:   1.000000 | Q:        nan | won: False 
#  297 | steps:  3157 | steps_t:     0 | t: 1.661095 | r:  -511.000000 | e:   1.000000 | Q:        nan | won: False 
#  298 | steps:  3167 | steps_t:     0 | t: 1.668096 | r:  -509.000000 | e:   1.000000 | Q:        nan | won: False 
#  299 | steps:  3182 | steps_t:     0 | t: 1.675096 | r:  -514.000000 | e:   1.000000 | Q:        nan | won: False 
#  300 | steps:  3192 | steps_t:     0 | t: 1.681096 | r:  -509.000000 | e:   1.000000 | Q:        nan | won: False 
#  301 | steps:  3213 | steps_t:     0 | t: 1.693097 | r:  -520.000000 | e:   1.000000 | Q:        nan | won: False 
#  302 | steps:  3222 | steps_t:     0 | t: 1.698097 | r:  -508.000000 | e:   1.000000 | Q:        nan | won: False 
#  303 | steps:  3232 | steps_t:     0 | t: 1.702097 | r:  -509.000000 | e:   1.000000 | Q:        nan | won: False 
#  304 | steps:  3243 | steps_t:     0 | t: 1.708098 | r:  -510.000000 | e:   1.000000 | Q:        nan | won: False 
#  305 | steps:  3262 | steps_t:     0 | t: 1.718098 | r:  -518.000000 | e:   1.000000 | Q:        nan | won: False 
#  306 | steps:  3272 | steps_t:     0 | t: 1.724099 | r:  -509.000000 | e:   1.000000 | Q:        nan | won: False 
#  307 | steps:  3281 | steps_t:     0 | t: 1.729099 | r:  -508.000000 | e:   1.000000 | Q:        nan | won: False 
#  308 | steps:  3293 | steps_t:     0 | t: 1.735100 | r:  -511.000000 | e:   1.000000 | Q:        nan | won: False 
#  309 | steps:  3301 | steps_t:     0 | t: 1.739100 | r:  -507.000000 | e:   1.000000 | Q:        nan | won: False 
#  310 | steps:  3307 | steps_t:     0 | t: 1.743100 | r:  -505.000000 | e:   1.000000 | Q:        nan | won: False 
#  311 | steps:  3313 | steps_t:     0 | t: 1.746100 | r:  -505.000000 | e:   1.000000 | Q:        nan | won: False 
#  312 | steps:  3334 | steps_t:     0 | t: 1.756100 | r:  -520.000000 | e:   1.000000 | Q:        nan | won: False 
#  313 | steps:  3343 | steps_t:     0 | t: 1.761101 | r:  -508.000000 | e:   1.000000 | Q:        nan | won: False 
#  314 | steps:  3352 | steps_t:     0 | t: 1.765101 | r:  -508.000000 | e:   1.000000 | Q:        nan | won: False 
#  315 | steps:  3363 | steps_t:     0 | t: 1.771101 | r:  -510.000000 | e:   1.000000 | Q:        nan | won: False 
#  316 | steps:  3380 | steps_t:     0 | t: 1.779102 | r:  -516.000000 | e:   1.000000 | Q:        nan | won: False 
#  317 | steps:  3387 | steps_t:     0 | t: 1.786102 | r:  -506.000000 | e:   1.000000 | Q:        nan | won: False 
#  318 | steps:  3398 | steps_t:     0 | t: 1.791102 | r:  -510.000000 | e:   1.000000 | Q:        nan | won: False 
#  319 | steps:  3408 | steps_t:     0 | t: 1.797103 | r:  -509.000000 | e:   1.000000 | Q:        nan | won: False 
#  320 | steps:  3417 | steps_t:     0 | t: 1.802103 | r:  -508.000000 | e:   1.000000 | Q:        nan | won: False 
#  321 | steps:  3437 | steps_t:     0 | t: 1.813104 | r:  -519.000000 | e:   1.000000 | Q:        nan | won: False 
#  322 | steps:  3446 | steps_t:     0 | t: 1.818104 | r:  -508.000000 | e:   1.000000 | Q:        nan | won: False 
#  323 | steps:  3454 | steps_t:     0 | t: 1.822104 | r:  -507.000000 | e:   1.000000 | Q:        nan | won: False 
#  324 | steps:  3469 | steps_t:     0 | t: 1.830105 | r:  -514.000000 | e:   1.000000 | Q:        nan | won: False 
#  325 | steps:  3478 | steps_t:     0 | t: 1.834105 | r:  -508.000000 | e:   1.000000 | Q:        nan | won: False 
#  326 | steps:  3484 | steps_t:     0 | t: 1.838105 | r:  -505.000000 | e:   1.000000 | Q:        nan | won: False 
#  327 | steps:  3490 | steps_t:     0 | t: 1.841105 | r:  -505.000000 | e:   1.000000 | Q:        nan | won: False 
#  328 | steps:  3506 | steps_t:     0 | t: 1.851106 | r:  -515.000000 | e:   1.000000 | Q:        nan | won: False 
#  329 | steps:  3516 | steps_t:     0 | t: 1.856106 | r:  -509.000000 | e:   1.000000 | Q:        nan | won: False 
#  330 | steps:  3531 | steps_t:     0 | t: 1.864107 | r:  -514.000000 | e:   1.000000 | Q:        nan | won: False 
#  331 | steps:  3537 | steps_t:     0 | t: 1.867107 | r:  -505.000000 | e:   1.000000 | Q:        nan | won: False 
#  332 | steps:  3544 | steps_t:     0 | t: 1.871107 | r:  -506.000000 | e:   1.000000 | Q:        nan | won: False 
#  333 | steps:  3554 | steps_t:     0 | t: 1.876107 | r:  -509.000000 | e:   1.000000 | Q:        nan | won: False 
#  334 | steps:  3561 | steps_t:     0 | t: 1.880108 | r:  -506.000000 | e:   1.000000 | Q:        nan | won: False 
#  335 | steps:  3569 | steps_t:     0 | t: 1.884108 | r:  -507.000000 | e:   1.000000 | Q:        nan | won: False 
#  336 | steps:  3582 | steps_t:     0 | t: 1.890108 | r:  -512.000000 | e:   1.000000 | Q:        nan | won: False 
#  337 | steps:  3590 | steps_t:     0 | t: 1.895108 | r:  -507.000000 | e:   1.000000 | Q:        nan | won: False 
#  338 | steps:  3598 | steps_t:     0 | t: 1.899109 | r:  -507.000000 | e:   1.000000 | Q:        nan | won: False 
#  339 | steps:  3610 | steps_t:     0 | t: 1.905109 | r:  -511.000000 | e:   1.000000 | Q:        nan | won: False 
#  340 | steps:  3619 | steps_t:     0 | t: 1.909109 | r:  -508.000000 | e:   1.000000 | Q:        nan | won: False 
#  341 | steps:  3638 | steps_t:     0 | t: 1.919110 | r:  -518.000000 | e:   1.000000 | Q:        nan | won: False 
#  342 | steps:  3648 | steps_t:     0 | t: 1.924110 | r:  -509.000000 | e:   1.000000 | Q:        nan | won: False 
#  343 | steps:  3658 | steps_t:     0 | t: 1.930110 | r:  -509.000000 | e:   1.000000 | Q:        nan | won: False 
#  344 | steps:  3673 | steps_t:     0 | t: 1.938111 | r:  -503.000000 | e:   1.000000 | Q:        nan | won: False 
#  345 | steps:  3682 | steps_t:     0 | t: 1.945111 | r:  -508.000000 | e:   1.000000 | Q:        nan | won: False 
#  346 | steps:  3691 | steps_t:     0 | t: 1.950112 | r:  -508.000000 | e:   1.000000 | Q:        nan | won: False 
#  347 | steps:  3704 | steps_t:     0 | t: 1.956112 | r:  -512.000000 | e:   1.000000 | Q:        nan | won: False 
#  348 | steps:  3713 | steps_t:     0 | t: 1.961112 | r:  -508.000000 | e:   1.000000 | Q:        nan | won: False 
#  349 | steps:  3722 | steps_t:     0 | t: 1.965113 | r:  -508.000000 | e:   1.000000 | Q:        nan | won: False 
#  350 | steps:  3728 | steps_t:     0 | t: 1.968113 | r:  -505.000000 | e:   1.000000 | Q:        nan | won: False 
#  351 | steps:  3736 | steps_t:     0 | t: 1.972113 | r:  -507.000000 | e:   1.000000 | Q:        nan | won: False 
#  352 | steps:  3746 | steps_t:     0 | t: 1.977113 | r:  -509.000000 | e:   1.000000 | Q:        nan | won: False 
#  353 | steps:  3757 | steps_t:     0 | t: 1.982114 | r:  -510.000000 | e:   1.000000 | Q:        nan | won: False 
#  354 | steps:  3765 | steps_t:     0 | t: 1.986114 | r:  -507.000000 | e:   1.000000 | Q:        nan | won: False 
#  355 | steps:  3772 | steps_t:     0 | t: 1.990114 | r:  -506.000000 | e:   1.000000 | Q:        nan | won: False 
#  356 | steps:  3785 | steps_t:     0 | t: 1.996114 | r:  -512.000000 | e:   1.000000 | Q:        nan | won: False 
#  357 | steps:  3796 | steps_t:     0 | t: 2.001114 | r:  -510.000000 | e:   1.000000 | Q:        nan | won: False 
#  358 | steps:  3808 | steps_t:     0 | t: 2.008115 | r:  -511.000000 | e:   1.000000 | Q:        nan | won: False 
#  359 | steps:  3816 | steps_t:     0 | t: 2.012115 | r:  -507.000000 | e:   1.000000 | Q:        nan | won: False 
#  360 | steps:  3824 | steps_t:     0 | t: 2.016115 | r:  -507.000000 | e:   1.000000 | Q:        nan | won: False 
#  361 | steps:  3837 | steps_t:     0 | t: 2.022116 | r:  -512.000000 | e:   1.000000 | Q:        nan | won: False 
#  362 | steps:  3845 | steps_t:     0 | t: 2.026116 | r:  -507.000000 | e:   1.000000 | Q:        nan | won: False 
#  363 | steps:  3854 | steps_t:     0 | t: 2.031116 | r:  -508.000000 | e:   1.000000 | Q:        nan | won: False 
#  364 | steps:  3874 | steps_t:     0 | t: 2.043117 | r:  -519.000000 | e:   1.000000 | Q:        nan | won: False 
#  365 | steps:  3882 | steps_t:     0 | t: 2.047117 | r:  -507.000000 | e:   1.000000 | Q:        nan | won: False 
#  366 | steps:  3890 | steps_t:     0 | t: 2.051117 | r:  -507.000000 | e:   1.000000 | Q:        nan | won: False 
#  367 | steps:  3897 | steps_t:     0 | t: 2.055118 | r:  -506.000000 | e:   1.000000 | Q:        nan | won: False 
#  368 | steps:  3904 | steps_t:     0 | t: 2.059118 | r:  -506.000000 | e:   1.000000 | Q:        nan | won: False 
#  369 | steps:  3910 | steps_t:     0 | t: 2.062118 | r:  -505.000000 | e:   1.000000 | Q:        nan | won: False 
#  370 | steps:  3919 | steps_t:     0 | t: 2.066118 | r:  -508.000000 | e:   1.000000 | Q:        nan | won: False 
#  371 | steps:  3929 | steps_t:     0 | t: 2.072119 | r:  -509.000000 | e:   1.000000 | Q:        nan | won: False 
#  372 | steps:  3936 | steps_t:     0 | t: 2.075119 | r:  -506.000000 | e:   1.000000 | Q:        nan | won: False 
#  373 | steps:  3949 | steps_t:     0 | t: 2.082119 | r:  -512.000000 | e:   1.000000 | Q:        nan | won: False 
#  374 | steps:  3961 | steps_t:     0 | t: 2.088120 | r:  -511.000000 | e:   1.000000 | Q:        nan | won: False 
#  375 | steps:  3971 | steps_t:     0 | t: 2.093120 | r:  -509.000000 | e:   1.000000 | Q:        nan | won: False 
#  376 | steps:  3983 | steps_t:     0 | t: 2.099120 | r:  -511.000000 | e:   1.000000 | Q:        nan | won: False 
#  377 | steps:  3995 | steps_t:     0 | t: 2.105121 | r:  -511.000000 | e:   1.000000 | Q:        nan | won: False 
#  378 | steps:  4001 | steps_t:     0 | t: 2.108121 | r:  -505.000000 | e:   1.000000 | Q:        nan | won: False 
#  379 | steps:  4008 | steps_t:     0 | t: 2.112121 | r:  -506.000000 | e:   1.000000 | Q:        nan | won: False 
#  380 | steps:  4022 | steps_t:     0 | t: 2.119121 | r:  -513.000000 | e:   1.000000 | Q:        nan | won: False 
#  381 | steps:  4029 | steps_t:     0 | t: 2.122122 | r:  -506.000000 | e:   1.000000 | Q:        nan | won: False 
#  382 | steps:  4045 | steps_t:     0 | t: 2.131122 | r:  -515.000000 | e:   1.000000 | Q:        nan | won: False 
#  383 | steps:  4063 | steps_t:     0 | t: 2.139122 | r:  -506.000000 | e:   1.000000 | Q:        nan | won: False 
#  384 | steps:  4076 | steps_t:     0 | t: 2.146123 | r:  -512.000000 | e:   1.000000 | Q:        nan | won: False 
#  385 | steps:  4087 | steps_t:     0 | t: 2.152123 | r:  -510.000000 | e:   1.000000 | Q:        nan | won: False 
#  386 | steps:  4102 | steps_t:     0 | t: 2.159123 | r:  -514.000000 | e:   1.000000 | Q:        nan | won: False 
#  387 | steps:  4110 | steps_t:     0 | t: 2.163124 | r:  -507.000000 | e:   1.000000 | Q:        nan | won: False 
#  388 | steps:  4123 | steps_t:     0 | t: 2.169124 | r:  -512.000000 | e:   1.000000 | Q:        nan | won: False 
#  389 | steps:  4133 | steps_t:     0 | t: 2.174124 | r:  -509.000000 | e:   1.000000 | Q:        nan | won: False 
#  390 | steps:  4141 | steps_t:     0 | t: 2.178125 | r:  -507.000000 | e:   1.000000 | Q:        nan | won: False 
#  391 | steps:  4152 | steps_t:     0 | t: 2.183125 | r:  -510.000000 | e:   1.000000 | Q:        nan | won: False 
#  392 | steps:  4160 | steps_t:     0 | t: 2.187125 | r:  -507.000000 | e:   1.000000 | Q:        nan | won: False 
#  393 | steps:  4168 | steps_t:     0 | t: 2.192126 | r:  -507.000000 | e:   1.000000 | Q:        nan | won: False 
#  394 | steps:  4178 | steps_t:     0 | t: 2.197126 | r:  -509.000000 | e:   1.000000 | Q:        nan | won: False 
#  395 | steps:  4185 | steps_t:     0 | t: 2.200126 | r:  -506.000000 | e:   1.000000 | Q:        nan | won: False 
#  396 | steps:  4196 | steps_t:     0 | t: 2.208127 | r:  -510.000000 | e:   1.000000 | Q:        nan | won: False 
#  397 | steps:  4204 | steps_t:     0 | t: 2.212126 | r:  -507.000000 | e:   1.000000 | Q:        nan | won: False 
#  398 | steps:  4211 | steps_t:     0 | t: 2.216127 | r:  -506.000000 | e:   1.000000 | Q:        nan | won: False 
#  399 | steps:  4220 | steps_t:     0 | t: 2.220127 | r:  -508.000000 | e:   1.000000 | Q:        nan | won: False 
#  400 | steps:  4236 | steps_t:     0 | t: 2.228127 | r:  -515.000000 | e:   1.000000 | Q:        nan | won: False 
#  401 | steps:  4244 | steps_t:     0 | t: 2.232128 | r:  -507.000000 | e:   1.000000 | Q:        nan | won: False 
#  402 | steps:  4257 | steps_t:     0 | t: 2.239128 | r:  -512.000000 | e:   1.000000 | Q:        nan | won: False 
#  403 | steps:  4264 | steps_t:     0 | t: 2.243128 | r:  -506.000000 | e:   1.000000 | Q:        nan | won: False 
#  404 | steps:  4270 | steps_t:     0 | t: 2.246129 | r:  -505.000000 | e:   1.000000 | Q:        nan | won: False 
#  405 | steps:  4279 | steps_t:     0 | t: 2.253129 | r:  -508.000000 | e:   1.000000 | Q:        nan | won: False 
#  406 | steps:  4286 | steps_t:     0 | t: 2.257129 | r:  -506.000000 | e:   1.000000 | Q:        nan | won: False 
#  407 | steps:  4292 | steps_t:     0 | t: 2.260129 | r:  -505.000000 | e:   1.000000 | Q:        nan | won: False 
#  408 | steps:  4303 | steps_t:     0 | t: 2.267130 | r:  -510.000000 | e:   1.000000 | Q:        nan | won: False 
#  409 | steps:  4317 | steps_t:     0 | t: 2.275130 | r:  -513.000000 | e:   1.000000 | Q:        nan | won: False 
#  410 | steps:  4328 | steps_t:     0 | t: 3.498200 | r:  -510.000000 | e:   1.000000 | Q:        nan | won: False 
#  411 | steps:  4338 | steps_t:     0 | t: 3.515201 | r:  -509.000000 | e:   1.000000 | Q:        nan | won: False 
#  412 | steps:  4348 | steps_t:     0 | t: 3.521201 | r:  -509.000000 | e:   1.000000 | Q:        nan | won: False 
#  413 | steps:  4371 | steps_t:     0 | t: 3.532202 | r:  -522.000000 | e:   1.000000 | Q:        nan | won: False 
#  414 | steps:  4377 | steps_t:     0 | t: 3.535202 | r:  -505.000000 | e:   1.000000 | Q:        nan | won: False 
#  415 | steps:  4390 | steps_t:     0 | t: 3.541203 | r:  -512.000000 | e:   1.000000 | Q:        nan | won: False 
#  416 | steps:  4398 | steps_t:     0 | t: 3.545203 | r:  -507.000000 | e:   1.000000 | Q:        nan | won: False 
#  417 | steps:  4408 | steps_t:     0 | t: 3.550203 | r:  -509.000000 | e:   1.000000 | Q:        nan | won: False 
#  418 | steps:  4425 | steps_t:     0 | t: 3.558204 | r:  -516.000000 | e:   1.000000 | Q:        nan | won: False 
#  419 | steps:  4449 | steps_t:     0 | t: 3.569204 | r:  -512.000000 | e:   1.000000 | Q:        nan | won: False 
#  420 | steps:  4457 | steps_t:     0 | t: 3.573205 | r:  -507.000000 | e:   1.000000 | Q:        nan | won: False 
#  421 | steps:  4471 | steps_t:     0 | t: 3.580205 | r:  -502.000000 | e:   1.000000 | Q:        nan | won: False 
#  422 | steps:  4491 | steps_t:     0 | t: 3.589206 | r:  -519.000000 | e:   1.000000 | Q:        nan | won: False 
#  423 | steps:  4499 | steps_t:     0 | t: 3.593205 | r:  -507.000000 | e:   1.000000 | Q:        nan | won: False 
#  424 | steps:  4525 | steps_t:     0 | t: 3.606206 | r:  -525.000000 | e:   1.000000 | Q:        nan | won: False 
#  425 | steps:  4535 | steps_t:     0 | t: 3.611207 | r:  -509.000000 | e:   1.000000 | Q:        nan | won: False 
#  426 | steps:  4543 | steps_t:     0 | t: 3.615207 | r:  -507.000000 | e:   1.000000 | Q:        nan | won: False 
#  427 | steps:  4552 | steps_t:     0 | t: 3.619207 | r:  -508.000000 | e:   1.000000 | Q:        nan | won: False 
#  428 | steps:  4561 | steps_t:     0 | t: 3.624207 | r:  -508.000000 | e:   1.000000 | Q:        nan | won: False 
#  429 | steps:  4571 | steps_t:     0 | t: 3.629208 | r:  -509.000000 | e:   1.000000 | Q:        nan | won: False 
#  430 | steps:  4582 | steps_t:     0 | t: 3.634208 | r:  -510.000000 | e:   1.000000 | Q:        nan | won: False 
#  431 | steps:  4592 | steps_t:     0 | t: 3.639208 | r:  -509.000000 | e:   1.000000 | Q:        nan | won: False 
#  432 | steps:  4598 | steps_t:     0 | t: 3.643209 | r:  -505.000000 | e:   1.000000 | Q:        nan | won: False 
#  433 | steps:  4618 | steps_t:     0 | t: 3.652209 | r:  -519.000000 | e:   1.000000 | Q:        nan | won: False 
#  434 | steps:  4628 | steps_t:     0 | t: 3.658209 | r:  -509.000000 | e:   1.000000 | Q:        nan | won: False 
#  435 | steps:  4643 | steps_t:     0 | t: 3.665210 | r:  -514.000000 | e:   1.000000 | Q:        nan | won: False 
#  436 | steps:  4650 | steps_t:     0 | t: 3.669210 | r:  -506.000000 | e:   1.000000 | Q:        nan | won: False 
#  437 | steps:  4659 | steps_t:     0 | t: 3.676210 | r:  -508.000000 | e:   1.000000 | Q:        nan | won: False 
#  438 | steps:  4671 | steps_t:     0 | t: 3.682211 | r:  -511.000000 | e:   1.000000 | Q:        nan | won: False 
#  439 | steps:  4680 | steps_t:     0 | t: 3.687211 | r:  -508.000000 | e:   1.000000 | Q:        nan | won: False 
#  440 | steps:  4688 | steps_t:     0 | t: 3.692211 | r:  -507.000000 | e:   1.000000 | Q:        nan | won: False 
#  441 | steps:  4714 | steps_t:     0 | t: 3.705212 | r:  -525.000000 | e:   1.000000 | Q:        nan | won: False 
#  442 | steps:  4720 | steps_t:     0 | t: 3.709212 | r:  -505.000000 | e:   1.000000 | Q:        nan | won: False 
#  443 | steps:  4732 | steps_t:     0 | t: 3.715213 | r:  -511.000000 | e:   1.000000 | Q:        nan | won: False 
#  444 | steps:  4756 | steps_t:     0 | t: 3.728213 | r:  -523.000000 | e:   1.000000 | Q:        nan | won: False 
#  445 | steps:  4766 | steps_t:     0 | t: 3.733214 | r:  -509.000000 | e:   1.000000 | Q:        nan | won: False 
#  446 | steps:  4776 | steps_t:     0 | t: 3.739214 | r:  -509.000000 | e:   1.000000 | Q:        nan | won: False 
#  447 | steps:  4784 | steps_t:     0 | t: 3.743214 | r:  -507.000000 | e:   1.000000 | Q:        nan | won: False 
#  448 | steps:  4794 | steps_t:     0 | t: 3.748214 | r:  -509.000000 | e:   1.000000 | Q:        nan | won: False 
#  449 | steps:  4809 | steps_t:     0 | t: 3.756215 | r:  -514.000000 | e:   1.000000 | Q:        nan | won: False 
#  450 | steps:  4819 | steps_t:     0 | t: 3.762215 | r:  -509.000000 | e:   1.000000 | Q:        nan | won: False 
#  451 | steps:  4835 | steps_t:     0 | t: 3.771216 | r:  -515.000000 | e:   1.000000 | Q:        nan | won: False 
#  452 | steps:  4855 | steps_t:     0 | t: 3.781216 | r:  -519.000000 | e:   1.000000 | Q:        nan | won: False 
#  453 | steps:  4873 | steps_t:     0 | t: 3.792217 | r:  -517.000000 | e:   1.000000 | Q:        nan | won: False 
#  454 | steps:  4881 | steps_t:     0 | t: 3.796217 | r:  -507.000000 | e:   1.000000 | Q:        nan | won: False 
#  455 | steps:  4890 | steps_t:     0 | t: 3.801218 | r:  -508.000000 | e:   1.000000 | Q:        nan | won: False 
#  456 | steps:  4898 | steps_t:     0 | t: 3.806218 | r:  -507.000000 | e:   1.000000 | Q:        nan | won: False 
#  457 | steps:  4920 | steps_t:     0 | t: 3.820219 | r:  -521.000000 | e:   1.000000 | Q:        nan | won: False 
#  458 | steps:  4929 | steps_t:     0 | t: 3.826219 | r:  -508.000000 | e:   1.000000 | Q:        nan | won: False 
#  459 | steps:  4938 | steps_t:     0 | t: 3.832219 | r:  -508.000000 | e:   1.000000 | Q:        nan | won: False 
#  460 | steps:  4951 | steps_t:     0 | t: 3.841220 | r:  -512.000000 | e:   1.000000 | Q:        nan | won: False 
#  461 | steps:  4966 | steps_t:     0 | t: 3.851221 | r:  -514.000000 | e:   1.000000 | Q:        nan | won: False 
#  462 | steps:  4973 | steps_t:     0 | t: 3.856221 | r:  -506.000000 | e:   1.000000 | Q:        nan | won: False 
#  463 | steps:  4981 | steps_t:     0 | t: 3.860221 | r:  -507.000000 | e:   1.000000 | Q:        nan | won: False 
#  464 | steps:  4993 | steps_t:     0 | t: 3.867221 | r:  -511.000000 | e:   1.000000 | Q:        nan | won: False 
#  465 | steps:  5002 | steps_t:     0 | t: 4.013230 | r:  -508.000000 | e:   1.000000 | Q:        nan | won: False 
#  466 | steps:  5011 | steps_t:     8 | t: 4.098234 | r:  -508.000000 | e:   0.999200 | Q:        nan | won: False 
#  467 | steps:  5030 | steps_t:    26 | t: 4.265244 | r:  -518.000000 | e:   0.997400 | Q:        nan | won: False 
#  468 | steps:  5041 | steps_t:    36 | t: 4.363250 | r:  -510.000000 | e:   0.996400 | Q:        nan | won: False 
#  469 | steps:  5049 | steps_t:    43 | t: 4.427253 | r:  -507.000000 | e:   0.995700 | Q:        nan | won: False 
#  470 | steps:  5065 | steps_t:    58 | t: 4.562261 | r:  -515.000000 | e:   0.994200 | Q:        nan | won: False 
#  471 | steps:  5073 | steps_t:    65 | t: 4.626265 | r:  -507.000000 | e:   0.993500 | Q:        nan | won: False 
