#    1 | steps:     5 | steps_t:     0 | t: 0.013001 | r:  -504.000000 | e:   1.000000 | Q:        nan | won: False 
#    2 | steps:    13 | steps_t:     0 | t: 0.018001 | r:  -507.000000 | e:   1.000000 | Q:        nan | won: False 
#    3 | steps:    26 | steps_t:     0 | t: 0.026001 | r:  -512.000000 | e:   1.000000 | Q:        nan | won: False 
#    4 | steps:    35 | steps_t:     0 | t: 0.031002 | r:  -508.000000 | e:   1.000000 | Q:        nan | won: False 
#    5 | steps:    44 | steps_t:     0 | t: 0.036002 | r:  -508.000000 | e:   1.000000 | Q:        nan | won: False 
#    6 | steps:    53 | steps_t:     0 | t: 0.040002 | r:  -508.000000 | e:   1.000000 | Q:        nan | won: False 
#    7 | steps:    65 | steps_t:     0 | t: 0.047003 | r:  -511.000000 | e:   1.000000 | Q:        nan | won: False 
#    8 | steps:    74 | steps_t:     0 | t: 0.052003 | r:  -508.000000 | e:   1.000000 | Q:        nan | won: False 
#    9 | steps:    89 | steps_t:     0 | t: 0.060003 | r:  -492.000000 | e:   1.000000 | Q:        nan | won: False 
#   10 | steps:    97 | steps_t:     0 | t: 0.064003 | r:  -507.000000 | e:   1.000000 | Q:        nan | won: False 
#   11 | steps:   109 | steps_t:     0 | t: 0.071004 | r:  -511.000000 | e:   1.000000 | Q:        nan | won: False 
#   12 | steps:   118 | steps_t:     0 | t: 0.076004 | r:  -508.000000 | e:   1.000000 | Q:        nan | won: False 
#   13 | steps:   125 | steps_t:     0 | t: 0.080005 | r:  -506.000000 | e:   1.000000 | Q:        nan | won: False 
#   14 | steps:   135 | steps_t:     0 | t: 0.085005 | r:  -509.000000 | e:   1.000000 | Q:        nan | won: False 
#   15 | steps:   148 | steps_t:     0 | t: 0.091005 | r:  -512.000000 | e:   1.000000 | Q:        nan | won: False 
#   16 | steps:   154 | steps_t:     0 | t: 0.094005 | r:  -505.000000 | e:   1.000000 | Q:        nan | won: False 
#   17 | steps:   166 | steps_t:     0 | t: 0.100006 | r:  -511.000000 | e:   1.000000 | Q:        nan | won: False 
#   18 | steps:   192 | steps_t:     0 | t: 0.112006 | r:  -525.000000 | e:   1.000000 | Q:        nan | won: False 
#   19 | steps:   206 | steps_t:     0 | t: 0.118006 | r:  -502.000000 | e:   1.000000 | Q:        nan | won: False 
#   20 | steps:   223 | steps_t:     0 | t: 0.126007 | r:  -516.000000 | e:   1.000000 | Q:        nan | won: False 
#   21 | steps:   237 | steps_t:     0 | t: 0.133008 | r:  -513.000000 | e:   1.000000 | Q:        nan | won: False 
#   22 | steps:   246 | steps_t:     0 | t: 0.137008 | r:  -508.000000 | e:   1.000000 | Q:        nan | won: False 
#   23 | steps:   257 | steps_t:     0 | t: 0.143008 | r:  -510.000000 | e:   1.000000 | Q:        nan | won: False 
#   24 | steps:   275 | steps_t:     0 | t: 0.151009 | r:  -517.000000 | e:   1.000000 | Q:        nan | won: False 
#   25 | steps:   286 | steps_t:     0 | t: 0.157009 | r:  -510.000000 | e:   1.000000 | Q:        nan | won: False 
#   26 | steps:   293 | steps_t:     0 | t: 0.161009 | r:  -506.000000 | e:   1.000000 | Q:        nan | won: False 
#   27 | steps:   301 | steps_t:     0 | t: 0.165009 | r:  -507.000000 | e:   1.000000 | Q:        nan | won: False 
#   28 | steps:   310 | steps_t:     0 | t: 0.172010 | r:  -508.000000 | e:   1.000000 | Q:        nan | won: False 
#   29 | steps:   320 | steps_t:     0 | t: 0.177010 | r:  -509.000000 | e:   1.000000 | Q:        nan | won: False 
#   30 | steps:   327 | steps_t:     0 | t: 0.180010 | r:  -506.000000 | e:   1.000000 | Q:        nan | won: False 
#   31 | steps:   353 | steps_t:     0 | t: 0.195011 | r:  -525.000000 | e:   1.000000 | Q:        nan | won: False 
#   32 | steps:   361 | steps_t:     0 | t: 0.201011 | r:  -507.000000 | e:   1.000000 | Q:        nan | won: False 
#   33 | steps:   373 | steps_t:     0 | t: 0.207012 | r:  -511.000000 | e:   1.000000 | Q:        nan | won: False 
#   34 | steps:   383 | steps_t:     0 | t: 0.215012 | r:  -509.000000 | e:   1.000000 | Q:        nan | won: False 
#   35 | steps:   392 | steps_t:     0 | t: 0.220012 | r:  -508.000000 | e:   1.000000 | Q:        nan | won: False 
#   36 | steps:   408 | steps_t:     0 | t: 0.229013 | r:  -515.000000 | e:   1.000000 | Q:        nan | won: False 
#   37 | steps:   421 | steps_t:     0 | t: 0.236014 | r:  -512.000000 | e:   1.000000 | Q:        nan | won: False 
#   38 | steps:   432 | steps_t:     0 | t: 0.242014 | r:  -510.000000 | e:   1.000000 | Q:        nan | won: False 
#   39 | steps:   455 | steps_t:     0 | t: 0.254014 | r:  -522.000000 | e:   1.000000 | Q:        nan | won: False 
#   40 | steps:   466 | steps_t:     0 | t: 0.260015 | r:  -510.000000 | e:   1.000000 | Q:        nan | won: False 
#   41 | steps:   478 | steps_t:     0 | t: 0.266015 | r:  -511.000000 | e:   1.000000 | Q:        nan | won: False 
#   42 | steps:   487 | steps_t:     0 | t: 0.270015 | r:  -508.000000 | e:   1.000000 | Q:        nan | won: False 
#   43 | steps:   505 | steps_t:     0 | t: 0.280016 | r:  -517.000000 | e:   1.000000 | Q:        nan | won: False 
#   44 | steps:   512 | steps_t:     0 | t: 0.284016 | r:  -506.000000 | e:   1.000000 | Q:        nan | won: False 
#   45 | steps:   520 | steps_t:     0 | t: 0.288016 | r:  -507.000000 | e:   1.000000 | Q:        nan | won: False 
#   46 | steps:   530 | steps_t:     0 | t: 0.293017 | r:  -509.000000 | e:   1.000000 | Q:        nan | won: False 
#   47 | steps:   539 | steps_t:     0 | t: 0.298017 | r:  -508.000000 | e:   1.000000 | Q:        nan | won: False 
#   48 | steps:   549 | steps_t:     0 | t: 0.302017 | r:  -509.000000 | e:   1.000000 | Q:        nan | won: False 
#   49 | steps:   561 | steps_t:     0 | t: 0.309018 | r:  -511.000000 | e:   1.000000 | Q:        nan | won: False 
#   50 | steps:   570 | steps_t:     0 | t: 0.313018 | r:  -508.000000 | e:   1.000000 | Q:        nan | won: False 
#   51 | steps:   584 | steps_t:     0 | t: 0.319018 | r:  -513.000000 | e:   1.000000 | Q:        nan | won: False 
#   52 | steps:   592 | steps_t:     0 | t: 0.323019 | r:  -507.000000 | e:   1.000000 | Q:        nan | won: False 
#   53 | steps:   601 | steps_t:     0 | t: 0.328019 | r:  -508.000000 | e:   1.000000 | Q:        nan | won: False 
#   54 | steps:   609 | steps_t:     0 | t: 0.331019 | r:  -507.000000 | e:   1.000000 | Q:        nan | won: False 
#   55 | steps:   618 | steps_t:     0 | t: 0.336019 | r:  -508.000000 | e:   1.000000 | Q:        nan | won: False 
#   56 | steps:   627 | steps_t:     0 | t: 0.340019 | r:  -508.000000 | e:   1.000000 | Q:        nan | won: False 
#   57 | steps:   645 | steps_t:     0 | t: 0.349020 | r:  -517.000000 | e:   1.000000 | Q:        nan | won: False 
#   58 | steps:   653 | steps_t:     0 | t: 0.354020 | r:  -507.000000 | e:   1.000000 | Q:        nan | won: False 
#   59 | steps:   674 | steps_t:     0 | t: 0.365021 | r:  -520.000000 | e:   1.000000 | Q:        nan | won: False 
#   60 | steps:   681 | steps_t:     0 | t: 0.368021 | r:  -506.000000 | e:   1.000000 | Q:        nan | won: False 
#   61 | steps:   690 | steps_t:     0 | t: 0.374021 | r:  -508.000000 | e:   1.000000 | Q:        nan | won: False 
#   62 | steps:   700 | steps_t:     0 | t: 0.384022 | r:  -509.000000 | e:   1.000000 | Q:        nan | won: False 
#   63 | steps:   709 | steps_t:     0 | t: 0.390022 | r:  -508.000000 | e:   1.000000 | Q:        nan | won: False 
#   64 | steps:   731 | steps_t:     0 | t: 0.401023 | r:  -521.000000 | e:   1.000000 | Q:        nan | won: False 
#   65 | steps:   741 | steps_t:     0 | t: 0.407023 | r:  -509.000000 | e:   1.000000 | Q:        nan | won: False 
#   66 | steps:   757 | steps_t:     0 | t: 0.416024 | r:  -515.000000 | e:   1.000000 | Q:        nan | won: False 
#   67 | steps:   764 | steps_t:     0 | t: 0.419024 | r:  -506.000000 | e:   1.000000 | Q:        nan | won: False 
#   68 | steps:   782 | steps_t:     0 | t: 0.428024 | r:  -517.000000 | e:   1.000000 | Q:        nan | won: False 
#   69 | steps:   805 | steps_t:     0 | t: 0.439025 | r:  -522.000000 | e:   1.000000 | Q:        nan | won: False 
#   70 | steps:   813 | steps_t:     0 | t: 0.443025 | r:  -507.000000 | e:   1.000000 | Q:        nan | won: False 
#   71 | steps:   831 | steps_t:     0 | t: 0.454026 | r:  -517.000000 | e:   1.000000 | Q:        nan | won: False 
#   72 | steps:   838 | steps_t:     0 | t: 0.458026 | r:  -506.000000 | e:   1.000000 | Q:        nan | won: False 
#   73 | steps:   845 | steps_t:     0 | t: 0.464026 | r:  -506.000000 | e:   1.000000 | Q:        nan | won: False 
#   74 | steps:   857 | steps_t:     0 | t: 0.470027 | r:  -511.000000 | e:   1.000000 | Q:        nan | won: False 
#   75 | steps:   872 | steps_t:     0 | t: 0.477027 | r:  -514.000000 | e:   1.000000 | Q:        nan | won: False 
#   76 | steps:   881 | steps_t:     0 | t: 0.482028 | r:  -508.000000 | e:   1.000000 | Q:        nan | won: False 
#   77 | steps:   892 | steps_t:     0 | t: 0.487028 | r:  -510.000000 | e:   1.000000 | Q:        nan | won: False 
#   78 | steps:   898 | steps_t:     0 | t: 0.491028 | r:  -505.000000 | e:   1.000000 | Q:        nan | won: False 
#   79 | steps:   922 | steps_t:     0 | t: 0.501029 | r:  -523.000000 | e:   1.000000 | Q:        nan | won: False 
#   80 | steps:   936 | steps_t:     0 | t: 0.509029 | r:  -513.000000 | e:   1.000000 | Q:        nan | won: False 
#   81 | steps:   941 | steps_t:     0 | t: 0.512029 | r:  -504.000000 | e:   1.000000 | Q:        nan | won: False 
#   82 | steps:   949 | steps_t:     0 | t: 0.516029 | r:  -507.000000 | e:   1.000000 | Q:        nan | won: False 
#   83 | steps:   956 | steps_t:     0 | t: 0.520030 | r:  -506.000000 | e:   1.000000 | Q:        nan | won: False 
#   84 | steps:   964 | steps_t:     0 | t: 0.525030 | r:  -507.000000 | e:   1.000000 | Q:        nan | won: False 
#   85 | steps:   976 | steps_t:     0 | t: 0.531030 | r:  -511.000000 | e:   1.000000 | Q:        nan | won: False 
#   86 | steps:   993 | steps_t:     0 | t: 0.540031 | r:  -516.000000 | e:   1.000000 | Q:        nan | won: False 
#   87 | steps:  1012 | steps_t:     0 | t: 0.550031 | r:  -518.000000 | e:   1.000000 | Q:        nan | won: False 
#   88 | steps:  1029 | steps_t:     0 | t: 0.559032 | r:  -516.000000 | e:   1.000000 | Q:        nan | won: False 
#   89 | steps:  1040 | steps_t:     0 | t: 0.565032 | r:  -510.000000 | e:   1.000000 | Q:        nan | won: False 
#   90 | steps:  1059 | steps_t:     0 | t: 0.577033 | r:  -518.000000 | e:   1.000000 | Q:        nan | won: False 
#   91 | steps:  1067 | steps_t:     0 | t: 0.582033 | r:  -507.000000 | e:   1.000000 | Q:        nan | won: False 
#   92 | steps:  1077 | steps_t:     0 | t: 0.588033 | r:  -509.000000 | e:   1.000000 | Q:        nan | won: False 
#   93 | steps:  1086 | steps_t:     0 | t: 0.595034 | r:  -508.000000 | e:   1.000000 | Q:        nan | won: False 
#   94 | steps:  1096 | steps_t:     0 | t: 0.599034 | r:  -509.000000 | e:   1.000000 | Q:        nan | won: False 
#   95 | steps:  1104 | steps_t:     0 | t: 0.605035 | r:  -507.000000 | e:   1.000000 | Q:        nan | won: False 
#   96 | steps:  1113 | steps_t:     0 | t: 0.609035 | r:  -508.000000 | e:   1.000000 | Q:        nan | won: False 
#   97 | steps:  1120 | steps_t:     0 | t: 0.613035 | r:  -506.000000 | e:   1.000000 | Q:        nan | won: False 
#   98 | steps:  1127 | steps_t:     0 | t: 0.618035 | r:  -506.000000 | e:   1.000000 | Q:        nan | won: False 
#   99 | steps:  1139 | steps_t:     0 | t: 0.624036 | r:  -511.000000 | e:   1.000000 | Q:        nan | won: False 
#  100 | steps:  1147 | steps_t:     0 | t: 0.629036 | r:  -507.000000 | e:   1.000000 | Q:        nan | won: False 
#  101 | steps:  1154 | steps_t:     0 | t: 0.632036 | r:  -506.000000 | e:   1.000000 | Q:        nan | won: False 
#  102 | steps:  1174 | steps_t:     0 | t: 0.643037 | r:  -519.000000 | e:   1.000000 | Q:        nan | won: False 
#  103 | steps:  1192 | steps_t:     0 | t: 0.654037 | r:  -517.000000 | e:   1.000000 | Q:        nan | won: False 
#  104 | steps:  1201 | steps_t:     0 | t: 0.659038 | r:  -508.000000 | e:   1.000000 | Q:        nan | won: False 
#  105 | steps:  1210 | steps_t:     0 | t: 0.664038 | r:  -508.000000 | e:   1.000000 | Q:        nan | won: False 
#  106 | steps:  1219 | steps_t:     0 | t: 0.668038 | r:  -508.000000 | e:   1.000000 | Q:        nan | won: False 
#  107 | steps:  1233 | steps_t:     0 | t: 0.675038 | r:  -513.000000 | e:   1.000000 | Q:        nan | won: False 
#  108 | steps:  1253 | steps_t:     0 | t: 0.684039 | r:  -519.000000 | e:   1.000000 | Q:        nan | won: False 
#  109 | steps:  1263 | steps_t:     0 | t: 0.689039 | r:  -509.000000 | e:   1.000000 | Q:        nan | won: False 
#  110 | steps:  1279 | steps_t:     0 | t: 0.697040 | r:  -515.000000 | e:   1.000000 | Q:        nan | won: False 
#  111 | steps:  1289 | steps_t:     0 | t: 0.702040 | r:  -509.000000 | e:   1.000000 | Q:        nan | won: False 
#  112 | steps:  1298 | steps_t:     0 | t: 0.707040 | r:  -508.000000 | e:   1.000000 | Q:        nan | won: False 
#  113 | steps:  1312 | steps_t:     0 | t: 0.715041 | r:  -513.000000 | e:   1.000000 | Q:        nan | won: False 
#  114 | steps:  1320 | steps_t:     0 | t: 0.718041 | r:  -507.000000 | e:   1.000000 | Q:        nan | won: False 
#  115 | steps:  1335 | steps_t:     0 | t: 0.725041 | r:  -514.000000 | e:   1.000000 | Q:        nan | won: False 
#  116 | steps:  1347 | steps_t:     0 | t: 0.731042 | r:  -511.000000 | e:   1.000000 | Q:        nan | won: False 
#  117 | steps:  1357 | steps_t:     0 | t: 0.737042 | r:  -509.000000 | e:   1.000000 | Q:        nan | won: False 
#  118 | steps:  1365 | steps_t:     0 | t: 0.741042 | r:  -507.000000 | e:   1.000000 | Q:        nan | won: False 
#  119 | steps:  1376 | steps_t:     0 | t: 0.747043 | r:  -510.000000 | e:   1.000000 | Q:        nan | won: False 
#  120 | steps:  1384 | steps_t:     0 | t: 0.751043 | r:  -507.000000 | e:   1.000000 | Q:        nan | won: False 
#  121 | steps:  1390 | steps_t:     0 | t: 0.754043 | r:  -505.000000 | e:   1.000000 | Q:        nan | won: False 
#  122 | steps:  1402 | steps_t:     0 | t: 0.763044 | r:  -511.000000 | e:   1.000000 | Q:        nan | won: False 
#  123 | steps:  1410 | steps_t:     0 | t: 0.766044 | r:  -507.000000 | e:   1.000000 | Q:        nan | won: False 
#  124 | steps:  1429 | steps_t:     0 | t: 0.778044 | r:  -518.000000 | e:   1.000000 | Q:        nan | won: False 
#  125 | steps:  1440 | steps_t:     0 | t: 0.784045 | r:  -510.000000 | e:   1.000000 | Q:        nan | won: False 
#  126 | steps:  1448 | steps_t:     0 | t: 0.788045 | r:  -507.000000 | e:   1.000000 | Q:        nan | won: False 
#  127 | steps:  1458 | steps_t:     0 | t: 0.793045 | r:  -509.000000 | e:   1.000000 | Q:        nan | won: False 
#  128 | steps:  1465 | steps_t:     0 | t: 0.798045 | r:  -506.000000 | e:   1.000000 | Q:        nan | won: False 
#  129 | steps:  1474 | steps_t:     0 | t: 0.802046 | r:  -508.000000 | e:   1.000000 | Q:        nan | won: False 
#  130 | steps:  1484 | steps_t:     0 | t: 0.808046 | r:  -509.000000 | e:   1.000000 | Q:        nan | won: False 
#  131 | steps:  1491 | steps_t:     0 | t: 0.812046 | r:  -506.000000 | e:   1.000000 | Q:        nan | won: False 
#  132 | steps:  1501 | steps_t:     0 | t: 0.817046 | r:  -509.000000 | e:   1.000000 | Q:        nan | won: False 
#  133 | steps:  1523 | steps_t:     0 | t: 0.829047 | r:  -521.000000 | e:   1.000000 | Q:        nan | won: False 
#  134 | steps:  1532 | steps_t:     0 | t: 0.833048 | r:  -508.000000 | e:   1.000000 | Q:        nan | won: False 
#  135 | steps:  1540 | steps_t:     0 | t: 0.837048 | r:  -507.000000 | e:   1.000000 | Q:        nan | won: False 
#  136 | steps:  1556 | steps_t:     0 | t: 0.846048 | r:  -515.000000 | e:   1.000000 | Q:        nan | won: False 
#  137 | steps:  1569 | steps_t:     0 | t: 0.852049 | r:  -512.000000 | e:   1.000000 | Q:        nan | won: False 
#  138 | steps:  1589 | steps_t:     0 | t: 0.865049 | r:  -519.000000 | e:   1.000000 | Q:        nan | won: False 
#  139 | steps:  1594 | steps_t:     0 | t: 0.867049 | r:  -504.000000 | e:   1.000000 | Q:        nan | won: False 
#  140 | steps:  1601 | steps_t:     0 | t: 0.871050 | r:  -506.000000 | e:   1.000000 | Q:        nan | won: False 
#  141 | steps:  1620 | steps_t:     0 | t: 0.881050 | r:  -518.000000 | e:   1.000000 | Q:        nan | won: False 
#  142 | steps:  1629 | steps_t:     0 | t: 0.885051 | r:  -508.000000 | e:   1.000000 | Q:        nan | won: False 
#  143 | steps:  1640 | steps_t:     0 | t: 0.891051 | r:  -510.000000 | e:   1.000000 | Q:        nan | won: False 
#  144 | steps:  1652 | steps_t:     0 | t: 0.896051 | r:  -511.000000 | e:   1.000000 | Q:        nan | won: False 
#  145 | steps:  1661 | steps_t:     0 | t: 0.901051 | r:  -508.000000 | e:   1.000000 | Q:        nan | won: False 
#  146 | steps:  1690 | steps_t:     0 | t: 0.914052 | r:  -528.000000 | e:   1.000000 | Q:        nan | won: False 
#  147 | steps:  1696 | steps_t:     0 | t: 0.918052 | r:  -505.000000 | e:   1.000000 | Q:        nan | won: False 
#  148 | steps:  1707 | steps_t:     0 | t: 0.923053 | r:  -510.000000 | e:   1.000000 | Q:        nan | won: False 
#  149 | steps:  1722 | steps_t:     0 | t: 0.930053 | r:  -514.000000 | e:   1.000000 | Q:        nan | won: False 
#  150 | steps:  1738 | steps_t:     0 | t: 0.938054 | r:  -515.000000 | e:   1.000000 | Q:        nan | won: False 
#  151 | steps:  1743 | steps_t:     0 | t: 0.941054 | r:  -504.000000 | e:   1.000000 | Q:        nan | won: False 
#  152 | steps:  1766 | steps_t:     0 | t: 0.951054 | r:  -522.000000 | e:   1.000000 | Q:        nan | won: False 
#  153 | steps:  1776 | steps_t:     0 | t: 0.956054 | r:  -509.000000 | e:   1.000000 | Q:        nan | won: False 
#  154 | steps:  1790 | steps_t:     0 | t: 0.965055 | r:  -513.000000 | e:   1.000000 | Q:        nan | won: False 
#  155 | steps:  1801 | steps_t:     0 | t: 0.970055 | r:  -510.000000 | e:   1.000000 | Q:        nan | won: False 
#  156 | steps:  1808 | steps_t:     0 | t: 0.973055 | r:  -506.000000 | e:   1.000000 | Q:        nan | won: False 
#  157 | steps:  1815 | steps_t:     0 | t: 0.977056 | r:  -506.000000 | e:   1.000000 | Q:        nan | won: False 
#  158 | steps:  1823 | steps_t:     0 | t: 0.982056 | r:  -507.000000 | e:   1.000000 | Q:        nan | won: False 
#  159 | steps:  1830 | steps_t:     0 | t: 0.985056 | r:  -506.000000 | e:   1.000000 | Q:        nan | won: False 
#  160 | steps:  1839 | steps_t:     0 | t: 0.990057 | r:  -508.000000 | e:   1.000000 | Q:        nan | won: False 
#  161 | steps:  1847 | steps_t:     0 | t: 0.995057 | r:  -507.000000 | e:   1.000000 | Q:        nan | won: False 
#  162 | steps:  1855 | steps_t:     0 | t: 0.999057 | r:  -507.000000 | e:   1.000000 | Q:        nan | won: False 
#  163 | steps:  1864 | steps_t:     0 | t: 1.004057 | r:  -508.000000 | e:   1.000000 | Q:        nan | won: False 
#  164 | steps:  1879 | steps_t:     0 | t: 1.012058 | r:  -492.000000 | e:   1.000000 | Q:        nan | won: False 
#  165 | steps:  1887 | steps_t:     0 | t: 1.017058 | r:  -507.000000 | e:   1.000000 | Q:        nan | won: False 
#  166 | steps:  1894 | steps_t:     0 | t: 1.020058 | r:  -506.000000 | e:   1.000000 | Q:        nan | won: False 
#  167 | steps:  1900 | steps_t:     0 | t: 1.023058 | r:  -505.000000 | e:   1.000000 | Q:        nan | won: False 
#  168 | steps:  1921 | steps_t:     0 | t: 1.035059 | r:  -520.000000 | e:   1.000000 | Q:        nan | won: False 
#  169 | steps:  1930 | steps_t:     0 | t: 1.039059 | r:  -508.000000 | e:   1.000000 | Q:        nan | won: False 
#  170 | steps:  1936 | steps_t:     0 | t: 1.044060 | r:  -505.000000 | e:   1.000000 | Q:        nan | won: False 
#  171 | steps:  1946 | steps_t:     0 | t: 1.049060 | r:  -509.000000 | e:   1.000000 | Q:        nan | won: False 
#  172 | steps:  1951 | steps_t:     0 | t: 1.052060 | r:  -504.000000 | e:   1.000000 | Q:        nan | won: False 
#  173 | steps:  1967 | steps_t:     0 | t: 1.060061 | r:  -515.000000 | e:   1.000000 | Q:        nan | won: False 
#  174 | steps:  1975 | steps_t:     0 | t: 1.064061 | r:  -507.000000 | e:   1.000000 | Q:        nan | won: False 
#  175 | steps:  1986 | steps_t:     0 | t: 1.070061 | r:  -510.000000 | e:   1.000000 | Q:        nan | won: False 
#  176 | steps:  1995 | steps_t:     0 | t: 1.074061 | r:  -508.000000 | e:   1.000000 | Q:        nan | won: False 
#  177 | steps:  2003 | steps_t:     0 | t: 1.079062 | r:  -507.000000 | e:   1.000000 | Q:        nan | won: False 
#  178 | steps:  2012 | steps_t:     0 | t: 1.083062 | r:  -508.000000 | e:   1.000000 | Q:        nan | won: False 
#  179 | steps:  2021 | steps_t:     0 | t: 1.087062 | r:  -508.000000 | e:   1.000000 | Q:        nan | won: False 
#  180 | steps:  2033 | steps_t:     0 | t: 1.094063 | r:  -511.000000 | e:   1.000000 | Q:        nan | won: False 
#  181 | steps:  2046 | steps_t:     0 | t: 1.099063 | r:  -512.000000 | e:   1.000000 | Q:        nan | won: False 
#  182 | steps:  2052 | steps_t:     0 | t: 1.102063 | r:  -505.000000 | e:   1.000000 | Q:        nan | won: False 
#  183 | steps:  2071 | steps_t:     0 | t: 1.112063 | r:  -518.000000 | e:   1.000000 | Q:        nan | won: False 
#  184 | steps:  2082 | steps_t:     0 | t: 1.117064 | r:  -510.000000 | e:   1.000000 | Q:        nan | won: False 
#  185 | steps:  2096 | steps_t:     0 | t: 1.125064 | r:  -513.000000 | e:   1.000000 | Q:        nan | won: False 
#  186 | steps:  2108 | steps_t:     0 | t: 1.132065 | r:  -511.000000 | e:   1.000000 | Q:        nan | won: False 
#  187 | steps:  2126 | steps_t:     0 | t: 1.141065 | r:  -517.000000 | e:   1.000000 | Q:        nan | won: False 
#  188 | steps:  2133 | steps_t:     0 | t: 1.145066 | r:  -506.000000 | e:   1.000000 | Q:        nan | won: False 
#  189 | steps:  2149 | steps_t:     0 | t: 1.154066 | r:  -515.000000 | e:   1.000000 | Q:        nan | won: False 
#  190 | steps:  2158 | steps_t:     0 | t: 1.158066 | r:  -508.000000 | e:   1.000000 | Q:        nan | won: False 
#  191 | steps:  2166 | steps_t:     0 | t: 1.162066 | r:  -507.000000 | e:   1.000000 | Q:        nan | won: False 
#  192 | steps:  2183 | steps_t:     0 | t: 1.171067 | r:  -516.000000 | e:   1.000000 | Q:        nan | won: False 
#  193 | steps:  2196 | steps_t:     0 | t: 1.178067 | r:  -512.000000 | e:   1.000000 | Q:        nan | won: False 
#  194 | steps:  2203 | steps_t:     0 | t: 1.183068 | r:  -506.000000 | e:   1.000000 | Q:        nan | won: False 
#  195 | steps:  2214 | steps_t:     0 | t: 1.189068 | r:  -510.000000 | e:   1.000000 | Q:        nan | won: False 
#  196 | steps:  2221 | steps_t:     0 | t: 1.192068 | r:  -506.000000 | e:   1.000000 | Q:        nan | won: False 
#  197 | steps:  2229 | steps_t:     0 | t: 1.196068 | r:  -507.000000 | e:   1.000000 | Q:        nan | won: False 
#  198 | steps:  2236 | steps_t:     0 | t: 1.202069 | r:  -506.000000 | e:   1.000000 | Q:        nan | won: False 
#  199 | steps:  2246 | steps_t:     0 | t: 1.207069 | r:  -509.000000 | e:   1.000000 | Q:        nan | won: False 
#  200 | steps:  2271 | steps_t:     0 | t: 1.221070 | r:  -524.000000 | e:   1.000000 | Q:        nan | won: False 
#  201 | steps:  2290 | steps_t:     0 | t: 1.230070 | r:  -496.000000 | e:   1.000000 | Q:        nan | won: False 
#  202 | steps:  2301 | steps_t:     0 | t: 1.237071 | r:  -510.000000 | e:   1.000000 | Q:        nan | won: False 
#  203 | steps:  2324 | steps_t:     0 | t: 1.249071 | r:  -522.000000 | e:   1.000000 | Q:        nan | won: False 
#  204 | steps:  2334 | steps_t:     0 | t: 1.254071 | r:  -509.000000 | e:   1.000000 | Q:        nan | won: False 
#  205 | steps:  2347 | steps_t:     0 | t: 1.263072 | r:  -512.000000 | e:   1.000000 | Q:        nan | won: False 
#  206 | steps:  2390 | steps_t:     0 | t: 1.288074 | r:  -531.000000 | e:   1.000000 | Q:        nan | won: False 
#  207 | steps:  2406 | steps_t:     0 | t: 1.298074 | r:  -504.000000 | e:   1.000000 | Q:        nan | won: False 
#  208 | steps:  2414 | steps_t:     0 | t: 1.305074 | r:  -507.000000 | e:   1.000000 | Q:        nan | won: False 
#  209 | steps:  2431 | steps_t:     0 | t: 1.316075 | r:  -516.000000 | e:   1.000000 | Q:        nan | won: False 
#  210 | steps:  2448 | steps_t:     0 | t: 1.327076 | r:  -505.000000 | e:   1.000000 | Q:        nan | won: False 
#  211 | steps:  2458 | steps_t:     0 | t: 1.333076 | r:  -509.000000 | e:   1.000000 | Q:        nan | won: False 
#  212 | steps:  2471 | steps_t:     0 | t: 1.341077 | r:  -512.000000 | e:   1.000000 | Q:        nan | won: False 
#  213 | steps:  2480 | steps_t:     0 | t: 1.348077 | r:  -508.000000 | e:   1.000000 | Q:        nan | won: False 
#  214 | steps:  2489 | steps_t:     0 | t: 1.355077 | r:  -508.000000 | e:   1.000000 | Q:        nan | won: False 
#  215 | steps:  2499 | steps_t:     0 | t: 1.360078 | r:  -509.000000 | e:   1.000000 | Q:        nan | won: False 
#  216 | steps:  2506 | steps_t:     0 | t: 1.367078 | r:  -506.000000 | e:   1.000000 | Q:        nan | won: False 
#  217 | steps:  2515 | steps_t:     0 | t: 1.372078 | r:  -508.000000 | e:   1.000000 | Q:        nan | won: False 
#  218 | steps:  2527 | steps_t:     0 | t: 1.381079 | r:  -511.000000 | e:   1.000000 | Q:        nan | won: False 
#  219 | steps:  2539 | steps_t:     0 | t: 1.390079 | r:  -511.000000 | e:   1.000000 | Q:        nan | won: False 
#  220 | steps:  2547 | steps_t:     0 | t: 1.396080 | r:  -507.000000 | e:   1.000000 | Q:        nan | won: False 
#  221 | steps:  2560 | steps_t:     0 | t: 1.405080 | r:  -512.000000 | e:   1.000000 | Q:        nan | won: False 
#  222 | steps:  2584 | steps_t:     0 | t: 1.439082 | r:  -523.000000 | e:   1.000000 | Q:        nan | won: False 
#  223 | steps:  2596 | steps_t:     0 | t: 1.445083 | r:  -511.000000 | e:   1.000000 | Q:        nan | won: False 
#  224 | steps:  2604 | steps_t:     0 | t: 1.449083 | r:  -507.000000 | e:   1.000000 | Q:        nan | won: False 
#  225 | steps:  2611 | steps_t:     0 | t: 1.452083 | r:  -506.000000 | e:   1.000000 | Q:        nan | won: False 
#  226 | steps:  2619 | steps_t:     0 | t: 1.456083 | r:  -507.000000 | e:   1.000000 | Q:        nan | won: False 
#  227 | steps:  2630 | steps_t:     0 | t: 1.461084 | r:  -510.000000 | e:   1.000000 | Q:        nan | won: False 
#  228 | steps:  2641 | steps_t:     0 | t: 1.468084 | r:  -510.000000 | e:   1.000000 | Q:        nan | won: False 
#  229 | steps:  2658 | steps_t:     0 | t: 1.479084 | r:  -516.000000 | e:   1.000000 | Q:        nan | won: False 
#  230 | steps:  2668 | steps_t:     0 | t: 1.484085 | r:  -509.000000 | e:   1.000000 | Q:        nan | won: False 
#  231 | steps:  2679 | steps_t:     0 | t: 1.490085 | r:  -510.000000 | e:   1.000000 | Q:        nan | won: False 
#  232 | steps:  2689 | steps_t:     0 | t: 1.495085 | r:  -509.000000 | e:   1.000000 | Q:        nan | won: False 
#  233 | steps:  2697 | steps_t:     0 | t: 1.499086 | r:  -507.000000 | e:   1.000000 | Q:        nan | won: False 
#  234 | steps:  2711 | steps_t:     0 | t: 1.506086 | r:  -513.000000 | e:   1.000000 | Q:        nan | won: False 
#  235 | steps:  2718 | steps_t:     0 | t: 1.510086 | r:  -506.000000 | e:   1.000000 | Q:        nan | won: False 
#  236 | steps:  2725 | steps_t:     0 | t: 1.514087 | r:  -506.000000 | e:   1.000000 | Q:        nan | won: False 
#  237 | steps:  2735 | steps_t:     0 | t: 1.519087 | r:  -509.000000 | e:   1.000000 | Q:        nan | won: False 
#  238 | steps:  2744 | steps_t:     0 | t: 1.524087 | r:  -508.000000 | e:   1.000000 | Q:        nan | won: False 
#  239 | steps:  2763 | steps_t:     0 | t: 1.533088 | r:  -518.000000 | e:   1.000000 | Q:        nan | won: False 
#  240 | steps:  2770 | steps_t:     0 | t: 1.537088 | r:  -506.000000 | e:   1.000000 | Q:        nan | won: False 
#  241 | steps:  2776 | steps_t:     0 | t: 1.539088 | r:  -505.000000 | e:   1.000000 | Q:        nan | won: False 
#  242 | steps:  2783 | steps_t:     0 | t: 1.543088 | r:  -506.000000 | e:   1.000000 | Q:        nan | won: False 
#  243 | steps:  2793 | steps_t:     0 | t: 1.548088 | r:  -509.000000 | e:   1.000000 | Q:        nan | won: False 
#  244 | steps:  2801 | steps_t:     0 | t: 1.552089 | r:  -507.000000 | e:   1.000000 | Q:        nan | won: False 
#  245 | steps:  2811 | steps_t:     0 | t: 1.557089 | r:  -509.000000 | e:   1.000000 | Q:        nan | won: False 
#  246 | steps:  2821 | steps_t:     0 | t: 1.563089 | r:  -509.000000 | e:   1.000000 | Q:        nan | won: False 
#  247 | steps:  2831 | steps_t:     0 | t: 1.568089 | r:  -509.000000 | e:   1.000000 | Q:        nan | won: False 
#  248 | steps:  2838 | steps_t:     0 | t: 1.571090 | r:  -506.000000 | e:   1.000000 | Q:        nan | won: False 
#  249 | steps:  2845 | steps_t:     0 | t: 1.575090 | r:  -506.000000 | e:   1.000000 | Q:        nan | won: False 
#  250 | steps:  2852 | steps_t:     0 | t: 1.579090 | r:  -506.000000 | e:   1.000000 | Q:        nan | won: False 
#  251 | steps:  2861 | steps_t:     0 | t: 1.583090 | r:  -508.000000 | e:   1.000000 | Q:        nan | won: False 
#  252 | steps:  2876 | steps_t:     0 | t: 1.591091 | r:  -503.000000 | e:   1.000000 | Q:        nan | won: False 
#  253 | steps:  2882 | steps_t:     0 | t: 1.595091 | r:  -505.000000 | e:   1.000000 | Q:        nan | won: False 
#  254 | steps:  2897 | steps_t:     0 | t: 1.603092 | r:  -514.000000 | e:   1.000000 | Q:        nan | won: False 
#  255 | steps:  2909 | steps_t:     0 | t: 1.610092 | r:  -511.000000 | e:   1.000000 | Q:        nan | won: False 
#  256 | steps:  2924 | steps_t:     0 | t: 1.617092 | r:  -514.000000 | e:   1.000000 | Q:        nan | won: False 
#  257 | steps:  2937 | steps_t:     0 | t: 1.624093 | r:  -512.000000 | e:   1.000000 | Q:        nan | won: False 
#  258 | steps:  2946 | steps_t:     0 | t: 1.630093 | r:  -508.000000 | e:   1.000000 | Q:        nan | won: False 
#  259 | steps:  2964 | steps_t:     0 | t: 1.640094 | r:  -517.000000 | e:   1.000000 | Q:        nan | won: False 
#  260 | steps:  2974 | steps_t:     0 | t: 1.645094 | r:  -509.000000 | e:   1.000000 | Q:        nan | won: False 
#  261 | steps:  2983 | steps_t:     0 | t: 1.650094 | r:  -508.000000 | e:   1.000000 | Q:        nan | won: False 
#  262 | steps:  2992 | steps_t:     0 | t: 1.655095 | r:  -508.000000 | e:   1.000000 | Q:        nan | won: False 
#  263 | steps:  3004 | steps_t:     0 | t: 1.662095 | r:  -511.000000 | e:   1.000000 | Q:        nan | won: False 
#  264 | steps:  3013 | steps_t:     0 | t: 1.667095 | r:  -508.000000 | e:   1.000000 | Q:        nan | won: False 
#  265 | steps:  3019 | steps_t:     0 | t: 1.669096 | r:  -505.000000 | e:   1.000000 | Q:        nan | won: False 
#  266 | steps:  3029 | steps_t:     0 | t: 1.676096 | r:  -509.000000 | e:   1.000000 | Q:        nan | won: False 
#  267 | steps:  3046 | steps_t:     0 | t: 1.684096 | r:  -516.000000 | e:   1.000000 | Q:        nan | won: False 
#  268 | steps:  3064 | steps_t:     0 | t: 1.694097 | r:  -517.000000 | e:   1.000000 | Q:        nan | won: False 
#  269 | steps:  3069 | steps_t:     0 | t: 1.697097 | r:  -504.000000 | e:   1.000000 | Q:        nan | won: False 
#  270 | steps:  3078 | steps_t:     0 | t: 1.702097 | r:  -508.000000 | e:   1.000000 | Q:        nan | won: False 
#  271 | steps:  3087 | steps_t:     0 | t: 1.706098 | r:  -508.000000 | e:   1.000000 | Q:        nan | won: False 
#  272 | steps:  3096 | steps_t:     0 | t: 1.711098 | r:  -508.000000 | e:   1.000000 | Q:        nan | won: False 
#  273 | steps:  3103 | steps_t:     0 | t: 1.714098 | r:  -506.000000 | e:   1.000000 | Q:        nan | won: False 
#  274 | steps:  3114 | steps_t:     0 | t: 1.720098 | r:  -510.000000 | e:   1.000000 | Q:        nan | won: False 
#  275 | steps:  3123 | steps_t:     0 | t: 1.725099 | r:  -508.000000 | e:   1.000000 | Q:        nan | won: False 
#  276 | steps:  3132 | steps_t:     0 | t: 1.730099 | r:  -508.000000 | e:   1.000000 | Q:        nan | won: False 
#  277 | steps:  3139 | steps_t:     0 | t: 1.733099 | r:  -506.000000 | e:   1.000000 | Q:        nan | won: False 
#  278 | steps:  3151 | steps_t:     0 | t: 1.739099 | r:  -511.000000 | e:   1.000000 | Q:        nan | won: False 
#  279 | steps:  3161 | steps_t:     0 | t: 1.744100 | r:  -509.000000 | e:   1.000000 | Q:        nan | won: False 
#  280 | steps:  3171 | steps_t:     0 | t: 1.749100 | r:  -509.000000 | e:   1.000000 | Q:        nan | won: False 
#  281 | steps:  3182 | steps_t:     0 | t: 1.754100 | r:  -510.000000 | e:   1.000000 | Q:        nan | won: False 
#  282 | steps:  3194 | steps_t:     0 | t: 1.760101 | r:  -511.000000 | e:   1.000000 | Q:        nan | won: False 
#  283 | steps:  3201 | steps_t:     0 | t: 1.764101 | r:  -506.000000 | e:   1.000000 | Q:        nan | won: False 
#  284 | steps:  3214 | steps_t:     0 | t: 1.770101 | r:  -512.000000 | e:   1.000000 | Q:        nan | won: False 
#  285 | steps:  3221 | steps_t:     0 | t: 1.774101 | r:  -506.000000 | e:   1.000000 | Q:        nan | won: False 
#  286 | steps:  3227 | steps_t:     0 | t: 1.777102 | r:  -505.000000 | e:   1.000000 | Q:        nan | won: False 
#  287 | steps:  3239 | steps_t:     0 | t: 1.783102 | r:  -511.000000 | e:   1.000000 | Q:        nan | won: False 
#  288 | steps:  3260 | steps_t:     0 | t: 1.794102 | r:  -520.000000 | e:   1.000000 | Q:        nan | won: False 
#  289 | steps:  3266 | steps_t:     0 | t: 1.797103 | r:  -505.000000 | e:   1.000000 | Q:        nan | won: False 
#  290 | steps:  3276 | steps_t:     0 | t: 1.803103 | r:  -509.000000 | e:   1.000000 | Q:        nan | won: False 
#  291 | steps:  3284 | steps_t:     0 | t: 1.807103 | r:  -507.000000 | e:   1.000000 | Q:        nan | won: False 
#  292 | steps:  3296 | steps_t:     0 | t: 1.815104 | r:  -511.000000 | e:   1.000000 | Q:        nan | won: False 
#  293 | steps:  3314 | steps_t:     0 | t: 1.825104 | r:  -517.000000 | e:   1.000000 | Q:        nan | won: False 
#  294 | steps:  3327 | steps_t:     0 | t: 1.832105 | r:  -512.000000 | e:   1.000000 | Q:        nan | won: False 
#  295 | steps:  3339 | steps_t:     0 | t: 1.839105 | r:  -511.000000 | e:   1.000000 | Q:        nan | won: False 
#  296 | steps:  3345 | steps_t:     0 | t: 1.842105 | r:  -505.000000 | e:   1.000000 | Q:        nan | won: False 
#  297 | steps:  3353 | steps_t:     0 | t: 1.846106 | r:  -507.000000 | e:   1.000000 | Q:        nan | won: False 
#  298 | steps:  3372 | steps_t:     0 | t: 1.856106 | r:  -518.000000 | e:   1.000000 | Q:        nan | won: False 
#  299 | steps:  3378 | steps_t:     0 | t: 1.859106 | r:  -505.000000 | e:   1.000000 | Q:        nan | won: False 
#  300 | steps:  3388 | steps_t:     0 | t: 1.864106 | r:  -509.000000 | e:   1.000000 | Q:        nan | won: False 
#  301 | steps:  3395 | steps_t:     0 | t: 1.868107 | r:  -506.000000 | e:   1.000000 | Q:        nan | won: False 
#  302 | steps:  3407 | steps_t:     0 | t: 1.877107 | r:  -511.000000 | e:   1.000000 | Q:        nan | won: False 
#  303 | steps:  3419 | steps_t:     0 | t: 1.886108 | r:  -511.000000 | e:   1.000000 | Q:        nan | won: False 
#  304 | steps:  3427 | steps_t:     0 | t: 1.890108 | r:  -507.000000 | e:   1.000000 | Q:        nan | won: False 
#  305 | steps:  3435 | steps_t:     0 | t: 1.894108 | r:  -507.000000 | e:   1.000000 | Q:        nan | won: False 
#  306 | steps:  3445 | steps_t:     0 | t: 1.899109 | r:  -509.000000 | e:   1.000000 | Q:        nan | won: False 
#  307 | steps:  3452 | steps_t:     0 | t: 1.904109 | r:  -506.000000 | e:   1.000000 | Q:        nan | won: False 
#  308 | steps:  3461 | steps_t:     0 | t: 1.908109 | r:  -508.000000 | e:   1.000000 | Q:        nan | won: False 
#  309 | steps:  3474 | steps_t:     0 | t: 1.915109 | r:  -512.000000 | e:   1.000000 | Q:        nan | won: False 
#  310 | steps:  3483 | steps_t:     0 | t: 1.921110 | r:  -508.000000 | e:   1.000000 | Q:        nan | won: False 
#  311 | steps:  3502 | steps_t:     0 | t: 1.931110 | r:  -518.000000 | e:   1.000000 | Q:        nan | won: False 
#  312 | steps:  3513 | steps_t:     0 | t: 1.938111 | r:  -510.000000 | e:   1.000000 | Q:        nan | won: False 
#  313 | steps:  3528 | steps_t:     0 | t: 1.945111 | r:  -514.000000 | e:   1.000000 | Q:        nan | won: False 
#  314 | steps:  3542 | steps_t:     0 | t: 1.953112 | r:  -513.000000 | e:   1.000000 | Q:        nan | won: False 
#  315 | steps:  3551 | steps_t:     0 | t: 1.958112 | r:  -508.000000 | e:   1.000000 | Q:        nan | won: False 
#  316 | steps:  3569 | steps_t:     0 | t: 1.968113 | r:  -506.000000 | e:   1.000000 | Q:        nan | won: False 
#  317 | steps:  3576 | steps_t:     0 | t: 1.972113 | r:  -506.000000 | e:   1.000000 | Q:        nan | won: False 
#  318 | steps:  3584 | steps_t:     0 | t: 1.976113 | r:  -507.000000 | e:   1.000000 | Q:        nan | won: False 
#  319 | steps:  3599 | steps_t:     0 | t: 1.984113 | r:  -492.000000 | e:   1.000000 | Q:        nan | won: False 
#  320 | steps:  3619 | steps_t:     0 | t: 1.994114 | r:  -519.000000 | e:   1.000000 | Q:        nan | won: False 
#  321 | steps:  3626 | steps_t:     0 | t: 1.997114 | r:  -506.000000 | e:   1.000000 | Q:        nan | won: False 
#  322 | steps:  3635 | steps_t:     0 | t: 2.003114 | r:  -508.000000 | e:   1.000000 | Q:        nan | won: False 
#  323 | steps:  3645 | steps_t:     0 | t: 2.007115 | r:  -509.000000 | e:   1.000000 | Q:        nan | won: False 
#  324 | steps:  3651 | steps_t:     0 | t: 2.011115 | r:  -505.000000 | e:   1.000000 | Q:        nan | won: False 
#  325 | steps:  3658 | steps_t:     0 | t: 2.015115 | r:  -506.000000 | e:   1.000000 | Q:        nan | won: False 
#  326 | steps:  3665 | steps_t:     0 | t: 2.019115 | r:  -506.000000 | e:   1.000000 | Q:        nan | won: False 
#  327 | steps:  3673 | steps_t:     0 | t: 2.023115 | r:  -507.000000 | e:   1.000000 | Q:        nan | won: False 
#  328 | steps:  3680 | steps_t:     0 | t: 2.027116 | r:  -506.000000 | e:   1.000000 | Q:        nan | won: False 
#  329 | steps:  3696 | steps_t:     0 | t: 2.035116 | r:  -515.000000 | e:   1.000000 | Q:        nan | won: False 
#  330 | steps:  3713 | steps_t:     0 | t: 2.044117 | r:  -516.000000 | e:   1.000000 | Q:        nan | won: False 
#  331 | steps:  3719 | steps_t:     0 | t: 2.047117 | r:  -505.000000 | e:   1.000000 | Q:        nan | won: False 
#  332 | steps:  3733 | steps_t:     0 | t: 2.055118 | r:  -502.000000 | e:   1.000000 | Q:        nan | won: False 
#  333 | steps:  3743 | steps_t:     0 | t: 2.060118 | r:  -509.000000 | e:   1.000000 | Q:        nan | won: False 
#  334 | steps:  3757 | steps_t:     0 | t: 2.069118 | r:  -513.000000 | e:   1.000000 | Q:        nan | won: False 
#  335 | steps:  3768 | steps_t:     0 | t: 2.075119 | r:  -510.000000 | e:   1.000000 | Q:        nan | won: False 
#  336 | steps:  3774 | steps_t:     0 | t: 2.078119 | r:  -505.000000 | e:   1.000000 | Q:        nan | won: False 
#  337 | steps:  3782 | steps_t:     0 | t: 2.082119 | r:  -507.000000 | e:   1.000000 | Q:        nan | won: False 
#  338 | steps:  3788 | steps_t:     0 | t: 2.085119 | r:  -505.000000 | e:   1.000000 | Q:        nan | won: False 
#  339 | steps:  3795 | steps_t:     0 | t: 2.090119 | r:  -506.000000 | e:   1.000000 | Q:        nan | won: False 
#  340 | steps:  3805 | steps_t:     0 | t: 2.095120 | r:  -509.000000 | e:   1.000000 | Q:        nan | won: False 
#  341 | steps:  3814 | steps_t:     0 | t: 2.100120 | r:  -508.000000 | e:   1.000000 | Q:        nan | won: False 
#  342 | steps:  3827 | steps_t:     0 | t: 2.106120 | r:  -512.000000 | e:   1.000000 | Q:        nan | won: False 
#  343 | steps:  3834 | steps_t:     0 | t: 2.110121 | r:  -506.000000 | e:   1.000000 | Q:        nan | won: False 
#  344 | steps:  3846 | steps_t:     0 | t: 2.116121 | r:  -511.000000 | e:   1.000000 | Q:        nan | won: False 
#  345 | steps:  3867 | steps_t:     0 | t: 2.126122 | r:  -520.000000 | e:   1.000000 | Q:        nan | won: False 
#  346 | steps:  3875 | steps_t:     0 | t: 2.130122 | r:  -507.000000 | e:   1.000000 | Q:        nan | won: False 
#  347 | steps:  3885 | steps_t:     0 | t: 2.135122 | r:  -509.000000 | e:   1.000000 | Q:        nan | won: False 
#  348 | steps:  3897 | steps_t:     0 | t: 2.141123 | r:  -511.000000 | e:   1.000000 | Q:        nan | won: False 
#  349 | steps:  3907 | steps_t:     0 | t: 2.146123 | r:  -509.000000 | e:   1.000000 | Q:        nan | won: False 
#  350 | steps:  3915 | steps_t:     0 | t: 2.150123 | r:  -507.000000 | e:   1.000000 | Q:        nan | won: False 
#  351 | steps:  3922 | steps_t:     0 | t: 2.154123 | r:  -506.000000 | e:   1.000000 | Q:        nan | won: False 
#  352 | steps:  3930 | steps_t:     0 | t: 2.158123 | r:  -507.000000 | e:   1.000000 | Q:        nan | won: False 
#  353 | steps:  3940 | steps_t:     0 | t: 2.163124 | r:  -509.000000 | e:   1.000000 | Q:        nan | won: False 
#  354 | steps:  3947 | steps_t:     0 | t: 2.166124 | r:  -506.000000 | e:   1.000000 | Q:        nan | won: False 
#  355 | steps:  3967 | steps_t:     0 | t: 2.175124 | r:  -519.000000 | e:   1.000000 | Q:        nan | won: False 
#  356 | steps:  3979 | steps_t:     0 | t: 2.181125 | r:  -511.000000 | e:   1.000000 | Q:        nan | won: False 
#  357 | steps:  3985 | steps_t:     0 | t: 2.184125 | r:  -505.000000 | e:   1.000000 | Q:        nan | won: False 
#  358 | steps:  3997 | steps_t:     0 | t: 2.190125 | r:  -511.000000 | e:   1.000000 | Q:        nan | won: False 
#  359 | steps:  4003 | steps_t:     0 | t: 2.193125 | r:  -505.000000 | e:   1.000000 | Q:        nan | won: False 
#  360 | steps:  4015 | steps_t:     0 | t: 2.200126 | r:  -511.000000 | e:   1.000000 | Q:        nan | won: False 
#  361 | steps:  4055 | steps_t:     0 | t: 2.221127 | r:  -528.000000 | e:   1.000000 | Q:        nan | won: False 
#  362 | steps:  4066 | steps_t:     0 | t: 2.227127 | r:  -510.000000 | e:   1.000000 | Q:        nan | won: False 
#  363 | steps:  4075 | steps_t:     0 | t: 2.233128 | r:  -508.000000 | e:   1.000000 | Q:        nan | won: False 
#  364 | steps:  4094 | steps_t:     0 | t: 2.244128 | r:  -518.000000 | e:   1.000000 | Q:        nan | won: False 
#  365 | steps:  4102 | steps_t:     0 | t: 2.248128 | r:  -507.000000 | e:   1.000000 | Q:        nan | won: False 
#  366 | steps:  4109 | steps_t:     0 | t: 2.253129 | r:  -506.000000 | e:   1.000000 | Q:        nan | won: False 
#  367 | steps:  4127 | steps_t:     0 | t: 2.266130 | r:  -517.000000 | e:   1.000000 | Q:        nan | won: False 
#  368 | steps:  4134 | steps_t:     0 | t: 2.270130 | r:  -506.000000 | e:   1.000000 | Q:        nan | won: False 
#  369 | steps:  4141 | steps_t:     0 | t: 2.275130 | r:  -506.000000 | e:   1.000000 | Q:        nan | won: False 
#  370 | steps:  4150 | steps_t:     0 | t: 2.281131 | r:  -508.000000 | e:   1.000000 | Q:        nan | won: False 
#  371 | steps:  4158 | steps_t:     0 | t: 2.286131 | r:  -507.000000 | e:   1.000000 | Q:        nan | won: False 
#  372 | steps:  4172 | steps_t:     0 | t: 2.294131 | r:  -513.000000 | e:   1.000000 | Q:        nan | won: False 
#  373 | steps:  4182 | steps_t:     0 | t: 2.300131 | r:  -509.000000 | e:   1.000000 | Q:        nan | won: False 
#  374 | steps:  4208 | steps_t:     0 | t: 2.313132 | r:  -514.000000 | e:   1.000000 | Q:        nan | won: False 
#  375 | steps:  4219 | steps_t:     0 | t: 2.318132 | r:  -510.000000 | e:   1.000000 | Q:        nan | won: False 
#  376 | steps:  4242 | steps_t:     0 | t: 2.329133 | r:  -522.000000 | e:   1.000000 | Q:        nan | won: False 
#  377 | steps:  4257 | steps_t:     0 | t: 2.336134 | r:  -503.000000 | e:   1.000000 | Q:        nan | won: False 
#  378 | steps:  4264 | steps_t:     0 | t: 2.340134 | r:  -506.000000 | e:   1.000000 | Q:        nan | won: False 
#  379 | steps:  4276 | steps_t:     0 | t: 2.346134 | r:  -511.000000 | e:   1.000000 | Q:        nan | won: False 
#  380 | steps:  4286 | steps_t:     0 | t: 2.351135 | r:  -509.000000 | e:   1.000000 | Q:        nan | won: False 
#  381 | steps:  4294 | steps_t:     0 | t: 2.355135 | r:  -507.000000 | e:   1.000000 | Q:        nan | won: False 
#  382 | steps:  4305 | steps_t:     0 | t: 2.361135 | r:  -510.000000 | e:   1.000000 | Q:        nan | won: False 
#  383 | steps:  4312 | steps_t:     0 | t: 2.364135 | r:  -506.000000 | e:   1.000000 | Q:        nan | won: False 
#  384 | steps:  4321 | steps_t:     0 | t: 2.368135 | r:  -508.000000 | e:   1.000000 | Q:        nan | won: False 
#  385 | steps:  4329 | steps_t:     0 | t: 2.372136 | r:  -507.000000 | e:   1.000000 | Q:        nan | won: False 
#  386 | steps:  4337 | steps_t:     0 | t: 2.376136 | r:  -507.000000 | e:   1.000000 | Q:        nan | won: False 
#  387 | steps:  4359 | steps_t:     0 | t: 2.387136 | r:  -521.000000 | e:   1.000000 | Q:        nan | won: False 
#  388 | steps:  4368 | steps_t:     0 | t: 2.392137 | r:  -508.000000 | e:   1.000000 | Q:        nan | won: False 
#  389 | steps:  4375 | steps_t:     0 | t: 2.395137 | r:  -506.000000 | e:   1.000000 | Q:        nan | won: False 
#  390 | steps:  4383 | steps_t:     0 | t: 2.399137 | r:  -507.000000 | e:   1.000000 | Q:        nan | won: False 
#  391 | steps:  4408 | steps_t:     0 | t: 2.411138 | r:  -524.000000 | e:   1.000000 | Q:        nan | won: False 
#  392 | steps:  4417 | steps_t:     0 | t: 2.418138 | r:  -508.000000 | e:   1.000000 | Q:        nan | won: False 
