#    1 | steps:    27 | steps_t:     0 | t: 0.578033 | r:  -504.000000 | e:   1.000000 | Q:        nan | won: False 
#    2 | steps:    40 | steps_t:     0 | t: 0.584033 | r:  -512.000000 | e:   1.000000 | Q:        nan | won: False 
#    3 | steps:    84 | steps_t:     0 | t: 0.604034 | r:  -543.000000 | e:   1.000000 | Q:        nan | won: False 
#    4 | steps:   116 | steps_t:     0 | t: 0.619035 | r:  -509.000000 | e:   1.000000 | Q:        nan | won: False 
#    5 | steps:   140 | steps_t:     0 | t: 0.630036 | r:  -501.000000 | e:   1.000000 | Q:        nan | won: False 
#    6 | steps:   175 | steps_t:     0 | t: 0.648037 | r:  -523.000000 | e:   1.000000 | Q:        nan | won: False 
#    7 | steps:   205 | steps_t:     0 | t: 0.663038 | r:  -507.000000 | e:   1.000000 | Q:        nan | won: False 
#    8 | steps:   236 | steps_t:     0 | t: 0.677039 | r:  -497.000000 | e:   1.000000 | Q:        nan | won: False 
#    9 | steps:   251 | steps_t:     0 | t: 0.686039 | r:  -514.000000 | e:   1.000000 | Q:        nan | won: False 
#   10 | steps:   295 | steps_t:     0 | t: 0.707041 | r:  -466.000000 | e:   1.000000 | Q:        nan | won: False 
#   11 | steps:   364 | steps_t:     0 | t: 0.740042 | r:  -513.000000 | e:   1.000000 | Q:        nan | won: False 
#   12 | steps:   396 | steps_t:     0 | t: 0.754043 | r:  -509.000000 | e:   1.000000 | Q:        nan | won: False 
#   13 | steps:   440 | steps_t:     0 | t: 0.775044 | r:  -521.000000 | e:   1.000000 | Q:        nan | won: False 
#   14 | steps:   464 | steps_t:     0 | t: 0.787045 | r:  -501.000000 | e:   1.000000 | Q:        nan | won: False 
#   15 | steps:   479 | steps_t:     0 | t: 0.794045 | r:  -503.000000 | e:   1.000000 | Q:        nan | won: False 
#   16 | steps:   500 | steps_t:     0 | t: 0.804046 | r:  -498.000000 | e:   1.000000 | Q:        nan | won: False 
#   17 | steps:   526 | steps_t:     0 | t: 0.816046 | r:  -514.000000 | e:   1.000000 | Q:        nan | won: False 
#   18 | steps:   547 | steps_t:     0 | t: 0.827047 | r:  -509.000000 | e:   1.000000 | Q:        nan | won: False 
#   19 | steps:   614 | steps_t:     0 | t: 0.858049 | r:  -544.000000 | e:   1.000000 | Q:        nan | won: False 
#   20 | steps:   630 | steps_t:     0 | t: 0.866050 | r:  -515.000000 | e:   1.000000 | Q:        nan | won: False 
#   21 | steps:   648 | steps_t:     0 | t: 0.875050 | r:  -506.000000 | e:   1.000000 | Q:        nan | won: False 
#   22 | steps:   718 | steps_t:     0 | t: 0.907052 | r:   108.000000 | e:   1.000000 | Q:        nan | won: True 
#   23 | steps:   728 | steps_t:     0 | t: 0.912052 | r:  -498.000000 | e:   1.000000 | Q:        nan | won: False 
#   24 | steps:   759 | steps_t:     0 | t: 0.926053 | r:  -508.000000 | e:   1.000000 | Q:        nan | won: False 
#   25 | steps:   778 | steps_t:     0 | t: 0.936054 | r:  -518.000000 | e:   1.000000 | Q:        nan | won: False 
#   26 | steps:   787 | steps_t:     0 | t: 0.940054 | r:  -508.000000 | e:   1.000000 | Q:        nan | won: False 
#   27 | steps:   796 | steps_t:     0 | t: 0.945054 | r:  -508.000000 | e:   1.000000 | Q:        nan | won: False 
#   28 | steps:   835 | steps_t:     0 | t: 0.962055 | r:  -516.000000 | e:   1.000000 | Q:        nan | won: False 
#   29 | steps:   853 | steps_t:     0 | t: 0.971055 | r:  -506.000000 | e:   1.000000 | Q:        nan | won: False 
#   30 | steps:   882 | steps_t:     0 | t: 0.985056 | r:  -517.000000 | e:   1.000000 | Q:        nan | won: False 
#   31 | steps:   900 | steps_t:     0 | t: 0.994057 | r:  -495.000000 | e:   1.000000 | Q:        nan | won: False 
#   32 | steps:   971 | steps_t:     0 | t: 1.026059 | r:  -548.000000 | e:   1.000000 | Q:        nan | won: False 
#   33 | steps:   987 | steps_t:     0 | t: 1.034059 | r:  -460.000000 | e:   1.000000 | Q:        nan | won: False 
#   34 | steps:   997 | steps_t:     0 | t: 1.039059 | r:  -509.000000 | e:   1.000000 | Q:        nan | won: False 
#   35 | steps:  1051 | steps_t:     0 | t: 1.063061 | r:  -520.000000 | e:   1.000000 | Q:        nan | won: False 
#   36 | steps:  1092 | steps_t:     0 | t: 1.082062 | r:  -518.000000 | e:   1.000000 | Q:        nan | won: False 
#   37 | steps:  1100 | steps_t:     0 | t: 1.086062 | r:  -485.000000 | e:   1.000000 | Q:        nan | won: False 
#   38 | steps:  1115 | steps_t:     0 | t: 1.093062 | r:  -503.000000 | e:   1.000000 | Q:        nan | won: False 
#   39 | steps:  1170 | steps_t:     0 | t: 1.120064 | r:  -521.000000 | e:   1.000000 | Q:        nan | won: False 
#   40 | steps:  1178 | steps_t:     0 | t: 1.125064 | r:  -507.000000 | e:   1.000000 | Q:        nan | won: False 
#   41 | steps:  1197 | steps_t:     0 | t: 1.134065 | r:  -507.000000 | e:   1.000000 | Q:        nan | won: False 
#   42 | steps:  1251 | steps_t:     0 | t: 1.158066 | r:  -498.000000 | e:   1.000000 | Q:        nan | won: False 
#   43 | steps:  1259 | steps_t:     0 | t: 1.162066 | r:  -507.000000 | e:   1.000000 | Q:        nan | won: False 
#   44 | steps:  1277 | steps_t:     0 | t: 1.171067 | r:  -495.000000 | e:   1.000000 | Q:        nan | won: False 
#   45 | steps:  1337 | steps_t:     0 | t: 1.198068 | r:  -537.000000 | e:   1.000000 | Q:        nan | won: False 
#   46 | steps:  1352 | steps_t:     0 | t: 1.205069 | r:  -503.000000 | e:   1.000000 | Q:        nan | won: False 
#   47 | steps:  1397 | steps_t:     0 | t: 1.227070 | r:  -533.000000 | e:   1.000000 | Q:        nan | won: False 
#   48 | steps:  1413 | steps_t:     0 | t: 1.234071 | r:  -493.000000 | e:   1.000000 | Q:        nan | won: False 
#   49 | steps:  1422 | steps_t:     0 | t: 1.239071 | r:  -508.000000 | e:   1.000000 | Q:        nan | won: False 
#   50 | steps:  1454 | steps_t:     0 | t: 1.254072 | r:  -509.000000 | e:   1.000000 | Q:        nan | won: False 
#   51 | steps:  1481 | steps_t:     0 | t: 1.267072 | r:  -515.000000 | e:   1.000000 | Q:        nan | won: False 
#   52 | steps:  1514 | steps_t:     0 | t: 1.282073 | r:  -488.000000 | e:   1.000000 | Q:        nan | won: False 
#   53 | steps:  1534 | steps_t:     0 | t: 1.291074 | r:  -508.000000 | e:   1.000000 | Q:        nan | won: False 
#   54 | steps:  1557 | steps_t:     0 | t: 1.302074 | r:  -500.000000 | e:   1.000000 | Q:        nan | won: False 
#   55 | steps:  1572 | steps_t:     0 | t: 1.310075 | r:  -470.000000 | e:   1.000000 | Q:        nan | won: False 
#   56 | steps:  1612 | steps_t:     0 | t: 1.344077 | r:  -517.000000 | e:   1.000000 | Q:        nan | won: False 
#   57 | steps:  1634 | steps_t:     0 | t: 1.354077 | r:  -521.000000 | e:   1.000000 | Q:        nan | won: False 
#   58 | steps:  1653 | steps_t:     0 | t: 1.364078 | r:  -485.000000 | e:   1.000000 | Q:        nan | won: False 
#   59 | steps:  1682 | steps_t:     0 | t: 1.378079 | r:  -495.000000 | e:   1.000000 | Q:        nan | won: False 
#   60 | steps:  1704 | steps_t:     0 | t: 1.388079 | r:  -510.000000 | e:   1.000000 | Q:        nan | won: False 
#   61 | steps:  1761 | steps_t:     0 | t: 1.414081 | r:  -545.000000 | e:   1.000000 | Q:        nan | won: False 
#   62 | steps:  1772 | steps_t:     0 | t: 1.420081 | r:  -510.000000 | e:   1.000000 | Q:        nan | won: False 
#   63 | steps:  1782 | steps_t:     0 | t: 1.425081 | r:  -498.000000 | e:   1.000000 | Q:        nan | won: False 
#   64 | steps:  1822 | steps_t:     0 | t: 1.443083 | r:  -495.000000 | e:   1.000000 | Q:        nan | won: False 
#   65 | steps:  1851 | steps_t:     0 | t: 1.457083 | r:  -495.000000 | e:   1.000000 | Q:        nan | won: False 
#   66 | steps:  1893 | steps_t:     0 | t: 1.476084 | r:  -519.000000 | e:   1.000000 | Q:        nan | won: False 
#   67 | steps:  1907 | steps_t:     0 | t: 1.483085 | r:  -502.000000 | e:   1.000000 | Q:        nan | won: False 
#   68 | steps:  1959 | steps_t:     0 | t: 1.507086 | r:  -540.000000 | e:   1.000000 | Q:        nan | won: False 
#   69 | steps:  1980 | steps_t:     0 | t: 1.517087 | r:  -509.000000 | e:   1.000000 | Q:        nan | won: False 
#   70 | steps:  1999 | steps_t:     0 | t: 1.526087 | r:  -485.000000 | e:   1.000000 | Q:        nan | won: False 
#   71 | steps:  2065 | steps_t:     0 | t: 1.557089 | r:  -488.000000 | e:   1.000000 | Q:        nan | won: False 
#   72 | steps:  2083 | steps_t:     0 | t: 1.566089 | r:  -484.000000 | e:   1.000000 | Q:        nan | won: False 
#   73 | steps:  2094 | steps_t:     0 | t: 1.571090 | r:  -510.000000 | e:   1.000000 | Q:        nan | won: False 
#   74 | steps:  2132 | steps_t:     0 | t: 1.588091 | r:  -526.000000 | e:   1.000000 | Q:        nan | won: False 
#   75 | steps:  2152 | steps_t:     0 | t: 1.598091 | r:  -508.000000 | e:   1.000000 | Q:        nan | won: False 
#   76 | steps:  2160 | steps_t:     0 | t: 1.603092 | r:  -485.000000 | e:   1.000000 | Q:        nan | won: False 
#   77 | steps:  2172 | steps_t:     0 | t: 1.609092 | r:  -500.000000 | e:   1.000000 | Q:        nan | won: False 
#   78 | steps:  2188 | steps_t:     0 | t: 1.616092 | r:  -515.000000 | e:   1.000000 | Q:        nan | won: False 
#   79 | steps:  2213 | steps_t:     0 | t: 1.628093 | r:  -502.000000 | e:   1.000000 | Q:        nan | won: False 
#   80 | steps:  2233 | steps_t:     0 | t: 1.637094 | r:  -508.000000 | e:   1.000000 | Q:        nan | won: False 
#   81 | steps:  2264 | steps_t:     0 | t: 1.654094 | r:  -475.000000 | e:   1.000000 | Q:        nan | won: False 
#   82 | steps:  2321 | steps_t:     0 | t: 1.681096 | r:  -523.000000 | e:   1.000000 | Q:        nan | won: False 
#   83 | steps:  2357 | steps_t:     0 | t: 1.698097 | r:  -502.000000 | e:   1.000000 | Q:        nan | won: False 
#   84 | steps:  2375 | steps_t:     0 | t: 1.706098 | r:  -495.000000 | e:   1.000000 | Q:        nan | won: False 
#   85 | steps:  2399 | steps_t:     0 | t: 1.717098 | r:  -512.000000 | e:   1.000000 | Q:        nan | won: False 
#   86 | steps:  2418 | steps_t:     0 | t: 1.727099 | r:  -518.000000 | e:   1.000000 | Q:        nan | won: False 
#   87 | steps:  2435 | steps_t:     0 | t: 1.735099 | r:  -483.000000 | e:   1.000000 | Q:        nan | won: False 
#   88 | steps:  2467 | steps_t:     0 | t: 1.750100 | r:  -509.000000 | e:   1.000000 | Q:        nan | won: False 
#   89 | steps:  2484 | steps_t:     0 | t: 1.759101 | r:  -494.000000 | e:   1.000000 | Q:        nan | won: False 
#   90 | steps:  2516 | steps_t:     0 | t: 1.773101 | r:  -509.000000 | e:   1.000000 | Q:        nan | won: False 
#   91 | steps:  2538 | steps_t:     0 | t: 1.784102 | r:  -510.000000 | e:   1.000000 | Q:        nan | won: False 
#   92 | steps:  2591 | steps_t:     0 | t: 1.809103 | r:  -530.000000 | e:   1.000000 | Q:        nan | won: False 
#   93 | steps:  2614 | steps_t:     0 | t: 1.821104 | r:  -511.000000 | e:   1.000000 | Q:        nan | won: False 
#   94 | steps:  2626 | steps_t:     0 | t: 1.827105 | r:  -511.000000 | e:   1.000000 | Q:        nan | won: False 
#   95 | steps:  2672 | steps_t:     0 | t: 1.849106 | r:  -523.000000 | e:   1.000000 | Q:        nan | won: False 
#   96 | steps:  2692 | steps_t:     0 | t: 1.858106 | r:  -497.000000 | e:   1.000000 | Q:        nan | won: False 
#   97 | steps:  2705 | steps_t:     0 | t: 1.865107 | r:  -501.000000 | e:   1.000000 | Q:        nan | won: False 
#   98 | steps:  2761 | steps_t:     0 | t: 1.890108 | r:  -511.000000 | e:   1.000000 | Q:        nan | won: False 
#   99 | steps:  2797 | steps_t:     0 | t: 1.907109 | r:  -513.000000 | e:   1.000000 | Q:        nan | won: False 
#  100 | steps:  2841 | steps_t:     0 | t: 1.928110 | r:  -510.000000 | e:   1.000000 | Q:        nan | won: False 
#  101 | steps:  2851 | steps_t:     0 | t: 1.933110 | r:  -498.000000 | e:   1.000000 | Q:        nan | won: False 
#  102 | steps:  2881 | steps_t:     0 | t: 1.948111 | r:  -518.000000 | e:   1.000000 | Q:        nan | won: False 
#  103 | steps:  2921 | steps_t:     0 | t: 1.967112 | r:  -528.000000 | e:   1.000000 | Q:        nan | won: False 
#  104 | steps:  2935 | steps_t:     0 | t: 1.973113 | r:  -513.000000 | e:   1.000000 | Q:        nan | won: False 
#  105 | steps:  2959 | steps_t:     0 | t: 1.985114 | r:  -490.000000 | e:   1.000000 | Q:        nan | won: False 
#  106 | steps:  2992 | steps_t:     0 | t: 2.001114 | r:  -488.000000 | e:   1.000000 | Q:        nan | won: False 
#  107 | steps:  3029 | steps_t:     0 | t: 2.019115 | r:  -503.000000 | e:   1.000000 | Q:        nan | won: False 
#  108 | steps:  3057 | steps_t:     0 | t: 2.032116 | r:  -505.000000 | e:   1.000000 | Q:        nan | won: False 
#  109 | steps:  3073 | steps_t:     0 | t: 2.041117 | r:  -515.000000 | e:   1.000000 | Q:        nan | won: False 
#  110 | steps:  3116 | steps_t:     0 | t: 2.061118 | r:  -509.000000 | e:   1.000000 | Q:        nan | won: False 
#  111 | steps:  3129 | steps_t:     0 | t: 2.067118 | r:  -501.000000 | e:   1.000000 | Q:        nan | won: False 
#  112 | steps:  3151 | steps_t:     0 | t: 2.078119 | r:  -499.000000 | e:   1.000000 | Q:        nan | won: False 
#  113 | steps:  3188 | steps_t:     0 | t: 2.094120 | r:  -514.000000 | e:   1.000000 | Q:        nan | won: False 
#  114 | steps:  3216 | steps_t:     0 | t: 2.108120 | r:  -527.000000 | e:   1.000000 | Q:        nan | won: False 
#  115 | steps:  3240 | steps_t:     0 | t: 2.120121 | r:  -490.000000 | e:   1.000000 | Q:        nan | won: False 
#  116 | steps:  3313 | steps_t:     0 | t: 2.250129 | r:  -550.000000 | e:   1.000000 | Q:        nan | won: False 
#  117 | steps:  3357 | steps_t:     0 | t: 2.269130 | r:  -521.000000 | e:   1.000000 | Q:        nan | won: False 
#  118 | steps:  3429 | steps_t:     0 | t: 2.303132 | r:  -538.000000 | e:   1.000000 | Q:        nan | won: False 
#  119 | steps:  3451 | steps_t:     0 | t: 2.313132 | r:  -499.000000 | e:   1.000000 | Q:        nan | won: False 
#  120 | steps:  3500 | steps_t:     0 | t: 2.335134 | r:  -537.000000 | e:   1.000000 | Q:        nan | won: False 
#  121 | steps:  3519 | steps_t:     0 | t: 2.345134 | r:  -507.000000 | e:   1.000000 | Q:        nan | won: False 
#  122 | steps:  3540 | steps_t:     0 | t: 2.355135 | r:  -509.000000 | e:   1.000000 | Q:        nan | won: False 
#  123 | steps:  3561 | steps_t:     0 | t: 2.366135 | r:  -509.000000 | e:   1.000000 | Q:        nan | won: False 
#  124 | steps:  3570 | steps_t:     0 | t: 2.371135 | r:  -508.000000 | e:   1.000000 | Q:        nan | won: False 
#  125 | steps:  3595 | steps_t:     0 | t: 2.383136 | r:  -502.000000 | e:   1.000000 | Q:        nan | won: False 
#  126 | steps:  3612 | steps_t:     0 | t: 2.390136 | r:  -505.000000 | e:   1.000000 | Q:        nan | won: False 
#  127 | steps:  3661 | steps_t:     0 | t: 2.413138 | r:  -482.000000 | e:   1.000000 | Q:        nan | won: False 
#  128 | steps:  3693 | steps_t:     0 | t: 2.428139 | r:  -509.000000 | e:   1.000000 | Q:        nan | won: False 
#  129 | steps:  3698 | steps_t:     0 | t: 2.431139 | r:  -504.000000 | e:   1.000000 | Q:        nan | won: False 
#  130 | steps:  3717 | steps_t:     0 | t: 2.439140 | r:  -485.000000 | e:   1.000000 | Q:        nan | won: False 
#  131 | steps:  3724 | steps_t:     0 | t: 2.443140 | r:  -506.000000 | e:   1.000000 | Q:        nan | won: False 
#  132 | steps:  3745 | steps_t:     0 | t: 2.453140 | r:  -487.000000 | e:   1.000000 | Q:        nan | won: False 
#  133 | steps:  3774 | steps_t:     0 | t: 2.467141 | r:  -528.000000 | e:   1.000000 | Q:        nan | won: False 
#  134 | steps:  3784 | steps_t:     0 | t: 2.471141 | r:  -509.000000 | e:   1.000000 | Q:        nan | won: False 
#  135 | steps:  3796 | steps_t:     0 | t: 2.478142 | r:  -489.000000 | e:   1.000000 | Q:        nan | won: False 
#  136 | steps:  3814 | steps_t:     0 | t: 2.486142 | r:  -506.000000 | e:   1.000000 | Q:        nan | won: False 
#  137 | steps:  3835 | steps_t:     0 | t: 2.496143 | r:  -476.000000 | e:   1.000000 | Q:        nan | won: False 
#  138 | steps:  3857 | steps_t:     0 | t: 2.506143 | r:  -455.000000 | e:   1.000000 | Q:        nan | won: False 
#  139 | steps:  3867 | steps_t:     0 | t: 2.512144 | r:  -509.000000 | e:   1.000000 | Q:        nan | won: False 
#  140 | steps:  3882 | steps_t:     0 | t: 2.519144 | r:  -503.000000 | e:   1.000000 | Q:        nan | won: False 
#  141 | steps:  3919 | steps_t:     0 | t: 2.537145 | r:  -503.000000 | e:   1.000000 | Q:        nan | won: False 
#  142 | steps:  3950 | steps_t:     0 | t: 2.551146 | r:  -508.000000 | e:   1.000000 | Q:        nan | won: False 
#  143 | steps:  4018 | steps_t:     0 | t: 2.582148 | r:  -523.000000 | e:   1.000000 | Q:        nan | won: False 
#  144 | steps:  4060 | steps_t:     0 | t: 2.602149 | r:  -519.000000 | e:   1.000000 | Q:        nan | won: False 
#  145 | steps:  4110 | steps_t:     0 | t: 2.625150 | r:  -516.000000 | e:   1.000000 | Q:        nan | won: False 
#  146 | steps:  4139 | steps_t:     0 | t: 2.638151 | r:  -495.000000 | e:   1.000000 | Q:        nan | won: False 
#  147 | steps:  4164 | steps_t:     0 | t: 2.651152 | r:  -491.000000 | e:   1.000000 | Q:        nan | won: False 
#  148 | steps:  4180 | steps_t:     0 | t: 2.659152 | r:  -493.000000 | e:   1.000000 | Q:        nan | won: False 
#  149 | steps:  4192 | steps_t:     0 | t: 2.666152 | r:  -511.000000 | e:   1.000000 | Q:        nan | won: False 
#  150 | steps:  4204 | steps_t:     0 | t: 2.672153 | r:  -489.000000 | e:   1.000000 | Q:        nan | won: False 
#  151 | steps:  4210 | steps_t:     0 | t: 2.675153 | r:  -505.000000 | e:   1.000000 | Q:        nan | won: False 
#  152 | steps:  4234 | steps_t:     0 | t: 2.686153 | r:  -512.000000 | e:   1.000000 | Q:        nan | won: False 
#  153 | steps:  4263 | steps_t:     0 | t: 2.700154 | r:  -517.000000 | e:   1.000000 | Q:        nan | won: False 
#  154 | steps:  4299 | steps_t:     0 | t: 2.717155 | r:  -502.000000 | e:   1.000000 | Q:        nan | won: False 
#  155 | steps:  4322 | steps_t:     0 | t: 2.728156 | r:  -478.000000 | e:   1.000000 | Q:        nan | won: False 
#  156 | steps:  4337 | steps_t:     0 | t: 2.735157 | r:  -503.000000 | e:   1.000000 | Q:        nan | won: False 
#  157 | steps:  4359 | steps_t:     0 | t: 2.746157 | r:  -510.000000 | e:   1.000000 | Q:        nan | won: False 
#  158 | steps:  4385 | steps_t:     0 | t: 2.760158 | r:  -503.000000 | e:   1.000000 | Q:        nan | won: False 
#  159 | steps:  4405 | steps_t:     0 | t: 2.769158 | r:  -508.000000 | e:   1.000000 | Q:        nan | won: False 
#  160 | steps:  4439 | steps_t:     0 | t: 2.785159 | r:  -489.000000 | e:   1.000000 | Q:        nan | won: False 
#  161 | steps:  4465 | steps_t:     0 | t: 2.797160 | r:  -514.000000 | e:   1.000000 | Q:        nan | won: False 
#  162 | steps:  4485 | steps_t:     0 | t: 2.806160 | r:  -508.000000 | e:   1.000000 | Q:        nan | won: False 
#  163 | steps:  4494 | steps_t:     0 | t: 2.811161 | r:  -497.000000 | e:   1.000000 | Q:        nan | won: False 
#  164 | steps:  4506 | steps_t:     0 | t: 2.817161 | r:  -511.000000 | e:   1.000000 | Q:        nan | won: False 
#  165 | steps:  4543 | steps_t:     0 | t: 2.834162 | r:  -514.000000 | e:   1.000000 | Q:        nan | won: False 
#  166 | steps:  4552 | steps_t:     0 | t: 2.839162 | r:  -508.000000 | e:   1.000000 | Q:        nan | won: False 
#  167 | steps:  4584 | steps_t:     0 | t: 2.854163 | r:  -509.000000 | e:   1.000000 | Q:        nan | won: False 
#  168 | steps:  4600 | steps_t:     0 | t: 2.861163 | r:  -504.000000 | e:   1.000000 | Q:        nan | won: False 
#  169 | steps:  4612 | steps_t:     0 | t: 2.868164 | r:  -511.000000 | e:   1.000000 | Q:        nan | won: False 
#  170 | steps:  4642 | steps_t:     0 | t: 2.881165 | r:  -485.000000 | e:   1.000000 | Q:        nan | won: False 
#  171 | steps:  4680 | steps_t:     0 | t: 2.900166 | r:  -504.000000 | e:   1.000000 | Q:        nan | won: False 
#  172 | steps:  4702 | steps_t:     0 | t: 2.910166 | r:  -499.000000 | e:   1.000000 | Q:        nan | won: False 
#  173 | steps:  4755 | steps_t:     0 | t: 2.937168 | r:  -530.000000 | e:   1.000000 | Q:        nan | won: False 
#  174 | steps:  4787 | steps_t:     0 | t: 2.954169 | r:  -509.000000 | e:   1.000000 | Q:        nan | won: False 
#  175 | steps:  4814 | steps_t:     0 | t: 2.968170 | r:  -515.000000 | e:   1.000000 | Q:        nan | won: False 
#  176 | steps:  4844 | steps_t:     0 | t: 2.987171 | r:  -518.000000 | e:   1.000000 | Q:        nan | won: False 
#  177 | steps:  4860 | steps_t:     0 | t: 2.996171 | r:  -504.000000 | e:   1.000000 | Q:        nan | won: False 
#  178 | steps:  4905 | steps_t:     0 | t: 3.021173 | r:  -500.000000 | e:   1.000000 | Q:        nan | won: False 
#  179 | steps:  4956 | steps_t:     0 | t: 3.053174 | r:  -506.000000 | e:   1.000000 | Q:        nan | won: False 
