#    1 | steps:     7 | steps_t:     0 | t: 0.014001 | r:  -506.000000 | e:   1.000000 | Q:        nan | won: False 
#    2 | steps:    15 | steps_t:     0 | t: 0.018001 | r:  -507.000000 | e:   1.000000 | Q:        nan | won: False 
#    3 | steps:    25 | steps_t:     0 | t: 0.023001 | r:  -509.000000 | e:   1.000000 | Q:        nan | won: False 
#    4 | steps:    34 | steps_t:     0 | t: 0.105006 | r:  -508.000000 | e:   1.000000 | Q:        nan | won: False 
#    5 | steps:    42 | steps_t:     0 | t: 0.110006 | r:  -507.000000 | e:   1.000000 | Q:        nan | won: False 
#    6 | steps:    50 | steps_t:     0 | t: 0.116007 | r:  -507.000000 | e:   1.000000 | Q:        nan | won: False 
#    7 | steps:    64 | steps_t:     0 | t: 0.123007 | r:  -513.000000 | e:   1.000000 | Q:        nan | won: False 
#    8 | steps:    75 | steps_t:     0 | t: 0.129007 | r:  -510.000000 | e:   1.000000 | Q:        nan | won: False 
#    9 | steps:    97 | steps_t:     0 | t: 0.140008 | r:  -521.000000 | e:   1.000000 | Q:        nan | won: False 
#   10 | steps:   108 | steps_t:     0 | t: 0.146008 | r:  -510.000000 | e:   1.000000 | Q:        nan | won: False 
#   11 | steps:   118 | steps_t:     0 | t: 0.151009 | r:  -509.000000 | e:   1.000000 | Q:        nan | won: False 
#   12 | steps:   126 | steps_t:     0 | t: 0.155009 | r:  -507.000000 | e:   1.000000 | Q:        nan | won: False 
#   13 | steps:   152 | steps_t:     0 | t: 0.168010 | r:  -525.000000 | e:   1.000000 | Q:        nan | won: False 
#   14 | steps:   159 | steps_t:     0 | t: 0.171010 | r:  -506.000000 | e:   1.000000 | Q:        nan | won: False 
#   15 | steps:   169 | steps_t:     0 | t: 0.176010 | r:  -509.000000 | e:   1.000000 | Q:        nan | won: False 
#   16 | steps:   185 | steps_t:     0 | t: 0.184011 | r:  -515.000000 | e:   1.000000 | Q:        nan | won: False 
#   17 | steps:   193 | steps_t:     0 | t: 0.189011 | r:  -507.000000 | e:   1.000000 | Q:        nan | won: False 
#   18 | steps:   203 | steps_t:     0 | t: 0.194011 | r:  -509.000000 | e:   1.000000 | Q:        nan | won: False 
#   19 | steps:   210 | steps_t:     0 | t: 0.198011 | r:  -506.000000 | e:   1.000000 | Q:        nan | won: False 
#   20 | steps:   217 | steps_t:     0 | t: 0.201011 | r:  -506.000000 | e:   1.000000 | Q:        nan | won: False 
#   21 | steps:   236 | steps_t:     0 | t: 0.211012 | r:  -518.000000 | e:   1.000000 | Q:        nan | won: False 
#   22 | steps:   247 | steps_t:     0 | t: 0.217012 | r:  -510.000000 | e:   1.000000 | Q:        nan | won: False 
#   23 | steps:   253 | steps_t:     0 | t: 0.220012 | r:  -505.000000 | e:   1.000000 | Q:        nan | won: False 
#   24 | steps:   261 | steps_t:     0 | t: 0.224013 | r:  -507.000000 | e:   1.000000 | Q:        nan | won: False 
#   25 | steps:   271 | steps_t:     0 | t: 0.229013 | r:  -509.000000 | e:   1.000000 | Q:        nan | won: False 
#   26 | steps:   280 | steps_t:     0 | t: 0.235013 | r:  -508.000000 | e:   1.000000 | Q:        nan | won: False 
#   27 | steps:   295 | steps_t:     0 | t: 0.243014 | r:  -503.000000 | e:   1.000000 | Q:        nan | won: False 
#   28 | steps:   303 | steps_t:     0 | t: 0.247014 | r:  -507.000000 | e:   1.000000 | Q:        nan | won: False 
#   29 | steps:   316 | steps_t:     0 | t: 0.254014 | r:  -512.000000 | e:   1.000000 | Q:        nan | won: False 
#   30 | steps:   322 | steps_t:     0 | t: 0.257015 | r:  -505.000000 | e:   1.000000 | Q:        nan | won: False 
#   31 | steps:   334 | steps_t:     0 | t: 0.263015 | r:  -511.000000 | e:   1.000000 | Q:        nan | won: False 
#   32 | steps:   340 | steps_t:     0 | t: 0.267015 | r:  -505.000000 | e:   1.000000 | Q:        nan | won: False 
#   33 | steps:   351 | steps_t:     0 | t: 0.273015 | r:  -510.000000 | e:   1.000000 | Q:        nan | won: False 
#   34 | steps:   363 | steps_t:     0 | t: 0.279016 | r:  -511.000000 | e:   1.000000 | Q:        nan | won: False 
#   35 | steps:   372 | steps_t:     0 | t: 0.284016 | r:  -508.000000 | e:   1.000000 | Q:        nan | won: False 
#   36 | steps:   380 | steps_t:     0 | t: 0.288017 | r:  -507.000000 | e:   1.000000 | Q:        nan | won: False 
#   37 | steps:   390 | steps_t:     0 | t: 0.293017 | r:  -509.000000 | e:   1.000000 | Q:        nan | won: False 
#   38 | steps:   402 | steps_t:     0 | t: 0.300017 | r:  -511.000000 | e:   1.000000 | Q:        nan | won: False 
#   39 | steps:   409 | steps_t:     0 | t: 0.304017 | r:  -506.000000 | e:   1.000000 | Q:        nan | won: False 
#   40 | steps:   417 | steps_t:     0 | t: 0.308017 | r:  -507.000000 | e:   1.000000 | Q:        nan | won: False 
#   41 | steps:   424 | steps_t:     0 | t: 0.312018 | r:  -506.000000 | e:   1.000000 | Q:        nan | won: False 
#   42 | steps:   439 | steps_t:     0 | t: 0.321018 | r:  -514.000000 | e:   1.000000 | Q:        nan | won: False 
#   43 | steps:   450 | steps_t:     0 | t: 0.326019 | r:  -510.000000 | e:   1.000000 | Q:        nan | won: False 
#   44 | steps:   464 | steps_t:     0 | t: 0.333019 | r:  -513.000000 | e:   1.000000 | Q:        nan | won: False 
#   45 | steps:   476 | steps_t:     0 | t: 0.340019 | r:  -511.000000 | e:   1.000000 | Q:        nan | won: False 
#   46 | steps:   486 | steps_t:     0 | t: 0.345020 | r:  -509.000000 | e:   1.000000 | Q:        nan | won: False 
#   47 | steps:   494 | steps_t:     0 | t: 0.350020 | r:  -507.000000 | e:   1.000000 | Q:        nan | won: False 
#   48 | steps:   504 | steps_t:     0 | t: 0.355020 | r:  -509.000000 | e:   1.000000 | Q:        nan | won: False 
#   49 | steps:   514 | steps_t:     0 | t: 0.360021 | r:  -509.000000 | e:   1.000000 | Q:        nan | won: False 
#   50 | steps:   522 | steps_t:     0 | t: 0.365021 | r:  -507.000000 | e:   1.000000 | Q:        nan | won: False 
#   51 | steps:   530 | steps_t:     0 | t: 0.369021 | r:  -507.000000 | e:   1.000000 | Q:        nan | won: False 
#   52 | steps:   545 | steps_t:     0 | t: 0.377022 | r:  -503.000000 | e:   1.000000 | Q:        nan | won: False 
#   53 | steps:   552 | steps_t:     0 | t: 0.381022 | r:  -506.000000 | e:   1.000000 | Q:        nan | won: False 
#   54 | steps:   562 | steps_t:     0 | t: 0.386022 | r:  -509.000000 | e:   1.000000 | Q:        nan | won: False 
#   55 | steps:   577 | steps_t:     0 | t: 0.396023 | r:  -514.000000 | e:   1.000000 | Q:        nan | won: False 
#   56 | steps:   589 | steps_t:     0 | t: 0.415024 | r:  -511.000000 | e:   1.000000 | Q:        nan | won: False 
#   57 | steps:   600 | steps_t:     0 | t: 0.426024 | r:  -510.000000 | e:   1.000000 | Q:        nan | won: False 
#   58 | steps:   608 | steps_t:     0 | t: 0.439025 | r:  -507.000000 | e:   1.000000 | Q:        nan | won: False 
#   59 | steps:   624 | steps_t:     0 | t: 0.451026 | r:  -504.000000 | e:   1.000000 | Q:        nan | won: False 
#   60 | steps:   634 | steps_t:     0 | t: 0.457026 | r:  -509.000000 | e:   1.000000 | Q:        nan | won: False 
#   61 | steps:   651 | steps_t:     0 | t: 0.466027 | r:  -505.000000 | e:   1.000000 | Q:        nan | won: False 
#   62 | steps:   659 | steps_t:     0 | t: 0.470027 | r:  -507.000000 | e:   1.000000 | Q:        nan | won: False 
#   63 | steps:   670 | steps_t:     0 | t: 0.475027 | r:  -510.000000 | e:   1.000000 | Q:        nan | won: False 
#   64 | steps:   676 | steps_t:     0 | t: 0.479028 | r:  -505.000000 | e:   1.000000 | Q:        nan | won: False 
#   65 | steps:   697 | steps_t:     0 | t: 0.489028 | r:  -520.000000 | e:   1.000000 | Q:        nan | won: False 
#   66 | steps:   704 | steps_t:     0 | t: 0.493028 | r:  -506.000000 | e:   1.000000 | Q:        nan | won: False 
#   67 | steps:   722 | steps_t:     0 | t: 0.502029 | r:  -517.000000 | e:   1.000000 | Q:        nan | won: False 
#   68 | steps:   734 | steps_t:     0 | t: 0.508029 | r:  -511.000000 | e:   1.000000 | Q:        nan | won: False 
#   69 | steps:   753 | steps_t:     0 | t: 0.517030 | r:  -496.000000 | e:   1.000000 | Q:        nan | won: False 
#   70 | steps:   772 | steps_t:     0 | t: 0.526030 | r:  -518.000000 | e:   1.000000 | Q:        nan | won: False 
#   71 | steps:   779 | steps_t:     0 | t: 0.531030 | r:  -506.000000 | e:   1.000000 | Q:        nan | won: False 
#   72 | steps:   798 | steps_t:     0 | t: 0.541031 | r:  -518.000000 | e:   1.000000 | Q:        nan | won: False 
#   73 | steps:   803 | steps_t:     0 | t: 0.544031 | r:  -504.000000 | e:   1.000000 | Q:        nan | won: False 
#   74 | steps:   813 | steps_t:     0 | t: 0.550031 | r:  -509.000000 | e:   1.000000 | Q:        nan | won: False 
#   75 | steps:   820 | steps_t:     0 | t: 0.553032 | r:  -506.000000 | e:   1.000000 | Q:        nan | won: False 
#   76 | steps:   829 | steps_t:     0 | t: 0.558032 | r:  -508.000000 | e:   1.000000 | Q:        nan | won: False 
#   77 | steps:   843 | steps_t:     0 | t: 0.565032 | r:  -513.000000 | e:   1.000000 | Q:        nan | won: False 
#   78 | steps:   860 | steps_t:     0 | t: 0.575033 | r:  -516.000000 | e:   1.000000 | Q:        nan | won: False 
#   79 | steps:   871 | steps_t:     0 | t: 0.581033 | r:  -510.000000 | e:   1.000000 | Q:        nan | won: False 
#   80 | steps:   888 | steps_t:     0 | t: 0.589034 | r:  -516.000000 | e:   1.000000 | Q:        nan | won: False 
#   81 | steps:   897 | steps_t:     0 | t: 0.594034 | r:  -508.000000 | e:   1.000000 | Q:        nan | won: False 
#   82 | steps:   905 | steps_t:     0 | t: 0.599034 | r:  -507.000000 | e:   1.000000 | Q:        nan | won: False 
#   83 | steps:   916 | steps_t:     0 | t: 0.605035 | r:  -510.000000 | e:   1.000000 | Q:        nan | won: False 
#   84 | steps:   922 | steps_t:     0 | t: 0.609035 | r:  -505.000000 | e:   1.000000 | Q:        nan | won: False 
#   85 | steps:   937 | steps_t:     0 | t: 0.616035 | r:  -514.000000 | e:   1.000000 | Q:        nan | won: False 
#   86 | steps:   948 | steps_t:     0 | t: 0.622036 | r:  -510.000000 | e:   1.000000 | Q:        nan | won: False 
#   87 | steps:   967 | steps_t:     0 | t: 0.631036 | r:  -518.000000 | e:   1.000000 | Q:        nan | won: False 
#   88 | steps:   977 | steps_t:     0 | t: 0.636036 | r:  -509.000000 | e:   1.000000 | Q:        nan | won: False 
#   89 | steps:   989 | steps_t:     0 | t: 0.643037 | r:  -511.000000 | e:   1.000000 | Q:        nan | won: False 
#   90 | steps:   999 | steps_t:     0 | t: 0.648037 | r:  -509.000000 | e:   1.000000 | Q:        nan | won: False 
#   91 | steps:  1007 | steps_t:     0 | t: 0.652037 | r:  -507.000000 | e:   1.000000 | Q:        nan | won: False 
#   92 | steps:  1023 | steps_t:     0 | t: 0.660038 | r:  -515.000000 | e:   1.000000 | Q:        nan | won: False 
#   93 | steps:  1028 | steps_t:     0 | t: 0.663038 | r:  -504.000000 | e:   1.000000 | Q:        nan | won: False 
#   94 | steps:  1041 | steps_t:     0 | t: 0.670038 | r:  -512.000000 | e:   1.000000 | Q:        nan | won: False 
#   95 | steps:  1047 | steps_t:     0 | t: 0.674038 | r:  -505.000000 | e:   1.000000 | Q:        nan | won: False 
#   96 | steps:  1054 | steps_t:     0 | t: 0.677039 | r:  -506.000000 | e:   1.000000 | Q:        nan | won: False 
#   97 | steps:  1066 | steps_t:     0 | t: 0.683039 | r:  -511.000000 | e:   1.000000 | Q:        nan | won: False 
#   98 | steps:  1075 | steps_t:     0 | t: 0.688039 | r:  -508.000000 | e:   1.000000 | Q:        nan | won: False 
#   99 | steps:  1083 | steps_t:     0 | t: 0.692040 | r:  -507.000000 | e:   1.000000 | Q:        nan | won: False 
#  100 | steps:  1096 | steps_t:     0 | t: 0.699040 | r:  -512.000000 | e:   1.000000 | Q:        nan | won: False 
#  101 | steps:  1104 | steps_t:     0 | t: 0.703040 | r:  -507.000000 | e:   1.000000 | Q:        nan | won: False 
#  102 | steps:  1122 | steps_t:     0 | t: 0.712041 | r:  -517.000000 | e:   1.000000 | Q:        nan | won: False 
#  103 | steps:  1135 | steps_t:     0 | t: 0.719041 | r:  -512.000000 | e:   1.000000 | Q:        nan | won: False 
#  104 | steps:  1144 | steps_t:     0 | t: 0.724041 | r:  -508.000000 | e:   1.000000 | Q:        nan | won: False 
#  105 | steps:  1152 | steps_t:     0 | t: 0.730042 | r:  -507.000000 | e:   1.000000 | Q:        nan | won: False 
#  106 | steps:  1166 | steps_t:     0 | t: 0.739042 | r:  -502.000000 | e:   1.000000 | Q:        nan | won: False 
#  107 | steps:  1176 | steps_t:     0 | t: 0.745043 | r:  -509.000000 | e:   1.000000 | Q:        nan | won: False 
#  108 | steps:  1182 | steps_t:     0 | t: 0.752043 | r:  -505.000000 | e:   1.000000 | Q:        nan | won: False 
#  109 | steps:  1203 | steps_t:     0 | t: 0.765044 | r:  -520.000000 | e:   1.000000 | Q:        nan | won: False 
#  110 | steps:  1211 | steps_t:     0 | t: 0.772044 | r:  -507.000000 | e:   1.000000 | Q:        nan | won: False 
#  111 | steps:  1218 | steps_t:     0 | t: 0.776044 | r:  -506.000000 | e:   1.000000 | Q:        nan | won: False 
#  112 | steps:  1231 | steps_t:     0 | t: 0.784045 | r:  -512.000000 | e:   1.000000 | Q:        nan | won: False 
#  113 | steps:  1253 | steps_t:     0 | t: 0.800046 | r:  -521.000000 | e:   1.000000 | Q:        nan | won: False 
#  114 | steps:  1260 | steps_t:     0 | t: 0.803046 | r:  -506.000000 | e:   1.000000 | Q:        nan | won: False 
#  115 | steps:  1277 | steps_t:     0 | t: 0.818047 | r:  -516.000000 | e:   1.000000 | Q:        nan | won: False 
#  116 | steps:  1294 | steps_t:     0 | t: 0.828047 | r:  -516.000000 | e:   1.000000 | Q:        nan | won: False 
#  117 | steps:  1302 | steps_t:     0 | t: 0.835048 | r:  -507.000000 | e:   1.000000 | Q:        nan | won: False 
#  118 | steps:  1313 | steps_t:     0 | t: 0.842048 | r:  -510.000000 | e:   1.000000 | Q:        nan | won: False 
#  119 | steps:  1331 | steps_t:     0 | t: 0.853049 | r:  -517.000000 | e:   1.000000 | Q:        nan | won: False 
#  120 | steps:  1338 | steps_t:     0 | t: 0.860049 | r:  -506.000000 | e:   1.000000 | Q:        nan | won: False 
#  121 | steps:  1346 | steps_t:     0 | t: 0.868050 | r:  -507.000000 | e:   1.000000 | Q:        nan | won: False 
#  122 | steps:  1358 | steps_t:     0 | t: 0.874050 | r:  -511.000000 | e:   1.000000 | Q:        nan | won: False 
#  123 | steps:  1373 | steps_t:     0 | t: 0.882051 | r:  -514.000000 | e:   1.000000 | Q:        nan | won: False 
#  124 | steps:  1393 | steps_t:     0 | t: 0.894051 | r:  -519.000000 | e:   1.000000 | Q:        nan | won: False 
#  125 | steps:  1400 | steps_t:     0 | t: 0.899051 | r:  -506.000000 | e:   1.000000 | Q:        nan | won: False 
#  126 | steps:  1409 | steps_t:     0 | t: 0.907052 | r:  -508.000000 | e:   1.000000 | Q:        nan | won: False 
#  127 | steps:  1434 | steps_t:     0 | t: 0.921053 | r:  -513.000000 | e:   1.000000 | Q:        nan | won: False 
#  128 | steps:  1452 | steps_t:     0 | t: 0.931053 | r:  -517.000000 | e:   1.000000 | Q:        nan | won: False 
#  129 | steps:  1458 | steps_t:     0 | t: 0.937054 | r:  -505.000000 | e:   1.000000 | Q:        nan | won: False 
#  130 | steps:  1466 | steps_t:     0 | t: 0.941054 | r:  -507.000000 | e:   1.000000 | Q:        nan | won: False 
#  131 | steps:  1480 | steps_t:     0 | t: 0.948054 | r:  -513.000000 | e:   1.000000 | Q:        nan | won: False 
#  132 | steps:  1487 | steps_t:     0 | t: 0.952055 | r:  -506.000000 | e:   1.000000 | Q:        nan | won: False 
#  133 | steps:  1507 | steps_t:     0 | t: 0.964055 | r:  -519.000000 | e:   1.000000 | Q:        nan | won: False 
#  134 | steps:  1517 | steps_t:     0 | t: 0.970055 | r:  -509.000000 | e:   1.000000 | Q:        nan | won: False 
#  135 | steps:  1527 | steps_t:     0 | t: 0.975056 | r:  -509.000000 | e:   1.000000 | Q:        nan | won: False 
#  136 | steps:  1536 | steps_t:     0 | t: 0.979056 | r:  -508.000000 | e:   1.000000 | Q:        nan | won: False 
#  137 | steps:  1553 | steps_t:     0 | t: 0.988056 | r:  -516.000000 | e:   1.000000 | Q:        nan | won: False 
#  138 | steps:  1563 | steps_t:     0 | t: 0.993057 | r:  -509.000000 | e:   1.000000 | Q:        nan | won: False 
#  139 | steps:  1575 | steps_t:     0 | t: 1.000057 | r:  -511.000000 | e:   1.000000 | Q:        nan | won: False 
#  140 | steps:  1585 | steps_t:     0 | t: 1.005058 | r:  -509.000000 | e:   1.000000 | Q:        nan | won: False 
#  141 | steps:  1595 | steps_t:     0 | t: 1.009058 | r:  -509.000000 | e:   1.000000 | Q:        nan | won: False 
#  142 | steps:  1604 | steps_t:     0 | t: 1.014058 | r:  -508.000000 | e:   1.000000 | Q:        nan | won: False 
#  143 | steps:  1610 | steps_t:     0 | t: 1.018058 | r:  -505.000000 | e:   1.000000 | Q:        nan | won: False 
#  144 | steps:  1619 | steps_t:     0 | t: 1.022058 | r:  -508.000000 | e:   1.000000 | Q:        nan | won: False 
#  145 | steps:  1633 | steps_t:     0 | t: 1.029059 | r:  -502.000000 | e:   1.000000 | Q:        nan | won: False 
#  146 | steps:  1644 | steps_t:     0 | t: 1.035059 | r:  -510.000000 | e:   1.000000 | Q:        nan | won: False 
#  147 | steps:  1651 | steps_t:     0 | t: 1.038059 | r:  -506.000000 | e:   1.000000 | Q:        nan | won: False 
#  148 | steps:  1660 | steps_t:     0 | t: 1.043060 | r:  -508.000000 | e:   1.000000 | Q:        nan | won: False 
#  149 | steps:  1681 | steps_t:     0 | t: 1.053060 | r:  -520.000000 | e:   1.000000 | Q:        nan | won: False 
#  150 | steps:  1696 | steps_t:     0 | t: 1.060061 | r:  -503.000000 | e:   1.000000 | Q:        nan | won: False 
#  151 | steps:  1709 | steps_t:     0 | t: 1.068061 | r:  -512.000000 | e:   1.000000 | Q:        nan | won: False 
#  152 | steps:  1733 | steps_t:     0 | t: 1.079062 | r:  -523.000000 | e:   1.000000 | Q:        nan | won: False 
#  153 | steps:  1738 | steps_t:     0 | t: 1.082062 | r:  -504.000000 | e:   1.000000 | Q:        nan | won: False 
#  154 | steps:  1755 | steps_t:     0 | t: 1.091063 | r:  -516.000000 | e:   1.000000 | Q:        nan | won: False 
#  155 | steps:  1766 | steps_t:     0 | t: 1.097063 | r:  -510.000000 | e:   1.000000 | Q:        nan | won: False 
#  156 | steps:  1784 | steps_t:     0 | t: 1.106063 | r:  -517.000000 | e:   1.000000 | Q:        nan | won: False 
#  157 | steps:  1792 | steps_t:     0 | t: 1.111063 | r:  -507.000000 | e:   1.000000 | Q:        nan | won: False 
#  158 | steps:  1812 | steps_t:     0 | t: 1.121064 | r:  -519.000000 | e:   1.000000 | Q:        nan | won: False 
#  159 | steps:  1821 | steps_t:     0 | t: 1.126064 | r:  -508.000000 | e:   1.000000 | Q:        nan | won: False 
#  160 | steps:  1830 | steps_t:     0 | t: 1.131065 | r:  -508.000000 | e:   1.000000 | Q:        nan | won: False 
#  161 | steps:  1846 | steps_t:     0 | t: 1.139065 | r:  -515.000000 | e:   1.000000 | Q:        nan | won: False 
#  162 | steps:  1866 | steps_t:     0 | t: 1.149066 | r:  -519.000000 | e:   1.000000 | Q:        nan | won: False 
#  163 | steps:  1874 | steps_t:     0 | t: 1.154066 | r:  -507.000000 | e:   1.000000 | Q:        nan | won: False 
#  164 | steps:  1882 | steps_t:     0 | t: 1.158066 | r:  -507.000000 | e:   1.000000 | Q:        nan | won: False 
#  165 | steps:  1900 | steps_t:     0 | t: 1.167067 | r:  -517.000000 | e:   1.000000 | Q:        nan | won: False 
#  166 | steps:  1908 | steps_t:     0 | t: 1.171067 | r:  -507.000000 | e:   1.000000 | Q:        nan | won: False 
#  167 | steps:  1922 | steps_t:     0 | t: 1.178067 | r:  -513.000000 | e:   1.000000 | Q:        nan | won: False 
#  168 | steps:  1937 | steps_t:     0 | t: 1.185068 | r:  -514.000000 | e:   1.000000 | Q:        nan | won: False 
#  169 | steps:  1950 | steps_t:     0 | t: 1.192068 | r:  -512.000000 | e:   1.000000 | Q:        nan | won: False 
#  170 | steps:  1968 | steps_t:     0 | t: 1.201069 | r:  -517.000000 | e:   1.000000 | Q:        nan | won: False 
#  171 | steps:  1979 | steps_t:     0 | t: 1.207069 | r:  -510.000000 | e:   1.000000 | Q:        nan | won: False 
#  172 | steps:  2002 | steps_t:     0 | t: 1.218070 | r:  -522.000000 | e:   1.000000 | Q:        nan | won: False 
#  173 | steps:  2010 | steps_t:     0 | t: 1.222070 | r:  -507.000000 | e:   1.000000 | Q:        nan | won: False 
#  174 | steps:  2029 | steps_t:     0 | t: 1.232071 | r:  -496.000000 | e:   1.000000 | Q:        nan | won: False 
#  175 | steps:  2047 | steps_t:     0 | t: 1.241071 | r:  -517.000000 | e:   1.000000 | Q:        nan | won: False 
#  176 | steps:  2058 | steps_t:     0 | t: 1.246071 | r:  -510.000000 | e:   1.000000 | Q:        nan | won: False 
#  177 | steps:  2066 | steps_t:     0 | t: 1.252072 | r:  -507.000000 | e:   1.000000 | Q:        nan | won: False 
#  178 | steps:  2075 | steps_t:     0 | t: 1.257072 | r:  -508.000000 | e:   1.000000 | Q:        nan | won: False 
#  179 | steps:  2083 | steps_t:     0 | t: 1.261072 | r:  -507.000000 | e:   1.000000 | Q:        nan | won: False 
#  180 | steps:  2106 | steps_t:     0 | t: 1.272073 | r:  -522.000000 | e:   1.000000 | Q:        nan | won: False 
#  181 | steps:  2121 | steps_t:     0 | t: 1.281073 | r:  -514.000000 | e:   1.000000 | Q:        nan | won: False 
#  182 | steps:  2129 | steps_t:     0 | t: 1.285074 | r:  -507.000000 | e:   1.000000 | Q:        nan | won: False 
#  183 | steps:  2138 | steps_t:     0 | t: 1.290074 | r:  -508.000000 | e:   1.000000 | Q:        nan | won: False 
#  184 | steps:  2147 | steps_t:     0 | t: 1.294074 | r:  -508.000000 | e:   1.000000 | Q:        nan | won: False 
#  185 | steps:  2163 | steps_t:     0 | t: 1.303075 | r:  -504.000000 | e:   1.000000 | Q:        nan | won: False 
#  186 | steps:  2173 | steps_t:     0 | t: 1.309075 | r:  -509.000000 | e:   1.000000 | Q:        nan | won: False 
#  187 | steps:  2180 | steps_t:     0 | t: 1.313075 | r:  -506.000000 | e:   1.000000 | Q:        nan | won: False 
#  188 | steps:  2190 | steps_t:     0 | t: 1.319075 | r:  -509.000000 | e:   1.000000 | Q:        nan | won: False 
#  189 | steps:  2198 | steps_t:     0 | t: 1.323076 | r:  -507.000000 | e:   1.000000 | Q:        nan | won: False 
#  190 | steps:  2207 | steps_t:     0 | t: 1.328076 | r:  -508.000000 | e:   1.000000 | Q:        nan | won: False 
#  191 | steps:  2226 | steps_t:     0 | t: 1.338077 | r:  -518.000000 | e:   1.000000 | Q:        nan | won: False 
#  192 | steps:  2234 | steps_t:     0 | t: 1.342077 | r:  -507.000000 | e:   1.000000 | Q:        nan | won: False 
#  193 | steps:  2255 | steps_t:     0 | t: 1.353077 | r:  -520.000000 | e:   1.000000 | Q:        nan | won: False 
#  194 | steps:  2263 | steps_t:     0 | t: 1.357078 | r:  -507.000000 | e:   1.000000 | Q:        nan | won: False 
#  195 | steps:  2274 | steps_t:     0 | t: 1.363078 | r:  -510.000000 | e:   1.000000 | Q:        nan | won: False 
#  196 | steps:  2285 | steps_t:     0 | t: 1.368078 | r:  -510.000000 | e:   1.000000 | Q:        nan | won: False 
#  197 | steps:  2294 | steps_t:     0 | t: 1.373078 | r:  -508.000000 | e:   1.000000 | Q:        nan | won: False 
#  198 | steps:  2301 | steps_t:     0 | t: 1.377079 | r:  -506.000000 | e:   1.000000 | Q:        nan | won: False 
#  199 | steps:  2309 | steps_t:     0 | t: 1.382079 | r:  -507.000000 | e:   1.000000 | Q:        nan | won: False 
#  200 | steps:  2316 | steps_t:     0 | t: 1.386079 | r:  -506.000000 | e:   1.000000 | Q:        nan | won: False 
#  201 | steps:  2325 | steps_t:     0 | t: 1.391080 | r:  -508.000000 | e:   1.000000 | Q:        nan | won: False 
#  202 | steps:  2340 | steps_t:     0 | t: 1.399080 | r:  -514.000000 | e:   1.000000 | Q:        nan | won: False 
#  203 | steps:  2349 | steps_t:     0 | t: 1.404080 | r:  -508.000000 | e:   1.000000 | Q:        nan | won: False 
#  204 | steps:  2392 | steps_t:     0 | t: 1.426081 | r:  -531.000000 | e:   1.000000 | Q:        nan | won: False 
#  205 | steps:  2407 | steps_t:     0 | t: 1.434082 | r:  -514.000000 | e:   1.000000 | Q:        nan | won: False 
#  206 | steps:  2420 | steps_t:     0 | t: 1.440082 | r:  -512.000000 | e:   1.000000 | Q:        nan | won: False 
#  207 | steps:  2428 | steps_t:     0 | t: 1.444083 | r:  -507.000000 | e:   1.000000 | Q:        nan | won: False 
#  208 | steps:  2436 | steps_t:     0 | t: 1.449083 | r:  -507.000000 | e:   1.000000 | Q:        nan | won: False 
#  209 | steps:  2448 | steps_t:     0 | t: 1.455083 | r:  -511.000000 | e:   1.000000 | Q:        nan | won: False 
#  210 | steps:  2456 | steps_t:     0 | t: 1.459084 | r:  -507.000000 | e:   1.000000 | Q:        nan | won: False 
#  211 | steps:  2463 | steps_t:     0 | t: 1.463084 | r:  -506.000000 | e:   1.000000 | Q:        nan | won: False 
#  212 | steps:  2473 | steps_t:     0 | t: 1.468084 | r:  -509.000000 | e:   1.000000 | Q:        nan | won: False 
#  213 | steps:  2480 | steps_t:     0 | t: 1.472084 | r:  -506.000000 | e:   1.000000 | Q:        nan | won: False 
#  214 | steps:  2497 | steps_t:     0 | t: 1.481085 | r:  -516.000000 | e:   1.000000 | Q:        nan | won: False 
#  215 | steps:  2504 | steps_t:     0 | t: 1.485085 | r:  -506.000000 | e:   1.000000 | Q:        nan | won: False 
#  216 | steps:  2511 | steps_t:     0 | t: 1.488085 | r:  -506.000000 | e:   1.000000 | Q:        nan | won: False 
#  217 | steps:  2519 | steps_t:     0 | t: 1.492085 | r:  -507.000000 | e:   1.000000 | Q:        nan | won: False 
#  218 | steps:  2539 | steps_t:     0 | t: 1.502086 | r:  -508.000000 | e:   1.000000 | Q:        nan | won: False 
#  219 | steps:  2547 | steps_t:     0 | t: 1.506086 | r:  -507.000000 | e:   1.000000 | Q:        nan | won: False 
#  220 | steps:  2556 | steps_t:     0 | t: 1.510086 | r:  -508.000000 | e:   1.000000 | Q:        nan | won: False 
#  221 | steps:  2567 | steps_t:     0 | t: 1.516087 | r:  -510.000000 | e:   1.000000 | Q:        nan | won: False 
#  222 | steps:  2585 | steps_t:     0 | t: 1.525087 | r:  -506.000000 | e:   1.000000 | Q:        nan | won: False 
#  223 | steps:  2593 | steps_t:     0 | t: 1.529087 | r:  -507.000000 | e:   1.000000 | Q:        nan | won: False 
#  224 | steps:  2601 | steps_t:     0 | t: 1.534088 | r:  -507.000000 | e:   1.000000 | Q:        nan | won: False 
#  225 | steps:  2621 | steps_t:     0 | t: 1.543088 | r:  -519.000000 | e:   1.000000 | Q:        nan | won: False 
#  226 | steps:  2629 | steps_t:     0 | t: 1.547089 | r:  -507.000000 | e:   1.000000 | Q:        nan | won: False 
#  227 | steps:  2641 | steps_t:     0 | t: 1.553089 | r:  -511.000000 | e:   1.000000 | Q:        nan | won: False 
#  228 | steps:  2659 | steps_t:     0 | t: 1.563089 | r:  -517.000000 | e:   1.000000 | Q:        nan | won: False 
#  229 | steps:  2671 | steps_t:     0 | t: 1.569090 | r:  -511.000000 | e:   1.000000 | Q:        nan | won: False 
#  230 | steps:  2692 | steps_t:     0 | t: 1.580090 | r:  -520.000000 | e:   1.000000 | Q:        nan | won: False 
#  231 | steps:  2703 | steps_t:     0 | t: 1.585090 | r:  -510.000000 | e:   1.000000 | Q:        nan | won: False 
#  232 | steps:  2711 | steps_t:     0 | t: 1.589091 | r:  -507.000000 | e:   1.000000 | Q:        nan | won: False 
#  233 | steps:  2725 | steps_t:     0 | t: 1.597091 | r:  -513.000000 | e:   1.000000 | Q:        nan | won: False 
#  234 | steps:  2733 | steps_t:     0 | t: 1.601092 | r:  -507.000000 | e:   1.000000 | Q:        nan | won: False 
#  235 | steps:  2750 | steps_t:     0 | t: 1.609092 | r:  -516.000000 | e:   1.000000 | Q:        nan | won: False 
#  236 | steps:  2758 | steps_t:     0 | t: 1.613092 | r:  -507.000000 | e:   1.000000 | Q:        nan | won: False 
#  237 | steps:  2768 | steps_t:     0 | t: 1.619093 | r:  -509.000000 | e:   1.000000 | Q:        nan | won: False 
#  238 | steps:  2779 | steps_t:     0 | t: 1.625093 | r:  -510.000000 | e:   1.000000 | Q:        nan | won: False 
#  239 | steps:  2799 | steps_t:     0 | t: 1.634094 | r:  -519.000000 | e:   1.000000 | Q:        nan | won: False 
#  240 | steps:  2808 | steps_t:     0 | t: 1.639094 | r:  -508.000000 | e:   1.000000 | Q:        nan | won: False 
#  241 | steps:  2818 | steps_t:     0 | t: 1.644094 | r:  -509.000000 | e:   1.000000 | Q:        nan | won: False 
#  242 | steps:  2840 | steps_t:     0 | t: 1.655095 | r:  -521.000000 | e:   1.000000 | Q:        nan | won: False 
#  243 | steps:  2848 | steps_t:     0 | t: 1.659095 | r:  -507.000000 | e:   1.000000 | Q:        nan | won: False 
#  244 | steps:  2856 | steps_t:     0 | t: 1.664095 | r:  -507.000000 | e:   1.000000 | Q:        nan | won: False 
#  245 | steps:  2870 | steps_t:     0 | t: 1.671095 | r:  -513.000000 | e:   1.000000 | Q:        nan | won: False 
#  246 | steps:  2878 | steps_t:     0 | t: 1.674096 | r:  -507.000000 | e:   1.000000 | Q:        nan | won: False 
#  247 | steps:  2890 | steps_t:     0 | t: 1.681096 | r:  -511.000000 | e:   1.000000 | Q:        nan | won: False 
#  248 | steps:  2900 | steps_t:     0 | t: 1.686096 | r:  -509.000000 | e:   1.000000 | Q:        nan | won: False 
#  249 | steps:  2909 | steps_t:     0 | t: 1.691097 | r:  -508.000000 | e:   1.000000 | Q:        nan | won: False 
#  250 | steps:  2917 | steps_t:     0 | t: 1.695097 | r:  -507.000000 | e:   1.000000 | Q:        nan | won: False 
#  251 | steps:  2924 | steps_t:     0 | t: 1.698097 | r:  -506.000000 | e:   1.000000 | Q:        nan | won: False 
#  252 | steps:  2935 | steps_t:     0 | t: 1.704098 | r:  -510.000000 | e:   1.000000 | Q:        nan | won: False 
#  253 | steps:  2950 | steps_t:     0 | t: 1.711098 | r:  -514.000000 | e:   1.000000 | Q:        nan | won: False 
#  254 | steps:  2956 | steps_t:     0 | t: 1.715098 | r:  -505.000000 | e:   1.000000 | Q:        nan | won: False 
#  255 | steps:  2966 | steps_t:     0 | t: 1.720098 | r:  -509.000000 | e:   1.000000 | Q:        nan | won: False 
#  256 | steps:  2981 | steps_t:     0 | t: 1.727099 | r:  -514.000000 | e:   1.000000 | Q:        nan | won: False 
#  257 | steps:  3005 | steps_t:     0 | t: 1.739100 | r:  -523.000000 | e:   1.000000 | Q:        nan | won: False 
#  258 | steps:  3012 | steps_t:     0 | t: 1.743100 | r:  -506.000000 | e:   1.000000 | Q:        nan | won: False 
#  259 | steps:  3019 | steps_t:     0 | t: 1.747100 | r:  -506.000000 | e:   1.000000 | Q:        nan | won: False 
#  260 | steps:  3026 | steps_t:     0 | t: 1.751100 | r:  -506.000000 | e:   1.000000 | Q:        nan | won: False 
#  261 | steps:  3033 | steps_t:     0 | t: 1.755100 | r:  -506.000000 | e:   1.000000 | Q:        nan | won: False 
#  262 | steps:  3045 | steps_t:     0 | t: 1.761101 | r:  -511.000000 | e:   1.000000 | Q:        nan | won: False 
#  263 | steps:  3054 | steps_t:     0 | t: 1.766101 | r:  -508.000000 | e:   1.000000 | Q:        nan | won: False 
#  264 | steps:  3063 | steps_t:     0 | t: 1.771101 | r:  -508.000000 | e:   1.000000 | Q:        nan | won: False 
#  265 | steps:  3078 | steps_t:     0 | t: 1.778102 | r:  -503.000000 | e:   1.000000 | Q:        nan | won: False 
#  266 | steps:  3085 | steps_t:     0 | t: 1.782102 | r:  -506.000000 | e:   1.000000 | Q:        nan | won: False 
#  267 | steps:  3100 | steps_t:     0 | t: 1.790102 | r:  -492.000000 | e:   1.000000 | Q:        nan | won: False 
#  268 | steps:  3110 | steps_t:     0 | t: 1.794102 | r:  -509.000000 | e:   1.000000 | Q:        nan | won: False 
#  269 | steps:  3116 | steps_t:     0 | t: 1.798103 | r:  -505.000000 | e:   1.000000 | Q:        nan | won: False 
#  270 | steps:  3133 | steps_t:     0 | t: 1.806103 | r:  -516.000000 | e:   1.000000 | Q:        nan | won: False 
#  271 | steps:  3141 | steps_t:     0 | t: 1.811104 | r:  -507.000000 | e:   1.000000 | Q:        nan | won: False 
#  272 | steps:  3147 | steps_t:     0 | t: 1.815104 | r:  -505.000000 | e:   1.000000 | Q:        nan | won: False 
#  273 | steps:  3155 | steps_t:     0 | t: 1.819104 | r:  -507.000000 | e:   1.000000 | Q:        nan | won: False 
#  274 | steps:  3165 | steps_t:     0 | t: 1.824104 | r:  -509.000000 | e:   1.000000 | Q:        nan | won: False 
#  275 | steps:  3170 | steps_t:     0 | t: 1.827104 | r:  -504.000000 | e:   1.000000 | Q:        nan | won: False 
#  276 | steps:  3190 | steps_t:     0 | t: 1.837105 | r:  -508.000000 | e:   1.000000 | Q:        nan | won: False 
#  277 | steps:  3197 | steps_t:     0 | t: 1.840105 | r:  -506.000000 | e:   1.000000 | Q:        nan | won: False 
#  278 | steps:  3205 | steps_t:     0 | t: 1.844105 | r:  -507.000000 | e:   1.000000 | Q:        nan | won: False 
#  279 | steps:  3217 | steps_t:     0 | t: 1.851106 | r:  -511.000000 | e:   1.000000 | Q:        nan | won: False 
#  280 | steps:  3225 | steps_t:     0 | t: 1.855106 | r:  -507.000000 | e:   1.000000 | Q:        nan | won: False 
#  281 | steps:  3233 | steps_t:     0 | t: 1.860106 | r:  -507.000000 | e:   1.000000 | Q:        nan | won: False 
#  282 | steps:  3239 | steps_t:     0 | t: 1.863106 | r:  -505.000000 | e:   1.000000 | Q:        nan | won: False 
#  283 | steps:  3258 | steps_t:     0 | t: 1.873107 | r:  -507.000000 | e:   1.000000 | Q:        nan | won: False 
#  284 | steps:  3266 | steps_t:     0 | t: 1.877107 | r:  -507.000000 | e:   1.000000 | Q:        nan | won: False 
#  285 | steps:  3278 | steps_t:     0 | t: 1.883108 | r:  -511.000000 | e:   1.000000 | Q:        nan | won: False 
#  286 | steps:  3288 | steps_t:     0 | t: 1.888108 | r:  -509.000000 | e:   1.000000 | Q:        nan | won: False 
#  287 | steps:  3298 | steps_t:     0 | t: 1.893108 | r:  -509.000000 | e:   1.000000 | Q:        nan | won: False 
#  288 | steps:  3304 | steps_t:     0 | t: 1.896108 | r:  -505.000000 | e:   1.000000 | Q:        nan | won: False 
#  289 | steps:  3310 | steps_t:     0 | t: 1.900109 | r:  -505.000000 | e:   1.000000 | Q:        nan | won: False 
#  290 | steps:  3323 | steps_t:     0 | t: 1.907109 | r:  -512.000000 | e:   1.000000 | Q:        nan | won: False 
#  291 | steps:  3333 | steps_t:     0 | t: 1.912110 | r:  -509.000000 | e:   1.000000 | Q:        nan | won: False 
#  292 | steps:  3340 | steps_t:     0 | t: 1.916110 | r:  -506.000000 | e:   1.000000 | Q:        nan | won: False 
#  293 | steps:  3352 | steps_t:     0 | t: 1.923110 | r:  -511.000000 | e:   1.000000 | Q:        nan | won: False 
#  294 | steps:  3360 | steps_t:     0 | t: 1.927110 | r:  -507.000000 | e:   1.000000 | Q:        nan | won: False 
#  295 | steps:  3379 | steps_t:     0 | t: 1.937111 | r:  -518.000000 | e:   1.000000 | Q:        nan | won: False 
#  296 | steps:  3386 | steps_t:     0 | t: 1.941111 | r:  -506.000000 | e:   1.000000 | Q:        nan | won: False 
#  297 | steps:  3396 | steps_t:     0 | t: 1.946111 | r:  -509.000000 | e:   1.000000 | Q:        nan | won: False 
#  298 | steps:  3407 | steps_t:     0 | t: 1.952111 | r:  -510.000000 | e:   1.000000 | Q:        nan | won: False 
#  299 | steps:  3419 | steps_t:     0 | t: 1.958112 | r:  -511.000000 | e:   1.000000 | Q:        nan | won: False 
#  300 | steps:  3429 | steps_t:     0 | t: 1.964112 | r:  -509.000000 | e:   1.000000 | Q:        nan | won: False 
#  301 | steps:  3440 | steps_t:     0 | t: 1.969112 | r:  -510.000000 | e:   1.000000 | Q:        nan | won: False 
#  302 | steps:  3453 | steps_t:     0 | t: 1.976113 | r:  -512.000000 | e:   1.000000 | Q:        nan | won: False 
#  303 | steps:  3462 | steps_t:     0 | t: 1.981113 | r:  -508.000000 | e:   1.000000 | Q:        nan | won: False 
#  304 | steps:  3469 | steps_t:     0 | t: 1.985114 | r:  -506.000000 | e:   1.000000 | Q:        nan | won: False 
#  305 | steps:  3479 | steps_t:     0 | t: 1.990114 | r:  -509.000000 | e:   1.000000 | Q:        nan | won: False 
#  306 | steps:  3488 | steps_t:     0 | t: 1.994114 | r:  -508.000000 | e:   1.000000 | Q:        nan | won: False 
#  307 | steps:  3498 | steps_t:     0 | t: 2.000114 | r:  -509.000000 | e:   1.000000 | Q:        nan | won: False 
#  308 | steps:  3506 | steps_t:     0 | t: 2.004115 | r:  -507.000000 | e:   1.000000 | Q:        nan | won: False 
#  309 | steps:  3513 | steps_t:     0 | t: 2.008115 | r:  -506.000000 | e:   1.000000 | Q:        nan | won: False 
#  310 | steps:  3526 | steps_t:     0 | t: 2.016115 | r:  -512.000000 | e:   1.000000 | Q:        nan | won: False 
#  311 | steps:  3535 | steps_t:     0 | t: 2.021116 | r:  -508.000000 | e:   1.000000 | Q:        nan | won: False 
#  312 | steps:  3543 | steps_t:     0 | t: 2.025116 | r:  -507.000000 | e:   1.000000 | Q:        nan | won: False 
#  313 | steps:  3554 | steps_t:     0 | t: 2.031116 | r:  -510.000000 | e:   1.000000 | Q:        nan | won: False 
#  314 | steps:  3566 | steps_t:     0 | t: 2.037117 | r:  -511.000000 | e:   1.000000 | Q:        nan | won: False 
#  315 | steps:  3575 | steps_t:     0 | t: 2.042117 | r:  -508.000000 | e:   1.000000 | Q:        nan | won: False 
#  316 | steps:  3583 | steps_t:     0 | t: 2.046117 | r:  -507.000000 | e:   1.000000 | Q:        nan | won: False 
#  317 | steps:  3592 | steps_t:     0 | t: 2.051117 | r:  -508.000000 | e:   1.000000 | Q:        nan | won: False 
#  318 | steps:  3601 | steps_t:     0 | t: 2.056118 | r:  -508.000000 | e:   1.000000 | Q:        nan | won: False 
#  319 | steps:  3610 | steps_t:     0 | t: 2.061118 | r:  -508.000000 | e:   1.000000 | Q:        nan | won: False 
#  320 | steps:  3623 | steps_t:     0 | t: 2.067118 | r:  -512.000000 | e:   1.000000 | Q:        nan | won: False 
#  321 | steps:  3634 | steps_t:     0 | t: 2.073119 | r:  -510.000000 | e:   1.000000 | Q:        nan | won: False 
#  322 | steps:  3640 | steps_t:     0 | t: 2.076119 | r:  -505.000000 | e:   1.000000 | Q:        nan | won: False 
#  323 | steps:  3650 | steps_t:     0 | t: 2.081119 | r:  -509.000000 | e:   1.000000 | Q:        nan | won: False 
#  324 | steps:  3663 | steps_t:     0 | t: 2.087119 | r:  -512.000000 | e:   1.000000 | Q:        nan | won: False 
#  325 | steps:  3669 | steps_t:     0 | t: 2.091120 | r:  -505.000000 | e:   1.000000 | Q:        nan | won: False 
#  326 | steps:  3687 | steps_t:     0 | t: 2.100120 | r:  -517.000000 | e:   1.000000 | Q:        nan | won: False 
#  327 | steps:  3705 | steps_t:     0 | t: 2.109121 | r:  -517.000000 | e:   1.000000 | Q:        nan | won: False 
#  328 | steps:  3714 | steps_t:     0 | t: 2.115121 | r:  -508.000000 | e:   1.000000 | Q:        nan | won: False 
#  329 | steps:  3727 | steps_t:     0 | t: 2.122121 | r:  -512.000000 | e:   1.000000 | Q:        nan | won: False 
#  330 | steps:  3738 | steps_t:     0 | t: 2.128122 | r:  -510.000000 | e:   1.000000 | Q:        nan | won: False 
#  331 | steps:  3744 | steps_t:     0 | t: 2.131122 | r:  -505.000000 | e:   1.000000 | Q:        nan | won: False 
#  332 | steps:  3755 | steps_t:     0 | t: 2.136122 | r:  -510.000000 | e:   1.000000 | Q:        nan | won: False 
#  333 | steps:  3764 | steps_t:     0 | t: 2.141123 | r:  -508.000000 | e:   1.000000 | Q:        nan | won: False 
#  334 | steps:  3772 | steps_t:     0 | t: 2.145123 | r:  -507.000000 | e:   1.000000 | Q:        nan | won: False 
#  335 | steps:  3779 | steps_t:     0 | t: 2.149123 | r:  -506.000000 | e:   1.000000 | Q:        nan | won: False 
#  336 | steps:  3787 | steps_t:     0 | t: 2.153123 | r:  -507.000000 | e:   1.000000 | Q:        nan | won: False 
#  337 | steps:  3796 | steps_t:     0 | t: 2.157123 | r:  -508.000000 | e:   1.000000 | Q:        nan | won: False 
#  338 | steps:  3810 | steps_t:     0 | t: 2.165124 | r:  -513.000000 | e:   1.000000 | Q:        nan | won: False 
#  339 | steps:  3816 | steps_t:     0 | t: 2.168124 | r:  -505.000000 | e:   1.000000 | Q:        nan | won: False 
#  340 | steps:  3823 | steps_t:     0 | t: 2.172124 | r:  -506.000000 | e:   1.000000 | Q:        nan | won: False 
#  341 | steps:  3830 | steps_t:     0 | t: 2.176125 | r:  -506.000000 | e:   1.000000 | Q:        nan | won: False 
#  342 | steps:  3850 | steps_t:     0 | t: 2.186125 | r:  -508.000000 | e:   1.000000 | Q:        nan | won: False 
#  343 | steps:  3857 | steps_t:     0 | t: 2.190125 | r:  -506.000000 | e:   1.000000 | Q:        nan | won: False 
#  344 | steps:  3866 | steps_t:     0 | t: 2.194125 | r:  -508.000000 | e:   1.000000 | Q:        nan | won: False 
#  345 | steps:  3871 | steps_t:     0 | t: 2.197126 | r:  -504.000000 | e:   1.000000 | Q:        nan | won: False 
#  346 | steps:  3880 | steps_t:     0 | t: 2.202126 | r:  -508.000000 | e:   1.000000 | Q:        nan | won: False 
#  347 | steps:  3887 | steps_t:     0 | t: 2.206126 | r:  -506.000000 | e:   1.000000 | Q:        nan | won: False 
#  348 | steps:  3909 | steps_t:     0 | t: 2.217127 | r:  -521.000000 | e:   1.000000 | Q:        nan | won: False 
#  349 | steps:  3920 | steps_t:     0 | t: 2.223127 | r:  -510.000000 | e:   1.000000 | Q:        nan | won: False 
#  350 | steps:  3942 | steps_t:     0 | t: 2.234128 | r:  -521.000000 | e:   1.000000 | Q:        nan | won: False 
#  351 | steps:  3948 | steps_t:     0 | t: 2.238128 | r:  -505.000000 | e:   1.000000 | Q:        nan | won: False 
#  352 | steps:  3967 | steps_t:     0 | t: 2.248129 | r:  -518.000000 | e:   1.000000 | Q:        nan | won: False 
#  353 | steps:  3976 | steps_t:     0 | t: 2.252129 | r:  -508.000000 | e:   1.000000 | Q:        nan | won: False 
#  354 | steps:  4001 | steps_t:     0 | t: 2.264129 | r:  -513.000000 | e:   1.000000 | Q:        nan | won: False 
#  355 | steps:  4011 | steps_t:     0 | t: 2.270130 | r:  -509.000000 | e:   1.000000 | Q:        nan | won: False 
#  356 | steps:  4021 | steps_t:     0 | t: 2.275130 | r:  -509.000000 | e:   1.000000 | Q:        nan | won: False 
#  357 | steps:  4030 | steps_t:     0 | t: 2.280130 | r:  -508.000000 | e:   1.000000 | Q:        nan | won: False 
#  358 | steps:  4040 | steps_t:     0 | t: 2.286131 | r:  -509.000000 | e:   1.000000 | Q:        nan | won: False 
#  359 | steps:  4051 | steps_t:     0 | t: 2.291131 | r:  -510.000000 | e:   1.000000 | Q:        nan | won: False 
#  360 | steps:  4057 | steps_t:     0 | t: 2.294131 | r:  -505.000000 | e:   1.000000 | Q:        nan | won: False 
#  361 | steps:  4066 | steps_t:     0 | t: 2.300132 | r:  -508.000000 | e:   1.000000 | Q:        nan | won: False 
#  362 | steps:  4078 | steps_t:     0 | t: 2.306132 | r:  -511.000000 | e:   1.000000 | Q:        nan | won: False 
#  363 | steps:  4094 | steps_t:     0 | t: 2.315132 | r:  -515.000000 | e:   1.000000 | Q:        nan | won: False 
#  364 | steps:  4111 | steps_t:     0 | t: 2.351134 | r:  -516.000000 | e:   1.000000 | Q:        nan | won: False 
#  365 | steps:  4119 | steps_t:     0 | t: 2.355135 | r:  -507.000000 | e:   1.000000 | Q:        nan | won: False 
#  366 | steps:  4133 | steps_t:     0 | t: 2.363135 | r:  -513.000000 | e:   1.000000 | Q:        nan | won: False 
#  367 | steps:  4148 | steps_t:     0 | t: 2.370136 | r:  -514.000000 | e:   1.000000 | Q:        nan | won: False 
#  368 | steps:  4155 | steps_t:     0 | t: 2.375136 | r:  -506.000000 | e:   1.000000 | Q:        nan | won: False 
#  369 | steps:  4161 | steps_t:     0 | t: 2.378136 | r:  -505.000000 | e:   1.000000 | Q:        nan | won: False 
#  370 | steps:  4175 | steps_t:     0 | t: 2.385136 | r:  -513.000000 | e:   1.000000 | Q:        nan | won: False 
#  371 | steps:  4181 | steps_t:     0 | t: 2.388137 | r:  -505.000000 | e:   1.000000 | Q:        nan | won: False 
#  372 | steps:  4190 | steps_t:     0 | t: 2.393137 | r:  -508.000000 | e:   1.000000 | Q:        nan | won: False 
#  373 | steps:  4197 | steps_t:     0 | t: 2.397137 | r:  -506.000000 | e:   1.000000 | Q:        nan | won: False 
#  374 | steps:  4207 | steps_t:     0 | t: 2.402137 | r:  -509.000000 | e:   1.000000 | Q:        nan | won: False 
#  375 | steps:  4213 | steps_t:     0 | t: 2.405138 | r:  -505.000000 | e:   1.000000 | Q:        nan | won: False 
#  376 | steps:  4223 | steps_t:     0 | t: 2.410138 | r:  -509.000000 | e:   1.000000 | Q:        nan | won: False 
#  377 | steps:  4233 | steps_t:     0 | t: 2.416138 | r:  -509.000000 | e:   1.000000 | Q:        nan | won: False 
#  378 | steps:  4243 | steps_t:     0 | t: 2.421138 | r:  -509.000000 | e:   1.000000 | Q:        nan | won: False 
#  379 | steps:  4252 | steps_t:     0 | t: 2.426139 | r:  -508.000000 | e:   1.000000 | Q:        nan | won: False 
#  380 | steps:  4259 | steps_t:     0 | t: 2.430139 | r:  -506.000000 | e:   1.000000 | Q:        nan | won: False 
#  381 | steps:  4270 | steps_t:     0 | t: 2.437139 | r:  -510.000000 | e:   1.000000 | Q:        nan | won: False 
#  382 | steps:  4278 | steps_t:     0 | t: 2.441140 | r:  -507.000000 | e:   1.000000 | Q:        nan | won: False 
#  383 | steps:  4288 | steps_t:     0 | t: 2.447140 | r:  -509.000000 | e:   1.000000 | Q:        nan | won: False 
#  384 | steps:  4294 | steps_t:     0 | t: 2.450140 | r:  -505.000000 | e:   1.000000 | Q:        nan | won: False 
#  385 | steps:  4311 | steps_t:     0 | t: 2.458141 | r:  -516.000000 | e:   1.000000 | Q:        nan | won: False 
#  386 | steps:  4320 | steps_t:     0 | t: 2.463141 | r:  -508.000000 | e:   1.000000 | Q:        nan | won: False 
#  387 | steps:  4329 | steps_t:     0 | t: 2.468141 | r:  -508.000000 | e:   1.000000 | Q:        nan | won: False 
#  388 | steps:  4335 | steps_t:     0 | t: 2.471141 | r:  -505.000000 | e:   1.000000 | Q:        nan | won: False 
#  389 | steps:  4346 | steps_t:     0 | t: 2.477142 | r:  -510.000000 | e:   1.000000 | Q:        nan | won: False 
#  390 | steps:  4356 | steps_t:     0 | t: 2.483142 | r:  -509.000000 | e:   1.000000 | Q:        nan | won: False 
#  391 | steps:  4367 | steps_t:     0 | t: 2.488142 | r:  -510.000000 | e:   1.000000 | Q:        nan | won: False 
#  392 | steps:  4376 | steps_t:     0 | t: 2.493142 | r:  -508.000000 | e:   1.000000 | Q:        nan | won: False 
#  393 | steps:  4383 | steps_t:     0 | t: 2.498143 | r:  -506.000000 | e:   1.000000 | Q:        nan | won: False 
#  394 | steps:  4389 | steps_t:     0 | t: 2.501143 | r:  -505.000000 | e:   1.000000 | Q:        nan | won: False 
#  395 | steps:  4400 | steps_t:     0 | t: 2.506143 | r:  -510.000000 | e:   1.000000 | Q:        nan | won: False 
#  396 | steps:  4409 | steps_t:     0 | t: 2.511144 | r:  -508.000000 | e:   1.000000 | Q:        nan | won: False 
#  397 | steps:  4425 | steps_t:     0 | t: 2.519144 | r:  -515.000000 | e:   1.000000 | Q:        nan | won: False 
#  398 | steps:  4436 | steps_t:     0 | t: 2.525145 | r:  -510.000000 | e:   1.000000 | Q:        nan | won: False 
#  399 | steps:  4448 | steps_t:     0 | t: 2.531145 | r:  -511.000000 | e:   1.000000 | Q:        nan | won: False 
#  400 | steps:  4456 | steps_t:     0 | t: 2.535145 | r:  -507.000000 | e:   1.000000 | Q:        nan | won: False 
#  401 | steps:  4463 | steps_t:     0 | t: 2.539145 | r:  -506.000000 | e:   1.000000 | Q:        nan | won: False 
#  402 | steps:  4470 | steps_t:     0 | t: 2.542145 | r:  -506.000000 | e:   1.000000 | Q:        nan | won: False 
#  403 | steps:  4476 | steps_t:     0 | t: 2.546145 | r:  -505.000000 | e:   1.000000 | Q:        nan | won: False 
#  404 | steps:  4481 | steps_t:     0 | t: 2.549146 | r:  -504.000000 | e:   1.000000 | Q:        nan | won: False 
#  405 | steps:  4492 | steps_t:     0 | t: 2.554146 | r:  -510.000000 | e:   1.000000 | Q:        nan | won: False 
#  406 | steps:  4498 | steps_t:     0 | t: 2.558146 | r:  -505.000000 | e:   1.000000 | Q:        nan | won: False 
#  407 | steps:  4506 | steps_t:     0 | t: 2.562146 | r:  -507.000000 | e:   1.000000 | Q:        nan | won: False 
#  408 | steps:  4512 | steps_t:     0 | t: 2.566147 | r:  -505.000000 | e:   1.000000 | Q:        nan | won: False 
#  409 | steps:  4529 | steps_t:     0 | t: 2.574147 | r:  -516.000000 | e:   1.000000 | Q:        nan | won: False 
#  410 | steps:  4546 | steps_t:     0 | t: 2.583148 | r:  -516.000000 | e:   1.000000 | Q:        nan | won: False 
#  411 | steps:  4564 | steps_t:     0 | t: 2.592148 | r:  -506.000000 | e:   1.000000 | Q:        nan | won: False 
#  412 | steps:  4582 | steps_t:     0 | t: 2.601149 | r:  -517.000000 | e:   1.000000 | Q:        nan | won: False 
#  413 | steps:  4592 | steps_t:     0 | t: 2.606149 | r:  -509.000000 | e:   1.000000 | Q:        nan | won: False 
#  414 | steps:  4600 | steps_t:     0 | t: 2.610149 | r:  -507.000000 | e:   1.000000 | Q:        nan | won: False 
#  415 | steps:  4608 | steps_t:     0 | t: 2.615149 | r:  -507.000000 | e:   1.000000 | Q:        nan | won: False 
#  416 | steps:  4625 | steps_t:     0 | t: 2.624150 | r:  -516.000000 | e:   1.000000 | Q:        nan | won: False 
#  417 | steps:  4639 | steps_t:     0 | t: 2.631150 | r:  -502.000000 | e:   1.000000 | Q:        nan | won: False 
#  418 | steps:  4649 | steps_t:     0 | t: 2.636151 | r:  -509.000000 | e:   1.000000 | Q:        nan | won: False 
#  419 | steps:  4656 | steps_t:     0 | t: 2.639151 | r:  -506.000000 | e:   1.000000 | Q:        nan | won: False 
#  420 | steps:  4668 | steps_t:     0 | t: 2.645151 | r:  -511.000000 | e:   1.000000 | Q:        nan | won: False 
#  421 | steps:  4682 | steps_t:     0 | t: 2.653152 | r:  -513.000000 | e:   1.000000 | Q:        nan | won: False 
#  422 | steps:  4689 | steps_t:     0 | t: 2.657152 | r:  -506.000000 | e:   1.000000 | Q:        nan | won: False 
#  423 | steps:  4702 | steps_t:     0 | t: 2.663152 | r:  -512.000000 | e:   1.000000 | Q:        nan | won: False 
#  424 | steps:  4712 | steps_t:     0 | t: 2.668153 | r:  -509.000000 | e:   1.000000 | Q:        nan | won: False 
#  425 | steps:  4721 | steps_t:     0 | t: 2.673153 | r:  -508.000000 | e:   1.000000 | Q:        nan | won: False 
#  426 | steps:  4731 | steps_t:     0 | t: 2.678153 | r:  -509.000000 | e:   1.000000 | Q:        nan | won: False 
#  427 | steps:  4743 | steps_t:     0 | t: 2.685153 | r:  -511.000000 | e:   1.000000 | Q:        nan | won: False 
#  428 | steps:  4749 | steps_t:     0 | t: 2.688154 | r:  -505.000000 | e:   1.000000 | Q:        nan | won: False 
#  429 | steps:  4758 | steps_t:     0 | t: 2.693154 | r:  -508.000000 | e:   1.000000 | Q:        nan | won: False 
#  430 | steps:  4768 | steps_t:     0 | t: 2.698154 | r:  -509.000000 | e:   1.000000 | Q:        nan | won: False 
#  431 | steps:  4779 | steps_t:     0 | t: 2.704155 | r:  -510.000000 | e:   1.000000 | Q:        nan | won: False 
#  432 | steps:  4788 | steps_t:     0 | t: 2.709155 | r:  -508.000000 | e:   1.000000 | Q:        nan | won: False 
#  433 | steps:  4794 | steps_t:     0 | t: 2.712155 | r:  -505.000000 | e:   1.000000 | Q:        nan | won: False 
#  434 | steps:  4805 | steps_t:     0 | t: 2.719155 | r:  -510.000000 | e:   1.000000 | Q:        nan | won: False 
#  435 | steps:  4813 | steps_t:     0 | t: 2.723156 | r:  -507.000000 | e:   1.000000 | Q:        nan | won: False 
#  436 | steps:  4819 | steps_t:     0 | t: 2.726156 | r:  -505.000000 | e:   1.000000 | Q:        nan | won: False 
#  437 | steps:  4840 | steps_t:     0 | t: 2.737157 | r:  -520.000000 | e:   1.000000 | Q:        nan | won: False 
#  438 | steps:  4848 | steps_t:     0 | t: 2.741157 | r:  -507.000000 | e:   1.000000 | Q:        nan | won: False 
#  439 | steps:  4856 | steps_t:     0 | t: 2.746157 | r:  -507.000000 | e:   1.000000 | Q:        nan | won: False 
#  440 | steps:  4867 | steps_t:     0 | t: 2.752157 | r:  -510.000000 | e:   1.000000 | Q:        nan | won: False 
#  441 | steps:  4873 | steps_t:     0 | t: 2.755158 | r:  -505.000000 | e:   1.000000 | Q:        nan | won: False 
#  442 | steps:  4881 | steps_t:     0 | t: 2.759158 | r:  -507.000000 | e:   1.000000 | Q:        nan | won: False 
#  443 | steps:  4890 | steps_t:     0 | t: 2.764158 | r:  -508.000000 | e:   1.000000 | Q:        nan | won: False 
#  444 | steps:  4911 | steps_t:     0 | t: 2.775159 | r:  -520.000000 | e:   1.000000 | Q:        nan | won: False 
#  445 | steps:  4928 | steps_t:     0 | t: 2.783159 | r:  -516.000000 | e:   1.000000 | Q:        nan | won: False 
#  446 | steps:  4937 | steps_t:     0 | t: 2.788159 | r:  -508.000000 | e:   1.000000 | Q:        nan | won: False 
#  447 | steps:  4956 | steps_t:     0 | t: 2.800160 | r:  -518.000000 | e:   1.000000 | Q:        nan | won: False 
#  448 | steps:  4965 | steps_t:     0 | t: 2.804160 | r:  -508.000000 | e:   1.000000 | Q:        nan | won: False 
#  449 | steps:  4972 | steps_t:     0 | t: 2.808161 | r:  -506.000000 | e:   1.000000 | Q:        nan | won: False 
#  450 | steps:  4979 | steps_t:     0 | t: 2.812161 | r:  -506.000000 | e:   1.000000 | Q:        nan | won: False 
#  451 | steps:  4990 | steps_t:     0 | t: 2.818161 | r:  -510.000000 | e:   1.000000 | Q:        nan | won: False 
#  452 | steps:  5002 | steps_t:     0 | t: 2.918167 | r:  -511.000000 | e:   1.000000 | Q:        nan | won: False 
#  453 | steps:  5019 | steps_t:    16 | t: 3.070176 | r:  -516.000000 | e:   0.998400 | Q:        nan | won: False 
#  454 | steps:  5025 | steps_t:    21 | t: 3.119179 | r:  -505.000000 | e:   0.997900 | Q:        nan | won: False 
#  455 | steps:  5040 | steps_t:    35 | t: 3.251186 | r:  -503.000000 | e:   0.996500 | Q:        nan | won: False 
#  456 | steps:  5047 | steps_t:    41 | t: 3.308189 | r:  -506.000000 | e:   0.995900 | Q:        nan | won: False 
#  457 | steps:  5053 | steps_t:    46 | t: 3.355192 | r:  -505.000000 | e:   0.995400 | Q:        nan | won: False 
#  458 | steps:  5066 | steps_t:    58 | t: 3.468198 | r:  -512.000000 | e:   0.994200 | Q:        nan | won: False 
#  459 | steps:  5075 | steps_t:    66 | t: 3.544203 | r:  -508.000000 | e:   0.993400 | Q:        nan | won: False 
#  460 | steps:  5082 | steps_t:    72 | t: 3.601206 | r:  -506.000000 | e:   0.992800 | Q:        nan | won: False 
#  461 | steps:  5090 | steps_t:    79 | t: 3.668210 | r:  -507.000000 | e:   0.992100 | Q:        nan | won: False 
#  462 | steps:  5099 | steps_t:    87 | t: 3.743214 | r:  -508.000000 | e:   0.991300 | Q:        nan | won: False 
#  463 | steps:  5105 | steps_t:    92 | t: 3.790217 | r:  -505.000000 | e:   0.990800 | Q:        nan | won: False 
#  464 | steps:  5113 | steps_t:    99 | t: 3.858221 | r:  -507.000000 | e:   0.990100 | Q:        nan | won: False 
#  465 | steps:  5123 | steps_t:   108 | t: 3.942226 | r:  -509.000000 | e:   0.989200 | Q:        nan | won: False 
#  466 | steps:  5136 | steps_t:   120 | t: 4.054232 | r:  -512.000000 | e:   0.988000 | Q:        nan | won: False 
#  467 | steps:  5144 | steps_t:   127 | t: 4.209241 | r:  -507.000000 | e:   0.987300 | Q: -212.078522 | won: False 
#  468 | steps:  5150 | steps_t:   132 | t: 4.261244 | r:  -505.000000 | e:   0.986800 | Q:        nan | won: False 
#  469 | steps:  5159 | steps_t:   140 | t: 4.336248 | r:  -508.000000 | e:   0.986000 | Q:        nan | won: False 
#  470 | steps:  5169 | steps_t:   149 | t: 4.421253 | r:  -509.000000 | e:   0.985100 | Q:        nan | won: False 
#  471 | steps:  5207 | steps_t:   186 | t: 4.763272 | r:  -526.000000 | e:   0.981400 | Q: -305.503998 | won: False 
#  472 | steps:  5214 | steps_t:   192 | t: 4.821275 | r:  -506.000000 | e:   0.980800 | Q:        nan | won: False 
#  473 | steps:  5235 | steps_t:   212 | t: 5.006286 | r:  -520.000000 | e:   0.978800 | Q:        nan | won: False 
#  474 | steps:  5244 | steps_t:   220 | t: 5.083291 | r:  -508.000000 | e:   0.978000 | Q: -334.262787 | won: False 
#  475 | steps:  5264 | steps_t:   239 | t: 5.256300 | r:  -519.000000 | e:   0.976100 | Q:        nan | won: False 
#  476 | steps:  5275 | steps_t:   249 | t: 5.349306 | r:  -510.000000 | e:   0.975100 | Q:        nan | won: False 
#  477 | steps:  5284 | steps_t:   257 | t: 5.423310 | r:  -508.000000 | e:   0.974300 | Q:        nan | won: False 
#  478 | steps:  5298 | steps_t:   270 | t: 5.543317 | r:  -513.000000 | e:   0.973000 | Q:        nan | won: False 
#  479 | steps:  5306 | steps_t:   277 | t: 5.608321 | r:  -507.000000 | e:   0.972300 | Q:        nan | won: False 
#  480 | steps:  5316 | steps_t:   286 | t: 5.689326 | r:  -509.000000 | e:   0.971400 | Q:        nan | won: False 
#  481 | steps:  5328 | steps_t:   297 | t: 5.790331 | r:  -511.000000 | e:   0.970300 | Q:        nan | won: False 
#  482 | steps:  5337 | steps_t:   305 | t: 5.864335 | r:  -508.000000 | e:   0.969500 | Q:        nan | won: False 
#  483 | steps:  5347 | steps_t:   314 | t: 5.946340 | r:  -509.000000 | e:   0.968600 | Q:        nan | won: False 
#  484 | steps:  5355 | steps_t:   321 | t: 6.021344 | r:  -507.000000 | e:   0.967900 | Q: -319.045563 | won: False 
#  485 | steps:  5372 | steps_t:   337 | t: 6.207355 | r:  -516.000000 | e:   0.966300 | Q: -316.107666 | won: False 
#  486 | steps:  5379 | steps_t:   343 | t: 6.275359 | r:  -506.000000 | e:   0.965700 | Q: -318.320892 | won: False 
#  487 | steps:  5386 | steps_t:   349 | t: 6.329362 | r:  -506.000000 | e:   0.965100 | Q:        nan | won: False 
#  488 | steps:  5394 | steps_t:   356 | t: 6.393366 | r:  -507.000000 | e:   0.964400 | Q:        nan | won: False 
#  489 | steps:  5404 | steps_t:   365 | t: 6.474370 | r:  -509.000000 | e:   0.963500 | Q:        nan | won: False 
#  490 | steps:  5415 | steps_t:   375 | t: 6.564375 | r:  -510.000000 | e:   0.962500 | Q:        nan | won: False 
#  491 | steps:  5424 | steps_t:   383 | t: 6.635379 | r:  -508.000000 | e:   0.961700 | Q:        nan | won: False 
#  492 | steps:  5444 | steps_t:   402 | t: 6.805389 | r:  -519.000000 | e:   0.959800 | Q:        nan | won: False 
#  493 | steps:  5459 | steps_t:   416 | t: 6.933397 | r:  -492.000000 | e:   0.958400 | Q: -327.631958 | won: False 
#  494 | steps:  5481 | steps_t:   437 | t: 7.122407 | r:  -521.000000 | e:   0.956300 | Q:        nan | won: False 
#  495 | steps:  5488 | steps_t:   443 | t: 7.179411 | r:  -506.000000 | e:   0.955700 | Q:        nan | won: False 
#  496 | steps:  5496 | steps_t:   450 | t: 7.244414 | r:  -507.000000 | e:   0.955000 | Q:        nan | won: False 
#  497 | steps:  5508 | steps_t:   461 | t: 7.343420 | r:  -511.000000 | e:   0.953900 | Q:        nan | won: False 
#  498 | steps:  5515 | steps_t:   467 | t: 7.397423 | r:  -506.000000 | e:   0.953300 | Q:        nan | won: False 
#  499 | steps:  5538 | steps_t:   489 | t: 7.601435 | r:  -522.000000 | e:   0.951100 | Q: -277.701538 | won: False 
#  500 | steps:  5546 | steps_t:   496 | t: 7.666439 | r:  -507.000000 | e:   0.950400 | Q: -274.100433 | won: False 
#  501 | steps:  5553 | steps_t:   502 | t: 7.721442 | r:  -506.000000 | e:   0.949800 | Q:        nan | won: False 
#  502 | steps:  5567 | steps_t:   515 | t: 7.841448 | r:  -513.000000 | e:   0.948500 | Q:        nan | won: False 
#  503 | steps:  5593 | steps_t:   540 | t: 8.066461 | r:  -514.000000 | e:   0.946000 | Q: -320.302734 | won: False 
#  504 | steps:  5601 | steps_t:   547 | t: 8.136465 | r:  -507.000000 | e:   0.945300 | Q: -333.090240 | won: False 
#  505 | steps:  5612 | steps_t:   557 | t: 8.230471 | r:  -510.000000 | e:   0.944300 | Q:        nan | won: False 
#  506 | steps:  5622 | steps_t:   566 | t: 8.315476 | r:  -509.000000 | e:   0.943400 | Q: -313.179230 | won: False 
#  507 | steps:  5645 | steps_t:   588 | t: 8.513487 | r:  -522.000000 | e:   0.941200 | Q:        nan | won: False 
#  508 | steps:  5654 | steps_t:   596 | t: 8.585491 | r:  -508.000000 | e:   0.940400 | Q:        nan | won: False 
#  509 | steps:  5662 | steps_t:   603 | t: 8.649495 | r:  -507.000000 | e:   0.939700 | Q:        nan | won: False 
#  510 | steps:  5675 | steps_t:   615 | t: 8.755501 | r:  -512.000000 | e:   0.938500 | Q:        nan | won: False 
#  511 | steps:  5681 | steps_t:   620 | t: 8.802503 | r:  -505.000000 | e:   0.938000 | Q:        nan | won: False 
#  512 | steps:  5689 | steps_t:   627 | t: 8.868507 | r:  -507.000000 | e:   0.937300 | Q:        nan | won: False 
#  513 | steps:  5708 | steps_t:   645 | t: 9.048517 | r:  -518.000000 | e:   0.935500 | Q:        nan | won: False 
#  514 | steps:  5715 | steps_t:   651 | t: 9.110521 | r:  -506.000000 | e:   0.934900 | Q:        nan | won: False 
#  515 | steps:  5722 | steps_t:   657 | t: 9.172524 | r:  -506.000000 | e:   0.934300 | Q:        nan | won: False 
#  516 | steps:  5728 | steps_t:   662 | t: 9.226528 | r:  -505.000000 | e:   0.933800 | Q:        nan | won: False 
#  517 | steps:  5741 | steps_t:   674 | t: 9.350535 | r:  -512.000000 | e:   0.932600 | Q: -316.191956 | won: False 
#  518 | steps:  5753 | steps_t:   685 | t: 9.469542 | r:  -511.000000 | e:   0.931500 | Q: -306.411652 | won: False 
#  519 | steps:  5764 | steps_t:   695 | t: 9.575548 | r:  -510.000000 | e:   0.930500 | Q: -298.738739 | won: False 
#  520 | steps:  5783 | steps_t:   713 | t: 9.761558 | r:  -518.000000 | e:   0.928700 | Q: -286.927368 | won: False 
#  521 | steps:  5790 | steps_t:   719 | t: 9.826562 | r:  -506.000000 | e:   0.928100 | Q: -288.594238 | won: False 
#  522 | steps:  5799 | steps_t:   727 | t: 9.912567 | r:  -508.000000 | e:   0.927300 | Q:        nan | won: False 
#  523 | steps:  5805 | steps_t:   732 | t: 9.967570 | r:  -505.000000 | e:   0.926800 | Q: -294.209625 | won: False 
#  524 | steps:  5830 | steps_t:   756 | t: 10.213584 | r:  -524.000000 | e:   0.924400 | Q: -297.392151 | won: False 
#  525 | steps:  5838 | steps_t:   763 | t: 10.286588 | r:  -507.000000 | e:   0.923700 | Q: -307.419373 | won: False 
#  526 | steps:  5847 | steps_t:   771 | t: 10.368593 | r:  -508.000000 | e:   0.922900 | Q:        nan | won: False 
#  527 | steps:  5860 | steps_t:   783 | t: 10.494600 | r:  -512.000000 | e:   0.921700 | Q:        nan | won: False 
#  528 | steps:  5871 | steps_t:   793 | t: 10.599606 | r:  -510.000000 | e:   0.920700 | Q: -291.049286 | won: False 
#  529 | steps:  5878 | steps_t:   799 | t: 10.663610 | r:  -506.000000 | e:   0.920100 | Q:        nan | won: False 
#  530 | steps:  5894 | steps_t:   814 | t: 10.814619 | r:  -504.000000 | e:   0.918600 | Q:        nan | won: False 
#  531 | steps:  5905 | steps_t:   824 | t: 10.920624 | r:  -510.000000 | e:   0.917600 | Q:        nan | won: False 
#  532 | steps:  5915 | steps_t:   833 | t: 11.012630 | r:  -509.000000 | e:   0.916700 | Q: -287.092102 | won: False 
#  533 | steps:  5926 | steps_t:   843 | t: 11.114636 | r:  -510.000000 | e:   0.915700 | Q:        nan | won: False 
#  534 | steps:  5938 | steps_t:   854 | t: 11.226642 | r:  -511.000000 | e:   0.914600 | Q: -266.922302 | won: False 
#  535 | steps:  5944 | steps_t:   859 | t: 11.278645 | r:  -505.000000 | e:   0.914100 | Q:        nan | won: False 
#  536 | steps:  5954 | steps_t:   868 | t: 11.382651 | r:  -509.000000 | e:   0.913200 | Q: -284.805695 | won: False 
#  537 | steps:  5998 | steps_t:   911 | t: 11.850678 | r:  -543.000000 | e:   0.908900 | Q: -312.067566 | won: False 
#  538 | steps:  6007 | steps_t:   919 | t: 11.927682 | r:  -508.000000 | e:   0.908100 | Q:        nan | won: False 
#  539 | steps:  6013 | steps_t:   924 | t: 11.973685 | r:  -505.000000 | e:   0.907600 | Q: -307.839935 | won: False 
#  540 | steps:  6030 | steps_t:   940 | t: 12.122693 | r:  -516.000000 | e:   0.906000 | Q:        nan | won: False 
#  541 | steps:  6039 | steps_t:   948 | t: 12.201698 | r:  -508.000000 | e:   0.905200 | Q: -304.363342 | won: False 
#  542 | steps:  6055 | steps_t:   963 | t: 12.341706 | r:  -515.000000 | e:   0.903700 | Q: -303.524323 | won: False 
#  543 | steps:  6063 | steps_t:   970 | t: 12.405710 | r:  -507.000000 | e:   0.903000 | Q:        nan | won: False 
#  544 | steps:  6070 | steps_t:   976 | t: 12.461713 | r:  -506.000000 | e:   0.902400 | Q: -314.997772 | won: False 
#  545 | steps:  6086 | steps_t:   991 | t: 12.594720 | r:  -515.000000 | e:   0.900900 | Q:        nan | won: False 
#  546 | steps:  6112 | steps_t:  1016 | t: 12.819733 | r:  -525.000000 | e:   0.898400 | Q: -327.184845 | won: False 
#  547 | steps:  6127 | steps_t:  1030 | t: 12.950741 | r:  -514.000000 | e:   0.897000 | Q: -339.527100 | won: False 
#  548 | steps:  6138 | steps_t:  1040 | t: 13.041746 | r:  -510.000000 | e:   0.896000 | Q: -341.258545 | won: False 
#  549 | steps:  6144 | steps_t:  1045 | t: 13.088748 | r:  -505.000000 | e:   0.895500 | Q: -335.783417 | won: False 
#  550 | steps:  6153 | steps_t:  1053 | t: 13.164753 | r:  -508.000000 | e:   0.894700 | Q: -326.988007 | won: False 
#  551 | steps:  6165 | steps_t:  1064 | t: 13.267759 | r:  -511.000000 | e:   0.893600 | Q: -308.765015 | won: False 
#  552 | steps:  6181 | steps_t:  1079 | t: 13.403766 | r:  -504.000000 | e:   0.892100 | Q: -290.824097 | won: False 
#  553 | steps:  6206 | steps_t:  1103 | t: 13.618779 | r:  -524.000000 | e:   0.889700 | Q: -276.135284 | won: False 
#  554 | steps:  6216 | steps_t:  1112 | t: 13.701784 | r:  -509.000000 | e:   0.888800 | Q: -274.090179 | won: False 
#  555 | steps:  6224 | steps_t:  1119 | t: 13.769788 | r:  -507.000000 | e:   0.888100 | Q: -295.000153 | won: False 
#  556 | steps:  6236 | steps_t:  1130 | t: 13.870793 | r:  -511.000000 | e:   0.887000 | Q: -325.392944 | won: False 
#  557 | steps:  6249 | steps_t:  1142 | t: 13.977799 | r:  -512.000000 | e:   0.885800 | Q:        nan | won: False 
#  558 | steps:  6257 | steps_t:  1149 | t: 14.043803 | r:  -507.000000 | e:   0.885100 | Q: -324.922089 | won: False 
#  559 | steps:  6277 | steps_t:  1168 | t: 14.214813 | r:  -519.000000 | e:   0.883200 | Q: -314.890686 | won: False 
#  560 | steps:  6288 | steps_t:  1178 | t: 14.308818 | r:  -510.000000 | e:   0.882200 | Q: -332.298767 | won: False 
#  561 | steps:  6293 | steps_t:  1182 | t: 14.346821 | r:  -504.000000 | e:   0.881800 | Q:        nan | won: False 
#  562 | steps:  6300 | steps_t:  1188 | t: 14.404824 | r:  -506.000000 | e:   0.881200 | Q: -317.831482 | won: False 
#  563 | steps:  6323 | steps_t:  1210 | t: 14.600835 | r:  -522.000000 | e:   0.879000 | Q: -318.997040 | won: False 
#  564 | steps:  6331 | steps_t:  1217 | t: 14.685840 | r:  -507.000000 | e:   0.878300 | Q:        nan | won: False 
#  565 | steps:  6345 | steps_t:  1230 | t: 14.812847 | r:  -513.000000 | e:   0.877000 | Q: -329.970276 | won: False 
#  566 | steps:  6356 | steps_t:  1240 | t: 14.910853 | r:  -510.000000 | e:   0.876000 | Q: -353.206543 | won: False 
#  567 | steps:  6365 | steps_t:  1248 | t: 14.988857 | r:  -508.000000 | e:   0.875200 | Q: -351.791718 | won: False 
#  568 | steps:  6375 | steps_t:  1257 | t: 15.072862 | r:  -509.000000 | e:   0.874300 | Q: -330.119446 | won: False 
#  569 | steps:  6385 | steps_t:  1266 | t: 15.156867 | r:  -509.000000 | e:   0.873400 | Q: -335.014404 | won: False 
#  570 | steps:  6391 | steps_t:  1271 | t: 15.203870 | r:  -505.000000 | e:   0.872900 | Q: -322.713318 | won: False 
#  571 | steps:  6405 | steps_t:  1284 | t: 15.321876 | r:  -513.000000 | e:   0.871600 | Q: -303.597931 | won: False 
#  572 | steps:  6416 | steps_t:  1294 | t: 15.414882 | r:  -510.000000 | e:   0.870600 | Q:        nan | won: False 
#  573 | steps:  6425 | steps_t:  1302 | t: 15.489886 | r:  -508.000000 | e:   0.869800 | Q: -304.961914 | won: False 
#  574 | steps:  6447 | steps_t:  1323 | t: 15.681897 | r:  -521.000000 | e:   0.867700 | Q: -307.243439 | won: False 
#  575 | steps:  6459 | steps_t:  1334 | t: 15.781903 | r:  -511.000000 | e:   0.866600 | Q: -308.438171 | won: False 
#  576 | steps:  6465 | steps_t:  1339 | t: 15.829905 | r:  -505.000000 | e:   0.866100 | Q: -289.745209 | won: False 
#  577 | steps:  6486 | steps_t:  1359 | t: 16.014916 | r:  -520.000000 | e:   0.864100 | Q: -294.316101 | won: False 
#  578 | steps:  6507 | steps_t:  1379 | t: 16.200927 | r:  -520.000000 | e:   0.862100 | Q: -308.521973 | won: False 
#  579 | steps:  6518 | steps_t:  1389 | t: 16.294932 | r:  -510.000000 | e:   0.861100 | Q: -311.611786 | won: False 
#  580 | steps:  6526 | steps_t:  1396 | t: 16.358936 | r:  -507.000000 | e:   0.860400 | Q:        nan | won: False 
#  581 | steps:  6537 | steps_t:  1406 | t: 16.450941 | r:  -510.000000 | e:   0.859400 | Q: -304.756805 | won: False 
#  582 | steps:  6548 | steps_t:  1416 | t: 16.549947 | r:  -510.000000 | e:   0.858400 | Q: -311.542053 | won: False 
#  583 | steps:  6555 | steps_t:  1422 | t: 16.606950 | r:  -506.000000 | e:   0.857800 | Q:        nan | won: False 
#  584 | steps:  6567 | steps_t:  1433 | t: 16.729957 | r:  -511.000000 | e:   0.856700 | Q: -338.463470 | won: False 
#  585 | steps:  6579 | steps_t:  1444 | t: 16.856964 | r:  -511.000000 | e:   0.855600 | Q: -322.715210 | won: False 
#  586 | steps:  6587 | steps_t:  1451 | t: 16.936969 | r:  -507.000000 | e:   0.854900 | Q: -306.074524 | won: False 
#  587 | steps:  6596 | steps_t:  1459 | t: 17.012973 | r:  -508.000000 | e:   0.854100 | Q: -324.968201 | won: False 
#  588 | steps:  6613 | steps_t:  1475 | t: 17.163982 | r:  -516.000000 | e:   0.852500 | Q: -306.894531 | won: False 
#  589 | steps:  6630 | steps_t:  1491 | t: 17.314990 | r:  -516.000000 | e:   0.850900 | Q: -292.105316 | won: False 
#  590 | steps:  6641 | steps_t:  1501 | t: 17.411996 | r:  -510.000000 | e:   0.849900 | Q: -277.606262 | won: False 
#  591 | steps:  6655 | steps_t:  1514 | t: 17.539003 | r:  -502.000000 | e:   0.848600 | Q:        nan | won: False 
#  592 | steps:  6664 | steps_t:  1522 | t: 17.616008 | r:  -508.000000 | e:   0.847800 | Q: -332.831299 | won: False 
#  593 | steps:  6673 | steps_t:  1530 | t: 17.695012 | r:  -508.000000 | e:   0.847000 | Q: -344.002991 | won: False 
#  594 | steps:  6680 | steps_t:  1536 | t: 17.752015 | r:  -506.000000 | e:   0.846400 | Q: -343.696198 | won: False 
#  595 | steps:  6688 | steps_t:  1543 | t: 17.819019 | r:  -507.000000 | e:   0.845700 | Q:        nan | won: False 
#  596 | steps:  6693 | steps_t:  1547 | t: 17.869022 | r:  -504.000000 | e:   0.845300 | Q: -328.028870 | won: False 
#  597 | steps:  6700 | steps_t:  1553 | t: 17.933026 | r:  -506.000000 | e:   0.844700 | Q:        nan | won: False 
