#    1 | steps:    23 | steps_t:     0 | t: 0.040002 | r:  -412.000000 | e:   1.000000 | Q:        nan | won: False 
#    2 | steps:    33 | steps_t:     0 | t: 0.133008 | r:  -498.000000 | e:   1.000000 | Q:        nan | won: False 
#    3 | steps:    66 | steps_t:     0 | t: 0.192011 | r:  -488.000000 | e:   1.000000 | Q:        nan | won: False 
#    4 | steps:    76 | steps_t:     0 | t: 0.210012 | r:  -487.000000 | e:   1.000000 | Q:        nan | won: False 
#    5 | steps:    94 | steps_t:     0 | t: 0.245014 | r:  -473.000000 | e:   1.000000 | Q:        nan | won: False 
#    6 | steps:   107 | steps_t:     0 | t: 0.268015 | r:  -479.000000 | e:   1.000000 | Q:        nan | won: False 
#    7 | steps:   124 | steps_t:     0 | t: 0.298017 | r:  -494.000000 | e:   1.000000 | Q:        nan | won: False 
#    8 | steps:   169 | steps_t:     0 | t: 0.374021 | r:  -471.000000 | e:   1.000000 | Q:        nan | won: False 
#    9 | steps:   307 | steps_t:     0 | t: 0.609035 | r:  -560.000000 | e:   1.000000 | Q:        nan | won: False 
#   10 | steps:   314 | steps_t:     0 | t: 0.621036 | r:  -484.000000 | e:   1.000000 | Q:        nan | won: False 
#   11 | steps:   342 | steps_t:     0 | t: 0.669038 | r:  -461.000000 | e:   1.000000 | Q:        nan | won: False 
#   12 | steps:   362 | steps_t:     0 | t: 0.705040 | r:  -453.000000 | e:   1.000000 | Q:        nan | won: False 
#   13 | steps:   439 | steps_t:     0 | t: 0.840048 | r:  -477.000000 | e:   1.000000 | Q:        nan | won: False 
#   14 | steps:   456 | steps_t:     0 | t: 0.869050 | r:  -483.000000 | e:   1.000000 | Q:        nan | won: False 
#   15 | steps:   491 | steps_t:     0 | t: 0.929053 | r:  -410.000000 | e:   1.000000 | Q:        nan | won: False 
#   16 | steps:   523 | steps_t:     0 | t: 0.982056 | r:  -498.000000 | e:   1.000000 | Q:        nan | won: False 
#   17 | steps:   637 | steps_t:     0 | t: 1.175067 | r:  -445.000000 | e:   1.000000 | Q:        nan | won: False 
#   18 | steps:   644 | steps_t:     0 | t: 1.186068 | r:  -495.000000 | e:   1.000000 | Q:        nan | won: False 
#   19 | steps:   651 | steps_t:     0 | t: 1.198068 | r:  -495.000000 | e:   1.000000 | Q:        nan | won: False 
#   20 | steps:   763 | steps_t:     0 | t: 1.389080 | r:  -461.000000 | e:   1.000000 | Q:        nan | won: False 
#   21 | steps:   772 | steps_t:     0 | t: 1.404080 | r:  -486.000000 | e:   1.000000 | Q:        nan | won: False 
#   22 | steps:   789 | steps_t:     0 | t: 1.435082 | r:  -439.000000 | e:   1.000000 | Q:        nan | won: False 
#   23 | steps:   799 | steps_t:     0 | t: 1.452083 | r:  -454.000000 | e:   1.000000 | Q:        nan | won: False 
#   24 | steps:   812 | steps_t:     0 | t: 1.475084 | r:  -479.000000 | e:   1.000000 | Q:        nan | won: False 
#   25 | steps:   827 | steps_t:     0 | t: 1.512086 | r:  -481.000000 | e:   1.000000 | Q:        nan | won: False 
#   26 | steps:   858 | steps_t:     0 | t: 1.580090 | r:  -486.000000 | e:   1.000000 | Q:        nan | won: False 
#   27 | steps:   864 | steps_t:     0 | t: 1.595091 | r:  -483.000000 | e:   1.000000 | Q:        nan | won: False 
#   28 | steps:   884 | steps_t:     0 | t: 1.640094 | r:  -486.000000 | e:   1.000000 | Q:        nan | won: False 
#   29 | steps:   905 | steps_t:     0 | t: 1.685097 | r:  -498.000000 | e:   1.000000 | Q:        nan | won: False 
#   30 | steps:   976 | steps_t:     0 | t: 1.807103 | r:  -424.000000 | e:   1.000000 | Q:        nan | won: False 
#   31 | steps:   989 | steps_t:     0 | t: 1.828105 | r:  -479.000000 | e:   1.000000 | Q:        nan | won: False 
#   32 | steps:   998 | steps_t:     0 | t: 1.843105 | r:  -486.000000 | e:   1.000000 | Q:        nan | won: False 
#   33 | steps:  1151 | steps_t:     0 | t: 2.103120 | r:  -447.000000 | e:   1.000000 | Q:        nan | won: False 
#   34 | steps:  1160 | steps_t:     0 | t: 2.120121 | r:  -486.000000 | e:   1.000000 | Q:        nan | won: False 
#   35 | steps:  1243 | steps_t:     0 | t: 2.355135 | r:  -494.000000 | e:   1.000000 | Q:        nan | won: False 
#   36 | steps:  1253 | steps_t:     0 | t: 2.373136 | r:  -487.000000 | e:   1.000000 | Q:        nan | won: False 
#   37 | steps:  1264 | steps_t:     0 | t: 2.390136 | r:  -455.000000 | e:   1.000000 | Q:        nan | won: False 
#   38 | steps:  1385 | steps_t:     0 | t: 2.600149 | r:  -412.000000 | e:   1.000000 | Q:        nan | won: False 
#   39 | steps:  1425 | steps_t:     0 | t: 2.683153 | r:  -473.000000 | e:   1.000000 | Q:        nan | won: False 
#   40 | steps:  1474 | steps_t:     0 | t: 2.773159 | r:  -475.000000 | e:   1.000000 | Q:        nan | won: False 
#   41 | steps:  1489 | steps_t:     0 | t: 2.801160 | r:  -459.000000 | e:   1.000000 | Q:        nan | won: False 
#   42 | steps:  1544 | steps_t:     0 | t: 2.893166 | r:  -411.000000 | e:   1.000000 | Q:        nan | won: False 
#   43 | steps:  1574 | steps_t:     0 | t: 2.943168 | r:  -463.000000 | e:   1.000000 | Q:        nan | won: False 
#   44 | steps:  1594 | steps_t:     0 | t: 2.978170 | r:  -453.000000 | e:   1.000000 | Q:        nan | won: False 
#   45 | steps:  1611 | steps_t:     0 | t: 3.006172 | r:  -461.000000 | e:   1.000000 | Q:        nan | won: False 
#   46 | steps:  1770 | steps_t:     0 | t: 3.279188 | r:  -537.000000 | e:   1.000000 | Q:        nan | won: False 
#   47 | steps:  1795 | steps_t:     0 | t: 3.322190 | r:  -480.000000 | e:   1.000000 | Q:        nan | won: False 
#   48 | steps:  1806 | steps_t:     0 | t: 3.341191 | r:  -477.000000 | e:   1.000000 | Q:        nan | won: False 
#   49 | steps:  1865 | steps_t:     0 | t: 3.443197 | r:  -441.000000 | e:   1.000000 | Q:        nan | won: False 
#   50 | steps:  1881 | steps_t:     0 | t: 3.470198 | r:  -482.000000 | e:   1.000000 | Q:        nan | won: False 
#   51 | steps:  1962 | steps_t:     0 | t: 3.611207 | r:  -434.000000 | e:   1.000000 | Q:        nan | won: False 
#   52 | steps:  2038 | steps_t:     0 | t: 3.741214 | r:  -440.000000 | e:   1.000000 | Q:        nan | won: False 
#   53 | steps:  2049 | steps_t:     0 | t: 3.759215 | r:  -488.000000 | e:   1.000000 | Q:        nan | won: False 
#   54 | steps:  2123 | steps_t:     0 | t: 3.889222 | r:  -303.000000 | e:   1.000000 | Q:        nan | won: False 
#   55 | steps:  2133 | steps_t:     0 | t: 3.908223 | r:  -476.000000 | e:   1.000000 | Q:        nan | won: False 
#   56 | steps:  2155 | steps_t:     0 | t: 3.947226 | r:  -477.000000 | e:   1.000000 | Q:        nan | won: False 
#   57 | steps:  2234 | steps_t:     0 | t: 4.086234 | r:  -435.000000 | e:   1.000000 | Q:        nan | won: False 
#   58 | steps:  2243 | steps_t:     0 | t: 4.101235 | r:  -486.000000 | e:   1.000000 | Q:        nan | won: False 
#   59 | steps:  2307 | steps_t:     0 | t: 4.214241 | r:  -464.000000 | e:   1.000000 | Q:        nan | won: False 
#   60 | steps:  2372 | steps_t:     0 | t: 4.326247 | r:  -469.000000 | e:   1.000000 | Q:        nan | won: False 
#   61 | steps:  2437 | steps_t:     0 | t: 4.439254 | r:  -363.000000 | e:   1.000000 | Q:        nan | won: False 
#   62 | steps:  2500 | steps_t:     0 | t: 4.548260 | r:  -441.000000 | e:   1.000000 | Q:        nan | won: False 
#   63 | steps:  2590 | steps_t:     0 | t: 4.817276 | r:  -289.000000 | e:   1.000000 | Q:        nan | won: False 
#   64 | steps:  2600 | steps_t:     0 | t: 4.834277 | r:  -465.000000 | e:   1.000000 | Q:        nan | won: False 
#   65 | steps:  2637 | steps_t:     0 | t: 4.900280 | r:  -448.000000 | e:   1.000000 | Q:        nan | won: False 
#   66 | steps:  2703 | steps_t:     0 | t: 5.015287 | r:  -499.000000 | e:   1.000000 | Q:        nan | won: False 
#   67 | steps:  2750 | steps_t:     0 | t: 5.096292 | r:  -440.000000 | e:   1.000000 | Q:        nan | won: False 
#   68 | steps:  2831 | steps_t:     0 | t: 5.237299 | r:  -331.000000 | e:   1.000000 | Q:        nan | won: False 
#   69 | steps:  2840 | steps_t:     0 | t: 5.253300 | r:  -497.000000 | e:   1.000000 | Q:        nan | won: False 
#   70 | steps:  2854 | steps_t:     0 | t: 5.276302 | r:  -502.000000 | e:   1.000000 | Q:        nan | won: False 
#   71 | steps:  2873 | steps_t:     0 | t: 5.313304 | r:  -452.000000 | e:   1.000000 | Q:        nan | won: False 
#   72 | steps:  2935 | steps_t:     0 | t: 5.433311 | r:  -437.000000 | e:   1.000000 | Q:        nan | won: False 
#   73 | steps:  3020 | steps_t:     0 | t: 5.577319 | r:  -441.000000 | e:   1.000000 | Q:        nan | won: False 
#   74 | steps:  3065 | steps_t:     0 | t: 5.658324 | r:  -478.000000 | e:   1.000000 | Q:        nan | won: False 
#   75 | steps:  3074 | steps_t:     0 | t: 5.673325 | r:  -497.000000 | e:   1.000000 | Q:        nan | won: False 
#   76 | steps:  3079 | steps_t:     0 | t: 5.682325 | r:  -493.000000 | e:   1.000000 | Q:        nan | won: False 
#   77 | steps:  3095 | steps_t:     0 | t: 5.711327 | r:  -482.000000 | e:   1.000000 | Q:        nan | won: False 
#   78 | steps:  3188 | steps_t:     0 | t: 5.868335 | r:  -387.000000 | e:   1.000000 | Q:        nan | won: False 
#   79 | steps:  3205 | steps_t:     0 | t: 5.897337 | r:  -483.000000 | e:   1.000000 | Q:        nan | won: False 
#   80 | steps:  3290 | steps_t:     0 | t: 6.047346 | r:  -427.000000 | e:   1.000000 | Q:        nan | won: False 
#   81 | steps:  3303 | steps_t:     0 | t: 6.069347 | r:  -468.000000 | e:   1.000000 | Q:        nan | won: False 
#   82 | steps:  3312 | steps_t:     0 | t: 6.084348 | r:  -486.000000 | e:   1.000000 | Q:        nan | won: False 
#   83 | steps:  3396 | steps_t:     0 | t: 6.225356 | r:  -477.000000 | e:   1.000000 | Q:        nan | won: False 
#   84 | steps:  3486 | steps_t:     0 | t: 6.378365 | r:  -468.000000 | e:   1.000000 | Q:        nan | won: False 
#   85 | steps:  3497 | steps_t:     0 | t: 6.396366 | r:  -488.000000 | e:   1.000000 | Q:        nan | won: False 
#   86 | steps:  3557 | steps_t:     0 | t: 6.502372 | r:  -427.000000 | e:   1.000000 | Q:        nan | won: False 
#   87 | steps:  3571 | steps_t:     0 | t: 6.526373 | r:  -491.000000 | e:   1.000000 | Q:        nan | won: False 
#   88 | steps:  3578 | steps_t:     0 | t: 6.538374 | r:  -495.000000 | e:   1.000000 | Q:        nan | won: False 
#   89 | steps:  3585 | steps_t:     0 | t: 6.550375 | r:  -473.000000 | e:   1.000000 | Q:        nan | won: False 
#   90 | steps:  3597 | steps_t:     0 | t: 6.571376 | r:  -467.000000 | e:   1.000000 | Q:        nan | won: False 
#   91 | steps:  3605 | steps_t:     0 | t: 6.587377 | r:  -496.000000 | e:   1.000000 | Q:        nan | won: False 
#   92 | steps:  3613 | steps_t:     0 | t: 6.601377 | r:  -485.000000 | e:   1.000000 | Q:        nan | won: False 
#   93 | steps:  3629 | steps_t:     0 | t: 6.628379 | r:  -504.000000 | e:   1.000000 | Q:        nan | won: False 
#   94 | steps:  3638 | steps_t:     0 | t: 6.645380 | r:  -497.000000 | e:   1.000000 | Q:        nan | won: False 
#   95 | steps:  3650 | steps_t:     0 | t: 6.666381 | r:  -489.000000 | e:   1.000000 | Q:        nan | won: False 
#   96 | steps:  3666 | steps_t:     0 | t: 6.702383 | r:  -471.000000 | e:   1.000000 | Q:        nan | won: False 
#   97 | steps:  3682 | steps_t:     0 | t: 6.741385 | r:  -482.000000 | e:   1.000000 | Q:        nan | won: False 
#   98 | steps:  3801 | steps_t:     0 | t: 6.973399 | r:  -395.000000 | e:   1.000000 | Q:        nan | won: False 
#   99 | steps:  3820 | steps_t:     0 | t: 7.005401 | r:  -485.000000 | e:   1.000000 | Q:        nan | won: False 
#  100 | steps:  3833 | steps_t:     0 | t: 7.027402 | r:  -501.000000 | e:   1.000000 | Q:        nan | won: False 
#  101 | steps:  3850 | steps_t:     0 | t: 7.057404 | r:  -472.000000 | e:   1.000000 | Q:        nan | won: False 
#  102 | steps:  3864 | steps_t:     0 | t: 7.081405 | r:  -458.000000 | e:   1.000000 | Q:        nan | won: False 
#  103 | steps:  3876 | steps_t:     0 | t: 7.100406 | r:  -489.000000 | e:   1.000000 | Q:        nan | won: False 
#  104 | steps:  4022 | steps_t:     0 | t: 7.350420 | r:  -590.000000 | e:   1.000000 | Q:        nan | won: False 
#  105 | steps:  4101 | steps_t:     0 | t: 7.487428 | r:  -479.000000 | e:   1.000000 | Q:        nan | won: False 
#  106 | steps:  4173 | steps_t:     0 | t: 7.615436 | r:  -538.000000 | e:   1.000000 | Q:        nan | won: False 
#  107 | steps:  4190 | steps_t:     0 | t: 7.643437 | r:  -461.000000 | e:   1.000000 | Q:        nan | won: False 
#  108 | steps:  4199 | steps_t:     0 | t: 7.658438 | r:  -475.000000 | e:   1.000000 | Q:        nan | won: False 
#  109 | steps:  4241 | steps_t:     0 | t: 7.865450 | r:  -435.000000 | e:   1.000000 | Q:        nan | won: False 
#  110 | steps:  4254 | steps_t:     0 | t: 7.888451 | r:  -413.000000 | e:   1.000000 | Q:        nan | won: False 
#  111 | steps:  4335 | steps_t:     0 | t: 8.029459 | r:  -485.000000 | e:   1.000000 | Q:        nan | won: False 
#  112 | steps:  4350 | steps_t:     0 | t: 8.053460 | r:  -481.000000 | e:   1.000000 | Q:        nan | won: False 
#  113 | steps:  4360 | steps_t:     0 | t: 8.070462 | r:  -487.000000 | e:   1.000000 | Q:        nan | won: False 
#  114 | steps:  4370 | steps_t:     0 | t: 8.088463 | r:  -476.000000 | e:   1.000000 | Q:        nan | won: False 
#  115 | steps:  4411 | steps_t:     0 | t: 8.159467 | r:  -507.000000 | e:   1.000000 | Q:        nan | won: False 
#  116 | steps:  4483 | steps_t:     0 | t: 8.284474 | r:  -443.000000 | e:   1.000000 | Q:        nan | won: False 
#  117 | steps:  4532 | steps_t:     0 | t: 8.368479 | r:  -391.000000 | e:   1.000000 | Q:        nan | won: False 
#  118 | steps:  4548 | steps_t:     0 | t: 8.397480 | r:  -493.000000 | e:   1.000000 | Q:        nan | won: False 
#  119 | steps:  4565 | steps_t:     0 | t: 8.426482 | r:  -472.000000 | e:   1.000000 | Q:        nan | won: False 
#  120 | steps:  4585 | steps_t:     0 | t: 8.459484 | r:  -464.000000 | e:   1.000000 | Q:        nan | won: False 
#  121 | steps:  4619 | steps_t:     0 | t: 8.519487 | r:  -445.000000 | e:   1.000000 | Q:        nan | won: False 
#  122 | steps:  4645 | steps_t:     0 | t: 8.563490 | r:  -481.000000 | e:   1.000000 | Q:        nan | won: False 
#  123 | steps:  4658 | steps_t:     0 | t: 8.584491 | r:  -501.000000 | e:   1.000000 | Q:        nan | won: False 
#  124 | steps:  4738 | steps_t:     0 | t: 8.723499 | r:  -396.000000 | e:   1.000000 | Q:        nan | won: False 
#  125 | steps:  4759 | steps_t:     0 | t: 8.758501 | r:  -454.000000 | e:   1.000000 | Q:        nan | won: False 
#  126 | steps:  4764 | steps_t:     0 | t: 8.767502 | r:  -493.000000 | e:   1.000000 | Q:        nan | won: False 
#  127 | steps:  4776 | steps_t:     0 | t: 8.787503 | r:  -467.000000 | e:   1.000000 | Q:        nan | won: False 
#  128 | steps:  4863 | steps_t:     0 | t: 8.939511 | r:  -476.000000 | e:   1.000000 | Q:        nan | won: False 
#  129 | steps:  4874 | steps_t:     0 | t: 8.958512 | r:  -455.000000 | e:   1.000000 | Q:        nan | won: False 
#  130 | steps:  4880 | steps_t:     0 | t: 8.967513 | r:  -483.000000 | e:   1.000000 | Q:        nan | won: False 
#  131 | steps:  4972 | steps_t:     0 | t: 9.127522 | r:  -496.000000 | e:   1.000000 | Q:        nan | won: False 
#  132 | steps:  5020 | steps_t:    18 | t: 9.767559 | r:  -481.000000 | e:   0.998200 | Q:        nan | won: False 
#  133 | steps:  5027 | steps_t:    24 | t: 9.920567 | r:  -484.000000 | e:   0.997600 | Q:        nan | won: False 
#  134 | steps:  5036 | steps_t:    32 | t: 10.135580 | r:  -497.000000 | e:   0.996800 | Q:        nan | won: False 
#  135 | steps:  5098 | steps_t:    93 | t: 11.692669 | r:  -451.000000 | e:   0.990700 | Q:        nan | won: False 
#  136 | steps:  5107 | steps_t:   101 | t: 11.896680 | r:  -497.000000 | e:   0.989900 | Q:        nan | won: False 
#  137 | steps:  5113 | steps_t:   106 | t: 12.044689 | r:  -494.000000 | e:   0.989400 | Q:        nan | won: False 
#  138 | steps:  5135 | steps_t:   127 | t: 12.611722 | r:  -488.000000 | e:   0.987300 | Q:        nan | won: False 
#  139 | steps:  5145 | steps_t:   136 | t: 12.837734 | r:  -487.000000 | e:   0.986400 | Q:        nan | won: False 
#  140 | steps:  5295 | steps_t:   285 | t: 16.738957 | r:  -550.000000 | e:   0.971500 | Q: -92.226547 | won: False 
