#    1  aaa | steps:    10 | steps_t:     0 | t: 0.018001 | r:  -509.000000 | e:   1.000000 | Q:        nan | won: False 
#    2  aaa | steps:    18 | steps_t:     0 | t: 0.022002 | r:  -507.000000 | e:   1.000000 | Q:        nan | won: False 
#    3  aaa | steps:    23 | steps_t:     0 | t: 0.026002 | r:  -504.000000 | e:   1.000000 | Q:        nan | won: False 
#    4  aaa | steps:    38 | steps_t:     0 | t: 0.035002 | r:  -514.000000 | e:   1.000000 | Q:        nan | won: False 
#    5  aaa | steps:    49 | steps_t:     0 | t: 0.040002 | r:  -510.000000 | e:   1.000000 | Q:        nan | won: False 
#    6  aaa | steps:    55 | steps_t:     0 | t: 0.043003 | r:  -505.000000 | e:   1.000000 | Q:        nan | won: False 
#    7  aaa | steps:    64 | steps_t:     0 | t: 0.049003 | r:  -508.000000 | e:   1.000000 | Q:        nan | won: False 
#    8  aaa | steps:    75 | steps_t:     0 | t: 0.054003 | r:  -510.000000 | e:   1.000000 | Q:        nan | won: False 
#    9  aaa | steps:    89 | steps_t:     0 | t: 0.060004 | r:  -513.000000 | e:   1.000000 | Q:        nan | won: False 
#   10  aaa | steps:   101 | steps_t:     0 | t: 0.066004 | r:  -511.000000 | e:   1.000000 | Q:        nan | won: False 
#   11  aaa | steps:   109 | steps_t:     0 | t: 0.070004 | r:  -507.000000 | e:   1.000000 | Q:        nan | won: False 
#   12  aaa | steps:   130 | steps_t:     0 | t: 0.079005 | r:  -520.000000 | e:   1.000000 | Q:        nan | won: False 
#   13  aaa | steps:   147 | steps_t:     0 | t: 0.087005 | r:  -516.000000 | e:   1.000000 | Q:        nan | won: False 
#   14  aaa | steps:   157 | steps_t:     0 | t: 0.093006 | r:  -509.000000 | e:   1.000000 | Q:        nan | won: False 
#   15  aaa | steps:   169 | steps_t:     0 | t: 0.100006 | r:  -511.000000 | e:   1.000000 | Q:        nan | won: False 
#   16  aaa | steps:   180 | steps_t:     0 | t: 0.106006 | r:  -510.000000 | e:   1.000000 | Q:        nan | won: False 
#   17  aaa | steps:   202 | steps_t:     0 | t: 0.118007 | r:  -521.000000 | e:   1.000000 | Q:        nan | won: False 
#   18  aaa | steps:   208 | steps_t:     0 | t: 0.121007 | r:  -505.000000 | e:   1.000000 | Q:        nan | won: False 
#   19  aaa | steps:   221 | steps_t:     0 | t: 0.127008 | r:  -512.000000 | e:   1.000000 | Q:        nan | won: False 
#   20  aaa | steps:   229 | steps_t:     0 | t: 0.131008 | r:  -507.000000 | e:   1.000000 | Q:        nan | won: False 
#   21  aaa | steps:   239 | steps_t:     0 | t: 0.136008 | r:  -509.000000 | e:   1.000000 | Q:        nan | won: False 
#   22  aaa | steps:   254 | steps_t:     0 | t: 0.145009 | r:  -514.000000 | e:   1.000000 | Q:        nan | won: False 
#   23  aaa | steps:   269 | steps_t:     0 | t: 0.152009 | r:  -503.000000 | e:   1.000000 | Q:        nan | won: False 
#   24  aaa | steps:   292 | steps_t:     0 | t: 0.165010 | r:  -522.000000 | e:   1.000000 | Q:        nan | won: False 
#   25  aaa | steps:   302 | steps_t:     0 | t: 0.170010 | r:  -509.000000 | e:   1.000000 | Q:        nan | won: False 
#   26  aaa | steps:   309 | steps_t:     0 | t: 0.174010 | r:  -506.000000 | e:   1.000000 | Q:        nan | won: False 
#   27  aaa | steps:   317 | steps_t:     0 | t: 0.179010 | r:  -507.000000 | e:   1.000000 | Q:        nan | won: False 
#   28  aaa | steps:   332 | steps_t:     0 | t: 0.187011 | r:  -514.000000 | e:   1.000000 | Q:        nan | won: False 
#   29  aaa | steps:   337 | steps_t:     0 | t: 0.192011 | r:  -504.000000 | e:   1.000000 | Q:        nan | won: False 
#   30  aaa | steps:   349 | steps_t:     0 | t: 0.199012 | r:  -511.000000 | e:   1.000000 | Q:        nan | won: False 
#   31  aaa | steps:   358 | steps_t:     0 | t: 0.205012 | r:  -508.000000 | e:   1.000000 | Q:        nan | won: False 
#   32  aaa | steps:   369 | steps_t:     0 | t: 0.210012 | r:  -510.000000 | e:   1.000000 | Q:        nan | won: False 
#   33  aaa | steps:   375 | steps_t:     0 | t: 0.213012 | r:  -505.000000 | e:   1.000000 | Q:        nan | won: False 
#   34  aaa | steps:   383 | steps_t:     0 | t: 0.218013 | r:  -507.000000 | e:   1.000000 | Q:        nan | won: False 
#   35  aaa | steps:   396 | steps_t:     0 | t: 0.224013 | r:  -512.000000 | e:   1.000000 | Q:        nan | won: False 
#   36  aaa | steps:   406 | steps_t:     0 | t: 0.230013 | r:  -509.000000 | e:   1.000000 | Q:        nan | won: False 
#   37  aaa | steps:   417 | steps_t:     0 | t: 0.235014 | r:  -510.000000 | e:   1.000000 | Q:        nan | won: False 
#   38  aaa | steps:   433 | steps_t:     0 | t: 0.244014 | r:  -515.000000 | e:   1.000000 | Q:        nan | won: False 
#   39  aaa | steps:   445 | steps_t:     0 | t: 0.250015 | r:  -511.000000 | e:   1.000000 | Q:        nan | won: False 
#   40  aaa | steps:   453 | steps_t:     0 | t: 0.254015 | r:  -507.000000 | e:   1.000000 | Q:        nan | won: False 
#   41  aaa | steps:   461 | steps_t:     0 | t: 0.258015 | r:  -507.000000 | e:   1.000000 | Q:        nan | won: False 
#   42  aaa | steps:   481 | steps_t:     0 | t: 0.268015 | r:  -508.000000 | e:   1.000000 | Q:        nan | won: False 
#   43  aaa | steps:   488 | steps_t:     0 | t: 0.271016 | r:  -506.000000 | e:   1.000000 | Q:        nan | won: False 
#   44  aaa | steps:   505 | steps_t:     0 | t: 0.279016 | r:  -516.000000 | e:   1.000000 | Q:        nan | won: False 
#   45  aaa | steps:   524 | steps_t:     0 | t: 0.289017 | r:  -518.000000 | e:   1.000000 | Q:        nan | won: False 
#   46  aaa | steps:   532 | steps_t:     0 | t: 0.292017 | r:  -507.000000 | e:   1.000000 | Q:        nan | won: False 
#   47  aaa | steps:   540 | steps_t:     0 | t: 0.296017 | r:  -507.000000 | e:   1.000000 | Q:        nan | won: False 
#   48  aaa | steps:   560 | steps_t:     0 | t: 0.306018 | r:  -508.000000 | e:   1.000000 | Q:        nan | won: False 
#   49  aaa | steps:   569 | steps_t:     0 | t: 0.310018 | r:  -508.000000 | e:   1.000000 | Q:        nan | won: False 
#   50  aaa | steps:   577 | steps_t:     0 | t: 0.314018 | r:  -507.000000 | e:   1.000000 | Q:        nan | won: False 
#   51  aaa | steps:   593 | steps_t:     0 | t: 0.321018 | r:  -515.000000 | e:   1.000000 | Q:        nan | won: False 
#   52  aaa | steps:   604 | steps_t:     0 | t: 0.326019 | r:  -510.000000 | e:   1.000000 | Q:        nan | won: False 
#   53  aaa | steps:   615 | steps_t:     0 | t: 0.332019 | r:  -510.000000 | e:   1.000000 | Q:        nan | won: False 
#   54  aaa | steps:   625 | steps_t:     0 | t: 0.337019 | r:  -509.000000 | e:   1.000000 | Q:        nan | won: False 
#   55  aaa | steps:   633 | steps_t:     0 | t: 0.341020 | r:  -507.000000 | e:   1.000000 | Q:        nan | won: False 
#   56  aaa | steps:   644 | steps_t:     0 | t: 0.346020 | r:  -510.000000 | e:   1.000000 | Q:        nan | won: False 
#   57  aaa | steps:   654 | steps_t:     0 | t: 0.351020 | r:  -509.000000 | e:   1.000000 | Q:        nan | won: False 
#   58  aaa | steps:   662 | steps_t:     0 | t: 0.355021 | r:  -507.000000 | e:   1.000000 | Q:        nan | won: False 
#   59  aaa | steps:   670 | steps_t:     0 | t: 0.359021 | r:  -507.000000 | e:   1.000000 | Q:        nan | won: False 
#   60  aaa | steps:   677 | steps_t:     0 | t: 0.363021 | r:  -506.000000 | e:   1.000000 | Q:        nan | won: False 
#   61  aaa | steps:   692 | steps_t:     0 | t: 0.371022 | r:  -492.000000 | e:   1.000000 | Q:        nan | won: False 
#   62  aaa | steps:   704 | steps_t:     0 | t: 0.377022 | r:  -511.000000 | e:   1.000000 | Q:        nan | won: False 
#   63  aaa | steps:   711 | steps_t:     0 | t: 0.381022 | r:  -506.000000 | e:   1.000000 | Q:        nan | won: False 
#   64  aaa | steps:   723 | steps_t:     0 | t: 0.387022 | r:  -511.000000 | e:   1.000000 | Q:        nan | won: False 
#   65  aaa | steps:   734 | steps_t:     0 | t: 0.393023 | r:  -510.000000 | e:   1.000000 | Q:        nan | won: False 
#   66  aaa | steps:   742 | steps_t:     0 | t: 0.397023 | r:  -507.000000 | e:   1.000000 | Q:        nan | won: False 
#   67  aaa | steps:   755 | steps_t:     0 | t: 0.403023 | r:  -512.000000 | e:   1.000000 | Q:        nan | won: False 
#   68  aaa | steps:   775 | steps_t:     0 | t: 0.414024 | r:  -519.000000 | e:   1.000000 | Q:        nan | won: False 
#   69  aaa | steps:   782 | steps_t:     0 | t: 0.418024 | r:  -506.000000 | e:   1.000000 | Q:        nan | won: False 
#   70  aaa | steps:   791 | steps_t:     0 | t: 0.423024 | r:  -508.000000 | e:   1.000000 | Q:        nan | won: False 
#   71  aaa | steps:   796 | steps_t:     0 | t: 0.427025 | r:  -504.000000 | e:   1.000000 | Q:        nan | won: False 
#   72  aaa | steps:   805 | steps_t:     0 | t: 0.431025 | r:  -508.000000 | e:   1.000000 | Q:        nan | won: False 
#   73  aaa | steps:   816 | steps_t:     0 | t: 0.437025 | r:  -510.000000 | e:   1.000000 | Q:        nan | won: False 
#   74  aaa | steps:   832 | steps_t:     0 | t: 0.445026 | r:  -515.000000 | e:   1.000000 | Q:        nan | won: False 
#   75  aaa | steps:   853 | steps_t:     0 | t: 0.455026 | r:  -520.000000 | e:   1.000000 | Q:        nan | won: False 
#   76  aaa | steps:   862 | steps_t:     0 | t: 0.460027 | r:  -508.000000 | e:   1.000000 | Q:        nan | won: False 
#   77  aaa | steps:   869 | steps_t:     0 | t: 0.463027 | r:  -506.000000 | e:   1.000000 | Q:        nan | won: False 
#   78  aaa | steps:   883 | steps_t:     0 | t: 0.470027 | r:  -513.000000 | e:   1.000000 | Q:        nan | won: False 
#   79  aaa | steps:   894 | steps_t:     0 | t: 0.475027 | r:  -510.000000 | e:   1.000000 | Q:        nan | won: False 
#   80  aaa | steps:   902 | steps_t:     0 | t: 0.480028 | r:  -507.000000 | e:   1.000000 | Q:        nan | won: False 
#   81  aaa | steps:   912 | steps_t:     0 | t: 0.486028 | r:  -509.000000 | e:   1.000000 | Q:        nan | won: False 
#   82  aaa | steps:   921 | steps_t:     0 | t: 0.490028 | r:  -508.000000 | e:   1.000000 | Q:        nan | won: False 
#   83  aaa | steps:   934 | steps_t:     0 | t: 0.496028 | r:  -512.000000 | e:   1.000000 | Q:        nan | won: False 
#   84  aaa | steps:   948 | steps_t:     0 | t: 0.504029 | r:  -513.000000 | e:   1.000000 | Q:        nan | won: False 
#   85  aaa | steps:   955 | steps_t:     0 | t: 0.507029 | r:  -506.000000 | e:   1.000000 | Q:        nan | won: False 
#   86  aaa | steps:   979 | steps_t:     0 | t: 0.518030 | r:  -523.000000 | e:   1.000000 | Q:        nan | won: False 
#   87  aaa | steps:   988 | steps_t:     0 | t: 0.523030 | r:  -508.000000 | e:   1.000000 | Q:        nan | won: False 
#   88  aaa | steps:   997 | steps_t:     0 | t: 0.527030 | r:  -508.000000 | e:   1.000000 | Q:        nan | won: False 
#   89  aaa | steps:  1004 | steps_t:     0 | t: 0.530030 | r:  -506.000000 | e:   1.000000 | Q:        nan | won: False 
#   90  aaa | steps:  1010 | steps_t:     0 | t: 0.534031 | r:  -505.000000 | e:   1.000000 | Q:        nan | won: False 
#   91  aaa | steps:  1020 | steps_t:     0 | t: 0.540031 | r:  -509.000000 | e:   1.000000 | Q:        nan | won: False 
#   92  aaa | steps:  1029 | steps_t:     0 | t: 0.545031 | r:  -508.000000 | e:   1.000000 | Q:        nan | won: False 
#   93  aaa | steps:  1041 | steps_t:     0 | t: 0.551032 | r:  -511.000000 | e:   1.000000 | Q:        nan | won: False 
#   94  aaa | steps:  1047 | steps_t:     0 | t: 0.555032 | r:  -505.000000 | e:   1.000000 | Q:        nan | won: False 
#   95  aaa | steps:  1056 | steps_t:     0 | t: 0.560032 | r:  -508.000000 | e:   1.000000 | Q:        nan | won: False 
#   96  aaa | steps:  1064 | steps_t:     0 | t: 0.564032 | r:  -507.000000 | e:   1.000000 | Q:        nan | won: False 
#   97  aaa | steps:  1082 | steps_t:     0 | t: 0.574033 | r:  -517.000000 | e:   1.000000 | Q:        nan | won: False 
#   98  aaa | steps:  1091 | steps_t:     0 | t: 0.581034 | r:  -508.000000 | e:   1.000000 | Q:        nan | won: False 
#   99  aaa | steps:  1096 | steps_t:     0 | t: 0.584034 | r:  -504.000000 | e:   1.000000 | Q:        nan | won: False 
#  100  aaa | steps:  1104 | steps_t:     0 | t: 0.588034 | r:  -507.000000 | e:   1.000000 | Q:        nan | won: False 
#  101  aaa | steps:  1114 | steps_t:     0 | t: 0.595034 | r:  -509.000000 | e:   1.000000 | Q:        nan | won: False 
#  102  aaa | steps:  1126 | steps_t:     0 | t: 0.601035 | r:  -511.000000 | e:   1.000000 | Q:        nan | won: False 
#  103  aaa | steps:  1133 | steps_t:     0 | t: 0.604035 | r:  -506.000000 | e:   1.000000 | Q:        nan | won: False 
#  104  aaa | steps:  1141 | steps_t:     0 | t: 0.609035 | r:  -507.000000 | e:   1.000000 | Q:        nan | won: False 
#  105  aaa | steps:  1159 | steps_t:     0 | t: 0.620036 | r:  -517.000000 | e:   1.000000 | Q:        nan | won: False 
#  106  aaa | steps:  1168 | steps_t:     0 | t: 0.624036 | r:  -508.000000 | e:   1.000000 | Q:        nan | won: False 
#  107  aaa | steps:  1182 | steps_t:     0 | t: 0.632036 | r:  -513.000000 | e:   1.000000 | Q:        nan | won: False 
#  108  aaa | steps:  1192 | steps_t:     0 | t: 0.637037 | r:  -509.000000 | e:   1.000000 | Q:        nan | won: False 
#  109  aaa | steps:  1206 | steps_t:     0 | t: 0.645037 | r:  -513.000000 | e:   1.000000 | Q:        nan | won: False 
#  110  aaa | steps:  1222 | steps_t:     0 | t: 0.653038 | r:  -515.000000 | e:   1.000000 | Q:        nan | won: False 
#  111  aaa | steps:  1244 | steps_t:     0 | t: 0.664038 | r:  -521.000000 | e:   1.000000 | Q:        nan | won: False 
#  112  aaa | steps:  1260 | steps_t:     0 | t: 0.672039 | r:  -515.000000 | e:   1.000000 | Q:        nan | won: False 
#  113  aaa | steps:  1269 | steps_t:     0 | t: 0.677039 | r:  -508.000000 | e:   1.000000 | Q:        nan | won: False 
#  114  aaa | steps:  1276 | steps_t:     0 | t: 0.681039 | r:  -506.000000 | e:   1.000000 | Q:        nan | won: False 
#  115  aaa | steps:  1290 | steps_t:     0 | t: 0.687040 | r:  -513.000000 | e:   1.000000 | Q:        nan | won: False 
#  116  aaa | steps:  1298 | steps_t:     0 | t: 0.691040 | r:  -507.000000 | e:   1.000000 | Q:        nan | won: False 
#  117  aaa | steps:  1327 | steps_t:     0 | t: 0.705040 | r:  -528.000000 | e:   1.000000 | Q:        nan | won: False 
#  118  aaa | steps:  1334 | steps_t:     0 | t: 0.708040 | r:  -506.000000 | e:   1.000000 | Q:        nan | won: False 
#  119  aaa | steps:  1350 | steps_t:     0 | t: 0.715041 | r:  -515.000000 | e:   1.000000 | Q:        nan | won: False 
#  120  aaa | steps:  1360 | steps_t:     0 | t: 0.720041 | r:  -509.000000 | e:   1.000000 | Q:        nan | won: False 
#  121  aaa | steps:  1377 | steps_t:     0 | t: 0.728042 | r:  -516.000000 | e:   1.000000 | Q:        nan | won: False 
#  122  aaa | steps:  1391 | steps_t:     0 | t: 0.735042 | r:  -491.000000 | e:   1.000000 | Q:        nan | won: False 
#  123  aaa | steps:  1401 | steps_t:     0 | t: 0.740043 | r:  -509.000000 | e:   1.000000 | Q:        nan | won: False 
#  124  aaa | steps:  1413 | steps_t:     0 | t: 0.745043 | r:  -511.000000 | e:   1.000000 | Q:        nan | won: False 
#  125  aaa | steps:  1418 | steps_t:     0 | t: 0.748043 | r:  -504.000000 | e:   1.000000 | Q:        nan | won: False 
#  126  aaa | steps:  1427 | steps_t:     0 | t: 0.752043 | r:  -508.000000 | e:   1.000000 | Q:        nan | won: False 
#  127  aaa | steps:  1438 | steps_t:     0 | t: 0.758044 | r:  -510.000000 | e:   1.000000 | Q:        nan | won: False 
#  128  aaa | steps:  1448 | steps_t:     0 | t: 0.763044 | r:  -509.000000 | e:   1.000000 | Q:        nan | won: False 
#  129  aaa | steps:  1456 | steps_t:     0 | t: 0.768044 | r:  -507.000000 | e:   1.000000 | Q:        nan | won: False 
#  130  aaa | steps:  1466 | steps_t:     0 | t: 0.773044 | r:  -509.000000 | e:   1.000000 | Q:        nan | won: False 
#  131  aaa | steps:  1478 | steps_t:     0 | t: 0.779045 | r:  -511.000000 | e:   1.000000 | Q:        nan | won: False 
#  132  aaa | steps:  1500 | steps_t:     0 | t: 0.790045 | r:  -521.000000 | e:   1.000000 | Q:        nan | won: False 
#  133  aaa | steps:  1506 | steps_t:     0 | t: 0.794046 | r:  -505.000000 | e:   1.000000 | Q:        nan | won: False 
#  134  aaa | steps:  1516 | steps_t:     0 | t: 0.798046 | r:  -509.000000 | e:   1.000000 | Q:        nan | won: False 
#  135  aaa | steps:  1536 | steps_t:     0 | t: 0.809047 | r:  -519.000000 | e:   1.000000 | Q:        nan | won: False 
#  136  aaa | steps:  1547 | steps_t:     0 | t: 0.814047 | r:  -510.000000 | e:   1.000000 | Q:        nan | won: False 
#  137  aaa | steps:  1554 | steps_t:     0 | t: 0.818047 | r:  -506.000000 | e:   1.000000 | Q:        nan | won: False 
#  138  aaa | steps:  1570 | steps_t:     0 | t: 0.826048 | r:  -515.000000 | e:   1.000000 | Q:        nan | won: False 
#  139  aaa | steps:  1594 | steps_t:     0 | t: 0.839048 | r:  -523.000000 | e:   1.000000 | Q:        nan | won: False 
#  140  aaa | steps:  1603 | steps_t:     0 | t: 0.844049 | r:  -508.000000 | e:   1.000000 | Q:        nan | won: False 
#  141  aaa | steps:  1612 | steps_t:     0 | t: 0.848049 | r:  -508.000000 | e:   1.000000 | Q:        nan | won: False 
#  142  aaa | steps:  1622 | steps_t:     0 | t: 0.853049 | r:  -509.000000 | e:   1.000000 | Q:        nan | won: False 
#  143  aaa | steps:  1629 | steps_t:     0 | t: 0.857049 | r:  -506.000000 | e:   1.000000 | Q:        nan | won: False 
#  144  aaa | steps:  1636 | steps_t:     0 | t: 0.861049 | r:  -506.000000 | e:   1.000000 | Q:        nan | won: False 
#  145  aaa | steps:  1652 | steps_t:     0 | t: 0.868050 | r:  -515.000000 | e:   1.000000 | Q:        nan | won: False 
#  146  aaa | steps:  1660 | steps_t:     0 | t: 0.872050 | r:  -507.000000 | e:   1.000000 | Q:        nan | won: False 
#  147  aaa | steps:  1672 | steps_t:     0 | t: 0.878050 | r:  -511.000000 | e:   1.000000 | Q:        nan | won: False 
#  148  aaa | steps:  1686 | steps_t:     0 | t: 0.885051 | r:  -513.000000 | e:   1.000000 | Q:        nan | won: False 
#  149  aaa | steps:  1697 | steps_t:     0 | t: 0.890051 | r:  -510.000000 | e:   1.000000 | Q:        nan | won: False 
#  150  aaa | steps:  1709 | steps_t:     0 | t: 0.897052 | r:  -511.000000 | e:   1.000000 | Q:        nan | won: False 
#  151  aaa | steps:  1716 | steps_t:     0 | t: 0.900052 | r:  -506.000000 | e:   1.000000 | Q:        nan | won: False 
#  152  aaa | steps:  1726 | steps_t:     0 | t: 0.906052 | r:  -509.000000 | e:   1.000000 | Q:        nan | won: False 
#  153  aaa | steps:  1735 | steps_t:     0 | t: 0.913053 | r:  -508.000000 | e:   1.000000 | Q:        nan | won: False 
#  154  aaa | steps:  1751 | steps_t:     0 | t: 0.923053 | r:  -515.000000 | e:   1.000000 | Q:        nan | won: False 
#  155  aaa | steps:  1772 | steps_t:     0 | t: 0.934054 | r:  -520.000000 | e:   1.000000 | Q:        nan | won: False 
#  156  aaa | steps:  1781 | steps_t:     0 | t: 0.939054 | r:  -508.000000 | e:   1.000000 | Q:        nan | won: False 
#  157  aaa | steps:  1799 | steps_t:     0 | t: 0.949054 | r:  -517.000000 | e:   1.000000 | Q:        nan | won: False 
#  158  aaa | steps:  1820 | steps_t:     0 | t: 0.961055 | r:  -520.000000 | e:   1.000000 | Q:        nan | won: False 
#  159  aaa | steps:  1829 | steps_t:     0 | t: 0.966056 | r:  -508.000000 | e:   1.000000 | Q:        nan | won: False 
#  160  aaa | steps:  1837 | steps_t:     0 | t: 0.971056 | r:  -507.000000 | e:   1.000000 | Q:        nan | won: False 
#  161  aaa | steps:  1852 | steps_t:     0 | t: 0.980056 | r:  -514.000000 | e:   1.000000 | Q:        nan | won: False 
#  162  aaa | steps:  1863 | steps_t:     0 | t: 0.986057 | r:  -510.000000 | e:   1.000000 | Q:        nan | won: False 
#  163  aaa | steps:  1871 | steps_t:     0 | t: 0.990057 | r:  -507.000000 | e:   1.000000 | Q:        nan | won: False 
#  164  aaa | steps:  1878 | steps_t:     0 | t: 0.994057 | r:  -506.000000 | e:   1.000000 | Q:        nan | won: False 
#  165  aaa | steps:  1885 | steps_t:     0 | t: 0.998057 | r:  -506.000000 | e:   1.000000 | Q:        nan | won: False 
#  166  aaa | steps:  1896 | steps_t:     0 | t: 1.007058 | r:  -510.000000 | e:   1.000000 | Q:        nan | won: False 
#  167  aaa | steps:  1907 | steps_t:     0 | t: 1.014058 | r:  -510.000000 | e:   1.000000 | Q:        nan | won: False 
#  168  aaa | steps:  1917 | steps_t:     0 | t: 1.021059 | r:  -509.000000 | e:   1.000000 | Q:        nan | won: False 
#  169  aaa | steps:  1925 | steps_t:     0 | t: 1.027059 | r:  -507.000000 | e:   1.000000 | Q:        nan | won: False 
#  170  aaa | steps:  1933 | steps_t:     0 | t: 1.031059 | r:  -507.000000 | e:   1.000000 | Q:        nan | won: False 
#  171  aaa | steps:  1939 | steps_t:     0 | t: 1.034059 | r:  -505.000000 | e:   1.000000 | Q:        nan | won: False 
#  172  aaa | steps:  1949 | steps_t:     0 | t: 1.039060 | r:  -509.000000 | e:   1.000000 | Q:        nan | won: False 
#  173  aaa | steps:  1957 | steps_t:     0 | t: 1.043060 | r:  -507.000000 | e:   1.000000 | Q:        nan | won: False 
#  174  aaa | steps:  1964 | steps_t:     0 | t: 1.047060 | r:  -506.000000 | e:   1.000000 | Q:        nan | won: False 
#  175  aaa | steps:  1979 | steps_t:     0 | t: 1.054060 | r:  -514.000000 | e:   1.000000 | Q:        nan | won: False 
#  176  aaa | steps:  1987 | steps_t:     0 | t: 1.058061 | r:  -507.000000 | e:   1.000000 | Q:        nan | won: False 
#  177  aaa | steps:  1999 | steps_t:     0 | t: 1.065061 | r:  -511.000000 | e:   1.000000 | Q:        nan | won: False 
#  178  aaa | steps:  2005 | steps_t:     0 | t: 1.068061 | r:  -505.000000 | e:   1.000000 | Q:        nan | won: False 
#  179  aaa | steps:  2011 | steps_t:     0 | t: 1.070061 | r:  -505.000000 | e:   1.000000 | Q:        nan | won: False 
#  180  aaa | steps:  2020 | steps_t:     0 | t: 1.074062 | r:  -508.000000 | e:   1.000000 | Q:        nan | won: False 
#  181  aaa | steps:  2026 | steps_t:     0 | t: 1.077062 | r:  -505.000000 | e:   1.000000 | Q:        nan | won: False 
#  182  aaa | steps:  2037 | steps_t:     0 | t: 1.083062 | r:  -510.000000 | e:   1.000000 | Q:        nan | won: False 
#  183  aaa | steps:  2043 | steps_t:     0 | t: 1.086062 | r:  -505.000000 | e:   1.000000 | Q:        nan | won: False 
#  184  aaa | steps:  2053 | steps_t:     0 | t: 1.090063 | r:  -509.000000 | e:   1.000000 | Q:        nan | won: False 
#  185  aaa | steps:  2068 | steps_t:     0 | t: 1.098063 | r:  -514.000000 | e:   1.000000 | Q:        nan | won: False 
#  186  aaa | steps:  2076 | steps_t:     0 | t: 1.102063 | r:  -507.000000 | e:   1.000000 | Q:        nan | won: False 
#  187  aaa | steps:  2092 | steps_t:     0 | t: 1.109064 | r:  -515.000000 | e:   1.000000 | Q:        nan | won: False 
#  188  aaa | steps:  2100 | steps_t:     0 | t: 1.113064 | r:  -507.000000 | e:   1.000000 | Q:        nan | won: False 
#  189  aaa | steps:  2110 | steps_t:     0 | t: 1.118064 | r:  -509.000000 | e:   1.000000 | Q:        nan | won: False 
#  190  aaa | steps:  2115 | steps_t:     0 | t: 1.120064 | r:  -504.000000 | e:   1.000000 | Q:        nan | won: False 
#  191  aaa | steps:  2128 | steps_t:     0 | t: 1.126065 | r:  -512.000000 | e:   1.000000 | Q:        nan | won: False 
#  192  aaa | steps:  2141 | steps_t:     0 | t: 1.134065 | r:  -501.000000 | e:   1.000000 | Q:        nan | won: False 
#  193  aaa | steps:  2150 | steps_t:     0 | t: 1.138065 | r:  -508.000000 | e:   1.000000 | Q:        nan | won: False 
#  194  aaa | steps:  2157 | steps_t:     0 | t: 1.142066 | r:  -506.000000 | e:   1.000000 | Q:        nan | won: False 
#  195  aaa | steps:  2164 | steps_t:     0 | t: 1.146066 | r:  -506.000000 | e:   1.000000 | Q:        nan | won: False 
#  196  aaa | steps:  2177 | steps_t:     0 | t: 1.152066 | r:  -512.000000 | e:   1.000000 | Q:        nan | won: False 
#  197  aaa | steps:  2191 | steps_t:     0 | t: 1.159066 | r:  -513.000000 | e:   1.000000 | Q:        nan | won: False 
#  198  aaa | steps:  2198 | steps_t:     0 | t: 1.163067 | r:  -506.000000 | e:   1.000000 | Q:        nan | won: False 
#  199  aaa | steps:  2213 | steps_t:     0 | t: 1.171067 | r:  -514.000000 | e:   1.000000 | Q:        nan | won: False 
#  200  aaa | steps:  2220 | steps_t:     0 | t: 1.174067 | r:  -506.000000 | e:   1.000000 | Q:        nan | won: False 
#  201  aaa | steps:  2226 | steps_t:     0 | t: 1.178068 | r:  -505.000000 | e:   1.000000 | Q:        nan | won: False 
#  202  aaa | steps:  2232 | steps_t:     0 | t: 1.186068 | r:  -505.000000 | e:   1.000000 | Q:        nan | won: False 
#  203  aaa | steps:  2240 | steps_t:     0 | t: 1.190068 | r:  -507.000000 | e:   1.000000 | Q:        nan | won: False 
#  204  aaa | steps:  2246 | steps_t:     0 | t: 1.194069 | r:  -505.000000 | e:   1.000000 | Q:        nan | won: False 
#  205  aaa | steps:  2264 | steps_t:     0 | t: 1.203069 | r:  -506.000000 | e:   1.000000 | Q:        nan | won: False 
#  206  aaa | steps:  2273 | steps_t:     0 | t: 1.208069 | r:  -508.000000 | e:   1.000000 | Q:        nan | won: False 
#  207  aaa | steps:  2284 | steps_t:     0 | t: 1.213070 | r:  -510.000000 | e:   1.000000 | Q:        nan | won: False 
#  208  aaa | steps:  2294 | steps_t:     0 | t: 1.219070 | r:  -509.000000 | e:   1.000000 | Q:        nan | won: False 
#  209  aaa | steps:  2305 | steps_t:     0 | t: 1.224070 | r:  -510.000000 | e:   1.000000 | Q:        nan | won: False 
#  210  aaa | steps:  2312 | steps_t:     0 | t: 1.228070 | r:  -506.000000 | e:   1.000000 | Q:        nan | won: False 
#  211  aaa | steps:  2326 | steps_t:     0 | t: 1.234071 | r:  -513.000000 | e:   1.000000 | Q:        nan | won: False 
#  212  aaa | steps:  2343 | steps_t:     0 | t: 1.244071 | r:  -505.000000 | e:   1.000000 | Q:        nan | won: False 
#  213  aaa | steps:  2362 | steps_t:     0 | t: 1.254072 | r:  -507.000000 | e:   1.000000 | Q:        nan | won: False 
#  214  aaa | steps:  2372 | steps_t:     0 | t: 1.258072 | r:  -509.000000 | e:   1.000000 | Q:        nan | won: False 
#  215  aaa | steps:  2386 | steps_t:     0 | t: 1.266073 | r:  -513.000000 | e:   1.000000 | Q:        nan | won: False 
#  216  aaa | steps:  2393 | steps_t:     0 | t: 1.269073 | r:  -506.000000 | e:   1.000000 | Q:        nan | won: False 
#  217  aaa | steps:  2413 | steps_t:     0 | t: 1.278073 | r:  -519.000000 | e:   1.000000 | Q:        nan | won: False 
#  218  aaa | steps:  2423 | steps_t:     0 | t: 1.283074 | r:  -509.000000 | e:   1.000000 | Q:        nan | won: False 
#  219  aaa | steps:  2434 | steps_t:     0 | t: 1.288074 | r:  -510.000000 | e:   1.000000 | Q:        nan | won: False 
#  220  aaa | steps:  2452 | steps_t:     0 | t: 1.296074 | r:  -517.000000 | e:   1.000000 | Q:        nan | won: False 
#  221  aaa | steps:  2471 | steps_t:     0 | t: 1.305075 | r:  -518.000000 | e:   1.000000 | Q:        nan | won: False 
#  222  aaa | steps:  2479 | steps_t:     0 | t: 1.309075 | r:  -507.000000 | e:   1.000000 | Q:        nan | won: False 
#  223  aaa | steps:  2488 | steps_t:     0 | t: 1.313075 | r:  -508.000000 | e:   1.000000 | Q:        nan | won: False 
#  224  aaa | steps:  2512 | steps_t:     0 | t: 1.324076 | r:  -523.000000 | e:   1.000000 | Q:        nan | won: False 
#  225  aaa | steps:  2523 | steps_t:     0 | t: 1.330076 | r:  -510.000000 | e:   1.000000 | Q:        nan | won: False 
#  226  aaa | steps:  2530 | steps_t:     0 | t: 1.333077 | r:  -506.000000 | e:   1.000000 | Q:        nan | won: False 
#  227  aaa | steps:  2538 | steps_t:     0 | t: 1.337077 | r:  -507.000000 | e:   1.000000 | Q:        nan | won: False 
#  228  aaa | steps:  2551 | steps_t:     0 | t: 1.343077 | r:  -501.000000 | e:   1.000000 | Q:        nan | won: False 
#  229  aaa | steps:  2564 | steps_t:     0 | t: 1.350078 | r:  -512.000000 | e:   1.000000 | Q:        nan | won: False 
#  230  aaa | steps:  2572 | steps_t:     0 | t: 1.354078 | r:  -507.000000 | e:   1.000000 | Q:        nan | won: False 
#  231  aaa | steps:  2579 | steps_t:     0 | t: 1.357078 | r:  -506.000000 | e:   1.000000 | Q:        nan | won: False 
#  232  aaa | steps:  2585 | steps_t:     0 | t: 1.360078 | r:  -505.000000 | e:   1.000000 | Q:        nan | won: False 
#  233  aaa | steps:  2590 | steps_t:     0 | t: 1.363078 | r:  -504.000000 | e:   1.000000 | Q:        nan | won: False 
#  234  aaa | steps:  2599 | steps_t:     0 | t: 1.367078 | r:  -508.000000 | e:   1.000000 | Q:        nan | won: False 
#  235  aaa | steps:  2610 | steps_t:     0 | t: 1.373079 | r:  -510.000000 | e:   1.000000 | Q:        nan | won: False 
#  236  aaa | steps:  2617 | steps_t:     0 | t: 1.377079 | r:  -506.000000 | e:   1.000000 | Q:        nan | won: False 
#  237  aaa | steps:  2622 | steps_t:     0 | t: 1.380079 | r:  -504.000000 | e:   1.000000 | Q:        nan | won: False 
#  238  aaa | steps:  2639 | steps_t:     0 | t: 1.389080 | r:  -516.000000 | e:   1.000000 | Q:        nan | won: False 
#  239  aaa | steps:  2646 | steps_t:     0 | t: 1.394080 | r:  -506.000000 | e:   1.000000 | Q:        nan | won: False 
#  240  aaa | steps:  2654 | steps_t:     0 | t: 1.398080 | r:  -507.000000 | e:   1.000000 | Q:        nan | won: False 
#  241  aaa | steps:  2664 | steps_t:     0 | t: 1.406081 | r:  -509.000000 | e:   1.000000 | Q:        nan | won: False 
#  242  aaa | steps:  2673 | steps_t:     0 | t: 1.412081 | r:  -508.000000 | e:   1.000000 | Q:        nan | won: False 
#  243  aaa | steps:  2718 | steps_t:     0 | t: 1.433082 | r:  -533.000000 | e:   1.000000 | Q:        nan | won: False 
#  244  aaa | steps:  2732 | steps_t:     0 | t: 1.439082 | r:  -513.000000 | e:   1.000000 | Q:        nan | won: False 
#  245  aaa | steps:  2754 | steps_t:     0 | t: 1.450083 | r:  -521.000000 | e:   1.000000 | Q:        nan | won: False 
#  246  aaa | steps:  2761 | steps_t:     0 | t: 1.453083 | r:  -506.000000 | e:   1.000000 | Q:        nan | won: False 
#  247  aaa | steps:  2770 | steps_t:     0 | t: 1.458084 | r:  -508.000000 | e:   1.000000 | Q:        nan | won: False 
#  248  aaa | steps:  2779 | steps_t:     0 | t: 1.463084 | r:  -508.000000 | e:   1.000000 | Q:        nan | won: False 
#  249  aaa | steps:  2787 | steps_t:     0 | t: 1.468084 | r:  -507.000000 | e:   1.000000 | Q:        nan | won: False 
#  250  aaa | steps:  2800 | steps_t:     0 | t: 1.474084 | r:  -512.000000 | e:   1.000000 | Q:        nan | won: False 
#  251  aaa | steps:  2807 | steps_t:     0 | t: 1.478085 | r:  -506.000000 | e:   1.000000 | Q:        nan | won: False 
#  252  aaa | steps:  2815 | steps_t:     0 | t: 1.482085 | r:  -507.000000 | e:   1.000000 | Q:        nan | won: False 
#  253  aaa | steps:  2823 | steps_t:     0 | t: 1.487085 | r:  -507.000000 | e:   1.000000 | Q:        nan | won: False 
#  254  aaa | steps:  2828 | steps_t:     0 | t: 1.489085 | r:  -504.000000 | e:   1.000000 | Q:        nan | won: False 
#  255  aaa | steps:  2840 | steps_t:     0 | t: 1.495086 | r:  -511.000000 | e:   1.000000 | Q:        nan | won: False 
#  256  aaa | steps:  2847 | steps_t:     0 | t: 1.499086 | r:  -506.000000 | e:   1.000000 | Q:        nan | won: False 
#  257  aaa | steps:  2857 | steps_t:     0 | t: 1.504086 | r:  -509.000000 | e:   1.000000 | Q:        nan | won: False 
#  258  aaa | steps:  2868 | steps_t:     0 | t: 1.510087 | r:  -510.000000 | e:   1.000000 | Q:        nan | won: False 
#  259  aaa | steps:  2874 | steps_t:     0 | t: 1.512087 | r:  -505.000000 | e:   1.000000 | Q:        nan | won: False 
#  260  aaa | steps:  2882 | steps_t:     0 | t: 1.516087 | r:  -507.000000 | e:   1.000000 | Q:        nan | won: False 
#  261  aaa | steps:  2892 | steps_t:     0 | t: 1.521087 | r:  -509.000000 | e:   1.000000 | Q:        nan | won: False 
#  262  aaa | steps:  2902 | steps_t:     0 | t: 1.526088 | r:  -509.000000 | e:   1.000000 | Q:        nan | won: False 
#  263  aaa | steps:  2912 | steps_t:     0 | t: 1.531088 | r:  -509.000000 | e:   1.000000 | Q:        nan | won: False 
#  264  aaa | steps:  2917 | steps_t:     0 | t: 1.533088 | r:  -504.000000 | e:   1.000000 | Q:        nan | won: False 
#  265  aaa | steps:  2933 | steps_t:     0 | t: 1.541088 | r:  -515.000000 | e:   1.000000 | Q:        nan | won: False 
#  266  aaa | steps:  2939 | steps_t:     0 | t: 1.544089 | r:  -505.000000 | e:   1.000000 | Q:        nan | won: False 
#  267  aaa | steps:  2950 | steps_t:     0 | t: 1.549089 | r:  -510.000000 | e:   1.000000 | Q:        nan | won: False 
#  268  aaa | steps:  2956 | steps_t:     0 | t: 1.552089 | r:  -505.000000 | e:   1.000000 | Q:        nan | won: False 
#  269  aaa | steps:  2974 | steps_t:     0 | t: 1.560089 | r:  -517.000000 | e:   1.000000 | Q:        nan | won: False 
#  270  aaa | steps:  2983 | steps_t:     0 | t: 1.565090 | r:  -508.000000 | e:   1.000000 | Q:        nan | won: False 
#  271  aaa | steps:  2992 | steps_t:     0 | t: 1.569090 | r:  -508.000000 | e:   1.000000 | Q:        nan | won: False 
#  272  aaa | steps:  3005 | steps_t:     0 | t: 1.575090 | r:  -512.000000 | e:   1.000000 | Q:        nan | won: False 
#  273  aaa | steps:  3010 | steps_t:     0 | t: 1.578090 | r:  -504.000000 | e:   1.000000 | Q:        nan | won: False 
#  274  aaa | steps:  3016 | steps_t:     0 | t: 1.581091 | r:  -505.000000 | e:   1.000000 | Q:        nan | won: False 
#  275  aaa | steps:  3021 | steps_t:     0 | t: 1.585091 | r:  -504.000000 | e:   1.000000 | Q:        nan | won: False 
#  276  aaa | steps:  3031 | steps_t:     0 | t: 1.591091 | r:  -509.000000 | e:   1.000000 | Q:        nan | won: False 
#  277  aaa | steps:  3045 | steps_t:     0 | t: 1.599092 | r:  -513.000000 | e:   1.000000 | Q:        nan | won: False 
#  278  aaa | steps:  3055 | steps_t:     0 | t: 1.604092 | r:  -509.000000 | e:   1.000000 | Q:        nan | won: False 
#  279  aaa | steps:  3062 | steps_t:     0 | t: 1.609092 | r:  -506.000000 | e:   1.000000 | Q:        nan | won: False 
#  280  aaa | steps:  3070 | steps_t:     0 | t: 1.614093 | r:  -507.000000 | e:   1.000000 | Q:        nan | won: False 
#  281  aaa | steps:  3083 | steps_t:     0 | t: 1.620093 | r:  -512.000000 | e:   1.000000 | Q:        nan | won: False 
#  282  aaa | steps:  3098 | steps_t:     0 | t: 1.629093 | r:  -514.000000 | e:   1.000000 | Q:        nan | won: False 
#  283  aaa | steps:  3107 | steps_t:     0 | t: 1.634094 | r:  -508.000000 | e:   1.000000 | Q:        nan | won: False 
#  284  aaa | steps:  3116 | steps_t:     0 | t: 1.639094 | r:  -508.000000 | e:   1.000000 | Q:        nan | won: False 
#  285  aaa | steps:  3139 | steps_t:     0 | t: 1.650095 | r:  -522.000000 | e:   1.000000 | Q:        nan | won: False 
#  286  aaa | steps:  3144 | steps_t:     0 | t: 1.653095 | r:  -504.000000 | e:   1.000000 | Q:        nan | won: False 
#  287  aaa | steps:  3160 | steps_t:     0 | t: 1.662095 | r:  -515.000000 | e:   1.000000 | Q:        nan | won: False 
#  288  aaa | steps:  3170 | steps_t:     0 | t: 1.666095 | r:  -509.000000 | e:   1.000000 | Q:        nan | won: False 
#  289  aaa | steps:  3182 | steps_t:     0 | t: 1.673096 | r:  -511.000000 | e:   1.000000 | Q:        nan | won: False 
#  290  aaa | steps:  3196 | steps_t:     0 | t: 1.680096 | r:  -513.000000 | e:   1.000000 | Q:        nan | won: False 
#  291  aaa | steps:  3204 | steps_t:     0 | t: 1.684097 | r:  -507.000000 | e:   1.000000 | Q:        nan | won: False 
#  292  aaa | steps:  3210 | steps_t:     0 | t: 1.687097 | r:  -505.000000 | e:   1.000000 | Q:        nan | won: False 
#  293  aaa | steps:  3220 | steps_t:     0 | t: 1.692097 | r:  -509.000000 | e:   1.000000 | Q:        nan | won: False 
#  294  aaa | steps:  3231 | steps_t:     0 | t: 1.697097 | r:  -510.000000 | e:   1.000000 | Q:        nan | won: False 
#  295  aaa | steps:  3240 | steps_t:     0 | t: 1.702097 | r:  -508.000000 | e:   1.000000 | Q:        nan | won: False 
#  296  aaa | steps:  3257 | steps_t:     0 | t: 1.710098 | r:  -516.000000 | e:   1.000000 | Q:        nan | won: False 
#  297  aaa | steps:  3265 | steps_t:     0 | t: 1.714098 | r:  -507.000000 | e:   1.000000 | Q:        nan | won: False 
#  298  aaa | steps:  3274 | steps_t:     0 | t: 1.719099 | r:  -508.000000 | e:   1.000000 | Q:        nan | won: False 
#  299  aaa | steps:  3284 | steps_t:     0 | t: 1.723099 | r:  -509.000000 | e:   1.000000 | Q:        nan | won: False 
#  300  aaa | steps:  3291 | steps_t:     0 | t: 1.727099 | r:  -506.000000 | e:   1.000000 | Q:        nan | won: False 
#  301  aaa | steps:  3299 | steps_t:     0 | t: 1.731099 | r:  -507.000000 | e:   1.000000 | Q:        nan | won: False 
#  302  aaa | steps:  3306 | steps_t:     0 | t: 1.734099 | r:  -506.000000 | e:   1.000000 | Q:        nan | won: False 
#  303  aaa | steps:  3318 | steps_t:     0 | t: 1.740100 | r:  -511.000000 | e:   1.000000 | Q:        nan | won: False 
#  304  aaa | steps:  3333 | steps_t:     0 | t: 1.748100 | r:  -514.000000 | e:   1.000000 | Q:        nan | won: False 
#  305  aaa | steps:  3343 | steps_t:     0 | t: 1.752100 | r:  -509.000000 | e:   1.000000 | Q:        nan | won: False 
#  306  aaa | steps:  3356 | steps_t:     0 | t: 1.758101 | r:  -512.000000 | e:   1.000000 | Q:        nan | won: False 
#  307  aaa | steps:  3364 | steps_t:     0 | t: 1.762101 | r:  -507.000000 | e:   1.000000 | Q:        nan | won: False 
#  308  aaa | steps:  3375 | steps_t:     0 | t: 1.768101 | r:  -510.000000 | e:   1.000000 | Q:        nan | won: False 
#  309  aaa | steps:  3385 | steps_t:     0 | t: 1.773102 | r:  -509.000000 | e:   1.000000 | Q:        nan | won: False 
#  310  aaa | steps:  3394 | steps_t:     0 | t: 1.777102 | r:  -508.000000 | e:   1.000000 | Q:        nan | won: False 
#  311  aaa | steps:  3400 | steps_t:     0 | t: 1.780102 | r:  -505.000000 | e:   1.000000 | Q:        nan | won: False 
#  312  aaa | steps:  3413 | steps_t:     0 | t: 1.786102 | r:  -512.000000 | e:   1.000000 | Q:        nan | won: False 
#  313  aaa | steps:  3422 | steps_t:     0 | t: 1.791103 | r:  -508.000000 | e:   1.000000 | Q:        nan | won: False 
#  314  aaa | steps:  3436 | steps_t:     0 | t: 1.799103 | r:  -502.000000 | e:   1.000000 | Q:        nan | won: False 
#  315  aaa | steps:  3446 | steps_t:     0 | t: 1.805104 | r:  -509.000000 | e:   1.000000 | Q:        nan | won: False 
#  316  aaa | steps:  3454 | steps_t:     0 | t: 1.809104 | r:  -507.000000 | e:   1.000000 | Q:        nan | won: False 
#  317  aaa | steps:  3472 | steps_t:     0 | t: 1.818104 | r:  -517.000000 | e:   1.000000 | Q:        nan | won: False 
#  318  aaa | steps:  3482 | steps_t:     0 | t: 1.824105 | r:  -509.000000 | e:   1.000000 | Q:        nan | won: False 
#  319  aaa | steps:  3487 | steps_t:     0 | t: 1.827105 | r:  -504.000000 | e:   1.000000 | Q:        nan | won: False 
#  320  aaa | steps:  3499 | steps_t:     0 | t: 1.834105 | r:  -511.000000 | e:   1.000000 | Q:        nan | won: False 
#  321  aaa | steps:  3509 | steps_t:     0 | t: 1.842105 | r:  -509.000000 | e:   1.000000 | Q:        nan | won: False 
#  322  aaa | steps:  3517 | steps_t:     0 | t: 1.847106 | r:  -507.000000 | e:   1.000000 | Q:        nan | won: False 
#  323  aaa | steps:  3523 | steps_t:     0 | t: 1.850106 | r:  -505.000000 | e:   1.000000 | Q:        nan | won: False 
#  324  aaa | steps:  3529 | steps_t:     0 | t: 1.855106 | r:  -505.000000 | e:   1.000000 | Q:        nan | won: False 
#  325  aaa | steps:  3540 | steps_t:     0 | t: 1.862107 | r:  -510.000000 | e:   1.000000 | Q:        nan | won: False 
#  326  aaa | steps:  3547 | steps_t:     0 | t: 1.866107 | r:  -506.000000 | e:   1.000000 | Q:        nan | won: False 
#  327  aaa | steps:  3556 | steps_t:     0 | t: 1.871107 | r:  -508.000000 | e:   1.000000 | Q:        nan | won: False 
#  328  aaa | steps:  3565 | steps_t:     0 | t: 1.875108 | r:  -508.000000 | e:   1.000000 | Q:        nan | won: False 
#  329  aaa | steps:  3572 | steps_t:     0 | t: 1.880108 | r:  -506.000000 | e:   1.000000 | Q:        nan | won: False 
#  330  aaa | steps:  3578 | steps_t:     0 | t: 1.883108 | r:  -505.000000 | e:   1.000000 | Q:        nan | won: False 
#  331  aaa | steps:  3587 | steps_t:     0 | t: 1.888108 | r:  -508.000000 | e:   1.000000 | Q:        nan | won: False 
#  332  aaa | steps:  3608 | steps_t:     0 | t: 1.901109 | r:  -520.000000 | e:   1.000000 | Q:        nan | won: False 
#  333  aaa | steps:  3614 | steps_t:     0 | t: 1.905109 | r:  -505.000000 | e:   1.000000 | Q:        nan | won: False 
#  334  aaa | steps:  3635 | steps_t:     0 | t: 1.915110 | r:  -520.000000 | e:   1.000000 | Q:        nan | won: False 
#  335  aaa | steps:  3644 | steps_t:     0 | t: 1.921110 | r:  -508.000000 | e:   1.000000 | Q:        nan | won: False 
#  336  aaa | steps:  3653 | steps_t:     0 | t: 1.925110 | r:  -508.000000 | e:   1.000000 | Q:        nan | won: False 
#  337  aaa | steps:  3668 | steps_t:     0 | t: 1.933111 | r:  -514.000000 | e:   1.000000 | Q:        nan | won: False 
#  338  aaa | steps:  3676 | steps_t:     0 | t: 1.937111 | r:  -507.000000 | e:   1.000000 | Q:        nan | won: False 
#  339  aaa | steps:  3691 | steps_t:     0 | t: 1.945112 | r:  -503.000000 | e:   1.000000 | Q:        nan | won: False 
#  340  aaa | steps:  3700 | steps_t:     0 | t: 1.949112 | r:  -508.000000 | e:   1.000000 | Q:        nan | won: False 
#  341  aaa | steps:  3710 | steps_t:     0 | t: 1.954112 | r:  -509.000000 | e:   1.000000 | Q:        nan | won: False 
#  342  aaa | steps:  3726 | steps_t:     0 | t: 1.961112 | r:  -515.000000 | e:   1.000000 | Q:        nan | won: False 
#  343  aaa | steps:  3742 | steps_t:     0 | t: 1.969113 | r:  -515.000000 | e:   1.000000 | Q:        nan | won: False 
#  344  aaa | steps:  3752 | steps_t:     0 | t: 1.974113 | r:  -509.000000 | e:   1.000000 | Q:        nan | won: False 
#  345  aaa | steps:  3771 | steps_t:     0 | t: 1.983114 | r:  -518.000000 | e:   1.000000 | Q:        nan | won: False 
#  346  aaa | steps:  3779 | steps_t:     0 | t: 1.987114 | r:  -507.000000 | e:   1.000000 | Q:        nan | won: False 
#  347  aaa | steps:  3790 | steps_t:     0 | t: 1.994114 | r:  -510.000000 | e:   1.000000 | Q:        nan | won: False 
#  348  aaa | steps:  3799 | steps_t:     0 | t: 1.999115 | r:  -508.000000 | e:   1.000000 | Q:        nan | won: False 
#  349  aaa | steps:  3811 | steps_t:     0 | t: 2.005115 | r:  -511.000000 | e:   1.000000 | Q:        nan | won: False 
#  350  aaa | steps:  3818 | steps_t:     0 | t: 2.009115 | r:  -506.000000 | e:   1.000000 | Q:        nan | won: False 
#  351  aaa | steps:  3829 | steps_t:     0 | t: 2.014115 | r:  -510.000000 | e:   1.000000 | Q:        nan | won: False 
#  352  aaa | steps:  3838 | steps_t:     0 | t: 2.021116 | r:  -508.000000 | e:   1.000000 | Q:        nan | won: False 
#  353  aaa | steps:  3848 | steps_t:     0 | t: 2.026116 | r:  -509.000000 | e:   1.000000 | Q:        nan | won: False 
#  354  aaa | steps:  3873 | steps_t:     0 | t: 2.038117 | r:  -524.000000 | e:   1.000000 | Q:        nan | won: False 
#  355  aaa | steps:  3881 | steps_t:     0 | t: 2.044117 | r:  -507.000000 | e:   1.000000 | Q:        nan | won: False 
#  356  aaa | steps:  3893 | steps_t:     0 | t: 2.050117 | r:  -511.000000 | e:   1.000000 | Q:        nan | won: False 
#  357  aaa | steps:  3902 | steps_t:     0 | t: 2.055118 | r:  -508.000000 | e:   1.000000 | Q:        nan | won: False 
#  358  aaa | steps:  3924 | steps_t:     0 | t: 2.066118 | r:  -521.000000 | e:   1.000000 | Q:        nan | won: False 
#  359  aaa | steps:  3932 | steps_t:     0 | t: 2.069118 | r:  -507.000000 | e:   1.000000 | Q:        nan | won: False 
#  360  aaa | steps:  3942 | steps_t:     0 | t: 2.074119 | r:  -509.000000 | e:   1.000000 | Q:        nan | won: False 
#  361  aaa | steps:  3957 | steps_t:     0 | t: 2.082119 | r:  -514.000000 | e:   1.000000 | Q:        nan | won: False 
#  362  aaa | steps:  3968 | steps_t:     0 | t: 2.088120 | r:  -510.000000 | e:   1.000000 | Q:        nan | won: False 
#  363  aaa | steps:  3977 | steps_t:     0 | t: 2.093120 | r:  -508.000000 | e:   1.000000 | Q:        nan | won: False 
#  364  aaa | steps:  3986 | steps_t:     0 | t: 2.098120 | r:  -508.000000 | e:   1.000000 | Q:        nan | won: False 
#  365  aaa | steps:  4005 | steps_t:     0 | t: 2.106121 | r:  -518.000000 | e:   1.000000 | Q:        nan | won: False 
#  366  aaa | steps:  4011 | steps_t:     0 | t: 2.110121 | r:  -505.000000 | e:   1.000000 | Q:        nan | won: False 
#  367  aaa | steps:  4019 | steps_t:     0 | t: 2.114121 | r:  -507.000000 | e:   1.000000 | Q:        nan | won: False 
#  368  aaa | steps:  4029 | steps_t:     0 | t: 2.119121 | r:  -509.000000 | e:   1.000000 | Q:        nan | won: False 
#  369  aaa | steps:  4035 | steps_t:     0 | t: 2.123122 | r:  -505.000000 | e:   1.000000 | Q:        nan | won: False 
#  370  aaa | steps:  4043 | steps_t:     0 | t: 2.127122 | r:  -507.000000 | e:   1.000000 | Q:        nan | won: False 
#  371  aaa | steps:  4056 | steps_t:     0 | t: 2.133122 | r:  -512.000000 | e:   1.000000 | Q:        nan | won: False 
#  372  aaa | steps:  4081 | steps_t:     0 | t: 2.144123 | r:  -524.000000 | e:   1.000000 | Q:        nan | won: False 
#  373  aaa | steps:  4097 | steps_t:     0 | t: 2.152123 | r:  -515.000000 | e:   1.000000 | Q:        nan | won: False 
#  374  aaa | steps:  4108 | steps_t:     0 | t: 2.158124 | r:  -510.000000 | e:   1.000000 | Q:        nan | won: False 
#  375  aaa | steps:  4118 | steps_t:     0 | t: 2.162124 | r:  -509.000000 | e:   1.000000 | Q:        nan | won: False 
#  376  aaa | steps:  4127 | steps_t:     0 | t: 2.167124 | r:  -508.000000 | e:   1.000000 | Q:        nan | won: False 
#  377  aaa | steps:  4143 | steps_t:     0 | t: 2.175125 | r:  -515.000000 | e:   1.000000 | Q:        nan | won: False 
#  378  aaa | steps:  4159 | steps_t:     0 | t: 2.183125 | r:  -515.000000 | e:   1.000000 | Q:        nan | won: False 
#  379  aaa | steps:  4167 | steps_t:     0 | t: 2.187125 | r:  -507.000000 | e:   1.000000 | Q:        nan | won: False 
#  380  aaa | steps:  4177 | steps_t:     0 | t: 2.192126 | r:  -509.000000 | e:   1.000000 | Q:        nan | won: False 
#  381  aaa | steps:  4188 | steps_t:     0 | t: 2.197126 | r:  -510.000000 | e:   1.000000 | Q:        nan | won: False 
#  382  aaa | steps:  4199 | steps_t:     0 | t: 2.204126 | r:  -510.000000 | e:   1.000000 | Q:        nan | won: False 
#  383  aaa | steps:  4211 | steps_t:     0 | t: 2.210127 | r:  -511.000000 | e:   1.000000 | Q:        nan | won: False 
#  384  aaa | steps:  4218 | steps_t:     0 | t: 2.215127 | r:  -506.000000 | e:   1.000000 | Q:        nan | won: False 
#  385  aaa | steps:  4227 | steps_t:     0 | t: 2.219127 | r:  -508.000000 | e:   1.000000 | Q:        nan | won: False 
#  386  aaa | steps:  4236 | steps_t:     0 | t: 2.224127 | r:  -508.000000 | e:   1.000000 | Q:        nan | won: False 
#  387  aaa | steps:  4248 | steps_t:     0 | t: 2.231128 | r:  -511.000000 | e:   1.000000 | Q:        nan | won: False 
#  388  aaa | steps:  4269 | steps_t:     0 | t: 2.243129 | r:  -520.000000 | e:   1.000000 | Q:        nan | won: False 
#  389  aaa | steps:  4277 | steps_t:     0 | t: 2.247129 | r:  -507.000000 | e:   1.000000 | Q:        nan | won: False 
#  390  aaa | steps:  4288 | steps_t:     0 | t: 2.254129 | r:  -510.000000 | e:   1.000000 | Q:        nan | won: False 
#  391  aaa | steps:  4294 | steps_t:     0 | t: 2.257129 | r:  -505.000000 | e:   1.000000 | Q:        nan | won: False 
#  392  aaa | steps:  4302 | steps_t:     0 | t: 2.261130 | r:  -507.000000 | e:   1.000000 | Q:        nan | won: False 
#  393  aaa | steps:  4311 | steps_t:     0 | t: 2.266130 | r:  -508.000000 | e:   1.000000 | Q:        nan | won: False 
#  394  aaa | steps:  4320 | steps_t:     0 | t: 2.271130 | r:  -508.000000 | e:   1.000000 | Q:        nan | won: False 
#  395  aaa | steps:  4330 | steps_t:     0 | t: 2.277131 | r:  -509.000000 | e:   1.000000 | Q:        nan | won: False 
#  396  aaa | steps:  4339 | steps_t:     0 | t: 2.281131 | r:  -508.000000 | e:   1.000000 | Q:        nan | won: False 
#  397  aaa | steps:  4348 | steps_t:     0 | t: 2.286131 | r:  -508.000000 | e:   1.000000 | Q:        nan | won: False 
#  398  aaa | steps:  4356 | steps_t:     0 | t: 2.290131 | r:  -507.000000 | e:   1.000000 | Q:        nan | won: False 
#  399  aaa | steps:  4366 | steps_t:     0 | t: 2.295131 | r:  -509.000000 | e:   1.000000 | Q:        nan | won: False 
#  400  aaa | steps:  4374 | steps_t:     0 | t: 2.301132 | r:  -507.000000 | e:   1.000000 | Q:        nan | won: False 
#  401  aaa | steps:  4391 | steps_t:     0 | t: 2.316133 | r:  -516.000000 | e:   1.000000 | Q:        nan | won: False 
#  402  aaa | steps:  4401 | steps_t:     0 | t: 2.321133 | r:  -509.000000 | e:   1.000000 | Q:        nan | won: False 
#  403  aaa | steps:  4422 | steps_t:     0 | t: 2.330133 | r:  -520.000000 | e:   1.000000 | Q:        nan | won: False 
#  404  aaa | steps:  4440 | steps_t:     0 | t: 2.339134 | r:  -517.000000 | e:   1.000000 | Q:        nan | won: False 
#  405  aaa | steps:  4447 | steps_t:     0 | t: 2.342134 | r:  -506.000000 | e:   1.000000 | Q:        nan | won: False 
#  406  aaa | steps:  4455 | steps_t:     0 | t: 2.346134 | r:  -507.000000 | e:   1.000000 | Q:        nan | won: False 
#  407  aaa | steps:  4464 | steps_t:     0 | t: 2.350135 | r:  -508.000000 | e:   1.000000 | Q:        nan | won: False 
#  408  aaa | steps:  4478 | steps_t:     0 | t: 2.357135 | r:  -513.000000 | e:   1.000000 | Q:        nan | won: False 
#  409  aaa | steps:  4485 | steps_t:     0 | t: 2.361135 | r:  -506.000000 | e:   1.000000 | Q:        nan | won: False 
#  410  aaa | steps:  4492 | steps_t:     0 | t: 2.364136 | r:  -506.000000 | e:   1.000000 | Q:        nan | won: False 
#  411  aaa | steps:  4504 | steps_t:     0 | t: 2.370136 | r:  -511.000000 | e:   1.000000 | Q:        nan | won: False 
#  412  aaa | steps:  4514 | steps_t:     0 | t: 2.375136 | r:  -509.000000 | e:   1.000000 | Q:        nan | won: False 
#  413  aaa | steps:  4519 | steps_t:     0 | t: 2.377136 | r:  -504.000000 | e:   1.000000 | Q:        nan | won: False 
#  414  aaa | steps:  4528 | steps_t:     0 | t: 2.382136 | r:  -508.000000 | e:   1.000000 | Q:        nan | won: False 
#  415  aaa | steps:  4548 | steps_t:     0 | t: 2.392137 | r:  -519.000000 | e:   1.000000 | Q:        nan | won: False 
#  416  aaa | steps:  4560 | steps_t:     0 | t: 2.398138 | r:  -511.000000 | e:   1.000000 | Q:        nan | won: False 
#  417  aaa | steps:  4566 | steps_t:     0 | t: 2.401138 | r:  -505.000000 | e:   1.000000 | Q:        nan | won: False 
#  418  aaa | steps:  4580 | steps_t:     0 | t: 2.409138 | r:  -502.000000 | e:   1.000000 | Q:        nan | won: False 
#  419  aaa | steps:  4589 | steps_t:     0 | t: 2.414138 | r:  -508.000000 | e:   1.000000 | Q:        nan | won: False 
#  420  aaa | steps:  4600 | steps_t:     0 | t: 2.419139 | r:  -510.000000 | e:   1.000000 | Q:        nan | won: False 
#  421  aaa | steps:  4617 | steps_t:     0 | t: 2.429139 | r:  -516.000000 | e:   1.000000 | Q:        nan | won: False 
#  422  aaa | steps:  4627 | steps_t:     0 | t: 2.434139 | r:  -509.000000 | e:   1.000000 | Q:        nan | won: False 
#  423  aaa | steps:  4633 | steps_t:     0 | t: 2.438140 | r:  -505.000000 | e:   1.000000 | Q:        nan | won: False 
#  424  aaa | steps:  4642 | steps_t:     0 | t: 2.442140 | r:  -508.000000 | e:   1.000000 | Q:        nan | won: False 
#  425  aaa | steps:  4662 | steps_t:     0 | t: 2.454140 | r:  -519.000000 | e:   1.000000 | Q:        nan | won: False 
#  426  aaa | steps:  4672 | steps_t:     0 | t: 2.460141 | r:  -509.000000 | e:   1.000000 | Q:        nan | won: False 
#  427  aaa | steps:  4684 | steps_t:     0 | t: 2.466141 | r:  -511.000000 | e:   1.000000 | Q:        nan | won: False 
#  428  aaa | steps:  4692 | steps_t:     0 | t: 2.470142 | r:  -507.000000 | e:   1.000000 | Q:        nan | won: False 
#  429  aaa | steps:  4697 | steps_t:     0 | t: 2.473142 | r:  -504.000000 | e:   1.000000 | Q:        nan | won: False 
#  430  aaa | steps:  4705 | steps_t:     0 | t: 2.477142 | r:  -507.000000 | e:   1.000000 | Q:        nan | won: False 
#  431  aaa | steps:  4712 | steps_t:     0 | t: 2.481142 | r:  -506.000000 | e:   1.000000 | Q:        nan | won: False 
#  432  aaa | steps:  4730 | steps_t:     0 | t: 2.489143 | r:  -517.000000 | e:   1.000000 | Q:        nan | won: False 
#  433  aaa | steps:  4744 | steps_t:     0 | t: 2.496143 | r:  -513.000000 | e:   1.000000 | Q:        nan | won: False 
#  434  aaa | steps:  4751 | steps_t:     0 | t: 2.500143 | r:  -506.000000 | e:   1.000000 | Q:        nan | won: False 
#  435  aaa | steps:  4756 | steps_t:     0 | t: 2.503143 | r:  -504.000000 | e:   1.000000 | Q:        nan | won: False 
#  436  aaa | steps:  4765 | steps_t:     0 | t: 2.508144 | r:  -508.000000 | e:   1.000000 | Q:        nan | won: False 
#  437  aaa | steps:  4775 | steps_t:     0 | t: 2.513144 | r:  -509.000000 | e:   1.000000 | Q:        nan | won: False 
#  438  aaa | steps:  4788 | steps_t:     0 | t: 2.520144 | r:  -512.000000 | e:   1.000000 | Q:        nan | won: False 
#  439  aaa | steps:  4796 | steps_t:     0 | t: 2.524144 | r:  -507.000000 | e:   1.000000 | Q:        nan | won: False 
#  440  aaa | steps:  4810 | steps_t:     0 | t: 2.531145 | r:  -513.000000 | e:   1.000000 | Q:        nan | won: False 
#  441  aaa | steps:  4820 | steps_t:     0 | t: 2.536145 | r:  -509.000000 | e:   1.000000 | Q:        nan | won: False 
#  442  aaa | steps:  4827 | steps_t:     0 | t: 2.539146 | r:  -506.000000 | e:   1.000000 | Q:        nan | won: False 
#  443  aaa | steps:  4838 | steps_t:     0 | t: 2.544146 | r:  -510.000000 | e:   1.000000 | Q:        nan | won: False 
#  444  aaa | steps:  4849 | steps_t:     0 | t: 2.549146 | r:  -510.000000 | e:   1.000000 | Q:        nan | won: False 
#  445  aaa | steps:  4858 | steps_t:     0 | t: 2.554146 | r:  -508.000000 | e:   1.000000 | Q:        nan | won: False 
#  446  aaa | steps:  4867 | steps_t:     0 | t: 2.558147 | r:  -508.000000 | e:   1.000000 | Q:        nan | won: False 
#  447  aaa | steps:  4873 | steps_t:     0 | t: 2.561147 | r:  -505.000000 | e:   1.000000 | Q:        nan | won: False 
#  448  aaa | steps:  4882 | steps_t:     0 | t: 2.565147 | r:  -508.000000 | e:   1.000000 | Q:        nan | won: False 
#  449  aaa | steps:  4902 | steps_t:     0 | t: 2.574147 | r:  -519.000000 | e:   1.000000 | Q:        nan | won: False 
#  450  aaa | steps:  4913 | steps_t:     0 | t: 2.580148 | r:  -510.000000 | e:   1.000000 | Q:        nan | won: False 
#  451  aaa | steps:  4922 | steps_t:     0 | t: 2.584148 | r:  -508.000000 | e:   1.000000 | Q:        nan | won: False 
#  452  aaa | steps:  4929 | steps_t:     0 | t: 2.588148 | r:  -506.000000 | e:   1.000000 | Q:        nan | won: False 
#  453  aaa | steps:  4941 | steps_t:     0 | t: 2.594148 | r:  -511.000000 | e:   1.000000 | Q:        nan | won: False 
#  454  aaa | steps:  4960 | steps_t:     0 | t: 2.602149 | r:  -507.000000 | e:   1.000000 | Q:        nan | won: False 
#  455  aaa | steps:  4969 | steps_t:     0 | t: 2.607149 | r:  -508.000000 | e:   1.000000 | Q:        nan | won: False 
#  456  aaa | steps:  4978 | steps_t:     0 | t: 2.612150 | r:  -508.000000 | e:   1.000000 | Q:        nan | won: False 
#  457  aaa | steps:  4986 | steps_t:     0 | t: 2.618150 | r:  -507.000000 | e:   1.000000 | Q:        nan | won: False 
#  458  aaa | steps:  5006 | steps_t:     4 | t: 3.461198 | r:  -519.000000 | e:   0.999600 | Q:        nan | won: False 
#  459  aaa | steps:  5024 | steps_t:    21 | t: 3.631208 | r:  -517.000000 | e:   0.997900 | Q:        nan | won: False 
#  460  aaa | steps:  5030 | steps_t:    26 | t: 3.684211 | r:  -505.000000 | e:   0.997400 | Q:        nan | won: False 
#  461  aaa | steps:  5040 | steps_t:    35 | t: 3.772216 | r:  -509.000000 | e:   0.996500 | Q:        nan | won: False 
#  462  aaa | steps:  5045 | steps_t:    39 | t: 3.811218 | r:  -504.000000 | e:   0.996100 | Q:        nan | won: False 
#  463  aaa | steps:  5053 | steps_t:    46 | t: 3.876222 | r:  -507.000000 | e:   0.995400 | Q:        nan | won: False 
#  464  aaa | steps:  5066 | steps_t:    58 | t: 3.995229 | r:  -512.000000 | e:   0.994200 | Q:        nan | won: False 
#  465  aaa | steps:  5076 | steps_t:    67 | t: 4.100235 | r:  -509.000000 | e:   0.993300 | Q:        nan | won: False 
#  466  aaa | steps:  5088 | steps_t:    78 | t: 4.206241 | r:  -511.000000 | e:   0.992200 | Q:        nan | won: False 
#  467  aaa | steps:  5105 | steps_t:    94 | t: 4.357249 | r:  -516.000000 | e:   0.990600 | Q:        nan | won: False 
#  468  aaa | steps:  5114 | steps_t:   102 | t: 4.436254 | r:  -508.000000 | e:   0.989800 | Q:        nan | won: False 
#  469  aaa | steps:  5121 | steps_t:   108 | t: 4.493257 | r:  -506.000000 | e:   0.989200 | Q:        nan | won: False 
#  470  aaa | steps:  5133 | steps_t:   119 | t: 4.608264 | r:  -511.000000 | e:   0.988100 | Q:        nan | won: False 
#  471  aaa | steps:  5147 | steps_t:   132 | t: 4.764273 | r:  -513.000000 | e:   0.986800 | Q: -258.665985 | won: False 
#  472  aaa | steps:  5156 | steps_t:   140 | t: 4.856278 | r:  -508.000000 | e:   0.986000 | Q:        nan | won: False 
#  473  aaa | steps:  5173 | steps_t:   156 | t: 5.011287 | r:  -516.000000 | e:   0.984400 | Q:        nan | won: False 
#  474  aaa | steps:  5216 | steps_t:   198 | t: 5.414310 | r:  -542.000000 | e:   0.980200 | Q:        nan | won: False 
#  475  aaa | steps:  5225 | steps_t:   206 | t: 5.498315 | r:  -508.000000 | e:   0.979400 | Q:        nan | won: False 
#  476  aaa | steps:  5232 | steps_t:   212 | t: 5.558318 | r:  -506.000000 | e:   0.978800 | Q: -283.939056 | won: False 
#  477  aaa | steps:  5246 | steps_t:   225 | t: 5.687325 | r:  -513.000000 | e:   0.977500 | Q:        nan | won: False 
#  478  aaa | steps:  5254 | steps_t:   232 | t: 5.753329 | r:  -507.000000 | e:   0.976800 | Q:        nan | won: False 
#  479  aaa | steps:  5265 | steps_t:   242 | t: 5.847335 | r:  -510.000000 | e:   0.975800 | Q:        nan | won: False 
#  480  aaa | steps:  5273 | steps_t:   249 | t: 5.910338 | r:  -507.000000 | e:   0.975100 | Q:        nan | won: False 
#  481  aaa | steps:  5284 | steps_t:   259 | t: 6.001343 | r:  -510.000000 | e:   0.974100 | Q: -319.815277 | won: False 
#  482  aaa | steps:  5292 | steps_t:   266 | t: 6.066347 | r:  -507.000000 | e:   0.973400 | Q:        nan | won: False 
#  483  aaa | steps:  5299 | steps_t:   272 | t: 6.123350 | r:  -506.000000 | e:   0.972800 | Q:        nan | won: False 
#  484  aaa | steps:  5320 | steps_t:   292 | t: 6.318362 | r:  -509.000000 | e:   0.970800 | Q: -317.877594 | won: False 
#  485  aaa | steps:  5343 | steps_t:   314 | t: 6.529374 | r:  -522.000000 | e:   0.968600 | Q: -294.620087 | won: False 
#  486  aaa | steps:  5351 | steps_t:   321 | t: 6.594377 | r:  -507.000000 | e:   0.967900 | Q:        nan | won: False 
#  487  aaa | steps:  5360 | steps_t:   329 | t: 6.669382 | r:  -508.000000 | e:   0.967100 | Q:        nan | won: False 
#  488  aaa | steps:  5365 | steps_t:   333 | t: 6.709384 | r:  -504.000000 | e:   0.966700 | Q:        nan | won: False 
#  489  aaa | steps:  5374 | steps_t:   341 | t: 6.786388 | r:  -508.000000 | e:   0.965900 | Q:        nan | won: False 
#  490  aaa | steps:  5383 | steps_t:   349 | t: 6.863393 | r:  -508.000000 | e:   0.965100 | Q:        nan | won: False 
#  491  aaa | steps:  5393 | steps_t:   358 | t: 6.951398 | r:  -509.000000 | e:   0.964200 | Q:        nan | won: False 
#  492  aaa | steps:  5401 | steps_t:   365 | t: 7.018402 | r:  -507.000000 | e:   0.963500 | Q:        nan | won: False 
#  493  aaa | steps:  5409 | steps_t:   372 | t: 7.086406 | r:  -507.000000 | e:   0.962800 | Q: -281.990051 | won: False 
#  494  aaa | steps:  5419 | steps_t:   381 | t: 7.174411 | r:  -509.000000 | e:   0.961900 | Q:        nan | won: False 
#  495  aaa | steps:  5427 | steps_t:   388 | t: 7.241414 | r:  -507.000000 | e:   0.961200 | Q:        nan | won: False 
#  496  aaa | steps:  5440 | steps_t:   400 | t: 7.353421 | r:  -512.000000 | e:   0.960000 | Q:        nan | won: False 
#  497  aaa | steps:  5450 | steps_t:   409 | t: 7.438426 | r:  -509.000000 | e:   0.959100 | Q:        nan | won: False 
