#    1 | steps:    27 | steps_t:     0 | t: 0.126007 | r:  -460.000000 | e:   1.000000 | Q:        nan | won: False 
#    2 | steps:    79 | steps_t:     0 | t: 0.205012 | r:  -452.000000 | e:   1.000000 | Q:        nan | won: False 
#    3 | steps:   139 | steps_t:     0 | t: 0.296017 | r:  -493.000000 | e:   1.000000 | Q:        nan | won: False 
#    4 | steps:   298 | steps_t:     0 | t: 0.539031 | r:  -548.000000 | e:   1.000000 | Q:        nan | won: False 
#    5 | steps:   340 | steps_t:     0 | t: 0.604034 | r:  -464.000000 | e:   1.000000 | Q:        nan | won: False 
#    6 | steps:   508 | steps_t:     0 | t: 0.859049 | r:  -458.000000 | e:   1.000000 | Q:        nan | won: False 
#    7 | steps:   622 | steps_t:     0 | t: 1.034059 | r:  -397.000000 | e:   1.000000 | Q:        nan | won: False 
#    8 | steps:   706 | steps_t:     0 | t: 1.162066 | r:  -429.000000 | e:   1.000000 | Q:        nan | won: False 
#    9 | steps:   766 | steps_t:     0 | t: 1.253072 | r:  -504.000000 | e:   1.000000 | Q:        nan | won: False 
#   10 | steps:   857 | steps_t:     0 | t: 1.391079 | r:  -469.000000 | e:   1.000000 | Q:        nan | won: False 
#   11 | steps:   941 | steps_t:     0 | t: 1.518087 | r:  -528.000000 | e:   1.000000 | Q:        nan | won: False 
#   12 | steps:  1011 | steps_t:     0 | t: 1.624093 | r:  -448.000000 | e:   1.000000 | Q:        nan | won: False 
#   13 | steps:  1058 | steps_t:     0 | t: 1.696097 | r:  -447.000000 | e:   1.000000 | Q:        nan | won: False 
#   14 | steps:  1104 | steps_t:     0 | t: 1.771101 | r:  -391.000000 | e:   1.000000 | Q:        nan | won: False 
#   15 | steps:  1122 | steps_t:     0 | t: 1.803103 | r:  -440.000000 | e:   1.000000 | Q:        nan | won: False 
#   16 | steps:  1163 | steps_t:     0 | t: 1.866107 | r:  -474.000000 | e:   1.000000 | Q:        nan | won: False 
#   17 | steps:  1217 | steps_t:     0 | t: 1.949111 | r:  -454.000000 | e:   1.000000 | Q:        nan | won: False 
#   18 | steps:  1305 | steps_t:     0 | t: 2.081119 | r:  -477.000000 | e:   1.000000 | Q:        nan | won: False 
#   19 | steps:  1355 | steps_t:     0 | t: 2.157123 | r:  -483.000000 | e:   1.000000 | Q:        nan | won: False 
#   20 | steps:  1442 | steps_t:     0 | t: 2.295131 | r:  -531.000000 | e:   1.000000 | Q:        nan | won: False 
#   21 | steps:  1498 | steps_t:     0 | t: 2.382136 | r:  -456.000000 | e:   1.000000 | Q:        nan | won: False 
#   22 | steps:  1562 | steps_t:     0 | t: 2.480142 | r:  -508.000000 | e:   1.000000 | Q:        nan | won: False 
#   23 | steps:  1625 | steps_t:     0 | t: 2.576147 | r:  -474.000000 | e:   1.000000 | Q:        nan | won: False 
#   24 | steps:  1679 | steps_t:     0 | t: 2.662152 | r:  -443.000000 | e:   1.000000 | Q:        nan | won: False 
#   25 | steps:  1732 | steps_t:     0 | t: 2.838162 | r:  -497.000000 | e:   1.000000 | Q:        nan | won: False 
#   26 | steps:  1802 | steps_t:     0 | t: 2.950169 | r:  -415.000000 | e:   1.000000 | Q:        nan | won: False 
#   27 | steps:  1829 | steps_t:     0 | t: 2.994171 | r:  -482.000000 | e:   1.000000 | Q:        nan | won: False 
#   28 | steps:  1990 | steps_t:     0 | t: 3.242185 | r:  -330.000000 | e:   1.000000 | Q:        nan | won: False 
#   29 | steps:  2032 | steps_t:     0 | t: 3.305189 | r:  -464.000000 | e:   1.000000 | Q:        nan | won: False 
#   30 | steps:  2151 | steps_t:     0 | t: 3.484199 | r:  -442.000000 | e:   1.000000 | Q:        nan | won: False 
#   31 | steps:  2181 | steps_t:     0 | t: 3.531202 | r:  -485.000000 | e:   1.000000 | Q:        nan | won: False 
#   32 | steps:  2217 | steps_t:     0 | t: 3.585205 | r:  -480.000000 | e:   1.000000 | Q:        nan | won: False 
#   33 | steps:  2258 | steps_t:     0 | t: 3.650209 | r:  -430.000000 | e:   1.000000 | Q:        nan | won: False 
#   34 | steps:  2340 | steps_t:     0 | t: 3.785216 | r:  -394.000000 | e:   1.000000 | Q:        nan | won: False 
#   35 | steps:  2359 | steps_t:     0 | t: 3.815218 | r:  -485.000000 | e:   1.000000 | Q:        nan | won: False 
#   36 | steps:  2400 | steps_t:     0 | t: 3.877222 | r:  -463.000000 | e:   1.000000 | Q:        nan | won: False 
#   37 | steps:  2489 | steps_t:     0 | t: 4.013229 | r:  -412.000000 | e:   1.000000 | Q:        nan | won: False 
#   38 | steps:  2572 | steps_t:     0 | t: 4.139237 | r:  -483.000000 | e:   1.000000 | Q:        nan | won: False 
#   39 | steps:  2616 | steps_t:     0 | t: 4.206240 | r:  -499.000000 | e:   1.000000 | Q:        nan | won: False 
#   40 | steps:  2705 | steps_t:     0 | t: 4.340248 | r:  -533.000000 | e:   1.000000 | Q:        nan | won: False 
#   41 | steps:  2747 | steps_t:     0 | t: 4.405252 | r:  -464.000000 | e:   1.000000 | Q:        nan | won: False 
#   42 | steps:  2783 | steps_t:     0 | t: 4.464255 | r:  -458.000000 | e:   1.000000 | Q:        nan | won: False 
#   43 | steps:  2830 | steps_t:     0 | t: 4.535259 | r:  -447.000000 | e:   1.000000 | Q:        nan | won: False 
#   44 | steps:  2895 | steps_t:     0 | t: 4.630265 | r:  -421.000000 | e:   1.000000 | Q:        nan | won: False 
#   45 | steps:  2992 | steps_t:     0 | t: 4.773273 | r:  -398.000000 | e:   1.000000 | Q:        nan | won: False 
#   46 | steps:  3066 | steps_t:     0 | t: 4.902280 | r:  -496.000000 | e:   1.000000 | Q:        nan | won: False 
#   47 | steps:  3135 | steps_t:     0 | t: 5.043288 | r:  -513.000000 | e:   1.000000 | Q:        nan | won: False 
#   48 | steps:  3192 | steps_t:     0 | t: 5.128293 | r:  -435.000000 | e:   1.000000 | Q:        nan | won: False 
#   49 | steps:  3213 | steps_t:     0 | t: 5.160295 | r:  -487.000000 | e:   1.000000 | Q:        nan | won: False 
#   50 | steps:  3344 | steps_t:     0 | t: 5.358306 | r:  -432.000000 | e:   1.000000 | Q:        nan | won: False 
#   51 | steps:  3447 | steps_t:     0 | t: 5.516315 | r:  -349.000000 | e:   1.000000 | Q:        nan | won: False 
#   52 | steps:  3470 | steps_t:     0 | t: 5.550317 | r:  -467.000000 | e:   1.000000 | Q:        nan | won: False 
#   53 | steps:  3513 | steps_t:     0 | t: 5.616321 | r:  -421.000000 | e:   1.000000 | Q:        nan | won: False 
#   54 | steps:  3547 | steps_t:     0 | t: 5.668324 | r:  -401.000000 | e:   1.000000 | Q:        nan | won: False 
#   55 | steps:  3615 | steps_t:     0 | t: 5.891337 | r:  -457.000000 | e:   1.000000 | Q:        nan | won: False 
#   56 | steps:  3679 | steps_t:     0 | t: 5.990343 | r:  -497.000000 | e:   1.000000 | Q:        nan | won: False 
#   57 | steps:  3813 | steps_t:     0 | t: 6.192354 | r:  -424.000000 | e:   1.000000 | Q:        nan | won: False 
#   58 | steps:  3878 | steps_t:     0 | t: 6.289360 | r:  -443.000000 | e:   1.000000 | Q:        nan | won: False 
#   59 | steps:  4005 | steps_t:     0 | t: 6.482371 | r:  -483.000000 | e:   1.000000 | Q:        nan | won: False 
#   60 | steps:  4082 | steps_t:     0 | t: 6.601377 | r:  -499.000000 | e:   1.000000 | Q:        nan | won: False 
#   61 | steps:  4154 | steps_t:     0 | t: 6.710384 | r:  -417.000000 | e:   1.000000 | Q:        nan | won: False 
#   62 | steps:  4202 | steps_t:     0 | t: 6.783388 | r:  -492.000000 | e:   1.000000 | Q:        nan | won: False 
#   63 | steps:  4233 | steps_t:     0 | t: 6.831391 | r:  -497.000000 | e:   1.000000 | Q:        nan | won: False 
#   64 | steps:  4261 | steps_t:     0 | t: 6.873393 | r:  -494.000000 | e:   1.000000 | Q:        nan | won: False 
#   65 | steps:  4295 | steps_t:     0 | t: 6.927396 | r:  -434.000000 | e:   1.000000 | Q:        nan | won: False 
#   66 | steps:  4313 | steps_t:     0 | t: 6.956398 | r:  -473.000000 | e:   1.000000 | Q:        nan | won: False 
#   67 | steps:  4374 | steps_t:     0 | t: 7.049403 | r:  -505.000000 | e:   1.000000 | Q:        nan | won: False 
#   68 | steps:  4404 | steps_t:     0 | t: 7.096406 | r:  -386.000000 | e:   1.000000 | Q:        nan | won: False 
#   69 | steps:  4430 | steps_t:     0 | t: 7.135408 | r:  -492.000000 | e:   1.000000 | Q:        nan | won: False 
#   70 | steps:  4475 | steps_t:     0 | t: 7.203412 | r:  -456.000000 | e:   1.000000 | Q:        nan | won: False 
#   71 | steps:  4530 | steps_t:     0 | t: 7.284417 | r:  -499.000000 | e:   1.000000 | Q:        nan | won: False 
#   72 | steps:  4839 | steps_t:     0 | t: 7.749443 | r:  -339.000000 | e:   1.000000 | Q:        nan | won: False 
#   73 | steps:  4856 | steps_t:     0 | t: 7.775445 | r:  -483.000000 | e:   1.000000 | Q:        nan | won: False 
#   74 | steps:  4871 | steps_t:     0 | t: 7.797446 | r:  -470.000000 | e:   1.000000 | Q:        nan | won: False 
#   75 | steps:  4908 | steps_t:     0 | t: 7.857449 | r:  -492.000000 | e:   1.000000 | Q:        nan | won: False 
#   76 | steps:  4957 | steps_t:     0 | t: 7.933454 | r:  -449.000000 | e:   1.000000 | Q:        nan | won: False 
#   77 | steps:  5001 | steps_t:     0 | t: 8.005458 | r:  -356.000000 | e:   1.000000 | Q:        nan | won: False 
#   78 | steps:  5115 | steps_t:   112 | t: 11.566662 | r:  -283.000000 | e:   0.988800 | Q:        nan | won: False 
#   79 | steps:  5177 | steps_t:   173 | t: 13.356764 | r:  -506.000000 | e:   0.982700 | Q:        nan | won: False 
#   80 | steps:  5259 | steps_t:   254 | t: 16.427939 | r:  -438.000000 | e:   0.974600 | Q: -18.084299 | won: False 
#   81 | steps:  5399 | steps_t:   393 | t: 24.072377 | r:  -309.000000 | e:   0.960700 | Q: -31.890070 | won: False 
#   82 | steps:  5416 | steps_t:   409 | t: 24.564405 | r:  -439.000000 | e:   0.959100 | Q:        nan | won: False 
#   83 | steps:  5529 | steps_t:   521 | t: 28.207613 | r:  -414.000000 | e:   0.947900 | Q: -38.104252 | won: False 
#   84 | steps:  5638 | steps_t:   629 | t: 31.449799 | r:  -421.000000 | e:   0.937100 | Q: -44.896187 | won: False 
#   85 | steps:  5731 | steps_t:   721 | t: 34.182955 | r:  -526.000000 | e:   0.927900 | Q: -40.555645 | won: False 
#   86 | steps:  5889 | steps_t:   878 | t: 39.581264 | r:  -437.000000 | e:   0.912200 | Q: -38.422195 | won: False 
#   87 | steps:  5931 | steps_t:   919 | t: 40.914340 | r:  -310.000000 | e:   0.908100 | Q: -68.564880 | won: False 
#   88 | steps:  5958 | steps_t:   945 | t: 41.897396 | r:  -460.000000 | e:   0.905500 | Q: -50.666870 | won: False 
#   89 | steps:  6020 | steps_t:  1006 | t: 43.841507 | r:  -385.000000 | e:   0.899400 | Q: -33.836304 | won: False 
#   90 | steps:  6062 | steps_t:  1047 | t: 45.054577 | r:  -475.000000 | e:   0.895300 | Q: -37.762806 | won: False 
#   91 | steps:  6106 | steps_t:  1090 | t: 46.299648 | r:  -488.000000 | e:   0.891000 | Q: -55.310669 | won: False 
#   92 | steps:  6166 | steps_t:  1149 | t: 47.999745 | r:  -438.000000 | e:   0.885100 | Q: -55.190735 | won: False 
#   93 | steps:  6185 | steps_t:  1167 | t: 48.521775 | r:  -463.000000 | e:   0.883300 | Q: -69.807472 | won: False 
#   94 | steps:  6274 | steps_t:  1255 | t: 51.134925 | r:  -291.000000 | e:   0.874500 | Q: -44.810120 | won: False 
#   95 | steps:  6316 | steps_t:  1296 | t: 52.526004 | r:  -464.000000 | e:   0.870400 | Q: -55.065823 | won: False 
#   96 | steps:  6356 | steps_t:  1335 | t: 53.715072 | r:  -495.000000 | e:   0.866500 | Q: -55.882301 | won: False 
#   97 | steps:  6410 | steps_t:  1388 | t: 55.319164 | r:  -476.000000 | e:   0.861200 | Q: -72.280426 | won: False 
#   98 | steps:  6473 | steps_t:  1450 | t: 57.402283 | r:  -408.000000 | e:   0.855000 | Q: -67.513161 | won: False 
