#    1 | steps:     6 | steps_t:     0 | t: 2.376136 | r:  -505.000000 | e:   1.000000 | Q:        nan | won: False 
#    2 | steps:    19 | steps_t:     0 | t: 2.416138 | r:  -512.000000 | e:   1.000000 | Q:        nan | won: False 
#    3 | steps:    30 | steps_t:     0 | t: 2.445140 | r:  -510.000000 | e:   1.000000 | Q:        nan | won: False 
#    4 | steps:    37 | steps_t:     0 | t: 2.463141 | r:  -506.000000 | e:   1.000000 | Q:        nan | won: False 
#    5 | steps:    46 | steps_t:     0 | t: 2.489142 | r:  -508.000000 | e:   1.000000 | Q:        nan | won: False 
#    6 | steps:    54 | steps_t:     0 | t: 2.509143 | r:  -507.000000 | e:   1.000000 | Q:        nan | won: False 
#    7 | steps:    64 | steps_t:     0 | t: 2.536145 | r:  -509.000000 | e:   1.000000 | Q:        nan | won: False 
#    8 | steps:    76 | steps_t:     0 | t: 2.568147 | r:  -511.000000 | e:   1.000000 | Q:        nan | won: False 
#    9 | steps:    82 | steps_t:     0 | t: 2.590148 | r:  -505.000000 | e:   1.000000 | Q:        nan | won: False 
#   10 | steps:    90 | steps_t:     0 | t: 2.615149 | r:  -507.000000 | e:   1.000000 | Q:        nan | won: False 
#   11 | steps:    96 | steps_t:     0 | t: 2.631150 | r:  -505.000000 | e:   1.000000 | Q:        nan | won: False 
#   12 | steps:   101 | steps_t:     0 | t: 2.645151 | r:  -504.000000 | e:   1.000000 | Q:        nan | won: False 
#   13 | steps:   117 | steps_t:     0 | t: 2.690154 | r:  -515.000000 | e:   1.000000 | Q:        nan | won: False 
#   14 | steps:   127 | steps_t:     0 | t: 2.719156 | r:  -509.000000 | e:   1.000000 | Q:        nan | won: False 
#   15 | steps:   134 | steps_t:     0 | t: 2.741157 | r:  -506.000000 | e:   1.000000 | Q:        nan | won: False 
#   16 | steps:   146 | steps_t:     0 | t: 2.789159 | r:  -511.000000 | e:   1.000000 | Q:        nan | won: False 
#   17 | steps:   151 | steps_t:     0 | t: 2.809161 | r:  -504.000000 | e:   1.000000 | Q:        nan | won: False 
#   18 | steps:   159 | steps_t:     0 | t: 2.834162 | r:  -507.000000 | e:   1.000000 | Q:        nan | won: False 
#   19 | steps:   176 | steps_t:     0 | t: 2.884165 | r:  -516.000000 | e:   1.000000 | Q:        nan | won: False 
#   20 | steps:   196 | steps_t:     0 | t: 2.949169 | r:  -519.000000 | e:   1.000000 | Q:        nan | won: False 
#   21 | steps:   219 | steps_t:     0 | t: 3.047174 | r:  -522.000000 | e:   1.000000 | Q:        nan | won: False 
#   22 | steps:   235 | steps_t:     0 | t: 3.100177 | r:  -515.000000 | e:   1.000000 | Q:        nan | won: False 
#   23 | steps:   244 | steps_t:     0 | t: 3.131179 | r:  -508.000000 | e:   1.000000 | Q:        nan | won: False 
#   24 | steps:   250 | steps_t:     0 | t: 3.148180 | r:  -505.000000 | e:   1.000000 | Q:        nan | won: False 
#   25 | steps:   262 | steps_t:     0 | t: 3.551203 | r:  -511.000000 | e:   1.000000 | Q:        nan | won: False 
#   26 | steps:   272 | steps_t:     0 | t: 3.590205 | r:  -509.000000 | e:   1.000000 | Q:        nan | won: False 
#   27 | steps:   280 | steps_t:     0 | t: 3.616207 | r:  -507.000000 | e:   1.000000 | Q:        nan | won: False 
#   28 | steps:   297 | steps_t:     0 | t: 3.680210 | r:  -516.000000 | e:   1.000000 | Q:        nan | won: False 
#   29 | steps:   305 | steps_t:     0 | t: 3.706212 | r:  -507.000000 | e:   1.000000 | Q:        nan | won: False 
#   30 | steps:   313 | steps_t:     0 | t: 3.728213 | r:  -507.000000 | e:   1.000000 | Q:        nan | won: False 
#   31 | steps:   322 | steps_t:     0 | t: 3.766215 | r:  -508.000000 | e:   1.000000 | Q:        nan | won: False 
#   32 | steps:   333 | steps_t:     0 | t: 3.822218 | r:  -510.000000 | e:   1.000000 | Q:        nan | won: False 
#   33 | steps:   340 | steps_t:     0 | t: 3.850220 | r:  -506.000000 | e:   1.000000 | Q:        nan | won: False 
#   34 | steps:   348 | steps_t:     0 | t: 3.874222 | r:  -507.000000 | e:   1.000000 | Q:        nan | won: False 
#   35 | steps:   369 | steps_t:     0 | t: 3.932225 | r:  -520.000000 | e:   1.000000 | Q:        nan | won: False 
#   36 | steps:   386 | steps_t:     0 | t: 4.006229 | r:  -516.000000 | e:   1.000000 | Q:        nan | won: False 
#   37 | steps:   399 | steps_t:     0 | t: 4.060232 | r:  -512.000000 | e:   1.000000 | Q:        nan | won: False 
#   38 | steps:   405 | steps_t:     0 | t: 4.079233 | r:  -505.000000 | e:   1.000000 | Q:        nan | won: False 
#   39 | steps:   413 | steps_t:     0 | t: 4.100235 | r:  -507.000000 | e:   1.000000 | Q:        nan | won: False 
#   40 | steps:   423 | steps_t:     0 | t: 4.128236 | r:  -509.000000 | e:   1.000000 | Q:        nan | won: False 
#   41 | steps:   445 | steps_t:     0 | t: 4.209241 | r:  -521.000000 | e:   1.000000 | Q:        nan | won: False 
#   42 | steps:   454 | steps_t:     0 | t: 4.244243 | r:  -508.000000 | e:   1.000000 | Q:        nan | won: False 
#   43 | steps:   467 | steps_t:     0 | t: 4.290245 | r:  -512.000000 | e:   1.000000 | Q:        nan | won: False 
#   44 | steps:   476 | steps_t:     0 | t: 4.315247 | r:  -508.000000 | e:   1.000000 | Q:        nan | won: False 
#   45 | steps:   486 | steps_t:     0 | t: 4.342248 | r:  -509.000000 | e:   1.000000 | Q:        nan | won: False 
#   46 | steps:   493 | steps_t:     0 | t: 4.368250 | r:  -506.000000 | e:   1.000000 | Q:        nan | won: False 
#   47 | steps:   509 | steps_t:     0 | t: 4.434253 | r:  -515.000000 | e:   1.000000 | Q:        nan | won: False 
#   48 | steps:   529 | steps_t:     0 | t: 4.507257 | r:  -519.000000 | e:   1.000000 | Q:        nan | won: False 
#   49 | steps:   541 | steps_t:     0 | t: 4.540260 | r:  -511.000000 | e:   1.000000 | Q:        nan | won: False 
#   50 | steps:   552 | steps_t:     0 | t: 4.579262 | r:  -510.000000 | e:   1.000000 | Q:        nan | won: False 
#   51 | steps:   559 | steps_t:     0 | t: 4.610264 | r:  -506.000000 | e:   1.000000 | Q:        nan | won: False 
#   52 | steps:   566 | steps_t:     0 | t: 4.630265 | r:  -506.000000 | e:   1.000000 | Q:        nan | won: False 
#   53 | steps:   572 | steps_t:     0 | t: 4.645266 | r:  -505.000000 | e:   1.000000 | Q:        nan | won: False 
#   54 | steps:   584 | steps_t:     0 | t: 4.680268 | r:  -511.000000 | e:   1.000000 | Q:        nan | won: False 
#   55 | steps:   593 | steps_t:     0 | t: 4.703269 | r:  -508.000000 | e:   1.000000 | Q:        nan | won: False 
#   56 | steps:   600 | steps_t:     0 | t: 4.720270 | r:  -506.000000 | e:   1.000000 | Q:        nan | won: False 
#   57 | steps:   607 | steps_t:     0 | t: 4.739271 | r:  -506.000000 | e:   1.000000 | Q:        nan | won: False 
#   58 | steps:   630 | steps_t:     0 | t: 4.807275 | r:  -522.000000 | e:   1.000000 | Q:        nan | won: False 
#   59 | steps:   637 | steps_t:     0 | t: 4.827276 | r:  -506.000000 | e:   1.000000 | Q:        nan | won: False 
#   60 | steps:   644 | steps_t:     0 | t: 4.847277 | r:  -506.000000 | e:   1.000000 | Q:        nan | won: False 
#   61 | steps:   667 | steps_t:     0 | t: 4.963284 | r:  -522.000000 | e:   1.000000 | Q:        nan | won: False 
#   62 | steps:   675 | steps_t:     0 | t: 4.999286 | r:  -507.000000 | e:   1.000000 | Q:        nan | won: False 
#   63 | steps:   684 | steps_t:     0 | t: 5.041288 | r:  -508.000000 | e:   1.000000 | Q:        nan | won: False 
#   64 | steps:   691 | steps_t:     0 | t: 5.070290 | r:  -506.000000 | e:   1.000000 | Q:        nan | won: False 
#   65 | steps:   697 | steps_t:     0 | t: 5.097291 | r:  -505.000000 | e:   1.000000 | Q:        nan | won: False 
#   66 | steps:   707 | steps_t:     0 | t: 5.144294 | r:  -509.000000 | e:   1.000000 | Q:        nan | won: False 
#   67 | steps:   716 | steps_t:     0 | t: 5.171296 | r:  -508.000000 | e:   1.000000 | Q:        nan | won: False 
#   68 | steps:   727 | steps_t:     0 | t: 5.214298 | r:  -510.000000 | e:   1.000000 | Q:        nan | won: False 
#   69 | steps:   732 | steps_t:     0 | t: 5.231299 | r:  -504.000000 | e:   1.000000 | Q:        nan | won: False 
#   70 | steps:   740 | steps_t:     0 | t: 5.255301 | r:  -507.000000 | e:   1.000000 | Q:        nan | won: False 
#   71 | steps:   759 | steps_t:     0 | t: 5.327305 | r:  -518.000000 | e:   1.000000 | Q:        nan | won: False 
#   72 | steps:   768 | steps_t:     0 | t: 5.354306 | r:  -508.000000 | e:   1.000000 | Q:        nan | won: False 
#   73 | steps:   782 | steps_t:     0 | t: 5.408309 | r:  -513.000000 | e:   1.000000 | Q:        nan | won: False 
#   74 | steps:   795 | steps_t:     0 | t: 5.453312 | r:  -512.000000 | e:   1.000000 | Q:        nan | won: False 
#   75 | steps:   804 | steps_t:     0 | t: 5.488314 | r:  -508.000000 | e:   1.000000 | Q:        nan | won: False 
#   76 | steps:   816 | steps_t:     0 | t: 5.531316 | r:  -511.000000 | e:   1.000000 | Q:        nan | won: False 
#   77 | steps:   824 | steps_t:     0 | t: 5.563318 | r:  -507.000000 | e:   1.000000 | Q:        nan | won: False 
#   78 | steps:   834 | steps_t:     0 | t: 5.603320 | r:  -509.000000 | e:   1.000000 | Q:        nan | won: False 
#   79 | steps:   845 | steps_t:     0 | t: 5.692326 | r:  -510.000000 | e:   1.000000 | Q:        nan | won: False 
#   80 | steps:   874 | steps_t:     0 | t: 5.789331 | r:  -517.000000 | e:   1.000000 | Q:        nan | won: False 
#   81 | steps:   880 | steps_t:     0 | t: 5.816333 | r:  -505.000000 | e:   1.000000 | Q:        nan | won: False 
#   82 | steps:   894 | steps_t:     0 | t: 5.886337 | r:  -513.000000 | e:   1.000000 | Q:        nan | won: False 
#   83 | steps:   902 | steps_t:     0 | t: 5.911338 | r:  -507.000000 | e:   1.000000 | Q:        nan | won: False 
#   84 | steps:   909 | steps_t:     0 | t: 5.939339 | r:  -506.000000 | e:   1.000000 | Q:        nan | won: False 
#   85 | steps:   916 | steps_t:     0 | t: 5.965341 | r:  -506.000000 | e:   1.000000 | Q:        nan | won: False 
#   86 | steps:   935 | steps_t:     0 | t: 6.038345 | r:  -518.000000 | e:   1.000000 | Q:        nan | won: False 
#   87 | steps:   958 | steps_t:     0 | t: 6.122350 | r:  -522.000000 | e:   1.000000 | Q:        nan | won: False 
#   88 | steps:   970 | steps_t:     0 | t: 6.164352 | r:  -511.000000 | e:   1.000000 | Q:        nan | won: False 
#   89 | steps:   979 | steps_t:     0 | t: 6.192354 | r:  -508.000000 | e:   1.000000 | Q:        nan | won: False 
#   90 | steps:   988 | steps_t:     0 | t: 6.230356 | r:  -508.000000 | e:   1.000000 | Q:        nan | won: False 
#   91 | steps:   995 | steps_t:     0 | t: 6.256358 | r:  -506.000000 | e:   1.000000 | Q:        nan | won: False 
#   92 | steps:  1004 | steps_t:     0 | t: 6.291360 | r:  -508.000000 | e:   1.000000 | Q:        nan | won: False 
#   93 | steps:  1013 | steps_t:     0 | t: 6.317361 | r:  -508.000000 | e:   1.000000 | Q:        nan | won: False 
#   94 | steps:  1019 | steps_t:     0 | t: 6.339363 | r:  -505.000000 | e:   1.000000 | Q:        nan | won: False 
#   95 | steps:  1026 | steps_t:     0 | t: 6.360364 | r:  -506.000000 | e:   1.000000 | Q:        nan | won: False 
#   96 | steps:  1033 | steps_t:     0 | t: 6.383365 | r:  -506.000000 | e:   1.000000 | Q:        nan | won: False 
#   97 | steps:  1062 | steps_t:     0 | t: 6.503372 | r:  -517.000000 | e:   1.000000 | Q:        nan | won: False 
#   98 | steps:  1068 | steps_t:     0 | t: 6.525373 | r:  -505.000000 | e:   1.000000 | Q:        nan | won: False 
#   99 | steps:  1077 | steps_t:     0 | t: 6.552375 | r:  -508.000000 | e:   1.000000 | Q:        nan | won: False 
#  100 | steps:  1084 | steps_t:     0 | t: 6.576376 | r:  -506.000000 | e:   1.000000 | Q:        nan | won: False 
#  101 | steps:  1092 | steps_t:     0 | t: 6.602377 | r:  -507.000000 | e:   1.000000 | Q:        nan | won: False 
#  102 | steps:  1110 | steps_t:     0 | t: 6.670381 | r:  -517.000000 | e:   1.000000 | Q:        nan | won: False 
#  103 | steps:  1116 | steps_t:     0 | t: 6.695383 | r:  -505.000000 | e:   1.000000 | Q:        nan | won: False 
#  104 | steps:  1129 | steps_t:     0 | t: 6.740385 | r:  -512.000000 | e:   1.000000 | Q:        nan | won: False 
#  105 | steps:  1138 | steps_t:     0 | t: 6.772387 | r:  -508.000000 | e:   1.000000 | Q:        nan | won: False 
#  106 | steps:  1146 | steps_t:     0 | t: 6.804389 | r:  -507.000000 | e:   1.000000 | Q:        nan | won: False 
#  107 | steps:  1166 | steps_t:     0 | t: 6.882394 | r:  -508.000000 | e:   1.000000 | Q:        nan | won: False 
#  108 | steps:  1171 | steps_t:     0 | t: 6.900394 | r:  -504.000000 | e:   1.000000 | Q:        nan | won: False 
#  109 | steps:  1178 | steps_t:     0 | t: 6.926396 | r:  -506.000000 | e:   1.000000 | Q:        nan | won: False 
#  110 | steps:  1197 | steps_t:     0 | t: 7.005401 | r:  -518.000000 | e:   1.000000 | Q:        nan | won: False 
#  111 | steps:  1208 | steps_t:     0 | t: 7.040403 | r:  -510.000000 | e:   1.000000 | Q:        nan | won: False 
#  112 | steps:  1232 | steps_t:     0 | t: 7.112407 | r:  -512.000000 | e:   1.000000 | Q:        nan | won: False 
#  113 | steps:  1252 | steps_t:     0 | t: 7.167410 | r:  -519.000000 | e:   1.000000 | Q:        nan | won: False 
#  114 | steps:  1259 | steps_t:     0 | t: 7.184411 | r:  -506.000000 | e:   1.000000 | Q:        nan | won: False 
#  115 | steps:  1274 | steps_t:     0 | t: 7.233414 | r:  -514.000000 | e:   1.000000 | Q:        nan | won: False 
#  116 | steps:  1281 | steps_t:     0 | t: 7.254415 | r:  -506.000000 | e:   1.000000 | Q:        nan | won: False 
#  117 | steps:  1293 | steps_t:     0 | t: 7.287416 | r:  -511.000000 | e:   1.000000 | Q:        nan | won: False 
#  118 | steps:  1300 | steps_t:     0 | t: 7.309418 | r:  -506.000000 | e:   1.000000 | Q:        nan | won: False 
#  119 | steps:  1308 | steps_t:     0 | t: 7.331419 | r:  -507.000000 | e:   1.000000 | Q:        nan | won: False 
#  120 | steps:  1314 | steps_t:     0 | t: 7.347420 | r:  -505.000000 | e:   1.000000 | Q:        nan | won: False 
#  121 | steps:  1321 | steps_t:     0 | t: 7.364421 | r:  -506.000000 | e:   1.000000 | Q:        nan | won: False 
#  122 | steps:  1338 | steps_t:     0 | t: 7.410424 | r:  -516.000000 | e:   1.000000 | Q:        nan | won: False 
#  123 | steps:  1351 | steps_t:     0 | t: 7.453426 | r:  -512.000000 | e:   1.000000 | Q:        nan | won: False 
#  124 | steps:  1362 | steps_t:     0 | t: 7.484428 | r:  -510.000000 | e:   1.000000 | Q:        nan | won: False 
#  125 | steps:  1369 | steps_t:     0 | t: 7.504429 | r:  -506.000000 | e:   1.000000 | Q:        nan | won: False 
#  126 | steps:  1375 | steps_t:     0 | t: 7.521430 | r:  -505.000000 | e:   1.000000 | Q:        nan | won: False 
#  127 | steps:  1387 | steps_t:     0 | t: 7.553432 | r:  -511.000000 | e:   1.000000 | Q:        nan | won: False 
#  128 | steps:  1396 | steps_t:     0 | t: 7.576433 | r:  -508.000000 | e:   1.000000 | Q:        nan | won: False 
#  129 | steps:  1405 | steps_t:     0 | t: 7.599434 | r:  -508.000000 | e:   1.000000 | Q:        nan | won: False 
#  130 | steps:  1412 | steps_t:     0 | t: 7.617436 | r:  -506.000000 | e:   1.000000 | Q:        nan | won: False 
#  131 | steps:  1422 | steps_t:     0 | t: 7.650437 | r:  -509.000000 | e:   1.000000 | Q:        nan | won: False 
#  132 | steps:  1430 | steps_t:     0 | t: 7.671438 | r:  -507.000000 | e:   1.000000 | Q:        nan | won: False 
#  133 | steps:  1449 | steps_t:     0 | t: 7.728442 | r:  -518.000000 | e:   1.000000 | Q:        nan | won: False 
#  134 | steps:  1464 | steps_t:     0 | t: 7.772444 | r:  -514.000000 | e:   1.000000 | Q:        nan | won: False 
#  135 | steps:  1478 | steps_t:     0 | t: 7.810447 | r:  -513.000000 | e:   1.000000 | Q:        nan | won: False 
#  136 | steps:  1486 | steps_t:     0 | t: 7.834448 | r:  -507.000000 | e:   1.000000 | Q:        nan | won: False 
#  137 | steps:  1496 | steps_t:     0 | t: 7.874450 | r:  -509.000000 | e:   1.000000 | Q:        nan | won: False 
#  138 | steps:  1507 | steps_t:     0 | t: 7.904452 | r:  -510.000000 | e:   1.000000 | Q:        nan | won: False 
#  139 | steps:  1514 | steps_t:     0 | t: 7.926453 | r:  -506.000000 | e:   1.000000 | Q:        nan | won: False 
#  140 | steps:  1522 | steps_t:     0 | t: 7.951455 | r:  -507.000000 | e:   1.000000 | Q:        nan | won: False 
#  141 | steps:  1539 | steps_t:     0 | t: 8.004458 | r:  -516.000000 | e:   1.000000 | Q:        nan | won: False 
#  142 | steps:  1544 | steps_t:     0 | t: 8.019459 | r:  -504.000000 | e:   1.000000 | Q:        nan | won: False 
#  143 | steps:  1549 | steps_t:     0 | t: 8.036459 | r:  -504.000000 | e:   1.000000 | Q:        nan | won: False 
#  144 | steps:  1559 | steps_t:     0 | t: 8.074462 | r:  -509.000000 | e:   1.000000 | Q:        nan | won: False 
#  145 | steps:  1574 | steps_t:     0 | t: 8.133465 | r:  -514.000000 | e:   1.000000 | Q:        nan | won: False 
#  146 | steps:  1593 | steps_t:     0 | t: 8.187468 | r:  -518.000000 | e:   1.000000 | Q:        nan | won: False 
#  147 | steps:  1612 | steps_t:     0 | t: 8.238471 | r:  -518.000000 | e:   1.000000 | Q:        nan | won: False 
#  148 | steps:  1619 | steps_t:     0 | t: 8.272473 | r:  -506.000000 | e:   1.000000 | Q:        nan | won: False 
#  149 | steps:  1633 | steps_t:     0 | t: 8.321476 | r:  -491.000000 | e:   1.000000 | Q:        nan | won: False 
#  150 | steps:  1652 | steps_t:     0 | t: 8.382479 | r:  -518.000000 | e:   1.000000 | Q:        nan | won: False 
#  151 | steps:  1659 | steps_t:     0 | t: 8.399480 | r:  -506.000000 | e:   1.000000 | Q:        nan | won: False 
#  152 | steps:  1667 | steps_t:     0 | t: 8.418481 | r:  -507.000000 | e:   1.000000 | Q:        nan | won: False 
#  153 | steps:  1681 | steps_t:     0 | t: 8.467484 | r:  -513.000000 | e:   1.000000 | Q:        nan | won: False 
#  154 | steps:  1688 | steps_t:     0 | t: 8.487485 | r:  -506.000000 | e:   1.000000 | Q:        nan | won: False 
#  155 | steps:  1702 | steps_t:     0 | t: 8.529488 | r:  -513.000000 | e:   1.000000 | Q:        nan | won: False 
#  156 | steps:  1717 | steps_t:     0 | t: 8.572490 | r:  -503.000000 | e:   1.000000 | Q:        nan | won: False 
#  157 | steps:  1739 | steps_t:     0 | t: 8.630493 | r:  -521.000000 | e:   1.000000 | Q:        nan | won: False 
#  158 | steps:  1746 | steps_t:     0 | t: 8.649494 | r:  -506.000000 | e:   1.000000 | Q:        nan | won: False 
#  159 | steps:  1761 | steps_t:     0 | t: 8.702497 | r:  -514.000000 | e:   1.000000 | Q:        nan | won: False 
#  160 | steps:  1770 | steps_t:     0 | t: 8.738500 | r:  -508.000000 | e:   1.000000 | Q:        nan | won: False 
#  161 | steps:  1777 | steps_t:     0 | t: 8.767501 | r:  -506.000000 | e:   1.000000 | Q:        nan | won: False 
#  162 | steps:  1797 | steps_t:     0 | t: 8.838506 | r:  -519.000000 | e:   1.000000 | Q:        nan | won: False 
#  163 | steps:  1802 | steps_t:     0 | t: 8.859507 | r:  -504.000000 | e:   1.000000 | Q:        nan | won: False 
#  164 | steps:  1809 | steps_t:     0 | t: 8.899509 | r:  -506.000000 | e:   1.000000 | Q:        nan | won: False 
#  165 | steps:  1823 | steps_t:     0 | t: 8.960512 | r:  -513.000000 | e:   1.000000 | Q:        nan | won: False 
#  166 | steps:  1834 | steps_t:     0 | t: 9.002515 | r:  -510.000000 | e:   1.000000 | Q:        nan | won: False 
#  167 | steps:  1842 | steps_t:     0 | t: 9.027516 | r:  -507.000000 | e:   1.000000 | Q:        nan | won: False 
#  168 | steps:  1855 | steps_t:     0 | t: 9.076519 | r:  -512.000000 | e:   1.000000 | Q:        nan | won: False 
#  169 | steps:  1866 | steps_t:     0 | t: 9.129522 | r:  -510.000000 | e:   1.000000 | Q:        nan | won: False 
#  170 | steps:  1880 | steps_t:     0 | t: 9.180525 | r:  -513.000000 | e:   1.000000 | Q:        nan | won: False 
#  171 | steps:  1888 | steps_t:     0 | t: 9.210527 | r:  -507.000000 | e:   1.000000 | Q:        nan | won: False 
#  172 | steps:  1894 | steps_t:     0 | t: 9.230528 | r:  -505.000000 | e:   1.000000 | Q:        nan | won: False 
#  173 | steps:  1903 | steps_t:     0 | t: 9.257529 | r:  -508.000000 | e:   1.000000 | Q:        nan | won: False 
#  174 | steps:  1910 | steps_t:     0 | t: 9.279531 | r:  -506.000000 | e:   1.000000 | Q:        nan | won: False 
#  175 | steps:  1918 | steps_t:     0 | t: 9.312532 | r:  -507.000000 | e:   1.000000 | Q:        nan | won: False 
#  176 | steps:  1937 | steps_t:     0 | t: 9.395537 | r:  -518.000000 | e:   1.000000 | Q:        nan | won: False 
#  177 | steps:  1982 | steps_t:     0 | t: 9.581548 | r:  -533.000000 | e:   1.000000 | Q:        nan | won: False 
#  178 | steps:  1993 | steps_t:     0 | t: 9.621550 | r:  -510.000000 | e:   1.000000 | Q:        nan | won: False 
#  179 | steps:  2001 | steps_t:     0 | t: 9.652552 | r:  -507.000000 | e:   1.000000 | Q:        nan | won: False 
#  180 | steps:  2010 | steps_t:     0 | t: 9.684554 | r:  -508.000000 | e:   1.000000 | Q:        nan | won: False 
#  181 | steps:  2021 | steps_t:     0 | t: 9.738557 | r:  -510.000000 | e:   1.000000 | Q:        nan | won: False 
#  182 | steps:  2028 | steps_t:     0 | t: 9.762558 | r:  -506.000000 | e:   1.000000 | Q:        nan | won: False 
