#    1 | steps:     6 | steps_t:     0 | t: 0.851049 | r:  -494.000000 | e:   1.000000 | Q:        nan | won: False 
#    2 | steps:    25 | steps_t:     0 | t: 0.918053 | r:  -485.000000 | e:   1.000000 | Q:        nan | won: False 
#    3 | steps:    67 | steps_t:     0 | t: 1.064061 | r:  -457.000000 | e:   1.000000 | Q:        nan | won: False 
#    4 | steps:   105 | steps_t:     0 | t: 1.134065 | r:  -431.000000 | e:   1.000000 | Q:        nan | won: False 
#    5 | steps:   275 | steps_t:     0 | t: 1.486085 | r:  -563.000000 | e:   1.000000 | Q:        nan | won: False 
#    6 | steps:   284 | steps_t:     0 | t: 1.503086 | r:  -486.000000 | e:   1.000000 | Q:        nan | won: False 
#    7 | steps:   320 | steps_t:     0 | t: 1.568089 | r:  -458.000000 | e:   1.000000 | Q:        nan | won: False 
#    8 | steps:   335 | steps_t:     0 | t: 1.596091 | r:  -459.000000 | e:   1.000000 | Q:        nan | won: False 
#    9 | steps:   353 | steps_t:     0 | t: 1.629093 | r:  -495.000000 | e:   1.000000 | Q:        nan | won: False 
#   10 | steps:   367 | steps_t:     0 | t: 1.657095 | r:  -469.000000 | e:   1.000000 | Q:        nan | won: False 
#   11 | steps:   381 | steps_t:     0 | t: 5.970342 | r:  -436.000000 | e:   1.000000 | Q:        nan | won: False 
#   12 | steps:   547 | steps_t:     0 | t: 30.274731 | r:  -266.000000 | e:   1.000000 | Q:        nan | won: False 
#   13 | steps:   610 | steps_t:     0 | t: 40.747330 | r:  -368.000000 | e:   1.000000 | Q:        nan | won: False 
#   14 | steps:   623 | steps_t:     0 | t: 43.661497 | r:  -457.000000 | e:   1.000000 | Q:        nan | won: False 
#   15 | steps:   629 | steps_t:     0 | t: 45.455600 | r:  -472.000000 | e:   1.000000 | Q:        nan | won: False 
#   16 | steps:   636 | steps_t:     0 | t: 47.442713 | r:  -495.000000 | e:   1.000000 | Q:        nan | won: False 
#   17 | steps:   784 | steps_t:     0 | t: 69.315965 | r:  -460.000000 | e:   1.000000 | Q:        nan | won: False 
#   18 | steps:   794 | steps_t:     0 | t: 71.630097 | r:  -487.000000 | e:   1.000000 | Q:        nan | won: False 
#   19 | steps:   813 | steps_t:     0 | t: 75.209302 | r:  -496.000000 | e:   1.000000 | Q:        nan | won: False 
#   20 | steps:   846 | steps_t:     0 | t: 80.691615 | r:  -455.000000 | e:   1.000000 | Q:        nan | won: False 
#   21 | steps:   887 | steps_t:     0 | t: 87.346996 | r:  -529.000000 | e:   1.000000 | Q:        nan | won: False 
#   22 | steps:   894 | steps_t:     0 | t: 89.333109 | r:  -484.000000 | e:   1.000000 | Q:        nan | won: False 
#   23 | steps:   906 | steps_t:     0 | t: 91.985261 | r:  -478.000000 | e:   1.000000 | Q:        nan | won: False 
#   24 | steps:   913 | steps_t:     0 | t: 93.940373 | r:  -462.000000 | e:   1.000000 | Q:        nan | won: False 
#   25 | steps:   977 | steps_t:     0 | t: 103.937945 | r:  -457.000000 | e:   1.000000 | Q:        nan | won: False 
#   26 | steps:   984 | steps_t:     0 | t: 105.853055 | r:  -495.000000 | e:   1.000000 | Q:        nan | won: False 
#   27 | steps:  1001 | steps_t:     0 | t: 109.151243 | r:  -461.000000 | e:   1.000000 | Q:        nan | won: False 
#   28 | steps:  1022 | steps_t:     0 | t: 113.074468 | r:  -476.000000 | e:   1.000000 | Q:        nan | won: False 
#   29 | steps:  1047 | steps_t:     0 | t: 117.494720 | r:  -451.000000 | e:   1.000000 | Q:        nan | won: False 
#   30 | steps:  1059 | steps_t:     0 | t: 120.206876 | r:  -445.000000 | e:   1.000000 | Q:        nan | won: False 
#   31 | steps:  1069 | steps_t:     0 | t: 122.539009 | r:  -487.000000 | e:   1.000000 | Q:        nan | won: False 
#   32 | steps:  1145 | steps_t:     0 | t: 134.787709 | r:  -407.000000 | e:   1.000000 | Q:        nan | won: False 
#   33 | steps:  1185 | steps_t:     0 | t: 141.734107 | r:  -473.000000 | e:   1.000000 | Q:        nan | won: False 
#   34 | steps:  1268 | steps_t:     0 | t: 154.768852 | r:  -465.000000 | e:   1.000000 | Q:        nan | won: False 
#   35 | steps:  1328 | steps_t:     0 | t: 164.155389 | r:  -493.000000 | e:   1.000000 | Q:        nan | won: False 
#   36 | steps:  1462 | steps_t:     0 | t: 185.000582 | r:  -373.000000 | e:   1.000000 | Q:        nan | won: False 
#   37 | steps:  1482 | steps_t:     0 | t: 188.777798 | r:  -424.000000 | e:   1.000000 | Q:        nan | won: False 
#   38 | steps:  1494 | steps_t:     0 | t: 191.400947 | r:  -489.000000 | e:   1.000000 | Q:        nan | won: False 
#   39 | steps:  1571 | steps_t:     0 | t: 203.159620 | r:  -360.000000 | e:   1.000000 | Q:        nan | won: False 
#   40 | steps:  1581 | steps_t:     0 | t: 205.631761 | r:  -498.000000 | e:   1.000000 | Q:        nan | won: False 
#   41 | steps:  1604 | steps_t:     0 | t: 210.137019 | r:  -398.000000 | e:   1.000000 | Q:        nan | won: False 
#   42 | steps:  1663 | steps_t:     0 | t: 220.242597 | r:  -452.000000 | e:   1.000000 | Q:        nan | won: False 
#   43 | steps:  1769 | steps_t:     0 | t: 238.132621 | r:  -488.000000 | e:   1.000000 | Q:        nan | won: False 
#   44 | steps:  1793 | steps_t:     0 | t: 242.830889 | r:  -457.000000 | e:   1.000000 | Q:        nan | won: False 
#   45 | steps:  1800 | steps_t:     0 | t: 244.801002 | r:  -462.000000 | e:   1.000000 | Q:        nan | won: False 
#   46 | steps:  1853 | steps_t:     0 | t: 254.313546 | r:  -464.000000 | e:   1.000000 | Q:        nan | won: False 
#   47 | steps:  1937 | steps_t:     0 | t: 269.058389 | r:  -495.000000 | e:   1.000000 | Q:        nan | won: False 
#   48 | steps:  1949 | steps_t:     0 | t: 271.831548 | r:  -489.000000 | e:   1.000000 | Q:        nan | won: False 
#   49 | steps:  1968 | steps_t:     0 | t: 275.744772 | r:  -474.000000 | e:   1.000000 | Q:        nan | won: False 
#   50 | steps:  1982 | steps_t:     0 | t: 278.830948 | r:  -414.000000 | e:   1.000000 | Q:        nan | won: False 
#   51 | steps:  1997 | steps_t:     0 | t: 282.198141 | r:  -503.000000 | e:   1.000000 | Q:        nan | won: False 
#   52 | steps:  2049 | steps_t:     0 | t: 291.417668 | r:  -416.000000 | e:   1.000000 | Q:        nan | won: False 
#   53 | steps:  2164 | steps_t:     0 | t: 309.914726 | r:  -457.000000 | e:   1.000000 | Q:        nan | won: False 
#   54 | steps:  2182 | steps_t:     0 | t: 313.675941 | r:  -495.000000 | e:   1.000000 | Q:        nan | won: False 
#   55 | steps:  2191 | steps_t:     0 | t: 315.966072 | r:  -464.000000 | e:   1.000000 | Q:        nan | won: False 
#   56 | steps:  2259 | steps_t:     0 | t: 327.596737 | r:  -351.000000 | e:   1.000000 | Q:        nan | won: False 
#   57 | steps:  2272 | steps_t:     0 | t: 330.502904 | r:  -457.000000 | e:   1.000000 | Q:        nan | won: False 
#   58 | steps:  2280 | steps_t:     0 | t: 332.654027 | r:  -474.000000 | e:   1.000000 | Q:        nan | won: False 
#   59 | steps:  2437 | steps_t:     0 | t: 357.781464 | r:  -466.000000 | e:   1.000000 | Q:        nan | won: False 
#   60 | steps:  2457 | steps_t:     0 | t: 361.774692 | r:  -464.000000 | e:   1.000000 | Q:        nan | won: False 
#   61 | steps:  2500 | steps_t:     0 | t: 369.517135 | r:  -432.000000 | e:   1.000000 | Q:        nan | won: False 
#   62 | steps:  2512 | steps_t:     0 | t: 372.330296 | r:  -467.000000 | e:   1.000000 | Q:        nan | won: False 
#   63 | steps:  2523 | steps_t:     0 | t: 374.913444 | r:  -455.000000 | e:   1.000000 | Q:        nan | won: False 
#   64 | steps:  2542 | steps_t:     0 | t: 378.959675 | r:  -485.000000 | e:   1.000000 | Q:        nan | won: False 
#   65 | steps:  2630 | steps_t:     0 | t: 393.765522 | r:  -404.000000 | e:   1.000000 | Q:        nan | won: False 
#   66 | steps:  2639 | steps_t:     0 | t: 396.078655 | r:  -486.000000 | e:   1.000000 | Q:        nan | won: False 
#   67 | steps:  2648 | steps_t:     0 | t: 398.501793 | r:  -497.000000 | e:   1.000000 | Q:        nan | won: False 
#   68 | steps:  2658 | steps_t:     0 | t: 400.971934 | r:  -498.000000 | e:   1.000000 | Q:        nan | won: False 
#   69 | steps:  2666 | steps_t:     0 | t: 403.155059 | r:  -463.000000 | e:   1.000000 | Q:        nan | won: False 
#   70 | steps:  2709 | steps_t:     0 | t: 410.777495 | r:  -487.000000 | e:   1.000000 | Q:        nan | won: False 
#   71 | steps:  2716 | steps_t:     0 | t: 412.769609 | r:  -495.000000 | e:   1.000000 | Q:        nan | won: False 
#   72 | steps:  2730 | steps_t:     0 | t: 415.908789 | r:  -491.000000 | e:   1.000000 | Q:        nan | won: False 
#   73 | steps:  2758 | steps_t:     0 | t: 421.324098 | r:  -392.000000 | e:   1.000000 | Q:        nan | won: False 
#   74 | steps:  2767 | steps_t:     0 | t: 423.614229 | r:  -497.000000 | e:   1.000000 | Q:        nan | won: False 
#   75 | steps:  2775 | steps_t:     0 | t: 425.775353 | r:  -485.000000 | e:   1.000000 | Q:        nan | won: False 
#   76 | steps:  2782 | steps_t:     0 | t: 427.786468 | r:  -495.000000 | e:   1.000000 | Q:        nan | won: False 
#   77 | steps:  2804 | steps_t:     0 | t: 432.366730 | r:  -466.000000 | e:   1.000000 | Q:        nan | won: False 
#   78 | steps:  2836 | steps_t:     0 | t: 438.407076 | r:  -388.000000 | e:   1.000000 | Q:        nan | won: False 
#   79 | steps:  2843 | steps_t:     0 | t: 440.416190 | r:  -484.000000 | e:   1.000000 | Q:        nan | won: False 
#   80 | steps:  2861 | steps_t:     0 | t: 444.117402 | r:  -495.000000 | e:   1.000000 | Q:        nan | won: False 
#   81 | steps:  2888 | steps_t:     0 | t: 449.320700 | r:  -380.000000 | e:   1.000000 | Q:        nan | won: False 
#   82 | steps:  2904 | steps_t:     0 | t: 452.712894 | r:  -493.000000 | e:   1.000000 | Q:        nan | won: False 
#   83 | steps:  2995 | steps_t:     0 | t: 467.933764 | r:  -367.000000 | e:   1.000000 | Q:        nan | won: False 
#   84 | steps:  3068 | steps_t:     0 | t: 480.732496 | r:  -539.000000 | e:   1.000000 | Q:        nan | won: False 
#   85 | steps:  3092 | steps_t:     0 | t: 485.572773 | r:  -468.000000 | e:   1.000000 | Q:        nan | won: False 
#   86 | steps:  3106 | steps_t:     0 | t: 488.638949 | r:  -469.000000 | e:   1.000000 | Q:        nan | won: False 
#   87 | steps:  3121 | steps_t:     0 | t: 491.942137 | r:  -481.000000 | e:   1.000000 | Q:        nan | won: False 
#   88 | steps:  3129 | steps_t:     0 | t: 494.057258 | r:  -485.000000 | e:   1.000000 | Q:        nan | won: False 
#   89 | steps:  3151 | steps_t:     0 | t: 498.420508 | r:  -499.000000 | e:   1.000000 | Q:        nan | won: False 
#   90 | steps:  3160 | steps_t:     0 | t: 500.731640 | r:  -475.000000 | e:   1.000000 | Q:        nan | won: False 
#   91 | steps:  3173 | steps_t:     0 | t: 503.637807 | r:  -501.000000 | e:   1.000000 | Q:        nan | won: False 
#   92 | steps:  3185 | steps_t:     0 | t: 506.385964 | r:  -489.000000 | e:   1.000000 | Q:        nan | won: False 
#   93 | steps:  3195 | steps_t:     0 | t: 508.934109 | r:  -498.000000 | e:   1.000000 | Q:        nan | won: False 
#   94 | steps:  3202 | steps_t:     0 | t: 510.989227 | r:  -484.000000 | e:   1.000000 | Q:        nan | won: False 
#   95 | steps:  3255 | steps_t:     0 | t: 519.767729 | r:  -497.000000 | e:   1.000000 | Q:        nan | won: False 
#   96 | steps:  3265 | steps_t:     0 | t: 522.184867 | r:  -487.000000 | e:   1.000000 | Q:        nan | won: False 
#   97 | steps:  3361 | steps_t:     0 | t: 538.299789 | r:  -485.000000 | e:   1.000000 | Q:        nan | won: False 
#   98 | steps:  3381 | steps_t:     0 | t: 542.259015 | r:  -431.000000 | e:   1.000000 | Q:        nan | won: False 
#   99 | steps:  3390 | steps_t:     0 | t: 544.496143 | r:  -497.000000 | e:   1.000000 | Q:        nan | won: False 
#  100 | steps:  3399 | steps_t:     0 | t: 546.788274 | r:  -475.000000 | e:   1.000000 | Q:        nan | won: False 
#  101 | steps:  3409 | steps_t:     0 | t: 549.208413 | r:  -476.000000 | e:   1.000000 | Q:        nan | won: False 
#  102 | steps:  3467 | steps_t:     0 | t: 559.261988 | r:  -418.000000 | e:   1.000000 | Q:        nan | won: False 
#  103 | steps:  3475 | steps_t:     0 | t: 561.399110 | r:  -496.000000 | e:   1.000000 | Q:        nan | won: False 
#  104 | steps:  3493 | steps_t:     0 | t: 564.987315 | r:  -462.000000 | e:   1.000000 | Q:        nan | won: False 
#  105 | steps:  3503 | steps_t:     0 | t: 567.429455 | r:  -465.000000 | e:   1.000000 | Q:        nan | won: False 
#  106 | steps:  3632 | steps_t:     0 | t: 588.113638 | r:  -325.000000 | e:   1.000000 | Q:        nan | won: False 
#  107 | steps:  3686 | steps_t:     0 | t: 597.054150 | r:  -465.000000 | e:   1.000000 | Q:        nan | won: False 
#  108 | steps:  3726 | steps_t:     0 | t: 604.120554 | r:  -473.000000 | e:   1.000000 | Q:        nan | won: False 
#  109 | steps:  3740 | steps_t:     0 | t: 607.177728 | r:  -491.000000 | e:   1.000000 | Q:        nan | won: False 
#  110 | steps:  3815 | steps_t:     0 | t: 619.074409 | r:  -406.000000 | e:   1.000000 | Q:        nan | won: False 
#  111 | steps:  3830 | steps_t:     0 | t: 622.441602 | r:  -492.000000 | e:   1.000000 | Q:        nan | won: False 
#  112 | steps:  3997 | steps_t:     0 | t: 650.884228 | r:  -560.000000 | e:   1.000000 | Q:        nan | won: False 
#  113 | steps:  4006 | steps_t:     0 | t: 653.270365 | r:  -486.000000 | e:   1.000000 | Q:        nan | won: False 
#  114 | steps:  4030 | steps_t:     0 | t: 657.696618 | r:  -446.000000 | e:   1.000000 | Q:        nan | won: False 
#  115 | steps:  4043 | steps_t:     0 | t: 660.471777 | r:  -490.000000 | e:   1.000000 | Q:        nan | won: False 
#  116 | steps:  4052 | steps_t:     0 | t: 662.694904 | r:  -497.000000 | e:   1.000000 | Q:        nan | won: False 
#  117 | steps:  4060 | steps_t:     0 | t: 664.981035 | r:  -496.000000 | e:   1.000000 | Q:        nan | won: False 
#  118 | steps:  4071 | steps_t:     0 | t: 667.464177 | r:  -477.000000 | e:   1.000000 | Q:        nan | won: False 
#  119 | steps:  4080 | steps_t:     0 | t: 669.580298 | r:  -497.000000 | e:   1.000000 | Q:        nan | won: False 
#  120 | steps:  4090 | steps_t:     0 | t: 672.187447 | r:  -465.000000 | e:   1.000000 | Q:        nan | won: False 
#  121 | steps:  4166 | steps_t:     0 | t: 684.343142 | r:  -414.000000 | e:   1.000000 | Q:        nan | won: False 
#  122 | steps:  4247 | steps_t:     0 | t: 696.771853 | r:  -445.000000 | e:   1.000000 | Q:        nan | won: False 
#  123 | steps:  4307 | steps_t:     0 | t: 706.414405 | r:  -515.000000 | e:   1.000000 | Q:        nan | won: False 
#  124 | steps:  4316 | steps_t:     0 | t: 708.630531 | r:  -486.000000 | e:   1.000000 | Q:        nan | won: False 
#  125 | steps:  4324 | steps_t:     0 | t: 710.671648 | r:  -496.000000 | e:   1.000000 | Q:        nan | won: False 
#  126 | steps:  4340 | steps_t:     0 | t: 713.926834 | r:  -482.000000 | e:   1.000000 | Q:        nan | won: False 
#  127 | steps:  4379 | steps_t:     0 | t: 720.218194 | r:  -505.000000 | e:   1.000000 | Q:        nan | won: False 
#  128 | steps:  4410 | steps_t:     0 | t: 725.709508 | r:  -486.000000 | e:   1.000000 | Q:        nan | won: False 
#  129 | steps:  4428 | steps_t:     0 | t: 729.297713 | r:  -473.000000 | e:   1.000000 | Q:        nan | won: False 
#  130 | steps:  4450 | steps_t:     0 | t: 733.322944 | r:  -488.000000 | e:   1.000000 | Q:        nan | won: False 
#  131 | steps:  4460 | steps_t:     0 | t: 735.678078 | r:  -487.000000 | e:   1.000000 | Q:        nan | won: False 
#  132 | steps:  4467 | steps_t:     0 | t: 737.603189 | r:  -495.000000 | e:   1.000000 | Q:        nan | won: False 
#  133 | steps:  4483 | steps_t:     0 | t: 740.918378 | r:  -493.000000 | e:   1.000000 | Q:        nan | won: False 
#  134 | steps:  4493 | steps_t:     0 | t: 743.248512 | r:  -487.000000 | e:   1.000000 | Q:        nan | won: False 
#  135 | steps:  4525 | steps_t:     0 | t: 748.671822 | r:  -476.000000 | e:   1.000000 | Q:        nan | won: False 
#  136 | steps:  4565 | steps_t:     0 | t: 755.441209 | r:  -426.000000 | e:   1.000000 | Q:        nan | won: False 
#  137 | steps:  4575 | steps_t:     0 | t: 757.738340 | r:  -465.000000 | e:   1.000000 | Q:        nan | won: False 
#  138 | steps:  4594 | steps_t:     0 | t: 761.408550 | r:  -496.000000 | e:   1.000000 | Q:        nan | won: False 
#  139 | steps:  4626 | steps_t:     0 | t: 766.788858 | r:  -509.000000 | e:   1.000000 | Q:        nan | won: False 
#  140 | steps:  4643 | steps_t:     0 | t: 770.037044 | r:  -472.000000 | e:   1.000000 | Q:        nan | won: False 
#  141 | steps:  4652 | steps_t:     0 | t: 772.202168 | r:  -486.000000 | e:   1.000000 | Q:        nan | won: False 
#  142 | steps:  4726 | steps_t:     0 | t: 784.293859 | r:  -383.000000 | e:   1.000000 | Q:        nan | won: False 
#  143 | steps:  4833 | steps_t:     0 | t: 800.930811 | r:  -463.000000 | e:   1.000000 | Q:        nan | won: False 
#  144 | steps:  4935 | steps_t:     0 | t: 816.783717 | r:  -495.000000 | e:   1.000000 | Q:        nan | won: False 
#  145 | steps:  4942 | steps_t:     0 | t: 818.685826 | r:  -484.000000 | e:   1.000000 | Q:        nan | won: False 
#  146 | steps:  4975 | steps_t:     0 | t: 824.346150 | r:  -444.000000 | e:   1.000000 | Q:        nan | won: False 
#  147 | steps:  4991 | steps_t:     0 | t: 827.621337 | r:  -482.000000 | e:   1.000000 | Q:        nan | won: False 
#  148 | steps:  5016 | steps_t:    14 | t: 834.014703 | r:  -513.000000 | e:   0.998600 | Q:        nan | won: False 
#  149 | steps:  5038 | steps_t:    35 | t: 838.913983 | r:  -433.000000 | e:   0.996500 | Q:        nan | won: False 
#  150 | steps:  5140 | steps_t:   136 | t: 858.438100 | r:  -396.000000 | e:   0.986400 | Q: -49.201504 | won: False 
#  151 | steps:  5147 | steps_t:   142 | t: 860.549221 | r:  -484.000000 | e:   0.985800 | Q:        nan | won: False 
#  152 | steps:  5167 | steps_t:   161 | t: 865.021476 | r:  -453.000000 | e:   0.983900 | Q: -95.135605 | won: False 
#  153 | steps:  5182 | steps_t:   175 | t: 868.745689 | r:  -492.000000 | e:   0.982500 | Q:        nan | won: False 
#  154 | steps:  5191 | steps_t:   183 | t: 871.366839 | r:  -464.000000 | e:   0.981700 | Q:        nan | won: False 
#  155 | steps:  5252 | steps_t:   243 | t: 883.589539 | r:  -406.000000 | e:   0.975700 | Q: -99.204674 | won: False 
#  156 | steps:  5261 | steps_t:   251 | t: 886.052679 | r:  -475.000000 | e:   0.974900 | Q:        nan | won: False 
#  157 | steps:  5358 | steps_t:   347 | t: 905.256778 | r:  -377.000000 | e:   0.965300 | Q:        nan | won: False 
#  158 | steps:  5430 | steps_t:   418 | t: 919.220577 | r:  -432.000000 | e:   0.958200 | Q: -103.555733 | won: False 
#  159 | steps:  5493 | steps_t:   480 | t: 931.762294 | r:  -456.000000 | e:   0.952000 | Q: -85.921371 | won: False 
#  160 | steps:  5535 | steps_t:   521 | t: 940.288782 | r:  -464.000000 | e:   0.947900 | Q: -153.329147 | won: False 
#  161 | steps:  5547 | steps_t:   532 | t: 943.282953 | r:  -500.000000 | e:   0.946800 | Q: -143.699432 | won: False 
#  162 | steps:  5556 | steps_t:   540 | t: 945.781096 | r:  -486.000000 | e:   0.946000 | Q:        nan | won: False 
