#    1 | steps:     8 | steps_t:     0 | t: 0.015001 | r:  -507.000000 | e:   1.000000 | Q:        nan | won: False 
#    2 | steps:    18 | steps_t:     0 | t: 0.020001 | r:  -509.000000 | e:   1.000000 | Q:        nan | won: False 
#    3 | steps:    27 | steps_t:     0 | t: 0.025001 | r:  -508.000000 | e:   1.000000 | Q:        nan | won: False 
#    4 | steps:    45 | steps_t:     0 | t: 0.054003 | r:  -517.000000 | e:   1.000000 | Q:        nan | won: False 
#    5 | steps:    55 | steps_t:     0 | t: 0.061004 | r:  -509.000000 | e:   1.000000 | Q:        nan | won: False 
#    6 | steps:    67 | steps_t:     0 | t: 0.068004 | r:  -511.000000 | e:   1.000000 | Q:        nan | won: False 
#    7 | steps:    78 | steps_t:     0 | t: 0.073004 | r:  -510.000000 | e:   1.000000 | Q:        nan | won: False 
#    8 | steps:    97 | steps_t:     0 | t: 0.082005 | r:  -507.000000 | e:   1.000000 | Q:        nan | won: False 
#    9 | steps:   102 | steps_t:     0 | t: 0.085005 | r:  -504.000000 | e:   1.000000 | Q:        nan | won: False 
#   10 | steps:   116 | steps_t:     0 | t: 0.093005 | r:  -502.000000 | e:   1.000000 | Q:        nan | won: False 
#   11 | steps:   130 | steps_t:     0 | t: 0.100006 | r:  -513.000000 | e:   1.000000 | Q:        nan | won: False 
#   12 | steps:   140 | steps_t:     0 | t: 0.105006 | r:  -509.000000 | e:   1.000000 | Q:        nan | won: False 
#   13 | steps:   153 | steps_t:     0 | t: 0.111006 | r:  -512.000000 | e:   1.000000 | Q:        nan | won: False 
#   14 | steps:   166 | steps_t:     0 | t: 0.118007 | r:  -512.000000 | e:   1.000000 | Q:        nan | won: False 
#   15 | steps:   186 | steps_t:     0 | t: 0.127007 | r:  -519.000000 | e:   1.000000 | Q:        nan | won: False 
#   16 | steps:   193 | steps_t:     0 | t: 0.131008 | r:  -506.000000 | e:   1.000000 | Q:        nan | won: False 
#   17 | steps:   200 | steps_t:     0 | t: 0.135008 | r:  -506.000000 | e:   1.000000 | Q:        nan | won: False 
#   18 | steps:   207 | steps_t:     0 | t: 0.139008 | r:  -506.000000 | e:   1.000000 | Q:        nan | won: False 
#   19 | steps:   223 | steps_t:     0 | t: 0.148008 | r:  -504.000000 | e:   1.000000 | Q:        nan | won: False 
#   20 | steps:   232 | steps_t:     0 | t: 0.153009 | r:  -508.000000 | e:   1.000000 | Q:        nan | won: False 
#   21 | steps:   239 | steps_t:     0 | t: 0.156009 | r:  -506.000000 | e:   1.000000 | Q:        nan | won: False 
#   22 | steps:   254 | steps_t:     0 | t: 0.164009 | r:  -514.000000 | e:   1.000000 | Q:        nan | won: False 
#   23 | steps:   262 | steps_t:     0 | t: 0.167009 | r:  -507.000000 | e:   1.000000 | Q:        nan | won: False 
#   24 | steps:   269 | steps_t:     0 | t: 0.171010 | r:  -506.000000 | e:   1.000000 | Q:        nan | won: False 
#   25 | steps:   276 | steps_t:     0 | t: 0.175010 | r:  -506.000000 | e:   1.000000 | Q:        nan | won: False 
#   26 | steps:   287 | steps_t:     0 | t: 0.181010 | r:  -510.000000 | e:   1.000000 | Q:        nan | won: False 
#   27 | steps:   312 | steps_t:     0 | t: 0.193011 | r:  -524.000000 | e:   1.000000 | Q:        nan | won: False 
#   28 | steps:   320 | steps_t:     0 | t: 0.197011 | r:  -507.000000 | e:   1.000000 | Q:        nan | won: False 
#   29 | steps:   326 | steps_t:     0 | t: 0.201012 | r:  -505.000000 | e:   1.000000 | Q:        nan | won: False 
#   30 | steps:   336 | steps_t:     0 | t: 0.206012 | r:  -509.000000 | e:   1.000000 | Q:        nan | won: False 
#   31 | steps:   346 | steps_t:     0 | t: 0.212012 | r:  -509.000000 | e:   1.000000 | Q:        nan | won: False 
#   32 | steps:   356 | steps_t:     0 | t: 0.217012 | r:  -509.000000 | e:   1.000000 | Q:        nan | won: False 
#   33 | steps:   364 | steps_t:     0 | t: 0.221013 | r:  -507.000000 | e:   1.000000 | Q:        nan | won: False 
#   34 | steps:   370 | steps_t:     0 | t: 0.226013 | r:  -505.000000 | e:   1.000000 | Q:        nan | won: False 
#   35 | steps:   378 | steps_t:     0 | t: 0.230013 | r:  -507.000000 | e:   1.000000 | Q:        nan | won: False 
#   36 | steps:   386 | steps_t:     0 | t: 0.234013 | r:  -507.000000 | e:   1.000000 | Q:        nan | won: False 
#   37 | steps:   397 | steps_t:     0 | t: 0.239014 | r:  -510.000000 | e:   1.000000 | Q:        nan | won: False 
#   38 | steps:   407 | steps_t:     0 | t: 0.245014 | r:  -509.000000 | e:   1.000000 | Q:        nan | won: False 
#   39 | steps:   425 | steps_t:     0 | t: 0.256015 | r:  -517.000000 | e:   1.000000 | Q:        nan | won: False 
#   40 | steps:   434 | steps_t:     0 | t: 0.260015 | r:  -508.000000 | e:   1.000000 | Q:        nan | won: False 
#   41 | steps:   443 | steps_t:     0 | t: 0.265015 | r:  -508.000000 | e:   1.000000 | Q:        nan | won: False 
#   42 | steps:   452 | steps_t:     0 | t: 0.269015 | r:  -508.000000 | e:   1.000000 | Q:        nan | won: False 
#   43 | steps:   461 | steps_t:     0 | t: 0.274016 | r:  -508.000000 | e:   1.000000 | Q:        nan | won: False 
#   44 | steps:   472 | steps_t:     0 | t: 0.279016 | r:  -510.000000 | e:   1.000000 | Q:        nan | won: False 
#   45 | steps:   480 | steps_t:     0 | t: 0.283016 | r:  -507.000000 | e:   1.000000 | Q:        nan | won: False 
#   46 | steps:   491 | steps_t:     0 | t: 0.288017 | r:  -510.000000 | e:   1.000000 | Q:        nan | won: False 
#   47 | steps:   497 | steps_t:     0 | t: 0.292017 | r:  -505.000000 | e:   1.000000 | Q:        nan | won: False 
#   48 | steps:   504 | steps_t:     0 | t: 0.295017 | r:  -506.000000 | e:   1.000000 | Q:        nan | won: False 
#   49 | steps:   512 | steps_t:     0 | t: 0.299017 | r:  -507.000000 | e:   1.000000 | Q:        nan | won: False 
#   50 | steps:   520 | steps_t:     0 | t: 0.303017 | r:  -507.000000 | e:   1.000000 | Q:        nan | won: False 
#   51 | steps:   528 | steps_t:     0 | t: 0.307018 | r:  -507.000000 | e:   1.000000 | Q:        nan | won: False 
#   52 | steps:   538 | steps_t:     0 | t: 0.312018 | r:  -509.000000 | e:   1.000000 | Q:        nan | won: False 
#   53 | steps:   545 | steps_t:     0 | t: 0.316018 | r:  -506.000000 | e:   1.000000 | Q:        nan | won: False 
#   54 | steps:   551 | steps_t:     0 | t: 0.319018 | r:  -505.000000 | e:   1.000000 | Q:        nan | won: False 
#   55 | steps:   573 | steps_t:     0 | t: 0.329019 | r:  -521.000000 | e:   1.000000 | Q:        nan | won: False 
#   56 | steps:   582 | steps_t:     0 | t: 0.335019 | r:  -508.000000 | e:   1.000000 | Q:        nan | won: False 
#   57 | steps:   591 | steps_t:     0 | t: 0.339019 | r:  -508.000000 | e:   1.000000 | Q:        nan | won: False 
#   58 | steps:   597 | steps_t:     0 | t: 0.342019 | r:  -505.000000 | e:   1.000000 | Q:        nan | won: False 
#   59 | steps:   606 | steps_t:     0 | t: 0.347020 | r:  -508.000000 | e:   1.000000 | Q:        nan | won: False 
#   60 | steps:   615 | steps_t:     0 | t: 0.352020 | r:  -508.000000 | e:   1.000000 | Q:        nan | won: False 
#   61 | steps:   624 | steps_t:     0 | t: 0.357021 | r:  -508.000000 | e:   1.000000 | Q:        nan | won: False 
#   62 | steps:   630 | steps_t:     0 | t: 0.360021 | r:  -505.000000 | e:   1.000000 | Q:        nan | won: False 
#   63 | steps:   637 | steps_t:     0 | t: 0.363021 | r:  -506.000000 | e:   1.000000 | Q:        nan | won: False 
#   64 | steps:   643 | steps_t:     0 | t: 0.368021 | r:  -505.000000 | e:   1.000000 | Q:        nan | won: False 
#   65 | steps:   654 | steps_t:     0 | t: 0.373021 | r:  -510.000000 | e:   1.000000 | Q:        nan | won: False 
#   66 | steps:   672 | steps_t:     0 | t: 0.382022 | r:  -517.000000 | e:   1.000000 | Q:        nan | won: False 
#   67 | steps:   680 | steps_t:     0 | t: 0.387022 | r:  -507.000000 | e:   1.000000 | Q:        nan | won: False 
#   68 | steps:   687 | steps_t:     0 | t: 0.390022 | r:  -506.000000 | e:   1.000000 | Q:        nan | won: False 
#   69 | steps:   693 | steps_t:     0 | t: 0.393023 | r:  -505.000000 | e:   1.000000 | Q:        nan | won: False 
#   70 | steps:   710 | steps_t:     0 | t: 0.401023 | r:  -516.000000 | e:   1.000000 | Q:        nan | won: False 
#   71 | steps:   719 | steps_t:     0 | t: 0.406023 | r:  -508.000000 | e:   1.000000 | Q:        nan | won: False 
#   72 | steps:   727 | steps_t:     0 | t: 0.410023 | r:  -507.000000 | e:   1.000000 | Q:        nan | won: False 
#   73 | steps:   737 | steps_t:     0 | t: 0.416024 | r:  -509.000000 | e:   1.000000 | Q:        nan | won: False 
#   74 | steps:   755 | steps_t:     0 | t: 0.424024 | r:  -517.000000 | e:   1.000000 | Q:        nan | won: False 
#   75 | steps:   762 | steps_t:     0 | t: 0.429025 | r:  -506.000000 | e:   1.000000 | Q:        nan | won: False 
#   76 | steps:   771 | steps_t:     0 | t: 0.433025 | r:  -508.000000 | e:   1.000000 | Q:        nan | won: False 
#   77 | steps:   779 | steps_t:     0 | t: 0.437025 | r:  -507.000000 | e:   1.000000 | Q:        nan | won: False 
#   78 | steps:   797 | steps_t:     0 | t: 0.446026 | r:  -517.000000 | e:   1.000000 | Q:        nan | won: False 
#   79 | steps:   809 | steps_t:     0 | t: 0.452026 | r:  -511.000000 | e:   1.000000 | Q:        nan | won: False 
#   80 | steps:   828 | steps_t:     0 | t: 0.461026 | r:  -518.000000 | e:   1.000000 | Q:        nan | won: False 
#   81 | steps:   850 | steps_t:     0 | t: 0.474027 | r:  -521.000000 | e:   1.000000 | Q:        nan | won: False 
#   82 | steps:   866 | steps_t:     0 | t: 0.481027 | r:  -515.000000 | e:   1.000000 | Q:        nan | won: False 
#   83 | steps:   872 | steps_t:     0 | t: 0.484028 | r:  -505.000000 | e:   1.000000 | Q:        nan | won: False 
#   84 | steps:   886 | steps_t:     0 | t: 0.491028 | r:  -513.000000 | e:   1.000000 | Q:        nan | won: False 
#   85 | steps:   902 | steps_t:     0 | t: 0.499029 | r:  -515.000000 | e:   1.000000 | Q:        nan | won: False 
#   86 | steps:   916 | steps_t:     0 | t: 0.506029 | r:  -513.000000 | e:   1.000000 | Q:        nan | won: False 
#   87 | steps:   923 | steps_t:     0 | t: 0.510029 | r:  -506.000000 | e:   1.000000 | Q:        nan | won: False 
#   88 | steps:   942 | steps_t:     0 | t: 0.519030 | r:  -518.000000 | e:   1.000000 | Q:        nan | won: False 
#   89 | steps:   949 | steps_t:     0 | t: 0.523030 | r:  -506.000000 | e:   1.000000 | Q:        nan | won: False 
#   90 | steps:   964 | steps_t:     0 | t: 0.530030 | r:  -514.000000 | e:   1.000000 | Q:        nan | won: False 
#   91 | steps:   971 | steps_t:     0 | t: 0.533031 | r:  -506.000000 | e:   1.000000 | Q:        nan | won: False 
#   92 | steps:   977 | steps_t:     0 | t: 0.537031 | r:  -505.000000 | e:   1.000000 | Q:        nan | won: False 
#   93 | steps:   986 | steps_t:     0 | t: 0.541031 | r:  -508.000000 | e:   1.000000 | Q:        nan | won: False 
#   94 | steps:   993 | steps_t:     0 | t: 0.545031 | r:  -506.000000 | e:   1.000000 | Q:        nan | won: False 
#   95 | steps:  1008 | steps_t:     0 | t: 0.553031 | r:  -503.000000 | e:   1.000000 | Q:        nan | won: False 
#   96 | steps:  1023 | steps_t:     0 | t: 0.562032 | r:  -514.000000 | e:   1.000000 | Q:        nan | won: False 
#   97 | steps:  1031 | steps_t:     0 | t: 0.566032 | r:  -507.000000 | e:   1.000000 | Q:        nan | won: False 
#   98 | steps:  1039 | steps_t:     0 | t: 0.571033 | r:  -507.000000 | e:   1.000000 | Q:        nan | won: False 
#   99 | steps:  1050 | steps_t:     0 | t: 0.576033 | r:  -510.000000 | e:   1.000000 | Q:        nan | won: False 
#  100 | steps:  1060 | steps_t:     0 | t: 0.581033 | r:  -509.000000 | e:   1.000000 | Q:        nan | won: False 
#  101 | steps:  1072 | steps_t:     0 | t: 0.588034 | r:  -511.000000 | e:   1.000000 | Q:        nan | won: False 
#  102 | steps:  1080 | steps_t:     0 | t: 0.593034 | r:  -507.000000 | e:   1.000000 | Q:        nan | won: False 
#  103 | steps:  1091 | steps_t:     0 | t: 0.600034 | r:  -510.000000 | e:   1.000000 | Q:        nan | won: False 
#  104 | steps:  1112 | steps_t:     0 | t: 0.610035 | r:  -520.000000 | e:   1.000000 | Q:        nan | won: False 
#  105 | steps:  1123 | steps_t:     0 | t: 0.616035 | r:  -510.000000 | e:   1.000000 | Q:        nan | won: False 
#  106 | steps:  1133 | steps_t:     0 | t: 0.622036 | r:  -509.000000 | e:   1.000000 | Q:        nan | won: False 
#  107 | steps:  1145 | steps_t:     0 | t: 0.628036 | r:  -511.000000 | e:   1.000000 | Q:        nan | won: False 
#  108 | steps:  1157 | steps_t:     0 | t: 0.635036 | r:  -511.000000 | e:   1.000000 | Q:        nan | won: False 
#  109 | steps:  1168 | steps_t:     0 | t: 0.640037 | r:  -510.000000 | e:   1.000000 | Q:        nan | won: False 
#  110 | steps:  1177 | steps_t:     0 | t: 0.645037 | r:  -508.000000 | e:   1.000000 | Q:        nan | won: False 
#  111 | steps:  1192 | steps_t:     0 | t: 0.652037 | r:  -514.000000 | e:   1.000000 | Q:        nan | won: False 
#  112 | steps:  1202 | steps_t:     0 | t: 0.659038 | r:  -509.000000 | e:   1.000000 | Q:        nan | won: False 
#  113 | steps:  1209 | steps_t:     0 | t: 0.662038 | r:  -506.000000 | e:   1.000000 | Q:        nan | won: False 
#  114 | steps:  1222 | steps_t:     0 | t: 0.668038 | r:  -512.000000 | e:   1.000000 | Q:        nan | won: False 
#  115 | steps:  1229 | steps_t:     0 | t: 0.672039 | r:  -506.000000 | e:   1.000000 | Q:        nan | won: False 
#  116 | steps:  1236 | steps_t:     0 | t: 0.676039 | r:  -506.000000 | e:   1.000000 | Q:        nan | won: False 
#  117 | steps:  1245 | steps_t:     0 | t: 0.681039 | r:  -508.000000 | e:   1.000000 | Q:        nan | won: False 
#  118 | steps:  1254 | steps_t:     0 | t: 0.685039 | r:  -508.000000 | e:   1.000000 | Q:        nan | won: False 
#  119 | steps:  1266 | steps_t:     0 | t: 0.691040 | r:  -511.000000 | e:   1.000000 | Q:        nan | won: False 
#  120 | steps:  1286 | steps_t:     0 | t: 0.701040 | r:  -519.000000 | e:   1.000000 | Q:        nan | won: False 
#  121 | steps:  1293 | steps_t:     0 | t: 0.704040 | r:  -506.000000 | e:   1.000000 | Q:        nan | won: False 
#  122 | steps:  1303 | steps_t:     0 | t: 0.709040 | r:  -509.000000 | e:   1.000000 | Q:        nan | won: False 
#  123 | steps:  1312 | steps_t:     0 | t: 0.713041 | r:  -508.000000 | e:   1.000000 | Q:        nan | won: False 
#  124 | steps:  1320 | steps_t:     0 | t: 0.718041 | r:  -507.000000 | e:   1.000000 | Q:        nan | won: False 
#  125 | steps:  1330 | steps_t:     0 | t: 0.723041 | r:  -509.000000 | e:   1.000000 | Q:        nan | won: False 
#  126 | steps:  1336 | steps_t:     0 | t: 0.726042 | r:  -505.000000 | e:   1.000000 | Q:        nan | won: False 
#  127 | steps:  1358 | steps_t:     0 | t: 0.737042 | r:  -521.000000 | e:   1.000000 | Q:        nan | won: False 
#  128 | steps:  1366 | steps_t:     0 | t: 0.741043 | r:  -507.000000 | e:   1.000000 | Q:        nan | won: False 
#  129 | steps:  1375 | steps_t:     0 | t: 0.746043 | r:  -508.000000 | e:   1.000000 | Q:        nan | won: False 
#  130 | steps:  1382 | steps_t:     0 | t: 0.749043 | r:  -506.000000 | e:   1.000000 | Q:        nan | won: False 
#  131 | steps:  1390 | steps_t:     0 | t: 0.755043 | r:  -507.000000 | e:   1.000000 | Q:        nan | won: False 
#  132 | steps:  1398 | steps_t:     0 | t: 0.759043 | r:  -507.000000 | e:   1.000000 | Q:        nan | won: False 
#  133 | steps:  1413 | steps_t:     0 | t: 0.766044 | r:  -514.000000 | e:   1.000000 | Q:        nan | won: False 
#  134 | steps:  1422 | steps_t:     0 | t: 0.771044 | r:  -508.000000 | e:   1.000000 | Q:        nan | won: False 
#  135 | steps:  1436 | steps_t:     0 | t: 0.780045 | r:  -513.000000 | e:   1.000000 | Q:        nan | won: False 
#  136 | steps:  1444 | steps_t:     0 | t: 0.784045 | r:  -507.000000 | e:   1.000000 | Q:        nan | won: False 
#  137 | steps:  1452 | steps_t:     0 | t: 0.788045 | r:  -507.000000 | e:   1.000000 | Q:        nan | won: False 
#  138 | steps:  1461 | steps_t:     0 | t: 0.794045 | r:  -508.000000 | e:   1.000000 | Q:        nan | won: False 
#  139 | steps:  1468 | steps_t:     0 | t: 0.797046 | r:  -506.000000 | e:   1.000000 | Q:        nan | won: False 
#  140 | steps:  1480 | steps_t:     0 | t: 0.804046 | r:  -511.000000 | e:   1.000000 | Q:        nan | won: False 
#  141 | steps:  1488 | steps_t:     0 | t: 0.808046 | r:  -507.000000 | e:   1.000000 | Q:        nan | won: False 
#  142 | steps:  1494 | steps_t:     0 | t: 0.811047 | r:  -505.000000 | e:   1.000000 | Q:        nan | won: False 
#  143 | steps:  1500 | steps_t:     0 | t: 0.815047 | r:  -505.000000 | e:   1.000000 | Q:        nan | won: False 
#  144 | steps:  1510 | steps_t:     0 | t: 0.820047 | r:  -509.000000 | e:   1.000000 | Q:        nan | won: False 
#  145 | steps:  1518 | steps_t:     0 | t: 0.825047 | r:  -507.000000 | e:   1.000000 | Q:        nan | won: False 
#  146 | steps:  1525 | steps_t:     0 | t: 0.829047 | r:  -506.000000 | e:   1.000000 | Q:        nan | won: False 
#  147 | steps:  1538 | steps_t:     0 | t: 0.836048 | r:  -512.000000 | e:   1.000000 | Q:        nan | won: False 
#  148 | steps:  1553 | steps_t:     0 | t: 0.843048 | r:  -514.000000 | e:   1.000000 | Q:        nan | won: False 
#  149 | steps:  1562 | steps_t:     0 | t: 0.848048 | r:  -508.000000 | e:   1.000000 | Q:        nan | won: False 
#  150 | steps:  1589 | steps_t:     0 | t: 0.861049 | r:  -515.000000 | e:   1.000000 | Q:        nan | won: False 
#  151 | steps:  1608 | steps_t:     0 | t: 0.871050 | r:  -518.000000 | e:   1.000000 | Q:        nan | won: False 
#  152 | steps:  1622 | steps_t:     0 | t: 0.878050 | r:  -513.000000 | e:   1.000000 | Q:        nan | won: False 
#  153 | steps:  1629 | steps_t:     0 | t: 0.882051 | r:  -506.000000 | e:   1.000000 | Q:        nan | won: False 
#  154 | steps:  1637 | steps_t:     0 | t: 0.886051 | r:  -507.000000 | e:   1.000000 | Q:        nan | won: False 
#  155 | steps:  1656 | steps_t:     0 | t: 0.896051 | r:  -518.000000 | e:   1.000000 | Q:        nan | won: False 
#  156 | steps:  1664 | steps_t:     0 | t: 0.900052 | r:  -507.000000 | e:   1.000000 | Q:        nan | won: False 
#  157 | steps:  1676 | steps_t:     0 | t: 0.906052 | r:  -511.000000 | e:   1.000000 | Q:        nan | won: False 
#  158 | steps:  1689 | steps_t:     0 | t: 0.912052 | r:  -512.000000 | e:   1.000000 | Q:        nan | won: False 
#  159 | steps:  1699 | steps_t:     0 | t: 0.916052 | r:  -509.000000 | e:   1.000000 | Q:        nan | won: False 
#  160 | steps:  1716 | steps_t:     0 | t: 0.927053 | r:  -516.000000 | e:   1.000000 | Q:        nan | won: False 
#  161 | steps:  1726 | steps_t:     0 | t: 0.932053 | r:  -509.000000 | e:   1.000000 | Q:        nan | won: False 
#  162 | steps:  1735 | steps_t:     0 | t: 0.936054 | r:  -508.000000 | e:   1.000000 | Q:        nan | won: False 
#  163 | steps:  1742 | steps_t:     0 | t: 0.940054 | r:  -506.000000 | e:   1.000000 | Q:        nan | won: False 
#  164 | steps:  1754 | steps_t:     0 | t: 0.946054 | r:  -511.000000 | e:   1.000000 | Q:        nan | won: False 
#  165 | steps:  1767 | steps_t:     0 | t: 0.953055 | r:  -512.000000 | e:   1.000000 | Q:        nan | won: False 
#  166 | steps:  1773 | steps_t:     0 | t: 0.958055 | r:  -505.000000 | e:   1.000000 | Q:        nan | won: False 
#  167 | steps:  1779 | steps_t:     0 | t: 0.961055 | r:  -505.000000 | e:   1.000000 | Q:        nan | won: False 
#  168 | steps:  1788 | steps_t:     0 | t: 0.965055 | r:  -508.000000 | e:   1.000000 | Q:        nan | won: False 
#  169 | steps:  1811 | steps_t:     0 | t: 0.977056 | r:  -522.000000 | e:   1.000000 | Q:        nan | won: False 
#  170 | steps:  1819 | steps_t:     0 | t: 0.981056 | r:  -507.000000 | e:   1.000000 | Q:        nan | won: False 
#  171 | steps:  1827 | steps_t:     0 | t: 0.986056 | r:  -507.000000 | e:   1.000000 | Q:        nan | won: False 
#  172 | steps:  1845 | steps_t:     0 | t: 0.995057 | r:  -517.000000 | e:   1.000000 | Q:        nan | won: False 
#  173 | steps:  1863 | steps_t:     0 | t: 1.005058 | r:  -517.000000 | e:   1.000000 | Q:        nan | won: False 
#  174 | steps:  1871 | steps_t:     0 | t: 1.010058 | r:  -507.000000 | e:   1.000000 | Q:        nan | won: False 
#  175 | steps:  1881 | steps_t:     0 | t: 1.014058 | r:  -509.000000 | e:   1.000000 | Q:        nan | won: False 
#  176 | steps:  1891 | steps_t:     0 | t: 1.020058 | r:  -509.000000 | e:   1.000000 | Q:        nan | won: False 
#  177 | steps:  1901 | steps_t:     0 | t: 1.025059 | r:  -509.000000 | e:   1.000000 | Q:        nan | won: False 
#  178 | steps:  1909 | steps_t:     0 | t: 1.030059 | r:  -507.000000 | e:   1.000000 | Q:        nan | won: False 
#  179 | steps:  1925 | steps_t:     0 | t: 1.039059 | r:  -504.000000 | e:   1.000000 | Q:        nan | won: False 
#  180 | steps:  1934 | steps_t:     0 | t: 1.044060 | r:  -508.000000 | e:   1.000000 | Q:        nan | won: False 
#  181 | steps:  1945 | steps_t:     0 | t: 1.050060 | r:  -510.000000 | e:   1.000000 | Q:        nan | won: False 
#  182 | steps:  1955 | steps_t:     0 | t: 1.056061 | r:  -509.000000 | e:   1.000000 | Q:        nan | won: False 
#  183 | steps:  1967 | steps_t:     0 | t: 1.062061 | r:  -511.000000 | e:   1.000000 | Q:        nan | won: False 
#  184 | steps:  1977 | steps_t:     0 | t: 1.067061 | r:  -509.000000 | e:   1.000000 | Q:        nan | won: False 
#  185 | steps:  1997 | steps_t:     0 | t: 1.077062 | r:  -519.000000 | e:   1.000000 | Q:        nan | won: False 
#  186 | steps:  2007 | steps_t:     0 | t: 1.082062 | r:  -509.000000 | e:   1.000000 | Q:        nan | won: False 
#  187 | steps:  2013 | steps_t:     0 | t: 1.085062 | r:  -505.000000 | e:   1.000000 | Q:        nan | won: False 
#  188 | steps:  2023 | steps_t:     0 | t: 1.090062 | r:  -509.000000 | e:   1.000000 | Q:        nan | won: False 
#  189 | steps:  2033 | steps_t:     0 | t: 1.095063 | r:  -509.000000 | e:   1.000000 | Q:        nan | won: False 
#  190 | steps:  2039 | steps_t:     0 | t: 1.098063 | r:  -505.000000 | e:   1.000000 | Q:        nan | won: False 
#  191 | steps:  2056 | steps_t:     0 | t: 1.106063 | r:  -516.000000 | e:   1.000000 | Q:        nan | won: False 
#  192 | steps:  2063 | steps_t:     0 | t: 1.110064 | r:  -506.000000 | e:   1.000000 | Q:        nan | won: False 
#  193 | steps:  2069 | steps_t:     0 | t: 1.113064 | r:  -505.000000 | e:   1.000000 | Q:        nan | won: False 
#  194 | steps:  2077 | steps_t:     0 | t: 1.117064 | r:  -507.000000 | e:   1.000000 | Q:        nan | won: False 
#  195 | steps:  2088 | steps_t:     0 | t: 1.123064 | r:  -510.000000 | e:   1.000000 | Q:        nan | won: False 
#  196 | steps:  2095 | steps_t:     0 | t: 1.126065 | r:  -506.000000 | e:   1.000000 | Q:        nan | won: False 
#  197 | steps:  2103 | steps_t:     0 | t: 1.130064 | r:  -507.000000 | e:   1.000000 | Q:        nan | won: False 
#  198 | steps:  2110 | steps_t:     0 | t: 1.134065 | r:  -506.000000 | e:   1.000000 | Q:        nan | won: False 
#  199 | steps:  2119 | steps_t:     0 | t: 1.139065 | r:  -508.000000 | e:   1.000000 | Q:        nan | won: False 
#  200 | steps:  2126 | steps_t:     0 | t: 1.142065 | r:  -506.000000 | e:   1.000000 | Q:        nan | won: False 
#  201 | steps:  2134 | steps_t:     0 | t: 1.146065 | r:  -507.000000 | e:   1.000000 | Q:        nan | won: False 
#  202 | steps:  2141 | steps_t:     0 | t: 1.150066 | r:  -506.000000 | e:   1.000000 | Q:        nan | won: False 
#  203 | steps:  2150 | steps_t:     0 | t: 1.154066 | r:  -508.000000 | e:   1.000000 | Q:        nan | won: False 
#  204 | steps:  2157 | steps_t:     0 | t: 1.158066 | r:  -506.000000 | e:   1.000000 | Q:        nan | won: False 
#  205 | steps:  2164 | steps_t:     0 | t: 1.162066 | r:  -506.000000 | e:   1.000000 | Q:        nan | won: False 
#  206 | steps:  2171 | steps_t:     0 | t: 1.166067 | r:  -506.000000 | e:   1.000000 | Q:        nan | won: False 
#  207 | steps:  2179 | steps_t:     0 | t: 1.170067 | r:  -507.000000 | e:   1.000000 | Q:        nan | won: False 
#  208 | steps:  2187 | steps_t:     0 | t: 1.174067 | r:  -507.000000 | e:   1.000000 | Q:        nan | won: False 
#  209 | steps:  2197 | steps_t:     0 | t: 1.180068 | r:  -509.000000 | e:   1.000000 | Q:        nan | won: False 
#  210 | steps:  2206 | steps_t:     0 | t: 1.184068 | r:  -508.000000 | e:   1.000000 | Q:        nan | won: False 
#  211 | steps:  2213 | steps_t:     0 | t: 1.189068 | r:  -506.000000 | e:   1.000000 | Q:        nan | won: False 
#  212 | steps:  2218 | steps_t:     0 | t: 1.191068 | r:  -504.000000 | e:   1.000000 | Q:        nan | won: False 
#  213 | steps:  2227 | steps_t:     0 | t: 1.196069 | r:  -508.000000 | e:   1.000000 | Q:        nan | won: False 
#  214 | steps:  2235 | steps_t:     0 | t: 1.200069 | r:  -507.000000 | e:   1.000000 | Q:        nan | won: False 
#  215 | steps:  2242 | steps_t:     0 | t: 1.204069 | r:  -506.000000 | e:   1.000000 | Q:        nan | won: False 
#  216 | steps:  2255 | steps_t:     0 | t: 1.211069 | r:  -512.000000 | e:   1.000000 | Q:        nan | won: False 
#  217 | steps:  2273 | steps_t:     0 | t: 1.221070 | r:  -506.000000 | e:   1.000000 | Q:        nan | won: False 
#  218 | steps:  2279 | steps_t:     0 | t: 1.225070 | r:  -505.000000 | e:   1.000000 | Q:        nan | won: False 
#  219 | steps:  2289 | steps_t:     0 | t: 1.232070 | r:  -509.000000 | e:   1.000000 | Q:        nan | won: False 
#  220 | steps:  2298 | steps_t:     0 | t: 1.237071 | r:  -508.000000 | e:   1.000000 | Q:        nan | won: False 
#  221 | steps:  2309 | steps_t:     0 | t: 1.245071 | r:  -510.000000 | e:   1.000000 | Q:        nan | won: False 
#  222 | steps:  2316 | steps_t:     0 | t: 1.250071 | r:  -506.000000 | e:   1.000000 | Q:        nan | won: False 
#  223 | steps:  2324 | steps_t:     0 | t: 1.255072 | r:  -507.000000 | e:   1.000000 | Q:        nan | won: False 
#  224 | steps:  2331 | steps_t:     0 | t: 1.259072 | r:  -506.000000 | e:   1.000000 | Q:        nan | won: False 
#  225 | steps:  2351 | steps_t:     0 | t: 1.269073 | r:  -519.000000 | e:   1.000000 | Q:        nan | won: False 
#  226 | steps:  2357 | steps_t:     0 | t: 1.273073 | r:  -505.000000 | e:   1.000000 | Q:        nan | won: False 
#  227 | steps:  2366 | steps_t:     0 | t: 1.278073 | r:  -508.000000 | e:   1.000000 | Q:        nan | won: False 
#  228 | steps:  2375 | steps_t:     0 | t: 1.283073 | r:  -508.000000 | e:   1.000000 | Q:        nan | won: False 
#  229 | steps:  2384 | steps_t:     0 | t: 1.288074 | r:  -508.000000 | e:   1.000000 | Q:        nan | won: False 
#  230 | steps:  2407 | steps_t:     0 | t: 1.299074 | r:  -522.000000 | e:   1.000000 | Q:        nan | won: False 
#  231 | steps:  2414 | steps_t:     0 | t: 1.303074 | r:  -506.000000 | e:   1.000000 | Q:        nan | won: False 
#  232 | steps:  2422 | steps_t:     0 | t: 1.307075 | r:  -507.000000 | e:   1.000000 | Q:        nan | won: False 
#  233 | steps:  2432 | steps_t:     0 | t: 1.311075 | r:  -509.000000 | e:   1.000000 | Q:        nan | won: False 
#  234 | steps:  2439 | steps_t:     0 | t: 1.315075 | r:  -506.000000 | e:   1.000000 | Q:        nan | won: False 
#  235 | steps:  2448 | steps_t:     0 | t: 1.319075 | r:  -508.000000 | e:   1.000000 | Q:        nan | won: False 
#  236 | steps:  2460 | steps_t:     0 | t: 1.325076 | r:  -511.000000 | e:   1.000000 | Q:        nan | won: False 
#  237 | steps:  2468 | steps_t:     0 | t: 1.329076 | r:  -507.000000 | e:   1.000000 | Q:        nan | won: False 
#  238 | steps:  2475 | steps_t:     0 | t: 1.332076 | r:  -506.000000 | e:   1.000000 | Q:        nan | won: False 
#  239 | steps:  2483 | steps_t:     0 | t: 1.336076 | r:  -507.000000 | e:   1.000000 | Q:        nan | won: False 
#  240 | steps:  2491 | steps_t:     0 | t: 1.340077 | r:  -507.000000 | e:   1.000000 | Q:        nan | won: False 
#  241 | steps:  2500 | steps_t:     0 | t: 1.345077 | r:  -508.000000 | e:   1.000000 | Q:        nan | won: False 
#  242 | steps:  2507 | steps_t:     0 | t: 1.348077 | r:  -506.000000 | e:   1.000000 | Q:        nan | won: False 
#  243 | steps:  2515 | steps_t:     0 | t: 1.352077 | r:  -507.000000 | e:   1.000000 | Q:        nan | won: False 
#  244 | steps:  2530 | steps_t:     0 | t: 1.359078 | r:  -503.000000 | e:   1.000000 | Q:        nan | won: False 
#  245 | steps:  2537 | steps_t:     0 | t: 1.364078 | r:  -506.000000 | e:   1.000000 | Q:        nan | won: False 
#  246 | steps:  2555 | steps_t:     0 | t: 1.374079 | r:  -517.000000 | e:   1.000000 | Q:        nan | won: False 
#  247 | steps:  2566 | steps_t:     0 | t: 1.380079 | r:  -510.000000 | e:   1.000000 | Q:        nan | won: False 
#  248 | steps:  2575 | steps_t:     0 | t: 1.385079 | r:  -508.000000 | e:   1.000000 | Q:        nan | won: False 
#  249 | steps:  2583 | steps_t:     0 | t: 1.389079 | r:  -507.000000 | e:   1.000000 | Q:        nan | won: False 
#  250 | steps:  2591 | steps_t:     0 | t: 1.393080 | r:  -507.000000 | e:   1.000000 | Q:        nan | won: False 
#  251 | steps:  2614 | steps_t:     0 | t: 1.405080 | r:  -522.000000 | e:   1.000000 | Q:        nan | won: False 
#  252 | steps:  2639 | steps_t:     0 | t: 1.419081 | r:  -524.000000 | e:   1.000000 | Q:        nan | won: False 
#  253 | steps:  2652 | steps_t:     0 | t: 1.426081 | r:  -512.000000 | e:   1.000000 | Q:        nan | won: False 
#  254 | steps:  2662 | steps_t:     0 | t: 1.430082 | r:  -509.000000 | e:   1.000000 | Q:        nan | won: False 
#  255 | steps:  2685 | steps_t:     0 | t: 1.442082 | r:  -522.000000 | e:   1.000000 | Q:        nan | won: False 
#  256 | steps:  2695 | steps_t:     0 | t: 1.447083 | r:  -509.000000 | e:   1.000000 | Q:        nan | won: False 
#  257 | steps:  2701 | steps_t:     0 | t: 1.450083 | r:  -505.000000 | e:   1.000000 | Q:        nan | won: False 
#  258 | steps:  2711 | steps_t:     0 | t: 1.455083 | r:  -509.000000 | e:   1.000000 | Q:        nan | won: False 
#  259 | steps:  2730 | steps_t:     0 | t: 1.465084 | r:  -518.000000 | e:   1.000000 | Q:        nan | won: False 
#  260 | steps:  2737 | steps_t:     0 | t: 1.469084 | r:  -506.000000 | e:   1.000000 | Q:        nan | won: False 
#  261 | steps:  2742 | steps_t:     0 | t: 1.471084 | r:  -504.000000 | e:   1.000000 | Q:        nan | won: False 
#  262 | steps:  2759 | steps_t:     0 | t: 1.481085 | r:  -516.000000 | e:   1.000000 | Q:        nan | won: False 
#  263 | steps:  2766 | steps_t:     0 | t: 1.484085 | r:  -506.000000 | e:   1.000000 | Q:        nan | won: False 
#  264 | steps:  2775 | steps_t:     0 | t: 1.489085 | r:  -508.000000 | e:   1.000000 | Q:        nan | won: False 
#  265 | steps:  2797 | steps_t:     0 | t: 1.501086 | r:  -521.000000 | e:   1.000000 | Q:        nan | won: False 
#  266 | steps:  2805 | steps_t:     0 | t: 1.506086 | r:  -507.000000 | e:   1.000000 | Q:        nan | won: False 
#  267 | steps:  2819 | steps_t:     0 | t: 1.514086 | r:  -513.000000 | e:   1.000000 | Q:        nan | won: False 
#  268 | steps:  2825 | steps_t:     0 | t: 1.517087 | r:  -505.000000 | e:   1.000000 | Q:        nan | won: False 
#  269 | steps:  2836 | steps_t:     0 | t: 1.525087 | r:  -510.000000 | e:   1.000000 | Q:        nan | won: False 
#  270 | steps:  2843 | steps_t:     0 | t: 1.530087 | r:  -506.000000 | e:   1.000000 | Q:        nan | won: False 
#  271 | steps:  2852 | steps_t:     0 | t: 1.536088 | r:  -508.000000 | e:   1.000000 | Q:        nan | won: False 
#  272 | steps:  2873 | steps_t:     0 | t: 1.546088 | r:  -520.000000 | e:   1.000000 | Q:        nan | won: False 
#  273 | steps:  2893 | steps_t:     0 | t: 1.556089 | r:  -519.000000 | e:   1.000000 | Q:        nan | won: False 
#  274 | steps:  2909 | steps_t:     0 | t: 1.564090 | r:  -515.000000 | e:   1.000000 | Q:        nan | won: False 
#  275 | steps:  2925 | steps_t:     0 | t: 1.572090 | r:  -515.000000 | e:   1.000000 | Q:        nan | won: False 
#  276 | steps:  2937 | steps_t:     0 | t: 1.578090 | r:  -511.000000 | e:   1.000000 | Q:        nan | won: False 
#  277 | steps:  2945 | steps_t:     0 | t: 1.583091 | r:  -507.000000 | e:   1.000000 | Q:        nan | won: False 
#  278 | steps:  2954 | steps_t:     0 | t: 1.588091 | r:  -508.000000 | e:   1.000000 | Q:        nan | won: False 
#  279 | steps:  2961 | steps_t:     0 | t: 1.593091 | r:  -506.000000 | e:   1.000000 | Q:        nan | won: False 
#  280 | steps:  2980 | steps_t:     0 | t: 1.604092 | r:  -507.000000 | e:   1.000000 | Q:        nan | won: False 
#  281 | steps:  2998 | steps_t:     0 | t: 1.612092 | r:  -517.000000 | e:   1.000000 | Q:        nan | won: False 
#  282 | steps:  3009 | steps_t:     0 | t: 1.619093 | r:  -510.000000 | e:   1.000000 | Q:        nan | won: False 
#  283 | steps:  3026 | steps_t:     0 | t: 1.628093 | r:  -516.000000 | e:   1.000000 | Q:        nan | won: False 
#  284 | steps:  3033 | steps_t:     0 | t: 1.632093 | r:  -506.000000 | e:   1.000000 | Q:        nan | won: False 
#  285 | steps:  3042 | steps_t:     0 | t: 1.637094 | r:  -508.000000 | e:   1.000000 | Q:        nan | won: False 
#  286 | steps:  3055 | steps_t:     0 | t: 1.645094 | r:  -512.000000 | e:   1.000000 | Q:        nan | won: False 
#  287 | steps:  3067 | steps_t:     0 | t: 1.650095 | r:  -511.000000 | e:   1.000000 | Q:        nan | won: False 
#  288 | steps:  3073 | steps_t:     0 | t: 1.654095 | r:  -505.000000 | e:   1.000000 | Q:        nan | won: False 
#  289 | steps:  3080 | steps_t:     0 | t: 1.658095 | r:  -506.000000 | e:   1.000000 | Q:        nan | won: False 
#  290 | steps:  3092 | steps_t:     0 | t: 1.665095 | r:  -511.000000 | e:   1.000000 | Q:        nan | won: False 
#  291 | steps:  3105 | steps_t:     0 | t: 1.673096 | r:  -512.000000 | e:   1.000000 | Q:        nan | won: False 
#  292 | steps:  3112 | steps_t:     0 | t: 1.676096 | r:  -506.000000 | e:   1.000000 | Q:        nan | won: False 
#  293 | steps:  3118 | steps_t:     0 | t: 1.680096 | r:  -505.000000 | e:   1.000000 | Q:        nan | won: False 
#  294 | steps:  3136 | steps_t:     0 | t: 1.689096 | r:  -517.000000 | e:   1.000000 | Q:        nan | won: False 
#  295 | steps:  3144 | steps_t:     0 | t: 1.693097 | r:  -507.000000 | e:   1.000000 | Q:        nan | won: False 
#  296 | steps:  3152 | steps_t:     0 | t: 1.697097 | r:  -507.000000 | e:   1.000000 | Q:        nan | won: False 
#  297 | steps:  3168 | steps_t:     0 | t: 1.705098 | r:  -515.000000 | e:   1.000000 | Q:        nan | won: False 
#  298 | steps:  3182 | steps_t:     0 | t: 1.712098 | r:  -513.000000 | e:   1.000000 | Q:        nan | won: False 
#  299 | steps:  3193 | steps_t:     0 | t: 1.718098 | r:  -510.000000 | e:   1.000000 | Q:        nan | won: False 
#  300 | steps:  3202 | steps_t:     0 | t: 1.722099 | r:  -508.000000 | e:   1.000000 | Q:        nan | won: False 
#  301 | steps:  3220 | steps_t:     0 | t: 1.732099 | r:  -517.000000 | e:   1.000000 | Q:        nan | won: False 
#  302 | steps:  3228 | steps_t:     0 | t: 1.736099 | r:  -507.000000 | e:   1.000000 | Q:        nan | won: False 
#  303 | steps:  3239 | steps_t:     0 | t: 1.742100 | r:  -510.000000 | e:   1.000000 | Q:        nan | won: False 
#  304 | steps:  3245 | steps_t:     0 | t: 1.745100 | r:  -505.000000 | e:   1.000000 | Q:        nan | won: False 
#  305 | steps:  3258 | steps_t:     0 | t: 1.752100 | r:  -512.000000 | e:   1.000000 | Q:        nan | won: False 
#  306 | steps:  3265 | steps_t:     0 | t: 1.756100 | r:  -506.000000 | e:   1.000000 | Q:        nan | won: False 
#  307 | steps:  3285 | steps_t:     0 | t: 1.766101 | r:  -519.000000 | e:   1.000000 | Q:        nan | won: False 
#  308 | steps:  3294 | steps_t:     0 | t: 1.771101 | r:  -508.000000 | e:   1.000000 | Q:        nan | won: False 
#  309 | steps:  3302 | steps_t:     0 | t: 1.775102 | r:  -507.000000 | e:   1.000000 | Q:        nan | won: False 
#  310 | steps:  3311 | steps_t:     0 | t: 1.781102 | r:  -508.000000 | e:   1.000000 | Q:        nan | won: False 
#  311 | steps:  3330 | steps_t:     0 | t: 1.790102 | r:  -518.000000 | e:   1.000000 | Q:        nan | won: False 
#  312 | steps:  3338 | steps_t:     0 | t: 1.794103 | r:  -507.000000 | e:   1.000000 | Q:        nan | won: False 
#  313 | steps:  3347 | steps_t:     0 | t: 1.799103 | r:  -508.000000 | e:   1.000000 | Q:        nan | won: False 
#  314 | steps:  3356 | steps_t:     0 | t: 1.804103 | r:  -508.000000 | e:   1.000000 | Q:        nan | won: False 
#  315 | steps:  3364 | steps_t:     0 | t: 1.808104 | r:  -507.000000 | e:   1.000000 | Q:        nan | won: False 
#  316 | steps:  3380 | steps_t:     0 | t: 1.815104 | r:  -504.000000 | e:   1.000000 | Q:        nan | won: False 
#  317 | steps:  3387 | steps_t:     0 | t: 1.819104 | r:  -506.000000 | e:   1.000000 | Q:        nan | won: False 
#  318 | steps:  3393 | steps_t:     0 | t: 1.822104 | r:  -505.000000 | e:   1.000000 | Q:        nan | won: False 
#  319 | steps:  3402 | steps_t:     0 | t: 1.826104 | r:  -508.000000 | e:   1.000000 | Q:        nan | won: False 
#  320 | steps:  3411 | steps_t:     0 | t: 1.832105 | r:  -508.000000 | e:   1.000000 | Q:        nan | won: False 
#  321 | steps:  3419 | steps_t:     0 | t: 1.836105 | r:  -507.000000 | e:   1.000000 | Q:        nan | won: False 
#  322 | steps:  3429 | steps_t:     0 | t: 1.842105 | r:  -509.000000 | e:   1.000000 | Q:        nan | won: False 
#  323 | steps:  3438 | steps_t:     0 | t: 1.846106 | r:  -508.000000 | e:   1.000000 | Q:        nan | won: False 
#  324 | steps:  3450 | steps_t:     0 | t: 1.852106 | r:  -511.000000 | e:   1.000000 | Q:        nan | won: False 
#  325 | steps:  3457 | steps_t:     0 | t: 1.856106 | r:  -506.000000 | e:   1.000000 | Q:        nan | won: False 
#  326 | steps:  3467 | steps_t:     0 | t: 1.861107 | r:  -509.000000 | e:   1.000000 | Q:        nan | won: False 
#  327 | steps:  3475 | steps_t:     0 | t: 1.865107 | r:  -507.000000 | e:   1.000000 | Q:        nan | won: False 
#  328 | steps:  3480 | steps_t:     0 | t: 1.868107 | r:  -504.000000 | e:   1.000000 | Q:        nan | won: False 
#  329 | steps:  3488 | steps_t:     0 | t: 1.872107 | r:  -507.000000 | e:   1.000000 | Q:        nan | won: False 
#  330 | steps:  3499 | steps_t:     0 | t: 1.878108 | r:  -510.000000 | e:   1.000000 | Q:        nan | won: False 
#  331 | steps:  3508 | steps_t:     0 | t: 1.883108 | r:  -508.000000 | e:   1.000000 | Q:        nan | won: False 
#  332 | steps:  3522 | steps_t:     0 | t: 1.890108 | r:  -513.000000 | e:   1.000000 | Q:        nan | won: False 
#  333 | steps:  3531 | steps_t:     0 | t: 1.895108 | r:  -508.000000 | e:   1.000000 | Q:        nan | won: False 
#  334 | steps:  3546 | steps_t:     0 | t: 1.902109 | r:  -503.000000 | e:   1.000000 | Q:        nan | won: False 
#  335 | steps:  3553 | steps_t:     0 | t: 1.906109 | r:  -506.000000 | e:   1.000000 | Q:        nan | won: False 
#  336 | steps:  3563 | steps_t:     0 | t: 1.913109 | r:  -509.000000 | e:   1.000000 | Q:        nan | won: False 
#  337 | steps:  3574 | steps_t:     0 | t: 1.919110 | r:  -510.000000 | e:   1.000000 | Q:        nan | won: False 
#  338 | steps:  3582 | steps_t:     0 | t: 1.926110 | r:  -507.000000 | e:   1.000000 | Q:        nan | won: False 
#  339 | steps:  3590 | steps_t:     0 | t: 1.930110 | r:  -507.000000 | e:   1.000000 | Q:        nan | won: False 
#  340 | steps:  3605 | steps_t:     0 | t: 1.940111 | r:  -503.000000 | e:   1.000000 | Q:        nan | won: False 
#  341 | steps:  3612 | steps_t:     0 | t: 1.943111 | r:  -506.000000 | e:   1.000000 | Q:        nan | won: False 
#  342 | steps:  3620 | steps_t:     0 | t: 1.948112 | r:  -507.000000 | e:   1.000000 | Q:        nan | won: False 
#  343 | steps:  3637 | steps_t:     0 | t: 1.961112 | r:  -516.000000 | e:   1.000000 | Q:        nan | won: False 
#  344 | steps:  3658 | steps_t:     0 | t: 1.973113 | r:  -520.000000 | e:   1.000000 | Q:        nan | won: False 
#  345 | steps:  3673 | steps_t:     0 | t: 1.981113 | r:  -503.000000 | e:   1.000000 | Q:        nan | won: False 
#  346 | steps:  3684 | steps_t:     0 | t: 1.990114 | r:  -510.000000 | e:   1.000000 | Q:        nan | won: False 
#  347 | steps:  3714 | steps_t:     0 | t: 2.016115 | r:  -529.000000 | e:   1.000000 | Q:        nan | won: False 
#  348 | steps:  3727 | steps_t:     0 | t: 2.025116 | r:  -512.000000 | e:   1.000000 | Q:        nan | won: False 
#  349 | steps:  3744 | steps_t:     0 | t: 2.037117 | r:  -516.000000 | e:   1.000000 | Q:        nan | won: False 
#  350 | steps:  3768 | steps_t:     0 | t: 2.051117 | r:  -523.000000 | e:   1.000000 | Q:        nan | won: False 
#  351 | steps:  3774 | steps_t:     0 | t: 2.057117 | r:  -505.000000 | e:   1.000000 | Q:        nan | won: False 
#  352 | steps:  3784 | steps_t:     0 | t: 2.064118 | r:  -509.000000 | e:   1.000000 | Q:        nan | won: False 
#  353 | steps:  3796 | steps_t:     0 | t: 2.072119 | r:  -511.000000 | e:   1.000000 | Q:        nan | won: False 
#  354 | steps:  3804 | steps_t:     0 | t: 2.077119 | r:  -507.000000 | e:   1.000000 | Q:        nan | won: False 
#  355 | steps:  3810 | steps_t:     0 | t: 2.082119 | r:  -505.000000 | e:   1.000000 | Q:        nan | won: False 
#  356 | steps:  3819 | steps_t:     0 | t: 2.091120 | r:  -508.000000 | e:   1.000000 | Q:        nan | won: False 
#  357 | steps:  3829 | steps_t:     0 | t: 2.099120 | r:  -509.000000 | e:   1.000000 | Q:        nan | won: False 
#  358 | steps:  3838 | steps_t:     0 | t: 2.103120 | r:  -508.000000 | e:   1.000000 | Q:        nan | won: False 
#  359 | steps:  3853 | steps_t:     0 | t: 2.112121 | r:  -503.000000 | e:   1.000000 | Q:        nan | won: False 
#  360 | steps:  3877 | steps_t:     0 | t: 2.124121 | r:  -523.000000 | e:   1.000000 | Q:        nan | won: False 
#  361 | steps:  3887 | steps_t:     0 | t: 2.129122 | r:  -509.000000 | e:   1.000000 | Q:        nan | won: False 
#  362 | steps:  3898 | steps_t:     0 | t: 2.136122 | r:  -510.000000 | e:   1.000000 | Q:        nan | won: False 
#  363 | steps:  3906 | steps_t:     0 | t: 2.141122 | r:  -507.000000 | e:   1.000000 | Q:        nan | won: False 
#  364 | steps:  3919 | steps_t:     0 | t: 2.148123 | r:  -512.000000 | e:   1.000000 | Q:        nan | won: False 
#  365 | steps:  3926 | steps_t:     0 | t: 2.152123 | r:  -506.000000 | e:   1.000000 | Q:        nan | won: False 
#  366 | steps:  3936 | steps_t:     0 | t: 2.156123 | r:  -509.000000 | e:   1.000000 | Q:        nan | won: False 
#  367 | steps:  3949 | steps_t:     0 | t: 2.162124 | r:  -512.000000 | e:   1.000000 | Q:        nan | won: False 
#  368 | steps:  3959 | steps_t:     0 | t: 2.170124 | r:  -509.000000 | e:   1.000000 | Q:        nan | won: False 
#  369 | steps:  3970 | steps_t:     0 | t: 2.177125 | r:  -510.000000 | e:   1.000000 | Q:        nan | won: False 
#  370 | steps:  3981 | steps_t:     0 | t: 2.183125 | r:  -510.000000 | e:   1.000000 | Q:        nan | won: False 
#  371 | steps:  3990 | steps_t:     0 | t: 2.189125 | r:  -508.000000 | e:   1.000000 | Q:        nan | won: False 
#  372 | steps:  3998 | steps_t:     0 | t: 2.193125 | r:  -507.000000 | e:   1.000000 | Q:        nan | won: False 
#  373 | steps:  4021 | steps_t:     0 | t: 2.205126 | r:  -522.000000 | e:   1.000000 | Q:        nan | won: False 
#  374 | steps:  4030 | steps_t:     0 | t: 2.209126 | r:  -508.000000 | e:   1.000000 | Q:        nan | won: False 
#  375 | steps:  4037 | steps_t:     0 | t: 2.213126 | r:  -506.000000 | e:   1.000000 | Q:        nan | won: False 
#  376 | steps:  4046 | steps_t:     0 | t: 2.217127 | r:  -508.000000 | e:   1.000000 | Q:        nan | won: False 
#  377 | steps:  4060 | steps_t:     0 | t: 2.224127 | r:  -513.000000 | e:   1.000000 | Q:        nan | won: False 
#  378 | steps:  4070 | steps_t:     0 | t: 2.229128 | r:  -509.000000 | e:   1.000000 | Q:        nan | won: False 
#  379 | steps:  4078 | steps_t:     0 | t: 2.233128 | r:  -507.000000 | e:   1.000000 | Q:        nan | won: False 
#  380 | steps:  4087 | steps_t:     0 | t: 2.239128 | r:  -508.000000 | e:   1.000000 | Q:        nan | won: False 
#  381 | steps:  4096 | steps_t:     0 | t: 2.243129 | r:  -508.000000 | e:   1.000000 | Q:        nan | won: False 
#  382 | steps:  4104 | steps_t:     0 | t: 2.248129 | r:  -507.000000 | e:   1.000000 | Q:        nan | won: False 
#  383 | steps:  4123 | steps_t:     0 | t: 2.257129 | r:  -518.000000 | e:   1.000000 | Q:        nan | won: False 
#  384 | steps:  4129 | steps_t:     0 | t: 2.261129 | r:  -505.000000 | e:   1.000000 | Q:        nan | won: False 
#  385 | steps:  4142 | steps_t:     0 | t: 2.267130 | r:  -512.000000 | e:   1.000000 | Q:        nan | won: False 
#  386 | steps:  4156 | steps_t:     0 | t: 2.274130 | r:  -513.000000 | e:   1.000000 | Q:        nan | won: False 
#  387 | steps:  4165 | steps_t:     0 | t: 2.279130 | r:  -508.000000 | e:   1.000000 | Q:        nan | won: False 
#  388 | steps:  4177 | steps_t:     0 | t: 2.286131 | r:  -511.000000 | e:   1.000000 | Q:        nan | won: False 
#  389 | steps:  4187 | steps_t:     0 | t: 2.290131 | r:  -509.000000 | e:   1.000000 | Q:        nan | won: False 
#  390 | steps:  4204 | steps_t:     0 | t: 2.299131 | r:  -516.000000 | e:   1.000000 | Q:        nan | won: False 
#  391 | steps:  4210 | steps_t:     0 | t: 2.302132 | r:  -505.000000 | e:   1.000000 | Q:        nan | won: False 
#  392 | steps:  4222 | steps_t:     0 | t: 2.308132 | r:  -511.000000 | e:   1.000000 | Q:        nan | won: False 
#  393 | steps:  4229 | steps_t:     0 | t: 2.312132 | r:  -506.000000 | e:   1.000000 | Q:        nan | won: False 
#  394 | steps:  4237 | steps_t:     0 | t: 2.316133 | r:  -507.000000 | e:   1.000000 | Q:        nan | won: False 
#  395 | steps:  4245 | steps_t:     0 | t: 2.320133 | r:  -507.000000 | e:   1.000000 | Q:        nan | won: False 
#  396 | steps:  4257 | steps_t:     0 | t: 2.326133 | r:  -511.000000 | e:   1.000000 | Q:        nan | won: False 
#  397 | steps:  4266 | steps_t:     0 | t: 2.330133 | r:  -508.000000 | e:   1.000000 | Q:        nan | won: False 
#  398 | steps:  4274 | steps_t:     0 | t: 2.335134 | r:  -507.000000 | e:   1.000000 | Q:        nan | won: False 
#  399 | steps:  4292 | steps_t:     0 | t: 2.343134 | r:  -506.000000 | e:   1.000000 | Q:        nan | won: False 
#  400 | steps:  4298 | steps_t:     0 | t: 2.347134 | r:  -505.000000 | e:   1.000000 | Q:        nan | won: False 
#  401 | steps:  4315 | steps_t:     0 | t: 2.355135 | r:  -505.000000 | e:   1.000000 | Q:        nan | won: False 
#  402 | steps:  4325 | steps_t:     0 | t: 2.360135 | r:  -509.000000 | e:   1.000000 | Q:        nan | won: False 
#  403 | steps:  4347 | steps_t:     0 | t: 2.371136 | r:  -510.000000 | e:   1.000000 | Q:        nan | won: False 
#  404 | steps:  4357 | steps_t:     0 | t: 2.376136 | r:  -509.000000 | e:   1.000000 | Q:        nan | won: False 
#  405 | steps:  4371 | steps_t:     0 | t: 2.383136 | r:  -513.000000 | e:   1.000000 | Q:        nan | won: False 
#  406 | steps:  4388 | steps_t:     0 | t: 2.392137 | r:  -516.000000 | e:   1.000000 | Q:        nan | won: False 
#  407 | steps:  4410 | steps_t:     0 | t: 2.403137 | r:  -521.000000 | e:   1.000000 | Q:        nan | won: False 
#  408 | steps:  4419 | steps_t:     0 | t: 2.407138 | r:  -508.000000 | e:   1.000000 | Q:        nan | won: False 
#  409 | steps:  4429 | steps_t:     0 | t: 2.412138 | r:  -509.000000 | e:   1.000000 | Q:        nan | won: False 
#  410 | steps:  4438 | steps_t:     0 | t: 2.417138 | r:  -508.000000 | e:   1.000000 | Q:        nan | won: False 
#  411 | steps:  4444 | steps_t:     0 | t: 2.421139 | r:  -505.000000 | e:   1.000000 | Q:        nan | won: False 
#  412 | steps:  4451 | steps_t:     0 | t: 2.425139 | r:  -506.000000 | e:   1.000000 | Q:        nan | won: False 
#  413 | steps:  4460 | steps_t:     0 | t: 2.431139 | r:  -508.000000 | e:   1.000000 | Q:        nan | won: False 
#  414 | steps:  4470 | steps_t:     0 | t: 2.436139 | r:  -509.000000 | e:   1.000000 | Q:        nan | won: False 
#  415 | steps:  4480 | steps_t:     0 | t: 2.441139 | r:  -509.000000 | e:   1.000000 | Q:        nan | won: False 
#  416 | steps:  4489 | steps_t:     0 | t: 2.445140 | r:  -508.000000 | e:   1.000000 | Q:        nan | won: False 
#  417 | steps:  4502 | steps_t:     0 | t: 2.453140 | r:  -512.000000 | e:   1.000000 | Q:        nan | won: False 
#  418 | steps:  4513 | steps_t:     0 | t: 2.458141 | r:  -510.000000 | e:   1.000000 | Q:        nan | won: False 
#  419 | steps:  4519 | steps_t:     0 | t: 2.462141 | r:  -505.000000 | e:   1.000000 | Q:        nan | won: False 
#  420 | steps:  4528 | steps_t:     0 | t: 2.467141 | r:  -508.000000 | e:   1.000000 | Q:        nan | won: False 
#  421 | steps:  4547 | steps_t:     0 | t: 2.478142 | r:  -518.000000 | e:   1.000000 | Q:        nan | won: False 
#  422 | steps:  4559 | steps_t:     0 | t: 2.484142 | r:  -511.000000 | e:   1.000000 | Q:        nan | won: False 
#  423 | steps:  4569 | steps_t:     0 | t: 2.491143 | r:  -509.000000 | e:   1.000000 | Q:        nan | won: False 
#  424 | steps:  4575 | steps_t:     0 | t: 2.494143 | r:  -505.000000 | e:   1.000000 | Q:        nan | won: False 
#  425 | steps:  4585 | steps_t:     0 | t: 2.499143 | r:  -509.000000 | e:   1.000000 | Q:        nan | won: False 
#  426 | steps:  4605 | steps_t:     0 | t: 2.510144 | r:  -519.000000 | e:   1.000000 | Q:        nan | won: False 
#  427 | steps:  4616 | steps_t:     0 | t: 2.518144 | r:  -510.000000 | e:   1.000000 | Q:        nan | won: False 
#  428 | steps:  4625 | steps_t:     0 | t: 2.524144 | r:  -508.000000 | e:   1.000000 | Q:        nan | won: False 
#  429 | steps:  4635 | steps_t:     0 | t: 2.530145 | r:  -509.000000 | e:   1.000000 | Q:        nan | won: False 
#  430 | steps:  4646 | steps_t:     0 | t: 2.536145 | r:  -510.000000 | e:   1.000000 | Q:        nan | won: False 
#  431 | steps:  4655 | steps_t:     0 | t: 2.542145 | r:  -508.000000 | e:   1.000000 | Q:        nan | won: False 
#  432 | steps:  4675 | steps_t:     0 | t: 2.554146 | r:  -519.000000 | e:   1.000000 | Q:        nan | won: False 
#  433 | steps:  4681 | steps_t:     0 | t: 2.558146 | r:  -505.000000 | e:   1.000000 | Q:        nan | won: False 
#  434 | steps:  4687 | steps_t:     0 | t: 2.561146 | r:  -505.000000 | e:   1.000000 | Q:        nan | won: False 
#  435 | steps:  4695 | steps_t:     0 | t: 2.565147 | r:  -507.000000 | e:   1.000000 | Q:        nan | won: False 
#  436 | steps:  4702 | steps_t:     0 | t: 2.568147 | r:  -506.000000 | e:   1.000000 | Q:        nan | won: False 
#  437 | steps:  4721 | steps_t:     0 | t: 2.578147 | r:  -518.000000 | e:   1.000000 | Q:        nan | won: False 
#  438 | steps:  4730 | steps_t:     0 | t: 2.583148 | r:  -508.000000 | e:   1.000000 | Q:        nan | won: False 
#  439 | steps:  4741 | steps_t:     0 | t: 2.589148 | r:  -510.000000 | e:   1.000000 | Q:        nan | won: False 
#  440 | steps:  4752 | steps_t:     0 | t: 2.594148 | r:  -510.000000 | e:   1.000000 | Q:        nan | won: False 
#  441 | steps:  4760 | steps_t:     0 | t: 2.599149 | r:  -507.000000 | e:   1.000000 | Q:        nan | won: False 
#  442 | steps:  4775 | steps_t:     0 | t: 2.608149 | r:  -514.000000 | e:   1.000000 | Q:        nan | won: False 
#  443 | steps:  4785 | steps_t:     0 | t: 2.614150 | r:  -509.000000 | e:   1.000000 | Q:        nan | won: False 
#  444 | steps:  4795 | steps_t:     0 | t: 2.620150 | r:  -509.000000 | e:   1.000000 | Q:        nan | won: False 
#  445 | steps:  4802 | steps_t:     0 | t: 2.623150 | r:  -506.000000 | e:   1.000000 | Q:        nan | won: False 
#  446 | steps:  4819 | steps_t:     0 | t: 2.631150 | r:  -505.000000 | e:   1.000000 | Q:        nan | won: False 
#  447 | steps:  4826 | steps_t:     0 | t: 2.636151 | r:  -506.000000 | e:   1.000000 | Q:        nan | won: False 
#  448 | steps:  4833 | steps_t:     0 | t: 2.640151 | r:  -506.000000 | e:   1.000000 | Q:        nan | won: False 
#  449 | steps:  4856 | steps_t:     0 | t: 2.652152 | r:  -522.000000 | e:   1.000000 | Q:        nan | won: False 
#  450 | steps:  4862 | steps_t:     0 | t: 2.655152 | r:  -505.000000 | e:   1.000000 | Q:        nan | won: False 
#  451 | steps:  4873 | steps_t:     0 | t: 2.662152 | r:  -510.000000 | e:   1.000000 | Q:        nan | won: False 
#  452 | steps:  4887 | steps_t:     0 | t: 2.669153 | r:  -513.000000 | e:   1.000000 | Q:        nan | won: False 
#  453 | steps:  4895 | steps_t:     0 | t: 2.674153 | r:  -507.000000 | e:   1.000000 | Q:        nan | won: False 
#  454 | steps:  4903 | steps_t:     0 | t: 2.677153 | r:  -507.000000 | e:   1.000000 | Q:        nan | won: False 
#  455 | steps:  4911 | steps_t:     0 | t: 2.682153 | r:  -507.000000 | e:   1.000000 | Q:        nan | won: False 
#  456 | steps:  4919 | steps_t:     0 | t: 2.686154 | r:  -507.000000 | e:   1.000000 | Q:        nan | won: False 
#  457 | steps:  4930 | steps_t:     0 | t: 2.693154 | r:  -510.000000 | e:   1.000000 | Q:        nan | won: False 
#  458 | steps:  4941 | steps_t:     0 | t: 2.698154 | r:  -510.000000 | e:   1.000000 | Q:        nan | won: False 
#  459 | steps:  4951 | steps_t:     0 | t: 2.703155 | r:  -509.000000 | e:   1.000000 | Q:        nan | won: False 
#  460 | steps:  4958 | steps_t:     0 | t: 2.707155 | r:  -506.000000 | e:   1.000000 | Q:        nan | won: False 
#  461 | steps:  4967 | steps_t:     0 | t: 2.711155 | r:  -508.000000 | e:   1.000000 | Q:        nan | won: False 
#  462 | steps:  4977 | steps_t:     0 | t: 2.716155 | r:  -509.000000 | e:   1.000000 | Q:        nan | won: False 
#  463 | steps:  4985 | steps_t:     0 | t: 2.720155 | r:  -507.000000 | e:   1.000000 | Q:        nan | won: False 
#  464 | steps:  5001 | steps_t:     0 | t: 2.729156 | r:  -515.000000 | e:   1.000000 | Q:        nan | won: False 
#  465 | steps:  5008 | steps_t:     5 | t: 2.888165 | r:  -506.000000 | e:   0.999500 | Q:        nan | won: False 
#  466 | steps:  5017 | steps_t:    13 | t: 2.970170 | r:  -508.000000 | e:   0.998700 | Q:        nan | won: False 
#  467 | steps:  5024 | steps_t:    19 | t: 3.027173 | r:  -506.000000 | e:   0.998100 | Q:        nan | won: False 
#  468 | steps:  5031 | steps_t:    25 | t: 3.082176 | r:  -506.000000 | e:   0.997500 | Q:        nan | won: False 
#  469 | steps:  5041 | steps_t:    34 | t: 3.164181 | r:  -509.000000 | e:   0.996600 | Q:        nan | won: False 
#  470 | steps:  5061 | steps_t:    53 | t: 3.337191 | r:  -519.000000 | e:   0.994700 | Q:  -6.161532 | won: False 
#  471 | steps:  5069 | steps_t:    60 | t: 3.402194 | r:  -507.000000 | e:   0.994000 | Q:        nan | won: False 
#  472 | steps:  5076 | steps_t:    66 | t: 3.457198 | r:  -506.000000 | e:   0.993400 | Q:        nan | won: False 
#  473 | steps:  5091 | steps_t:    80 | t: 3.584205 | r:  -503.000000 | e:   0.992000 | Q: -21.775116 | won: False 
#  474 | steps:  5100 | steps_t:    88 | t: 3.659209 | r:  -508.000000 | e:   0.991200 | Q:        nan | won: False 
#  475 | steps:  5117 | steps_t:   104 | t: 3.809218 | r:  -516.000000 | e:   0.989600 | Q: -58.490601 | won: False 
#  476 | steps:  5128 | steps_t:   114 | t: 3.900223 | r:  -510.000000 | e:   0.988600 | Q:        nan | won: False 
#  477 | steps:  5139 | steps_t:   124 | t: 3.991228 | r:  -510.000000 | e:   0.987600 | Q:        nan | won: False 
#  478 | steps:  5147 | steps_t:   131 | t: 4.055232 | r:  -507.000000 | e:   0.986900 | Q: -209.161789 | won: False 
#  479 | steps:  5170 | steps_t:   153 | t: 4.257243 | r:  -522.000000 | e:   0.984700 | Q:        nan | won: False 
#  480 | steps:  5177 | steps_t:   159 | t: 4.311247 | r:  -506.000000 | e:   0.984100 | Q:        nan | won: False 
#  481 | steps:  5191 | steps_t:   172 | t: 4.432254 | r:  -502.000000 | e:   0.982800 | Q:        nan | won: False 
#  482 | steps:  5202 | steps_t:   182 | t: 4.526259 | r:  -510.000000 | e:   0.981800 | Q:        nan | won: False 
#  483 | steps:  5210 | steps_t:   189 | t: 4.589262 | r:  -507.000000 | e:   0.981100 | Q:        nan | won: False 
#  484 | steps:  5219 | steps_t:   197 | t: 4.662267 | r:  -508.000000 | e:   0.980300 | Q: -293.321747 | won: False 
#  485 | steps:  5231 | steps_t:   208 | t: 4.768273 | r:  -511.000000 | e:   0.979200 | Q:        nan | won: False 
#  486 | steps:  5240 | steps_t:   216 | t: 4.840277 | r:  -508.000000 | e:   0.978400 | Q: -317.165741 | won: False 
#  487 | steps:  5259 | steps_t:   234 | t: 5.016287 | r:  -507.000000 | e:   0.976600 | Q:        nan | won: False 
#  488 | steps:  5272 | steps_t:   246 | t: 5.128293 | r:  -512.000000 | e:   0.975400 | Q:        nan | won: False 
#  489 | steps:  5285 | steps_t:   258 | t: 5.237300 | r:  -512.000000 | e:   0.974200 | Q:        nan | won: False 
#  490 | steps:  5294 | steps_t:   266 | t: 5.310304 | r:  -508.000000 | e:   0.973400 | Q:        nan | won: False 
#  491 | steps:  5302 | steps_t:   273 | t: 5.374307 | r:  -507.000000 | e:   0.972700 | Q: -271.907440 | won: False 
#  492 | steps:  5309 | steps_t:   279 | t: 5.428311 | r:  -506.000000 | e:   0.972100 | Q:        nan | won: False 
#  493 | steps:  5319 | steps_t:   288 | t: 5.516315 | r:  -509.000000 | e:   0.971200 | Q:        nan | won: False 
#  494 | steps:  5332 | steps_t:   300 | t: 5.629322 | r:  -512.000000 | e:   0.970000 | Q:        nan | won: False 
