#    1 | steps:     6 | steps_t:     0 | t: 0.046003 | r:  -505.000000 | e:   1.000000 | Q:        nan | won: False 
#    2 | steps:    18 | steps_t:     0 | t: 0.057003 | r:  -511.000000 | e:   1.000000 | Q:        nan | won: False 
#    3 | steps:    28 | steps_t:     0 | t: 0.069004 | r:  -509.000000 | e:   1.000000 | Q:        nan | won: False 
#    4 | steps:    39 | steps_t:     0 | t: 0.078004 | r:  -510.000000 | e:   1.000000 | Q:        nan | won: False 
#    5 | steps:    45 | steps_t:     0 | t: 0.083005 | r:  -505.000000 | e:   1.000000 | Q:        nan | won: False 
#    6 | steps:    54 | steps_t:     0 | t: 0.106006 | r:  -508.000000 | e:   1.000000 | Q:        nan | won: False 
#    7 | steps:    60 | steps_t:     0 | t: 0.116007 | r:  -505.000000 | e:   1.000000 | Q:        nan | won: False 
#    8 | steps:    67 | steps_t:     0 | t: 0.121007 | r:  -506.000000 | e:   1.000000 | Q:        nan | won: False 
#    9 | steps:    80 | steps_t:     0 | t: 0.129007 | r:  -512.000000 | e:   1.000000 | Q:        nan | won: False 
#   10 | steps:    87 | steps_t:     0 | t: 0.136008 | r:  -506.000000 | e:   1.000000 | Q:        nan | won: False 
#   11 | steps:    99 | steps_t:     0 | t: 0.146008 | r:  -511.000000 | e:   1.000000 | Q:        nan | won: False 
#   12 | steps:   107 | steps_t:     0 | t: 0.153009 | r:  -507.000000 | e:   1.000000 | Q:        nan | won: False 
#   13 | steps:   115 | steps_t:     0 | t: 0.162009 | r:  -507.000000 | e:   1.000000 | Q:        nan | won: False 
#   14 | steps:   122 | steps_t:     0 | t: 0.172010 | r:  -506.000000 | e:   1.000000 | Q:        nan | won: False 
#   15 | steps:   132 | steps_t:     0 | t: 0.185011 | r:  -509.000000 | e:   1.000000 | Q:        nan | won: False 
#   16 | steps:   142 | steps_t:     0 | t: 0.199012 | r:  -509.000000 | e:   1.000000 | Q:        nan | won: False 
#   17 | steps:   149 | steps_t:     0 | t: 0.208012 | r:  -506.000000 | e:   1.000000 | Q:        nan | won: False 
#   18 | steps:   167 | steps_t:     0 | t: 0.221013 | r:  -517.000000 | e:   1.000000 | Q:        nan | won: False 
#   19 | steps:   175 | steps_t:     0 | t: 0.227013 | r:  -507.000000 | e:   1.000000 | Q:        nan | won: False 
#   20 | steps:   184 | steps_t:     0 | t: 0.236013 | r:  -508.000000 | e:   1.000000 | Q:        nan | won: False 
#   21 | steps:   194 | steps_t:     0 | t: 0.247014 | r:  -509.000000 | e:   1.000000 | Q:        nan | won: False 
#   22 | steps:   215 | steps_t:     0 | t: 0.265015 | r:  -520.000000 | e:   1.000000 | Q:        nan | won: False 
#   23 | steps:   221 | steps_t:     0 | t: 0.271016 | r:  -505.000000 | e:   1.000000 | Q:        nan | won: False 
#   24 | steps:   230 | steps_t:     0 | t: 0.278016 | r:  -508.000000 | e:   1.000000 | Q:        nan | won: False 
#   25 | steps:   242 | steps_t:     0 | t: 0.285016 | r:  -511.000000 | e:   1.000000 | Q:        nan | won: False 
#   26 | steps:   252 | steps_t:     0 | t: 0.290017 | r:  -509.000000 | e:   1.000000 | Q:        nan | won: False 
#   27 | steps:   260 | steps_t:     0 | t: 0.295017 | r:  -507.000000 | e:   1.000000 | Q:        nan | won: False 
#   28 | steps:   268 | steps_t:     0 | t: 0.300017 | r:  -507.000000 | e:   1.000000 | Q:        nan | won: False 
#   29 | steps:   276 | steps_t:     0 | t: 0.307017 | r:  -507.000000 | e:   1.000000 | Q:        nan | won: False 
#   30 | steps:   284 | steps_t:     0 | t: 0.314018 | r:  -507.000000 | e:   1.000000 | Q:        nan | won: False 
#   31 | steps:   306 | steps_t:     0 | t: 0.334019 | r:  -510.000000 | e:   1.000000 | Q:        nan | won: False 
#   32 | steps:   313 | steps_t:     0 | t: 0.338019 | r:  -506.000000 | e:   1.000000 | Q:        nan | won: False 
#   33 | steps:   325 | steps_t:     0 | t: 0.354020 | r:  -511.000000 | e:   1.000000 | Q:        nan | won: False 
#   34 | steps:   331 | steps_t:     0 | t: 0.361021 | r:  -505.000000 | e:   1.000000 | Q:        nan | won: False 
#   35 | steps:   337 | steps_t:     0 | t: 0.367521 | r:  -505.000000 | e:   1.000000 | Q:        nan | won: False 
#   36 | steps:   344 | steps_t:     0 | t: 0.375522 | r:  -506.000000 | e:   1.000000 | Q:        nan | won: False 
#   37 | steps:   358 | steps_t:     0 | t: 0.388524 | r:  -513.000000 | e:   1.000000 | Q:        nan | won: False 
#   38 | steps:   377 | steps_t:     0 | t: 0.401025 | r:  -518.000000 | e:   1.000000 | Q:        nan | won: False 
#   39 | steps:   397 | steps_t:     0 | t: 0.415026 | r:  -519.000000 | e:   1.000000 | Q:        nan | won: False 
#   40 | steps:   404 | steps_t:     0 | t: 0.421026 | r:  -506.000000 | e:   1.000000 | Q:        nan | won: False 
#   41 | steps:   411 | steps_t:     0 | t: 0.429027 | r:  -506.000000 | e:   1.000000 | Q:        nan | won: False 
#   42 | steps:   420 | steps_t:     0 | t: 0.435027 | r:  -508.000000 | e:   1.000000 | Q:        nan | won: False 
#   43 | steps:   430 | steps_t:     0 | t: 0.444028 | r:  -509.000000 | e:   1.000000 | Q:        nan | won: False 
#   44 | steps:   438 | steps_t:     0 | t: 0.451028 | r:  -507.000000 | e:   1.000000 | Q:        nan | won: False 
#   45 | steps:   445 | steps_t:     0 | t: 0.458028 | r:  -506.000000 | e:   1.000000 | Q:        nan | won: False 
#   46 | steps:   456 | steps_t:     0 | t: 0.467029 | r:  -510.000000 | e:   1.000000 | Q:        nan | won: False 
#   47 | steps:   466 | steps_t:     0 | t: 0.473029 | r:  -509.000000 | e:   1.000000 | Q:        nan | won: False 
#   48 | steps:   477 | steps_t:     0 | t: 0.479029 | r:  -510.000000 | e:   1.000000 | Q:        nan | won: False 
#   49 | steps:   486 | steps_t:     0 | t: 0.485030 | r:  -508.000000 | e:   1.000000 | Q:        nan | won: False 
#   50 | steps:   494 | steps_t:     0 | t: 0.490030 | r:  -507.000000 | e:   1.000000 | Q:        nan | won: False 
#   51 | steps:   501 | steps_t:     0 | t: 0.494030 | r:  -506.000000 | e:   1.000000 | Q:        nan | won: False 
#   52 | steps:   514 | steps_t:     0 | t: 0.502031 | r:  -512.000000 | e:   1.000000 | Q:        nan | won: False 
#   53 | steps:   535 | steps_t:     0 | t: 0.514032 | r:  -520.000000 | e:   1.000000 | Q:        nan | won: False 
#   54 | steps:   547 | steps_t:     0 | t: 0.523032 | r:  -511.000000 | e:   1.000000 | Q:        nan | won: False 
#   55 | steps:   561 | steps_t:     0 | t: 0.533033 | r:  -513.000000 | e:   1.000000 | Q:        nan | won: False 
#   56 | steps:   570 | steps_t:     0 | t: 0.539033 | r:  -508.000000 | e:   1.000000 | Q:        nan | won: False 
#   57 | steps:   585 | steps_t:     0 | t: 0.549033 | r:  -514.000000 | e:   1.000000 | Q:        nan | won: False 
#   58 | steps:   592 | steps_t:     0 | t: 0.554034 | r:  -506.000000 | e:   1.000000 | Q:        nan | won: False 
#   59 | steps:   604 | steps_t:     0 | t: 0.561034 | r:  -511.000000 | e:   1.000000 | Q:        nan | won: False 
#   60 | steps:   611 | steps_t:     0 | t: 0.567034 | r:  -506.000000 | e:   1.000000 | Q:        nan | won: False 
#   61 | steps:   627 | steps_t:     0 | t: 0.579035 | r:  -515.000000 | e:   1.000000 | Q:        nan | won: False 
#   62 | steps:   635 | steps_t:     0 | t: 0.585036 | r:  -507.000000 | e:   1.000000 | Q:        nan | won: False 
#   63 | steps:   646 | steps_t:     0 | t: 0.592036 | r:  -510.000000 | e:   1.000000 | Q:        nan | won: False 
#   64 | steps:   658 | steps_t:     0 | t: 0.604037 | r:  -511.000000 | e:   1.000000 | Q:        nan | won: False 
#   65 | steps:   666 | steps_t:     0 | t: 0.612037 | r:  -507.000000 | e:   1.000000 | Q:        nan | won: False 
#   66 | steps:   673 | steps_t:     0 | t: 0.619038 | r:  -506.000000 | e:   1.000000 | Q:        nan | won: False 
#   67 | steps:   679 | steps_t:     0 | t: 0.624038 | r:  -505.000000 | e:   1.000000 | Q:        nan | won: False 
#   68 | steps:   689 | steps_t:     0 | t: 0.633038 | r:  -509.000000 | e:   1.000000 | Q:        nan | won: False 
#   69 | steps:   697 | steps_t:     0 | t: 0.640038 | r:  -507.000000 | e:   1.000000 | Q:        nan | won: False 
#   70 | steps:   716 | steps_t:     0 | t: 0.651039 | r:  -518.000000 | e:   1.000000 | Q:        nan | won: False 
#   71 | steps:   729 | steps_t:     0 | t: 0.662040 | r:  -512.000000 | e:   1.000000 | Q:        nan | won: False 
#   72 | steps:   750 | steps_t:     0 | t: 0.673041 | r:  -520.000000 | e:   1.000000 | Q:        nan | won: False 
#   73 | steps:   760 | steps_t:     0 | t: 0.679041 | r:  -509.000000 | e:   1.000000 | Q:        nan | won: False 
#   74 | steps:   771 | steps_t:     0 | t: 0.687042 | r:  -510.000000 | e:   1.000000 | Q:        nan | won: False 
#   75 | steps:   781 | steps_t:     0 | t: 0.695042 | r:  -509.000000 | e:   1.000000 | Q:        nan | won: False 
#   76 | steps:   789 | steps_t:     0 | t: 0.699042 | r:  -507.000000 | e:   1.000000 | Q:        nan | won: False 
#   77 | steps:   802 | steps_t:     0 | t: 0.708043 | r:  -512.000000 | e:   1.000000 | Q:        nan | won: False 
#   78 | steps:   812 | steps_t:     0 | t: 0.719043 | r:  -509.000000 | e:   1.000000 | Q:        nan | won: False 
#   79 | steps:   821 | steps_t:     0 | t: 0.725044 | r:  -508.000000 | e:   1.000000 | Q:        nan | won: False 
#   80 | steps:   831 | steps_t:     0 | t: 0.731044 | r:  -509.000000 | e:   1.000000 | Q:        nan | won: False 
#   81 | steps:   840 | steps_t:     0 | t: 0.739044 | r:  -508.000000 | e:   1.000000 | Q:        nan | won: False 
#   82 | steps:   852 | steps_t:     0 | t: 0.746045 | r:  -511.000000 | e:   1.000000 | Q:        nan | won: False 
#   83 | steps:   858 | steps_t:     0 | t: 0.749045 | r:  -505.000000 | e:   1.000000 | Q:        nan | won: False 
#   84 | steps:   866 | steps_t:     0 | t: 0.755045 | r:  -507.000000 | e:   1.000000 | Q:        nan | won: False 
#   85 | steps:   884 | steps_t:     0 | t: 0.766046 | r:  -506.000000 | e:   1.000000 | Q:        nan | won: False 
#   86 | steps:   892 | steps_t:     0 | t: 0.771046 | r:  -507.000000 | e:   1.000000 | Q:        nan | won: False 
#   87 | steps:   899 | steps_t:     0 | t: 0.778047 | r:  -506.000000 | e:   1.000000 | Q:        nan | won: False 
#   88 | steps:   907 | steps_t:     0 | t: 0.782047 | r:  -507.000000 | e:   1.000000 | Q:        nan | won: False 
#   89 | steps:   915 | steps_t:     0 | t: 0.788047 | r:  -507.000000 | e:   1.000000 | Q:        nan | won: False 
#   90 | steps:   925 | steps_t:     0 | t: 0.795048 | r:  -509.000000 | e:   1.000000 | Q:        nan | won: False 
#   91 | steps:   933 | steps_t:     0 | t: 0.800048 | r:  -507.000000 | e:   1.000000 | Q:        nan | won: False 
#   92 | steps:   940 | steps_t:     0 | t: 0.807048 | r:  -506.000000 | e:   1.000000 | Q:        nan | won: False 
#   93 | steps:   961 | steps_t:     0 | t: 0.828050 | r:  -520.000000 | e:   1.000000 | Q:        nan | won: False 
#   94 | steps:   979 | steps_t:     0 | t: 0.843050 | r:  -517.000000 | e:   1.000000 | Q:        nan | won: False 
#   95 | steps:   994 | steps_t:     0 | t: 0.856051 | r:  -514.000000 | e:   1.000000 | Q:        nan | won: False 
#   96 | steps:  1005 | steps_t:     0 | t: 0.866052 | r:  -510.000000 | e:   1.000000 | Q:        nan | won: False 
#   97 | steps:  1015 | steps_t:     0 | t: 0.874052 | r:  -509.000000 | e:   1.000000 | Q:        nan | won: False 
#   98 | steps:  1028 | steps_t:     0 | t: 0.887053 | r:  -512.000000 | e:   1.000000 | Q:        nan | won: False 
#   99 | steps:  1035 | steps_t:     0 | t: 0.893053 | r:  -506.000000 | e:   1.000000 | Q:        nan | won: False 
#  100 | steps:  1043 | steps_t:     0 | t: 0.898054 | r:  -507.000000 | e:   1.000000 | Q:        nan | won: False 
#  101 | steps:  1050 | steps_t:     0 | t: 0.903054 | r:  -506.000000 | e:   1.000000 | Q:        nan | won: False 
#  102 | steps:  1059 | steps_t:     0 | t: 0.909054 | r:  -508.000000 | e:   1.000000 | Q:        nan | won: False 
#  103 | steps:  1066 | steps_t:     0 | t: 0.916054 | r:  -506.000000 | e:   1.000000 | Q:        nan | won: False 
#  104 | steps:  1085 | steps_t:     0 | t: 0.931055 | r:  -518.000000 | e:   1.000000 | Q:        nan | won: False 
#  105 | steps:  1092 | steps_t:     0 | t: 0.937056 | r:  -506.000000 | e:   1.000000 | Q:        nan | won: False 
#  106 | steps:  1105 | steps_t:     0 | t: 0.946056 | r:  -512.000000 | e:   1.000000 | Q:        nan | won: False 
#  107 | steps:  1120 | steps_t:     0 | t: 0.954057 | r:  -514.000000 | e:   1.000000 | Q:        nan | won: False 
#  108 | steps:  1143 | steps_t:     0 | t: 0.968058 | r:  -522.000000 | e:   1.000000 | Q:        nan | won: False 
#  109 | steps:  1164 | steps_t:     0 | t: 0.982059 | r:  -520.000000 | e:   1.000000 | Q:        nan | won: False 
#  110 | steps:  1179 | steps_t:     0 | t: 0.993059 | r:  -514.000000 | e:   1.000000 | Q:        nan | won: False 
#  111 | steps:  1186 | steps_t:     0 | t: 0.999059 | r:  -506.000000 | e:   1.000000 | Q:        nan | won: False 
#  112 | steps:  1195 | steps_t:     0 | t: 1.008060 | r:  -508.000000 | e:   1.000000 | Q:        nan | won: False 
#  113 | steps:  1204 | steps_t:     0 | t: 1.018060 | r:  -508.000000 | e:   1.000000 | Q:        nan | won: False 
#  114 | steps:  1210 | steps_t:     0 | t: 1.025061 | r:  -505.000000 | e:   1.000000 | Q:        nan | won: False 
#  115 | steps:  1221 | steps_t:     0 | t: 1.036061 | r:  -510.000000 | e:   1.000000 | Q:        nan | won: False 
#  116 | steps:  1227 | steps_t:     0 | t: 1.042062 | r:  -505.000000 | e:   1.000000 | Q:        nan | won: False 
#  117 | steps:  1235 | steps_t:     0 | t: 1.050062 | r:  -507.000000 | e:   1.000000 | Q:        nan | won: False 
#  118 | steps:  1254 | steps_t:     0 | t: 1.067063 | r:  -507.000000 | e:   1.000000 | Q:        nan | won: False 
#  119 | steps:  1261 | steps_t:     0 | t: 1.070063 | r:  -506.000000 | e:   1.000000 | Q:        nan | won: False 
#  120 | steps:  1273 | steps_t:     0 | t: 1.077064 | r:  -511.000000 | e:   1.000000 | Q:        nan | won: False 
#  121 | steps:  1289 | steps_t:     0 | t: 1.086064 | r:  -515.000000 | e:   1.000000 | Q:        nan | won: False 
#  122 | steps:  1296 | steps_t:     0 | t: 1.091064 | r:  -506.000000 | e:   1.000000 | Q:        nan | won: False 
#  123 | steps:  1304 | steps_t:     0 | t: 1.095065 | r:  -507.000000 | e:   1.000000 | Q:        nan | won: False 
#  124 | steps:  1326 | steps_t:     0 | t: 1.111066 | r:  -521.000000 | e:   1.000000 | Q:        nan | won: False 
#  125 | steps:  1336 | steps_t:     0 | t: 1.118066 | r:  -509.000000 | e:   1.000000 | Q:        nan | won: False 
#  126 | steps:  1342 | steps_t:     0 | t: 1.122066 | r:  -505.000000 | e:   1.000000 | Q:        nan | won: False 
#  127 | steps:  1356 | steps_t:     0 | t: 1.130067 | r:  -513.000000 | e:   1.000000 | Q:        nan | won: False 
#  128 | steps:  1367 | steps_t:     0 | t: 1.135067 | r:  -510.000000 | e:   1.000000 | Q:        nan | won: False 
#  129 | steps:  1377 | steps_t:     0 | t: 1.142067 | r:  -509.000000 | e:   1.000000 | Q:        nan | won: False 
#  130 | steps:  1387 | steps_t:     0 | t: 1.148068 | r:  -509.000000 | e:   1.000000 | Q:        nan | won: False 
#  131 | steps:  1396 | steps_t:     0 | t: 1.152068 | r:  -508.000000 | e:   1.000000 | Q:        nan | won: False 
#  132 | steps:  1406 | steps_t:     0 | t: 1.157068 | r:  -509.000000 | e:   1.000000 | Q:        nan | won: False 
#  133 | steps:  1411 | steps_t:     0 | t: 1.160069 | r:  -504.000000 | e:   1.000000 | Q:        nan | won: False 
#  134 | steps:  1419 | steps_t:     0 | t: 1.164069 | r:  -507.000000 | e:   1.000000 | Q:        nan | won: False 
#  135 | steps:  1429 | steps_t:     0 | t: 1.169069 | r:  -509.000000 | e:   1.000000 | Q:        nan | won: False 
#  136 | steps:  1443 | steps_t:     0 | t: 1.176069 | r:  -513.000000 | e:   1.000000 | Q:        nan | won: False 
#  137 | steps:  1454 | steps_t:     0 | t: 1.181070 | r:  -510.000000 | e:   1.000000 | Q:        nan | won: False 
#  138 | steps:  1461 | steps_t:     0 | t: 1.185070 | r:  -506.000000 | e:   1.000000 | Q:        nan | won: False 
#  139 | steps:  1487 | steps_t:     0 | t: 1.198071 | r:  -525.000000 | e:   1.000000 | Q:        nan | won: False 
#  140 | steps:  1496 | steps_t:     0 | t: 1.207071 | r:  -508.000000 | e:   1.000000 | Q:        nan | won: False 
#  141 | steps:  1503 | steps_t:     0 | t: 1.211071 | r:  -506.000000 | e:   1.000000 | Q:        nan | won: False 
#  142 | steps:  1511 | steps_t:     0 | t: 1.217072 | r:  -507.000000 | e:   1.000000 | Q:        nan | won: False 
#  143 | steps:  1518 | steps_t:     0 | t: 1.223072 | r:  -506.000000 | e:   1.000000 | Q:        nan | won: False 
#  144 | steps:  1530 | steps_t:     0 | t: 1.233073 | r:  -511.000000 | e:   1.000000 | Q:        nan | won: False 
#  145 | steps:  1543 | steps_t:     0 | t: 1.243073 | r:  -512.000000 | e:   1.000000 | Q:        nan | won: False 
#  146 | steps:  1554 | steps_t:     0 | t: 1.249074 | r:  -510.000000 | e:   1.000000 | Q:        nan | won: False 
#  147 | steps:  1564 | steps_t:     0 | t: 1.255074 | r:  -509.000000 | e:   1.000000 | Q:        nan | won: False 
#  148 | steps:  1572 | steps_t:     0 | t: 1.261074 | r:  -507.000000 | e:   1.000000 | Q:        nan | won: False 
#  149 | steps:  1578 | steps_t:     0 | t: 1.264074 | r:  -505.000000 | e:   1.000000 | Q:        nan | won: False 
#  150 | steps:  1585 | steps_t:     0 | t: 1.269075 | r:  -506.000000 | e:   1.000000 | Q:        nan | won: False 
#  151 | steps:  1593 | steps_t:     0 | t: 1.273075 | r:  -507.000000 | e:   1.000000 | Q:        nan | won: False 
#  152 | steps:  1604 | steps_t:     0 | t: 1.282076 | r:  -510.000000 | e:   1.000000 | Q:        nan | won: False 
#  153 | steps:  1622 | steps_t:     0 | t: 1.293076 | r:  -517.000000 | e:   1.000000 | Q:        nan | won: False 
#  154 | steps:  1630 | steps_t:     0 | t: 1.298076 | r:  -507.000000 | e:   1.000000 | Q:        nan | won: False 
#  155 | steps:  1646 | steps_t:     0 | t: 1.308077 | r:  -515.000000 | e:   1.000000 | Q:        nan | won: False 
#  156 | steps:  1656 | steps_t:     0 | t: 1.316077 | r:  -509.000000 | e:   1.000000 | Q:        nan | won: False 
#  157 | steps:  1664 | steps_t:     0 | t: 1.322078 | r:  -507.000000 | e:   1.000000 | Q:        nan | won: False 
#  158 | steps:  1675 | steps_t:     0 | t: 1.327078 | r:  -510.000000 | e:   1.000000 | Q:        nan | won: False 
#  159 | steps:  1685 | steps_t:     0 | t: 1.333078 | r:  -509.000000 | e:   1.000000 | Q:        nan | won: False 
#  160 | steps:  1697 | steps_t:     0 | t: 1.341079 | r:  -511.000000 | e:   1.000000 | Q:        nan | won: False 
#  161 | steps:  1704 | steps_t:     0 | t: 1.345079 | r:  -506.000000 | e:   1.000000 | Q:        nan | won: False 
#  162 | steps:  1721 | steps_t:     0 | t: 1.355080 | r:  -516.000000 | e:   1.000000 | Q:        nan | won: False 
#  163 | steps:  1729 | steps_t:     0 | t: 1.360080 | r:  -507.000000 | e:   1.000000 | Q:        nan | won: False 
#  164 | steps:  1744 | steps_t:     0 | t: 1.367080 | r:  -492.000000 | e:   1.000000 | Q:        nan | won: False 
#  165 | steps:  1755 | steps_t:     0 | t: 1.373081 | r:  -510.000000 | e:   1.000000 | Q:        nan | won: False 
#  166 | steps:  1764 | steps_t:     0 | t: 1.377081 | r:  -508.000000 | e:   1.000000 | Q:        nan | won: False 
#  167 | steps:  1778 | steps_t:     0 | t: 1.385082 | r:  -513.000000 | e:   1.000000 | Q:        nan | won: False 
#  168 | steps:  1797 | steps_t:     0 | t: 1.399082 | r:  -518.000000 | e:   1.000000 | Q:        nan | won: False 
#  169 | steps:  1808 | steps_t:     0 | t: 1.409083 | r:  -510.000000 | e:   1.000000 | Q:        nan | won: False 
#  170 | steps:  1816 | steps_t:     0 | t: 1.420083 | r:  -507.000000 | e:   1.000000 | Q:        nan | won: False 
#  171 | steps:  1831 | steps_t:     0 | t: 1.436085 | r:  -514.000000 | e:   1.000000 | Q:        nan | won: False 
#  172 | steps:  1841 | steps_t:     0 | t: 1.449085 | r:  -509.000000 | e:   1.000000 | Q:        nan | won: False 
#  173 | steps:  1863 | steps_t:     0 | t: 1.469086 | r:  -521.000000 | e:   1.000000 | Q:        nan | won: False 
#  174 | steps:  1872 | steps_t:     0 | t: 1.479087 | r:  -508.000000 | e:   1.000000 | Q:        nan | won: False 
#  175 | steps:  1892 | steps_t:     0 | t: 1.499088 | r:  -519.000000 | e:   1.000000 | Q:        nan | won: False 
#  176 | steps:  1908 | steps_t:     0 | t: 1.514089 | r:  -515.000000 | e:   1.000000 | Q:        nan | won: False 
#  177 | steps:  1919 | steps_t:     0 | t: 1.530090 | r:  -510.000000 | e:   1.000000 | Q:        nan | won: False 
#  178 | steps:  1926 | steps_t:     0 | t: 1.538090 | r:  -506.000000 | e:   1.000000 | Q:        nan | won: False 
#  179 | steps:  1935 | steps_t:     0 | t: 1.548091 | r:  -508.000000 | e:   1.000000 | Q:        nan | won: False 
#  180 | steps:  1956 | steps_t:     0 | t: 1.568092 | r:  -520.000000 | e:   1.000000 | Q:        nan | won: False 
#  181 | steps:  1970 | steps_t:     0 | t: 1.580093 | r:  -513.000000 | e:   1.000000 | Q:        nan | won: False 
#  182 | steps:  1986 | steps_t:     0 | t: 1.593093 | r:  -515.000000 | e:   1.000000 | Q:        nan | won: False 
#  183 | steps:  2005 | steps_t:     0 | t: 1.615094 | r:  -518.000000 | e:   1.000000 | Q:        nan | won: False 
#  184 | steps:  2014 | steps_t:     0 | t: 1.625095 | r:  -508.000000 | e:   1.000000 | Q:        nan | won: False 
#  185 | steps:  2021 | steps_t:     0 | t: 1.633096 | r:  -506.000000 | e:   1.000000 | Q:        nan | won: False 
#  186 | steps:  2027 | steps_t:     0 | t: 1.642096 | r:  -505.000000 | e:   1.000000 | Q:        nan | won: False 
#  187 | steps:  2036 | steps_t:     0 | t: 1.652097 | r:  -508.000000 | e:   1.000000 | Q:        nan | won: False 
#  188 | steps:  2043 | steps_t:     0 | t: 1.660097 | r:  -506.000000 | e:   1.000000 | Q:        nan | won: False 
#  189 | steps:  2054 | steps_t:     0 | t: 1.669098 | r:  -510.000000 | e:   1.000000 | Q:        nan | won: False 
#  190 | steps:  2064 | steps_t:     0 | t: 1.677098 | r:  -509.000000 | e:   1.000000 | Q:        nan | won: False 
#  191 | steps:  2072 | steps_t:     0 | t: 1.683098 | r:  -507.000000 | e:   1.000000 | Q:        nan | won: False 
#  192 | steps:  2079 | steps_t:     0 | t: 1.688099 | r:  -506.000000 | e:   1.000000 | Q:        nan | won: False 
#  193 | steps:  2089 | steps_t:     0 | t: 1.695099 | r:  -509.000000 | e:   1.000000 | Q:        nan | won: False 
#  194 | steps:  2098 | steps_t:     0 | t: 1.702099 | r:  -508.000000 | e:   1.000000 | Q:        nan | won: False 
#  195 | steps:  2104 | steps_t:     0 | t: 1.707100 | r:  -505.000000 | e:   1.000000 | Q:        nan | won: False 
#  196 | steps:  2120 | steps_t:     0 | t: 1.721101 | r:  -504.000000 | e:   1.000000 | Q:        nan | won: False 
#  197 | steps:  2131 | steps_t:     0 | t: 1.729101 | r:  -510.000000 | e:   1.000000 | Q:        nan | won: False 
#  198 | steps:  2137 | steps_t:     0 | t: 1.734102 | r:  -505.000000 | e:   1.000000 | Q:        nan | won: False 
#  199 | steps:  2145 | steps_t:     0 | t: 1.739102 | r:  -507.000000 | e:   1.000000 | Q:        nan | won: False 
#  200 | steps:  2157 | steps_t:     0 | t: 1.746102 | r:  -500.000000 | e:   1.000000 | Q:        nan | won: False 
#  201 | steps:  2166 | steps_t:     0 | t: 1.751102 | r:  -508.000000 | e:   1.000000 | Q:        nan | won: False 
#  202 | steps:  2175 | steps_t:     0 | t: 1.756103 | r:  -508.000000 | e:   1.000000 | Q:        nan | won: False 
#  203 | steps:  2182 | steps_t:     0 | t: 1.759103 | r:  -506.000000 | e:   1.000000 | Q:        nan | won: False 
#  204 | steps:  2200 | steps_t:     0 | t: 1.768103 | r:  -517.000000 | e:   1.000000 | Q:        nan | won: False 
#  205 | steps:  2212 | steps_t:     0 | t: 1.775104 | r:  -511.000000 | e:   1.000000 | Q:        nan | won: False 
#  206 | steps:  2219 | steps_t:     0 | t: 1.780104 | r:  -506.000000 | e:   1.000000 | Q:        nan | won: False 
#  207 | steps:  2229 | steps_t:     0 | t: 1.787104 | r:  -509.000000 | e:   1.000000 | Q:        nan | won: False 
#  208 | steps:  2236 | steps_t:     0 | t: 1.791105 | r:  -506.000000 | e:   1.000000 | Q:        nan | won: False 
#  209 | steps:  2252 | steps_t:     0 | t: 1.799105 | r:  -515.000000 | e:   1.000000 | Q:        nan | won: False 
#  210 | steps:  2260 | steps_t:     0 | t: 1.803105 | r:  -507.000000 | e:   1.000000 | Q:        nan | won: False 
#  211 | steps:  2269 | steps_t:     0 | t: 1.808106 | r:  -508.000000 | e:   1.000000 | Q:        nan | won: False 
#  212 | steps:  2277 | steps_t:     0 | t: 1.815106 | r:  -507.000000 | e:   1.000000 | Q:        nan | won: False 
#  213 | steps:  2286 | steps_t:     0 | t: 1.822106 | r:  -508.000000 | e:   1.000000 | Q:        nan | won: False 
#  214 | steps:  2305 | steps_t:     0 | t: 1.832107 | r:  -507.000000 | e:   1.000000 | Q:        nan | won: False 
#  215 | steps:  2313 | steps_t:     0 | t: 1.840107 | r:  -507.000000 | e:   1.000000 | Q:        nan | won: False 
#  216 | steps:  2322 | steps_t:     0 | t: 1.849108 | r:  -508.000000 | e:   1.000000 | Q:        nan | won: False 
#  217 | steps:  2330 | steps_t:     0 | t: 1.857108 | r:  -507.000000 | e:   1.000000 | Q:        nan | won: False 
#  218 | steps:  2345 | steps_t:     0 | t: 1.872109 | r:  -514.000000 | e:   1.000000 | Q:        nan | won: False 
#  219 | steps:  2351 | steps_t:     0 | t: 1.877110 | r:  -505.000000 | e:   1.000000 | Q:        nan | won: False 
#  220 | steps:  2362 | steps_t:     0 | t: 1.882110 | r:  -510.000000 | e:   1.000000 | Q:        nan | won: False 
#  221 | steps:  2367 | steps_t:     0 | t: 1.886110 | r:  -504.000000 | e:   1.000000 | Q:        nan | won: False 
#  222 | steps:  2375 | steps_t:     0 | t: 1.892111 | r:  -507.000000 | e:   1.000000 | Q:        nan | won: False 
#  223 | steps:  2385 | steps_t:     0 | t: 1.899111 | r:  -509.000000 | e:   1.000000 | Q:        nan | won: False 
#  224 | steps:  2397 | steps_t:     0 | t: 1.907111 | r:  -511.000000 | e:   1.000000 | Q:        nan | won: False 
#  225 | steps:  2405 | steps_t:     0 | t: 1.916112 | r:  -507.000000 | e:   1.000000 | Q:        nan | won: False 
#  226 | steps:  2411 | steps_t:     0 | t: 1.922112 | r:  -505.000000 | e:   1.000000 | Q:        nan | won: False 
#  227 | steps:  2418 | steps_t:     0 | t: 1.929112 | r:  -506.000000 | e:   1.000000 | Q:        nan | won: False 
#  228 | steps:  2428 | steps_t:     0 | t: 1.936113 | r:  -509.000000 | e:   1.000000 | Q:        nan | won: False 
#  229 | steps:  2436 | steps_t:     0 | t: 1.942113 | r:  -507.000000 | e:   1.000000 | Q:        nan | won: False 
#  230 | steps:  2444 | steps_t:     0 | t: 1.949114 | r:  -507.000000 | e:   1.000000 | Q:        nan | won: False 
#  231 | steps:  2455 | steps_t:     0 | t: 1.957114 | r:  -510.000000 | e:   1.000000 | Q:        nan | won: False 
#  232 | steps:  2468 | steps_t:     0 | t: 1.965115 | r:  -512.000000 | e:   1.000000 | Q:        nan | won: False 
#  233 | steps:  2474 | steps_t:     0 | t: 1.968115 | r:  -505.000000 | e:   1.000000 | Q:        nan | won: False 
#  234 | steps:  2486 | steps_t:     0 | t: 1.973115 | r:  -511.000000 | e:   1.000000 | Q:        nan | won: False 
#  235 | steps:  2498 | steps_t:     0 | t: 1.980115 | r:  -511.000000 | e:   1.000000 | Q:        nan | won: False 
#  236 | steps:  2519 | steps_t:     0 | t: 1.991116 | r:  -520.000000 | e:   1.000000 | Q:        nan | won: False 
#  237 | steps:  2531 | steps_t:     0 | t: 1.997116 | r:  -511.000000 | e:   1.000000 | Q:        nan | won: False 
#  238 | steps:  2549 | steps_t:     0 | t: 2.006117 | r:  -517.000000 | e:   1.000000 | Q:        nan | won: False 
#  239 | steps:  2561 | steps_t:     0 | t: 2.013117 | r:  -511.000000 | e:   1.000000 | Q:        nan | won: False 
#  240 | steps:  2572 | steps_t:     0 | t: 2.020118 | r:  -510.000000 | e:   1.000000 | Q:        nan | won: False 
#  241 | steps:  2581 | steps_t:     0 | t: 2.024118 | r:  -508.000000 | e:   1.000000 | Q:        nan | won: False 
#  242 | steps:  2603 | steps_t:     0 | t: 2.035119 | r:  -521.000000 | e:   1.000000 | Q:        nan | won: False 
#  243 | steps:  2613 | steps_t:     0 | t: 2.041119 | r:  -509.000000 | e:   1.000000 | Q:        nan | won: False 
#  244 | steps:  2622 | steps_t:     0 | t: 2.048119 | r:  -508.000000 | e:   1.000000 | Q:        nan | won: False 
#  245 | steps:  2632 | steps_t:     0 | t: 2.054120 | r:  -509.000000 | e:   1.000000 | Q:        nan | won: False 
#  246 | steps:  2652 | steps_t:     0 | t: 2.066120 | r:  -519.000000 | e:   1.000000 | Q:        nan | won: False 
#  247 | steps:  2663 | steps_t:     0 | t: 2.073121 | r:  -510.000000 | e:   1.000000 | Q:        nan | won: False 
#  248 | steps:  2670 | steps_t:     0 | t: 2.077121 | r:  -506.000000 | e:   1.000000 | Q:        nan | won: False 
#  249 | steps:  2693 | steps_t:     0 | t: 2.089122 | r:  -522.000000 | e:   1.000000 | Q:        nan | won: False 
#  250 | steps:  2699 | steps_t:     0 | t: 2.092122 | r:  -505.000000 | e:   1.000000 | Q:        nan | won: False 
#  251 | steps:  2722 | steps_t:     0 | t: 2.108123 | r:  -522.000000 | e:   1.000000 | Q:        nan | won: False 
#  252 | steps:  2729 | steps_t:     0 | t: 2.117123 | r:  -506.000000 | e:   1.000000 | Q:        nan | won: False 
#  253 | steps:  2739 | steps_t:     0 | t: 2.125124 | r:  -509.000000 | e:   1.000000 | Q:        nan | won: False 
#  254 | steps:  2752 | steps_t:     0 | t: 2.132124 | r:  -512.000000 | e:   1.000000 | Q:        nan | won: False 
#  255 | steps:  2765 | steps_t:     0 | t: 2.140125 | r:  -512.000000 | e:   1.000000 | Q:        nan | won: False 
#  256 | steps:  2774 | steps_t:     0 | t: 2.148125 | r:  -508.000000 | e:   1.000000 | Q:        nan | won: False 
#  257 | steps:  2797 | steps_t:     0 | t: 2.163126 | r:  -511.000000 | e:   1.000000 | Q:        nan | won: False 
#  258 | steps:  2807 | steps_t:     0 | t: 2.168126 | r:  -509.000000 | e:   1.000000 | Q:        nan | won: False 
#  259 | steps:  2816 | steps_t:     0 | t: 2.173126 | r:  -508.000000 | e:   1.000000 | Q:        nan | won: False 
#  260 | steps:  2837 | steps_t:     0 | t: 2.185127 | r:  -509.000000 | e:   1.000000 | Q:        nan | won: False 
#  261 | steps:  2844 | steps_t:     0 | t: 2.192127 | r:  -506.000000 | e:   1.000000 | Q:        nan | won: False 
#  262 | steps:  2851 | steps_t:     0 | t: 2.198128 | r:  -506.000000 | e:   1.000000 | Q:        nan | won: False 
#  263 | steps:  2861 | steps_t:     0 | t: 2.205128 | r:  -509.000000 | e:   1.000000 | Q:        nan | won: False 
#  264 | steps:  2873 | steps_t:     0 | t: 2.213129 | r:  -511.000000 | e:   1.000000 | Q:        nan | won: False 
#  265 | steps:  2881 | steps_t:     0 | t: 2.220129 | r:  -507.000000 | e:   1.000000 | Q:        nan | won: False 
#  266 | steps:  2887 | steps_t:     0 | t: 2.225129 | r:  -505.000000 | e:   1.000000 | Q:        nan | won: False 
#  267 | steps:  2894 | steps_t:     0 | t: 2.229130 | r:  -506.000000 | e:   1.000000 | Q:        nan | won: False 
#  268 | steps:  2909 | steps_t:     0 | t: 2.236130 | r:  -514.000000 | e:   1.000000 | Q:        nan | won: False 
