#    1 | steps:    26 | steps_t:     0 | t: 0.124007 | r:  -415.000000 | e:   1.000000 | Q:        nan | won: False 
#    2 | steps:   146 | steps_t:     0 | t: 0.431025 | r:  -388.000000 | e:   1.000000 | Q:        nan | won: False 
#    3 | steps:   170 | steps_t:     0 | t: 0.489028 | r:  -501.000000 | e:   1.000000 | Q:        nan | won: False 
#    4 | steps:   215 | steps_t:     0 | t: 0.558032 | r:  -489.000000 | e:   1.000000 | Q:        nan | won: False 
#    5 | steps:   239 | steps_t:     0 | t: 0.595034 | r:  -490.000000 | e:   1.000000 | Q:        nan | won: False 
#    6 | steps:   280 | steps_t:     0 | t: 0.658038 | r:  -463.000000 | e:   1.000000 | Q:        nan | won: False 
#    7 | steps:   343 | steps_t:     0 | t: 0.750043 | r:  -485.000000 | e:   1.000000 | Q:        nan | won: False 
#    8 | steps:   524 | steps_t:     0 | t: 1.022058 | r:  -372.000000 | e:   1.000000 | Q:        nan | won: False 
#    9 | steps:   551 | steps_t:     0 | t: 1.063061 | r:  -460.000000 | e:   1.000000 | Q:        nan | won: False 
#   10 | steps:   596 | steps_t:     0 | t: 1.131065 | r:  -412.000000 | e:   1.000000 | Q:        nan | won: False 
#   11 | steps:   630 | steps_t:     0 | t: 1.185068 | r:  -434.000000 | e:   1.000000 | Q:        nan | won: False 
#   12 | steps:   651 | steps_t:     0 | t: 1.216070 | r:  -476.000000 | e:   1.000000 | Q:        nan | won: False 
#   13 | steps:   689 | steps_t:     0 | t: 1.273073 | r:  -504.000000 | e:   1.000000 | Q:        nan | won: False 
#   14 | steps:   709 | steps_t:     0 | t: 1.304075 | r:  -497.000000 | e:   1.000000 | Q:        nan | won: False 
#   15 | steps:   776 | steps_t:     0 | t: 1.405080 | r:  -423.000000 | e:   1.000000 | Q:        nan | won: False 
#   16 | steps:   874 | steps_t:     0 | t: 1.553089 | r:  -443.000000 | e:   1.000000 | Q:        nan | won: False 
#   17 | steps:   935 | steps_t:     0 | t: 1.647094 | r:  -439.000000 | e:   1.000000 | Q:        nan | won: False 
#   18 | steps:   953 | steps_t:     0 | t: 1.675096 | r:  -495.000000 | e:   1.000000 | Q:        nan | won: False 
#   19 | steps:  1011 | steps_t:     0 | t: 1.764101 | r:  -469.000000 | e:   1.000000 | Q:        nan | won: False 
#   20 | steps:  1085 | steps_t:     0 | t: 1.877108 | r:  -529.000000 | e:   1.000000 | Q:        nan | won: False 
#   21 | steps:  1123 | steps_t:     0 | t: 1.935111 | r:  -493.000000 | e:   1.000000 | Q:        nan | won: False 
#   22 | steps:  1179 | steps_t:     0 | t: 2.018115 | r:  -511.000000 | e:   1.000000 | Q:        nan | won: False 
#   23 | steps:  1224 | steps_t:     0 | t: 2.085119 | r:  -445.000000 | e:   1.000000 | Q:        nan | won: False 
#   24 | steps:  1274 | steps_t:     0 | t: 2.166124 | r:  -472.000000 | e:   1.000000 | Q:        nan | won: False 
#   25 | steps:  1391 | steps_t:     0 | t: 2.336134 | r:  -539.000000 | e:   1.000000 | Q:        nan | won: False 
#   26 | steps:  1456 | steps_t:     0 | t: 2.437140 | r:  -476.000000 | e:   1.000000 | Q:        nan | won: False 
#   27 | steps:  1514 | steps_t:     0 | t: 2.525144 | r:  -502.000000 | e:   1.000000 | Q:        nan | won: False 
#   28 | steps:  1712 | steps_t:     0 | t: 2.876164 | r:  -620.000000 | e:   1.000000 | Q:        nan | won: False 
#   29 | steps:  1745 | steps_t:     0 | t: 3.017173 | r:  -488.000000 | e:   1.000000 | Q:        nan | won: False 
#   30 | steps:  1778 | steps_t:     0 | t: 3.069176 | r:  -455.000000 | e:   1.000000 | Q:        nan | won: False 
#   31 | steps:  1836 | steps_t:     0 | t: 3.162181 | r:  -513.000000 | e:   1.000000 | Q:        nan | won: False 
#   32 | steps:  1856 | steps_t:     0 | t: 3.192183 | r:  -475.000000 | e:   1.000000 | Q:        nan | won: False 
#   33 | steps:  1905 | steps_t:     0 | t: 3.269187 | r:  -460.000000 | e:   1.000000 | Q:        nan | won: False 
#   34 | steps:  1980 | steps_t:     0 | t: 3.382194 | r:  -519.000000 | e:   1.000000 | Q:        nan | won: False 
#   35 | steps:  2091 | steps_t:     0 | t: 3.549203 | r:  -412.000000 | e:   1.000000 | Q:        nan | won: False 
#   36 | steps:  2133 | steps_t:     0 | t: 3.615207 | r:  -475.000000 | e:   1.000000 | Q:        nan | won: False 
#   37 | steps:  2207 | steps_t:     0 | t: 3.752215 | r:  -419.000000 | e:   1.000000 | Q:        nan | won: False 
#   38 | steps:  2268 | steps_t:     0 | t: 3.840220 | r:  -494.000000 | e:   1.000000 | Q:        nan | won: False 
#   39 | steps:  2332 | steps_t:     0 | t: 3.934225 | r:  -475.000000 | e:   1.000000 | Q:        nan | won: False 
#   40 | steps:  2348 | steps_t:     0 | t: 3.958226 | r:  -482.000000 | e:   1.000000 | Q:        nan | won: False 
#   41 | steps:  2536 | steps_t:     0 | t: 4.242243 | r:  -566.000000 | e:   1.000000 | Q:        nan | won: False 
#   42 | steps:  2630 | steps_t:     0 | t: 4.381251 | r:  -428.000000 | e:   1.000000 | Q:        nan | won: False 
#   43 | steps:  2837 | steps_t:     0 | t: 4.694268 | r:  -321.000000 | e:   1.000000 | Q:        nan | won: False 
#   44 | steps:  2893 | steps_t:     0 | t: 4.779274 | r:  -489.000000 | e:   1.000000 | Q:        nan | won: False 
#   45 | steps:  2968 | steps_t:     0 | t: 4.893280 | r:  -431.000000 | e:   1.000000 | Q:        nan | won: False 
#   46 | steps:  3000 | steps_t:     0 | t: 4.941283 | r:  -443.000000 | e:   1.000000 | Q:        nan | won: False 
#   47 | steps:  3138 | steps_t:     0 | t: 5.169296 | r:  -461.000000 | e:   1.000000 | Q:        nan | won: False 
#   48 | steps:  3165 | steps_t:     0 | t: 5.211298 | r:  -482.000000 | e:   1.000000 | Q:        nan | won: False 
#   49 | steps:  3232 | steps_t:     0 | t: 5.309304 | r:  -434.000000 | e:   1.000000 | Q:        nan | won: False 
#   50 | steps:  3253 | steps_t:     0 | t: 5.342306 | r:  -476.000000 | e:   1.000000 | Q:        nan | won: False 
#   51 | steps:  3361 | steps_t:     0 | t: 5.513315 | r:  -343.000000 | e:   1.000000 | Q:        nan | won: False 
#   52 | steps:  3399 | steps_t:     0 | t: 5.571319 | r:  -427.000000 | e:   1.000000 | Q:        nan | won: False 
#   53 | steps:  3436 | steps_t:     0 | t: 5.629322 | r:  -470.000000 | e:   1.000000 | Q:        nan | won: False 
#   54 | steps:  3457 | steps_t:     0 | t: 5.661324 | r:  -410.000000 | e:   1.000000 | Q:        nan | won: False 
#   55 | steps:  3553 | steps_t:     0 | t: 5.809332 | r:  -452.000000 | e:   1.000000 | Q:        nan | won: False 
#   56 | steps:  3632 | steps_t:     0 | t: 6.039346 | r:  -512.000000 | e:   1.000000 | Q:        nan | won: False 
#   57 | steps:  3699 | steps_t:     0 | t: 6.142351 | r:  -434.000000 | e:   1.000000 | Q:        nan | won: False 
#   58 | steps:  3725 | steps_t:     0 | t: 6.181354 | r:  -503.000000 | e:   1.000000 | Q:        nan | won: False 
#   59 | steps:  3749 | steps_t:     0 | t: 6.218356 | r:  -424.000000 | e:   1.000000 | Q:        nan | won: False 
#   60 | steps:  3823 | steps_t:     0 | t: 6.329362 | r:  -507.000000 | e:   1.000000 | Q:        nan | won: False 
#   61 | steps:  3847 | steps_t:     0 | t: 6.365364 | r:  -490.000000 | e:   1.000000 | Q:        nan | won: False 
#   62 | steps:  3896 | steps_t:     0 | t: 6.437368 | r:  -438.000000 | e:   1.000000 | Q:        nan | won: False 
#   63 | steps:  3911 | steps_t:     0 | t: 6.459369 | r:  -503.000000 | e:   1.000000 | Q:        nan | won: False 
#   64 | steps:  3947 | steps_t:     0 | t: 6.514373 | r:  -469.000000 | e:   1.000000 | Q:        nan | won: False 
#   65 | steps:  3977 | steps_t:     0 | t: 6.559375 | r:  -463.000000 | e:   1.000000 | Q:        nan | won: False 
#   66 | steps:  4015 | steps_t:     0 | t: 6.617379 | r:  -482.000000 | e:   1.000000 | Q:        nan | won: False 
#   67 | steps:  4076 | steps_t:     0 | t: 6.713384 | r:  -450.000000 | e:   1.000000 | Q:        nan | won: False 
#   68 | steps:  4130 | steps_t:     0 | t: 6.797389 | r:  -432.000000 | e:   1.000000 | Q:        nan | won: False 
#   69 | steps:  4171 | steps_t:     0 | t: 6.859392 | r:  -474.000000 | e:   1.000000 | Q:        nan | won: False 
#   70 | steps:  4233 | steps_t:     0 | t: 6.951398 | r:  -484.000000 | e:   1.000000 | Q:        nan | won: False 
#   71 | steps:  4357 | steps_t:     0 | t: 7.141409 | r:  -425.000000 | e:   1.000000 | Q:        nan | won: False 
#   72 | steps:  4418 | steps_t:     0 | t: 7.240414 | r:  -417.000000 | e:   1.000000 | Q:        nan | won: False 
#   73 | steps:  4483 | steps_t:     0 | t: 7.335420 | r:  -432.000000 | e:   1.000000 | Q:        nan | won: False 
#   74 | steps:  4598 | steps_t:     0 | t: 7.509429 | r:  -394.000000 | e:   1.000000 | Q:        nan | won: False 
#   75 | steps:  4624 | steps_t:     0 | t: 7.548432 | r:  -470.000000 | e:   1.000000 | Q:        nan | won: False 
#   76 | steps:  4665 | steps_t:     0 | t: 7.610435 | r:  -452.000000 | e:   1.000000 | Q:        nan | won: False 
#   77 | steps:  4842 | steps_t:     0 | t: 7.878451 | r:  -357.000000 | e:   1.000000 | Q:        nan | won: False 
#   78 | steps:  4909 | steps_t:     0 | t: 8.007458 | r:  -478.000000 | e:   1.000000 | Q:        nan | won: False 
#   79 | steps:  4976 | steps_t:     0 | t: 8.131465 | r:  -423.000000 | e:   1.000000 | Q:        nan | won: False 
#   80 | steps:  5197 | steps_t:   195 | t: 14.112807 | r:  -313.000000 | e:   0.980500 | Q:  -5.117568 | won: False 
#   81 | steps:  5375 | steps_t:   372 | t: 19.392109 | r:  -545.000000 | e:   0.962800 | Q:  -5.827212 | won: False 
#   82 | steps:  5433 | steps_t:   429 | t: 21.069205 | r:  -491.000000 | e:   0.957100 | Q:        nan | won: False 
#   83 | steps:  5474 | steps_t:   469 | t: 22.259273 | r:  -485.000000 | e:   0.953100 | Q: -52.909527 | won: False 
#   84 | steps:  5491 | steps_t:   485 | t: 22.730300 | r:  -505.000000 | e:   0.951500 | Q:        nan | won: False 
#   85 | steps:  5514 | steps_t:   507 | t: 23.379337 | r:  -500.000000 | e:   0.949300 | Q: -38.632038 | won: False 
#   86 | steps:  5542 | steps_t:   534 | t: 24.215385 | r:  -472.000000 | e:   0.946600 | Q:        nan | won: False 
#   87 | steps:  5584 | steps_t:   575 | t: 25.449456 | r:  -409.000000 | e:   0.942500 | Q: -43.285545 | won: False 
#   88 | steps:  5687 | steps_t:   677 | t: 28.578635 | r:  -470.000000 | e:   0.932300 | Q: -30.432434 | won: False 
#   89 | steps:  5773 | steps_t:   762 | t: 31.245787 | r:  -475.000000 | e:   0.923800 | Q: -52.731079 | won: False 
#   90 | steps:  5844 | steps_t:   832 | t: 33.319906 | r:  -526.000000 | e:   0.916800 | Q: -50.471088 | won: False 
#   91 | steps:  5900 | steps_t:   887 | t: 35.012003 | r:  -467.000000 | e:   0.911300 | Q: -58.542149 | won: False 
#   92 | steps:  5921 | steps_t:   907 | t: 35.712043 | r:  -487.000000 | e:   0.909300 | Q: -66.041092 | won: False 
#   93 | steps:  5961 | steps_t:   946 | t: 36.885110 | r:  -451.000000 | e:   0.905400 | Q: -60.512180 | won: False 
#   94 | steps:  6014 | steps_t:   998 | t: 38.649211 | r:  -486.000000 | e:   0.900200 | Q: -67.487816 | won: False 
#   95 | steps:  6058 | steps_t:  1041 | t: 40.033290 | r:  -455.000000 | e:   0.895900 | Q: -56.063446 | won: False 
#   96 | steps:  6084 | steps_t:  1066 | t: 42.111409 | r:  -470.000000 | e:   0.893400 | Q: -58.053894 | won: False 
#   97 | steps:  6122 | steps_t:  1103 | t: 43.570492 | r:  -493.000000 | e:   0.889700 | Q: -68.658730 | won: False 
#   98 | steps:  6158 | steps_t:  1138 | t: 45.073578 | r:  -480.000000 | e:   0.886200 | Q: -70.854408 | won: False 
#   99 | steps:  6209 | steps_t:  1188 | t: 47.014689 | r:  -451.000000 | e:   0.881200 | Q: -82.398651 | won: False 
#  100 | steps:  6256 | steps_t:  1234 | t: 48.707786 | r:  -480.000000 | e:   0.876600 | Q: -65.165627 | won: False 
#  101 | steps:  6434 | steps_t:  1411 | t: 55.906198 | r:  -523.000000 | e:   0.858900 | Q: -50.695751 | won: False 
#  102 | steps:  6482 | steps_t:  1458 | t: 57.959315 | r:  -503.000000 | e:   0.854200 | Q: -53.128433 | won: False 
#  103 | steps:  6511 | steps_t:  1486 | t: 59.401397 | r:  -495.000000 | e:   0.851400 | Q: -45.430660 | won: False 
#  104 | steps:  6547 | steps_t:  1521 | t: 60.942486 | r:  -447.000000 | e:   0.847900 | Q: -44.340321 | won: False 
#  105 | steps:  6560 | steps_t:  1533 | t: 61.403512 | r:  -479.000000 | e:   0.846700 | Q:        nan | won: False 
#  106 | steps:  6683 | steps_t:  1655 | t: 66.097780 | r:  -435.000000 | e:   0.834500 | Q: -40.632824 | won: False 
#  107 | steps:  6729 | steps_t:  1700 | t: 67.813879 | r:  -468.000000 | e:   0.830000 | Q: -50.109470 | won: False 
#  108 | steps:  6794 | steps_t:  1764 | t: 70.283020 | r:  -377.000000 | e:   0.823600 | Q: -60.189312 | won: False 
#  109 | steps:  6819 | steps_t:  1788 | t: 71.239075 | r:  -469.000000 | e:   0.821200 | Q: -77.332184 | won: False 
#  110 | steps:  6922 | steps_t:  1890 | t: 75.312308 | r:  -492.000000 | e:   0.811000 | Q: -53.944256 | won: False 
#  111 | steps:  7074 | steps_t:  2041 | t: 81.071637 | r:  -310.000000 | e:   0.795900 | Q: -46.858929 | won: False 
#  112 | steps:  7113 | steps_t:  2079 | t: 82.374712 | r:  -505.000000 | e:   0.792100 | Q: -40.867233 | won: False 
#  113 | steps:  7278 | steps_t:  2243 | t: 88.147042 | r:  -378.000000 | e:   0.775700 | Q: -48.240265 | won: False 
#  114 | steps:  7492 | steps_t:  2456 | t: 95.690473 | r:  -328.000000 | e:   0.754400 | Q: -59.632462 | won: False 
