#    1 | steps:   110 | steps_t:     0 | t: 0.695040 | r:  -532.000000 | e:   1.000000 | Q:        nan | won: False 
#    2 | steps:   128 | steps_t:     0 | t: 0.732042 | r:  -495.000000 | e:   1.000000 | Q:        nan | won: False 
#    3 | steps:   154 | steps_t:     0 | t: 0.784045 | r:  -437.000000 | e:   1.000000 | Q:        nan | won: False 
#    4 | steps:   251 | steps_t:     0 | t: 1.151066 | r:  -453.000000 | e:   1.000000 | Q:        nan | won: False 
#    5 | steps:   280 | steps_t:     0 | t: 1.283073 | r:  -473.000000 | e:   1.000000 | Q:        nan | won: False 
#    6 | steps:   330 | steps_t:     0 | t: 1.392080 | r:  -483.000000 | e:   1.000000 | Q:        nan | won: False 
#    7 | steps:   369 | steps_t:     0 | t: 1.495085 | r:  -483.000000 | e:   1.000000 | Q:        nan | won: False 
#    8 | steps:   421 | steps_t:     0 | t: 1.668095 | r:  -430.000000 | e:   1.000000 | Q:        nan | won: False 
#    9 | steps:   544 | steps_t:     0 | t: 1.889108 | r:  -446.000000 | e:   1.000000 | Q:        nan | won: False 
#   10 | steps:   580 | steps_t:     0 | t: 1.952112 | r:  -469.000000 | e:   1.000000 | Q:        nan | won: False 
#   11 | steps:   670 | steps_t:     0 | t: 2.103120 | r:  -413.000000 | e:   1.000000 | Q:        nan | won: False 
#   12 | steps:   724 | steps_t:     0 | t: 2.192125 | r:  -388.000000 | e:   1.000000 | Q:        nan | won: False 
#   13 | steps:   775 | steps_t:     0 | t: 2.279130 | r:  -495.000000 | e:   1.000000 | Q:        nan | won: False 
#   14 | steps:   809 | steps_t:     0 | t: 2.334133 | r:  -500.000000 | e:   1.000000 | Q:        nan | won: False 
#   15 | steps:   848 | steps_t:     0 | t: 2.401137 | r:  -483.000000 | e:   1.000000 | Q:        nan | won: False 
#   16 | steps:   867 | steps_t:     0 | t: 2.431139 | r:  -496.000000 | e:   1.000000 | Q:        nan | won: False 
#   17 | steps:   937 | steps_t:     0 | t: 2.547146 | r:  -459.000000 | e:   1.000000 | Q:        nan | won: False 
#   18 | steps:   973 | steps_t:     0 | t: 2.609149 | r:  -480.000000 | e:   1.000000 | Q:        nan | won: False 
#   19 | steps:   999 | steps_t:     0 | t: 2.648152 | r:  -470.000000 | e:   1.000000 | Q:        nan | won: False 
#   20 | steps:  1023 | steps_t:     0 | t: 2.685153 | r:  -391.000000 | e:   1.000000 | Q:        nan | won: False 
#   21 | steps:  1066 | steps_t:     0 | t: 2.766158 | r:  -487.000000 | e:   1.000000 | Q:        nan | won: False 
#   22 | steps:  1151 | steps_t:     0 | t: 2.985171 | r:  -386.000000 | e:   1.000000 | Q:        nan | won: False 
#   23 | steps:  1202 | steps_t:     0 | t: 3.166181 | r:  -429.000000 | e:   1.000000 | Q:        nan | won: False 
#   24 | steps:  1223 | steps_t:     0 | t: 3.230185 | r:  -487.000000 | e:   1.000000 | Q:        nan | won: False 
#   25 | steps:  1337 | steps_t:     0 | t: 3.445197 | r:  -536.000000 | e:   1.000000 | Q:        nan | won: False 
#   26 | steps:  1446 | steps_t:     0 | t: 3.636208 | r:  -377.000000 | e:   1.000000 | Q:        nan | won: False 
#   27 | steps:  1528 | steps_t:     0 | t: 3.767215 | r:  -504.000000 | e:   1.000000 | Q:        nan | won: False 
#   28 | steps:  1588 | steps_t:     0 | t: 3.863221 | r:  -471.000000 | e:   1.000000 | Q:        nan | won: False 
#   29 | steps:  1607 | steps_t:     0 | t: 3.892222 | r:  -441.000000 | e:   1.000000 | Q:        nan | won: False 
#   30 | steps:  1651 | steps_t:     0 | t: 3.961226 | r:  -400.000000 | e:   1.000000 | Q:        nan | won: False 
#   31 | steps:  1683 | steps_t:     0 | t: 4.011230 | r:  -476.000000 | e:   1.000000 | Q:        nan | won: False 
#   32 | steps:  1754 | steps_t:     0 | t: 4.221241 | r:  -482.000000 | e:   1.000000 | Q:        nan | won: False 
#   33 | steps:  1787 | steps_t:     0 | t: 4.279245 | r:  -488.000000 | e:   1.000000 | Q:        nan | won: False 
#   34 | steps:  1822 | steps_t:     0 | t: 4.344248 | r:  -501.000000 | e:   1.000000 | Q:        nan | won: False 
#   35 | steps:  1848 | steps_t:     0 | t: 4.391251 | r:  -481.000000 | e:   1.000000 | Q:        nan | won: False 
#   36 | steps:  1867 | steps_t:     0 | t: 4.423253 | r:  -485.000000 | e:   1.000000 | Q:        nan | won: False 
#   37 | steps:  1976 | steps_t:     0 | t: 4.612264 | r:  -359.000000 | e:   1.000000 | Q:        nan | won: False 
#   38 | steps:  2039 | steps_t:     0 | t: 4.727270 | r:  -430.000000 | e:   1.000000 | Q:        nan | won: False 
#   39 | steps:  2076 | steps_t:     0 | t: 4.788274 | r:  -415.000000 | e:   1.000000 | Q:        nan | won: False 
#   40 | steps:  2122 | steps_t:     0 | t: 4.860278 | r:  -424.000000 | e:   1.000000 | Q:        nan | won: False 
#   41 | steps:  2178 | steps_t:     0 | t: 4.949283 | r:  -401.000000 | e:   1.000000 | Q:        nan | won: False 
#   42 | steps:  2197 | steps_t:     0 | t: 4.980285 | r:  -474.000000 | e:   1.000000 | Q:        nan | won: False 
#   43 | steps:  2286 | steps_t:     0 | t: 5.133294 | r:  -357.000000 | e:   1.000000 | Q:        nan | won: False 
#   44 | steps:  2320 | steps_t:     0 | t: 5.189297 | r:  -489.000000 | e:   1.000000 | Q:        nan | won: False 
#   45 | steps:  2355 | steps_t:     0 | t: 5.250300 | r:  -479.000000 | e:   1.000000 | Q:        nan | won: False 
#   46 | steps:  2415 | steps_t:     0 | t: 5.342305 | r:  -460.000000 | e:   1.000000 | Q:        nan | won: False 
#   47 | steps:  2449 | steps_t:     0 | t: 5.394308 | r:  -500.000000 | e:   1.000000 | Q:        nan | won: False 
#   48 | steps:  2488 | steps_t:     0 | t: 5.453312 | r:  -483.000000 | e:   1.000000 | Q:        nan | won: False 
#   49 | steps:  2592 | steps_t:     0 | t: 5.654323 | r:  -493.000000 | e:   1.000000 | Q:        nan | won: False 
#   50 | steps:  2686 | steps_t:     0 | t: 5.819333 | r:  -395.000000 | e:   1.000000 | Q:        nan | won: False 
#   51 | steps:  2714 | steps_t:     0 | t: 5.870336 | r:  -483.000000 | e:   1.000000 | Q:        nan | won: False 
#   52 | steps:  2734 | steps_t:     0 | t: 5.903338 | r:  -475.000000 | e:   1.000000 | Q:        nan | won: False 
#   53 | steps:  2759 | steps_t:     0 | t: 5.948340 | r:  -469.000000 | e:   1.000000 | Q:        nan | won: False 
#   54 | steps:  2814 | steps_t:     0 | t: 6.045346 | r:  -444.000000 | e:   1.000000 | Q:        nan | won: False 
#   55 | steps:  2839 | steps_t:     0 | t: 6.083348 | r:  -480.000000 | e:   1.000000 | Q:        nan | won: False 
#   56 | steps:  2874 | steps_t:     0 | t: 6.140351 | r:  -501.000000 | e:   1.000000 | Q:        nan | won: False 
#   57 | steps:  2907 | steps_t:     0 | t: 6.190354 | r:  -477.000000 | e:   1.000000 | Q:        nan | won: False 
#   58 | steps:  2972 | steps_t:     0 | t: 6.291360 | r:  -509.000000 | e:   1.000000 | Q:        nan | won: False 
#   59 | steps:  3002 | steps_t:     0 | t: 6.339363 | r:  -452.000000 | e:   1.000000 | Q:        nan | won: False 
#   60 | steps:  3031 | steps_t:     0 | t: 6.388365 | r:  -473.000000 | e:   1.000000 | Q:        nan | won: False 
#   61 | steps:  3053 | steps_t:     0 | t: 6.422367 | r:  -488.000000 | e:   1.000000 | Q:        nan | won: False 
#   62 | steps:  3097 | steps_t:     0 | t: 6.490371 | r:  -444.000000 | e:   1.000000 | Q:        nan | won: False 
#   63 | steps:  3204 | steps_t:     0 | t: 6.657381 | r:  -331.000000 | e:   1.000000 | Q:        nan | won: False 
#   64 | steps:  3284 | steps_t:     0 | t: 6.783388 | r:  -403.000000 | e:   1.000000 | Q:        nan | won: False 
#   65 | steps:  3492 | steps_t:     0 | t: 7.111407 | r:  -300.000000 | e:   1.000000 | Q:        nan | won: False 
#   66 | steps:  3521 | steps_t:     0 | t: 7.156409 | r:  -396.000000 | e:   1.000000 | Q:        nan | won: False 
#   67 | steps:  3573 | steps_t:     0 | t: 7.238414 | r:  -485.000000 | e:   1.000000 | Q:        nan | won: False 
#   68 | steps:  3601 | steps_t:     0 | t: 7.283417 | r:  -472.000000 | e:   1.000000 | Q:        nan | won: False 
#   69 | steps:  3661 | steps_t:     0 | t: 7.495429 | r:  -515.000000 | e:   1.000000 | Q:        nan | won: False 
#   70 | steps:  3738 | steps_t:     0 | t: 7.615436 | r:  -466.000000 | e:   1.000000 | Q:        nan | won: False 
#   71 | steps:  3814 | steps_t:     0 | t: 7.736442 | r:  -476.000000 | e:   1.000000 | Q:        nan | won: False 
#   72 | steps:  4017 | steps_t:     0 | t: 8.177468 | r:  -354.000000 | e:   1.000000 | Q:        nan | won: False 
#   73 | steps:  4038 | steps_t:     0 | t: 8.213470 | r:  -476.000000 | e:   1.000000 | Q:        nan | won: False 
#   74 | steps:  4083 | steps_t:     0 | t: 8.291474 | r:  -511.000000 | e:   1.000000 | Q:        nan | won: False 
#   75 | steps:  4128 | steps_t:     0 | t: 8.361478 | r:  -434.000000 | e:   1.000000 | Q:        nan | won: False 
#   76 | steps:  4199 | steps_t:     0 | t: 8.472485 | r:  -504.000000 | e:   1.000000 | Q:        nan | won: False 
#   77 | steps:  4214 | steps_t:     0 | t: 8.495486 | r:  -459.000000 | e:   1.000000 | Q:        nan | won: False 
#   78 | steps:  4271 | steps_t:     0 | t: 8.586491 | r:  -424.000000 | e:   1.000000 | Q:        nan | won: False 
#   79 | steps:  4299 | steps_t:     0 | t: 8.630493 | r:  -505.000000 | e:   1.000000 | Q:        nan | won: False 
#   80 | steps:  4335 | steps_t:     0 | t: 8.686497 | r:  -447.000000 | e:   1.000000 | Q:        nan | won: False 
#   81 | steps:  4384 | steps_t:     0 | t: 8.799503 | r:  -493.000000 | e:   1.000000 | Q:        nan | won: False 
#   82 | steps:  4401 | steps_t:     0 | t: 8.850506 | r:  -472.000000 | e:   1.000000 | Q:        nan | won: False 
#   83 | steps:  4615 | steps_t:     0 | t: 9.400537 | r:  -438.000000 | e:   1.000000 | Q:        nan | won: False 
#   84 | steps:  4704 | steps_t:     0 | t: 9.548546 | r:  -445.000000 | e:   1.000000 | Q:        nan | won: False 
#   85 | steps:  4729 | steps_t:     0 | t: 9.587548 | r:  -491.000000 | e:   1.000000 | Q:        nan | won: False 
#   86 | steps:  4775 | steps_t:     0 | t: 9.661553 | r:  -501.000000 | e:   1.000000 | Q:        nan | won: False 
#   87 | steps:  4837 | steps_t:     0 | t: 9.762558 | r:  -495.000000 | e:   1.000000 | Q:        nan | won: False 
#   88 | steps:  4933 | steps_t:     0 | t: 9.918567 | r:  -397.000000 | e:   1.000000 | Q:        nan | won: False 
#   89 | steps:  4990 | steps_t:     0 | t: 10.018573 | r:  -490.000000 | e:   1.000000 | Q:        nan | won: False 
#   90 | steps:  5016 | steps_t:    14 | t: 12.004687 | r:  -470.000000 | e:   0.998600 | Q:        nan | won: False 
#   91 | steps:  5064 | steps_t:    61 | t: 13.810790 | r:  -492.000000 | e:   0.993900 | Q:   0.006834 | won: False 
#   92 | steps:  5105 | steps_t:   101 | t: 15.418882 | r:  -408.000000 | e:   0.989900 | Q:        nan | won: False 
#   93 | steps:  5228 | steps_t:   223 | t: 20.615179 | r:  -501.000000 | e:   0.977700 | Q:        nan | won: False 
#   94 | steps:  5404 | steps_t:   398 | t: 26.953542 | r:  -466.000000 | e:   0.960200 | Q: -38.723675 | won: False 
#   95 | steps:  5562 | steps_t:   555 | t: 33.735929 | r:  -371.000000 | e:   0.944500 | Q: -59.080044 | won: False 
#   96 | steps:  5601 | steps_t:   593 | t: 35.488030 | r:  -483.000000 | e:   0.940700 | Q: -52.757580 | won: False 
#   97 | steps:  5618 | steps_t:   609 | t: 36.163068 | r:  -483.000000 | e:   0.939100 | Q:        nan | won: False 
#   98 | steps:  5648 | steps_t:   638 | t: 37.471143 | r:  -463.000000 | e:   0.936200 | Q: -73.057831 | won: False 
#   99 | steps:  5695 | steps_t:   684 | t: 39.527261 | r:  -447.000000 | e:   0.931600 | Q: -48.459339 | won: False 
#  100 | steps:  5792 | steps_t:   780 | t: 43.487487 | r:  -497.000000 | e:   0.922000 | Q: -48.082256 | won: False 
#  101 | steps:  5879 | steps_t:   866 | t: 46.084636 | r:  -520.000000 | e:   0.913400 | Q: -58.055576 | won: False 
#  102 | steps:  6099 | steps_t:  1085 | t: 52.973030 | r:  -455.000000 | e:   0.891500 | Q: -59.780811 | won: False 
#  103 | steps:  6137 | steps_t:  1122 | t: 54.497117 | r:  -416.000000 | e:   0.887800 | Q: -85.098228 | won: False 
#  104 | steps:  6185 | steps_t:  1169 | t: 55.922199 | r:  -492.000000 | e:   0.883100 | Q: -50.224731 | won: False 
#  105 | steps:  6380 | steps_t:  1363 | t: 61.706529 | r:  -309.000000 | e:   0.863700 | Q: -50.530758 | won: False 
#  106 | steps:  6486 | steps_t:  1468 | t: 64.899712 | r:  -495.000000 | e:   0.853200 | Q: -66.206177 | won: False 
#  107 | steps:  6631 | steps_t:  1612 | t: 69.199958 | r:  -285.000000 | e:   0.838800 | Q: -52.648640 | won: False 
#  108 | steps:  6651 | steps_t:  1631 | t: 69.774991 | r:  -475.000000 | e:   0.836900 | Q: -50.940407 | won: False 
#  109 | steps:  6680 | steps_t:  1659 | t: 70.602038 | r:  -440.000000 | e:   0.834100 | Q: -45.791279 | won: False 
#  110 | steps:  6754 | steps_t:  1732 | t: 73.180186 | r:  -452.000000 | e:   0.826800 | Q: -36.938713 | won: False 
#  111 | steps:  6817 | steps_t:  1794 | t: 76.560379 | r:  -518.000000 | e:   0.820600 | Q: -60.115810 | won: False 
#  112 | steps:  6845 | steps_t:  1821 | t: 78.592495 | r:  -494.000000 | e:   0.817900 | Q: -56.208500 | won: False 
#  113 | steps:  6891 | steps_t:  1866 | t: 81.556665 | r:  -457.000000 | e:   0.813400 | Q: -52.682465 | won: False 
#  114 | steps:  6922 | steps_t:  1896 | t: 83.006748 | r:  -497.000000 | e:   0.810400 | Q: -61.498775 | won: False 
#  115 | steps:  7158 | steps_t:  2131 | t: 91.284221 | r:  -460.000000 | e:   0.786900 | Q: -49.160339 | won: False 
#  116 | steps:  7214 | steps_t:  2186 | t: 93.070323 | r:  -423.000000 | e:   0.781400 | Q: -69.256119 | won: False 
#  117 | steps:  7238 | steps_t:  2209 | t: 93.805365 | r:  -490.000000 | e:   0.779100 | Q: -70.210899 | won: False 
#  118 | steps:  7266 | steps_t:  2236 | t: 94.672415 | r:  -439.000000 | e:   0.776400 | Q: -46.477730 | won: False 
#  119 | steps:  7313 | steps_t:  2282 | t: 96.102497 | r:  -447.000000 | e:   0.771800 | Q: -42.816029 | won: False 
#  120 | steps:  7374 | steps_t:  2342 | t: 98.028607 | r:  -494.000000 | e:   0.765800 | Q: -46.262081 | won: False 
#  121 | steps:  7395 | steps_t:  2362 | t: 98.667643 | r:  -476.000000 | e:   0.763800 | Q: -64.888268 | won: False 
#  122 | steps:  7455 | steps_t:  2421 | t: 100.492748 | r:  -493.000000 | e:   0.757900 | Q: -77.971733 | won: False 
#  123 | steps:  7490 | steps_t:  2455 | t: 101.534807 | r:  -479.000000 | e:   0.754500 | Q: -63.881699 | won: False 
#  124 | steps:  7638 | steps_t:  2602 | t: 106.069067 | r:  -416.000000 | e:   0.739800 | Q: -55.360378 | won: False 
#  125 | steps:  7680 | steps_t:  2643 | t: 107.357141 | r:  -387.000000 | e:   0.735700 | Q: -48.958179 | won: False 
#  126 | steps:  7856 | steps_t:  2818 | t: 112.861455 | r:  -334.000000 | e:   0.718200 | Q: -43.128407 | won: False 
#  127 | steps:  7891 | steps_t:  2852 | t: 113.971519 | r:  -446.000000 | e:   0.714800 | Q: -55.943924 | won: False 
#  128 | steps:  7911 | steps_t:  2871 | t: 114.565553 | r:  -464.000000 | e:   0.712900 | Q: -54.379765 | won: False 
#  129 | steps:  8089 | steps_t:  3048 | t: 120.079868 | r:  -285.000000 | e:   0.695200 | Q: -40.520187 | won: False 
#  130 | steps:  8113 | steps_t:  3071 | t: 120.793909 | r:  -490.000000 | e:   0.692900 | Q: -50.453362 | won: False 
#  131 | steps:  8133 | steps_t:  3090 | t: 121.387943 | r:  -431.000000 | e:   0.691000 | Q: -51.770386 | won: False 
#  132 | steps:  8159 | steps_t:  3115 | t: 122.164987 | r:  -470.000000 | e:   0.688500 | Q: -54.108566 | won: False 
#  133 | steps:  8224 | steps_t:  3179 | t: 124.132100 | r:  -366.000000 | e:   0.682100 | Q: -49.607998 | won: False 
#  134 | steps:  8397 | steps_t:  3351 | t: 129.834426 | r:  -397.000000 | e:   0.664900 | Q: -55.043976 | won: False 
#  135 | steps:  8479 | steps_t:  3432 | t: 133.551639 | r:  -394.000000 | e:   0.656800 | Q: -63.712982 | won: False 
#  136 | steps:  8555 | steps_t:  3507 | t: 136.999836 | r:  -443.000000 | e:   0.649300 | Q: -53.198048 | won: False 
#  137 | steps:  8643 | steps_t:  3594 | t: 140.136015 | r:  -499.000000 | e:   0.640600 | Q: -45.740074 | won: False 
#  138 | steps:  8715 | steps_t:  3665 | t: 142.712162 | r:  -461.000000 | e:   0.633500 | Q: -58.693993 | won: False 
#  139 | steps:  8791 | steps_t:  3740 | t: 145.902345 | r:  -487.000000 | e:   0.626000 | Q: -65.351868 | won: False 
#  140 | steps:  8812 | steps_t:  3760 | t: 146.948405 | r:  -509.000000 | e:   0.624000 | Q: -71.087204 | won: False 
#  141 | steps:  8963 | steps_t:  3910 | t: 155.485893 | r:  -584.000000 | e:   0.609000 | Q: -44.105713 | won: False 
#  142 | steps:  9027 | steps_t:  3973 | t: 158.092042 | r:  -365.000000 | e:   0.602700 | Q: -38.261238 | won: False 
#  143 | steps:  9076 | steps_t:  4021 | t: 159.932148 | r:  -383.000000 | e:   0.597900 | Q: -41.670170 | won: False 
#  144 | steps:  9206 | steps_t:  4150 | t: 167.127559 | r:  -409.000000 | e:   0.585000 | Q: -52.997280 | won: False 
#  145 | steps:  9242 | steps_t:  4185 | t: 168.744652 | r:  -469.000000 | e:   0.581500 | Q: -55.993931 | won: False 
#  146 | steps:  9308 | steps_t:  4250 | t: 171.010781 | r:  -411.000000 | e:   0.575000 | Q: -61.454838 | won: False 
#  147 | steps:  9420 | steps_t:  4361 | t: 174.659990 | r:  -490.000000 | e:   0.563900 | Q: -52.228317 | won: False 
#  148 | steps:  9492 | steps_t:  4432 | t: 177.149132 | r:  -329.000000 | e:   0.556800 | Q: -48.083176 | won: False 
#  149 | steps:  9550 | steps_t:  4489 | t: 178.924234 | r:  -381.000000 | e:   0.551100 | Q: -46.032776 | won: False 
#  150 | steps:  9704 | steps_t:  4642 | t: 184.042526 | r:  -349.000000 | e:   0.535800 | Q: -47.749805 | won: False 
#  151 | steps: 10154 | steps_t:  5091 | t: 199.344402 | r:  -590.000000 | e:   0.490900 | Q: -47.198696 | won: False 
#  152 | steps: 10227 | steps_t:  5163 | t: 202.143562 | r:  -473.000000 | e:   0.483700 | Q: -57.851437 | won: False 
#  153 | steps: 10290 | steps_t:  5225 | t: 204.483696 | r:  -474.000000 | e:   0.477500 | Q: -69.591255 | won: False 
#  154 | steps: 10447 | steps_t:  5381 | t: 211.728110 | r:  -403.000000 | e:   0.461900 | Q: -42.858547 | won: False 
#  155 | steps: 10489 | steps_t:  5422 | t: 213.422207 | r:  -497.000000 | e:   0.457800 | Q: -45.484867 | won: False 
#  156 | steps: 10542 | steps_t:  5474 | t: 215.419321 | r:  -497.000000 | e:   0.452600 | Q: -43.632137 | won: False 
#  157 | steps: 10585 | steps_t:  5516 | t: 216.975410 | r:  -432.000000 | e:   0.448400 | Q: -44.085747 | won: False 
#  158 | steps: 10623 | steps_t:  5553 | t: 218.272484 | r:  -493.000000 | e:   0.444700 | Q: -43.203514 | won: False 
#  159 | steps: 10682 | steps_t:  5611 | t: 220.538614 | r:  -448.000000 | e:   0.438900 | Q: -40.301624 | won: False 
#  160 | steps: 10812 | steps_t:  5740 | t: 225.017870 | r:  -475.000000 | e:   0.426000 | Q: -56.946552 | won: False 
#  161 | steps: 10858 | steps_t:  5785 | t: 226.442952 | r:  -490.000000 | e:   0.421500 | Q: -55.242489 | won: False 
#  162 | steps: 10889 | steps_t:  5815 | t: 227.386006 | r:  -475.000000 | e:   0.418500 | Q: -54.053310 | won: False 
#  163 | steps: 11081 | steps_t:  6006 | t: 233.861376 | r:  -321.000000 | e:   0.399400 | Q: -58.714630 | won: False 
#  164 | steps: 11339 | steps_t:  6263 | t: 244.365977 | r:  -482.000000 | e:   0.373700 | Q: -48.627411 | won: False 
#  165 | steps: 11392 | steps_t:  6315 | t: 246.156079 | r:  -387.000000 | e:   0.368500 | Q: -45.724117 | won: False 
#  166 | steps: 11414 | steps_t:  6336 | t: 246.808116 | r:  -466.000000 | e:   0.366400 | Q: -43.458076 | won: False 
#  167 | steps: 11442 | steps_t:  6363 | t: 247.802173 | r:  -472.000000 | e:   0.363700 | Q: -58.988426 | won: False 
#  168 | steps: 11476 | steps_t:  6396 | t: 248.938238 | r:  -456.000000 | e:   0.360400 | Q: -69.594505 | won: False 
#  169 | steps: 11537 | steps_t:  6456 | t: 250.881350 | r:  -395.000000 | e:   0.354400 | Q: -68.792953 | won: False 
#  170 | steps: 11713 | steps_t:  6631 | t: 257.169709 | r:  -433.000000 | e:   0.336900 | Q: -55.781509 | won: False 
#  171 | steps: 11765 | steps_t:  6682 | t: 258.971812 | r:  -496.000000 | e:   0.331800 | Q: -62.464977 | won: False 
#  172 | steps: 11813 | steps_t:  6729 | t: 260.506900 | r:  -525.000000 | e:   0.327100 | Q: -64.891144 | won: False 
#  173 | steps: 11912 | steps_t:  6827 | t: 264.498128 | r:  -323.000000 | e:   0.317300 | Q: -54.273193 | won: False 
#  174 | steps: 12138 | steps_t:  7052 | t: 274.763716 | r:  -373.000000 | e:   0.294800 | Q: -57.349087 | won: False 
#  175 | steps: 12160 | steps_t:  7073 | t: 275.852778 | r:  -444.000000 | e:   0.292700 | Q: -97.319862 | won: False 
#  176 | steps: 12244 | steps_t:  7156 | t: 280.306033 | r:  -506.000000 | e:   0.284400 | Q: -45.758678 | won: False 
#  177 | steps: 12509 | steps_t:  7420 | t: 292.818748 | r:  -500.000000 | e:   0.258000 | Q: -34.549881 | won: False 
#  178 | steps: 12523 | steps_t:  7433 | t: 293.569791 | r:  -480.000000 | e:   0.256700 | Q: -42.358875 | won: False 
#  179 | steps: 12553 | steps_t:  7462 | t: 294.902868 | r:  -441.000000 | e:   0.253800 | Q: -47.201702 | won: False 
#  180 | steps: 12623 | steps_t:  7531 | t: 298.042047 | r:  -470.000000 | e:   0.246900 | Q: -36.285362 | won: False 
#  181 | steps: 12633 | steps_t:  7540 | t: 298.623080 | r:  -432.000000 | e:   0.246000 | Q: -32.418358 | won: False 
#  182 | steps: 12651 | steps_t:  7557 | t: 299.467128 | r:  -429.000000 | e:   0.244300 | Q: -39.196800 | won: False 
#  183 | steps: 12880 | steps_t:  7785 | t: 311.096794 | r:  -402.000000 | e:   0.221500 | Q: -44.418327 | won: False 
