#    1 | steps:    29 | steps_t:     0 | t: 0.178010 | r:  -473.000000 | e:   1.000000 | Q:        nan | won: False 
#    2 | steps:    53 | steps_t:     0 | t: 0.225013 | r:  -501.000000 | e:   1.000000 | Q:        nan | won: False 
#    3 | steps:   104 | steps_t:     0 | t: 0.318018 | r:  -506.000000 | e:   1.000000 | Q:        nan | won: False 
#    4 | steps:   170 | steps_t:     0 | t: 0.442025 | r:  -499.000000 | e:   1.000000 | Q:        nan | won: False 
#    5 | steps:   189 | steps_t:     0 | t: 0.473027 | r:  -474.000000 | e:   1.000000 | Q:        nan | won: False 
#    6 | steps:   228 | steps_t:     0 | t: 0.541031 | r:  -428.000000 | e:   1.000000 | Q:        nan | won: False 
#    7 | steps:   251 | steps_t:     0 | t: 0.576033 | r:  -445.000000 | e:   1.000000 | Q:        nan | won: False 
#    8 | steps:   283 | steps_t:     0 | t: 0.638037 | r:  -476.000000 | e:   1.000000 | Q:        nan | won: False 
#    9 | steps:   347 | steps_t:     0 | t: 0.743042 | r:  -486.000000 | e:   1.000000 | Q:        nan | won: False 
#   10 | steps:   407 | steps_t:     0 | t: 0.845048 | r:  -438.000000 | e:   1.000000 | Q:        nan | won: False 
#   11 | steps:   512 | steps_t:     0 | t: 1.027059 | r:  -483.000000 | e:   1.000000 | Q:        nan | won: False 
#   12 | steps:   652 | steps_t:     0 | t: 1.267072 | r:  -474.000000 | e:   1.000000 | Q:        nan | won: False 
#   13 | steps:   715 | steps_t:     0 | t: 1.379079 | r:  -485.000000 | e:   1.000000 | Q:        nan | won: False 
#   14 | steps:   771 | steps_t:     0 | t: 1.475085 | r:  -489.000000 | e:   1.000000 | Q:        nan | won: False 
#   15 | steps:   811 | steps_t:     0 | t: 1.546088 | r:  -440.000000 | e:   1.000000 | Q:        nan | won: False 
#   16 | steps:   969 | steps_t:     0 | t: 1.862107 | r:  -558.000000 | e:   1.000000 | Q:        nan | won: False 
#   17 | steps:  1046 | steps_t:     0 | t: 2.007115 | r:  -444.000000 | e:   1.000000 | Q:        nan | won: False 
#   18 | steps:  1088 | steps_t:     0 | t: 2.080119 | r:  -453.000000 | e:   1.000000 | Q:        nan | won: False 
#   19 | steps:  1144 | steps_t:     0 | t: 2.178125 | r:  -456.000000 | e:   1.000000 | Q:        nan | won: False 
#   20 | steps:  1190 | steps_t:     0 | t: 2.253129 | r:  -424.000000 | e:   1.000000 | Q:        nan | won: False 
#   21 | steps:  1389 | steps_t:     0 | t: 2.602149 | r:  -335.000000 | e:   1.000000 | Q:        nan | won: False 
#   22 | steps:  1425 | steps_t:     0 | t: 2.673153 | r:  -414.000000 | e:   1.000000 | Q:        nan | won: False 
#   23 | steps:  1462 | steps_t:     0 | t: 2.741157 | r:  -481.000000 | e:   1.000000 | Q:        nan | won: False 
#   24 | steps:  1562 | steps_t:     0 | t: 2.926167 | r:  -511.000000 | e:   1.000000 | Q:        nan | won: False 
#   25 | steps:  1593 | steps_t:     0 | t: 2.976170 | r:  -475.000000 | e:   1.000000 | Q:        nan | won: False 
#   26 | steps:  1626 | steps_t:     0 | t: 3.036174 | r:  -455.000000 | e:   1.000000 | Q:        nan | won: False 
#   27 | steps:  1870 | steps_t:     0 | t: 3.568204 | r:  -468.000000 | e:   1.000000 | Q:        nan | won: False 
#   28 | steps:  1941 | steps_t:     0 | t: 3.698212 | r:  -482.000000 | e:   1.000000 | Q:        nan | won: False 
#   29 | steps:  2010 | steps_t:     0 | t: 3.813218 | r:  -392.000000 | e:   1.000000 | Q:        nan | won: False 
#   30 | steps:  2112 | steps_t:     0 | t: 3.999229 | r:  -315.000000 | e:   1.000000 | Q:        nan | won: False 
#   31 | steps:  2137 | steps_t:     0 | t: 4.041231 | r:  -480.000000 | e:   1.000000 | Q:        nan | won: False 
#   32 | steps:  2163 | steps_t:     0 | t: 4.086234 | r:  -481.000000 | e:   1.000000 | Q:        nan | won: False 
#   33 | steps:  2217 | steps_t:     0 | t: 4.184239 | r:  -509.000000 | e:   1.000000 | Q:        nan | won: False 
#   34 | steps:  2282 | steps_t:     0 | t: 4.303246 | r:  -476.000000 | e:   1.000000 | Q:        nan | won: False 
#   35 | steps:  2305 | steps_t:     0 | t: 4.341249 | r:  -423.000000 | e:   1.000000 | Q:        nan | won: False 
#   36 | steps:  2345 | steps_t:     0 | t: 4.420253 | r:  -473.000000 | e:   1.000000 | Q:        nan | won: False 
#   37 | steps:  2483 | steps_t:     0 | t: 4.661267 | r:  -417.000000 | e:   1.000000 | Q:        nan | won: False 
#   38 | steps:  2552 | steps_t:     0 | t: 4.776273 | r:  -502.000000 | e:   1.000000 | Q:        nan | won: False 
#   39 | steps:  2579 | steps_t:     0 | t: 4.830276 | r:  -482.000000 | e:   1.000000 | Q:        nan | won: False 
#   40 | steps:  2607 | steps_t:     0 | t: 4.888280 | r:  -439.000000 | e:   1.000000 | Q:        nan | won: False 
#   41 | steps:  2718 | steps_t:     0 | t: 5.081291 | r:  -544.000000 | e:   1.000000 | Q:        nan | won: False 
#   42 | steps:  2747 | steps_t:     0 | t: 5.136294 | r:  -462.000000 | e:   1.000000 | Q:        nan | won: False 
#   43 | steps:  2821 | steps_t:     0 | t: 5.264301 | r:  -496.000000 | e:   1.000000 | Q:        nan | won: False 
#   44 | steps:  2846 | steps_t:     0 | t: 5.309304 | r:  -502.000000 | e:   1.000000 | Q:        nan | won: False 
#   45 | steps:  2865 | steps_t:     0 | t: 5.341305 | r:  -474.000000 | e:   1.000000 | Q:        nan | won: False 
#   46 | steps:  2929 | steps_t:     0 | t: 5.465313 | r:  -387.000000 | e:   1.000000 | Q:        nan | won: False 
#   47 | steps:  2949 | steps_t:     0 | t: 5.504315 | r:  -431.000000 | e:   1.000000 | Q:        nan | won: False 
#   48 | steps:  2988 | steps_t:     0 | t: 5.571319 | r:  -483.000000 | e:   1.000000 | Q:        nan | won: False 
#   49 | steps:  3018 | steps_t:     0 | t: 5.624322 | r:  -452.000000 | e:   1.000000 | Q:        nan | won: False 
#   50 | steps:  3187 | steps_t:     0 | t: 5.922339 | r:  -492.000000 | e:   1.000000 | Q:        nan | won: False 
#   51 | steps:  3213 | steps_t:     0 | t: 5.967341 | r:  -492.000000 | e:   1.000000 | Q:        nan | won: False 
#   52 | steps:  3267 | steps_t:     0 | t: 6.056347 | r:  -531.000000 | e:   1.000000 | Q:        nan | won: False 
#   53 | steps:  3339 | steps_t:     0 | t: 6.187354 | r:  -395.000000 | e:   1.000000 | Q:        nan | won: False 
#   54 | steps:  3516 | steps_t:     0 | t: 6.501372 | r:  -434.000000 | e:   1.000000 | Q:        nan | won: False 
#   55 | steps:  3533 | steps_t:     0 | t: 6.532374 | r:  -472.000000 | e:   1.000000 | Q:        nan | won: False 
#   56 | steps:  3572 | steps_t:     0 | t: 6.597378 | r:  -406.000000 | e:   1.000000 | Q:        nan | won: False 
#   57 | steps:  3619 | steps_t:     0 | t: 6.820390 | r:  -436.000000 | e:   1.000000 | Q:        nan | won: False 
#   58 | steps:  3673 | steps_t:     0 | t: 6.957398 | r:  -454.000000 | e:   1.000000 | Q:        nan | won: False 
#   59 | steps:  3706 | steps_t:     0 | t: 7.020402 | r:  -499.000000 | e:   1.000000 | Q:        nan | won: False 
#   60 | steps:  3782 | steps_t:     0 | t: 7.153409 | r:  -443.000000 | e:   1.000000 | Q:        nan | won: False 
#   61 | steps:  3837 | steps_t:     0 | t: 7.260416 | r:  -499.000000 | e:   1.000000 | Q:        nan | won: False 
#   62 | steps:  3906 | steps_t:     0 | t: 7.388423 | r:  -381.000000 | e:   1.000000 | Q:        nan | won: False 
#   63 | steps:  3946 | steps_t:     0 | t: 7.463427 | r:  -440.000000 | e:   1.000000 | Q:        nan | won: False 
#   64 | steps:  4015 | steps_t:     0 | t: 7.580434 | r:  -414.000000 | e:   1.000000 | Q:        nan | won: False 
#   65 | steps:  4054 | steps_t:     0 | t: 7.654438 | r:  -494.000000 | e:   1.000000 | Q:        nan | won: False 
#   66 | steps:  4110 | steps_t:     0 | t: 7.750443 | r:  -423.000000 | e:   1.000000 | Q:        nan | won: False 
#   67 | steps:  4161 | steps_t:     0 | t: 7.843449 | r:  -462.000000 | e:   1.000000 | Q:        nan | won: False 
#   68 | steps:  4292 | steps_t:     0 | t: 8.071462 | r:  -432.000000 | e:   1.000000 | Q:        nan | won: False 
#   69 | steps:  4336 | steps_t:     0 | t: 8.155467 | r:  -521.000000 | e:   1.000000 | Q:        nan | won: False 
#   70 | steps:  4376 | steps_t:     0 | t: 8.221470 | r:  -429.000000 | e:   1.000000 | Q:        nan | won: False 
#   71 | steps:  4412 | steps_t:     0 | t: 8.281474 | r:  -491.000000 | e:   1.000000 | Q:        nan | won: False 
#   72 | steps:  4449 | steps_t:     0 | t: 8.347477 | r:  -459.000000 | e:   1.000000 | Q:        nan | won: False 
#   73 | steps:  4495 | steps_t:     0 | t: 8.438483 | r:  -446.000000 | e:   1.000000 | Q:        nan | won: False 
#   74 | steps:  4855 | steps_t:     0 | t: 9.061518 | r:  -573.000000 | e:   1.000000 | Q:        nan | won: False 
#   75 | steps:  4903 | steps_t:     0 | t: 9.149523 | r:  -470.000000 | e:   1.000000 | Q:        nan | won: False 
#   76 | steps:  4965 | steps_t:     0 | t: 9.260530 | r:  -484.000000 | e:   1.000000 | Q:        nan | won: False 
#   77 | steps:  5016 | steps_t:    14 | t: 9.939569 | r:  -495.000000 | e:   0.998600 | Q:        nan | won: False 
#   78 | steps:  5065 | steps_t:    62 | t: 11.667667 | r:  -405.000000 | e:   0.993800 | Q:        nan | won: False 
#   79 | steps:  5121 | steps_t:   117 | t: 13.850792 | r:  -434.000000 | e:   0.988300 | Q:        nan | won: False 
#   80 | steps:  5193 | steps_t:   188 | t: 16.473943 | r:  -483.000000 | e:   0.981200 | Q:   0.903957 | won: False 
#   81 | steps:  5384 | steps_t:   378 | t: 23.314334 | r:  -536.000000 | e:   0.962200 | Q:  -9.267812 | won: False 
#   82 | steps:  5429 | steps_t:   422 | t: 24.972429 | r:  -434.000000 | e:   0.957800 | Q: -31.123510 | won: False 
#   83 | steps:  5464 | steps_t:   456 | t: 26.121494 | r:  -424.000000 | e:   0.954400 | Q: -59.765018 | won: False 
#   84 | steps:  5501 | steps_t:   492 | t: 27.354565 | r:  -481.000000 | e:   0.950800 | Q: -29.475586 | won: False 
#   85 | steps:  5544 | steps_t:   534 | t: 28.793647 | r:  -487.000000 | e:   0.946600 | Q: -24.819185 | won: False 
#   86 | steps:  5593 | steps_t:   582 | t: 30.488744 | r:  -493.000000 | e:   0.941800 | Q:        nan | won: False 
#   87 | steps:  5628 | steps_t:   616 | t: 31.633809 | r:  -457.000000 | e:   0.938400 | Q: -31.837469 | won: False 
#   88 | steps:  5685 | steps_t:   672 | t: 33.527918 | r:  -468.000000 | e:   0.932800 | Q: -43.134968 | won: False 
#   89 | steps:  5872 | steps_t:   858 | t: 40.174298 | r:  -466.000000 | e:   0.914200 | Q: -45.582569 | won: False 
#   90 | steps:  6221 | steps_t:  1206 | t: 52.563006 | r:  -573.000000 | e:   0.879400 | Q: -34.302113 | won: False 
#   91 | steps:  6291 | steps_t:  1275 | t: 54.916141 | r:  -448.000000 | e:   0.872500 | Q: -51.112175 | won: False 
#   92 | steps:  6302 | steps_t:  1285 | t: 55.259161 | r:  -444.000000 | e:   0.871500 | Q: -68.812096 | won: False 
#   93 | steps:  6319 | steps_t:  1301 | t: 55.813192 | r:  -439.000000 | e:   0.869900 | Q: -77.640648 | won: False 
#   94 | steps:  6372 | steps_t:  1353 | t: 57.670299 | r:  -420.000000 | e:   0.864700 | Q: -59.512280 | won: False 
#   95 | steps:  6464 | steps_t:  1444 | t: 60.879482 | r:  -404.000000 | e:   0.855600 | Q: -45.751640 | won: False 
#   96 | steps:  6563 | steps_t:  1542 | t: 64.295678 | r:  -422.000000 | e:   0.845800 | Q: -46.544399 | won: False 
#   97 | steps:  6576 | steps_t:  1554 | t: 64.716702 | r:  -457.000000 | e:   0.844600 | Q: -44.472862 | won: False 
#   98 | steps:  6638 | steps_t:  1615 | t: 66.790820 | r:  -495.000000 | e:   0.838500 | Q: -44.102196 | won: False 
#   99 | steps:  6696 | steps_t:  1672 | t: 68.816936 | r:  -458.000000 | e:   0.832800 | Q: -53.901505 | won: False 
#  100 | steps:  6842 | steps_t:  1817 | t: 73.841224 | r:  -249.000000 | e:   0.818300 | Q: -50.924168 | won: False 
#  101 | steps:  6898 | steps_t:  1872 | t: 83.519777 | r:  -401.000000 | e:   0.812800 | Q: -56.743298 | won: False 
#  102 | steps:  6955 | steps_t:  1928 | t: 94.192388 | r:  -490.000000 | e:   0.807200 | Q: -50.630920 | won: False 
#  103 | steps:  7025 | steps_t:  1997 | t: 107.104126 | r:  -360.000000 | e:   0.800300 | Q: -47.552635 | won: False 
#  104 | steps:  7044 | steps_t:  2015 | t: 111.188360 | r:  -496.000000 | e:   0.798500 | Q: -52.440598 | won: False 
